2022-05-09 15:00:16-log: [Package] menu@1.0.0 enable
2022-05-09 15:00:16-log: [Package] profile@1.0.0 enable
2022-05-09 15:00:16-log: [Package] project@1.0.1 enable
2022-05-09 15:00:16-log: [Package] messages@1.0.0 enable
2022-05-09 15:00:16-log: [Package] program@1.0.0 enable
2022-05-09 15:00:16-log: [Package] device@1.0.1 enable
2022-05-09 15:00:16-log: [Package] ui-kit@1.0.1 enable
2022-05-09 15:00:16-log: [Package] tester@1.0.0 enable
2022-05-09 15:00:16-log: [Package] preferences@1.0.0 enable
2022-05-09 15:00:16-log: Setup mods mgr.: 414.056ms
2022-05-09 15:00:16-log: Profile changed: engine (modules.includeModules: 2d,3d,audio,base,dragon-bones,gfx-webgl,gfx-webgl2,intersection-2d,marionette,particle,particle-2d,physics-2d-box2d,physics-ammo,primitive,profiler,spine,terrain,tiled-map,tween,ui,video,webview)
2022-05-09 15:00:16-log: [Package] engine@1.0.5 enable
2022-05-09 15:00:19-log: [Package] programming@1.0.0 enable
2022-05-09 15:00:19-log: [Package] Profile Migrate: builder@Cocos Creator...
2022-05-09 15:00:19-log: [Package] Profile Migrate: builder@Cocos Creator...
2022-05-09 15:00:20-log: [Package] engine-extends@1.0.0 enable
2022-05-09 15:00:20-log: [Package] asset-db@1.0.0 enable
2022-05-09 15:00:20-log: [Package] console@1.0.0 enable
2022-05-09 15:00:20-log: [Package] scene@1.0.0 enable
2022-05-09 15:00:20-log: [Package] about@1.0.0 enable
2022-05-09 15:00:20-log: [Package] server@1.0.0 enable
2022-05-09 15:00:20-log: [Package] utils@1.0.0 enable
2022-05-09 15:00:20-log: [Package] assets@1.0.0 enable
2022-05-09 15:00:20-log: [Package] inspector@1.0.0 enable
2022-05-09 15:00:20-log: [Package] hierarchy@1.0.0 enable
2022-05-09 15:00:23-log: 设置的 IP 地址不存在，将使用默认 IP
2022-05-09 15:00:24-log: [Package] builder@1.3.1 enable
2022-05-09 15:00:24-log: [Package] node-library@1.0.0 enable
2022-05-09 15:00:24-log: [Package] shortcuts@1.0.1 enable
2022-05-09 15:00:24-log: [Package] package-asset@1.0.0 enable
2022-05-09 15:00:24-log: [Package] reference-image@1.0.0 enable
2022-05-09 15:00:24-log: [Package] animation-graph@1.0.0 enable
2022-05-09 15:00:24-log: [Package] channel-upload-tools@1.0.0 enable
2022-05-09 15:00:24-log: [Package] runtime-dev-tools@1.0.0 enable
2022-05-09 15:00:25-log: [Package] lightmap@1.0.4 enable
2022-05-09 15:00:25-log: [Package] alipay-mini-game@1.0.0 enable
2022-05-09 15:00:25-log: [Package] android@1.0.0 enable
2022-05-09 15:00:25-log: [Package] baidu-mini-game@1.0.0 enable
2022-05-09 15:00:25-log: [Package] bytedance-mini-game@1.0.1 enable
2022-05-09 15:00:25-log: [Package] huawei-agc@1.0.0 enable
2022-05-09 15:00:26-log: [Package] ios@1.0.0 enable
2022-05-09 15:00:26-log: [Package] ios-app-clip@1.0.0 enable
2022-05-09 15:00:26-log: [Package] mac@1.0.0 enable
2022-05-09 15:00:27-log: [Package] native@1.0.0 enable
2022-05-09 15:00:27-log: [Package] ohos@1.0.0 enable
2022-05-09 15:00:27-log: [Package] web-desktop@1.0.0 enable
2022-05-09 15:00:27-log: [Package] web-mobile@1.0.0 enable
2022-05-09 15:00:27-log: [Package] wechatgame@1.0.1 enable
2022-05-09 15:00:27-log: [Package] windows@1.0.0 enable
2022-05-09 15:00:27-log: [Package] xiaomi-quick-game@1.0.0 enable
2022-05-09 15:00:27-log: [Package] cocos-play@1.0.0 enable
2022-05-09 15:00:27-log: [Package] huawei-quick-game@1.0.0 enable
2022-05-09 15:00:27-log: [Package] link-sure@1.0.0 enable
2022-05-09 15:00:27-log: [Package] oppo-mini-game@1.0.0 enable
2022-05-09 15:00:27-log: [Package] qtt@1.0.0 enable
2022-05-09 15:00:27-log: [Package] vivo-mini-game@1.0.0 enable
2022-05-09 15:00:28-log: [Package] cocos-service@3.0.2 enable
2022-05-09 15:00:28-log: [Package] importer@1.0.0 enable
2022-05-09 15:00:29-log: [Package] extension@3.0.15 enable
2022-05-09 15:00:29-log: [Im-plugin] Check im-plugin version.
2022-05-09 15:00:29-log: [Package] im-plugin@3.0.8 enable
2022-05-09 15:00:30-log: 设置的 IP 地址不存在，将使用默认 IP
2022-05-09 15:00:31-log: [Im-plugin] No online info of im-plugin.
2022-05-09 15:00:37-warn: Browserslist: caniuse-lite is outdated. Please run:
npx browserslist@latest --update-db

Why you should do it regularly:
https://github.com/browserslist/browserslist#browsers-data-updating
2022-05-09 15:00:38-log: [Scene] Cocos Creator v3.4.2
2022-05-09 15:00:38-info: [Scene] Forward render pipeline initialized.
2022-05-31T02:27:19.965Z - log: [Package] menu@1.0.0 enable
2022-05-31T02:27:19.968Z - log: [Package] profile@1.0.0 enable
2022-05-31T02:27:19.984Z - log: [Package] project@1.0.2 enable
2022-05-31T02:27:19.991Z - log: [Package] messages@1.0.0 enable
2022-05-31T02:27:19.997Z - log: [Package] program@1.0.0 enable
2022-05-31T02:27:20.005Z - log: [Package] tester@1.0.0 enable
2022-05-31T02:27:20.010Z - log: [Package] preferences@1.0.0 enable
2022-05-31T02:27:20.806Z - log: Setup mods mgr.: 353.164ms
2022-05-31T02:27:20.819Z - verbose: [Engine] QuickCompile engine (738ms)
2022-05-31T02:27:20.822Z - log: [Package] engine@1.0.6 enable
2022-05-31T02:27:21.807Z - log: [Package] programming@1.0.0 enable
2022-05-31T02:27:22.125Z - log: [Package] device@1.0.1 enable
2022-05-31T02:27:22.154Z - log: [Package] ui-kit@1.0.1 enable
2022-05-31T02:27:22.186Z - log: [Package] engine-extends@1.0.0 enable
2022-05-31T02:27:22.251Z - log: [Package] asset-db@1.0.0 enable
2022-05-31T02:27:22.300Z - log: [Package] scene@1.0.0 enable
2022-05-31T02:27:22.643Z - log: [Package] server@1.0.0 enable
2022-05-31T02:27:22.689Z - log: [Package] utils@1.0.0 enable
2022-05-31T02:27:28.902Z - log: [Package] preview@1.0.1 enable
2022-05-31T02:27:28.933Z - log: [Package] animator@1.0.0 enable
2022-05-31T02:27:29.131Z - log: 设置的 IP 地址不存在，将使用默认 IP
2022-05-31T02:27:30.308Z - log: [Package] builder@1.3.2 enable
2022-05-31T02:27:30.342Z - log: [Package] shortcuts@1.0.1 enable
2022-05-31T02:27:30.374Z - log: [Package] animation-graph@1.0.0 enable
2022-05-31T02:27:30.398Z - log: [Package] runtime-dev-tools@1.0.0 enable
2022-05-31T02:27:30.419Z - log: [Package] channel-upload-tools@1.0.0 enable
2022-05-31T02:27:30.449Z - log: [Package] about@1.0.0 enable
2022-05-31T02:27:30.481Z - log: [Package] assets@1.0.0 enable
2022-05-31T02:27:30.515Z - log: [Package] console@1.0.0 enable
2022-05-31T02:27:30.867Z - log: [Package] extension@3.0.16 enable
2022-05-31T02:27:30.900Z - log: [Package] hierarchy@1.0.0 enable
2022-05-31T02:27:30.941Z - log: [Package] inspector@1.0.0 enable
2022-05-31T02:27:30.979Z - log: [Package] lightmap@1.0.4 enable
2022-05-31T02:27:31.029Z - log: [Package] node-library@1.0.1 enable
2022-05-31T02:27:31.055Z - log: [Package] package-asset@1.0.0 enable
2022-05-31T02:27:31.125Z - log: [Package] process@1.0.0 enable
2022-05-31T02:27:31.167Z - log: [Package] reference-image@1.0.0 enable
2022-05-31T02:27:31.206Z - log: [Package] alipay-mini-game@1.0.0 enable
2022-05-31T02:27:31.232Z - log: [Package] android@1.0.0 enable
2022-05-31T02:27:31.257Z - log: [Package] baidu-mini-game@1.0.0 enable
2022-05-31T02:27:31.282Z - log: [Package] bytedance-mini-game@1.0.1 enable
2022-05-31T02:27:31.308Z - log: [Package] cocos-play@1.0.0 enable
2022-05-31T02:27:31.336Z - log: [Package] huawei-agc@1.0.0 enable
2022-05-31T02:27:31.361Z - log: [Package] huawei-quick-game@1.0.0 enable
2022-05-31T02:27:32.700Z - log: [Package] ios@1.0.0 enable
2022-05-31T02:27:32.728Z - log: [Package] ios-app-clip@1.0.0 enable
2022-05-31T02:27:32.753Z - log: [Package] link-sure@1.0.0 enable
2022-05-31T02:27:32.780Z - log: [Package] linux@1.0.0 enable
2022-05-31T02:27:32.803Z - log: [Package] mac@1.0.0 enable
2022-05-31T02:27:32.929Z - log: [Package] native@1.0.0 enable
2022-05-31T02:27:32.958Z - log: [Package] ohos@1.0.0 enable
2022-05-31T02:27:32.983Z - verbose: [AssetDB] Require engine code (3011ms)
2022-05-31T02:27:32.987Z - log: [Package] open-harmonyos@1.0.0 enable
2022-05-31T02:27:33.015Z - log: [Package] oppo-mini-game@1.0.0 enable
2022-05-31T02:27:33.041Z - log: [Package] qtt@1.0.0 enable
2022-05-31T02:27:33.076Z - log: [Package] vivo-mini-game@1.0.0 enable
2022-05-31T02:27:33.124Z - log: [Package] web-desktop@1.0.0 enable
2022-05-31T02:27:33.171Z - log: [Package] web-mobile@1.0.0 enable
2022-05-31T02:27:33.223Z - log: [Package] wechatgame@1.0.1 enable
2022-05-31T02:27:33.250Z - log: [Package] windows@1.0.0 enable
2022-05-31T02:27:33.292Z - log: [Package] xiaomi-quick-game@1.0.0 enable
2022-05-31T02:27:33.871Z - log: [Package] cocos-service@3.0.3 enable
2022-05-31T02:27:34.037Z - log: [Package] importer@1.0.0 enable
2022-05-31T02:27:34.383Z - log: [Im-plugin] Check im-plugin version.
2022-05-31T02:27:34.396Z - log: [Package] im-plugin@3.0.8 enable
2022-05-31T02:27:35.434Z - log: [Im-plugin] No online info of im-plugin.
2022-05-31T02:27:35.893Z - log: 设置的 IP 地址不存在，将使用默认 IP
2022-05-31T02:27:48.851Z - verbose: [Scene] Require engine code (1ms)
2022-05-31T02:27:48.854Z - verbose: [Scene] Startup engine (1ms)
2022-05-31T02:27:48.914Z - log: [Scene] Cocos Creator v3.5.0
2022-05-31T02:27:49.284Z - verbose: [Scene] Open engine (430ms)
2022-05-31T02:27:49.284Z - verbose: [Scene] Configure engine (0ms)
2022-05-31T02:27:49.030Z - info: [Scene] Forward render pipeline initialized.
2022-05-31T02:29:49.375Z - warn: Metrics: no valid info
2022-05-31T02:29:55.318Z - log: [Package] menu@1.0.0 enable
2022-05-31T02:29:55.321Z - log: [Package] profile@1.0.0 enable
2022-05-31T02:29:55.334Z - log: [Package] project@1.0.2 enable
2022-05-31T02:29:55.341Z - log: [Package] messages@1.0.0 enable
2022-05-31T02:29:55.345Z - log: [Package] program@1.0.0 enable
2022-05-31T02:29:55.353Z - log: [Package] tester@1.0.0 enable
2022-05-31T02:29:55.360Z - log: [Package] preferences@1.0.0 enable
2022-05-31T02:29:56.128Z - log: Setup mods mgr.: 347.488ms
2022-05-31T02:29:56.141Z - verbose: [Engine] QuickCompile engine (707ms)
2022-05-31T02:29:56.145Z - log: [Package] engine@1.0.6 enable
2022-05-31T02:29:57.012Z - log: [Package] programming@1.0.0 enable
2022-05-31T02:29:57.311Z - log: [Package] device@1.0.1 enable
2022-05-31T02:29:57.340Z - log: [Package] ui-kit@1.0.1 enable
2022-05-31T02:29:57.365Z - log: [Package] engine-extends@1.0.0 enable
2022-05-31T02:29:57.433Z - log: [Package] asset-db@1.0.0 enable
2022-05-31T02:29:57.475Z - log: [Package] scene@1.0.0 enable
2022-05-31T02:29:57.718Z - log: [Package] server@1.0.0 enable
2022-05-31T02:29:57.875Z - log: [Package] utils@1.0.0 enable
2022-05-31T02:30:02.195Z - log: [Package] preview@1.0.1 enable
2022-05-31T02:30:02.240Z - log: [Package] animator@1.0.0 enable
2022-05-31T02:30:02.399Z - warn: Metrics: no valid info
