2022-05-09 15:13:51-log: [Package] menu@1.0.0 enable
2022-05-09 15:13:51-log: [Package] profile@1.0.0 enable
2022-05-09 15:13:51-log: [Package] project@1.0.1 enable
2022-05-09 15:13:51-log: [Package] messages@1.0.0 enable
2022-05-09 15:13:51-log: [Package] program@1.0.0 enable
2022-05-09 15:13:51-log: [Package] device@1.0.1 enable
2022-05-09 15:13:51-log: [Package] ui-kit@1.0.1 enable
2022-05-09 15:13:51-log: [Package] tester@1.0.0 enable
2022-05-09 15:13:51-log: [Package] preferences@1.0.0 enable
2022-05-09 15:13:51-log: Setup mods mgr.: 326.923ms
2022-05-09 15:13:51-log: Profile changed: engine (modules.includeModules: 2d,3d,audio,base,dragon-bones,gfx-webgl,gfx-webgl2,intersection-2d,marionette,particle,particle-2d,physics-2d-box2d,physics-ammo,primitive,profiler,spine,terrain,tiled-map,tween,ui,video,webview)
2022-05-09 15:13:51-log: [Package] engine@1.0.5 enable
2022-05-09 15:13:54-log: [Package] programming@1.0.0 enable
2022-05-09 15:13:54-log: [Package] Profile Migrate: builder@Cocos Creator...
2022-05-09 15:13:54-log: [Package] Profile Migrate: builder@Cocos Creator...
2022-05-09 15:13:55-log: [Package] engine-extends@1.0.0 enable
2022-05-09 15:13:55-log: [Package] asset-db@1.0.0 enable
2022-05-09 15:13:55-log: [Package] console@1.0.0 enable
2022-05-09 15:13:55-log: [Package] scene@1.0.0 enable
2022-05-09 15:13:55-log: [Package] about@1.0.0 enable
2022-05-09 15:13:55-log: [Package] server@1.0.0 enable
2022-05-09 15:13:55-log: [Package] utils@1.0.0 enable
2022-05-09 15:13:55-log: [Package] assets@1.0.0 enable
2022-05-09 15:13:57-log: [Package] preview@1.0.1 enable
2022-05-09 15:13:58-log: [Package] animator@1.0.0 enable
2022-05-09 15:13:58-log: 设置的 IP 地址不存在，将使用默认 IP
2022-05-09 15:13:59-log: Profile changed: builder (log.level: 4)
2022-05-09 15:13:59-log: [Package] builder@1.3.1 enable
2022-05-09 15:13:59-log: [Package] node-library@1.0.0 enable
2022-05-09 15:13:59-log: [Package] shortcuts@1.0.1 enable
2022-05-09 15:13:59-log: [Package] package-asset@1.0.0 enable
2022-05-09 15:13:59-log: [Package] reference-image@1.0.0 enable
2022-05-09 15:13:59-log: [Package] animation-graph@1.0.0 enable
2022-05-09 15:13:59-log: [Package] channel-upload-tools@1.0.0 enable
2022-05-09 15:13:59-log: [Package] runtime-dev-tools@1.0.0 enable
2022-05-09 15:13:59-log: [Package] lightmap@1.0.4 enable
2022-05-09 15:13:59-log: [Package] alipay-mini-game@1.0.0 enable
2022-05-09 15:14:00-log: [Package] android@1.0.0 enable
2022-05-09 15:14:00-log: [Package] baidu-mini-game@1.0.0 enable
2022-05-09 15:14:00-log: [Package] bytedance-mini-game@1.0.1 enable
2022-05-09 15:14:00-log: [Package] huawei-agc@1.0.0 enable
2022-05-09 15:14:01-log: [Package] ios@1.0.0 enable
2022-05-09 15:14:01-log: [Package] ios-app-clip@1.0.0 enable
2022-05-09 15:14:01-log: [Package] mac@1.0.0 enable
2022-05-09 15:14:02-log: [Package] native@1.0.0 enable
2022-05-09 15:14:02-log: [Package] ohos@1.0.0 enable
2022-05-09 15:14:02-log: [Package] web-desktop@1.0.0 enable
2022-05-09 15:14:02-log: [Package] web-mobile@1.0.0 enable
2022-05-09 15:14:02-log: [Package] wechatgame@1.0.1 enable
2022-05-09 15:14:02-log: [Package] windows@1.0.0 enable
2022-05-09 15:14:02-log: [Package] xiaomi-quick-game@1.0.0 enable
2022-05-09 15:14:02-log: [Package] cocos-play@1.0.0 enable
2022-05-09 15:14:02-log: [Package] huawei-quick-game@1.0.0 enable
2022-05-09 15:14:02-log: [Package] link-sure@1.0.0 enable
2022-05-09 15:14:02-log: [Package] oppo-mini-game@1.0.0 enable
2022-05-09 15:14:02-log: [Package] qtt@1.0.0 enable
2022-05-09 15:14:02-log: [Package] vivo-mini-game@1.0.0 enable
2022-05-09 15:14:03-log: [Package] cocos-service@3.0.2 enable
2022-05-09 15:14:03-log: [Package] importer@1.0.0 enable
2022-05-09 15:14:04-log: [Package] extension@3.0.15 enable
2022-05-09 15:14:04-log: [Im-plugin] Check im-plugin version.
2022-05-09 15:14:04-log: [Package] im-plugin@3.0.8 enable
2022-05-09 15:14:04-log: 设置的 IP 地址不存在，将使用默认 IP
2022-05-09 15:14:05-log: [Im-plugin] No online info of im-plugin.
2022-05-09 15:14:11-warn: Browserslist: caniuse-lite is outdated. Please run:
npx browserslist@latest --update-db

Why you should do it regularly:
https://github.com/browserslist/browserslist#browsers-data-updating
2022-05-09 15:14:12-log: [Scene] Cocos Creator v3.4.2
2022-05-09 15:14:12-warn: [Scene] 'macro.KEY' is deprecated. (please use KeyCode instead)
2022-05-09 15:14:12-warn: [Scene] 'macro.KEY.shift' is deprecated. (please use KeyCode.SHIFT_LEFT instead)
2022-05-09 15:14:12-info: [Scene] Forward render pipeline initialized.
2022-05-09 15:14:13-warn: [Scene] 'macro.KEY' is deprecated. (please use KeyCode instead)
2022-05-09 15:14:13-warn: [Scene] 'macro.KEY.shift' is deprecated. (please use KeyCode.SHIFT_LEFT instead)
2022-05-31T06:59:47.625Z - log: [Package] menu@1.0.0 enable
2022-05-31T06:59:47.628Z - log: [Package] profile@1.0.0 enable
2022-05-31T06:59:47.640Z - log: [Package] project@1.0.2 enable
2022-05-31T06:59:47.647Z - log: [Package] messages@1.0.0 enable
2022-05-31T06:59:47.652Z - log: [Package] program@1.0.0 enable
2022-05-31T06:59:47.658Z - log: [Package] tester@1.0.0 enable
2022-05-31T06:59:47.664Z - log: [Package] preferences@1.0.0 enable
2022-05-31T06:59:48.422Z - log: Setup mods mgr.: 354.033ms
2022-05-31T06:59:48.437Z - verbose: [Engine] QuickCompile engine (706ms)
2022-05-31T06:59:48.440Z - log: [Package] engine@1.0.6 enable
2022-05-31T06:59:49.382Z - log: [Package] programming@1.0.0 enable
2022-05-31T06:59:49.694Z - log: [Package] device@1.0.1 enable
2022-05-31T06:59:49.723Z - log: [Package] ui-kit@1.0.1 enable
2022-05-31T06:59:49.752Z - log: [Package] engine-extends@1.0.0 enable
2022-05-31T06:59:49.819Z - log: [Package] asset-db@1.0.0 enable
2022-05-31T06:59:49.861Z - log: [Package] scene@1.0.0 enable
2022-05-31T06:59:50.072Z - log: [Package] server@1.0.0 enable
2022-05-31T06:59:50.148Z - log: [Package] utils@1.0.0 enable
2022-05-31T06:59:54.375Z - log: [Package] preview@1.0.1 enable
2022-05-31T06:59:54.412Z - log: [Package] animator@1.0.0 enable
2022-05-31T06:59:54.556Z - log: 设置的 IP 地址不存在，将使用默认 IP
2022-05-31T06:59:55.574Z - log: [Package] builder@1.3.2 enable
2022-05-31T06:59:55.608Z - log: [Package] shortcuts@1.0.1 enable
2022-05-31T06:59:55.640Z - log: [Package] animation-graph@1.0.0 enable
2022-05-31T06:59:55.662Z - log: [Package] runtime-dev-tools@1.0.0 enable
2022-05-31T06:59:55.687Z - log: [Package] channel-upload-tools@1.0.0 enable
2022-05-31T06:59:55.725Z - log: [Package] about@1.0.0 enable
2022-05-31T06:59:55.762Z - log: [Package] assets@1.0.0 enable
2022-05-31T06:59:55.812Z - log: [Package] console@1.0.0 enable
2022-05-31T06:59:56.066Z - log: [Package] extension@3.0.16 enable
2022-05-31T06:59:56.130Z - log: [Package] hierarchy@1.0.0 enable
2022-05-31T06:59:56.172Z - log: [Package] inspector@1.0.0 enable
2022-05-31T06:59:56.215Z - log: [Package] lightmap@1.0.4 enable
2022-05-31T06:59:56.361Z - log: [Package] node-library@1.0.1 enable
2022-05-31T06:59:56.412Z - log: [Package] package-asset@1.0.0 enable
2022-05-31T06:59:56.496Z - log: [Package] process@1.0.0 enable
2022-05-31T06:59:56.573Z - log: [Package] reference-image@1.0.0 enable
2022-05-31T06:59:56.600Z - log: [Package] alipay-mini-game@1.0.0 enable
2022-05-31T06:59:56.631Z - log: [Package] android@1.0.0 enable
2022-05-31T06:59:56.659Z - log: [Package] baidu-mini-game@1.0.0 enable
2022-05-31T06:59:56.684Z - log: [Package] bytedance-mini-game@1.0.1 enable
2022-05-31T06:59:56.713Z - log: [Package] cocos-play@1.0.0 enable
2022-05-31T06:59:56.745Z - log: [Package] huawei-agc@1.0.0 enable
2022-05-31T06:59:56.784Z - log: [Package] huawei-quick-game@1.0.0 enable
2022-05-31T06:59:58.046Z - log: [Package] ios@1.0.0 enable
2022-05-31T06:59:58.072Z - log: [Package] ios-app-clip@1.0.0 enable
2022-05-31T06:59:58.095Z - log: [Package] link-sure@1.0.0 enable
2022-05-31T06:59:58.120Z - log: [Package] linux@1.0.0 enable
2022-05-31T06:59:58.147Z - log: [Package] mac@1.0.0 enable
2022-05-31T06:59:58.273Z - log: [Package] native@1.0.0 enable
2022-05-31T06:59:58.301Z - log: [Package] ohos@1.0.0 enable
2022-05-31T06:59:58.326Z - log: [Package] open-harmonyos@1.0.0 enable
2022-05-31T06:59:58.354Z - log: [Package] oppo-mini-game@1.0.0 enable
2022-05-31T06:59:58.369Z - verbose: [AssetDB] Require engine code (3047ms)
2022-05-31T06:59:58.384Z - log: [Package] qtt@1.0.0 enable
2022-05-31T06:59:58.415Z - log: [Package] vivo-mini-game@1.0.0 enable
2022-05-31T06:59:58.461Z - log: [Package] web-desktop@1.0.0 enable
2022-05-31T06:59:58.506Z - log: [Package] web-mobile@1.0.0 enable
2022-05-31T06:59:58.546Z - log: [Package] wechatgame@1.0.1 enable
2022-05-31T06:59:58.575Z - log: [Package] windows@1.0.0 enable
2022-05-31T06:59:58.610Z - log: [Package] xiaomi-quick-game@1.0.0 enable
2022-05-31T06:59:58.989Z - log: [Package] cocos-service@3.0.3 enable
2022-05-31T06:59:59.032Z - log: [Package] importer@1.0.0 enable
2022-05-31T06:59:59.628Z - log: [Im-plugin] Check im-plugin version.
2022-05-31T06:59:59.691Z - log: [Package] im-plugin@3.0.8 enable
2022-05-31T07:00:00.688Z - log: [Im-plugin] No online info of im-plugin.
2022-05-31T07:00:01.179Z - log: 设置的 IP 地址不存在，将使用默认 IP
2022-05-31T07:00:14.470Z - verbose: [Scene] Require engine code (0ms)
2022-05-31T07:00:14.474Z - verbose: [Scene] Startup engine (1ms)
2022-05-31T07:00:14.514Z - log: [Scene] Cocos Creator v3.5.0
2022-05-31T07:00:14.624Z - warn: [Scene] 'macro.KEY' is deprecated. (please use KeyCode instead)Error: [Scene] 'macro.KEY' is deprecated. (please use KeyCode instead)
    at warn (/Applications/CocosCreator/Creator/3.5.0/CocosCreator.app/Contents/Resources/resources/3d/engine/bin/.cache/dev/editor/bundled/index.js:131533:10)
    at markAsWarningLog (/Applications/CocosCreator/Creator/3.5.0/CocosCreator.app/Contents/Resources/resources/3d/engine/bin/.cache/dev/editor/bundled/index.js:145566:5)
    at Object.get (/Applications/CocosCreator/Creator/3.5.0/CocosCreator.app/Contents/Resources/resources/3d/engine/bin/.cache/dev/editor/bundled/index.js:145626:13)
    at Object.execute (file:///Users/mu/work/gitee/cocos-creator-how-to-use/proj/Physics/Creator3.5.0_3D_PhysicsContactData/temp/programming/packer-driver/targets/editor/chunks/00/001e477abb0f0721270457cbf05755c5ada7299d.js:48:22)
    at doExec (/Applications/CocosCreator/Creator/3.5.0/CocosCreator.app/Contents/Resources/app.asar/node_modules/@editor/lib-programming/static/executor/systemjs-bridge/out/index.js:487:32)
    at postOrderExec (/Applications/CocosCreator/Creator/3.5.0/CocosCreator.app/Contents/Resources/app.asar/node_modules/@editor/lib-programming/static/executor/systemjs-bridge/out/index.js:483:10)
    at /Applications/CocosCreator/Creator/3.5.0/CocosCreator.app/Contents/Resources/app.asar/node_modules/@editor/lib-programming/static/executor/systemjs-bridge/out/index.js:440:12
2022-05-31T07:00:14.625Z - warn: [Scene] 'macro.KEY.shift' is deprecated. (please use KeyCode.SHIFT_LEFT instead)Error: [Scene] 'macro.KEY.shift' is deprecated. (please use KeyCode.SHIFT_LEFT instead)
    at warn (/Applications/CocosCreator/Creator/3.5.0/CocosCreator.app/Contents/Resources/resources/3d/engine/bin/.cache/dev/editor/bundled/index.js:131533:10)
    at markAsWarningLog (/Applications/CocosCreator/Creator/3.5.0/CocosCreator.app/Contents/Resources/resources/3d/engine/bin/.cache/dev/editor/bundled/index.js:145566:5)
    at Object.get (/Applications/CocosCreator/Creator/3.5.0/CocosCreator.app/Contents/Resources/resources/3d/engine/bin/.cache/dev/editor/bundled/index.js:145626:13)
    at Object.execute (file:///Users/mu/work/gitee/cocos-creator-how-to-use/proj/Physics/Creator3.5.0_3D_PhysicsContactData/temp/programming/packer-driver/targets/editor/chunks/00/001e477abb0f0721270457cbf05755c5ada7299d.js:48:26)
    at doExec (/Applications/CocosCreator/Creator/3.5.0/CocosCreator.app/Contents/Resources/app.asar/node_modules/@editor/lib-programming/static/executor/systemjs-bridge/out/index.js:487:32)
    at postOrderExec (/Applications/CocosCreator/Creator/3.5.0/CocosCreator.app/Contents/Resources/app.asar/node_modules/@editor/lib-programming/static/executor/systemjs-bridge/out/index.js:483:10)
    at /Applications/CocosCreator/Creator/3.5.0/CocosCreator.app/Contents/Resources/app.asar/node_modules/@editor/lib-programming/static/executor/systemjs-bridge/out/index.js:440:12
2022-05-31T07:00:14.880Z - verbose: [Scene] Open engine (406ms)
2022-05-31T07:00:14.881Z - verbose: [Scene] Configure engine (0ms)
2022-05-31T07:00:14.636Z - info: [Scene] Forward render pipeline initialized.
2022-05-31T07:00:15.634Z - warn: [Scene] 'macro.KEY' is deprecated. (please use KeyCode instead)Error: [Scene] 'macro.KEY' is deprecated. (please use KeyCode instead)
    at warn (/Applications/CocosCreator/Creator/3.5.0/CocosCreator.app/Contents/Resources/resources/3d/engine/bin/.cache/dev/editor/bundled/index.js:131533:10)
    at markAsWarningLog (/Applications/CocosCreator/Creator/3.5.0/CocosCreator.app/Contents/Resources/resources/3d/engine/bin/.cache/dev/editor/bundled/index.js:145566:5)
    at Object.get (/Applications/CocosCreator/Creator/3.5.0/CocosCreator.app/Contents/Resources/resources/3d/engine/bin/.cache/dev/editor/bundled/index.js:145626:13)
    at Object.execute (file:///Users/mu/work/gitee/cocos-creator-how-to-use/proj/Physics/Creator3.5.0_3D_PhysicsContactData/temp/programming/packer-driver/targets/editor/chunks/00/001e477abb0f0721270457cbf05755c5ada7299d.js:48:22)
    at doExec (/Applications/CocosCreator/Creator/3.5.0/CocosCreator.app/Contents/Resources/app.asar/node_modules/@editor/lib-programming/static/executor/systemjs-bridge/out/index.js:487:32)
    at postOrderExec (/Applications/CocosCreator/Creator/3.5.0/CocosCreator.app/Contents/Resources/app.asar/node_modules/@editor/lib-programming/static/executor/systemjs-bridge/out/index.js:483:10)
    at /Applications/CocosCreator/Creator/3.5.0/CocosCreator.app/Contents/Resources/app.asar/node_modules/@editor/lib-programming/static/executor/systemjs-bridge/out/index.js:440:12
2022-05-31T07:00:15.634Z - warn: [Scene] 'macro.KEY.shift' is deprecated. (please use KeyCode.SHIFT_LEFT instead)Error: [Scene] 'macro.KEY.shift' is deprecated. (please use KeyCode.SHIFT_LEFT instead)
    at warn (/Applications/CocosCreator/Creator/3.5.0/CocosCreator.app/Contents/Resources/resources/3d/engine/bin/.cache/dev/editor/bundled/index.js:131533:10)
    at markAsWarningLog (/Applications/CocosCreator/Creator/3.5.0/CocosCreator.app/Contents/Resources/resources/3d/engine/bin/.cache/dev/editor/bundled/index.js:145566:5)
    at Object.get (/Applications/CocosCreator/Creator/3.5.0/CocosCreator.app/Contents/Resources/resources/3d/engine/bin/.cache/dev/editor/bundled/index.js:145626:13)
    at Object.execute (file:///Users/mu/work/gitee/cocos-creator-how-to-use/proj/Physics/Creator3.5.0_3D_PhysicsContactData/temp/programming/packer-driver/targets/editor/chunks/00/001e477abb0f0721270457cbf05755c5ada7299d.js:48:26)
    at doExec (/Applications/CocosCreator/Creator/3.5.0/CocosCreator.app/Contents/Resources/app.asar/node_modules/@editor/lib-programming/static/executor/systemjs-bridge/out/index.js:487:32)
    at postOrderExec (/Applications/CocosCreator/Creator/3.5.0/CocosCreator.app/Contents/Resources/app.asar/node_modules/@editor/lib-programming/static/executor/systemjs-bridge/out/index.js:483:10)
    at /Applications/CocosCreator/Creator/3.5.0/CocosCreator.app/Contents/Resources/app.asar/node_modules/@editor/lib-programming/static/executor/systemjs-bridge/out/index.js:440:12
2022-05-31T07:00:49.892Z - warn: Metrics: no valid info
