2022-05-09 13:42:01-log: [Package] menu@1.0.0 enable
2022-05-09 13:42:01-log: [Package] profile@1.0.0 enable
2022-05-09 13:42:01-log: [Package] project@1.0.1 enable
2022-05-09 13:42:01-log: [Package] messages@1.0.0 enable
2022-05-09 13:42:01-log: [Package] program@1.0.0 enable
2022-05-09 13:42:01-log: [Package] device@1.0.1 enable
2022-05-09 13:42:01-log: [Package] ui-kit@1.0.1 enable
2022-05-09 13:42:01-log: [Package] tester@1.0.0 enable
2022-05-09 13:42:01-log: [Package] preferences@1.0.0 enable
2022-05-09 13:42:02-log: Setup mods mgr.: 315.771ms
2022-05-09 13:42:02-log: Profile changed: engine (modules.includeModules: 2d,3d,audio,base,dragon-bones,gfx-webgl,gfx-webgl2,intersection-2d,marionette,particle,particle-2d,physics-2d-box2d,physics-ammo,primitive,profiler,spine,terrain,tiled-map,tween,ui,video,webview)
2022-05-09 13:42:02-log: [Package] engine@1.0.5 enable
2022-05-09 13:42:06-log: [Package] programming@1.0.0 enable
2022-05-09 13:42:06-log: [Package] Profile Migrate: builder@Cocos Creator...
2022-05-09 13:42:06-log: [Package] Profile Migrate: builder@Cocos Creator...
2022-05-09 13:42:06-log: [Package] engine-extends@1.0.0 enable
2022-05-09 13:42:06-log: [Package] asset-db@1.0.0 enable
2022-05-09 13:42:06-log: [Package] console@1.0.0 enable
2022-05-09 13:42:06-log: [Package] scene@1.0.0 enable
2022-05-09 13:42:06-log: [Package] about@1.0.0 enable
2022-05-09 13:42:06-log: [Package] server@1.0.0 enable
2022-05-09 13:42:06-log: [Package] utils@1.0.0 enable
2022-05-09 13:42:06-log: [Package] assets@1.0.0 enable
2022-05-09 13:42:07-log: [Package] inspector@1.0.0 enable
2022-05-09 13:42:07-log: [Package] hierarchy@1.0.0 enable
2022-05-09 13:42:09-log: [Package] preview@1.0.1 enable
2022-05-09 13:42:09-log: [Package] animator@1.0.0 enable
2022-05-09 13:42:09-log: 设置的 IP 地址不存在，将使用默认 IP
2022-05-09 13:42:10-log: [Package] builder@1.3.1 enable
2022-05-09 13:42:10-log: [Package] node-library@1.0.0 enable
2022-05-09 13:42:10-log: [Package] shortcuts@1.0.1 enable
2022-05-09 13:42:10-log: [Package] package-asset@1.0.0 enable
2022-05-09 13:42:10-log: [Package] reference-image@1.0.0 enable
2022-05-09 13:42:10-log: [Package] animation-graph@1.0.0 enable
2022-05-09 13:42:11-log: [Package] channel-upload-tools@1.0.0 enable
2022-05-09 13:42:11-log: [Package] runtime-dev-tools@1.0.0 enable
2022-05-09 13:42:11-log: [Package] lightmap@1.0.4 enable
2022-05-09 13:42:11-log: [Package] alipay-mini-game@1.0.0 enable
2022-05-09 13:42:11-log: [Package] android@1.0.0 enable
2022-05-09 13:42:11-log: [Package] baidu-mini-game@1.0.0 enable
2022-05-09 13:42:11-log: [Package] bytedance-mini-game@1.0.1 enable
2022-05-09 13:42:11-log: [Package] huawei-agc@1.0.0 enable
2022-05-09 13:42:12-log: [Package] ios@1.0.0 enable
2022-05-09 13:42:13-log: [Package] ios-app-clip@1.0.0 enable
2022-05-09 13:42:13-log: [Package] mac@1.0.0 enable
2022-05-09 13:42:13-log: [Package] native@1.0.0 enable
2022-05-09 13:42:13-log: [Package] ohos@1.0.0 enable
2022-05-09 13:42:13-log: [Package] web-desktop@1.0.0 enable
2022-05-09 13:42:13-log: [Package] web-mobile@1.0.0 enable
2022-05-09 13:42:13-log: [Package] wechatgame@1.0.1 enable
2022-05-09 13:42:13-log: [Package] windows@1.0.0 enable
2022-05-09 13:42:13-log: [Package] xiaomi-quick-game@1.0.0 enable
2022-05-09 13:42:13-log: [Package] cocos-play@1.0.0 enable
2022-05-09 13:42:13-log: [Package] huawei-quick-game@1.0.0 enable
2022-05-09 13:42:13-log: [Package] link-sure@1.0.0 enable
2022-05-09 13:42:13-log: [Package] oppo-mini-game@1.0.0 enable
2022-05-09 13:42:13-log: [Package] qtt@1.0.0 enable
2022-05-09 13:42:13-log: [Package] vivo-mini-game@1.0.0 enable
2022-05-09 13:42:14-log: [Package] cocos-service@3.0.2 enable
2022-05-09 13:42:14-log: [Package] importer@1.0.0 enable
2022-05-09 13:42:14-log: [Package] extension@3.0.15 enable
2022-05-09 13:42:15-log: [Im-plugin] Check im-plugin version.
2022-05-09 13:42:15-log: [Package] im-plugin@3.0.8 enable
2022-05-09 13:42:15-log: 设置的 IP 地址不存在，将使用默认 IP
2022-05-09 13:42:16-log: [Im-plugin] No online info of im-plugin.
2022-05-09 13:42:22-warn: Browserslist: caniuse-lite is outdated. Please run:
npx browserslist@latest --update-db

Why you should do it regularly:
https://github.com/browserslist/browserslist#browsers-data-updating
2022-05-09 13:42:23-log: [Scene] Cocos Creator v3.4.2
2022-05-09 13:42:23-info: [Scene] Forward render pipeline initialized.
2022-05-09 13:42:26-info: [Scene] DragonBones: 5.6.300
Website: http://dragonbones.com/
Source and Demo: https://github.com/DragonBones/
2022-05-09 13:42:26-info: [Scene] DragonBones: 5.6.300
Website: http://dragonbones.com/
Source and Demo: https://github.com/DragonBones/
2022-05-09 13:42:26-info: [Scene] DragonBones: 5.6.300
Website: http://dragonbones.com/
Source and Demo: https://github.com/DragonBones/
2022-05-09 13:42:26-info: [Scene] DragonBones: 5.6.300
Website: http://dragonbones.com/
Source and Demo: https://github.com/DragonBones/
2022-05-09 13:42:26-info: [Scene] DragonBones: 5.6.300
Website: http://dragonbones.com/
Source and Demo: https://github.com/DragonBones/
2022-05-22T13:00:31.050Z - log: [Package] menu@1.0.0 enable
2022-05-22T13:00:31.052Z - log: [Package] profile@1.0.0 enable
2022-05-22T13:00:31.066Z - log: [Package] project@1.0.2 enable
2022-05-22T13:00:31.073Z - log: [Package] messages@1.0.0 enable
2022-05-22T13:00:31.077Z - log: [Package] program@1.0.0 enable
2022-05-22T13:00:31.084Z - log: [Package] tester@1.0.0 enable
2022-05-22T13:00:31.090Z - log: [Package] preferences@1.0.0 enable
2022-05-22T13:00:31.844Z - log: Setup mods mgr.: 321.324ms
2022-05-22T13:00:31.852Z - verbose: [Engine] QuickCompile engine (693ms)
2022-05-22T13:00:31.855Z - log: [Package] engine@1.0.6 enable
2022-05-22T13:00:32.714Z - log: [Package] programming@1.0.0 enable
2022-05-22T13:00:33.014Z - log: [Package] device@1.0.1 enable
2022-05-22T13:00:33.044Z - log: [Package] ui-kit@1.0.1 enable
2022-05-22T13:00:33.072Z - log: [Package] engine-extends@1.0.0 enable
2022-05-22T13:00:33.150Z - log: [Package] asset-db@1.0.0 enable
2022-05-22T13:00:33.190Z - log: [Package] scene@1.0.0 enable
2022-05-22T13:00:33.468Z - log: [Package] server@1.0.0 enable
2022-05-22T13:00:33.542Z - log: [Package] utils@1.0.0 enable
2022-05-22T13:00:38.423Z - log: [Package] preview@1.0.1 enable
2022-05-22T13:00:38.477Z - log: [Package] animator@1.0.0 enable
2022-05-22T13:00:38.741Z - log: 设置的 IP 地址不存在，将使用默认 IP
2022-05-22T13:00:39.755Z - log: [Package] builder@1.3.2 enable
2022-05-22T13:00:39.791Z - log: [Package] shortcuts@1.0.1 enable
2022-05-22T13:00:39.824Z - log: [Package] animation-graph@1.0.0 enable
2022-05-22T13:00:39.847Z - log: [Package] runtime-dev-tools@1.0.0 enable
2022-05-22T13:00:39.870Z - log: [Package] channel-upload-tools@1.0.0 enable
2022-05-22T13:00:39.907Z - log: [Package] about@1.0.0 enable
2022-05-22T13:00:39.954Z - log: [Package] assets@1.0.0 enable
2022-05-22T13:00:40.009Z - log: [Package] console@1.0.0 enable
2022-05-22T13:00:40.379Z - log: [Package] extension@3.0.16 enable
2022-05-22T13:00:40.412Z - log: [Package] hierarchy@1.0.0 enable
2022-05-22T13:00:40.447Z - log: [Package] inspector@1.0.0 enable
2022-05-22T13:00:40.483Z - log: [Package] lightmap@1.0.4 enable
2022-05-22T13:00:40.544Z - log: [Package] node-library@1.0.1 enable
2022-05-22T13:00:40.615Z - log: [Package] package-asset@1.0.0 enable
2022-05-22T13:00:40.671Z - log: [Package] process@1.0.0 enable
2022-05-22T13:00:40.715Z - log: [Package] reference-image@1.0.0 enable
2022-05-22T13:00:40.740Z - log: [Package] alipay-mini-game@1.0.0 enable
2022-05-22T13:00:40.771Z - log: [Package] android@1.0.0 enable
2022-05-22T13:00:40.800Z - log: [Package] baidu-mini-game@1.0.0 enable
2022-05-22T13:00:40.827Z - log: [Package] bytedance-mini-game@1.0.1 enable
2022-05-22T13:00:40.853Z - log: [Package] cocos-play@1.0.0 enable
2022-05-22T13:00:40.881Z - log: [Package] huawei-agc@1.0.0 enable
2022-05-22T13:00:40.909Z - log: [Package] huawei-quick-game@1.0.0 enable
2022-05-22T13:00:42.507Z - log: [Package] ios@1.0.0 enable
2022-05-22T13:00:42.577Z - log: [Package] ios-app-clip@1.0.0 enable
2022-05-22T13:00:42.675Z - log: [Package] link-sure@1.0.0 enable
2022-05-22T13:00:42.724Z - log: [Package] linux@1.0.0 enable
2022-05-22T13:00:42.727Z - verbose: [AssetDB] Require engine code (3223ms)
2022-05-22T13:00:42.761Z - log: [Package] mac@1.0.0 enable
2022-05-22T13:00:43.040Z - log: [Package] native@1.0.0 enable
2022-05-22T13:00:43.071Z - log: [Package] ohos@1.0.0 enable
2022-05-22T13:00:43.105Z - log: [Package] open-harmonyos@1.0.0 enable
2022-05-22T13:00:43.135Z - log: [Package] oppo-mini-game@1.0.0 enable
2022-05-22T13:00:43.162Z - log: [Package] qtt@1.0.0 enable
2022-05-22T13:00:43.195Z - log: [Package] vivo-mini-game@1.0.0 enable
2022-05-22T13:00:43.242Z - log: [Package] web-desktop@1.0.0 enable
2022-05-22T13:00:43.291Z - log: [Package] web-mobile@1.0.0 enable
2022-05-22T13:00:43.331Z - log: [Package] wechatgame@1.0.1 enable
2022-05-22T13:00:43.355Z - log: [Package] windows@1.0.0 enable
2022-05-22T13:00:43.379Z - log: [Package] xiaomi-quick-game@1.0.0 enable
2022-05-22T13:00:43.992Z - log: [Package] cocos-service@3.0.3 enable
2022-05-22T13:00:44.054Z - log: [Package] importer@1.0.0 enable
2022-05-22T13:00:44.507Z - log: [Im-plugin] Check im-plugin version.
2022-05-22T13:00:44.520Z - log: [Package] im-plugin@3.0.8 enable
2022-05-22T13:00:46.415Z - log: [Im-plugin] No online info of im-plugin.
2022-05-22T13:00:46.421Z - log: 设置的 IP 地址不存在，将使用默认 IP
2022-05-22T13:00:58.080Z - verbose: [Scene] Require engine code (1ms)
2022-05-22T13:00:58.082Z - verbose: [Scene] Startup engine (1ms)
2022-05-22T13:00:58.121Z - log: [Scene] Cocos Creator v3.5.0
2022-05-22T13:00:58.477Z - verbose: [Scene] Open engine (396ms)
2022-05-22T13:00:58.478Z - verbose: [Scene] Configure engine (0ms)
2022-05-22T13:00:58.234Z - info: [Scene] Forward render pipeline initialized.
2022-05-22T13:00:59.190Z - info: [Scene] DragonBones: 5.6.300
Website: http://dragonbones.com/
Source and Demo: https://github.com/DragonBones/
2022-05-22T13:00:59.315Z - info: [Scene] DragonBones: 5.6.300
Website: http://dragonbones.com/
Source and Demo: https://github.com/DragonBones/
2022-05-22T13:00:59.318Z - info: [Scene] DragonBones: 5.6.300
Website: http://dragonbones.com/
Source and Demo: https://github.com/DragonBones/
2022-05-22T13:00:59.325Z - info: [Scene] DragonBones: 5.6.300
Website: http://dragonbones.com/
Source and Demo: https://github.com/DragonBones/
2022-05-22T13:00:59.329Z - info: [Scene] DragonBones: 5.6.300
Website: http://dragonbones.com/
Source and Demo: https://github.com/DragonBones/
2022-05-22T13:01:33.830Z - info: [Scene] DragonBones: 5.6.300
Website: http://dragonbones.com/
Source and Demo: https://github.com/DragonBones/
2022-05-22T13:01:33.832Z - info: [Scene] DragonBones: 5.6.300
Website: http://dragonbones.com/
Source and Demo: https://github.com/DragonBones/
2022-05-22T13:01:33.836Z - info: [Scene] DragonBones: 5.6.300
Website: http://dragonbones.com/
Source and Demo: https://github.com/DragonBones/
2022-05-22T13:01:33.837Z - info: [Scene] DragonBones: 5.6.300
Website: http://dragonbones.com/
Source and Demo: https://github.com/DragonBones/
2022-05-22T13:03:21.995Z - warn: Metrics: no valid info
