2022-05-09 13:57:06-log: [Package] menu@1.0.0 enable
2022-05-09 13:57:06-log: [Package] profile@1.0.0 enable
2022-05-09 13:57:06-log: [Package] project@1.0.1 enable
2022-05-09 13:57:06-log: [Package] messages@1.0.0 enable
2022-05-09 13:57:06-log: [Package] program@1.0.0 enable
2022-05-09 13:57:06-log: [Package] device@1.0.1 enable
2022-05-09 13:57:06-log: [Package] ui-kit@1.0.1 enable
2022-05-09 13:57:06-log: [Package] tester@1.0.0 enable
2022-05-09 13:57:06-log: [Package] preferences@1.0.0 enable
2022-05-09 13:57:07-log: Setup mods mgr.: 589.026ms
2022-05-09 13:57:07-log: Profile changed: engine (modules.includeModules: 2d,3d,audio,base,dragon-bones,gfx-webgl,gfx-webgl2,intersection-2d,marionette,particle,particle-2d,physics-2d-box2d,physics-ammo,primitive,profiler,spine,terrain,tiled-map,tween,ui,video,webview)
2022-05-09 13:57:07-log: [Package] engine@1.0.5 enable
2022-05-09 13:57:10-log: [Package] programming@1.0.0 enable
2022-05-09 13:57:11-log: [Package] Profile Migrate: builder@Cocos Creator...
2022-05-09 13:57:11-log: [Package] Profile Migrate: builder@Cocos Creator...
2022-05-09 13:57:11-log: [Package] engine-extends@1.0.0 enable
2022-05-09 13:57:11-log: [Package] asset-db@1.0.0 enable
2022-05-09 13:57:11-log: [Package] console@1.0.0 enable
2022-05-09 13:57:11-log: [Package] scene@1.0.0 enable
2022-05-09 13:57:11-log: [Package] about@1.0.0 enable
2022-05-09 13:57:11-log: [Package] server@1.0.0 enable
2022-05-09 13:57:11-log: [Package] utils@1.0.0 enable
2022-05-09 13:57:11-log: [Package] assets@1.0.0 enable
2022-05-09 13:57:12-log: [Package] inspector@1.0.0 enable
2022-05-09 13:57:12-log: [Package] hierarchy@1.0.0 enable
2022-05-09 13:57:14-log: [Package] preview@1.0.1 enable
2022-05-09 13:57:14-log: 设置的 IP 地址不存在，将使用默认 IP
2022-05-09 13:57:16-log: [Package] builder@1.3.1 enable
2022-05-09 13:57:16-log: [Package] node-library@1.0.0 enable
2022-05-09 13:57:16-log: [Package] shortcuts@1.0.1 enable
2022-05-09 13:57:16-log: [Package] package-asset@1.0.0 enable
2022-05-09 13:57:16-log: [Package] reference-image@1.0.0 enable
2022-05-09 13:57:16-log: [Package] animation-graph@1.0.0 enable
2022-05-09 13:57:16-log: [Package] channel-upload-tools@1.0.0 enable
2022-05-09 13:57:16-log: [Package] runtime-dev-tools@1.0.0 enable
2022-05-09 13:57:16-log: [Package] lightmap@1.0.4 enable
2022-05-09 13:57:16-log: [Package] alipay-mini-game@1.0.0 enable
2022-05-09 13:57:16-log: [Package] android@1.0.0 enable
2022-05-09 13:57:16-log: [Package] baidu-mini-game@1.0.0 enable
2022-05-09 13:57:16-log: [Package] bytedance-mini-game@1.0.1 enable
2022-05-09 13:57:16-log: [Package] huawei-agc@1.0.0 enable
2022-05-09 13:57:18-log: [Package] ios@1.0.0 enable
2022-05-09 13:57:18-log: [Package] ios-app-clip@1.0.0 enable
2022-05-09 13:57:18-log: [Package] mac@1.0.0 enable
2022-05-09 13:57:18-log: [Package] native@1.0.0 enable
2022-05-09 13:57:18-log: [Package] ohos@1.0.0 enable
2022-05-09 13:57:18-log: [Package] web-desktop@1.0.0 enable
2022-05-09 13:57:18-log: [Package] web-mobile@1.0.0 enable
2022-05-09 13:57:18-log: [Package] wechatgame@1.0.1 enable
2022-05-09 13:57:18-log: [Package] windows@1.0.0 enable
2022-05-09 13:57:18-log: [Package] xiaomi-quick-game@1.0.0 enable
2022-05-09 13:57:18-log: [Package] cocos-play@1.0.0 enable
2022-05-09 13:57:18-log: [Package] huawei-quick-game@1.0.0 enable
2022-05-09 13:57:18-log: [Package] link-sure@1.0.0 enable
2022-05-09 13:57:19-log: [Package] oppo-mini-game@1.0.0 enable
2022-05-09 13:57:19-log: [Package] qtt@1.0.0 enable
2022-05-09 13:57:19-log: [Package] vivo-mini-game@1.0.0 enable
2022-05-09 13:57:19-log: [Package] cocos-service@3.0.2 enable
2022-05-09 13:57:19-log: [Package] importer@1.0.0 enable
2022-05-09 13:57:20-log: [Package] extension@3.0.15 enable
2022-05-09 13:57:21-log: [Im-plugin] Check im-plugin version.
2022-05-09 13:57:21-log: [Package] im-plugin@3.0.8 enable
2022-05-09 13:57:21-log: 设置的 IP 地址不存在，将使用默认 IP
2022-05-09 13:57:22-log: [Im-plugin] No online info of im-plugin.
2022-05-09 13:57:28-warn: Browserslist: caniuse-lite is outdated. Please run:
npx browserslist@latest --update-db

Why you should do it regularly:
https://github.com/browserslist/browserslist#browsers-data-updating
2022-05-09 13:57:29-log: [Scene] Cocos Creator v3.4.2
2022-05-09 13:57:29-info: [Scene] Forward render pipeline initialized.
2022-05-31T05:37:54.746Z - log: [Package] menu@1.0.0 enable
2022-05-31T05:37:54.748Z - log: [Package] profile@1.0.0 enable
2022-05-31T05:37:54.762Z - log: [Package] project@1.0.2 enable
2022-05-31T05:37:54.768Z - log: [Package] messages@1.0.0 enable
2022-05-31T05:37:54.775Z - log: [Package] program@1.0.0 enable
2022-05-31T05:37:54.781Z - log: [Package] tester@1.0.0 enable
2022-05-31T05:37:54.788Z - log: [Package] preferences@1.0.0 enable
2022-05-31T05:37:55.602Z - log: Setup mods mgr.: 349.292ms
2022-05-31T05:37:55.625Z - verbose: [Engine] QuickCompile engine (775ms)
2022-05-31T05:37:55.628Z - log: [Package] engine@1.0.6 enable
2022-05-31T05:37:56.621Z - log: [Package] programming@1.0.0 enable
2022-05-31T05:37:56.929Z - log: [Package] device@1.0.1 enable
2022-05-31T05:37:56.961Z - log: [Package] ui-kit@1.0.1 enable
2022-05-31T05:37:56.999Z - log: [Package] engine-extends@1.0.0 enable
2022-05-31T05:37:57.073Z - log: [Package] asset-db@1.0.0 enable
2022-05-31T05:37:57.118Z - log: [Package] scene@1.0.0 enable
2022-05-31T05:37:57.368Z - log: [Package] server@1.0.0 enable
2022-05-31T05:37:57.402Z - log: [Package] utils@1.0.0 enable
2022-05-31T05:38:02.196Z - log: [Package] preview@1.0.1 enable
2022-05-31T05:38:02.234Z - log: [Package] animator@1.0.0 enable
2022-05-31T05:38:02.358Z - log: 设置的 IP 地址不存在，将使用默认 IP
2022-05-31T05:38:03.351Z - log: [Package] builder@1.3.2 enable
2022-05-31T05:38:03.386Z - log: [Package] shortcuts@1.0.1 enable
2022-05-31T05:38:03.419Z - log: [Package] animation-graph@1.0.0 enable
2022-05-31T05:38:03.443Z - log: [Package] runtime-dev-tools@1.0.0 enable
2022-05-31T05:38:03.466Z - log: [Package] channel-upload-tools@1.0.0 enable
2022-05-31T05:38:03.500Z - log: [Package] about@1.0.0 enable
2022-05-31T05:38:03.539Z - log: [Package] assets@1.0.0 enable
2022-05-31T05:38:03.581Z - log: [Package] console@1.0.0 enable
2022-05-31T05:38:03.885Z - log: [Package] extension@3.0.16 enable
2022-05-31T05:38:03.936Z - log: [Package] hierarchy@1.0.0 enable
2022-05-31T05:38:03.981Z - log: [Package] inspector@1.0.0 enable
2022-05-31T05:38:04.029Z - log: [Package] lightmap@1.0.4 enable
2022-05-31T05:38:04.095Z - log: [Package] node-library@1.0.1 enable
2022-05-31T05:38:04.124Z - log: [Package] package-asset@1.0.0 enable
2022-05-31T05:38:04.167Z - log: [Package] process@1.0.0 enable
2022-05-31T05:38:04.204Z - log: [Package] reference-image@1.0.0 enable
2022-05-31T05:38:04.235Z - log: [Package] alipay-mini-game@1.0.0 enable
2022-05-31T05:38:04.273Z - log: [Package] android@1.0.0 enable
2022-05-31T05:38:04.304Z - log: [Package] baidu-mini-game@1.0.0 enable
2022-05-31T05:38:04.339Z - log: [Package] bytedance-mini-game@1.0.1 enable
2022-05-31T05:38:04.366Z - log: [Package] cocos-play@1.0.0 enable
2022-05-31T05:38:04.404Z - log: [Package] huawei-agc@1.0.0 enable
2022-05-31T05:38:04.434Z - log: [Package] huawei-quick-game@1.0.0 enable
2022-05-31T05:38:05.762Z - log: [Package] ios@1.0.0 enable
2022-05-31T05:38:05.797Z - log: [Package] ios-app-clip@1.0.0 enable
2022-05-31T05:38:05.824Z - log: [Package] link-sure@1.0.0 enable
2022-05-31T05:38:05.853Z - log: [Package] linux@1.0.0 enable
2022-05-31T05:38:05.882Z - log: [Package] mac@1.0.0 enable
2022-05-31T05:38:06.022Z - log: [Package] native@1.0.0 enable
2022-05-31T05:38:06.025Z - verbose: [AssetDB] Require engine code (2915ms)
2022-05-31T05:38:06.147Z - log: [Package] ohos@1.0.0 enable
2022-05-31T05:38:06.193Z - log: [Package] open-harmonyos@1.0.0 enable
2022-05-31T05:38:06.225Z - log: [Package] oppo-mini-game@1.0.0 enable
2022-05-31T05:38:06.249Z - log: [Package] qtt@1.0.0 enable
2022-05-31T05:38:06.285Z - log: [Package] vivo-mini-game@1.0.0 enable
2022-05-31T05:38:06.327Z - log: [Package] web-desktop@1.0.0 enable
2022-05-31T05:38:06.369Z - log: [Package] web-mobile@1.0.0 enable
2022-05-31T05:38:06.409Z - log: [Package] wechatgame@1.0.1 enable
2022-05-31T05:38:06.433Z - log: [Package] windows@1.0.0 enable
2022-05-31T05:38:06.459Z - log: [Package] xiaomi-quick-game@1.0.0 enable
2022-05-31T05:38:06.834Z - log: [Package] cocos-service@3.0.3 enable
2022-05-31T05:38:06.880Z - log: [Package] importer@1.0.0 enable
2022-05-31T05:38:07.225Z - log: [Im-plugin] Check im-plugin version.
2022-05-31T05:38:07.243Z - log: [Package] im-plugin@3.0.8 enable
2022-05-31T05:38:08.137Z - log: [Im-plugin] No online info of im-plugin.
2022-05-31T05:38:08.423Z - log: 设置的 IP 地址不存在，将使用默认 IP
2022-05-31T05:38:20.075Z - verbose: [Scene] Require engine code (1ms)
2022-05-31T05:38:20.076Z - verbose: [Scene] Startup engine (0ms)
2022-05-31T05:38:20.112Z - log: [Scene] Cocos Creator v3.5.0
2022-05-31T05:38:20.425Z - verbose: [Scene] Open engine (349ms)
2022-05-31T05:38:20.425Z - verbose: [Scene] Configure engine (0ms)
2022-05-31T05:38:20.193Z - info: [Scene] Forward render pipeline initialized.
2022-05-31T05:38:59.300Z - warn: Metrics: no valid info
