2022-05-22 15:41:49-log: [Package] menu@1.0.0 enable
2022-05-22 15:41:49-log: [Package] profile@1.0.0 enable
2022-05-22 15:41:49-log: [Package] project@1.0.1 enable
2022-05-22 15:41:49-log: [Package] messages@1.0.0 enable
2022-05-22 15:41:49-log: [Package] program@1.0.0 enable
2022-05-22 15:41:49-log: [Package] device@1.0.1 enable
2022-05-22 15:41:49-log: [Package] ui-kit@1.0.1 enable
2022-05-22 15:41:49-log: [Package] tester@1.0.0 enable
2022-05-22 15:41:49-log: [Package] preferences@1.0.0 enable
2022-05-22 15:41:49-log: [Package] Profile Migrate: engine@Cocos Creator...
2022-05-22 15:41:50-log: Setup mods mgr.: 332.136ms
2022-05-22 15:41:50-log: Profile changed: engine (modules.includeModules: 2d,3d,audio,base,dragon-bones,gfx-webgl,gfx-webgl2,intersection-2d,marionette,particle,particle-2d,physics-2d-box2d,physics-ammo,primitive,profiler,spine,terrain,tiled-map,tween,ui,video,webview)
2022-05-22 15:41:50-log: [Package] engine@1.0.5 enable
2022-05-22 15:41:53-log: [Package] programming@1.0.0 enable
2022-05-22 15:41:54-log: [Package] Profile Migrate: builder@Cocos Creator...
2022-05-22 15:41:54-log: [Package] engine-extends@1.0.0 enable
2022-05-22 15:41:54-log: [Package] asset-db@1.0.0 enable
2022-05-22 15:41:54-log: [Package] console@1.0.0 enable
2022-05-22 15:41:54-log: [Package] scene@1.0.0 enable
2022-05-22 15:41:54-log: [Package] about@1.0.0 enable
2022-05-22 15:41:54-log: [Package] server@1.0.0 enable
2022-05-22 15:41:54-log: [Package] utils@1.0.0 enable
2022-05-22 15:41:54-log: [Package] assets@1.0.0 enable
2022-05-22 15:41:54-log: [Package] hierarchy@1.0.0 enable
2022-05-22 15:41:57-log: [Package] preview@1.0.1 enable
2022-05-22 15:41:57-log: [Package] animator@1.0.0 enable
2022-05-22 15:41:57-log: 设置的 IP 地址不存在，将使用默认 IP
2022-05-22 15:41:58-log: [Package] builder@1.3.1 enable
2022-05-22 15:41:58-log: [Package] node-library@1.0.0 enable
2022-05-22 15:41:58-log: [Package] shortcuts@1.0.1 enable
2022-05-22 15:41:58-log: [Package] package-asset@1.0.0 enable
2022-05-22 15:41:58-log: [Package] reference-image@1.0.0 enable
2022-05-22 15:41:58-log: [Package] animation-graph@1.0.0 enable
2022-05-22 15:41:58-log: [Package] channel-upload-tools@1.0.0 enable
2022-05-22 15:41:58-log: [Package] runtime-dev-tools@1.0.0 enable
2022-05-22 15:41:58-log: [Package] lightmap@1.0.4 enable
2022-05-22 15:41:58-log: [Package] alipay-mini-game@1.0.0 enable
2022-05-22 15:41:58-log: [Package] android@1.0.0 enable
2022-05-22 15:41:58-log: [Package] baidu-mini-game@1.0.0 enable
2022-05-22 15:41:59-log: [Package] bytedance-mini-game@1.0.1 enable
2022-05-22 15:41:59-log: [Package] huawei-agc@1.0.0 enable
2022-05-22 15:42:00-log: [Package] ios@1.0.0 enable
2022-05-22 15:42:00-log: [Package] ios-app-clip@1.0.0 enable
2022-05-22 15:42:00-log: [Package] mac@1.0.0 enable
2022-05-22 15:42:00-log: [Package] native@1.0.0 enable
2022-05-22 15:42:00-log: [Package] ohos@1.0.0 enable
2022-05-22 15:42:00-log: [Package] web-desktop@1.0.0 enable
2022-05-22 15:42:00-log: [Package] web-mobile@1.0.0 enable
2022-05-22 15:42:01-log: [Package] wechatgame@1.0.1 enable
2022-05-22 15:42:01-log: [Package] windows@1.0.0 enable
2022-05-22 15:42:01-log: [Package] xiaomi-quick-game@1.0.0 enable
2022-05-22 15:42:01-log: [Package] cocos-play@1.0.0 enable
2022-05-22 15:42:01-log: [Package] huawei-quick-game@1.0.0 enable
2022-05-22 15:42:01-log: [Package] link-sure@1.0.0 enable
2022-05-22 15:42:01-log: [Package] oppo-mini-game@1.0.0 enable
2022-05-22 15:42:01-log: [Package] qtt@1.0.0 enable
2022-05-22 15:42:01-log: [Package] vivo-mini-game@1.0.0 enable
2022-05-22 15:42:02-log: [Package] cocos-service@3.0.2 enable
2022-05-22 15:42:02-log: [Package] importer@1.0.0 enable
2022-05-22 15:42:02-log: [Package] extension@3.0.15 enable
2022-05-22 15:42:03-log: [Im-plugin] Check im-plugin version.
2022-05-22 15:42:03-log: [Package] im-plugin@3.0.8 enable
2022-05-22 15:42:03-log: 设置的 IP 地址不存在，将使用默认 IP
2022-05-22 15:42:04-log: [Im-plugin] No online info of im-plugin.
2022-05-22T07:42:27.681Z - log: [Package] menu@1.0.0 enable
2022-05-22T07:42:27.684Z - log: [Package] profile@1.0.0 enable
2022-05-22T07:42:27.700Z - log: [Package] project@1.0.2 enable
2022-05-22T07:42:27.706Z - log: [Package] messages@1.0.0 enable
2022-05-22T07:42:27.711Z - log: [Package] program@1.0.0 enable
2022-05-22T07:42:27.718Z - log: [Package] tester@1.0.0 enable
2022-05-22T07:42:27.723Z - log: [Package] preferences@1.0.0 enable
2022-05-22T07:42:28.609Z - log: Setup mods mgr.: 330.169ms
2022-05-22T07:42:28.613Z - log: Profile changed: engine (modules.includeModules: 2d,3d,animation,audio,base,dragon-bones,gfx-webgl,gfx-webgl2,intersection-2d,marionette,particle,particle-2d,physics-2d-box2d,physics-ammo,primitive,profiler,skeletal-animation,spine,terrain,tiled-map,tween,ui,video,webview)
2022-05-22T07:42:28.629Z - verbose: [Engine] QuickCompile engine (757ms)
2022-05-22T07:42:28.633Z - log: [Package] engine@1.0.6 enable
2022-05-22T07:42:29.553Z - log: [Package] programming@1.0.0 enable
2022-05-22T07:42:29.874Z - log: [Package] device@1.0.1 enable
2022-05-22T07:42:29.905Z - log: [Package] ui-kit@1.0.1 enable
2022-05-22T07:42:29.930Z - log: [Package] engine-extends@1.0.0 enable
2022-05-22T07:42:30.011Z - log: [Package] asset-db@1.0.0 enable
2022-05-22T07:42:30.053Z - log: [Package] scene@1.0.0 enable
2022-05-22T07:42:30.410Z - log: [Package] server@1.0.0 enable
2022-05-22T07:42:30.455Z - log: [Package] utils@1.0.0 enable
2022-05-22T07:42:35.745Z - log: [Package] preview@1.0.1 enable
2022-05-22T07:42:35.783Z - log: [Package] animator@1.0.0 enable
2022-05-22T07:42:36.010Z - log: 设置的 IP 地址不存在，将使用默认 IP
2022-05-22T07:42:37.026Z - log: [Package] builder@1.3.2 enable
2022-05-22T07:42:37.061Z - log: [Package] shortcuts@1.0.1 enable
2022-05-22T07:42:37.095Z - log: [Package] animation-graph@1.0.0 enable
2022-05-22T07:42:37.117Z - log: [Package] runtime-dev-tools@1.0.0 enable
2022-05-22T07:42:37.146Z - log: [Package] channel-upload-tools@1.0.0 enable
2022-05-22T07:42:37.180Z - log: [Package] about@1.0.0 enable
2022-05-22T07:42:37.227Z - log: [Package] assets@1.0.0 enable
2022-05-22T07:42:37.269Z - log: [Package] console@1.0.0 enable
2022-05-22T07:42:37.522Z - log: [Package] extension@3.0.16 enable
2022-05-22T07:42:37.593Z - log: [Package] hierarchy@1.0.0 enable
2022-05-22T07:42:37.651Z - log: [Package] inspector@1.0.0 enable
2022-05-22T07:42:37.692Z - log: [Package] lightmap@1.0.4 enable
2022-05-22T07:42:37.795Z - log: [Package] node-library@1.0.1 enable
2022-05-22T07:42:37.820Z - log: [Package] package-asset@1.0.0 enable
2022-05-22T07:42:37.854Z - log: [Package] process@1.0.0 enable
2022-05-22T07:42:37.891Z - log: [Package] reference-image@1.0.0 enable
2022-05-22T07:42:37.917Z - log: [Package] alipay-mini-game@1.0.0 enable
2022-05-22T07:42:37.949Z - log: [Package] android@1.0.0 enable
2022-05-22T07:42:37.978Z - log: [Package] baidu-mini-game@1.0.0 enable
2022-05-22T07:42:38.010Z - log: [Package] bytedance-mini-game@1.0.1 enable
2022-05-22T07:42:38.036Z - log: [Package] cocos-play@1.0.0 enable
2022-05-22T07:42:38.070Z - log: [Package] huawei-agc@1.0.0 enable
2022-05-22T07:42:38.101Z - log: [Package] huawei-quick-game@1.0.0 enable
2022-05-22T07:42:39.402Z - log: [Package] ios@1.0.0 enable
2022-05-22T07:42:39.433Z - log: [Package] ios-app-clip@1.0.0 enable
2022-05-22T07:42:39.479Z - log: [Package] link-sure@1.0.0 enable
2022-05-22T07:42:39.617Z - log: [Package] linux@1.0.0 enable
2022-05-22T07:42:39.645Z - log: [Package] mac@1.0.0 enable
2022-05-22T07:42:39.880Z - log: [Package] native@1.0.0 enable
2022-05-22T07:42:39.890Z - verbose: [AssetDB] Require engine code (2908ms)
2022-05-22T07:42:39.919Z - log: [Package] ohos@1.0.0 enable
2022-05-22T07:42:39.955Z - log: [Package] open-harmonyos@1.0.0 enable
2022-05-22T07:42:40.066Z - log: [Package] oppo-mini-game@1.0.0 enable
2022-05-22T07:42:40.158Z - log: [Package] qtt@1.0.0 enable
2022-05-22T07:42:40.213Z - log: [Package] vivo-mini-game@1.0.0 enable
2022-05-22T07:42:40.271Z - log: [Package] web-desktop@1.0.0 enable
2022-05-22T07:42:40.372Z - log: [Package] web-mobile@1.0.0 enable
2022-05-22T07:42:40.437Z - log: [Package] wechatgame@1.0.1 enable
2022-05-22T07:42:40.469Z - log: [Package] windows@1.0.0 enable
2022-05-22T07:42:40.493Z - log: [Package] xiaomi-quick-game@1.0.0 enable
2022-05-22T07:42:40.985Z - log: [Package] cocos-service@3.0.3 enable
2022-05-22T07:42:41.031Z - log: [Package] importer@1.0.0 enable
2022-05-22T07:42:41.591Z - log: [Im-plugin] Check im-plugin version.
2022-05-22T07:42:41.607Z - log: [Package] im-plugin@3.0.8 enable
2022-05-22T07:42:42.430Z - log: [Im-plugin] No online info of im-plugin.
2022-05-22T07:42:42.941Z - log: 设置的 IP 地址不存在，将使用默认 IP
2022-05-22T07:42:54.988Z - verbose: [Scene] Require engine code (1ms)
2022-05-22T07:42:54.999Z - verbose: [Scene] Startup engine (7ms)
2022-05-22T07:42:55.063Z - log: [Scene] Cocos Creator v3.5.0
2022-05-22T07:42:55.373Z - verbose: [Scene] Open engine (376ms)
2022-05-22T07:42:55.373Z - verbose: [Scene] Configure engine (0ms)
2022-05-22T07:42:55.144Z - info: [Scene] Forward render pipeline initialized.
2022-05-22T07:43:48.542Z - warn: Metrics: no valid info
