2022-05-09 15:16:25-log: [Package] menu@1.0.0 enable
2022-05-09 15:16:25-log: [Package] profile@1.0.0 enable
2022-05-09 15:16:25-log: [Package] project@1.0.1 enable
2022-05-09 15:16:25-log: [Package] messages@1.0.0 enable
2022-05-09 15:16:25-log: [Package] program@1.0.0 enable
2022-05-09 15:16:25-log: [Package] device@1.0.1 enable
2022-05-09 15:16:25-log: [Package] ui-kit@1.0.1 enable
2022-05-09 15:16:25-log: [Package] tester@1.0.0 enable
2022-05-09 15:16:25-log: [Package] preferences@1.0.0 enable
2022-05-09 15:16:26-log: Setup mods mgr.: 328.325ms
2022-05-09 15:16:26-log: Profile changed: engine (modules.includeModules: 2d,3d,audio,base,dragon-bones,gfx-webgl,gfx-webgl2,intersection-2d,marionette,particle,particle-2d,physics-2d-box2d,physics-ammo,primitive,profiler,spine,terrain,tiled-map,tween,ui,video,webview)
2022-05-09 15:16:26-log: [Package] engine@1.0.5 enable
2022-05-09 15:16:29-log: [Package] programming@1.0.0 enable
2022-05-09 15:16:29-log: [Package] Profile Migrate: builder@Cocos Creator...
2022-05-09 15:16:29-log: [Package] Profile Migrate: builder@Cocos Creator...
2022-05-09 15:16:29-log: [Package] engine-extends@1.0.0 enable
2022-05-09 15:16:29-log: [Package] asset-db@1.0.0 enable
2022-05-09 15:16:29-log: [Package] console@1.0.0 enable
2022-05-09 15:16:29-log: [Package] scene@1.0.0 enable
2022-05-09 15:16:29-log: [Package] about@1.0.0 enable
2022-05-09 15:16:29-log: [Package] server@1.0.0 enable
2022-05-09 15:16:29-log: [Package] utils@1.0.0 enable
2022-05-09 15:16:30-log: [Package] inspector@1.0.0 enable
2022-05-09 15:16:30-log: [Package] hierarchy@1.0.0 enable
2022-05-09 15:16:32-log: [Package] preview@1.0.1 enable
2022-05-09 15:16:32-log: [Package] animator@1.0.0 enable
2022-05-09 15:16:32-log: 设置的 IP 地址不存在，将使用默认 IP
2022-05-09 15:16:33-log: Profile changed: builder (log.level: 4)
2022-05-09 15:16:33-log: [Package] builder@1.3.1 enable
2022-05-09 15:16:33-log: [Package] node-library@1.0.0 enable
2022-05-09 15:16:33-log: [Package] shortcuts@1.0.1 enable
2022-05-09 15:16:33-log: [Package] package-asset@1.0.0 enable
2022-05-09 15:16:33-log: [Package] reference-image@1.0.0 enable
2022-05-09 15:16:33-log: [Package] animation-graph@1.0.0 enable
2022-05-09 15:16:33-log: [Package] channel-upload-tools@1.0.0 enable
2022-05-09 15:16:33-log: [Package] runtime-dev-tools@1.0.0 enable
2022-05-09 15:16:33-log: [Package] lightmap@1.0.4 enable
2022-05-09 15:16:33-log: [Package] alipay-mini-game@1.0.0 enable
2022-05-09 15:16:33-log: [Package] android@1.0.0 enable
2022-05-09 15:16:34-log: [Package] baidu-mini-game@1.0.0 enable
2022-05-09 15:16:34-log: [Package] bytedance-mini-game@1.0.1 enable
2022-05-09 15:16:34-log: [Package] huawei-agc@1.0.0 enable
2022-05-09 15:16:35-log: [Package] ios@1.0.0 enable
2022-05-09 15:16:35-log: [Package] ios-app-clip@1.0.0 enable
2022-05-09 15:16:35-log: [Package] mac@1.0.0 enable
2022-05-09 15:16:35-log: [Package] native@1.0.0 enable
2022-05-09 15:16:35-log: [Package] ohos@1.0.0 enable
2022-05-09 15:16:35-log: [Package] web-desktop@1.0.0 enable
2022-05-09 15:16:35-log: [Package] web-mobile@1.0.0 enable
2022-05-09 15:16:35-log: [Package] wechatgame@1.0.1 enable
2022-05-09 15:16:35-log: [Package] windows@1.0.0 enable
2022-05-09 15:16:35-log: [Package] xiaomi-quick-game@1.0.0 enable
2022-05-09 15:16:35-log: [Package] cocos-play@1.0.0 enable
2022-05-09 15:16:36-log: [Package] huawei-quick-game@1.0.0 enable
2022-05-09 15:16:36-log: [Package] link-sure@1.0.0 enable
2022-05-09 15:16:36-log: [Package] oppo-mini-game@1.0.0 enable
2022-05-09 15:16:36-log: [Package] qtt@1.0.0 enable
2022-05-09 15:16:36-log: [Package] vivo-mini-game@1.0.0 enable
2022-05-09 15:16:36-log: [Package] cocos-service@3.0.2 enable
2022-05-09 15:16:36-log: [Package] importer@1.0.0 enable
2022-05-09 15:16:37-log: [Package] extension@3.0.15 enable
2022-05-09 15:16:38-log: [Im-plugin] Check im-plugin version.
2022-05-09 15:16:38-log: [Package] im-plugin@3.0.8 enable
2022-05-09 15:16:38-log: 设置的 IP 地址不存在，将使用默认 IP
2022-05-09 15:16:39-log: [Im-plugin] No online info of im-plugin.
2022-05-09 15:16:45-warn: Browserslist: caniuse-lite is outdated. Please run:
npx browserslist@latest --update-db

Why you should do it regularly:
https://github.com/browserslist/browserslist#browsers-data-updating
2022-05-09 15:16:46-log: [Scene] Cocos Creator v3.4.2
2022-05-09 15:16:46-info: [Scene] Forward render pipeline initialized.
2022-05-31T06:56:52.591Z - log: [Package] menu@1.0.0 enable
2022-05-31T06:56:52.594Z - log: [Package] profile@1.0.0 enable
2022-05-31T06:56:52.608Z - log: [Package] project@1.0.2 enable
2022-05-31T06:56:52.616Z - log: [Package] messages@1.0.0 enable
2022-05-31T06:56:52.621Z - log: [Package] program@1.0.0 enable
2022-05-31T06:56:52.628Z - log: [Package] tester@1.0.0 enable
2022-05-31T06:56:52.641Z - log: [Package] preferences@1.0.0 enable
2022-05-31T06:56:53.412Z - log: Setup mods mgr.: 348.1ms
2022-05-31T06:56:53.427Z - verbose: [Engine] QuickCompile engine (717ms)
2022-05-31T06:56:53.431Z - log: [Package] engine@1.0.6 enable
2022-05-31T06:56:54.430Z - log: [Package] programming@1.0.0 enable
2022-05-31T06:56:54.743Z - log: [Package] device@1.0.1 enable
2022-05-31T06:56:54.771Z - log: [Package] ui-kit@1.0.1 enable
2022-05-31T06:56:54.795Z - log: [Package] engine-extends@1.0.0 enable
2022-05-31T06:56:54.859Z - log: [Package] asset-db@1.0.0 enable
2022-05-31T06:56:54.899Z - log: [Package] scene@1.0.0 enable
2022-05-31T06:56:55.151Z - log: [Package] server@1.0.0 enable
2022-05-31T06:56:55.323Z - log: [Package] utils@1.0.0 enable
2022-05-31T06:56:59.850Z - log: [Package] preview@1.0.1 enable
2022-05-31T06:56:59.887Z - log: [Package] animator@1.0.0 enable
2022-05-31T06:57:00.189Z - log: 设置的 IP 地址不存在，将使用默认 IP
2022-05-31T06:57:01.230Z - log: [Package] builder@1.3.2 enable
2022-05-31T06:57:01.263Z - log: [Package] shortcuts@1.0.1 enable
2022-05-31T06:57:01.298Z - log: [Package] animation-graph@1.0.0 enable
2022-05-31T06:57:01.320Z - log: [Package] runtime-dev-tools@1.0.0 enable
2022-05-31T06:57:01.344Z - log: [Package] channel-upload-tools@1.0.0 enable
2022-05-31T06:57:01.378Z - log: [Package] about@1.0.0 enable
2022-05-31T06:57:01.413Z - log: [Package] assets@1.0.0 enable
2022-05-31T06:57:01.450Z - log: [Package] console@1.0.0 enable
2022-05-31T06:57:02.036Z - log: [Package] extension@3.0.16 enable
2022-05-31T06:57:02.088Z - log: [Package] hierarchy@1.0.0 enable
2022-05-31T06:57:02.166Z - log: [Package] inspector@1.0.0 enable
2022-05-31T06:57:02.204Z - log: [Package] lightmap@1.0.4 enable
2022-05-31T06:57:02.345Z - log: [Package] node-library@1.0.1 enable
2022-05-31T06:57:02.369Z - log: [Package] package-asset@1.0.0 enable
2022-05-31T06:57:02.403Z - log: [Package] process@1.0.0 enable
2022-05-31T06:57:02.440Z - log: [Package] reference-image@1.0.0 enable
2022-05-31T06:57:02.465Z - log: [Package] alipay-mini-game@1.0.0 enable
2022-05-31T06:57:02.491Z - log: [Package] android@1.0.0 enable
2022-05-31T06:57:02.521Z - log: [Package] baidu-mini-game@1.0.0 enable
2022-05-31T06:57:02.545Z - log: [Package] bytedance-mini-game@1.0.1 enable
2022-05-31T06:57:02.571Z - log: [Package] cocos-play@1.0.0 enable
2022-05-31T06:57:02.604Z - log: [Package] huawei-agc@1.0.0 enable
2022-05-31T06:57:02.639Z - log: [Package] huawei-quick-game@1.0.0 enable
2022-05-31T06:57:04.008Z - log: [Package] ios@1.0.0 enable
2022-05-31T06:57:04.040Z - log: [Package] ios-app-clip@1.0.0 enable
2022-05-31T06:57:04.064Z - log: [Package] link-sure@1.0.0 enable
2022-05-31T06:57:04.096Z - log: [Package] linux@1.0.0 enable
2022-05-31T06:57:04.123Z - log: [Package] mac@1.0.0 enable
2022-05-31T06:57:04.252Z - log: [Package] native@1.0.0 enable
2022-05-31T06:57:04.280Z - log: [Package] ohos@1.0.0 enable
2022-05-31T06:57:04.303Z - log: [Package] open-harmonyos@1.0.0 enable
2022-05-31T06:57:04.329Z - log: [Package] oppo-mini-game@1.0.0 enable
2022-05-31T06:57:04.353Z - verbose: [AssetDB] Require engine code (3357ms)
2022-05-31T06:57:04.356Z - log: [Package] qtt@1.0.0 enable
2022-05-31T06:57:04.385Z - log: [Package] vivo-mini-game@1.0.0 enable
2022-05-31T06:57:04.430Z - log: [Package] web-desktop@1.0.0 enable
2022-05-31T06:57:04.480Z - log: [Package] web-mobile@1.0.0 enable
2022-05-31T06:57:04.540Z - log: [Package] wechatgame@1.0.1 enable
2022-05-31T06:57:04.570Z - log: [Package] windows@1.0.0 enable
2022-05-31T06:57:04.598Z - log: [Package] xiaomi-quick-game@1.0.0 enable
2022-05-31T06:57:05.152Z - log: [Package] cocos-service@3.0.3 enable
2022-05-31T06:57:05.196Z - log: [Package] importer@1.0.0 enable
2022-05-31T06:57:05.813Z - log: [Im-plugin] Check im-plugin version.
2022-05-31T06:57:05.886Z - log: [Package] im-plugin@3.0.8 enable
2022-05-31T06:57:07.110Z - log: [Im-plugin] No online info of im-plugin.
2022-05-31T06:57:07.606Z - log: 设置的 IP 地址不存在，将使用默认 IP
2022-05-31T06:57:20.354Z - verbose: [Scene] Require engine code (1ms)
2022-05-31T06:57:20.357Z - verbose: [Scene] Startup engine (1ms)
2022-05-31T06:57:20.408Z - log: [Scene] Cocos Creator v3.5.0
2022-05-31T06:57:20.792Z - verbose: [Scene] Open engine (436ms)
2022-05-31T06:57:20.792Z - verbose: [Scene] Configure engine (0ms)
2022-05-31T06:57:20.514Z - info: [Scene] Forward render pipeline initialized.
2022-05-31T06:57:53.257Z - warn: Metrics: no valid info
