2022-06-01T09:28:35.343Z - log: [Package] menu@1.0.0 enable
2022-06-01T09:28:35.346Z - log: [Package] profile@1.0.0 enable
2022-06-01T09:28:35.363Z - log: [Package] project@1.0.2 enable
2022-06-01T09:28:35.370Z - log: [Package] messages@1.0.0 enable
2022-06-01T09:28:35.375Z - log: [Package] program@1.0.0 enable
2022-06-01T09:28:35.382Z - log: [Package] tester@1.0.0 enable
2022-06-01T09:28:35.389Z - log: [Package] preferences@1.0.0 enable
2022-06-01T09:28:36.207Z - log: Setup mods mgr.: 336.768ms
2022-06-01T09:28:36.219Z - verbose: [Engine] QuickCompile engine (752ms)
2022-06-01T09:28:36.222Z - log: [Package] engine@1.0.6 enable
2022-06-01T09:28:37.118Z - log: [Package] programming@1.0.0 enable
2022-06-01T09:28:37.450Z - log: [Package] device@1.0.1 enable
2022-06-01T09:28:37.482Z - log: [Package] ui-kit@1.0.1 enable
2022-06-01T09:28:37.516Z - log: [Package] engine-extends@1.0.0 enable
2022-06-01T09:28:37.588Z - log: [Package] asset-db@1.0.0 enable
2022-06-01T09:28:37.634Z - log: [Package] scene@1.0.0 enable
2022-06-01T09:28:37.884Z - log: [Package] server@1.0.0 enable
2022-06-01T09:28:38.038Z - log: [Package] utils@1.0.0 enable
2022-06-01T09:28:43.030Z - log: [Package] preview@1.0.1 enable
2022-06-01T09:28:43.072Z - log: [Package] animator@1.0.0 enable
2022-06-01T09:28:43.208Z - log: 设置的 IP 地址不存在，将使用默认 IP
2022-06-01T09:28:44.402Z - log: [Package] builder@1.3.2 enable
2022-06-01T09:28:44.440Z - log: [Package] shortcuts@1.0.1 enable
2022-06-01T09:28:44.473Z - log: [Package] animation-graph@1.0.0 enable
2022-06-01T09:28:44.495Z - log: [Package] runtime-dev-tools@1.0.0 enable
2022-06-01T09:28:44.521Z - log: [Package] channel-upload-tools@1.0.0 enable
2022-06-01T09:28:44.560Z - log: [Package] about@1.0.0 enable
2022-06-01T09:28:44.606Z - log: [Package] assets@1.0.0 enable
2022-06-01T09:28:44.646Z - log: [Package] console@1.0.0 enable
2022-06-01T09:28:44.967Z - log: [Package] extension@3.0.16 enable
2022-06-01T09:28:45.027Z - log: [Package] hierarchy@1.0.0 enable
2022-06-01T09:28:45.082Z - log: [Package] inspector@1.0.0 enable
2022-06-01T09:28:45.120Z - log: [Package] lightmap@1.0.4 enable
2022-06-01T09:28:45.177Z - log: [Package] node-library@1.0.1 enable
2022-06-01T09:28:45.201Z - log: [Package] package-asset@1.0.0 enable
2022-06-01T09:28:45.235Z - log: [Package] process@1.0.0 enable
2022-06-01T09:28:45.270Z - log: [Package] reference-image@1.0.0 enable
2022-06-01T09:28:45.292Z - log: [Package] alipay-mini-game@1.0.0 enable
2022-06-01T09:28:45.317Z - log: [Package] android@1.0.0 enable
2022-06-01T09:28:45.342Z - log: [Package] baidu-mini-game@1.0.0 enable
2022-06-01T09:28:45.366Z - log: [Package] bytedance-mini-game@1.0.1 enable
2022-06-01T09:28:45.390Z - log: [Package] cocos-play@1.0.0 enable
2022-06-01T09:28:45.416Z - log: [Package] huawei-agc@1.0.0 enable
2022-06-01T09:28:45.443Z - log: [Package] huawei-quick-game@1.0.0 enable
2022-06-01T09:28:47.035Z - log: [Package] ios@1.0.0 enable
2022-06-01T09:28:47.079Z - log: [Package] ios-app-clip@1.0.0 enable
2022-06-01T09:28:47.109Z - log: [Package] link-sure@1.0.0 enable
2022-06-01T09:28:47.134Z - log: [Package] linux@1.0.0 enable
2022-06-01T09:28:47.159Z - log: [Package] mac@1.0.0 enable
2022-06-01T09:28:47.398Z - log: [Package] native@1.0.0 enable
2022-06-01T09:28:47.410Z - verbose: [AssetDB] Require engine code (3275ms)
2022-06-01T09:28:47.427Z - log: [Package] ohos@1.0.0 enable
2022-06-01T09:28:47.458Z - log: [Package] open-harmonyos@1.0.0 enable
2022-06-01T09:28:47.488Z - log: [Package] oppo-mini-game@1.0.0 enable
2022-06-01T09:28:47.536Z - log: [Package] qtt@1.0.0 enable
2022-06-01T09:28:47.591Z - log: [Package] vivo-mini-game@1.0.0 enable
2022-06-01T09:28:47.642Z - log: [Package] web-desktop@1.0.0 enable
2022-06-01T09:28:47.735Z - log: [Package] web-mobile@1.0.0 enable
2022-06-01T09:28:47.855Z - log: [Package] wechatgame@1.0.1 enable
2022-06-01T09:28:47.914Z - log: [Package] windows@1.0.0 enable
2022-06-01T09:28:47.941Z - log: [Package] xiaomi-quick-game@1.0.0 enable
2022-06-01T09:28:48.290Z - log: [Package] cocos-service@3.0.3 enable
2022-06-01T09:28:48.335Z - log: [Package] importer@1.0.0 enable
2022-06-01T09:28:48.724Z - log: [Im-plugin] Check im-plugin version.
2022-06-01T09:28:48.768Z - log: [Package] im-plugin@3.0.8 enable
2022-06-01T09:28:50.558Z - log: [Im-plugin] No online info of im-plugin.
2022-06-01T09:28:50.768Z - log: 设置的 IP 地址不存在，将使用默认 IP
2022-06-01T09:29:02.433Z - verbose: [Scene] Require engine code (1ms)
2022-06-01T09:29:02.434Z - verbose: [Scene] Startup engine (1ms)
2022-06-01T09:29:02.490Z - log: [Scene] Cocos Creator v3.5.0
2022-06-01T09:29:02.811Z - verbose: [Scene] Open engine (377ms)
2022-06-01T09:29:02.812Z - verbose: [Scene] Configure engine (0ms)
2022-06-01T09:29:02.582Z - info: [Scene] Forward render pipeline initialized.
2022-06-01T09:29:35.422Z - warn: Metrics: no valid info
