2022-05-09 14:42:14-log: [Package] menu@1.0.0 enable
2022-05-09 14:42:14-log: [Package] profile@1.0.0 enable
2022-05-09 14:42:14-log: [Package] project@1.0.1 enable
2022-05-09 14:42:14-log: [Package] messages@1.0.0 enable
2022-05-09 14:42:14-log: [Package] program@1.0.0 enable
2022-05-09 14:42:14-log: [Package] device@1.0.1 enable
2022-05-09 14:42:14-log: [Package] ui-kit@1.0.1 enable
2022-05-09 14:42:14-log: [Package] tester@1.0.0 enable
2022-05-09 14:42:14-log: [Package] preferences@1.0.0 enable
2022-05-09 14:42:15-log: Setup mods mgr.: 324.173ms
2022-05-09 14:42:15-log: Profile changed: engine (modules.includeModules: 2d,3d,audio,base,dragon-bones,gfx-webgl,gfx-webgl2,intersection-2d,marionette,particle,particle-2d,physics-2d-box2d,physics-ammo,primitive,profiler,spine,terrain,tiled-map,tween,ui,video,webview)
2022-05-09 14:42:15-log: [Package] engine@1.0.5 enable
2022-05-09 14:42:18-log: [Package] programming@1.0.0 enable
2022-05-09 14:42:18-log: [Package] Profile Migrate: builder@Cocos Creator...
2022-05-09 14:42:18-log: [Package] Profile Migrate: builder@Cocos Creator...
2022-05-09 14:42:18-log: [Package] engine-extends@1.0.0 enable
2022-05-09 14:42:18-log: [Package] asset-db@1.0.0 enable
2022-05-09 14:42:18-log: [Package] console@1.0.0 enable
2022-05-09 14:42:18-log: [Package] scene@1.0.0 enable
2022-05-09 14:42:18-log: [Package] about@1.0.0 enable
2022-05-09 14:42:18-log: [Package] server@1.0.0 enable
2022-05-09 14:42:18-log: [Package] utils@1.0.0 enable
2022-05-09 14:42:18-log: [Package] assets@1.0.0 enable
2022-05-09 14:42:19-log: [Package] inspector@1.0.0 enable
2022-05-09 14:42:19-log: [Package] hierarchy@1.0.0 enable
2022-05-09 14:42:21-log: 设置的 IP 地址不存在，将使用默认 IP
2022-05-09 14:42:22-log: [Package] builder@1.3.1 enable
2022-05-09 14:42:22-log: [Package] node-library@1.0.0 enable
2022-05-09 14:42:22-log: [Package] shortcuts@1.0.1 enable
2022-05-09 14:42:22-log: [Package] package-asset@1.0.0 enable
2022-05-09 14:42:22-log: [Package] reference-image@1.0.0 enable
2022-05-09 14:42:22-log: [Package] animation-graph@1.0.0 enable
2022-05-09 14:42:23-log: [Package] channel-upload-tools@1.0.0 enable
2022-05-09 14:42:23-log: [Package] runtime-dev-tools@1.0.0 enable
2022-05-09 14:42:23-log: [Package] lightmap@1.0.4 enable
2022-05-09 14:42:23-log: [Package] alipay-mini-game@1.0.0 enable
2022-05-09 14:42:23-log: [Package] android@1.0.0 enable
2022-05-09 14:42:23-log: [Package] baidu-mini-game@1.0.0 enable
2022-05-09 14:42:23-log: [Package] bytedance-mini-game@1.0.1 enable
2022-05-09 14:42:23-log: [Package] huawei-agc@1.0.0 enable
2022-05-09 14:42:24-log: [Package] ios@1.0.0 enable
2022-05-09 14:42:24-log: [Package] ios-app-clip@1.0.0 enable
2022-05-09 14:42:24-log: [Package] mac@1.0.0 enable
2022-05-09 14:42:24-log: [Package] native@1.0.0 enable
2022-05-09 14:42:24-log: [Package] ohos@1.0.0 enable
2022-05-09 14:42:24-log: [Package] web-desktop@1.0.0 enable
2022-05-09 14:42:24-log: [Package] web-mobile@1.0.0 enable
2022-05-09 14:42:25-log: [Package] wechatgame@1.0.1 enable
2022-05-09 14:42:25-log: [Package] windows@1.0.0 enable
2022-05-09 14:42:25-log: [Package] xiaomi-quick-game@1.0.0 enable
2022-05-09 14:42:25-log: [Package] cocos-play@1.0.0 enable
2022-05-09 14:42:25-log: [Package] huawei-quick-game@1.0.0 enable
2022-05-09 14:42:25-log: [Package] link-sure@1.0.0 enable
2022-05-09 14:42:25-log: [Package] oppo-mini-game@1.0.0 enable
2022-05-09 14:42:25-log: [Package] qtt@1.0.0 enable
2022-05-09 14:42:25-log: [Package] vivo-mini-game@1.0.0 enable
2022-05-09 14:42:25-log: [Package] cocos-service@3.0.2 enable
2022-05-09 14:42:25-log: [Package] importer@1.0.0 enable
2022-05-09 14:42:26-log: [Package] extension@3.0.15 enable
2022-05-09 14:42:26-log: [Im-plugin] Check im-plugin version.
2022-05-09 14:42:26-log: [Package] im-plugin@3.0.8 enable
2022-05-09 14:42:27-log: 设置的 IP 地址不存在，将使用默认 IP
2022-05-09 14:42:28-log: [Im-plugin] No online info of im-plugin.
2022-05-09 14:42:34-warn: Browserslist: caniuse-lite is outdated. Please run:
npx browserslist@latest --update-db

Why you should do it regularly:
https://github.com/browserslist/browserslist#browsers-data-updating
2022-05-09 14:42:34-log: [Scene] Cocos Creator v3.4.2
2022-05-09 14:42:34-info: [Scene] Forward render pipeline initialized.
2022-06-01T09:58:19.391Z - log: [Package] menu@1.0.0 enable
2022-06-01T09:58:19.394Z - log: [Package] profile@1.0.0 enable
2022-06-01T09:58:19.414Z - log: [Package] project@1.0.2 enable
2022-06-01T09:58:19.421Z - log: [Package] messages@1.0.0 enable
2022-06-01T09:58:19.427Z - log: [Package] program@1.0.0 enable
2022-06-01T09:58:19.434Z - log: [Package] tester@1.0.0 enable
2022-06-01T09:58:19.442Z - log: [Package] preferences@1.0.0 enable
2022-06-01T09:58:20.183Z - log: Setup mods mgr.: 325.637ms
2022-06-01T09:58:20.192Z - verbose: [Engine] QuickCompile engine (678ms)
2022-06-01T09:58:20.195Z - log: [Package] engine@1.0.6 enable
2022-06-01T09:58:21.030Z - log: [Package] programming@1.0.0 enable
2022-06-01T09:58:21.318Z - log: [Package] device@1.0.1 enable
2022-06-01T09:58:21.350Z - log: [Package] ui-kit@1.0.1 enable
2022-06-01T09:58:21.373Z - log: [Package] engine-extends@1.0.0 enable
2022-06-01T09:58:21.437Z - log: [Package] asset-db@1.0.0 enable
2022-06-01T09:58:21.480Z - log: [Package] scene@1.0.0 enable
2022-06-01T09:58:21.731Z - log: [Package] server@1.0.0 enable
2022-06-01T09:58:21.770Z - log: [Package] utils@1.0.0 enable
2022-06-01T09:58:26.108Z - log: [Package] preview@1.0.1 enable
2022-06-01T09:58:26.147Z - log: [Package] animator@1.0.0 enable
2022-06-01T09:58:26.331Z - log: 设置的 IP 地址不存在，将使用默认 IP
2022-06-01T09:58:27.329Z - log: [Package] builder@1.3.2 enable
2022-06-01T09:58:27.363Z - log: [Package] shortcuts@1.0.1 enable
2022-06-01T09:58:27.397Z - log: [Package] animation-graph@1.0.0 enable
2022-06-01T09:58:27.422Z - log: [Package] runtime-dev-tools@1.0.0 enable
2022-06-01T09:58:27.444Z - log: [Package] channel-upload-tools@1.0.0 enable
2022-06-01T09:58:27.478Z - log: [Package] about@1.0.0 enable
2022-06-01T09:58:27.515Z - log: [Package] assets@1.0.0 enable
2022-06-01T09:58:27.552Z - log: [Package] console@1.0.0 enable
2022-06-01T09:58:27.810Z - log: [Package] extension@3.0.16 enable
2022-06-01T09:58:27.856Z - log: [Package] hierarchy@1.0.0 enable
2022-06-01T09:58:27.901Z - log: [Package] inspector@1.0.0 enable
2022-06-01T09:58:27.940Z - log: [Package] lightmap@1.0.4 enable
2022-06-01T09:58:27.976Z - log: [Package] node-library@1.0.1 enable
2022-06-01T09:58:28.003Z - log: [Package] package-asset@1.0.0 enable
2022-06-01T09:58:28.039Z - log: [Package] process@1.0.0 enable
2022-06-01T09:58:28.091Z - log: [Package] reference-image@1.0.0 enable
2022-06-01T09:58:28.121Z - log: [Package] alipay-mini-game@1.0.0 enable
2022-06-01T09:58:28.181Z - log: [Package] android@1.0.0 enable
2022-06-01T09:58:28.253Z - log: [Package] baidu-mini-game@1.0.0 enable
2022-06-01T09:58:28.289Z - log: [Package] bytedance-mini-game@1.0.1 enable
2022-06-01T09:58:28.319Z - log: [Package] cocos-play@1.0.0 enable
2022-06-01T09:58:28.352Z - log: [Package] huawei-agc@1.0.0 enable
2022-06-01T09:58:28.381Z - log: [Package] huawei-quick-game@1.0.0 enable
2022-06-01T09:58:29.787Z - log: [Package] ios@1.0.0 enable
2022-06-01T09:58:29.815Z - log: [Package] ios-app-clip@1.0.0 enable
2022-06-01T09:58:29.839Z - log: [Package] link-sure@1.0.0 enable
2022-06-01T09:58:29.865Z - log: [Package] linux@1.0.0 enable
2022-06-01T09:58:29.892Z - log: [Package] mac@1.0.0 enable
2022-06-01T09:58:30.040Z - log: [Package] native@1.0.0 enable
2022-06-01T09:58:30.051Z - verbose: [AssetDB] Require engine code (2918ms)
2022-06-01T09:58:30.081Z - log: [Package] ohos@1.0.0 enable
2022-06-01T09:58:30.117Z - log: [Package] open-harmonyos@1.0.0 enable
2022-06-01T09:58:30.151Z - log: [Package] oppo-mini-game@1.0.0 enable
2022-06-01T09:58:30.178Z - log: [Package] qtt@1.0.0 enable
2022-06-01T09:58:30.206Z - log: [Package] vivo-mini-game@1.0.0 enable
2022-06-01T09:58:30.250Z - log: [Package] web-desktop@1.0.0 enable
2022-06-01T09:58:30.289Z - log: [Package] web-mobile@1.0.0 enable
2022-06-01T09:58:30.346Z - log: [Package] wechatgame@1.0.1 enable
2022-06-01T09:58:30.413Z - log: [Package] windows@1.0.0 enable
2022-06-01T09:58:30.443Z - log: [Package] xiaomi-quick-game@1.0.0 enable
2022-06-01T09:58:30.931Z - log: [Package] cocos-service@3.0.3 enable
2022-06-01T09:58:30.990Z - log: [Package] importer@1.0.0 enable
2022-06-01T09:58:31.449Z - log: [Im-plugin] Check im-plugin version.
2022-06-01T09:58:31.473Z - log: [Package] im-plugin@3.0.8 enable
2022-06-01T09:58:32.298Z - log: [Im-plugin] No online info of im-plugin.
2022-06-01T09:58:33.136Z - log: 设置的 IP 地址不存在，将使用默认 IP
2022-06-01T09:58:46.551Z - verbose: [Scene] Require engine code (0ms)
2022-06-01T09:58:46.554Z - verbose: [Scene] Startup engine (1ms)
2022-06-01T09:58:46.627Z - log: [Scene] Cocos Creator v3.5.1
2022-06-01T09:58:46.940Z - verbose: [Scene] Open engine (387ms)
2022-06-01T09:58:46.940Z - verbose: [Scene] Configure engine (0ms)
2022-06-01T09:58:46.713Z - info: [Scene] Forward render pipeline initialized.
2022-06-01T09:59:01.853Z - warn: Metrics: no valid info
