2022-05-09 14:45:15-log: [Package] menu@1.0.0 enable
2022-05-09 14:45:15-log: [Package] profile@1.0.0 enable
2022-05-09 14:45:15-log: [Package] project@1.0.1 enable
2022-05-09 14:45:15-log: [Package] messages@1.0.0 enable
2022-05-09 14:45:15-log: [Package] program@1.0.0 enable
2022-05-09 14:45:15-log: [Package] device@1.0.1 enable
2022-05-09 14:45:15-log: [Package] ui-kit@1.0.1 enable
2022-05-09 14:45:15-log: [Package] tester@1.0.0 enable
2022-05-09 14:45:15-log: [Package] preferences@1.0.0 enable
2022-05-09 14:45:15-log: Setup mods mgr.: 317.336ms
2022-05-09 14:45:15-log: Profile changed: engine (modules.includeModules: 2d,3d,audio,base,dragon-bones,gfx-webgl,gfx-webgl2,intersection-2d,marionette,particle,particle-2d,physics-2d-box2d,physics-ammo,primitive,profiler,spine,terrain,tiled-map,tween,ui,video,webview)
2022-05-09 14:45:15-log: [Package] engine@1.0.5 enable
2022-05-09 14:45:18-log: [Package] programming@1.0.0 enable
2022-05-09 14:45:18-log: [Package] Profile Migrate: builder@Cocos Creator...
2022-05-09 14:45:18-log: [Package] Profile Migrate: builder@Cocos Creator...
2022-05-09 14:45:18-log: [Package] engine-extends@1.0.0 enable
2022-05-09 14:45:18-log: [Package] asset-db@1.0.0 enable
2022-05-09 14:45:18-log: [Package] console@1.0.0 enable
2022-05-09 14:45:18-log: [Package] scene@1.0.0 enable
2022-05-09 14:45:18-log: [Package] about@1.0.0 enable
2022-05-09 14:45:19-log: [Package] server@1.0.0 enable
2022-05-09 14:45:19-log: [Package] utils@1.0.0 enable
2022-05-09 14:45:19-log: [Package] assets@1.0.0 enable
2022-05-09 14:45:19-log: [Package] inspector@1.0.0 enable
2022-05-09 14:45:19-log: [Package] hierarchy@1.0.0 enable
2022-05-09 14:45:21-log: 设置的 IP 地址不存在，将使用默认 IP
2022-05-09 14:45:22-log: [Package] builder@1.3.1 enable
2022-05-09 14:45:22-log: [Package] node-library@1.0.0 enable
2022-05-09 14:45:23-log: [Package] shortcuts@1.0.1 enable
2022-05-09 14:45:23-log: [Package] package-asset@1.0.0 enable
2022-05-09 14:45:23-log: [Package] reference-image@1.0.0 enable
2022-05-09 14:45:23-log: [Package] animation-graph@1.0.0 enable
2022-05-09 14:45:23-log: [Package] channel-upload-tools@1.0.0 enable
2022-05-09 14:45:23-log: [Package] runtime-dev-tools@1.0.0 enable
2022-05-09 14:45:23-log: [Package] lightmap@1.0.4 enable
2022-05-09 14:45:23-log: [Package] alipay-mini-game@1.0.0 enable
2022-05-09 14:45:23-log: [Package] android@1.0.0 enable
2022-05-09 14:45:23-log: [Package] baidu-mini-game@1.0.0 enable
2022-05-09 14:45:23-log: [Package] bytedance-mini-game@1.0.1 enable
2022-05-09 14:45:23-log: [Package] huawei-agc@1.0.0 enable
2022-05-09 14:45:24-log: [Package] ios@1.0.0 enable
2022-05-09 14:45:24-log: [Package] ios-app-clip@1.0.0 enable
2022-05-09 14:45:24-log: [Package] mac@1.0.0 enable
2022-05-09 14:45:24-log: [Package] native@1.0.0 enable
2022-05-09 14:45:24-log: [Package] ohos@1.0.0 enable
2022-05-09 14:45:24-log: [Package] web-desktop@1.0.0 enable
2022-05-09 14:45:25-log: [Package] web-mobile@1.0.0 enable
2022-05-09 14:45:25-log: [Package] wechatgame@1.0.1 enable
2022-05-09 14:45:25-log: [Package] windows@1.0.0 enable
2022-05-09 14:45:25-log: [Package] xiaomi-quick-game@1.0.0 enable
2022-05-09 14:45:25-log: [Package] cocos-play@1.0.0 enable
2022-05-09 14:45:25-log: [Package] huawei-quick-game@1.0.0 enable
2022-05-09 14:45:25-log: [Package] link-sure@1.0.0 enable
2022-05-09 14:45:25-log: [Package] oppo-mini-game@1.0.0 enable
2022-05-09 14:45:25-log: [Package] qtt@1.0.0 enable
2022-05-09 14:45:25-log: [Package] vivo-mini-game@1.0.0 enable
2022-05-09 14:45:25-log: [Package] cocos-service@3.0.2 enable
2022-05-09 14:45:25-log: [Package] importer@1.0.0 enable
2022-05-09 14:45:26-log: [Package] extension@3.0.15 enable
2022-05-09 14:45:26-log: [Im-plugin] Check im-plugin version.
2022-05-09 14:45:26-log: [Package] im-plugin@3.0.8 enable
2022-05-09 14:45:27-log: 设置的 IP 地址不存在，将使用默认 IP
2022-05-09 14:45:27-log: [Im-plugin] No online info of im-plugin.
2022-05-09 14:45:35-warn: Browserslist: caniuse-lite is outdated. Please run:
npx browserslist@latest --update-db

Why you should do it regularly:
https://github.com/browserslist/browserslist#browsers-data-updating
2022-05-09 14:45:35-log: [Scene] Cocos Creator v3.4.2
2022-05-09 14:45:35-info: [Scene] Forward render pipeline initialized.
2022-06-01T09:48:21.241Z - log: [Package] menu@1.0.0 enable
2022-06-01T09:48:21.244Z - log: [Package] profile@1.0.0 enable
2022-06-01T09:48:21.258Z - log: [Package] project@1.0.2 enable
2022-06-01T09:48:21.264Z - log: [Package] messages@1.0.0 enable
2022-06-01T09:48:21.271Z - log: [Package] program@1.0.0 enable
2022-06-01T09:48:21.277Z - log: [Package] tester@1.0.0 enable
2022-06-01T09:48:21.284Z - log: [Package] preferences@1.0.0 enable
2022-06-01T09:48:22.077Z - log: Setup mods mgr.: 327.315ms
2022-06-01T09:48:22.091Z - verbose: [Engine] QuickCompile engine (743ms)
2022-06-01T09:48:22.094Z - log: [Package] engine@1.0.6 enable
2022-06-01T09:48:22.978Z - log: [Package] programming@1.0.0 enable
2022-06-01T09:48:23.376Z - log: [Package] device@1.0.1 enable
2022-06-01T09:48:23.403Z - log: [Package] ui-kit@1.0.1 enable
2022-06-01T09:48:23.431Z - log: [Package] engine-extends@1.0.0 enable
2022-06-01T09:48:23.499Z - log: [Package] asset-db@1.0.0 enable
2022-06-01T09:48:23.552Z - log: [Package] scene@1.0.0 enable
2022-06-01T09:48:23.901Z - log: [Package] server@1.0.0 enable
2022-06-01T09:48:23.933Z - log: [Package] utils@1.0.0 enable
2022-06-01T09:48:28.560Z - log: [Package] preview@1.0.1 enable
2022-06-01T09:48:28.596Z - log: [Package] animator@1.0.0 enable
2022-06-01T09:48:28.691Z - log: 设置的 IP 地址不存在，将使用默认 IP
2022-06-01T09:48:29.652Z - log: [Package] builder@1.3.2 enable
2022-06-01T09:48:29.685Z - log: [Package] shortcuts@1.0.1 enable
2022-06-01T09:48:29.718Z - log: [Package] animation-graph@1.0.0 enable
2022-06-01T09:48:29.741Z - log: [Package] runtime-dev-tools@1.0.0 enable
2022-06-01T09:48:29.766Z - log: [Package] channel-upload-tools@1.0.0 enable
2022-06-01T09:48:29.802Z - log: [Package] about@1.0.0 enable
2022-06-01T09:48:29.839Z - log: [Package] assets@1.0.0 enable
2022-06-01T09:48:29.881Z - log: [Package] console@1.0.0 enable
2022-06-01T09:48:30.280Z - log: [Package] extension@3.0.16 enable
2022-06-01T09:48:30.317Z - log: [Package] hierarchy@1.0.0 enable
2022-06-01T09:48:30.354Z - log: [Package] inspector@1.0.0 enable
2022-06-01T09:48:30.392Z - log: [Package] lightmap@1.0.4 enable
2022-06-01T09:48:30.433Z - log: [Package] node-library@1.0.1 enable
2022-06-01T09:48:30.461Z - log: [Package] package-asset@1.0.0 enable
2022-06-01T09:48:30.502Z - log: [Package] process@1.0.0 enable
2022-06-01T09:48:30.579Z - log: [Package] reference-image@1.0.0 enable
2022-06-01T09:48:30.612Z - log: [Package] alipay-mini-game@1.0.0 enable
2022-06-01T09:48:30.649Z - log: [Package] android@1.0.0 enable
2022-06-01T09:48:30.684Z - log: [Package] baidu-mini-game@1.0.0 enable
2022-06-01T09:48:30.709Z - log: [Package] bytedance-mini-game@1.0.1 enable
2022-06-01T09:48:30.748Z - log: [Package] cocos-play@1.0.0 enable
2022-06-01T09:48:30.777Z - log: [Package] huawei-agc@1.0.0 enable
2022-06-01T09:48:30.803Z - log: [Package] huawei-quick-game@1.0.0 enable
2022-06-01T09:48:32.319Z - log: [Package] ios@1.0.0 enable
2022-06-01T09:48:32.350Z - log: [Package] ios-app-clip@1.0.0 enable
2022-06-01T09:48:32.377Z - log: [Package] link-sure@1.0.0 enable
2022-06-01T09:48:32.404Z - log: [Package] linux@1.0.0 enable
2022-06-01T09:48:32.435Z - log: [Package] mac@1.0.0 enable
2022-06-01T09:48:32.618Z - log: [Package] native@1.0.0 enable
2022-06-01T09:48:32.627Z - verbose: [AssetDB] Require engine code (3205ms)
2022-06-01T09:48:32.648Z - log: [Package] ohos@1.0.0 enable
2022-06-01T09:48:32.674Z - log: [Package] open-harmonyos@1.0.0 enable
2022-06-01T09:48:32.699Z - log: [Package] oppo-mini-game@1.0.0 enable
2022-06-01T09:48:32.727Z - log: [Package] qtt@1.0.0 enable
2022-06-01T09:48:32.759Z - log: [Package] vivo-mini-game@1.0.0 enable
2022-06-01T09:48:32.803Z - log: [Package] web-desktop@1.0.0 enable
2022-06-01T09:48:32.849Z - log: [Package] web-mobile@1.0.0 enable
2022-06-01T09:48:32.894Z - log: [Package] wechatgame@1.0.1 enable
2022-06-01T09:48:32.941Z - log: [Package] windows@1.0.0 enable
2022-06-01T09:48:32.965Z - log: [Package] xiaomi-quick-game@1.0.0 enable
2022-06-01T09:48:33.429Z - log: [Package] cocos-service@3.0.3 enable
2022-06-01T09:48:33.481Z - log: [Package] importer@1.0.0 enable
2022-06-01T09:48:33.950Z - log: [Im-plugin] Check im-plugin version.
2022-06-01T09:48:33.969Z - log: [Package] im-plugin@3.0.8 enable
2022-06-01T09:48:34.800Z - log: [Im-plugin] No online info of im-plugin.
2022-06-01T09:48:35.371Z - log: 设置的 IP 地址不存在，将使用默认 IP
2022-06-01T09:48:48.037Z - verbose: [Scene] Require engine code (1ms)
2022-06-01T09:48:48.040Z - verbose: [Scene] Startup engine (1ms)
2022-06-01T09:48:48.077Z - log: [Scene] Cocos Creator v3.5.1
2022-06-01T09:48:48.373Z - verbose: [Scene] Open engine (335ms)
2022-06-01T09:48:48.373Z - verbose: [Scene] Configure engine (0ms)
2022-06-01T09:48:48.159Z - info: [Scene] Forward render pipeline initialized.
2022-06-01T09:49:14.937Z - warn: Metrics: no valid info
