debug: Tue, 31 May 2022 05:34:42 GMT
debug: Project: /Users/mu/work/gitee/cocos-creator-how-to-use/proj/Graphics/Creator3.5.0_2D_GraphicsSineWaves
debug: Targets: editor,preview
debug: [PackerDriver] Options doesn't match.
Last: {
  "version": "19",
  "config": {
    "useDefineForClassFields": true,
    "allowDeclareFields": true,
    "loose": true,
    "exportsConditions": [
      "browser"
    ],
    "guessCommonJsExports": false
  }
}
Current: {
  "version": "14",
  "config": {
    "useDefineForClassFields": true,
    "allowDeclareFields": true,
    "loose": true,
    "exportsConditions": [
      "browser"
    ],
    "guessCommonJsExports": false
  }
}
debug: Clearing out the targets...
debug: Engine path: /Applications/CocosCreator/Creator/3.5.0/CocosCreator.app/Contents/Resources/resources/3d/engine
debug: Initializing target [Editor]
debug: Loading cache
debug: Record file loaded failed with error: Error: ENOENT: no such file or directory, open '/Users/mu/work/gitee/cocos-creator-how-to-use/proj/Graphics/Creator3.5.0_2D_GraphicsSineWaves/temp/programming/packer-driver/targets/editor/main-record.json'
debug: Loading cache costs 0.6195039991289377ms.
debug: Engine features shipped in editor: base,gfx-webgl,gfx-webgl2,3d,animation,skeletal-animation,2d,ui,particle,particle-2d,physics-framework,physics-2d-framework,intersection-2d,primitive,profiler,audio,video,terrain,webview,tween,tiled-map,spine,dragon-bones,marionette
debug: Initializing target [Preview]
debug: Loading cache
debug: Record file loaded failed with error: Error: ENOENT: no such file or directory, open '/Users/mu/work/gitee/cocos-creator-how-to-use/proj/Graphics/Creator3.5.0_2D_GraphicsSineWaves/temp/programming/packer-driver/targets/preview/main-record.json'
debug: Loading cache costs 2.0250819995999336ms.
debug: Sync engine features: 2d,3d,animation,audio,base,dragon-bones,gfx-webgl,gfx-webgl2,intersection-2d,marionette,particle,particle-2d,physics-2d-box2d,physics-ammo,primitive,profiler,skeletal-animation,spine,terrain,tiled-map,tween,ui,video,webview
debug: Pulling asset-db.
debug: Fetch asset-db cost: 12.819230999797583ms.
debug: Build iteration starts.
Number of accumulated asset changes: 2
Feature changed: false
debug: Target(editor) build started.
debug: Inspect cce:/internal/x/cc
debug: Resolve cce:/internal/x/cc-fu/base from cce:/internal/x/cc as external dependency cce:/internal/x/cc-fu/base.
debug: Resolve cce:/internal/x/cc-fu/gfx-webgl from cce:/internal/x/cc as external dependency cce:/internal/x/cc-fu/gfx-webgl.
debug: Resolve cce:/internal/x/cc-fu/gfx-webgl2 from cce:/internal/x/cc as external dependency cce:/internal/x/cc-fu/gfx-webgl2.
debug: Resolve cce:/internal/x/cc-fu/3d from cce:/internal/x/cc as external dependency cce:/internal/x/cc-fu/3d.
debug: Resolve cce:/internal/x/cc-fu/animation from cce:/internal/x/cc as external dependency cce:/internal/x/cc-fu/animation.
debug: Resolve cce:/internal/x/cc-fu/skeletal-animation from cce:/internal/x/cc as external dependency cce:/internal/x/cc-fu/skeletal-animation.
debug: Resolve cce:/internal/x/cc-fu/2d from cce:/internal/x/cc as external dependency cce:/internal/x/cc-fu/2d.
debug: Resolve cce:/internal/x/cc-fu/ui from cce:/internal/x/cc as external dependency cce:/internal/x/cc-fu/ui.
debug: Resolve cce:/internal/x/cc-fu/particle from cce:/internal/x/cc as external dependency cce:/internal/x/cc-fu/particle.
debug: Resolve cce:/internal/x/cc-fu/particle-2d from cce:/internal/x/cc as external dependency cce:/internal/x/cc-fu/particle-2d.
debug: Resolve cce:/internal/x/cc-fu/physics-framework from cce:/internal/x/cc as external dependency cce:/internal/x/cc-fu/physics-framework.
debug: Resolve cce:/internal/x/cc-fu/physics-2d-framework from cce:/internal/x/cc as external dependency cce:/internal/x/cc-fu/physics-2d-framework.
debug: Resolve cce:/internal/x/cc-fu/intersection-2d from cce:/internal/x/cc as external dependency cce:/internal/x/cc-fu/intersection-2d.
debug: Resolve cce:/internal/x/cc-fu/primitive from cce:/internal/x/cc as external dependency cce:/internal/x/cc-fu/primitive.
debug: Resolve cce:/internal/x/cc-fu/profiler from cce:/internal/x/cc as external dependency cce:/internal/x/cc-fu/profiler.
debug: Resolve cce:/internal/x/cc-fu/audio from cce:/internal/x/cc as external dependency cce:/internal/x/cc-fu/audio.
debug: Resolve cce:/internal/x/cc-fu/video from cce:/internal/x/cc as external dependency cce:/internal/x/cc-fu/video.
debug: Resolve cce:/internal/x/cc-fu/terrain from cce:/internal/x/cc as external dependency cce:/internal/x/cc-fu/terrain.
debug: Resolve cce:/internal/x/cc-fu/webview from cce:/internal/x/cc as external dependency cce:/internal/x/cc-fu/webview.
debug: Resolve cce:/internal/x/cc-fu/tween from cce:/internal/x/cc as external dependency cce:/internal/x/cc-fu/tween.
debug: Resolve cce:/internal/x/cc-fu/tiled-map from cce:/internal/x/cc as external dependency cce:/internal/x/cc-fu/tiled-map.
debug: Resolve cce:/internal/x/cc-fu/spine from cce:/internal/x/cc as external dependency cce:/internal/x/cc-fu/spine.
debug: Resolve cce:/internal/x/cc-fu/dragon-bones from cce:/internal/x/cc as external dependency cce:/internal/x/cc-fu/dragon-bones.
debug: Inspect cce:/internal/x/prerequisite-imports
debug: Resolve file:///Users/mu/work/gitee/cocos-creator-how-to-use/proj/Graphics/Creator3.5.0_2D_GraphicsSineWaves/assets/SineWaves.ts from cce:/internal/x/prerequisite-imports as file:///Users/mu/work/gitee/cocos-creator-how-to-use/proj/Graphics/Creator3.5.0_2D_GraphicsSineWaves/assets/SineWaves.ts.
debug: Inspect file:///Users/mu/work/gitee/cocos-creator-how-to-use/proj/Graphics/Creator3.5.0_2D_GraphicsSineWaves/assets/SineWaves.ts
debug: Resolve cce:/internal/code-quality/cr.mjs from file:///Users/mu/work/gitee/cocos-creator-how-to-use/proj/Graphics/Creator3.5.0_2D_GraphicsSineWaves/assets/SineWaves.ts as cce:/internal/code-quality/cr.mjs.
debug: Inspect cce:/internal/code-quality/cr.mjs
debug: Resolve cc from file:///Users/mu/work/gitee/cocos-creator-how-to-use/proj/Graphics/Creator3.5.0_2D_GraphicsSineWaves/assets/SineWaves.ts as cce:/internal/x/cc.
debug: Resolve cc from file:///Users/mu/work/gitee/cocos-creator-how-to-use/proj/Graphics/Creator3.5.0_2D_GraphicsSineWaves/assets/SineWaves.ts as cce:/internal/x/cc.
debug: Resolve ./Wave from file:///Users/mu/work/gitee/cocos-creator-how-to-use/proj/Graphics/Creator3.5.0_2D_GraphicsSineWaves/assets/SineWaves.ts as file:///Users/mu/work/gitee/cocos-creator-how-to-use/proj/Graphics/Creator3.5.0_2D_GraphicsSineWaves/assets/Wave.ts.
debug: Inspect file:///Users/mu/work/gitee/cocos-creator-how-to-use/proj/Graphics/Creator3.5.0_2D_GraphicsSineWaves/assets/Wave.ts
debug: Resolve cc from file:///Users/mu/work/gitee/cocos-creator-how-to-use/proj/Graphics/Creator3.5.0_2D_GraphicsSineWaves/assets/Wave.ts as cce:/internal/x/cc.
debug: Resolve cc from file:///Users/mu/work/gitee/cocos-creator-how-to-use/proj/Graphics/Creator3.5.0_2D_GraphicsSineWaves/assets/Wave.ts as cce:/internal/x/cc.
debug: Resolve file:///Users/mu/work/gitee/cocos-creator-how-to-use/proj/Graphics/Creator3.5.0_2D_GraphicsSineWaves/assets/Wave.ts from cce:/internal/x/prerequisite-imports as file:///Users/mu/work/gitee/cocos-creator-how-to-use/proj/Graphics/Creator3.5.0_2D_GraphicsSineWaves/assets/Wave.ts.
debug: Target(editor) ends with cost 1101.5613189991564ms.
debug: Target(preview) build started.
debug: Inspect cce:/internal/x/cc
debug: Resolve cce:/internal/x/cc-fu/2d from cce:/internal/x/cc as external dependency cce:/internal/x/cc-fu/2d.
debug: Resolve cce:/internal/x/cc-fu/3d from cce:/internal/x/cc as external dependency cce:/internal/x/cc-fu/3d.
debug: Resolve cce:/internal/x/cc-fu/animation from cce:/internal/x/cc as external dependency cce:/internal/x/cc-fu/animation.
debug: Resolve cce:/internal/x/cc-fu/audio from cce:/internal/x/cc as external dependency cce:/internal/x/cc-fu/audio.
debug: Resolve cce:/internal/x/cc-fu/base from cce:/internal/x/cc as external dependency cce:/internal/x/cc-fu/base.
debug: Resolve cce:/internal/x/cc-fu/dragon-bones from cce:/internal/x/cc as external dependency cce:/internal/x/cc-fu/dragon-bones.
debug: Resolve cce:/internal/x/cc-fu/gfx-webgl from cce:/internal/x/cc as external dependency cce:/internal/x/cc-fu/gfx-webgl.
debug: Resolve cce:/internal/x/cc-fu/gfx-webgl2 from cce:/internal/x/cc as external dependency cce:/internal/x/cc-fu/gfx-webgl2.
debug: Resolve cce:/internal/x/cc-fu/intersection-2d from cce:/internal/x/cc as external dependency cce:/internal/x/cc-fu/intersection-2d.
debug: Resolve cce:/internal/x/cc-fu/particle from cce:/internal/x/cc as external dependency cce:/internal/x/cc-fu/particle.
debug: Resolve cce:/internal/x/cc-fu/particle-2d from cce:/internal/x/cc as external dependency cce:/internal/x/cc-fu/particle-2d.
debug: Resolve cce:/internal/x/cc-fu/physics-2d-box2d from cce:/internal/x/cc as external dependency cce:/internal/x/cc-fu/physics-2d-box2d.
debug: Resolve cce:/internal/x/cc-fu/physics-2d-framework from cce:/internal/x/cc as external dependency cce:/internal/x/cc-fu/physics-2d-framework.
debug: Resolve cce:/internal/x/cc-fu/physics-ammo from cce:/internal/x/cc as external dependency cce:/internal/x/cc-fu/physics-ammo.
debug: Resolve cce:/internal/x/cc-fu/physics-framework from cce:/internal/x/cc as external dependency cce:/internal/x/cc-fu/physics-framework.
debug: Resolve cce:/internal/x/cc-fu/wait-for-ammo-instantiation from cce:/internal/x/cc as external dependency cce:/internal/x/cc-fu/wait-for-ammo-instantiation.
debug: Resolve cce:/internal/x/cc-fu/primitive from cce:/internal/x/cc as external dependency cce:/internal/x/cc-fu/primitive.
debug: Resolve cce:/internal/x/cc-fu/profiler from cce:/internal/x/cc as external dependency cce:/internal/x/cc-fu/profiler.
debug: Resolve cce:/internal/x/cc-fu/skeletal-animation from cce:/internal/x/cc as external dependency cce:/internal/x/cc-fu/skeletal-animation.
debug: Resolve cce:/internal/x/cc-fu/spine from cce:/internal/x/cc as external dependency cce:/internal/x/cc-fu/spine.
debug: Resolve cce:/internal/x/cc-fu/terrain from cce:/internal/x/cc as external dependency cce:/internal/x/cc-fu/terrain.
debug: Resolve cce:/internal/x/cc-fu/tiled-map from cce:/internal/x/cc as external dependency cce:/internal/x/cc-fu/tiled-map.
debug: Resolve cce:/internal/x/cc-fu/tween from cce:/internal/x/cc as external dependency cce:/internal/x/cc-fu/tween.
debug: Resolve cce:/internal/x/cc-fu/ui from cce:/internal/x/cc as external dependency cce:/internal/x/cc-fu/ui.
debug: Resolve cce:/internal/x/cc-fu/video from cce:/internal/x/cc as external dependency cce:/internal/x/cc-fu/video.
debug: Resolve cce:/internal/x/cc-fu/webview from cce:/internal/x/cc as external dependency cce:/internal/x/cc-fu/webview.
debug: Inspect cce:/internal/x/prerequisite-imports
debug: Resolve file:///Users/mu/work/gitee/cocos-creator-how-to-use/proj/Graphics/Creator3.5.0_2D_GraphicsSineWaves/assets/SineWaves.ts from cce:/internal/x/prerequisite-imports as file:///Users/mu/work/gitee/cocos-creator-how-to-use/proj/Graphics/Creator3.5.0_2D_GraphicsSineWaves/assets/SineWaves.ts.
debug: Inspect file:///Users/mu/work/gitee/cocos-creator-how-to-use/proj/Graphics/Creator3.5.0_2D_GraphicsSineWaves/assets/SineWaves.ts
debug: Resolve cce:/internal/code-quality/cr.mjs from file:///Users/mu/work/gitee/cocos-creator-how-to-use/proj/Graphics/Creator3.5.0_2D_GraphicsSineWaves/assets/SineWaves.ts as cce:/internal/code-quality/cr.mjs.
debug: Inspect cce:/internal/code-quality/cr.mjs
debug: Resolve cc from file:///Users/mu/work/gitee/cocos-creator-how-to-use/proj/Graphics/Creator3.5.0_2D_GraphicsSineWaves/assets/SineWaves.ts as cce:/internal/x/cc.
debug: Resolve cc from file:///Users/mu/work/gitee/cocos-creator-how-to-use/proj/Graphics/Creator3.5.0_2D_GraphicsSineWaves/assets/SineWaves.ts as cce:/internal/x/cc.
debug: Resolve ./Wave from file:///Users/mu/work/gitee/cocos-creator-how-to-use/proj/Graphics/Creator3.5.0_2D_GraphicsSineWaves/assets/SineWaves.ts as file:///Users/mu/work/gitee/cocos-creator-how-to-use/proj/Graphics/Creator3.5.0_2D_GraphicsSineWaves/assets/Wave.ts.
debug: Inspect file:///Users/mu/work/gitee/cocos-creator-how-to-use/proj/Graphics/Creator3.5.0_2D_GraphicsSineWaves/assets/Wave.ts
debug: Resolve cc from file:///Users/mu/work/gitee/cocos-creator-how-to-use/proj/Graphics/Creator3.5.0_2D_GraphicsSineWaves/assets/Wave.ts as cce:/internal/x/cc.
debug: Resolve cc from file:///Users/mu/work/gitee/cocos-creator-how-to-use/proj/Graphics/Creator3.5.0_2D_GraphicsSineWaves/assets/Wave.ts as cce:/internal/x/cc.
debug: Resolve file:///Users/mu/work/gitee/cocos-creator-how-to-use/proj/Graphics/Creator3.5.0_2D_GraphicsSineWaves/assets/Wave.ts from cce:/internal/x/prerequisite-imports as file:///Users/mu/work/gitee/cocos-creator-how-to-use/proj/Graphics/Creator3.5.0_2D_GraphicsSineWaves/assets/Wave.ts.
debug: Target(preview) ends with cost 726.3386059999466ms.
debug: Dispatch build request for time accumulated 2 asset changes.
debug: Build iteration starts.
Number of accumulated asset changes: 2
Feature changed: false
debug: Target(editor) build started.
debug: Detected change: cce:/internal/x/prerequisite-imports. Last mtime: Thu Jan 01 1970 08:00:26 GMT+0800 (中国标准时间), Current mtime: Thu Jan 01 1970 08:00:47 GMT+0800 (中国标准时间)
debug: Inspect cce:/internal/x/prerequisite-imports
debug: Resolve file:///Users/mu/work/gitee/cocos-creator-how-to-use/proj/Graphics/Creator3.5.0_2D_GraphicsSineWaves/assets/script/SineWaves.ts from cce:/internal/x/prerequisite-imports as file:///Users/mu/work/gitee/cocos-creator-how-to-use/proj/Graphics/Creator3.5.0_2D_GraphicsSineWaves/assets/script/SineWaves.ts.
debug: Inspect file:///Users/mu/work/gitee/cocos-creator-how-to-use/proj/Graphics/Creator3.5.0_2D_GraphicsSineWaves/assets/script/SineWaves.ts
debug: Resolve cce:/internal/code-quality/cr.mjs from file:///Users/mu/work/gitee/cocos-creator-how-to-use/proj/Graphics/Creator3.5.0_2D_GraphicsSineWaves/assets/script/SineWaves.ts as cce:/internal/code-quality/cr.mjs.
debug: Resolve cc from file:///Users/mu/work/gitee/cocos-creator-how-to-use/proj/Graphics/Creator3.5.0_2D_GraphicsSineWaves/assets/script/SineWaves.ts as cce:/internal/x/cc.
debug: Resolve cc from file:///Users/mu/work/gitee/cocos-creator-how-to-use/proj/Graphics/Creator3.5.0_2D_GraphicsSineWaves/assets/script/SineWaves.ts as cce:/internal/x/cc.
debug: Resolve ./Wave from file:///Users/mu/work/gitee/cocos-creator-how-to-use/proj/Graphics/Creator3.5.0_2D_GraphicsSineWaves/assets/script/SineWaves.ts as file:///Users/mu/work/gitee/cocos-creator-how-to-use/proj/Graphics/Creator3.5.0_2D_GraphicsSineWaves/assets/script/Wave.ts.
debug: Inspect file:///Users/mu/work/gitee/cocos-creator-how-to-use/proj/Graphics/Creator3.5.0_2D_GraphicsSineWaves/assets/script/Wave.ts
debug: Resolve cc from file:///Users/mu/work/gitee/cocos-creator-how-to-use/proj/Graphics/Creator3.5.0_2D_GraphicsSineWaves/assets/script/Wave.ts as cce:/internal/x/cc.
debug: Resolve cc from file:///Users/mu/work/gitee/cocos-creator-how-to-use/proj/Graphics/Creator3.5.0_2D_GraphicsSineWaves/assets/script/Wave.ts as cce:/internal/x/cc.
debug: Resolve file:///Users/mu/work/gitee/cocos-creator-how-to-use/proj/Graphics/Creator3.5.0_2D_GraphicsSineWaves/assets/script/Wave.ts from cce:/internal/x/prerequisite-imports as file:///Users/mu/work/gitee/cocos-creator-how-to-use/proj/Graphics/Creator3.5.0_2D_GraphicsSineWaves/assets/script/Wave.ts.
debug: Target(editor) ends with cost 176.2905379999429ms.
debug: Target(preview) build started.
debug: Detected change: cce:/internal/x/prerequisite-imports. Last mtime: Thu Jan 01 1970 08:00:27 GMT+0800 (中国标准时间), Current mtime: Thu Jan 01 1970 08:00:48 GMT+0800 (中国标准时间)
debug: Inspect cce:/internal/x/prerequisite-imports
debug: Resolve file:///Users/mu/work/gitee/cocos-creator-how-to-use/proj/Graphics/Creator3.5.0_2D_GraphicsSineWaves/assets/script/SineWaves.ts from cce:/internal/x/prerequisite-imports as file:///Users/mu/work/gitee/cocos-creator-how-to-use/proj/Graphics/Creator3.5.0_2D_GraphicsSineWaves/assets/script/SineWaves.ts.
debug: Inspect file:///Users/mu/work/gitee/cocos-creator-how-to-use/proj/Graphics/Creator3.5.0_2D_GraphicsSineWaves/assets/script/SineWaves.ts
debug: Resolve cce:/internal/code-quality/cr.mjs from file:///Users/mu/work/gitee/cocos-creator-how-to-use/proj/Graphics/Creator3.5.0_2D_GraphicsSineWaves/assets/script/SineWaves.ts as cce:/internal/code-quality/cr.mjs.
debug: Resolve cc from file:///Users/mu/work/gitee/cocos-creator-how-to-use/proj/Graphics/Creator3.5.0_2D_GraphicsSineWaves/assets/script/SineWaves.ts as cce:/internal/x/cc.
debug: Resolve cc from file:///Users/mu/work/gitee/cocos-creator-how-to-use/proj/Graphics/Creator3.5.0_2D_GraphicsSineWaves/assets/script/SineWaves.ts as cce:/internal/x/cc.
debug: Resolve ./Wave from file:///Users/mu/work/gitee/cocos-creator-how-to-use/proj/Graphics/Creator3.5.0_2D_GraphicsSineWaves/assets/script/SineWaves.ts as file:///Users/mu/work/gitee/cocos-creator-how-to-use/proj/Graphics/Creator3.5.0_2D_GraphicsSineWaves/assets/script/Wave.ts.
debug: Inspect file:///Users/mu/work/gitee/cocos-creator-how-to-use/proj/Graphics/Creator3.5.0_2D_GraphicsSineWaves/assets/script/Wave.ts
debug: Resolve cc from file:///Users/mu/work/gitee/cocos-creator-how-to-use/proj/Graphics/Creator3.5.0_2D_GraphicsSineWaves/assets/script/Wave.ts as cce:/internal/x/cc.
debug: Resolve cc from file:///Users/mu/work/gitee/cocos-creator-how-to-use/proj/Graphics/Creator3.5.0_2D_GraphicsSineWaves/assets/script/Wave.ts as cce:/internal/x/cc.
debug: Resolve file:///Users/mu/work/gitee/cocos-creator-how-to-use/proj/Graphics/Creator3.5.0_2D_GraphicsSineWaves/assets/script/Wave.ts from cce:/internal/x/prerequisite-imports as file:///Users/mu/work/gitee/cocos-creator-how-to-use/proj/Graphics/Creator3.5.0_2D_GraphicsSineWaves/assets/script/Wave.ts.
debug: Target(preview) ends with cost 390.257814001292ms.
