2022-05-09 14:49:34-log: [Package] menu@1.0.0 enable
2022-05-09 14:49:34-log: [Package] profile@1.0.0 enable
2022-05-09 14:49:34-log: [Package] project@1.0.1 enable
2022-05-09 14:49:34-log: [Package] messages@1.0.0 enable
2022-05-09 14:49:34-log: [Package] program@1.0.0 enable
2022-05-09 14:49:34-log: [Package] device@1.0.1 enable
2022-05-09 14:49:34-log: [Package] ui-kit@1.0.1 enable
2022-05-09 14:49:34-log: [Package] tester@1.0.0 enable
2022-05-09 14:49:34-log: [Package] preferences@1.0.0 enable
2022-05-09 14:49:35-log: Setup mods mgr.: 316.462ms
2022-05-09 14:49:35-log: Profile changed: engine (modules.includeModules: 2d,3d,audio,base,dragon-bones,gfx-webgl,gfx-webgl2,intersection-2d,marionette,particle,particle-2d,physics-2d-box2d,physics-ammo,primitive,profiler,spine,terrain,tiled-map,tween,ui,video,webview)
2022-05-09 14:49:35-log: [Package] engine@1.0.5 enable
2022-05-09 14:49:38-log: [Package] programming@1.0.0 enable
2022-05-09 14:49:38-log: [Package] Profile Migrate: builder@Cocos Creator...
2022-05-09 14:49:38-log: [Package] Profile Migrate: builder@Cocos Creator...
2022-05-09 14:49:38-log: [Package] engine-extends@1.0.0 enable
2022-05-09 14:49:38-log: [Package] asset-db@1.0.0 enable
2022-05-09 14:49:38-log: [Package] console@1.0.0 enable
2022-05-09 14:49:38-log: [Package] scene@1.0.0 enable
2022-05-09 14:49:38-log: [Package] about@1.0.0 enable
2022-05-09 14:49:38-log: [Package] server@1.0.0 enable
2022-05-09 14:49:38-log: [Package] utils@1.0.0 enable
2022-05-09 14:49:39-log: [Package] assets@1.0.0 enable
2022-05-09 14:49:39-log: [Package] inspector@1.0.0 enable
2022-05-09 14:49:39-log: [Package] hierarchy@1.0.0 enable
2022-05-09 14:49:41-log: [Package] preview@1.0.1 enable
2022-05-09 14:49:41-log: [Package] animator@1.0.0 enable
2022-05-09 14:49:41-log: 设置的 IP 地址不存在，将使用默认 IP
2022-05-09 14:49:42-log: [Package] builder@1.3.1 enable
2022-05-09 14:49:42-log: [Package] node-library@1.0.0 enable
2022-05-09 14:49:43-log: [Package] shortcuts@1.0.1 enable
2022-05-09 14:49:43-log: [Package] package-asset@1.0.0 enable
2022-05-09 14:49:43-log: [Package] reference-image@1.0.0 enable
2022-05-09 14:49:43-log: [Package] animation-graph@1.0.0 enable
2022-05-09 14:49:43-log: [Package] channel-upload-tools@1.0.0 enable
2022-05-09 14:49:43-log: [Package] runtime-dev-tools@1.0.0 enable
2022-05-09 14:49:43-log: [Package] lightmap@1.0.4 enable
2022-05-09 14:49:43-log: [Package] alipay-mini-game@1.0.0 enable
2022-05-09 14:49:43-log: [Package] android@1.0.0 enable
2022-05-09 14:49:43-log: [Package] baidu-mini-game@1.0.0 enable
2022-05-09 14:49:43-log: [Package] bytedance-mini-game@1.0.1 enable
2022-05-09 14:49:43-log: [Package] huawei-agc@1.0.0 enable
2022-05-09 14:49:44-log: [Package] ios@1.0.0 enable
2022-05-09 14:49:44-log: [Package] ios-app-clip@1.0.0 enable
2022-05-09 14:49:44-log: [Package] mac@1.0.0 enable
2022-05-09 14:49:44-log: [Package] native@1.0.0 enable
2022-05-09 14:49:44-log: [Package] ohos@1.0.0 enable
2022-05-09 14:49:45-log: [Package] web-desktop@1.0.0 enable
2022-05-09 14:49:45-log: [Package] web-mobile@1.0.0 enable
2022-05-09 14:49:45-log: [Package] wechatgame@1.0.1 enable
2022-05-09 14:49:45-log: [Package] windows@1.0.0 enable
2022-05-09 14:49:45-log: [Package] xiaomi-quick-game@1.0.0 enable
2022-05-09 14:49:45-log: [Package] cocos-play@1.0.0 enable
2022-05-09 14:49:45-log: [Package] huawei-quick-game@1.0.0 enable
2022-05-09 14:49:45-log: [Package] link-sure@1.0.0 enable
2022-05-09 14:49:45-log: [Package] oppo-mini-game@1.0.0 enable
2022-05-09 14:49:45-log: [Package] qtt@1.0.0 enable
2022-05-09 14:49:45-log: [Package] vivo-mini-game@1.0.0 enable
2022-05-09 14:49:45-log: [Package] cocos-service@3.0.2 enable
2022-05-09 14:49:45-log: [Package] importer@1.0.0 enable
2022-05-09 14:49:46-log: [Package] extension@3.0.15 enable
2022-05-09 14:49:46-log: [Im-plugin] Check im-plugin version.
2022-05-09 14:49:46-log: [Package] im-plugin@3.0.8 enable
2022-05-09 14:49:47-log: 设置的 IP 地址不存在，将使用默认 IP
2022-05-09 14:49:48-log: [Im-plugin] No online info of im-plugin.
2022-05-09 14:49:55-warn: Browserslist: caniuse-lite is outdated. Please run:
npx browserslist@latest --update-db

Why you should do it regularly:
https://github.com/browserslist/browserslist#browsers-data-updating
2022-05-09 14:49:55-log: [Scene] Cocos Creator v3.4.2
2022-05-09 14:49:56-info: [Scene] Forward render pipeline initialized.
2022-06-01T09:44:05.321Z - log: [Package] menu@1.0.0 enable
2022-06-01T09:44:05.324Z - log: [Package] profile@1.0.0 enable
2022-06-01T09:44:05.339Z - log: [Package] project@1.0.2 enable
2022-06-01T09:44:05.346Z - log: [Package] messages@1.0.0 enable
2022-06-01T09:44:05.352Z - log: [Package] program@1.0.0 enable
2022-06-01T09:44:05.359Z - log: [Package] tester@1.0.0 enable
2022-06-01T09:44:05.366Z - log: [Package] preferences@1.0.0 enable
2022-06-01T09:44:06.177Z - log: Setup mods mgr.: 350.47ms
2022-06-01T09:44:06.186Z - verbose: [Engine] QuickCompile engine (731ms)
2022-06-01T09:44:06.189Z - log: [Package] engine@1.0.6 enable
2022-06-01T09:44:07.095Z - log: [Package] programming@1.0.0 enable
2022-06-01T09:44:07.410Z - log: [Package] device@1.0.1 enable
2022-06-01T09:44:07.438Z - log: [Package] ui-kit@1.0.1 enable
2022-06-01T09:44:07.463Z - log: [Package] engine-extends@1.0.0 enable
2022-06-01T09:44:07.538Z - log: [Package] asset-db@1.0.0 enable
2022-06-01T09:44:07.586Z - log: [Package] scene@1.0.0 enable
2022-06-01T09:44:07.868Z - log: [Package] server@1.0.0 enable
2022-06-01T09:44:07.905Z - log: [Package] utils@1.0.0 enable
2022-06-01T09:44:13.168Z - log: [Package] preview@1.0.1 enable
2022-06-01T09:44:13.216Z - log: [Package] animator@1.0.0 enable
2022-06-01T09:44:13.392Z - log: 设置的 IP 地址不存在，将使用默认 IP
2022-06-01T09:44:14.808Z - log: [Package] builder@1.3.2 enable
2022-06-01T09:44:14.842Z - log: [Package] shortcuts@1.0.1 enable
2022-06-01T09:44:14.876Z - log: [Package] animation-graph@1.0.0 enable
2022-06-01T09:44:14.900Z - log: [Package] runtime-dev-tools@1.0.0 enable
2022-06-01T09:44:14.924Z - log: [Package] channel-upload-tools@1.0.0 enable
2022-06-01T09:44:14.958Z - log: [Package] about@1.0.0 enable
2022-06-01T09:44:14.992Z - log: [Package] assets@1.0.0 enable
2022-06-01T09:44:15.024Z - log: [Package] console@1.0.0 enable
2022-06-01T09:44:15.458Z - log: [Package] extension@3.0.16 enable
2022-06-01T09:44:15.500Z - log: [Package] hierarchy@1.0.0 enable
2022-06-01T09:44:15.537Z - log: [Package] inspector@1.0.0 enable
2022-06-01T09:44:15.573Z - log: [Package] lightmap@1.0.4 enable
2022-06-01T09:44:15.617Z - log: [Package] node-library@1.0.1 enable
2022-06-01T09:44:15.644Z - log: [Package] package-asset@1.0.0 enable
2022-06-01T09:44:15.686Z - log: [Package] process@1.0.0 enable
2022-06-01T09:44:15.750Z - log: [Package] reference-image@1.0.0 enable
2022-06-01T09:44:15.792Z - log: [Package] alipay-mini-game@1.0.0 enable
2022-06-01T09:44:15.823Z - log: [Package] android@1.0.0 enable
2022-06-01T09:44:15.855Z - log: [Package] baidu-mini-game@1.0.0 enable
2022-06-01T09:44:15.879Z - log: [Package] bytedance-mini-game@1.0.1 enable
2022-06-01T09:44:15.903Z - log: [Package] cocos-play@1.0.0 enable
2022-06-01T09:44:15.930Z - log: [Package] huawei-agc@1.0.0 enable
2022-06-01T09:44:15.955Z - log: [Package] huawei-quick-game@1.0.0 enable
2022-06-01T09:44:17.466Z - log: [Package] ios@1.0.0 enable
2022-06-01T09:44:17.491Z - log: [Package] ios-app-clip@1.0.0 enable
2022-06-01T09:44:17.514Z - log: [Package] link-sure@1.0.0 enable
2022-06-01T09:44:17.538Z - log: [Package] linux@1.0.0 enable
2022-06-01T09:44:17.561Z - log: [Package] mac@1.0.0 enable
2022-06-01T09:44:17.729Z - log: [Package] native@1.0.0 enable
2022-06-01T09:44:17.863Z - log: [Package] ohos@1.0.0 enable
2022-06-01T09:44:17.887Z - log: [Package] open-harmonyos@1.0.0 enable
2022-06-01T09:44:17.913Z - log: [Package] oppo-mini-game@1.0.0 enable
2022-06-01T09:44:17.937Z - log: [Package] qtt@1.0.0 enable
2022-06-01T09:44:17.967Z - log: [Package] vivo-mini-game@1.0.0 enable
2022-06-01T09:44:18.011Z - log: [Package] web-desktop@1.0.0 enable
2022-06-01T09:44:18.056Z - log: [Package] web-mobile@1.0.0 enable
2022-06-01T09:44:18.107Z - log: [Package] wechatgame@1.0.1 enable
2022-06-01T09:44:18.215Z - log: [Package] windows@1.0.0 enable
2022-06-01T09:44:18.248Z - log: [Package] xiaomi-quick-game@1.0.0 enable
2022-06-01T09:44:18.704Z - log: [Package] cocos-service@3.0.3 enable
2022-06-01T09:44:18.757Z - log: [Package] importer@1.0.0 enable
2022-06-01T09:44:19.590Z - log: [Im-plugin] Check im-plugin version.
2022-06-01T09:44:19.629Z - log: [Package] im-plugin@3.0.8 enable
2022-06-01T09:44:20.150Z - verbose: [AssetDB] Require engine code (4609ms)
2022-06-01T09:44:20.961Z - log: [Im-plugin] No online info of im-plugin.
2022-06-01T09:44:22.189Z - log: 设置的 IP 地址不存在，将使用默认 IP
2022-06-01T09:44:44.040Z - verbose: [Scene] Require engine code (1ms)
2022-06-01T09:44:44.046Z - verbose: [Scene] Startup engine (2ms)
2022-06-01T09:44:44.106Z - log: [Scene] Cocos Creator v3.5.1
2022-06-01T09:44:44.539Z - verbose: [Scene] Open engine (496ms)
2022-06-01T09:44:44.540Z - verbose: [Scene] Configure engine (0ms)
2022-06-01T09:44:44.271Z - info: [Scene] Forward render pipeline initialized.
2022-06-01T09:45:23.265Z - warn: Metrics: no valid info
