2022-05-09 15:19:56-log: [Package] menu@1.0.0 enable
2022-05-09 15:19:56-log: [Package] profile@1.0.0 enable
2022-05-09 15:19:56-log: [Package] project@1.0.1 enable
2022-05-09 15:19:56-log: [Package] messages@1.0.0 enable
2022-05-09 15:19:56-log: [Package] program@1.0.0 enable
2022-05-09 15:19:56-log: [Package] device@1.0.1 enable
2022-05-09 15:19:56-log: [Package] ui-kit@1.0.1 enable
2022-05-09 15:19:56-log: [Package] tester@1.0.0 enable
2022-05-09 15:19:56-log: [Package] preferences@1.0.0 enable
2022-05-09 15:19:57-log: Setup mods mgr.: 367.543ms
2022-05-09 15:19:57-log: Profile changed: engine (modules.includeModules: 2d,3d,audio,base,dragon-bones,gfx-webgl,gfx-webgl2,intersection-2d,marionette,particle,particle-2d,physics-2d-box2d,physics-ammo,primitive,profiler,spine,terrain,tiled-map,tween,ui,video,webview)
2022-05-09 15:19:57-log: [Package] engine@1.0.5 enable
2022-05-09 15:20:00-log: [Package] programming@1.0.0 enable
2022-05-09 15:20:00-log: [Package] Profile Migrate: builder@Cocos Creator...
2022-05-09 15:20:00-log: [Package] Profile Migrate: builder@Cocos Creator...
2022-05-09 15:20:00-log: [Package] engine-extends@1.0.0 enable
2022-05-09 15:20:00-log: [Package] asset-db@1.0.0 enable
2022-05-09 15:20:01-log: [Package] console@1.0.0 enable
2022-05-09 15:20:01-log: [Package] scene@1.0.0 enable
2022-05-09 15:20:01-log: [Package] about@1.0.0 enable
2022-05-09 15:20:01-log: [Package] server@1.0.0 enable
2022-05-09 15:20:01-log: [Package] assets@1.0.0 enable
2022-05-09 15:20:01-log: [Package] inspector@1.0.0 enable
2022-05-09 15:20:01-log: [Package] hierarchy@1.0.0 enable
2022-05-09 15:20:03-log: [Package] preview@1.0.1 enable
2022-05-09 15:20:03-log: [Package] animator@1.0.0 enable
2022-05-09 15:20:04-log: 设置的 IP 地址不存在，将使用默认 IP
2022-05-09 15:20:06-log: Profile changed: builder (log.level: 4)
2022-05-09 15:20:06-log: [Package] builder@1.3.1 enable
2022-05-09 15:20:06-log: [Package] node-library@1.0.0 enable
2022-05-09 15:20:07-log: [Package] shortcuts@1.0.1 enable
2022-05-09 15:20:07-log: [Package] package-asset@1.0.0 enable
2022-05-09 15:20:07-log: [Package] reference-image@1.0.0 enable
2022-05-09 15:20:07-log: [Package] animation-graph@1.0.0 enable
2022-05-09 15:20:07-log: [Package] channel-upload-tools@1.0.0 enable
2022-05-09 15:20:07-log: [Package] runtime-dev-tools@1.0.0 enable
2022-05-09 15:20:07-log: [Package] lightmap@1.0.4 enable
2022-05-09 15:20:07-log: [Package] alipay-mini-game@1.0.0 enable
2022-05-09 15:20:07-log: [Package] android@1.0.0 enable
2022-05-09 15:20:07-log: [Package] baidu-mini-game@1.0.0 enable
2022-05-09 15:20:07-log: [Package] bytedance-mini-game@1.0.1 enable
2022-05-09 15:20:07-log: [Package] huawei-agc@1.0.0 enable
2022-05-09 15:20:09-log: [Package] ios@1.0.0 enable
2022-05-09 15:20:09-log: [Package] ios-app-clip@1.0.0 enable
2022-05-09 15:20:09-log: [Package] mac@1.0.0 enable
2022-05-09 15:20:09-log: [Package] native@1.0.0 enable
2022-05-09 15:20:09-log: [Package] ohos@1.0.0 enable
2022-05-09 15:20:09-log: [Package] web-desktop@1.0.0 enable
2022-05-09 15:20:09-log: [Package] web-mobile@1.0.0 enable
2022-05-09 15:20:09-log: [Package] wechatgame@1.0.1 enable
2022-05-09 15:20:09-log: [Package] windows@1.0.0 enable
2022-05-09 15:20:10-log: [Package] xiaomi-quick-game@1.0.0 enable
2022-05-09 15:20:10-log: [Package] cocos-play@1.0.0 enable
2022-05-09 15:20:10-log: [Package] huawei-quick-game@1.0.0 enable
2022-05-09 15:20:10-log: [Package] link-sure@1.0.0 enable
2022-05-09 15:20:10-log: [Package] oppo-mini-game@1.0.0 enable
2022-05-09 15:20:10-log: [Package] qtt@1.0.0 enable
2022-05-09 15:20:10-log: [Package] vivo-mini-game@1.0.0 enable
2022-05-09 15:20:10-log: [Package] cocos-service@3.0.2 enable
2022-05-09 15:20:10-log: [Package] importer@1.0.0 enable
2022-05-09 15:20:11-log: [Package] extension@3.0.15 enable
2022-05-09 15:20:12-log: [Im-plugin] Check im-plugin version.
2022-05-09 15:20:12-log: [Package] im-plugin@3.0.8 enable
2022-05-09 15:20:12-log: 设置的 IP 地址不存在，将使用默认 IP
2022-05-09 15:20:13-log: [Im-plugin] No online info of im-plugin.
2022-05-09 15:20:19-warn: Browserslist: caniuse-lite is outdated. Please run:
npx browserslist@latest --update-db

Why you should do it regularly:
https://github.com/browserslist/browserslist#browsers-data-updating
2022-05-09 15:20:19-log: [Scene] Cocos Creator v3.4.2
2022-05-09 15:20:20-info: [Scene] Forward render pipeline initialized.
2022-05-31T06:42:25.821Z - log: [Package] menu@1.0.0 enable
2022-05-31T06:42:25.824Z - log: [Package] profile@1.0.0 enable
2022-05-31T06:42:25.836Z - log: [Package] project@1.0.2 enable
2022-05-31T06:42:25.843Z - log: [Package] messages@1.0.0 enable
2022-05-31T06:42:25.848Z - log: [Package] program@1.0.0 enable
2022-05-31T06:42:25.854Z - log: [Package] tester@1.0.0 enable
2022-05-31T06:42:25.860Z - log: [Package] preferences@1.0.0 enable
2022-05-31T06:42:26.625Z - log: Setup mods mgr.: 331.42ms
2022-05-31T06:42:26.640Z - verbose: [Engine] QuickCompile engine (719ms)
2022-05-31T06:42:26.644Z - log: [Package] engine@1.0.6 enable
2022-05-31T06:42:27.555Z - log: [Package] programming@1.0.0 enable
2022-05-31T06:42:27.866Z - log: [Package] device@1.0.1 enable
2022-05-31T06:42:27.893Z - log: [Package] ui-kit@1.0.1 enable
2022-05-31T06:42:27.916Z - log: [Package] engine-extends@1.0.0 enable
2022-05-31T06:42:27.989Z - log: [Package] asset-db@1.0.0 enable
2022-05-31T06:42:28.059Z - log: [Package] scene@1.0.0 enable
2022-05-31T06:42:28.388Z - log: [Package] server@1.0.0 enable
2022-05-31T06:42:28.434Z - log: [Package] utils@1.0.0 enable
2022-05-31T06:42:32.675Z - log: [Package] preview@1.0.1 enable
2022-05-31T06:42:32.710Z - log: [Package] animator@1.0.0 enable
2022-05-31T06:42:32.860Z - log: 设置的 IP 地址不存在，将使用默认 IP
2022-05-31T06:42:34.004Z - log: [Package] builder@1.3.2 enable
2022-05-31T06:42:34.039Z - log: [Package] shortcuts@1.0.1 enable
2022-05-31T06:42:34.074Z - log: [Package] animation-graph@1.0.0 enable
2022-05-31T06:42:34.096Z - log: [Package] runtime-dev-tools@1.0.0 enable
2022-05-31T06:42:34.120Z - log: [Package] channel-upload-tools@1.0.0 enable
2022-05-31T06:42:34.164Z - log: [Package] about@1.0.0 enable
2022-05-31T06:42:34.205Z - log: [Package] assets@1.0.0 enable
2022-05-31T06:42:34.243Z - log: [Package] console@1.0.0 enable
2022-05-31T06:42:34.498Z - log: [Package] extension@3.0.16 enable
2022-05-31T06:42:34.540Z - log: [Package] hierarchy@1.0.0 enable
2022-05-31T06:42:34.579Z - log: [Package] inspector@1.0.0 enable
2022-05-31T06:42:34.617Z - log: [Package] lightmap@1.0.4 enable
2022-05-31T06:42:34.691Z - log: [Package] node-library@1.0.1 enable
2022-05-31T06:42:34.751Z - log: [Package] package-asset@1.0.0 enable
2022-05-31T06:42:34.788Z - log: [Package] process@1.0.0 enable
2022-05-31T06:42:34.832Z - log: [Package] reference-image@1.0.0 enable
2022-05-31T06:42:34.859Z - log: [Package] alipay-mini-game@1.0.0 enable
2022-05-31T06:42:34.892Z - log: [Package] android@1.0.0 enable
2022-05-31T06:42:34.921Z - log: [Package] baidu-mini-game@1.0.0 enable
2022-05-31T06:42:34.947Z - log: [Package] bytedance-mini-game@1.0.1 enable
2022-05-31T06:42:34.973Z - log: [Package] cocos-play@1.0.0 enable
2022-05-31T06:42:35.004Z - log: [Package] huawei-agc@1.0.0 enable
2022-05-31T06:42:35.032Z - log: [Package] huawei-quick-game@1.0.0 enable
2022-05-31T06:42:36.619Z - log: [Package] ios@1.0.0 enable
2022-05-31T06:42:36.671Z - log: [Package] ios-app-clip@1.0.0 enable
2022-05-31T06:42:36.699Z - log: [Package] link-sure@1.0.0 enable
2022-05-31T06:42:36.737Z - log: [Package] linux@1.0.0 enable
2022-05-31T06:42:36.768Z - log: [Package] mac@1.0.0 enable
2022-05-31T06:42:36.954Z - log: [Package] native@1.0.0 enable
2022-05-31T06:42:36.982Z - log: [Package] ohos@1.0.0 enable
2022-05-31T06:42:37.007Z - log: [Package] open-harmonyos@1.0.0 enable
2022-05-31T06:42:37.036Z - log: [Package] oppo-mini-game@1.0.0 enable
2022-05-31T06:42:37.060Z - log: [Package] qtt@1.0.0 enable
2022-05-31T06:42:37.090Z - log: [Package] vivo-mini-game@1.0.0 enable
2022-05-31T06:42:37.132Z - log: [Package] web-desktop@1.0.0 enable
2022-05-31T06:42:37.173Z - log: [Package] web-mobile@1.0.0 enable
2022-05-31T06:42:37.214Z - log: [Package] wechatgame@1.0.1 enable
2022-05-31T06:42:37.240Z - log: [Package] windows@1.0.0 enable
2022-05-31T06:42:37.264Z - log: [Package] xiaomi-quick-game@1.0.0 enable
2022-05-31T06:42:37.548Z - log: [Package] cocos-service@3.0.3 enable
2022-05-31T06:42:37.594Z - log: [Package] importer@1.0.0 enable
2022-05-31T06:42:38.097Z - log: [Im-plugin] Check im-plugin version.
2022-05-31T06:42:38.112Z - log: [Package] im-plugin@3.0.8 enable
2022-05-31T06:42:38.934Z - log: [Im-plugin] No online info of im-plugin.
2022-05-31T06:42:39.273Z - log: 设置的 IP 地址不存在，将使用默认 IP
2022-05-31T06:42:40.128Z - verbose: [AssetDB] Require engine code (3500ms)
2022-05-31T06:42:52.975Z - verbose: [Scene] Require engine code (0ms)
2022-05-31T06:42:52.986Z - verbose: [Scene] Startup engine (2ms)
2022-05-31T06:42:53.044Z - log: [Scene] Cocos Creator v3.5.0
2022-05-31T06:42:53.393Z - verbose: [Scene] Open engine (414ms)
2022-05-31T06:42:53.394Z - verbose: [Scene] Configure engine (0ms)
2022-05-31T06:42:53.146Z - info: [Scene] Forward render pipeline initialized.
2022-05-31T06:43:20.833Z - warn: Metrics: no valid info
