2022-05-22T07:19:09.697Z - log: [Package] menu@1.0.0 enable
2022-05-22T07:19:09.700Z - log: [Package] profile@1.0.0 enable
2022-05-22T07:19:09.715Z - log: [Package] project@1.0.2 enable
2022-05-22T07:19:09.724Z - log: [Package] messages@1.0.0 enable
2022-05-22T07:19:09.729Z - log: [Package] program@1.0.0 enable
2022-05-22T07:19:09.736Z - log: [Package] tester@1.0.0 enable
2022-05-22T07:19:09.743Z - log: [Package] preferences@1.0.0 enable
2022-05-22T07:19:10.493Z - log: Setup mods mgr.: 355.262ms
2022-05-22T07:19:10.504Z - verbose: [Engine] QuickCompile engine (690ms)
2022-05-22T07:19:10.508Z - log: [Package] engine@1.0.6 enable
2022-05-22T07:19:11.409Z - log: [Package] programming@1.0.0 enable
2022-05-22T07:19:11.724Z - log: [Package] device@1.0.1 enable
2022-05-22T07:19:11.752Z - log: [Package] ui-kit@1.0.1 enable
2022-05-22T07:19:11.775Z - log: [Package] engine-extends@1.0.0 enable
2022-05-22T07:19:11.842Z - log: [Package] asset-db@1.0.0 enable
2022-05-22T07:19:11.972Z - log: [Package] scene@1.0.0 enable
2022-05-22T07:19:12.222Z - log: [Package] server@1.0.0 enable
2022-05-22T07:19:12.260Z - log: [Package] utils@1.0.0 enable
2022-05-22T07:19:17.606Z - log: [Package] preview@1.0.1 enable
2022-05-22T07:19:17.643Z - log: [Package] animator@1.0.0 enable
2022-05-22T07:19:17.777Z - log: 设置的 IP 地址不存在，将使用默认 IP
2022-05-22T07:19:18.869Z - log: [Package] builder@1.3.2 enable
2022-05-22T07:19:18.901Z - log: [Package] shortcuts@1.0.1 enable
2022-05-22T07:19:18.945Z - log: [Package] animation-graph@1.0.0 enable
2022-05-22T07:19:18.967Z - log: [Package] runtime-dev-tools@1.0.0 enable
2022-05-22T07:19:18.989Z - log: [Package] channel-upload-tools@1.0.0 enable
2022-05-22T07:19:19.022Z - log: [Package] about@1.0.0 enable
2022-05-22T07:19:19.057Z - log: [Package] assets@1.0.0 enable
2022-05-22T07:19:19.099Z - log: [Package] console@1.0.0 enable
2022-05-22T07:19:19.552Z - log: [Package] extension@3.0.16 enable
2022-05-22T07:19:19.614Z - log: [Package] hierarchy@1.0.0 enable
2022-05-22T07:19:19.667Z - log: [Package] inspector@1.0.0 enable
2022-05-22T07:19:19.731Z - log: [Package] lightmap@1.0.4 enable
2022-05-22T07:19:19.818Z - log: [Package] node-library@1.0.1 enable
2022-05-22T07:19:19.882Z - log: [Package] package-asset@1.0.0 enable
2022-05-22T07:19:19.950Z - log: [Package] process@1.0.0 enable
2022-05-22T07:19:20.032Z - log: [Package] reference-image@1.0.0 enable
2022-05-22T07:19:20.082Z - log: [Package] alipay-mini-game@1.0.0 enable
2022-05-22T07:19:20.128Z - log: [Package] android@1.0.0 enable
2022-05-22T07:19:20.156Z - log: [Package] baidu-mini-game@1.0.0 enable
2022-05-22T07:19:20.182Z - log: [Package] bytedance-mini-game@1.0.1 enable
2022-05-22T07:19:20.211Z - log: [Package] cocos-play@1.0.0 enable
2022-05-22T07:19:20.239Z - log: [Package] huawei-agc@1.0.0 enable
2022-05-22T07:19:20.265Z - log: [Package] huawei-quick-game@1.0.0 enable
2022-05-22T07:19:21.661Z - log: [Package] ios@1.0.0 enable
2022-05-22T07:19:21.687Z - log: [Package] ios-app-clip@1.0.0 enable
2022-05-22T07:19:21.719Z - log: [Package] link-sure@1.0.0 enable
2022-05-22T07:19:21.752Z - log: [Package] linux@1.0.0 enable
2022-05-22T07:19:21.794Z - log: [Package] mac@1.0.0 enable
2022-05-22T07:19:21.927Z - log: [Package] native@1.0.0 enable
2022-05-22T07:19:21.932Z - verbose: [AssetDB] Require engine code (3231ms)
2022-05-22T07:19:21.952Z - log: [Package] ohos@1.0.0 enable
2022-05-22T07:19:21.975Z - log: [Package] open-harmonyos@1.0.0 enable
2022-05-22T07:19:21.999Z - log: [Package] oppo-mini-game@1.0.0 enable
2022-05-22T07:19:22.022Z - log: [Package] qtt@1.0.0 enable
2022-05-22T07:19:22.047Z - log: [Package] vivo-mini-game@1.0.0 enable
2022-05-22T07:19:22.149Z - log: [Package] web-desktop@1.0.0 enable
2022-05-22T07:19:22.200Z - log: [Package] web-mobile@1.0.0 enable
2022-05-22T07:19:22.246Z - log: [Package] wechatgame@1.0.1 enable
2022-05-22T07:19:22.270Z - log: [Package] windows@1.0.0 enable
2022-05-22T07:19:22.297Z - log: [Package] xiaomi-quick-game@1.0.0 enable
2022-05-22T07:19:22.790Z - log: [Package] cocos-service@3.0.3 enable
2022-05-22T07:19:22.895Z - log: [Package] importer@1.0.0 enable
2022-05-22T07:19:23.677Z - log: [Im-plugin] Check im-plugin version.
2022-05-22T07:19:23.696Z - log: [Package] im-plugin@3.0.8 enable
2022-05-22T07:19:24.648Z - log: [Im-plugin] No online info of im-plugin.
2022-05-22T07:19:25.490Z - log: 设置的 IP 地址不存在，将使用默认 IP
2022-05-22T07:19:38.590Z - verbose: [Scene] Require engine code (1ms)
2022-05-22T07:19:38.592Z - verbose: [Scene] Startup engine (0ms)
2022-05-22T07:19:38.632Z - log: [Scene] Cocos Creator v3.5.0
2022-05-22T07:19:39.280Z - verbose: [Scene] Open engine (688ms)
2022-05-22T07:19:39.280Z - verbose: [Scene] Configure engine (0ms)
2022-05-22T07:19:38.814Z - info: [Scene] Forward render pipeline initialized.
2022-05-22T07:20:36.699Z - warn: Metrics: no valid info
