2022-05-23T03:43:11.107Z - log: [Package] menu@1.0.0 enable
2022-05-23T03:43:11.110Z - log: [Package] profile@1.0.0 enable
2022-05-23T03:43:11.124Z - log: [Package] project@1.0.2 enable
2022-05-23T03:43:11.132Z - log: [Package] messages@1.0.0 enable
2022-05-23T03:43:11.137Z - log: [Package] program@1.0.0 enable
2022-05-23T03:43:11.145Z - log: [Package] tester@1.0.0 enable
2022-05-23T03:43:11.162Z - log: [Package] preferences@1.0.0 enable
2022-05-23T03:43:11.984Z - log: Setup mods mgr.: 399.941ms
2022-05-23T03:43:11.992Z - verbose: [Engine] QuickCompile engine (748ms)
2022-05-23T03:43:11.996Z - log: [Package] engine@1.0.6 enable
2022-05-23T03:43:12.898Z - log: [Package] programming@1.0.0 enable
2022-05-23T03:43:13.199Z - log: [Package] device@1.0.1 enable
2022-05-23T03:43:13.226Z - log: [Package] ui-kit@1.0.1 enable
2022-05-23T03:43:13.259Z - log: [Package] engine-extends@1.0.0 enable
2022-05-23T03:43:13.324Z - log: [Package] asset-db@1.0.0 enable
2022-05-23T03:43:13.369Z - log: [Package] scene@1.0.0 enable
2022-05-23T03:43:13.624Z - log: [Package] server@1.0.0 enable
2022-05-23T03:43:13.677Z - log: [Package] utils@1.0.0 enable
2022-05-23T03:43:18.570Z - log: [Package] preview@1.0.1 enable
2022-05-23T03:43:18.604Z - log: [Package] animator@1.0.0 enable
2022-05-23T03:43:18.835Z - log: 设置的 IP 地址不存在，将使用默认 IP
2022-05-23T03:43:20.171Z - log: [Package] builder@1.3.2 enable
2022-05-23T03:43:20.207Z - log: [Package] shortcuts@1.0.1 enable
2022-05-23T03:43:20.244Z - log: [Package] animation-graph@1.0.0 enable
2022-05-23T03:43:20.268Z - log: [Package] runtime-dev-tools@1.0.0 enable
2022-05-23T03:43:20.294Z - log: [Package] channel-upload-tools@1.0.0 enable
2022-05-23T03:43:20.324Z - log: [Package] about@1.0.0 enable
2022-05-23T03:43:20.369Z - log: [Package] assets@1.0.0 enable
2022-05-23T03:43:20.426Z - log: [Package] console@1.0.0 enable
2022-05-23T03:43:20.780Z - log: [Package] extension@3.0.16 enable
2022-05-23T03:43:20.843Z - log: [Package] hierarchy@1.0.0 enable
2022-05-23T03:43:20.890Z - log: [Package] inspector@1.0.0 enable
2022-05-23T03:43:20.930Z - log: [Package] lightmap@1.0.4 enable
2022-05-23T03:43:20.987Z - log: [Package] node-library@1.0.1 enable
2022-05-23T03:43:21.016Z - log: [Package] package-asset@1.0.0 enable
2022-05-23T03:43:21.054Z - log: [Package] process@1.0.0 enable
2022-05-23T03:43:21.100Z - log: [Package] reference-image@1.0.0 enable
2022-05-23T03:43:21.130Z - log: [Package] alipay-mini-game@1.0.0 enable
2022-05-23T03:43:21.156Z - log: [Package] android@1.0.0 enable
2022-05-23T03:43:21.183Z - log: [Package] baidu-mini-game@1.0.0 enable
2022-05-23T03:43:21.208Z - log: [Package] bytedance-mini-game@1.0.1 enable
2022-05-23T03:43:21.235Z - log: [Package] cocos-play@1.0.0 enable
2022-05-23T03:43:21.261Z - log: [Package] huawei-agc@1.0.0 enable
2022-05-23T03:43:21.289Z - log: [Package] huawei-quick-game@1.0.0 enable
2022-05-23T03:43:22.692Z - log: [Package] ios@1.0.0 enable
2022-05-23T03:43:22.752Z - log: [Package] ios-app-clip@1.0.0 enable
2022-05-23T03:43:22.889Z - log: [Package] link-sure@1.0.0 enable
2022-05-23T03:43:22.915Z - log: [Package] linux@1.0.0 enable
2022-05-23T03:43:22.940Z - log: [Package] mac@1.0.0 enable
2022-05-23T03:43:22.955Z - verbose: [AssetDB] Require engine code (3129ms)
2022-05-23T03:43:23.095Z - log: [Package] native@1.0.0 enable
2022-05-23T03:43:23.128Z - log: [Package] ohos@1.0.0 enable
2022-05-23T03:43:23.154Z - log: [Package] open-harmonyos@1.0.0 enable
2022-05-23T03:43:23.183Z - log: [Package] oppo-mini-game@1.0.0 enable
2022-05-23T03:43:23.212Z - log: [Package] qtt@1.0.0 enable
2022-05-23T03:43:23.243Z - log: [Package] vivo-mini-game@1.0.0 enable
2022-05-23T03:43:23.286Z - log: [Package] web-desktop@1.0.0 enable
2022-05-23T03:43:23.326Z - log: [Package] web-mobile@1.0.0 enable
2022-05-23T03:43:23.374Z - log: [Package] wechatgame@1.0.1 enable
2022-05-23T03:43:23.455Z - log: [Package] windows@1.0.0 enable
2022-05-23T03:43:23.519Z - log: [Package] xiaomi-quick-game@1.0.0 enable
2022-05-23T03:43:23.981Z - log: [Package] cocos-service@3.0.3 enable
2022-05-23T03:43:24.034Z - log: [Package] importer@1.0.0 enable
2022-05-23T03:43:24.518Z - log: [Im-plugin] Check im-plugin version.
2022-05-23T03:43:24.531Z - log: [Package] im-plugin@3.0.8 enable
2022-05-23T03:43:25.619Z - log: [Im-plugin] No online info of im-plugin.
2022-05-23T03:43:26.351Z - log: 设置的 IP 地址不存在，将使用默认 IP
2022-05-23T03:43:42.314Z - verbose: [Scene] Require engine code (0ms)
2022-05-23T03:43:42.315Z - verbose: [Scene] Startup engine (0ms)
2022-05-23T03:43:42.372Z - log: [Scene] Cocos Creator v3.5.0
2022-05-23T03:43:43.360Z - verbose: [Scene] Open engine (1045ms)
2022-05-23T03:43:43.361Z - verbose: [Scene] Configure engine (0ms)
2022-05-23T03:43:42.800Z - info: [Scene] Forward render pipeline initialized.
2022-05-23T03:46:21.407Z - warn: Metrics: no valid info
