debug: Wed, 01 Jun 2022 01:21:26 GMT
debug: Project: /Users/mu/work/gitee/cocos-creator-how-to-use/proj/Demo/Creator3.5.0_GetScriptFunction
debug: Targets: editor,preview
debug: Packer deriver version file lost or format incorrect: Error: ENOENT: no such file or directory, open '/Users/mu/work/gitee/cocos-creator-how-to-use/proj/Demo/Creator3.5.0_GetScriptFunction/temp/programming/packer-driver/VERSION'
debug: Clearing out the targets...
debug: Engine path: /Applications/CocosCreator/Creator/3.5.0/CocosCreator.app/Contents/Resources/resources/3d/engine
debug: Initializing target [Editor]
debug: Loading cache
debug: Record file loaded failed with error: Error: ENOENT: no such file or directory, open '/Users/mu/work/gitee/cocos-creator-how-to-use/proj/Demo/Creator3.5.0_GetScriptFunction/temp/programming/packer-driver/targets/editor/main-record.json'
debug: Loading cache costs 0.2897749999538064ms.
debug: Engine features shipped in editor: base,gfx-webgl,gfx-webgl2,3d,animation,skeletal-animation,2d,ui,particle,particle-2d,physics-framework,physics-2d-framework,intersection-2d,primitive,profiler,audio,video,terrain,webview,tween,tiled-map,spine,dragon-bones,marionette
debug: Initializing target [Preview]
debug: Loading cache
debug: Record file loaded failed with error: Error: ENOENT: no such file or directory, open '/Users/mu/work/gitee/cocos-creator-how-to-use/proj/Demo/Creator3.5.0_GetScriptFunction/temp/programming/packer-driver/targets/preview/main-record.json'
debug: Loading cache costs 0.29258499993011355ms.
debug: Sync engine features: 2d,3d,animation,audio,base,dragon-bones,gfx-webgl,gfx-webgl2,intersection-2d,marionette,particle,particle-2d,physics-2d-box2d,physics-ammo,primitive,profiler,skeletal-animation,spine,terrain,tiled-map,tween,ui,video,webview
debug: Pulling asset-db.
debug: Fetch asset-db cost: 10.334957999992184ms.
debug: Build iteration starts.
Number of accumulated asset changes: 2
Feature changed: false
debug: Target(editor) build started.
debug: Inspect cce:/internal/x/cc
debug: Resolve cce:/internal/x/cc-fu/base from cce:/internal/x/cc as external dependency cce:/internal/x/cc-fu/base.
debug: Resolve cce:/internal/x/cc-fu/gfx-webgl from cce:/internal/x/cc as external dependency cce:/internal/x/cc-fu/gfx-webgl.
debug: Resolve cce:/internal/x/cc-fu/gfx-webgl2 from cce:/internal/x/cc as external dependency cce:/internal/x/cc-fu/gfx-webgl2.
debug: Resolve cce:/internal/x/cc-fu/3d from cce:/internal/x/cc as external dependency cce:/internal/x/cc-fu/3d.
debug: Resolve cce:/internal/x/cc-fu/animation from cce:/internal/x/cc as external dependency cce:/internal/x/cc-fu/animation.
debug: Resolve cce:/internal/x/cc-fu/skeletal-animation from cce:/internal/x/cc as external dependency cce:/internal/x/cc-fu/skeletal-animation.
debug: Resolve cce:/internal/x/cc-fu/2d from cce:/internal/x/cc as external dependency cce:/internal/x/cc-fu/2d.
debug: Resolve cce:/internal/x/cc-fu/ui from cce:/internal/x/cc as external dependency cce:/internal/x/cc-fu/ui.
debug: Resolve cce:/internal/x/cc-fu/particle from cce:/internal/x/cc as external dependency cce:/internal/x/cc-fu/particle.
debug: Resolve cce:/internal/x/cc-fu/particle-2d from cce:/internal/x/cc as external dependency cce:/internal/x/cc-fu/particle-2d.
debug: Resolve cce:/internal/x/cc-fu/physics-framework from cce:/internal/x/cc as external dependency cce:/internal/x/cc-fu/physics-framework.
debug: Resolve cce:/internal/x/cc-fu/physics-2d-framework from cce:/internal/x/cc as external dependency cce:/internal/x/cc-fu/physics-2d-framework.
debug: Resolve cce:/internal/x/cc-fu/intersection-2d from cce:/internal/x/cc as external dependency cce:/internal/x/cc-fu/intersection-2d.
debug: Resolve cce:/internal/x/cc-fu/primitive from cce:/internal/x/cc as external dependency cce:/internal/x/cc-fu/primitive.
debug: Resolve cce:/internal/x/cc-fu/profiler from cce:/internal/x/cc as external dependency cce:/internal/x/cc-fu/profiler.
debug: Resolve cce:/internal/x/cc-fu/audio from cce:/internal/x/cc as external dependency cce:/internal/x/cc-fu/audio.
debug: Resolve cce:/internal/x/cc-fu/video from cce:/internal/x/cc as external dependency cce:/internal/x/cc-fu/video.
debug: Resolve cce:/internal/x/cc-fu/terrain from cce:/internal/x/cc as external dependency cce:/internal/x/cc-fu/terrain.
debug: Resolve cce:/internal/x/cc-fu/webview from cce:/internal/x/cc as external dependency cce:/internal/x/cc-fu/webview.
debug: Resolve cce:/internal/x/cc-fu/tween from cce:/internal/x/cc as external dependency cce:/internal/x/cc-fu/tween.
debug: Resolve cce:/internal/x/cc-fu/tiled-map from cce:/internal/x/cc as external dependency cce:/internal/x/cc-fu/tiled-map.
debug: Resolve cce:/internal/x/cc-fu/spine from cce:/internal/x/cc as external dependency cce:/internal/x/cc-fu/spine.
debug: Resolve cce:/internal/x/cc-fu/dragon-bones from cce:/internal/x/cc as external dependency cce:/internal/x/cc-fu/dragon-bones.
debug: Inspect cce:/internal/x/prerequisite-imports
debug: Resolve file:///Users/mu/work/gitee/cocos-creator-how-to-use/proj/Demo/Creator3.5.0_GetScriptFunction/assets/CTest.ts from cce:/internal/x/prerequisite-imports as file:///Users/mu/work/gitee/cocos-creator-how-to-use/proj/Demo/Creator3.5.0_GetScriptFunction/assets/CTest.ts.
debug: Inspect file:///Users/mu/work/gitee/cocos-creator-how-to-use/proj/Demo/Creator3.5.0_GetScriptFunction/assets/CTest.ts
debug: Resolve cc from file:///Users/mu/work/gitee/cocos-creator-how-to-use/proj/Demo/Creator3.5.0_GetScriptFunction/assets/CTest.ts as cce:/internal/x/cc.
debug: Resolve cc from file:///Users/mu/work/gitee/cocos-creator-how-to-use/proj/Demo/Creator3.5.0_GetScriptFunction/assets/CTest.ts as cce:/internal/x/cc.
debug: Resolve file:///Users/mu/work/gitee/cocos-creator-how-to-use/proj/Demo/Creator3.5.0_GetScriptFunction/assets/GetScriptFunction.ts from cce:/internal/x/prerequisite-imports as file:///Users/mu/work/gitee/cocos-creator-how-to-use/proj/Demo/Creator3.5.0_GetScriptFunction/assets/GetScriptFunction.ts.
debug: Inspect file:///Users/mu/work/gitee/cocos-creator-how-to-use/proj/Demo/Creator3.5.0_GetScriptFunction/assets/GetScriptFunction.ts
debug: Resolve cc from file:///Users/mu/work/gitee/cocos-creator-how-to-use/proj/Demo/Creator3.5.0_GetScriptFunction/assets/GetScriptFunction.ts as cce:/internal/x/cc.
debug: Resolve cc from file:///Users/mu/work/gitee/cocos-creator-how-to-use/proj/Demo/Creator3.5.0_GetScriptFunction/assets/GetScriptFunction.ts as cce:/internal/x/cc.
debug: Target(editor) ends with cost 791.0821119999746ms.
debug: Target(preview) build started.
debug: Inspect cce:/internal/x/cc
debug: Resolve cce:/internal/x/cc-fu/2d from cce:/internal/x/cc as external dependency cce:/internal/x/cc-fu/2d.
debug: Resolve cce:/internal/x/cc-fu/3d from cce:/internal/x/cc as external dependency cce:/internal/x/cc-fu/3d.
debug: Resolve cce:/internal/x/cc-fu/animation from cce:/internal/x/cc as external dependency cce:/internal/x/cc-fu/animation.
debug: Resolve cce:/internal/x/cc-fu/audio from cce:/internal/x/cc as external dependency cce:/internal/x/cc-fu/audio.
debug: Resolve cce:/internal/x/cc-fu/base from cce:/internal/x/cc as external dependency cce:/internal/x/cc-fu/base.
debug: Resolve cce:/internal/x/cc-fu/dragon-bones from cce:/internal/x/cc as external dependency cce:/internal/x/cc-fu/dragon-bones.
debug: Resolve cce:/internal/x/cc-fu/gfx-webgl from cce:/internal/x/cc as external dependency cce:/internal/x/cc-fu/gfx-webgl.
debug: Resolve cce:/internal/x/cc-fu/gfx-webgl2 from cce:/internal/x/cc as external dependency cce:/internal/x/cc-fu/gfx-webgl2.
debug: Resolve cce:/internal/x/cc-fu/intersection-2d from cce:/internal/x/cc as external dependency cce:/internal/x/cc-fu/intersection-2d.
debug: Resolve cce:/internal/x/cc-fu/particle from cce:/internal/x/cc as external dependency cce:/internal/x/cc-fu/particle.
debug: Resolve cce:/internal/x/cc-fu/particle-2d from cce:/internal/x/cc as external dependency cce:/internal/x/cc-fu/particle-2d.
debug: Resolve cce:/internal/x/cc-fu/physics-2d-box2d from cce:/internal/x/cc as external dependency cce:/internal/x/cc-fu/physics-2d-box2d.
debug: Resolve cce:/internal/x/cc-fu/physics-2d-framework from cce:/internal/x/cc as external dependency cce:/internal/x/cc-fu/physics-2d-framework.
debug: Resolve cce:/internal/x/cc-fu/physics-ammo from cce:/internal/x/cc as external dependency cce:/internal/x/cc-fu/physics-ammo.
debug: Resolve cce:/internal/x/cc-fu/physics-framework from cce:/internal/x/cc as external dependency cce:/internal/x/cc-fu/physics-framework.
debug: Resolve cce:/internal/x/cc-fu/wait-for-ammo-instantiation from cce:/internal/x/cc as external dependency cce:/internal/x/cc-fu/wait-for-ammo-instantiation.
debug: Resolve cce:/internal/x/cc-fu/primitive from cce:/internal/x/cc as external dependency cce:/internal/x/cc-fu/primitive.
debug: Resolve cce:/internal/x/cc-fu/profiler from cce:/internal/x/cc as external dependency cce:/internal/x/cc-fu/profiler.
debug: Resolve cce:/internal/x/cc-fu/skeletal-animation from cce:/internal/x/cc as external dependency cce:/internal/x/cc-fu/skeletal-animation.
debug: Resolve cce:/internal/x/cc-fu/spine from cce:/internal/x/cc as external dependency cce:/internal/x/cc-fu/spine.
debug: Resolve cce:/internal/x/cc-fu/terrain from cce:/internal/x/cc as external dependency cce:/internal/x/cc-fu/terrain.
debug: Resolve cce:/internal/x/cc-fu/tiled-map from cce:/internal/x/cc as external dependency cce:/internal/x/cc-fu/tiled-map.
debug: Resolve cce:/internal/x/cc-fu/tween from cce:/internal/x/cc as external dependency cce:/internal/x/cc-fu/tween.
debug: Resolve cce:/internal/x/cc-fu/ui from cce:/internal/x/cc as external dependency cce:/internal/x/cc-fu/ui.
debug: Resolve cce:/internal/x/cc-fu/video from cce:/internal/x/cc as external dependency cce:/internal/x/cc-fu/video.
debug: Resolve cce:/internal/x/cc-fu/webview from cce:/internal/x/cc as external dependency cce:/internal/x/cc-fu/webview.
debug: Inspect cce:/internal/x/prerequisite-imports
debug: Resolve file:///Users/mu/work/gitee/cocos-creator-how-to-use/proj/Demo/Creator3.5.0_GetScriptFunction/assets/CTest.ts from cce:/internal/x/prerequisite-imports as file:///Users/mu/work/gitee/cocos-creator-how-to-use/proj/Demo/Creator3.5.0_GetScriptFunction/assets/CTest.ts.
debug: Inspect file:///Users/mu/work/gitee/cocos-creator-how-to-use/proj/Demo/Creator3.5.0_GetScriptFunction/assets/CTest.ts
debug: Resolve cc from file:///Users/mu/work/gitee/cocos-creator-how-to-use/proj/Demo/Creator3.5.0_GetScriptFunction/assets/CTest.ts as cce:/internal/x/cc.
debug: Resolve cc from file:///Users/mu/work/gitee/cocos-creator-how-to-use/proj/Demo/Creator3.5.0_GetScriptFunction/assets/CTest.ts as cce:/internal/x/cc.
debug: Resolve file:///Users/mu/work/gitee/cocos-creator-how-to-use/proj/Demo/Creator3.5.0_GetScriptFunction/assets/GetScriptFunction.ts from cce:/internal/x/prerequisite-imports as file:///Users/mu/work/gitee/cocos-creator-how-to-use/proj/Demo/Creator3.5.0_GetScriptFunction/assets/GetScriptFunction.ts.
debug: Inspect file:///Users/mu/work/gitee/cocos-creator-how-to-use/proj/Demo/Creator3.5.0_GetScriptFunction/assets/GetScriptFunction.ts
debug: Resolve cc from file:///Users/mu/work/gitee/cocos-creator-how-to-use/proj/Demo/Creator3.5.0_GetScriptFunction/assets/GetScriptFunction.ts as cce:/internal/x/cc.
debug: Resolve cc from file:///Users/mu/work/gitee/cocos-creator-how-to-use/proj/Demo/Creator3.5.0_GetScriptFunction/assets/GetScriptFunction.ts as cce:/internal/x/cc.
debug: Target(preview) ends with cost 606.6257769999793ms.
debug: Dispatch build request for time accumulated 2 asset changes.
debug: Build iteration starts.
Number of accumulated asset changes: 2
Feature changed: false
debug: Target(editor) build started.
debug: Detected change: cce:/internal/x/prerequisite-imports. Last mtime: Thu Jan 01 1970 08:00:17 GMT+0800 (中国标准时间), Current mtime: Thu Jan 01 1970 08:04:00 GMT+0800 (中国标准时间)
debug: Inspect cce:/internal/x/prerequisite-imports
debug: Resolve file:///Users/mu/work/gitee/cocos-creator-how-to-use/proj/Demo/Creator3.5.0_GetScriptFunction/assets/script/CTest.ts from cce:/internal/x/prerequisite-imports as file:///Users/mu/work/gitee/cocos-creator-how-to-use/proj/Demo/Creator3.5.0_GetScriptFunction/assets/script/CTest.ts.
debug: Inspect file:///Users/mu/work/gitee/cocos-creator-how-to-use/proj/Demo/Creator3.5.0_GetScriptFunction/assets/script/CTest.ts
debug: Resolve cc from file:///Users/mu/work/gitee/cocos-creator-how-to-use/proj/Demo/Creator3.5.0_GetScriptFunction/assets/script/CTest.ts as cce:/internal/x/cc.
debug: Resolve cc from file:///Users/mu/work/gitee/cocos-creator-how-to-use/proj/Demo/Creator3.5.0_GetScriptFunction/assets/script/CTest.ts as cce:/internal/x/cc.
debug: Resolve file:///Users/mu/work/gitee/cocos-creator-how-to-use/proj/Demo/Creator3.5.0_GetScriptFunction/assets/script/GetScriptFunction.ts from cce:/internal/x/prerequisite-imports as file:///Users/mu/work/gitee/cocos-creator-how-to-use/proj/Demo/Creator3.5.0_GetScriptFunction/assets/script/GetScriptFunction.ts.
debug: Inspect file:///Users/mu/work/gitee/cocos-creator-how-to-use/proj/Demo/Creator3.5.0_GetScriptFunction/assets/script/GetScriptFunction.ts
debug: Resolve cc from file:///Users/mu/work/gitee/cocos-creator-how-to-use/proj/Demo/Creator3.5.0_GetScriptFunction/assets/script/GetScriptFunction.ts as cce:/internal/x/cc.
debug: Resolve cc from file:///Users/mu/work/gitee/cocos-creator-how-to-use/proj/Demo/Creator3.5.0_GetScriptFunction/assets/script/GetScriptFunction.ts as cce:/internal/x/cc.
debug: Target(editor) ends with cost 139.36392999999225ms.
debug: Target(preview) build started.
debug: Detected change: cce:/internal/x/prerequisite-imports. Last mtime: Thu Jan 01 1970 08:00:18 GMT+0800 (中国标准时间), Current mtime: Thu Jan 01 1970 08:04:00 GMT+0800 (中国标准时间)
debug: Inspect cce:/internal/x/prerequisite-imports
debug: Resolve file:///Users/mu/work/gitee/cocos-creator-how-to-use/proj/Demo/Creator3.5.0_GetScriptFunction/assets/script/CTest.ts from cce:/internal/x/prerequisite-imports as file:///Users/mu/work/gitee/cocos-creator-how-to-use/proj/Demo/Creator3.5.0_GetScriptFunction/assets/script/CTest.ts.
debug: Inspect file:///Users/mu/work/gitee/cocos-creator-how-to-use/proj/Demo/Creator3.5.0_GetScriptFunction/assets/script/CTest.ts
debug: Resolve cc from file:///Users/mu/work/gitee/cocos-creator-how-to-use/proj/Demo/Creator3.5.0_GetScriptFunction/assets/script/CTest.ts as cce:/internal/x/cc.
debug: Resolve cc from file:///Users/mu/work/gitee/cocos-creator-how-to-use/proj/Demo/Creator3.5.0_GetScriptFunction/assets/script/CTest.ts as cce:/internal/x/cc.
debug: Resolve file:///Users/mu/work/gitee/cocos-creator-how-to-use/proj/Demo/Creator3.5.0_GetScriptFunction/assets/script/GetScriptFunction.ts from cce:/internal/x/prerequisite-imports as file:///Users/mu/work/gitee/cocos-creator-how-to-use/proj/Demo/Creator3.5.0_GetScriptFunction/assets/script/GetScriptFunction.ts.
debug: Inspect file:///Users/mu/work/gitee/cocos-creator-how-to-use/proj/Demo/Creator3.5.0_GetScriptFunction/assets/script/GetScriptFunction.ts
debug: Resolve cc from file:///Users/mu/work/gitee/cocos-creator-how-to-use/proj/Demo/Creator3.5.0_GetScriptFunction/assets/script/GetScriptFunction.ts as cce:/internal/x/cc.
debug: Resolve cc from file:///Users/mu/work/gitee/cocos-creator-how-to-use/proj/Demo/Creator3.5.0_GetScriptFunction/assets/script/GetScriptFunction.ts as cce:/internal/x/cc.
debug: Target(preview) ends with cost 210.02295100002084ms.
debug: Dispatch build request for time accumulated 1 asset changes.
debug: Build iteration starts.
Number of accumulated asset changes: 1
Feature changed: false
debug: Target(editor) build started.
debug: Detected change: cce:/internal/x/prerequisite-imports. Last mtime: Thu Jan 01 1970 08:04:00 GMT+0800 (中国标准时间), Current mtime: Thu Jan 01 1970 08:07:38 GMT+0800 (中国标准时间)
debug: Inspect cce:/internal/x/prerequisite-imports
debug: Resolve file:///Users/mu/work/gitee/cocos-creator-how-to-use/proj/Demo/Creator3.5.0_GetScriptFunction/assets/script/CTest.ts from cce:/internal/x/prerequisite-imports as file:///Users/mu/work/gitee/cocos-creator-how-to-use/proj/Demo/Creator3.5.0_GetScriptFunction/assets/script/CTest.ts.
debug: Resolve file:///Users/mu/work/gitee/cocos-creator-how-to-use/proj/Demo/Creator3.5.0_GetScriptFunction/assets/script/GetScriptFunction.ts from cce:/internal/x/prerequisite-imports as file:///Users/mu/work/gitee/cocos-creator-how-to-use/proj/Demo/Creator3.5.0_GetScriptFunction/assets/script/GetScriptFunction.ts.
debug: Detected change: file:///Users/mu/work/gitee/cocos-creator-how-to-use/proj/Demo/Creator3.5.0_GetScriptFunction/assets/script/GetScriptFunction.ts. Last mtime: Tue May 31 2022 10:11:01 GMT+0800 (中国标准时间)@dd7389ad-dcd5-4d0d-a882-f4bd5b750e77, Current mtime: Wed Jun 01 2022 09:28:45 GMT+0800 (中国标准时间)@dd7389ad-dcd5-4d0d-a882-f4bd5b750e77
debug: Inspect file:///Users/mu/work/gitee/cocos-creator-how-to-use/proj/Demo/Creator3.5.0_GetScriptFunction/assets/script/GetScriptFunction.ts
debug: Resolve cc from file:///Users/mu/work/gitee/cocos-creator-how-to-use/proj/Demo/Creator3.5.0_GetScriptFunction/assets/script/GetScriptFunction.ts as cce:/internal/x/cc.
debug: Resolve cc from file:///Users/mu/work/gitee/cocos-creator-how-to-use/proj/Demo/Creator3.5.0_GetScriptFunction/assets/script/GetScriptFunction.ts as cce:/internal/x/cc.
debug: Target(editor) ends with cost 145.14477800019085ms.
debug: Target(preview) build started.
debug: Detected change: cce:/internal/x/prerequisite-imports. Last mtime: Thu Jan 01 1970 08:04:00 GMT+0800 (中国标准时间), Current mtime: Thu Jan 01 1970 08:07:38 GMT+0800 (中国标准时间)
debug: Inspect cce:/internal/x/prerequisite-imports
debug: Resolve file:///Users/mu/work/gitee/cocos-creator-how-to-use/proj/Demo/Creator3.5.0_GetScriptFunction/assets/script/CTest.ts from cce:/internal/x/prerequisite-imports as file:///Users/mu/work/gitee/cocos-creator-how-to-use/proj/Demo/Creator3.5.0_GetScriptFunction/assets/script/CTest.ts.
debug: Resolve file:///Users/mu/work/gitee/cocos-creator-how-to-use/proj/Demo/Creator3.5.0_GetScriptFunction/assets/script/GetScriptFunction.ts from cce:/internal/x/prerequisite-imports as file:///Users/mu/work/gitee/cocos-creator-how-to-use/proj/Demo/Creator3.5.0_GetScriptFunction/assets/script/GetScriptFunction.ts.
debug: Detected change: file:///Users/mu/work/gitee/cocos-creator-how-to-use/proj/Demo/Creator3.5.0_GetScriptFunction/assets/script/GetScriptFunction.ts. Last mtime: Tue May 31 2022 10:11:01 GMT+0800 (中国标准时间)@dd7389ad-dcd5-4d0d-a882-f4bd5b750e77, Current mtime: Wed Jun 01 2022 09:28:45 GMT+0800 (中国标准时间)@dd7389ad-dcd5-4d0d-a882-f4bd5b750e77
debug: Inspect file:///Users/mu/work/gitee/cocos-creator-how-to-use/proj/Demo/Creator3.5.0_GetScriptFunction/assets/script/GetScriptFunction.ts
debug: Resolve cc from file:///Users/mu/work/gitee/cocos-creator-how-to-use/proj/Demo/Creator3.5.0_GetScriptFunction/assets/script/GetScriptFunction.ts as cce:/internal/x/cc.
debug: Resolve cc from file:///Users/mu/work/gitee/cocos-creator-how-to-use/proj/Demo/Creator3.5.0_GetScriptFunction/assets/script/GetScriptFunction.ts as cce:/internal/x/cc.
debug: Target(preview) ends with cost 224.91439300007187ms.
debug: Dispatch build request for time accumulated 1 asset changes.
debug: Build iteration starts.
Number of accumulated asset changes: 1
Feature changed: false
debug: Target(editor) build started.
debug: Detected change: cce:/internal/x/prerequisite-imports. Last mtime: Thu Jan 01 1970 08:07:38 GMT+0800 (中国标准时间), Current mtime: Thu Jan 01 1970 08:12:32 GMT+0800 (中国标准时间)
debug: Inspect cce:/internal/x/prerequisite-imports
debug: Resolve file:///Users/mu/work/gitee/cocos-creator-how-to-use/proj/Demo/Creator3.5.0_GetScriptFunction/assets/script/CTest.ts from cce:/internal/x/prerequisite-imports as file:///Users/mu/work/gitee/cocos-creator-how-to-use/proj/Demo/Creator3.5.0_GetScriptFunction/assets/script/CTest.ts.
debug: Resolve file:///Users/mu/work/gitee/cocos-creator-how-to-use/proj/Demo/Creator3.5.0_GetScriptFunction/assets/script/GetScriptFunction.ts from cce:/internal/x/prerequisite-imports as file:///Users/mu/work/gitee/cocos-creator-how-to-use/proj/Demo/Creator3.5.0_GetScriptFunction/assets/script/GetScriptFunction.ts.
debug: Detected change: file:///Users/mu/work/gitee/cocos-creator-how-to-use/proj/Demo/Creator3.5.0_GetScriptFunction/assets/script/GetScriptFunction.ts. Last mtime: Wed Jun 01 2022 09:28:45 GMT+0800 (中国标准时间)@dd7389ad-dcd5-4d0d-a882-f4bd5b750e77, Current mtime: Wed Jun 01 2022 09:33:37 GMT+0800 (中国标准时间)@dd7389ad-dcd5-4d0d-a882-f4bd5b750e77
debug: Inspect file:///Users/mu/work/gitee/cocos-creator-how-to-use/proj/Demo/Creator3.5.0_GetScriptFunction/assets/script/GetScriptFunction.ts
debug: Resolve cc from file:///Users/mu/work/gitee/cocos-creator-how-to-use/proj/Demo/Creator3.5.0_GetScriptFunction/assets/script/GetScriptFunction.ts as cce:/internal/x/cc.
debug: Resolve cc from file:///Users/mu/work/gitee/cocos-creator-how-to-use/proj/Demo/Creator3.5.0_GetScriptFunction/assets/script/GetScriptFunction.ts as cce:/internal/x/cc.
debug: Target(editor) ends with cost 96.15863600000739ms.
debug: Target(preview) build started.
debug: Detected change: cce:/internal/x/prerequisite-imports. Last mtime: Thu Jan 01 1970 08:07:38 GMT+0800 (中国标准时间), Current mtime: Thu Jan 01 1970 08:12:32 GMT+0800 (中国标准时间)
debug: Inspect cce:/internal/x/prerequisite-imports
debug: Resolve file:///Users/mu/work/gitee/cocos-creator-how-to-use/proj/Demo/Creator3.5.0_GetScriptFunction/assets/script/CTest.ts from cce:/internal/x/prerequisite-imports as file:///Users/mu/work/gitee/cocos-creator-how-to-use/proj/Demo/Creator3.5.0_GetScriptFunction/assets/script/CTest.ts.
debug: Resolve file:///Users/mu/work/gitee/cocos-creator-how-to-use/proj/Demo/Creator3.5.0_GetScriptFunction/assets/script/GetScriptFunction.ts from cce:/internal/x/prerequisite-imports as file:///Users/mu/work/gitee/cocos-creator-how-to-use/proj/Demo/Creator3.5.0_GetScriptFunction/assets/script/GetScriptFunction.ts.
debug: Detected change: file:///Users/mu/work/gitee/cocos-creator-how-to-use/proj/Demo/Creator3.5.0_GetScriptFunction/assets/script/GetScriptFunction.ts. Last mtime: Wed Jun 01 2022 09:28:45 GMT+0800 (中国标准时间)@dd7389ad-dcd5-4d0d-a882-f4bd5b750e77, Current mtime: Wed Jun 01 2022 09:33:37 GMT+0800 (中国标准时间)@dd7389ad-dcd5-4d0d-a882-f4bd5b750e77
debug: Inspect file:///Users/mu/work/gitee/cocos-creator-how-to-use/proj/Demo/Creator3.5.0_GetScriptFunction/assets/script/GetScriptFunction.ts
debug: Resolve cc from file:///Users/mu/work/gitee/cocos-creator-how-to-use/proj/Demo/Creator3.5.0_GetScriptFunction/assets/script/GetScriptFunction.ts as cce:/internal/x/cc.
debug: Resolve cc from file:///Users/mu/work/gitee/cocos-creator-how-to-use/proj/Demo/Creator3.5.0_GetScriptFunction/assets/script/GetScriptFunction.ts as cce:/internal/x/cc.
debug: Target(preview) ends with cost 124.93154600006528ms.
debug: Dispatch build request for time accumulated 1 asset changes.
debug: Build iteration starts.
Number of accumulated asset changes: 1
Feature changed: false
debug: Target(editor) build started.
debug: Detected change: cce:/internal/x/prerequisite-imports. Last mtime: Thu Jan 01 1970 08:12:32 GMT+0800 (中国标准时间), Current mtime: Thu Jan 01 1970 08:12:37 GMT+0800 (中国标准时间)
debug: Inspect cce:/internal/x/prerequisite-imports
debug: Resolve file:///Users/mu/work/gitee/cocos-creator-how-to-use/proj/Demo/Creator3.5.0_GetScriptFunction/assets/script/CTest.ts from cce:/internal/x/prerequisite-imports as file:///Users/mu/work/gitee/cocos-creator-how-to-use/proj/Demo/Creator3.5.0_GetScriptFunction/assets/script/CTest.ts.
debug: Resolve file:///Users/mu/work/gitee/cocos-creator-how-to-use/proj/Demo/Creator3.5.0_GetScriptFunction/assets/script/GetScriptFunction.ts from cce:/internal/x/prerequisite-imports as file:///Users/mu/work/gitee/cocos-creator-how-to-use/proj/Demo/Creator3.5.0_GetScriptFunction/assets/script/GetScriptFunction.ts.
debug: Detected change: file:///Users/mu/work/gitee/cocos-creator-how-to-use/proj/Demo/Creator3.5.0_GetScriptFunction/assets/script/GetScriptFunction.ts. Last mtime: Wed Jun 01 2022 09:33:37 GMT+0800 (中国标准时间)@dd7389ad-dcd5-4d0d-a882-f4bd5b750e77, Current mtime: Wed Jun 01 2022 09:33:44 GMT+0800 (中国标准时间)@dd7389ad-dcd5-4d0d-a882-f4bd5b750e77
debug: Inspect file:///Users/mu/work/gitee/cocos-creator-how-to-use/proj/Demo/Creator3.5.0_GetScriptFunction/assets/script/GetScriptFunction.ts
debug: Resolve cc from file:///Users/mu/work/gitee/cocos-creator-how-to-use/proj/Demo/Creator3.5.0_GetScriptFunction/assets/script/GetScriptFunction.ts as cce:/internal/x/cc.
debug: Resolve cc from file:///Users/mu/work/gitee/cocos-creator-how-to-use/proj/Demo/Creator3.5.0_GetScriptFunction/assets/script/GetScriptFunction.ts as cce:/internal/x/cc.
debug: Target(editor) ends with cost 72.40527599980123ms.
debug: Target(preview) build started.
debug: Detected change: cce:/internal/x/prerequisite-imports. Last mtime: Thu Jan 01 1970 08:12:32 GMT+0800 (中国标准时间), Current mtime: Thu Jan 01 1970 08:12:37 GMT+0800 (中国标准时间)
debug: Inspect cce:/internal/x/prerequisite-imports
debug: Resolve file:///Users/mu/work/gitee/cocos-creator-how-to-use/proj/Demo/Creator3.5.0_GetScriptFunction/assets/script/CTest.ts from cce:/internal/x/prerequisite-imports as file:///Users/mu/work/gitee/cocos-creator-how-to-use/proj/Demo/Creator3.5.0_GetScriptFunction/assets/script/CTest.ts.
debug: Resolve file:///Users/mu/work/gitee/cocos-creator-how-to-use/proj/Demo/Creator3.5.0_GetScriptFunction/assets/script/GetScriptFunction.ts from cce:/internal/x/prerequisite-imports as file:///Users/mu/work/gitee/cocos-creator-how-to-use/proj/Demo/Creator3.5.0_GetScriptFunction/assets/script/GetScriptFunction.ts.
debug: Detected change: file:///Users/mu/work/gitee/cocos-creator-how-to-use/proj/Demo/Creator3.5.0_GetScriptFunction/assets/script/GetScriptFunction.ts. Last mtime: Wed Jun 01 2022 09:33:37 GMT+0800 (中国标准时间)@dd7389ad-dcd5-4d0d-a882-f4bd5b750e77, Current mtime: Wed Jun 01 2022 09:33:44 GMT+0800 (中国标准时间)@dd7389ad-dcd5-4d0d-a882-f4bd5b750e77
debug: Inspect file:///Users/mu/work/gitee/cocos-creator-how-to-use/proj/Demo/Creator3.5.0_GetScriptFunction/assets/script/GetScriptFunction.ts
debug: Resolve cc from file:///Users/mu/work/gitee/cocos-creator-how-to-use/proj/Demo/Creator3.5.0_GetScriptFunction/assets/script/GetScriptFunction.ts as cce:/internal/x/cc.
debug: Resolve cc from file:///Users/mu/work/gitee/cocos-creator-how-to-use/proj/Demo/Creator3.5.0_GetScriptFunction/assets/script/GetScriptFunction.ts as cce:/internal/x/cc.
debug: Target(preview) ends with cost 415.40621699998155ms.
debug: Dispatch build request for time accumulated 1 asset changes.
debug: Build iteration starts.
Number of accumulated asset changes: 1
Feature changed: false
debug: Target(editor) build started.
debug: Detected change: cce:/internal/x/prerequisite-imports. Last mtime: Thu Jan 01 1970 08:12:37 GMT+0800 (中国标准时间), Current mtime: Thu Jan 01 1970 08:17:03 GMT+0800 (中国标准时间)
debug: Inspect cce:/internal/x/prerequisite-imports
debug: Resolve file:///Users/mu/work/gitee/cocos-creator-how-to-use/proj/Demo/Creator3.5.0_GetScriptFunction/assets/script/CTest.ts from cce:/internal/x/prerequisite-imports as file:///Users/mu/work/gitee/cocos-creator-how-to-use/proj/Demo/Creator3.5.0_GetScriptFunction/assets/script/CTest.ts.
debug: Resolve file:///Users/mu/work/gitee/cocos-creator-how-to-use/proj/Demo/Creator3.5.0_GetScriptFunction/assets/script/GetScriptFunction.ts from cce:/internal/x/prerequisite-imports as file:///Users/mu/work/gitee/cocos-creator-how-to-use/proj/Demo/Creator3.5.0_GetScriptFunction/assets/script/GetScriptFunction.ts.
debug: Detected change: file:///Users/mu/work/gitee/cocos-creator-how-to-use/proj/Demo/Creator3.5.0_GetScriptFunction/assets/script/GetScriptFunction.ts. Last mtime: Wed Jun 01 2022 09:33:44 GMT+0800 (中国标准时间)@dd7389ad-dcd5-4d0d-a882-f4bd5b750e77, Current mtime: Wed Jun 01 2022 09:38:10 GMT+0800 (中国标准时间)@dd7389ad-dcd5-4d0d-a882-f4bd5b750e77
debug: Inspect file:///Users/mu/work/gitee/cocos-creator-how-to-use/proj/Demo/Creator3.5.0_GetScriptFunction/assets/script/GetScriptFunction.ts
debug: Resolve cc from file:///Users/mu/work/gitee/cocos-creator-how-to-use/proj/Demo/Creator3.5.0_GetScriptFunction/assets/script/GetScriptFunction.ts as cce:/internal/x/cc.
debug: Resolve cc from file:///Users/mu/work/gitee/cocos-creator-how-to-use/proj/Demo/Creator3.5.0_GetScriptFunction/assets/script/GetScriptFunction.ts as cce:/internal/x/cc.
debug: Target(editor) ends with cost 86.94809600012377ms.
debug: Target(preview) build started.
debug: Detected change: cce:/internal/x/prerequisite-imports. Last mtime: Thu Jan 01 1970 08:12:37 GMT+0800 (中国标准时间), Current mtime: Thu Jan 01 1970 08:17:03 GMT+0800 (中国标准时间)
debug: Inspect cce:/internal/x/prerequisite-imports
debug: Resolve file:///Users/mu/work/gitee/cocos-creator-how-to-use/proj/Demo/Creator3.5.0_GetScriptFunction/assets/script/CTest.ts from cce:/internal/x/prerequisite-imports as file:///Users/mu/work/gitee/cocos-creator-how-to-use/proj/Demo/Creator3.5.0_GetScriptFunction/assets/script/CTest.ts.
debug: Resolve file:///Users/mu/work/gitee/cocos-creator-how-to-use/proj/Demo/Creator3.5.0_GetScriptFunction/assets/script/GetScriptFunction.ts from cce:/internal/x/prerequisite-imports as file:///Users/mu/work/gitee/cocos-creator-how-to-use/proj/Demo/Creator3.5.0_GetScriptFunction/assets/script/GetScriptFunction.ts.
debug: Detected change: file:///Users/mu/work/gitee/cocos-creator-how-to-use/proj/Demo/Creator3.5.0_GetScriptFunction/assets/script/GetScriptFunction.ts. Last mtime: Wed Jun 01 2022 09:33:44 GMT+0800 (中国标准时间)@dd7389ad-dcd5-4d0d-a882-f4bd5b750e77, Current mtime: Wed Jun 01 2022 09:38:10 GMT+0800 (中国标准时间)@dd7389ad-dcd5-4d0d-a882-f4bd5b750e77
debug: Inspect file:///Users/mu/work/gitee/cocos-creator-how-to-use/proj/Demo/Creator3.5.0_GetScriptFunction/assets/script/GetScriptFunction.ts
debug: Resolve cc from file:///Users/mu/work/gitee/cocos-creator-how-to-use/proj/Demo/Creator3.5.0_GetScriptFunction/assets/script/GetScriptFunction.ts as cce:/internal/x/cc.
debug: Resolve cc from file:///Users/mu/work/gitee/cocos-creator-how-to-use/proj/Demo/Creator3.5.0_GetScriptFunction/assets/script/GetScriptFunction.ts as cce:/internal/x/cc.
debug: Target(preview) ends with cost 123.5386090001557ms.
debug: Dispatch build request for time accumulated 1 asset changes.
debug: Build iteration starts.
Number of accumulated asset changes: 1
Feature changed: false
debug: Target(editor) build started.
debug: Detected change: cce:/internal/x/prerequisite-imports. Last mtime: Thu Jan 01 1970 08:17:03 GMT+0800 (中国标准时间), Current mtime: Thu Jan 01 1970 08:18:11 GMT+0800 (中国标准时间)
debug: Inspect cce:/internal/x/prerequisite-imports
debug: Resolve file:///Users/mu/work/gitee/cocos-creator-how-to-use/proj/Demo/Creator3.5.0_GetScriptFunction/assets/script/CTest.ts from cce:/internal/x/prerequisite-imports as file:///Users/mu/work/gitee/cocos-creator-how-to-use/proj/Demo/Creator3.5.0_GetScriptFunction/assets/script/CTest.ts.
debug: Resolve file:///Users/mu/work/gitee/cocos-creator-how-to-use/proj/Demo/Creator3.5.0_GetScriptFunction/assets/script/GetScriptFunction.ts from cce:/internal/x/prerequisite-imports as file:///Users/mu/work/gitee/cocos-creator-how-to-use/proj/Demo/Creator3.5.0_GetScriptFunction/assets/script/GetScriptFunction.ts.
debug: Detected change: file:///Users/mu/work/gitee/cocos-creator-how-to-use/proj/Demo/Creator3.5.0_GetScriptFunction/assets/script/GetScriptFunction.ts. Last mtime: Wed Jun 01 2022 09:38:10 GMT+0800 (中国标准时间)@dd7389ad-dcd5-4d0d-a882-f4bd5b750e77, Current mtime: Wed Jun 01 2022 09:39:18 GMT+0800 (中国标准时间)@dd7389ad-dcd5-4d0d-a882-f4bd5b750e77
debug: Inspect file:///Users/mu/work/gitee/cocos-creator-how-to-use/proj/Demo/Creator3.5.0_GetScriptFunction/assets/script/GetScriptFunction.ts
debug: Resolve cc from file:///Users/mu/work/gitee/cocos-creator-how-to-use/proj/Demo/Creator3.5.0_GetScriptFunction/assets/script/GetScriptFunction.ts as cce:/internal/x/cc.
debug: Resolve cc from file:///Users/mu/work/gitee/cocos-creator-how-to-use/proj/Demo/Creator3.5.0_GetScriptFunction/assets/script/GetScriptFunction.ts as cce:/internal/x/cc.
debug: Target(editor) ends with cost 65.748784000054ms.
debug: Target(preview) build started.
debug: Detected change: cce:/internal/x/prerequisite-imports. Last mtime: Thu Jan 01 1970 08:17:03 GMT+0800 (中国标准时间), Current mtime: Thu Jan 01 1970 08:18:11 GMT+0800 (中国标准时间)
debug: Inspect cce:/internal/x/prerequisite-imports
debug: Resolve file:///Users/mu/work/gitee/cocos-creator-how-to-use/proj/Demo/Creator3.5.0_GetScriptFunction/assets/script/CTest.ts from cce:/internal/x/prerequisite-imports as file:///Users/mu/work/gitee/cocos-creator-how-to-use/proj/Demo/Creator3.5.0_GetScriptFunction/assets/script/CTest.ts.
debug: Resolve file:///Users/mu/work/gitee/cocos-creator-how-to-use/proj/Demo/Creator3.5.0_GetScriptFunction/assets/script/GetScriptFunction.ts from cce:/internal/x/prerequisite-imports as file:///Users/mu/work/gitee/cocos-creator-how-to-use/proj/Demo/Creator3.5.0_GetScriptFunction/assets/script/GetScriptFunction.ts.
debug: Detected change: file:///Users/mu/work/gitee/cocos-creator-how-to-use/proj/Demo/Creator3.5.0_GetScriptFunction/assets/script/GetScriptFunction.ts. Last mtime: Wed Jun 01 2022 09:38:10 GMT+0800 (中国标准时间)@dd7389ad-dcd5-4d0d-a882-f4bd5b750e77, Current mtime: Wed Jun 01 2022 09:39:18 GMT+0800 (中国标准时间)@dd7389ad-dcd5-4d0d-a882-f4bd5b750e77
debug: Inspect file:///Users/mu/work/gitee/cocos-creator-how-to-use/proj/Demo/Creator3.5.0_GetScriptFunction/assets/script/GetScriptFunction.ts
debug: Resolve cc from file:///Users/mu/work/gitee/cocos-creator-how-to-use/proj/Demo/Creator3.5.0_GetScriptFunction/assets/script/GetScriptFunction.ts as cce:/internal/x/cc.
debug: Resolve cc from file:///Users/mu/work/gitee/cocos-creator-how-to-use/proj/Demo/Creator3.5.0_GetScriptFunction/assets/script/GetScriptFunction.ts as cce:/internal/x/cc.
debug: Target(preview) ends with cost 229.50230399984866ms.
debug: Dispatch build request for time accumulated 1 asset changes.
debug: Build iteration starts.
Number of accumulated asset changes: 1
Feature changed: false
debug: Target(editor) build started.
debug: Detected change: cce:/internal/x/prerequisite-imports. Last mtime: Thu Jan 01 1970 08:18:11 GMT+0800 (中国标准时间), Current mtime: Thu Jan 01 1970 08:22:17 GMT+0800 (中国标准时间)
debug: Inspect cce:/internal/x/prerequisite-imports
debug: Resolve file:///Users/mu/work/gitee/cocos-creator-how-to-use/proj/Demo/Creator3.5.0_GetScriptFunction/assets/script/CTest.ts from cce:/internal/x/prerequisite-imports as file:///Users/mu/work/gitee/cocos-creator-how-to-use/proj/Demo/Creator3.5.0_GetScriptFunction/assets/script/CTest.ts.
debug: Resolve file:///Users/mu/work/gitee/cocos-creator-how-to-use/proj/Demo/Creator3.5.0_GetScriptFunction/assets/script/GetScriptFunction.ts from cce:/internal/x/prerequisite-imports as file:///Users/mu/work/gitee/cocos-creator-how-to-use/proj/Demo/Creator3.5.0_GetScriptFunction/assets/script/GetScriptFunction.ts.
debug: Detected change: file:///Users/mu/work/gitee/cocos-creator-how-to-use/proj/Demo/Creator3.5.0_GetScriptFunction/assets/script/GetScriptFunction.ts. Last mtime: Wed Jun 01 2022 09:39:18 GMT+0800 (中国标准时间)@dd7389ad-dcd5-4d0d-a882-f4bd5b750e77, Current mtime: Wed Jun 01 2022 09:43:23 GMT+0800 (中国标准时间)@dd7389ad-dcd5-4d0d-a882-f4bd5b750e77
debug: Inspect file:///Users/mu/work/gitee/cocos-creator-how-to-use/proj/Demo/Creator3.5.0_GetScriptFunction/assets/script/GetScriptFunction.ts
debug: Resolve cc from file:///Users/mu/work/gitee/cocos-creator-how-to-use/proj/Demo/Creator3.5.0_GetScriptFunction/assets/script/GetScriptFunction.ts as cce:/internal/x/cc.
debug: Resolve cc from file:///Users/mu/work/gitee/cocos-creator-how-to-use/proj/Demo/Creator3.5.0_GetScriptFunction/assets/script/GetScriptFunction.ts as cce:/internal/x/cc.
debug: Target(editor) ends with cost 60.515630999812856ms.
debug: Target(preview) build started.
debug: Detected change: cce:/internal/x/prerequisite-imports. Last mtime: Thu Jan 01 1970 08:18:11 GMT+0800 (中国标准时间), Current mtime: Thu Jan 01 1970 08:22:17 GMT+0800 (中国标准时间)
debug: Inspect cce:/internal/x/prerequisite-imports
debug: Resolve file:///Users/mu/work/gitee/cocos-creator-how-to-use/proj/Demo/Creator3.5.0_GetScriptFunction/assets/script/CTest.ts from cce:/internal/x/prerequisite-imports as file:///Users/mu/work/gitee/cocos-creator-how-to-use/proj/Demo/Creator3.5.0_GetScriptFunction/assets/script/CTest.ts.
debug: Resolve file:///Users/mu/work/gitee/cocos-creator-how-to-use/proj/Demo/Creator3.5.0_GetScriptFunction/assets/script/GetScriptFunction.ts from cce:/internal/x/prerequisite-imports as file:///Users/mu/work/gitee/cocos-creator-how-to-use/proj/Demo/Creator3.5.0_GetScriptFunction/assets/script/GetScriptFunction.ts.
debug: Detected change: file:///Users/mu/work/gitee/cocos-creator-how-to-use/proj/Demo/Creator3.5.0_GetScriptFunction/assets/script/GetScriptFunction.ts. Last mtime: Wed Jun 01 2022 09:39:18 GMT+0800 (中国标准时间)@dd7389ad-dcd5-4d0d-a882-f4bd5b750e77, Current mtime: Wed Jun 01 2022 09:43:23 GMT+0800 (中国标准时间)@dd7389ad-dcd5-4d0d-a882-f4bd5b750e77
debug: Inspect file:///Users/mu/work/gitee/cocos-creator-how-to-use/proj/Demo/Creator3.5.0_GetScriptFunction/assets/script/GetScriptFunction.ts
debug: Resolve cc from file:///Users/mu/work/gitee/cocos-creator-how-to-use/proj/Demo/Creator3.5.0_GetScriptFunction/assets/script/GetScriptFunction.ts as cce:/internal/x/cc.
debug: Resolve cc from file:///Users/mu/work/gitee/cocos-creator-how-to-use/proj/Demo/Creator3.5.0_GetScriptFunction/assets/script/GetScriptFunction.ts as cce:/internal/x/cc.
debug: Target(preview) ends with cost 169.89173100003973ms.
debug: Dispatch build request for time accumulated 1 asset changes.
debug: Build iteration starts.
Number of accumulated asset changes: 1
Feature changed: false
debug: Target(editor) build started.
debug: Detected change: cce:/internal/x/prerequisite-imports. Last mtime: Thu Jan 01 1970 08:22:17 GMT+0800 (中国标准时间), Current mtime: Thu Jan 01 1970 08:25:22 GMT+0800 (中国标准时间)
debug: Inspect cce:/internal/x/prerequisite-imports
debug: Resolve file:///Users/mu/work/gitee/cocos-creator-how-to-use/proj/Demo/Creator3.5.0_GetScriptFunction/assets/script/CTest.ts from cce:/internal/x/prerequisite-imports as file:///Users/mu/work/gitee/cocos-creator-how-to-use/proj/Demo/Creator3.5.0_GetScriptFunction/assets/script/CTest.ts.
debug: Resolve file:///Users/mu/work/gitee/cocos-creator-how-to-use/proj/Demo/Creator3.5.0_GetScriptFunction/assets/script/GetScriptFunction.ts from cce:/internal/x/prerequisite-imports as file:///Users/mu/work/gitee/cocos-creator-how-to-use/proj/Demo/Creator3.5.0_GetScriptFunction/assets/script/GetScriptFunction.ts.
debug: Detected change: file:///Users/mu/work/gitee/cocos-creator-how-to-use/proj/Demo/Creator3.5.0_GetScriptFunction/assets/script/GetScriptFunction.ts. Last mtime: Wed Jun 01 2022 09:43:23 GMT+0800 (中国标准时间)@dd7389ad-dcd5-4d0d-a882-f4bd5b750e77, Current mtime: Wed Jun 01 2022 09:46:29 GMT+0800 (中国标准时间)@dd7389ad-dcd5-4d0d-a882-f4bd5b750e77
debug: Inspect file:///Users/mu/work/gitee/cocos-creator-how-to-use/proj/Demo/Creator3.5.0_GetScriptFunction/assets/script/GetScriptFunction.ts
debug: Resolve cc from file:///Users/mu/work/gitee/cocos-creator-how-to-use/proj/Demo/Creator3.5.0_GetScriptFunction/assets/script/GetScriptFunction.ts as cce:/internal/x/cc.
debug: Resolve cc from file:///Users/mu/work/gitee/cocos-creator-how-to-use/proj/Demo/Creator3.5.0_GetScriptFunction/assets/script/GetScriptFunction.ts as cce:/internal/x/cc.
debug: Target(editor) ends with cost 77.9851839998737ms.
debug: Target(preview) build started.
debug: Detected change: cce:/internal/x/prerequisite-imports. Last mtime: Thu Jan 01 1970 08:22:17 GMT+0800 (中国标准时间), Current mtime: Thu Jan 01 1970 08:25:22 GMT+0800 (中国标准时间)
debug: Inspect cce:/internal/x/prerequisite-imports
debug: Resolve file:///Users/mu/work/gitee/cocos-creator-how-to-use/proj/Demo/Creator3.5.0_GetScriptFunction/assets/script/CTest.ts from cce:/internal/x/prerequisite-imports as file:///Users/mu/work/gitee/cocos-creator-how-to-use/proj/Demo/Creator3.5.0_GetScriptFunction/assets/script/CTest.ts.
debug: Resolve file:///Users/mu/work/gitee/cocos-creator-how-to-use/proj/Demo/Creator3.5.0_GetScriptFunction/assets/script/GetScriptFunction.ts from cce:/internal/x/prerequisite-imports as file:///Users/mu/work/gitee/cocos-creator-how-to-use/proj/Demo/Creator3.5.0_GetScriptFunction/assets/script/GetScriptFunction.ts.
debug: Detected change: file:///Users/mu/work/gitee/cocos-creator-how-to-use/proj/Demo/Creator3.5.0_GetScriptFunction/assets/script/GetScriptFunction.ts. Last mtime: Wed Jun 01 2022 09:43:23 GMT+0800 (中国标准时间)@dd7389ad-dcd5-4d0d-a882-f4bd5b750e77, Current mtime: Wed Jun 01 2022 09:46:29 GMT+0800 (中国标准时间)@dd7389ad-dcd5-4d0d-a882-f4bd5b750e77
debug: Inspect file:///Users/mu/work/gitee/cocos-creator-how-to-use/proj/Demo/Creator3.5.0_GetScriptFunction/assets/script/GetScriptFunction.ts
debug: Resolve cc from file:///Users/mu/work/gitee/cocos-creator-how-to-use/proj/Demo/Creator3.5.0_GetScriptFunction/assets/script/GetScriptFunction.ts as cce:/internal/x/cc.
debug: Resolve cc from file:///Users/mu/work/gitee/cocos-creator-how-to-use/proj/Demo/Creator3.5.0_GetScriptFunction/assets/script/GetScriptFunction.ts as cce:/internal/x/cc.
debug: Target(preview) ends with cost 267.72469299985096ms.
debug: Dispatch build request for time accumulated 1 asset changes.
debug: Build iteration starts.
Number of accumulated asset changes: 1
Feature changed: false
debug: Target(editor) build started.
debug: Detected change: cce:/internal/x/prerequisite-imports. Last mtime: Thu Jan 01 1970 08:25:22 GMT+0800 (中国标准时间), Current mtime: Thu Jan 01 1970 08:27:24 GMT+0800 (中国标准时间)
debug: Inspect cce:/internal/x/prerequisite-imports
debug: Resolve file:///Users/mu/work/gitee/cocos-creator-how-to-use/proj/Demo/Creator3.5.0_GetScriptFunction/assets/script/CTest.ts from cce:/internal/x/prerequisite-imports as file:///Users/mu/work/gitee/cocos-creator-how-to-use/proj/Demo/Creator3.5.0_GetScriptFunction/assets/script/CTest.ts.
debug: Resolve file:///Users/mu/work/gitee/cocos-creator-how-to-use/proj/Demo/Creator3.5.0_GetScriptFunction/assets/script/GetScriptFunction.ts from cce:/internal/x/prerequisite-imports as file:///Users/mu/work/gitee/cocos-creator-how-to-use/proj/Demo/Creator3.5.0_GetScriptFunction/assets/script/GetScriptFunction.ts.
debug: Detected change: file:///Users/mu/work/gitee/cocos-creator-how-to-use/proj/Demo/Creator3.5.0_GetScriptFunction/assets/script/GetScriptFunction.ts. Last mtime: Wed Jun 01 2022 09:46:29 GMT+0800 (中国标准时间)@dd7389ad-dcd5-4d0d-a882-f4bd5b750e77, Current mtime: Wed Jun 01 2022 09:48:21 GMT+0800 (中国标准时间)@dd7389ad-dcd5-4d0d-a882-f4bd5b750e77
debug: Inspect file:///Users/mu/work/gitee/cocos-creator-how-to-use/proj/Demo/Creator3.5.0_GetScriptFunction/assets/script/GetScriptFunction.ts
debug: Resolve cc from file:///Users/mu/work/gitee/cocos-creator-how-to-use/proj/Demo/Creator3.5.0_GetScriptFunction/assets/script/GetScriptFunction.ts as cce:/internal/x/cc.
debug: Resolve cc from file:///Users/mu/work/gitee/cocos-creator-how-to-use/proj/Demo/Creator3.5.0_GetScriptFunction/assets/script/GetScriptFunction.ts as cce:/internal/x/cc.
debug: Target(editor) ends with cost 147.1787859997712ms.
debug: Target(preview) build started.
debug: Detected change: cce:/internal/x/prerequisite-imports. Last mtime: Thu Jan 01 1970 08:25:22 GMT+0800 (中国标准时间), Current mtime: Thu Jan 01 1970 08:27:24 GMT+0800 (中国标准时间)
debug: Inspect cce:/internal/x/prerequisite-imports
debug: Resolve file:///Users/mu/work/gitee/cocos-creator-how-to-use/proj/Demo/Creator3.5.0_GetScriptFunction/assets/script/CTest.ts from cce:/internal/x/prerequisite-imports as file:///Users/mu/work/gitee/cocos-creator-how-to-use/proj/Demo/Creator3.5.0_GetScriptFunction/assets/script/CTest.ts.
debug: Resolve file:///Users/mu/work/gitee/cocos-creator-how-to-use/proj/Demo/Creator3.5.0_GetScriptFunction/assets/script/GetScriptFunction.ts from cce:/internal/x/prerequisite-imports as file:///Users/mu/work/gitee/cocos-creator-how-to-use/proj/Demo/Creator3.5.0_GetScriptFunction/assets/script/GetScriptFunction.ts.
debug: Detected change: file:///Users/mu/work/gitee/cocos-creator-how-to-use/proj/Demo/Creator3.5.0_GetScriptFunction/assets/script/GetScriptFunction.ts. Last mtime: Wed Jun 01 2022 09:46:29 GMT+0800 (中国标准时间)@dd7389ad-dcd5-4d0d-a882-f4bd5b750e77, Current mtime: Wed Jun 01 2022 09:48:21 GMT+0800 (中国标准时间)@dd7389ad-dcd5-4d0d-a882-f4bd5b750e77
debug: Inspect file:///Users/mu/work/gitee/cocos-creator-how-to-use/proj/Demo/Creator3.5.0_GetScriptFunction/assets/script/GetScriptFunction.ts
debug: Resolve cc from file:///Users/mu/work/gitee/cocos-creator-how-to-use/proj/Demo/Creator3.5.0_GetScriptFunction/assets/script/GetScriptFunction.ts as cce:/internal/x/cc.
debug: Resolve cc from file:///Users/mu/work/gitee/cocos-creator-how-to-use/proj/Demo/Creator3.5.0_GetScriptFunction/assets/script/GetScriptFunction.ts as cce:/internal/x/cc.
debug: Target(preview) ends with cost 168.12266799993813ms.
debug: Dispatch build request for time accumulated 1 asset changes.
debug: Build iteration starts.
Number of accumulated asset changes: 1
Feature changed: false
debug: Target(editor) build started.
debug: Detected change: cce:/internal/x/prerequisite-imports. Last mtime: Thu Jan 01 1970 08:27:24 GMT+0800 (中国标准时间), Current mtime: Thu Jan 01 1970 08:28:06 GMT+0800 (中国标准时间)
debug: Inspect cce:/internal/x/prerequisite-imports
debug: Resolve file:///Users/mu/work/gitee/cocos-creator-how-to-use/proj/Demo/Creator3.5.0_GetScriptFunction/assets/script/CTest.ts from cce:/internal/x/prerequisite-imports as file:///Users/mu/work/gitee/cocos-creator-how-to-use/proj/Demo/Creator3.5.0_GetScriptFunction/assets/script/CTest.ts.
debug: Resolve file:///Users/mu/work/gitee/cocos-creator-how-to-use/proj/Demo/Creator3.5.0_GetScriptFunction/assets/script/GetScriptFunction.ts from cce:/internal/x/prerequisite-imports as file:///Users/mu/work/gitee/cocos-creator-how-to-use/proj/Demo/Creator3.5.0_GetScriptFunction/assets/script/GetScriptFunction.ts.
debug: Detected change: file:///Users/mu/work/gitee/cocos-creator-how-to-use/proj/Demo/Creator3.5.0_GetScriptFunction/assets/script/GetScriptFunction.ts. Last mtime: Wed Jun 01 2022 09:48:21 GMT+0800 (中国标准时间)@dd7389ad-dcd5-4d0d-a882-f4bd5b750e77, Current mtime: Wed Jun 01 2022 09:49:13 GMT+0800 (中国标准时间)@dd7389ad-dcd5-4d0d-a882-f4bd5b750e77
debug: Inspect file:///Users/mu/work/gitee/cocos-creator-how-to-use/proj/Demo/Creator3.5.0_GetScriptFunction/assets/script/GetScriptFunction.ts
debug: Resolve cc from file:///Users/mu/work/gitee/cocos-creator-how-to-use/proj/Demo/Creator3.5.0_GetScriptFunction/assets/script/GetScriptFunction.ts as cce:/internal/x/cc.
debug: Resolve cc from file:///Users/mu/work/gitee/cocos-creator-how-to-use/proj/Demo/Creator3.5.0_GetScriptFunction/assets/script/GetScriptFunction.ts as cce:/internal/x/cc.
debug: Target(editor) ends with cost 294.04637700039893ms.
debug: Target(preview) build started.
debug: Detected change: cce:/internal/x/prerequisite-imports. Last mtime: Thu Jan 01 1970 08:27:24 GMT+0800 (中国标准时间), Current mtime: Thu Jan 01 1970 08:28:07 GMT+0800 (中国标准时间)
debug: Inspect cce:/internal/x/prerequisite-imports
debug: Resolve file:///Users/mu/work/gitee/cocos-creator-how-to-use/proj/Demo/Creator3.5.0_GetScriptFunction/assets/script/CTest.ts from cce:/internal/x/prerequisite-imports as file:///Users/mu/work/gitee/cocos-creator-how-to-use/proj/Demo/Creator3.5.0_GetScriptFunction/assets/script/CTest.ts.
debug: Resolve file:///Users/mu/work/gitee/cocos-creator-how-to-use/proj/Demo/Creator3.5.0_GetScriptFunction/assets/script/GetScriptFunction.ts from cce:/internal/x/prerequisite-imports as file:///Users/mu/work/gitee/cocos-creator-how-to-use/proj/Demo/Creator3.5.0_GetScriptFunction/assets/script/GetScriptFunction.ts.
debug: Detected change: file:///Users/mu/work/gitee/cocos-creator-how-to-use/proj/Demo/Creator3.5.0_GetScriptFunction/assets/script/GetScriptFunction.ts. Last mtime: Wed Jun 01 2022 09:48:21 GMT+0800 (中国标准时间)@dd7389ad-dcd5-4d0d-a882-f4bd5b750e77, Current mtime: Wed Jun 01 2022 09:49:13 GMT+0800 (中国标准时间)@dd7389ad-dcd5-4d0d-a882-f4bd5b750e77
debug: Inspect file:///Users/mu/work/gitee/cocos-creator-how-to-use/proj/Demo/Creator3.5.0_GetScriptFunction/assets/script/GetScriptFunction.ts
debug: Resolve cc from file:///Users/mu/work/gitee/cocos-creator-how-to-use/proj/Demo/Creator3.5.0_GetScriptFunction/assets/script/GetScriptFunction.ts as cce:/internal/x/cc.
debug: Resolve cc from file:///Users/mu/work/gitee/cocos-creator-how-to-use/proj/Demo/Creator3.5.0_GetScriptFunction/assets/script/GetScriptFunction.ts as cce:/internal/x/cc.
debug: Target(preview) ends with cost 386.548919999972ms.
debug: Dispatch build request for time accumulated 1 asset changes.
debug: Build iteration starts.
Number of accumulated asset changes: 1
Feature changed: false
debug: Target(editor) build started.
debug: Detected change: cce:/internal/x/prerequisite-imports. Last mtime: Thu Jan 01 1970 08:28:06 GMT+0800 (中国标准时间), Current mtime: Thu Jan 01 1970 08:30:46 GMT+0800 (中国标准时间)
debug: Inspect cce:/internal/x/prerequisite-imports
debug: Resolve file:///Users/mu/work/gitee/cocos-creator-how-to-use/proj/Demo/Creator3.5.0_GetScriptFunction/assets/script/CTest.ts from cce:/internal/x/prerequisite-imports as file:///Users/mu/work/gitee/cocos-creator-how-to-use/proj/Demo/Creator3.5.0_GetScriptFunction/assets/script/CTest.ts.
debug: Resolve file:///Users/mu/work/gitee/cocos-creator-how-to-use/proj/Demo/Creator3.5.0_GetScriptFunction/assets/script/GetScriptFunction.ts from cce:/internal/x/prerequisite-imports as file:///Users/mu/work/gitee/cocos-creator-how-to-use/proj/Demo/Creator3.5.0_GetScriptFunction/assets/script/GetScriptFunction.ts.
debug: Detected change: file:///Users/mu/work/gitee/cocos-creator-how-to-use/proj/Demo/Creator3.5.0_GetScriptFunction/assets/script/GetScriptFunction.ts. Last mtime: Wed Jun 01 2022 09:49:13 GMT+0800 (中国标准时间)@dd7389ad-dcd5-4d0d-a882-f4bd5b750e77, Current mtime: Wed Jun 01 2022 09:51:54 GMT+0800 (中国标准时间)@dd7389ad-dcd5-4d0d-a882-f4bd5b750e77
debug: Inspect file:///Users/mu/work/gitee/cocos-creator-how-to-use/proj/Demo/Creator3.5.0_GetScriptFunction/assets/script/GetScriptFunction.ts
debug: Resolve cc from file:///Users/mu/work/gitee/cocos-creator-how-to-use/proj/Demo/Creator3.5.0_GetScriptFunction/assets/script/GetScriptFunction.ts as cce:/internal/x/cc.
debug: Resolve cc from file:///Users/mu/work/gitee/cocos-creator-how-to-use/proj/Demo/Creator3.5.0_GetScriptFunction/assets/script/GetScriptFunction.ts as cce:/internal/x/cc.
debug: Target(editor) ends with cost 76.45856599975377ms.
debug: Target(preview) build started.
debug: Detected change: cce:/internal/x/prerequisite-imports. Last mtime: Thu Jan 01 1970 08:28:07 GMT+0800 (中国标准时间), Current mtime: Thu Jan 01 1970 08:30:46 GMT+0800 (中国标准时间)
debug: Inspect cce:/internal/x/prerequisite-imports
debug: Resolve file:///Users/mu/work/gitee/cocos-creator-how-to-use/proj/Demo/Creator3.5.0_GetScriptFunction/assets/script/CTest.ts from cce:/internal/x/prerequisite-imports as file:///Users/mu/work/gitee/cocos-creator-how-to-use/proj/Demo/Creator3.5.0_GetScriptFunction/assets/script/CTest.ts.
debug: Resolve file:///Users/mu/work/gitee/cocos-creator-how-to-use/proj/Demo/Creator3.5.0_GetScriptFunction/assets/script/GetScriptFunction.ts from cce:/internal/x/prerequisite-imports as file:///Users/mu/work/gitee/cocos-creator-how-to-use/proj/Demo/Creator3.5.0_GetScriptFunction/assets/script/GetScriptFunction.ts.
debug: Detected change: file:///Users/mu/work/gitee/cocos-creator-how-to-use/proj/Demo/Creator3.5.0_GetScriptFunction/assets/script/GetScriptFunction.ts. Last mtime: Wed Jun 01 2022 09:49:13 GMT+0800 (中国标准时间)@dd7389ad-dcd5-4d0d-a882-f4bd5b750e77, Current mtime: Wed Jun 01 2022 09:51:54 GMT+0800 (中国标准时间)@dd7389ad-dcd5-4d0d-a882-f4bd5b750e77
debug: Inspect file:///Users/mu/work/gitee/cocos-creator-how-to-use/proj/Demo/Creator3.5.0_GetScriptFunction/assets/script/GetScriptFunction.ts
debug: Resolve cc from file:///Users/mu/work/gitee/cocos-creator-how-to-use/proj/Demo/Creator3.5.0_GetScriptFunction/assets/script/GetScriptFunction.ts as cce:/internal/x/cc.
debug: Resolve cc from file:///Users/mu/work/gitee/cocos-creator-how-to-use/proj/Demo/Creator3.5.0_GetScriptFunction/assets/script/GetScriptFunction.ts as cce:/internal/x/cc.
debug: Target(preview) ends with cost 78.36465300014243ms.
debug: Dispatch build request for time accumulated 1 asset changes.
debug: Build iteration starts.
Number of accumulated asset changes: 1
Feature changed: false
debug: Target(editor) build started.
debug: Detected change: cce:/internal/x/prerequisite-imports. Last mtime: Thu Jan 01 1970 08:30:46 GMT+0800 (中国标准时间), Current mtime: Thu Jan 01 1970 08:33:59 GMT+0800 (中国标准时间)
debug: Inspect cce:/internal/x/prerequisite-imports
debug: Resolve file:///Users/mu/work/gitee/cocos-creator-how-to-use/proj/Demo/Creator3.5.0_GetScriptFunction/assets/script/CTest.ts from cce:/internal/x/prerequisite-imports as file:///Users/mu/work/gitee/cocos-creator-how-to-use/proj/Demo/Creator3.5.0_GetScriptFunction/assets/script/CTest.ts.
debug: Resolve file:///Users/mu/work/gitee/cocos-creator-how-to-use/proj/Demo/Creator3.5.0_GetScriptFunction/assets/script/GetScriptFunction.ts from cce:/internal/x/prerequisite-imports as file:///Users/mu/work/gitee/cocos-creator-how-to-use/proj/Demo/Creator3.5.0_GetScriptFunction/assets/script/GetScriptFunction.ts.
debug: Detected change: file:///Users/mu/work/gitee/cocos-creator-how-to-use/proj/Demo/Creator3.5.0_GetScriptFunction/assets/script/GetScriptFunction.ts. Last mtime: Wed Jun 01 2022 09:51:54 GMT+0800 (中国标准时间)@dd7389ad-dcd5-4d0d-a882-f4bd5b750e77, Current mtime: Wed Jun 01 2022 09:55:05 GMT+0800 (中国标准时间)@dd7389ad-dcd5-4d0d-a882-f4bd5b750e77
debug: Inspect file:///Users/mu/work/gitee/cocos-creator-how-to-use/proj/Demo/Creator3.5.0_GetScriptFunction/assets/script/GetScriptFunction.ts
debug: Resolve cc from file:///Users/mu/work/gitee/cocos-creator-how-to-use/proj/Demo/Creator3.5.0_GetScriptFunction/assets/script/GetScriptFunction.ts as cce:/internal/x/cc.
debug: Resolve cc from file:///Users/mu/work/gitee/cocos-creator-how-to-use/proj/Demo/Creator3.5.0_GetScriptFunction/assets/script/GetScriptFunction.ts as cce:/internal/x/cc.
debug: Target(editor) ends with cost 62.13250400032848ms.
debug: Target(preview) build started.
debug: Detected change: cce:/internal/x/prerequisite-imports. Last mtime: Thu Jan 01 1970 08:30:46 GMT+0800 (中国标准时间), Current mtime: Thu Jan 01 1970 08:33:59 GMT+0800 (中国标准时间)
debug: Inspect cce:/internal/x/prerequisite-imports
debug: Resolve file:///Users/mu/work/gitee/cocos-creator-how-to-use/proj/Demo/Creator3.5.0_GetScriptFunction/assets/script/CTest.ts from cce:/internal/x/prerequisite-imports as file:///Users/mu/work/gitee/cocos-creator-how-to-use/proj/Demo/Creator3.5.0_GetScriptFunction/assets/script/CTest.ts.
debug: Resolve file:///Users/mu/work/gitee/cocos-creator-how-to-use/proj/Demo/Creator3.5.0_GetScriptFunction/assets/script/GetScriptFunction.ts from cce:/internal/x/prerequisite-imports as file:///Users/mu/work/gitee/cocos-creator-how-to-use/proj/Demo/Creator3.5.0_GetScriptFunction/assets/script/GetScriptFunction.ts.
debug: Detected change: file:///Users/mu/work/gitee/cocos-creator-how-to-use/proj/Demo/Creator3.5.0_GetScriptFunction/assets/script/GetScriptFunction.ts. Last mtime: Wed Jun 01 2022 09:51:54 GMT+0800 (中国标准时间)@dd7389ad-dcd5-4d0d-a882-f4bd5b750e77, Current mtime: Wed Jun 01 2022 09:55:05 GMT+0800 (中国标准时间)@dd7389ad-dcd5-4d0d-a882-f4bd5b750e77
debug: Inspect file:///Users/mu/work/gitee/cocos-creator-how-to-use/proj/Demo/Creator3.5.0_GetScriptFunction/assets/script/GetScriptFunction.ts
debug: Resolve cc from file:///Users/mu/work/gitee/cocos-creator-how-to-use/proj/Demo/Creator3.5.0_GetScriptFunction/assets/script/GetScriptFunction.ts as cce:/internal/x/cc.
debug: Resolve cc from file:///Users/mu/work/gitee/cocos-creator-how-to-use/proj/Demo/Creator3.5.0_GetScriptFunction/assets/script/GetScriptFunction.ts as cce:/internal/x/cc.
debug: Target(preview) ends with cost 147.69759800005704ms.
debug: Dispatch build request for time accumulated 1 asset changes.
debug: Build iteration starts.
Number of accumulated asset changes: 1
Feature changed: false
debug: Target(editor) build started.
debug: Detected change: cce:/internal/x/prerequisite-imports. Last mtime: Thu Jan 01 1970 08:33:59 GMT+0800 (中国标准时间), Current mtime: Thu Jan 01 1970 08:55:11 GMT+0800 (中国标准时间)
debug: Inspect cce:/internal/x/prerequisite-imports
debug: Resolve file:///Users/mu/work/gitee/cocos-creator-how-to-use/proj/Demo/Creator3.5.0_GetScriptFunction/assets/script/CTest.ts from cce:/internal/x/prerequisite-imports as file:///Users/mu/work/gitee/cocos-creator-how-to-use/proj/Demo/Creator3.5.0_GetScriptFunction/assets/script/CTest.ts.
debug: Resolve file:///Users/mu/work/gitee/cocos-creator-how-to-use/proj/Demo/Creator3.5.0_GetScriptFunction/assets/script/GetScriptFunction.ts from cce:/internal/x/prerequisite-imports as file:///Users/mu/work/gitee/cocos-creator-how-to-use/proj/Demo/Creator3.5.0_GetScriptFunction/assets/script/GetScriptFunction.ts.
debug: Detected change: file:///Users/mu/work/gitee/cocos-creator-how-to-use/proj/Demo/Creator3.5.0_GetScriptFunction/assets/script/GetScriptFunction.ts. Last mtime: Wed Jun 01 2022 09:55:05 GMT+0800 (中国标准时间)@dd7389ad-dcd5-4d0d-a882-f4bd5b750e77, Current mtime: Wed Jun 01 2022 10:14:34 GMT+0800 (中国标准时间)@dd7389ad-dcd5-4d0d-a882-f4bd5b750e77
debug: Inspect file:///Users/mu/work/gitee/cocos-creator-how-to-use/proj/Demo/Creator3.5.0_GetScriptFunction/assets/script/GetScriptFunction.ts
debug: Resolve cc from file:///Users/mu/work/gitee/cocos-creator-how-to-use/proj/Demo/Creator3.5.0_GetScriptFunction/assets/script/GetScriptFunction.ts as cce:/internal/x/cc.
debug: Resolve cc from file:///Users/mu/work/gitee/cocos-creator-how-to-use/proj/Demo/Creator3.5.0_GetScriptFunction/assets/script/GetScriptFunction.ts as cce:/internal/x/cc.
debug: Target(editor) ends with cost 91.5239729997702ms.
debug: Target(preview) build started.
debug: Detected change: cce:/internal/x/prerequisite-imports. Last mtime: Thu Jan 01 1970 08:33:59 GMT+0800 (中国标准时间), Current mtime: Thu Jan 01 1970 08:55:11 GMT+0800 (中国标准时间)
debug: Inspect cce:/internal/x/prerequisite-imports
debug: Resolve file:///Users/mu/work/gitee/cocos-creator-how-to-use/proj/Demo/Creator3.5.0_GetScriptFunction/assets/script/CTest.ts from cce:/internal/x/prerequisite-imports as file:///Users/mu/work/gitee/cocos-creator-how-to-use/proj/Demo/Creator3.5.0_GetScriptFunction/assets/script/CTest.ts.
