debug: Fri, 10 Jun 2022 01:38:58 GMT
debug: Project: /Users/mu/work/gitee/cocos-creator-how-to-use/proj/Demo/Creator3.5.1_BezierCurvePathCreator
debug: Targets: editor,preview
debug: Incremental file seems great.
debug: Engine path: /Applications/CocosCreator/Creator/3.5.1/CocosCreator.app/Contents/Resources/resources/3d/engine
debug: Initializing target [Editor]
debug: Loading cache
debug: Loading cache costs 16.979754999978468ms.
debug: Engine features shipped in editor: base,gfx-webgl,gfx-webgl2,3d,animation,skeletal-animation,2d,ui,particle,particle-2d,physics-framework,physics-2d-framework,intersection-2d,primitive,profiler,audio,video,terrain,webview,tween,tiled-map,spine,dragon-bones,marionette
debug: Initializing target [Preview]
debug: Loading cache
debug: Loading cache costs 7.779778999974951ms.
debug: Sync engine features: 2d,3d,animation,audio,base,dragon-bones,gfx-webgl,gfx-webgl2,intersection-2d,marionette,particle,particle-2d,physics-2d-box2d,physics-ammo,primitive,profiler,skeletal-animation,spine,terrain,tiled-map,tween,ui,video,webview
debug: Pulling asset-db.
debug: Fetch asset-db cost: 15.646137000061572ms.
debug: Build iteration starts.
Number of accumulated asset changes: 7
Feature changed: false
debug: Target(editor) build started.
debug: Detected change: cce:/internal/x/cc. Last mtime: Thu Jan 01 1970 08:00:16 GMT+0800 (中国标准时间), Current mtime: Thu Jan 01 1970 08:00:20 GMT+0800 (中国标准时间)
debug: Inspect cce:/internal/x/cc
debug: Resolve cce:/internal/x/cc-fu/base from cce:/internal/x/cc as external dependency cce:/internal/x/cc-fu/base.
debug: Resolve cce:/internal/x/cc-fu/gfx-webgl from cce:/internal/x/cc as external dependency cce:/internal/x/cc-fu/gfx-webgl.
debug: Resolve cce:/internal/x/cc-fu/gfx-webgl2 from cce:/internal/x/cc as external dependency cce:/internal/x/cc-fu/gfx-webgl2.
debug: Resolve cce:/internal/x/cc-fu/3d from cce:/internal/x/cc as external dependency cce:/internal/x/cc-fu/3d.
debug: Resolve cce:/internal/x/cc-fu/animation from cce:/internal/x/cc as external dependency cce:/internal/x/cc-fu/animation.
debug: Resolve cce:/internal/x/cc-fu/skeletal-animation from cce:/internal/x/cc as external dependency cce:/internal/x/cc-fu/skeletal-animation.
debug: Resolve cce:/internal/x/cc-fu/2d from cce:/internal/x/cc as external dependency cce:/internal/x/cc-fu/2d.
debug: Resolve cce:/internal/x/cc-fu/ui from cce:/internal/x/cc as external dependency cce:/internal/x/cc-fu/ui.
debug: Resolve cce:/internal/x/cc-fu/particle from cce:/internal/x/cc as external dependency cce:/internal/x/cc-fu/particle.
debug: Resolve cce:/internal/x/cc-fu/particle-2d from cce:/internal/x/cc as external dependency cce:/internal/x/cc-fu/particle-2d.
debug: Resolve cce:/internal/x/cc-fu/physics-framework from cce:/internal/x/cc as external dependency cce:/internal/x/cc-fu/physics-framework.
debug: Resolve cce:/internal/x/cc-fu/physics-2d-framework from cce:/internal/x/cc as external dependency cce:/internal/x/cc-fu/physics-2d-framework.
debug: Resolve cce:/internal/x/cc-fu/intersection-2d from cce:/internal/x/cc as external dependency cce:/internal/x/cc-fu/intersection-2d.
debug: Resolve cce:/internal/x/cc-fu/primitive from cce:/internal/x/cc as external dependency cce:/internal/x/cc-fu/primitive.
debug: Resolve cce:/internal/x/cc-fu/profiler from cce:/internal/x/cc as external dependency cce:/internal/x/cc-fu/profiler.
debug: Resolve cce:/internal/x/cc-fu/audio from cce:/internal/x/cc as external dependency cce:/internal/x/cc-fu/audio.
debug: Resolve cce:/internal/x/cc-fu/video from cce:/internal/x/cc as external dependency cce:/internal/x/cc-fu/video.
debug: Resolve cce:/internal/x/cc-fu/terrain from cce:/internal/x/cc as external dependency cce:/internal/x/cc-fu/terrain.
debug: Resolve cce:/internal/x/cc-fu/webview from cce:/internal/x/cc as external dependency cce:/internal/x/cc-fu/webview.
debug: Resolve cce:/internal/x/cc-fu/tween from cce:/internal/x/cc as external dependency cce:/internal/x/cc-fu/tween.
debug: Resolve cce:/internal/x/cc-fu/tiled-map from cce:/internal/x/cc as external dependency cce:/internal/x/cc-fu/tiled-map.
debug: Resolve cce:/internal/x/cc-fu/spine from cce:/internal/x/cc as external dependency cce:/internal/x/cc-fu/spine.
debug: Resolve cce:/internal/x/cc-fu/dragon-bones from cce:/internal/x/cc as external dependency cce:/internal/x/cc-fu/dragon-bones.
debug: Detected change: cce:/internal/x/prerequisite-imports. Last mtime: Thu Jan 01 1970 08:03:17 GMT+0800 (中国标准时间), Current mtime: Thu Jan 01 1970 08:00:20 GMT+0800 (中国标准时间)
debug: Inspect cce:/internal/x/prerequisite-imports
debug: Resolve file:///Users/mu/work/gitee/cocos-creator-how-to-use/proj/Demo/Creator3.5.1_BezierCurvePathCreator/assets/scripts/Bezier.ts from cce:/internal/x/prerequisite-imports as file:///Users/mu/work/gitee/cocos-creator-how-to-use/proj/Demo/Creator3.5.1_BezierCurvePathCreator/assets/scripts/Bezier.ts.
debug: Detected change: file:///Users/mu/work/gitee/cocos-creator-how-to-use/proj/Demo/Creator3.5.1_BezierCurvePathCreator/assets/scripts/Bezier.ts. Last mtime: Fri Jun 03 2022 23:55:55 GMT+0800 (中国标准时间)@d039da9a-d53b-48ab-b966-bd38c9f67731, Current mtime: Wed Jun 08 2022 17:30:21 GMT+0800 (中国标准时间)@d039da9a-d53b-48ab-b966-bd38c9f67731
debug: Inspect file:///Users/mu/work/gitee/cocos-creator-how-to-use/proj/Demo/Creator3.5.1_BezierCurvePathCreator/assets/scripts/Bezier.ts
debug: Resolve cc from file:///Users/mu/work/gitee/cocos-creator-how-to-use/proj/Demo/Creator3.5.1_BezierCurvePathCreator/assets/scripts/Bezier.ts as cce:/internal/x/cc.
debug: Resolve cc from file:///Users/mu/work/gitee/cocos-creator-how-to-use/proj/Demo/Creator3.5.1_BezierCurvePathCreator/assets/scripts/Bezier.ts as cce:/internal/x/cc.
debug: Resolve file:///Users/mu/work/gitee/cocos-creator-how-to-use/proj/Demo/Creator3.5.1_BezierCurvePathCreator/assets/scripts/BezierData.ts from cce:/internal/x/prerequisite-imports as file:///Users/mu/work/gitee/cocos-creator-how-to-use/proj/Demo/Creator3.5.1_BezierCurvePathCreator/assets/scripts/BezierData.ts.
debug: Detected change: file:///Users/mu/work/gitee/cocos-creator-how-to-use/proj/Demo/Creator3.5.1_BezierCurvePathCreator/assets/scripts/BezierData.ts. Last mtime: Fri Jun 03 2022 23:55:55 GMT+0800 (中国标准时间)@0bdd44e6-f26c-4c08-bcf2-31cd764de6dc, Current mtime: Wed Jun 08 2022 17:30:21 GMT+0800 (中国标准时间)@0bdd44e6-f26c-4c08-bcf2-31cd764de6dc
debug: Inspect file:///Users/mu/work/gitee/cocos-creator-how-to-use/proj/Demo/Creator3.5.1_BezierCurvePathCreator/assets/scripts/BezierData.ts
debug: Resolve cce:/internal/code-quality/cr.mjs from file:///Users/mu/work/gitee/cocos-creator-how-to-use/proj/Demo/Creator3.5.1_BezierCurvePathCreator/assets/scripts/BezierData.ts as cce:/internal/code-quality/cr.mjs.
debug: Detected change: cce:/internal/code-quality/cr.mjs. Last mtime: Fri Jun 03 2022 23:56:46 GMT+0800 (中国标准时间), Current mtime: Fri Jun 10 2022 09:38:38 GMT+0800 (中国标准时间)
debug: Inspect cce:/internal/code-quality/cr.mjs
debug: Resolve cc from file:///Users/mu/work/gitee/cocos-creator-how-to-use/proj/Demo/Creator3.5.1_BezierCurvePathCreator/assets/scripts/BezierData.ts as cce:/internal/x/cc.
debug: Resolve cc from file:///Users/mu/work/gitee/cocos-creator-how-to-use/proj/Demo/Creator3.5.1_BezierCurvePathCreator/assets/scripts/BezierData.ts as cce:/internal/x/cc.
debug: Resolve ./Bezier from file:///Users/mu/work/gitee/cocos-creator-how-to-use/proj/Demo/Creator3.5.1_BezierCurvePathCreator/assets/scripts/BezierData.ts as file:///Users/mu/work/gitee/cocos-creator-how-to-use/proj/Demo/Creator3.5.1_BezierCurvePathCreator/assets/scripts/Bezier.ts.
debug: Resolve ./Enums from file:///Users/mu/work/gitee/cocos-creator-how-to-use/proj/Demo/Creator3.5.1_BezierCurvePathCreator/assets/scripts/BezierData.ts as file:///Users/mu/work/gitee/cocos-creator-how-to-use/proj/Demo/Creator3.5.1_BezierCurvePathCreator/assets/scripts/Enums.ts.
debug: Detected change: file:///Users/mu/work/gitee/cocos-creator-how-to-use/proj/Demo/Creator3.5.1_BezierCurvePathCreator/assets/scripts/Enums.ts. Last mtime: Fri Jun 03 2022 23:55:55 GMT+0800 (中国标准时间)@5f289290-70aa-468d-abcd-e11ae57fa3a7, Current mtime: Wed Jun 08 2022 17:30:21 GMT+0800 (中国标准时间)@5f289290-70aa-468d-abcd-e11ae57fa3a7
debug: Inspect file:///Users/mu/work/gitee/cocos-creator-how-to-use/proj/Demo/Creator3.5.1_BezierCurvePathCreator/assets/scripts/Enums.ts
debug: Resolve cc from file:///Users/mu/work/gitee/cocos-creator-how-to-use/proj/Demo/Creator3.5.1_BezierCurvePathCreator/assets/scripts/Enums.ts as cce:/internal/x/cc.
debug: Resolve file:///Users/mu/work/gitee/cocos-creator-how-to-use/proj/Demo/Creator3.5.1_BezierCurvePathCreator/assets/scripts/Enums.ts from cce:/internal/x/prerequisite-imports as file:///Users/mu/work/gitee/cocos-creator-how-to-use/proj/Demo/Creator3.5.1_BezierCurvePathCreator/assets/scripts/Enums.ts.
debug: Resolve file:///Users/mu/work/gitee/cocos-creator-how-to-use/proj/Demo/Creator3.5.1_BezierCurvePathCreator/assets/scripts/EventListener.ts from cce:/internal/x/prerequisite-imports as file:///Users/mu/work/gitee/cocos-creator-how-to-use/proj/Demo/Creator3.5.1_BezierCurvePathCreator/assets/scripts/EventListener.ts.
debug: Detected change: file:///Users/mu/work/gitee/cocos-creator-how-to-use/proj/Demo/Creator3.5.1_BezierCurvePathCreator/assets/scripts/EventListener.ts. Last mtime: Fri Jun 03 2022 23:55:55 GMT+0800 (中国标准时间)@79ece5ba-ac6f-47cd-aecf-0dce2dd8421b, Current mtime: Wed Jun 08 2022 17:30:21 GMT+0800 (中国标准时间)@79ece5ba-ac6f-47cd-aecf-0dce2dd8421b
debug: Inspect file:///Users/mu/work/gitee/cocos-creator-how-to-use/proj/Demo/Creator3.5.1_BezierCurvePathCreator/assets/scripts/EventListener.ts
debug: Resolve cc from file:///Users/mu/work/gitee/cocos-creator-how-to-use/proj/Demo/Creator3.5.1_BezierCurvePathCreator/assets/scripts/EventListener.ts as cce:/internal/x/cc.
debug: Resolve cc from file:///Users/mu/work/gitee/cocos-creator-how-to-use/proj/Demo/Creator3.5.1_BezierCurvePathCreator/assets/scripts/EventListener.ts as cce:/internal/x/cc.
debug: Resolve file:///Users/mu/work/gitee/cocos-creator-how-to-use/proj/Demo/Creator3.5.1_BezierCurvePathCreator/assets/scripts/NodeEvents.ts from cce:/internal/x/prerequisite-imports as file:///Users/mu/work/gitee/cocos-creator-how-to-use/proj/Demo/Creator3.5.1_BezierCurvePathCreator/assets/scripts/NodeEvents.ts.
debug: Detected change: file:///Users/mu/work/gitee/cocos-creator-how-to-use/proj/Demo/Creator3.5.1_BezierCurvePathCreator/assets/scripts/NodeEvents.ts. Last mtime: Fri Jun 03 2022 23:55:55 GMT+0800 (中国标准时间)@09ffe1d1-6bde-43fb-87c8-e3e165c7b321, Current mtime: Wed Jun 08 2022 17:30:21 GMT+0800 (中国标准时间)@09ffe1d1-6bde-43fb-87c8-e3e165c7b321
debug: Inspect file:///Users/mu/work/gitee/cocos-creator-how-to-use/proj/Demo/Creator3.5.1_BezierCurvePathCreator/assets/scripts/NodeEvents.ts
debug: Resolve cce:/internal/code-quality/cr.mjs from file:///Users/mu/work/gitee/cocos-creator-how-to-use/proj/Demo/Creator3.5.1_BezierCurvePathCreator/assets/scripts/NodeEvents.ts as cce:/internal/code-quality/cr.mjs.
debug: Resolve cc from file:///Users/mu/work/gitee/cocos-creator-how-to-use/proj/Demo/Creator3.5.1_BezierCurvePathCreator/assets/scripts/NodeEvents.ts as cce:/internal/x/cc.
debug: Resolve cc from file:///Users/mu/work/gitee/cocos-creator-how-to-use/proj/Demo/Creator3.5.1_BezierCurvePathCreator/assets/scripts/NodeEvents.ts as cce:/internal/x/cc.
debug: Resolve ./Enums from file:///Users/mu/work/gitee/cocos-creator-how-to-use/proj/Demo/Creator3.5.1_BezierCurvePathCreator/assets/scripts/NodeEvents.ts as file:///Users/mu/work/gitee/cocos-creator-how-to-use/proj/Demo/Creator3.5.1_BezierCurvePathCreator/assets/scripts/Enums.ts.
debug: Resolve file:///Users/mu/work/gitee/cocos-creator-how-to-use/proj/Demo/Creator3.5.1_BezierCurvePathCreator/assets/scripts/drawBezier.ts from cce:/internal/x/prerequisite-imports as file:///Users/mu/work/gitee/cocos-creator-how-to-use/proj/Demo/Creator3.5.1_BezierCurvePathCreator/assets/scripts/drawBezier.ts.
debug: Detected change: file:///Users/mu/work/gitee/cocos-creator-how-to-use/proj/Demo/Creator3.5.1_BezierCurvePathCreator/assets/scripts/drawBezier.ts. Last mtime: Fri Jun 03 2022 23:59:59 GMT+0800 (中国标准时间)@3c1ae14b-38b4-45ae-b414-f6d15327f2a0, Current mtime: Wed Jun 08 2022 17:30:21 GMT+0800 (中国标准时间)@3c1ae14b-38b4-45ae-b414-f6d15327f2a0
debug: Inspect file:///Users/mu/work/gitee/cocos-creator-how-to-use/proj/Demo/Creator3.5.1_BezierCurvePathCreator/assets/scripts/drawBezier.ts
debug: Resolve cce:/internal/code-quality/cr.mjs from file:///Users/mu/work/gitee/cocos-creator-how-to-use/proj/Demo/Creator3.5.1_BezierCurvePathCreator/assets/scripts/drawBezier.ts as cce:/internal/code-quality/cr.mjs.
debug: Resolve cc from file:///Users/mu/work/gitee/cocos-creator-how-to-use/proj/Demo/Creator3.5.1_BezierCurvePathCreator/assets/scripts/drawBezier.ts as cce:/internal/x/cc.
debug: Resolve cc from file:///Users/mu/work/gitee/cocos-creator-how-to-use/proj/Demo/Creator3.5.1_BezierCurvePathCreator/assets/scripts/drawBezier.ts as cce:/internal/x/cc.
debug: Resolve ./Enums from file:///Users/mu/work/gitee/cocos-creator-how-to-use/proj/Demo/Creator3.5.1_BezierCurvePathCreator/assets/scripts/drawBezier.ts as file:///Users/mu/work/gitee/cocos-creator-how-to-use/proj/Demo/Creator3.5.1_BezierCurvePathCreator/assets/scripts/Enums.ts.
debug: Resolve file:///Users/mu/work/gitee/cocos-creator-how-to-use/proj/Demo/Creator3.5.1_BezierCurvePathCreator/assets/scripts/globalConfig.ts from cce:/internal/x/prerequisite-imports as file:///Users/mu/work/gitee/cocos-creator-how-to-use/proj/Demo/Creator3.5.1_BezierCurvePathCreator/assets/scripts/globalConfig.ts.
debug: Detected change: file:///Users/mu/work/gitee/cocos-creator-how-to-use/proj/Demo/Creator3.5.1_BezierCurvePathCreator/assets/scripts/globalConfig.ts. Last mtime: Fri Jun 03 2022 23:55:55 GMT+0800 (中国标准时间)@8e9c34b0-58ff-476e-9c34-017267fd2bfa, Current mtime: Wed Jun 08 2022 17:30:21 GMT+0800 (中国标准时间)@8e9c34b0-58ff-476e-9c34-017267fd2bfa
debug: Inspect file:///Users/mu/work/gitee/cocos-creator-how-to-use/proj/Demo/Creator3.5.1_BezierCurvePathCreator/assets/scripts/globalConfig.ts
debug: Resolve cce:/internal/code-quality/cr.mjs from file:///Users/mu/work/gitee/cocos-creator-how-to-use/proj/Demo/Creator3.5.1_BezierCurvePathCreator/assets/scripts/globalConfig.ts as cce:/internal/code-quality/cr.mjs.
debug: Resolve cc from file:///Users/mu/work/gitee/cocos-creator-how-to-use/proj/Demo/Creator3.5.1_BezierCurvePathCreator/assets/scripts/globalConfig.ts as cce:/internal/x/cc.
debug: Resolve cc from file:///Users/mu/work/gitee/cocos-creator-how-to-use/proj/Demo/Creator3.5.1_BezierCurvePathCreator/assets/scripts/globalConfig.ts as cce:/internal/x/cc.
debug: Resolve ./Bezier from file:///Users/mu/work/gitee/cocos-creator-how-to-use/proj/Demo/Creator3.5.1_BezierCurvePathCreator/assets/scripts/globalConfig.ts as file:///Users/mu/work/gitee/cocos-creator-how-to-use/proj/Demo/Creator3.5.1_BezierCurvePathCreator/assets/scripts/Bezier.ts.
debug: Resolve ./BezierData from file:///Users/mu/work/gitee/cocos-creator-how-to-use/proj/Demo/Creator3.5.1_BezierCurvePathCreator/assets/scripts/globalConfig.ts as file:///Users/mu/work/gitee/cocos-creator-how-to-use/proj/Demo/Creator3.5.1_BezierCurvePathCreator/assets/scripts/BezierData.ts.
debug: Resolve ./EventListener from file:///Users/mu/work/gitee/cocos-creator-how-to-use/proj/Demo/Creator3.5.1_BezierCurvePathCreator/assets/scripts/globalConfig.ts as file:///Users/mu/work/gitee/cocos-creator-how-to-use/proj/Demo/Creator3.5.1_BezierCurvePathCreator/assets/scripts/EventListener.ts.
debug: Resolve ./NodeEvents from file:///Users/mu/work/gitee/cocos-creator-how-to-use/proj/Demo/Creator3.5.1_BezierCurvePathCreator/assets/scripts/globalConfig.ts as file:///Users/mu/work/gitee/cocos-creator-how-to-use/proj/Demo/Creator3.5.1_BezierCurvePathCreator/assets/scripts/NodeEvents.ts.
debug: Target(editor) ends with cost 1798.9531859999988ms.
debug: Target(preview) build started.
debug: Detected change: cce:/internal/x/cc. Last mtime: Thu Jan 01 1970 08:00:16 GMT+0800 (中国标准时间), Current mtime: Thu Jan 01 1970 08:00:20 GMT+0800 (中国标准时间)
debug: Inspect cce:/internal/x/cc
debug: Resolve cce:/internal/x/cc-fu/2d from cce:/internal/x/cc as external dependency cce:/internal/x/cc-fu/2d.
debug: Resolve cce:/internal/x/cc-fu/3d from cce:/internal/x/cc as external dependency cce:/internal/x/cc-fu/3d.
debug: Resolve cce:/internal/x/cc-fu/animation from cce:/internal/x/cc as external dependency cce:/internal/x/cc-fu/animation.
debug: Resolve cce:/internal/x/cc-fu/audio from cce:/internal/x/cc as external dependency cce:/internal/x/cc-fu/audio.
debug: Resolve cce:/internal/x/cc-fu/base from cce:/internal/x/cc as external dependency cce:/internal/x/cc-fu/base.
debug: Resolve cce:/internal/x/cc-fu/dragon-bones from cce:/internal/x/cc as external dependency cce:/internal/x/cc-fu/dragon-bones.
debug: Resolve cce:/internal/x/cc-fu/gfx-webgl from cce:/internal/x/cc as external dependency cce:/internal/x/cc-fu/gfx-webgl.
debug: Resolve cce:/internal/x/cc-fu/gfx-webgl2 from cce:/internal/x/cc as external dependency cce:/internal/x/cc-fu/gfx-webgl2.
debug: Resolve cce:/internal/x/cc-fu/intersection-2d from cce:/internal/x/cc as external dependency cce:/internal/x/cc-fu/intersection-2d.
debug: Resolve cce:/internal/x/cc-fu/particle from cce:/internal/x/cc as external dependency cce:/internal/x/cc-fu/particle.
debug: Resolve cce:/internal/x/cc-fu/particle-2d from cce:/internal/x/cc as external dependency cce:/internal/x/cc-fu/particle-2d.
debug: Resolve cce:/internal/x/cc-fu/physics-2d-box2d from cce:/internal/x/cc as external dependency cce:/internal/x/cc-fu/physics-2d-box2d.
debug: Resolve cce:/internal/x/cc-fu/physics-2d-framework from cce:/internal/x/cc as external dependency cce:/internal/x/cc-fu/physics-2d-framework.
debug: Resolve cce:/internal/x/cc-fu/physics-ammo from cce:/internal/x/cc as external dependency cce:/internal/x/cc-fu/physics-ammo.
debug: Resolve cce:/internal/x/cc-fu/physics-framework from cce:/internal/x/cc as external dependency cce:/internal/x/cc-fu/physics-framework.
debug: Resolve cce:/internal/x/cc-fu/wait-for-ammo-instantiation from cce:/internal/x/cc as external dependency cce:/internal/x/cc-fu/wait-for-ammo-instantiation.
debug: Resolve cce:/internal/x/cc-fu/primitive from cce:/internal/x/cc as external dependency cce:/internal/x/cc-fu/primitive.
debug: Resolve cce:/internal/x/cc-fu/profiler from cce:/internal/x/cc as external dependency cce:/internal/x/cc-fu/profiler.
debug: Resolve cce:/internal/x/cc-fu/skeletal-animation from cce:/internal/x/cc as external dependency cce:/internal/x/cc-fu/skeletal-animation.
debug: Resolve cce:/internal/x/cc-fu/spine from cce:/internal/x/cc as external dependency cce:/internal/x/cc-fu/spine.
debug: Resolve cce:/internal/x/cc-fu/terrain from cce:/internal/x/cc as external dependency cce:/internal/x/cc-fu/terrain.
debug: Resolve cce:/internal/x/cc-fu/tiled-map from cce:/internal/x/cc as external dependency cce:/internal/x/cc-fu/tiled-map.
debug: Resolve cce:/internal/x/cc-fu/tween from cce:/internal/x/cc as external dependency cce:/internal/x/cc-fu/tween.
debug: Resolve cce:/internal/x/cc-fu/ui from cce:/internal/x/cc as external dependency cce:/internal/x/cc-fu/ui.
debug: Resolve cce:/internal/x/cc-fu/video from cce:/internal/x/cc as external dependency cce:/internal/x/cc-fu/video.
debug: Resolve cce:/internal/x/cc-fu/webview from cce:/internal/x/cc as external dependency cce:/internal/x/cc-fu/webview.
debug: Detected change: cce:/internal/x/prerequisite-imports. Last mtime: Thu Jan 01 1970 08:03:17 GMT+0800 (中国标准时间), Current mtime: Thu Jan 01 1970 08:00:22 GMT+0800 (中国标准时间)
debug: Inspect cce:/internal/x/prerequisite-imports
debug: Resolve file:///Users/mu/work/gitee/cocos-creator-how-to-use/proj/Demo/Creator3.5.1_BezierCurvePathCreator/assets/scripts/Bezier.ts from cce:/internal/x/prerequisite-imports as file:///Users/mu/work/gitee/cocos-creator-how-to-use/proj/Demo/Creator3.5.1_BezierCurvePathCreator/assets/scripts/Bezier.ts.
debug: Detected change: file:///Users/mu/work/gitee/cocos-creator-how-to-use/proj/Demo/Creator3.5.1_BezierCurvePathCreator/assets/scripts/Bezier.ts. Last mtime: Fri Jun 03 2022 23:55:55 GMT+0800 (中国标准时间)@d039da9a-d53b-48ab-b966-bd38c9f67731, Current mtime: Wed Jun 08 2022 17:30:21 GMT+0800 (中国标准时间)@d039da9a-d53b-48ab-b966-bd38c9f67731
debug: Inspect file:///Users/mu/work/gitee/cocos-creator-how-to-use/proj/Demo/Creator3.5.1_BezierCurvePathCreator/assets/scripts/Bezier.ts
debug: Resolve cc from file:///Users/mu/work/gitee/cocos-creator-how-to-use/proj/Demo/Creator3.5.1_BezierCurvePathCreator/assets/scripts/Bezier.ts as cce:/internal/x/cc.
debug: Resolve cc from file:///Users/mu/work/gitee/cocos-creator-how-to-use/proj/Demo/Creator3.5.1_BezierCurvePathCreator/assets/scripts/Bezier.ts as cce:/internal/x/cc.
debug: Resolve file:///Users/mu/work/gitee/cocos-creator-how-to-use/proj/Demo/Creator3.5.1_BezierCurvePathCreator/assets/scripts/BezierData.ts from cce:/internal/x/prerequisite-imports as file:///Users/mu/work/gitee/cocos-creator-how-to-use/proj/Demo/Creator3.5.1_BezierCurvePathCreator/assets/scripts/BezierData.ts.
debug: Detected change: file:///Users/mu/work/gitee/cocos-creator-how-to-use/proj/Demo/Creator3.5.1_BezierCurvePathCreator/assets/scripts/BezierData.ts. Last mtime: Fri Jun 03 2022 23:55:55 GMT+0800 (中国标准时间)@0bdd44e6-f26c-4c08-bcf2-31cd764de6dc, Current mtime: Wed Jun 08 2022 17:30:21 GMT+0800 (中国标准时间)@0bdd44e6-f26c-4c08-bcf2-31cd764de6dc
debug: Inspect file:///Users/mu/work/gitee/cocos-creator-how-to-use/proj/Demo/Creator3.5.1_BezierCurvePathCreator/assets/scripts/BezierData.ts
debug: Resolve cce:/internal/code-quality/cr.mjs from file:///Users/mu/work/gitee/cocos-creator-how-to-use/proj/Demo/Creator3.5.1_BezierCurvePathCreator/assets/scripts/BezierData.ts as cce:/internal/code-quality/cr.mjs.
debug: Detected change: cce:/internal/code-quality/cr.mjs. Last mtime: Fri Jun 03 2022 23:56:46 GMT+0800 (中国标准时间), Current mtime: Fri Jun 10 2022 09:38:38 GMT+0800 (中国标准时间)
debug: Inspect cce:/internal/code-quality/cr.mjs
debug: Resolve cc from file:///Users/mu/work/gitee/cocos-creator-how-to-use/proj/Demo/Creator3.5.1_BezierCurvePathCreator/assets/scripts/BezierData.ts as cce:/internal/x/cc.
debug: Resolve cc from file:///Users/mu/work/gitee/cocos-creator-how-to-use/proj/Demo/Creator3.5.1_BezierCurvePathCreator/assets/scripts/BezierData.ts as cce:/internal/x/cc.
debug: Resolve ./Bezier from file:///Users/mu/work/gitee/cocos-creator-how-to-use/proj/Demo/Creator3.5.1_BezierCurvePathCreator/assets/scripts/BezierData.ts as file:///Users/mu/work/gitee/cocos-creator-how-to-use/proj/Demo/Creator3.5.1_BezierCurvePathCreator/assets/scripts/Bezier.ts.
debug: Resolve ./Enums from file:///Users/mu/work/gitee/cocos-creator-how-to-use/proj/Demo/Creator3.5.1_BezierCurvePathCreator/assets/scripts/BezierData.ts as file:///Users/mu/work/gitee/cocos-creator-how-to-use/proj/Demo/Creator3.5.1_BezierCurvePathCreator/assets/scripts/Enums.ts.
debug: Detected change: file:///Users/mu/work/gitee/cocos-creator-how-to-use/proj/Demo/Creator3.5.1_BezierCurvePathCreator/assets/scripts/Enums.ts. Last mtime: Fri Jun 03 2022 23:55:55 GMT+0800 (中国标准时间)@5f289290-70aa-468d-abcd-e11ae57fa3a7, Current mtime: Wed Jun 08 2022 17:30:21 GMT+0800 (中国标准时间)@5f289290-70aa-468d-abcd-e11ae57fa3a7
debug: Inspect file:///Users/mu/work/gitee/cocos-creator-how-to-use/proj/Demo/Creator3.5.1_BezierCurvePathCreator/assets/scripts/Enums.ts
debug: Resolve cc from file:///Users/mu/work/gitee/cocos-creator-how-to-use/proj/Demo/Creator3.5.1_BezierCurvePathCreator/assets/scripts/Enums.ts as cce:/internal/x/cc.
debug: Resolve file:///Users/mu/work/gitee/cocos-creator-how-to-use/proj/Demo/Creator3.5.1_BezierCurvePathCreator/assets/scripts/Enums.ts from cce:/internal/x/prerequisite-imports as file:///Users/mu/work/gitee/cocos-creator-how-to-use/proj/Demo/Creator3.5.1_BezierCurvePathCreator/assets/scripts/Enums.ts.
debug: Resolve file:///Users/mu/work/gitee/cocos-creator-how-to-use/proj/Demo/Creator3.5.1_BezierCurvePathCreator/assets/scripts/EventListener.ts from cce:/internal/x/prerequisite-imports as file:///Users/mu/work/gitee/cocos-creator-how-to-use/proj/Demo/Creator3.5.1_BezierCurvePathCreator/assets/scripts/EventListener.ts.
debug: Detected change: file:///Users/mu/work/gitee/cocos-creator-how-to-use/proj/Demo/Creator3.5.1_BezierCurvePathCreator/assets/scripts/EventListener.ts. Last mtime: Fri Jun 03 2022 23:55:55 GMT+0800 (中国标准时间)@79ece5ba-ac6f-47cd-aecf-0dce2dd8421b, Current mtime: Wed Jun 08 2022 17:30:21 GMT+0800 (中国标准时间)@79ece5ba-ac6f-47cd-aecf-0dce2dd8421b
debug: Inspect file:///Users/mu/work/gitee/cocos-creator-how-to-use/proj/Demo/Creator3.5.1_BezierCurvePathCreator/assets/scripts/EventListener.ts
debug: Resolve cc from file:///Users/mu/work/gitee/cocos-creator-how-to-use/proj/Demo/Creator3.5.1_BezierCurvePathCreator/assets/scripts/EventListener.ts as cce:/internal/x/cc.
debug: Resolve cc from file:///Users/mu/work/gitee/cocos-creator-how-to-use/proj/Demo/Creator3.5.1_BezierCurvePathCreator/assets/scripts/EventListener.ts as cce:/internal/x/cc.
debug: Resolve file:///Users/mu/work/gitee/cocos-creator-how-to-use/proj/Demo/Creator3.5.1_BezierCurvePathCreator/assets/scripts/NodeEvents.ts from cce:/internal/x/prerequisite-imports as file:///Users/mu/work/gitee/cocos-creator-how-to-use/proj/Demo/Creator3.5.1_BezierCurvePathCreator/assets/scripts/NodeEvents.ts.
debug: Detected change: file:///Users/mu/work/gitee/cocos-creator-how-to-use/proj/Demo/Creator3.5.1_BezierCurvePathCreator/assets/scripts/NodeEvents.ts. Last mtime: Fri Jun 03 2022 23:55:55 GMT+0800 (中国标准时间)@09ffe1d1-6bde-43fb-87c8-e3e165c7b321, Current mtime: Wed Jun 08 2022 17:30:21 GMT+0800 (中国标准时间)@09ffe1d1-6bde-43fb-87c8-e3e165c7b321
debug: Inspect file:///Users/mu/work/gitee/cocos-creator-how-to-use/proj/Demo/Creator3.5.1_BezierCurvePathCreator/assets/scripts/NodeEvents.ts
debug: Resolve cce:/internal/code-quality/cr.mjs from file:///Users/mu/work/gitee/cocos-creator-how-to-use/proj/Demo/Creator3.5.1_BezierCurvePathCreator/assets/scripts/NodeEvents.ts as cce:/internal/code-quality/cr.mjs.
debug: Resolve cc from file:///Users/mu/work/gitee/cocos-creator-how-to-use/proj/Demo/Creator3.5.1_BezierCurvePathCreator/assets/scripts/NodeEvents.ts as cce:/internal/x/cc.
debug: Resolve cc from file:///Users/mu/work/gitee/cocos-creator-how-to-use/proj/Demo/Creator3.5.1_BezierCurvePathCreator/assets/scripts/NodeEvents.ts as cce:/internal/x/cc.
debug: Resolve ./Enums from file:///Users/mu/work/gitee/cocos-creator-how-to-use/proj/Demo/Creator3.5.1_BezierCurvePathCreator/assets/scripts/NodeEvents.ts as file:///Users/mu/work/gitee/cocos-creator-how-to-use/proj/Demo/Creator3.5.1_BezierCurvePathCreator/assets/scripts/Enums.ts.
debug: Resolve file:///Users/mu/work/gitee/cocos-creator-how-to-use/proj/Demo/Creator3.5.1_BezierCurvePathCreator/assets/scripts/drawBezier.ts from cce:/internal/x/prerequisite-imports as file:///Users/mu/work/gitee/cocos-creator-how-to-use/proj/Demo/Creator3.5.1_BezierCurvePathCreator/assets/scripts/drawBezier.ts.
debug: Detected change: file:///Users/mu/work/gitee/cocos-creator-how-to-use/proj/Demo/Creator3.5.1_BezierCurvePathCreator/assets/scripts/drawBezier.ts. Last mtime: Fri Jun 03 2022 23:59:59 GMT+0800 (中国标准时间)@3c1ae14b-38b4-45ae-b414-f6d15327f2a0, Current mtime: Wed Jun 08 2022 17:30:21 GMT+0800 (中国标准时间)@3c1ae14b-38b4-45ae-b414-f6d15327f2a0
debug: Inspect file:///Users/mu/work/gitee/cocos-creator-how-to-use/proj/Demo/Creator3.5.1_BezierCurvePathCreator/assets/scripts/drawBezier.ts
debug: Resolve cce:/internal/code-quality/cr.mjs from file:///Users/mu/work/gitee/cocos-creator-how-to-use/proj/Demo/Creator3.5.1_BezierCurvePathCreator/assets/scripts/drawBezier.ts as cce:/internal/code-quality/cr.mjs.
debug: Resolve cc from file:///Users/mu/work/gitee/cocos-creator-how-to-use/proj/Demo/Creator3.5.1_BezierCurvePathCreator/assets/scripts/drawBezier.ts as cce:/internal/x/cc.
debug: Resolve cc from file:///Users/mu/work/gitee/cocos-creator-how-to-use/proj/Demo/Creator3.5.1_BezierCurvePathCreator/assets/scripts/drawBezier.ts as cce:/internal/x/cc.
debug: Resolve ./Enums from file:///Users/mu/work/gitee/cocos-creator-how-to-use/proj/Demo/Creator3.5.1_BezierCurvePathCreator/assets/scripts/drawBezier.ts as file:///Users/mu/work/gitee/cocos-creator-how-to-use/proj/Demo/Creator3.5.1_BezierCurvePathCreator/assets/scripts/Enums.ts.
debug: Resolve file:///Users/mu/work/gitee/cocos-creator-how-to-use/proj/Demo/Creator3.5.1_BezierCurvePathCreator/assets/scripts/globalConfig.ts from cce:/internal/x/prerequisite-imports as file:///Users/mu/work/gitee/cocos-creator-how-to-use/proj/Demo/Creator3.5.1_BezierCurvePathCreator/assets/scripts/globalConfig.ts.
debug: Detected change: file:///Users/mu/work/gitee/cocos-creator-how-to-use/proj/Demo/Creator3.5.1_BezierCurvePathCreator/assets/scripts/globalConfig.ts. Last mtime: Fri Jun 03 2022 23:55:55 GMT+0800 (中国标准时间)@8e9c34b0-58ff-476e-9c34-017267fd2bfa, Current mtime: Wed Jun 08 2022 17:30:21 GMT+0800 (中国标准时间)@8e9c34b0-58ff-476e-9c34-017267fd2bfa
debug: Inspect file:///Users/mu/work/gitee/cocos-creator-how-to-use/proj/Demo/Creator3.5.1_BezierCurvePathCreator/assets/scripts/globalConfig.ts
debug: Resolve cce:/internal/code-quality/cr.mjs from file:///Users/mu/work/gitee/cocos-creator-how-to-use/proj/Demo/Creator3.5.1_BezierCurvePathCreator/assets/scripts/globalConfig.ts as cce:/internal/code-quality/cr.mjs.
debug: Resolve cc from file:///Users/mu/work/gitee/cocos-creator-how-to-use/proj/Demo/Creator3.5.1_BezierCurvePathCreator/assets/scripts/globalConfig.ts as cce:/internal/x/cc.
debug: Resolve cc from file:///Users/mu/work/gitee/cocos-creator-how-to-use/proj/Demo/Creator3.5.1_BezierCurvePathCreator/assets/scripts/globalConfig.ts as cce:/internal/x/cc.
debug: Resolve ./Bezier from file:///Users/mu/work/gitee/cocos-creator-how-to-use/proj/Demo/Creator3.5.1_BezierCurvePathCreator/assets/scripts/globalConfig.ts as file:///Users/mu/work/gitee/cocos-creator-how-to-use/proj/Demo/Creator3.5.1_BezierCurvePathCreator/assets/scripts/Bezier.ts.
debug: Resolve ./BezierData from file:///Users/mu/work/gitee/cocos-creator-how-to-use/proj/Demo/Creator3.5.1_BezierCurvePathCreator/assets/scripts/globalConfig.ts as file:///Users/mu/work/gitee/cocos-creator-how-to-use/proj/Demo/Creator3.5.1_BezierCurvePathCreator/assets/scripts/BezierData.ts.
debug: Resolve ./EventListener from file:///Users/mu/work/gitee/cocos-creator-how-to-use/proj/Demo/Creator3.5.1_BezierCurvePathCreator/assets/scripts/globalConfig.ts as file:///Users/mu/work/gitee/cocos-creator-how-to-use/proj/Demo/Creator3.5.1_BezierCurvePathCreator/assets/scripts/EventListener.ts.
debug: Resolve ./NodeEvents from file:///Users/mu/work/gitee/cocos-creator-how-to-use/proj/Demo/Creator3.5.1_BezierCurvePathCreator/assets/scripts/globalConfig.ts as file:///Users/mu/work/gitee/cocos-creator-how-to-use/proj/Demo/Creator3.5.1_BezierCurvePathCreator/assets/scripts/NodeEvents.ts.
debug: Target(preview) ends with cost 1011.6044370001182ms.
