2022-05-09 14:32:01-log: [Package] menu@1.0.0 enable
2022-05-09 14:32:01-log: [Package] profile@1.0.0 enable
2022-05-09 14:32:01-log: [Package] project@1.0.1 enable
2022-05-09 14:32:01-log: [Package] messages@1.0.0 enable
2022-05-09 14:32:01-log: [Package] program@1.0.0 enable
2022-05-09 14:32:01-log: [Package] device@1.0.1 enable
2022-05-09 14:32:01-log: [Package] ui-kit@1.0.1 enable
2022-05-09 14:32:01-log: [Package] tester@1.0.0 enable
2022-05-09 14:32:01-log: [Package] preferences@1.0.0 enable
2022-05-09 14:32:02-log: Setup mods mgr.: 342.478ms
2022-05-09 14:32:02-log: Profile changed: engine (modules.includeModules: 2d,3d,audio,base,dragon-bones,gfx-webgl,gfx-webgl2,intersection-2d,marionette,particle,particle-2d,physics-2d-box2d,physics-ammo,primitive,profiler,spine,terrain,tiled-map,tween,ui,video,webview)
2022-05-09 14:32:02-log: [Package] engine@1.0.5 enable
2022-05-09 14:32:04-log: [Package] programming@1.0.0 enable
2022-05-09 14:32:04-log: [Package] Profile Migrate: builder@Cocos Creator...
2022-05-09 14:32:04-log: [Package] Profile Migrate: builder@Cocos Creator...
2022-05-09 14:32:05-log: [Package] engine-extends@1.0.0 enable
2022-05-09 14:32:05-log: [Package] asset-db@1.0.0 enable
2022-05-09 14:32:05-log: [Package] console@1.0.0 enable
2022-05-09 14:32:05-log: [Package] scene@1.0.0 enable
2022-05-09 14:32:05-log: [Package] about@1.0.0 enable
2022-05-09 14:32:05-log: [Package] server@1.0.0 enable
2022-05-09 14:32:05-log: [Package] utils@1.0.0 enable
2022-05-09 14:32:06-log: [Package] inspector@1.0.0 enable
2022-05-09 14:32:06-log: [Package] hierarchy@1.0.0 enable
2022-05-09 14:32:08-log: [Package] preview@1.0.1 enable
2022-05-09 14:32:08-log: [Package] animator@1.0.0 enable
2022-05-09 14:32:08-log: 设置的 IP 地址不存在，将使用默认 IP
2022-05-09 14:32:11-log: [Package] builder@1.3.1 enable
2022-05-09 14:32:11-log: [Package] node-library@1.0.0 enable
2022-05-09 14:32:11-log: [Package] shortcuts@1.0.1 enable
2022-05-09 14:32:11-log: [Package] package-asset@1.0.0 enable
2022-05-09 14:32:11-log: [Package] reference-image@1.0.0 enable
2022-05-09 14:32:11-log: [Package] animation-graph@1.0.0 enable
2022-05-09 14:32:11-log: [Package] channel-upload-tools@1.0.0 enable
2022-05-09 14:32:11-log: [Package] runtime-dev-tools@1.0.0 enable
2022-05-09 14:32:11-log: [Package] lightmap@1.0.4 enable
2022-05-09 14:32:11-log: [Package] alipay-mini-game@1.0.0 enable
2022-05-09 14:32:11-log: [Package] android@1.0.0 enable
2022-05-09 14:32:11-log: [Package] baidu-mini-game@1.0.0 enable
2022-05-09 14:32:11-log: [Package] bytedance-mini-game@1.0.1 enable
2022-05-09 14:32:11-log: [Package] huawei-agc@1.0.0 enable
2022-05-09 14:32:13-log: [Package] ios@1.0.0 enable
2022-05-09 14:32:13-log: [Package] ios-app-clip@1.0.0 enable
2022-05-09 14:32:13-log: [Package] mac@1.0.0 enable
2022-05-09 14:32:13-log: [Package] native@1.0.0 enable
2022-05-09 14:32:13-log: [Package] ohos@1.0.0 enable
2022-05-09 14:32:13-log: [Package] web-desktop@1.0.0 enable
2022-05-09 14:32:13-log: [Package] web-mobile@1.0.0 enable
2022-05-09 14:32:13-log: [Package] wechatgame@1.0.1 enable
2022-05-09 14:32:13-log: [Package] windows@1.0.0 enable
2022-05-09 14:32:13-log: [Package] xiaomi-quick-game@1.0.0 enable
2022-05-09 14:32:13-log: [Package] cocos-play@1.0.0 enable
2022-05-09 14:32:13-log: [Package] huawei-quick-game@1.0.0 enable
2022-05-09 14:32:14-log: [Package] link-sure@1.0.0 enable
2022-05-09 14:32:14-log: [Package] oppo-mini-game@1.0.0 enable
2022-05-09 14:32:14-log: [Package] qtt@1.0.0 enable
2022-05-09 14:32:14-log: [Package] vivo-mini-game@1.0.0 enable
2022-05-09 14:32:14-log: [Package] cocos-service@3.0.2 enable
2022-05-09 14:32:14-log: [Package] importer@1.0.0 enable
2022-05-09 14:32:15-log: [Package] extension@3.0.15 enable
2022-05-09 14:32:16-log: [Im-plugin] Check im-plugin version.
2022-05-09 14:32:16-log: [Package] im-plugin@3.0.8 enable
2022-05-09 14:32:16-log: 设置的 IP 地址不存在，将使用默认 IP
2022-05-09 14:32:17-log: [Im-plugin] No online info of im-plugin.
2022-05-09 14:32:24-warn: Browserslist: caniuse-lite is outdated. Please run:
npx browserslist@latest --update-db

Why you should do it regularly:
https://github.com/browserslist/browserslist#browsers-data-updating
2022-05-09 14:32:25-log: [Scene] Cocos Creator v3.4.2
2022-05-09 14:32:25-info: [Scene] Forward render pipeline initialized.
2022-06-01T10:14:40.377Z - log: [Package] menu@1.0.0 enable
2022-06-01T10:14:40.381Z - log: [Package] profile@1.0.0 enable
2022-06-01T10:14:40.394Z - log: [Package] project@1.0.2 enable
2022-06-01T10:14:40.401Z - log: [Package] messages@1.0.0 enable
2022-06-01T10:14:40.405Z - log: [Package] program@1.0.0 enable
2022-06-01T10:14:40.412Z - log: [Package] tester@1.0.0 enable
2022-06-01T10:14:40.421Z - log: [Package] preferences@1.0.0 enable
2022-06-01T10:14:41.221Z - log: Setup mods mgr.: 350.442ms
2022-06-01T10:14:41.238Z - verbose: [Engine] QuickCompile engine (755ms)
2022-06-01T10:14:41.241Z - log: [Package] engine@1.0.6 enable
2022-06-01T10:14:42.202Z - log: [Package] programming@1.0.0 enable
2022-06-01T10:14:42.511Z - log: [Package] device@1.0.1 enable
2022-06-01T10:14:42.540Z - log: [Package] ui-kit@1.0.1 enable
2022-06-01T10:14:42.575Z - log: [Package] engine-extends@1.0.0 enable
2022-06-01T10:14:42.650Z - log: [Package] asset-db@1.0.0 enable
2022-06-01T10:14:42.740Z - log: [Package] scene@1.0.0 enable
2022-06-01T10:14:43.002Z - log: [Package] server@1.0.0 enable
2022-06-01T10:14:43.043Z - log: [Package] utils@1.0.0 enable
2022-06-01T10:14:47.637Z - log: [Package] preview@1.0.1 enable
2022-06-01T10:14:47.674Z - log: [Package] animator@1.0.0 enable
2022-06-01T10:14:47.795Z - log: 设置的 IP 地址不存在，将使用默认 IP
2022-06-01T10:14:48.775Z - log: [Package] builder@1.3.2 enable
2022-06-01T10:14:48.811Z - log: [Package] shortcuts@1.0.1 enable
2022-06-01T10:14:48.842Z - log: [Package] animation-graph@1.0.0 enable
2022-06-01T10:14:48.864Z - log: [Package] runtime-dev-tools@1.0.0 enable
2022-06-01T10:14:48.886Z - log: [Package] channel-upload-tools@1.0.0 enable
2022-06-01T10:14:48.916Z - log: [Package] about@1.0.0 enable
2022-06-01T10:14:48.953Z - log: [Package] assets@1.0.0 enable
2022-06-01T10:14:48.994Z - log: [Package] console@1.0.0 enable
2022-06-01T10:14:49.319Z - log: [Package] extension@3.0.16 enable
2022-06-01T10:14:49.361Z - log: [Package] hierarchy@1.0.0 enable
2022-06-01T10:14:49.418Z - log: [Package] inspector@1.0.0 enable
2022-06-01T10:14:49.461Z - log: [Package] lightmap@1.0.4 enable
2022-06-01T10:14:49.565Z - log: [Package] node-library@1.0.1 enable
2022-06-01T10:14:49.592Z - log: [Package] package-asset@1.0.0 enable
2022-06-01T10:14:49.638Z - log: [Package] process@1.0.0 enable
2022-06-01T10:14:49.675Z - log: [Package] reference-image@1.0.0 enable
2022-06-01T10:14:49.704Z - log: [Package] alipay-mini-game@1.0.0 enable
2022-06-01T10:14:49.735Z - log: [Package] android@1.0.0 enable
2022-06-01T10:14:49.766Z - log: [Package] baidu-mini-game@1.0.0 enable
2022-06-01T10:14:49.791Z - log: [Package] bytedance-mini-game@1.0.1 enable
2022-06-01T10:14:49.816Z - log: [Package] cocos-play@1.0.0 enable
2022-06-01T10:14:49.841Z - log: [Package] huawei-agc@1.0.0 enable
2022-06-01T10:14:49.865Z - log: [Package] huawei-quick-game@1.0.0 enable
2022-06-01T10:14:51.190Z - log: [Package] ios@1.0.0 enable
2022-06-01T10:14:51.215Z - log: [Package] ios-app-clip@1.0.0 enable
2022-06-01T10:14:51.241Z - log: [Package] link-sure@1.0.0 enable
2022-06-01T10:14:51.267Z - log: [Package] linux@1.0.0 enable
2022-06-01T10:14:51.291Z - log: [Package] mac@1.0.0 enable
2022-06-01T10:14:51.438Z - log: [Package] native@1.0.0 enable
2022-06-01T10:14:51.452Z - verbose: [AssetDB] Require engine code (2882ms)
2022-06-01T10:14:51.463Z - log: [Package] ohos@1.0.0 enable
2022-06-01T10:14:51.487Z - log: [Package] open-harmonyos@1.0.0 enable
2022-06-01T10:14:51.517Z - log: [Package] oppo-mini-game@1.0.0 enable
2022-06-01T10:14:51.547Z - log: [Package] qtt@1.0.0 enable
2022-06-01T10:14:51.576Z - log: [Package] vivo-mini-game@1.0.0 enable
2022-06-01T10:14:51.621Z - log: [Package] web-desktop@1.0.0 enable
2022-06-01T10:14:51.660Z - log: [Package] web-mobile@1.0.0 enable
2022-06-01T10:14:51.699Z - log: [Package] wechatgame@1.0.1 enable
2022-06-01T10:14:51.739Z - log: [Package] windows@1.0.0 enable
2022-06-01T10:14:51.766Z - log: [Package] xiaomi-quick-game@1.0.0 enable
2022-06-01T10:14:52.094Z - log: [Package] cocos-service@3.0.3 enable
2022-06-01T10:14:52.180Z - log: [Package] importer@1.0.0 enable
2022-06-01T10:14:52.624Z - log: [Im-plugin] Check im-plugin version.
2022-06-01T10:14:52.640Z - log: [Package] im-plugin@3.0.8 enable
2022-06-01T10:14:53.659Z - log: [Im-plugin] No online info of im-plugin.
2022-06-01T10:14:53.959Z - log: 设置的 IP 地址不存在，将使用默认 IP
2022-06-01T10:15:07.084Z - verbose: [Scene] Require engine code (0ms)
2022-06-01T10:15:07.087Z - verbose: [Scene] Startup engine (3ms)
2022-06-01T10:15:07.127Z - log: [Scene] Cocos Creator v3.5.1
2022-06-01T10:15:07.432Z - verbose: [Scene] Open engine (345ms)
2022-06-01T10:15:07.433Z - verbose: [Scene] Configure engine (0ms)
2022-06-01T10:15:07.219Z - info: [Scene] Forward render pipeline initialized.
2022-06-01T10:15:42.513Z - warn: Metrics: no valid info
