2022-05-09 13:49:43-log: [Package] menu@1.0.0 enable
2022-05-09 13:49:43-log: [Package] profile@1.0.0 enable
2022-05-09 13:49:43-log: [Package] project@1.0.1 enable
2022-05-09 13:49:43-log: [Package] messages@1.0.0 enable
2022-05-09 13:49:43-log: [Package] program@1.0.0 enable
2022-05-09 13:49:43-log: [Package] device@1.0.1 enable
2022-05-09 13:49:43-log: [Package] ui-kit@1.0.1 enable
2022-05-09 13:49:43-log: [Package] tester@1.0.0 enable
2022-05-09 13:49:43-log: [Package] preferences@1.0.0 enable
2022-05-09 13:49:44-log: Setup mods mgr.: 351.661ms
2022-05-09 13:49:44-log: Profile changed: engine (modules.includeModules: 2d,3d,audio,base,dragon-bones,gfx-webgl,gfx-webgl2,intersection-2d,marionette,particle,particle-2d,physics-2d-box2d,physics-ammo,primitive,profiler,spine,terrain,tiled-map,tween,ui,video,webview)
2022-05-09 13:49:44-log: [Package] engine@1.0.5 enable
2022-05-09 13:49:47-log: [Package] programming@1.0.0 enable
2022-05-09 13:49:47-log: [Package] Profile Migrate: builder@Cocos Creator...
2022-05-09 13:49:47-log: [Package] Profile Migrate: builder@Cocos Creator...
2022-05-09 13:49:48-log: [Package] engine-extends@1.0.0 enable
2022-05-09 13:49:48-log: [Package] asset-db@1.0.0 enable
2022-05-09 13:49:48-log: [Package] console@1.0.0 enable
2022-05-09 13:49:48-log: [Package] scene@1.0.0 enable
2022-05-09 13:49:48-log: [Package] about@1.0.0 enable
2022-05-09 13:49:48-log: [Package] server@1.0.0 enable
2022-05-09 13:49:48-log: [Package] utils@1.0.0 enable
2022-05-09 13:49:48-log: [Package] assets@1.0.0 enable
2022-05-09 13:49:48-log: [Package] inspector@1.0.0 enable
2022-05-09 13:49:48-log: [Package] hierarchy@1.0.0 enable
2022-05-09 13:49:50-log: [Package] preview@1.0.1 enable
2022-05-09 13:49:50-log: [Package] animator@1.0.0 enable
2022-05-09 13:49:51-log: 设置的 IP 地址不存在，将使用默认 IP
2022-05-09 13:49:52-log: [Package] builder@1.3.1 enable
2022-05-09 13:49:52-log: [Package] node-library@1.0.0 enable
2022-05-09 13:49:52-log: [Package] shortcuts@1.0.1 enable
2022-05-09 13:49:52-log: [Package] package-asset@1.0.0 enable
2022-05-09 13:49:52-log: [Package] reference-image@1.0.0 enable
2022-05-09 13:49:52-log: [Package] animation-graph@1.0.0 enable
2022-05-09 13:49:52-log: [Package] channel-upload-tools@1.0.0 enable
2022-05-09 13:49:52-log: [Package] runtime-dev-tools@1.0.0 enable
2022-05-09 13:49:52-log: [Package] lightmap@1.0.4 enable
2022-05-09 13:49:52-log: [Package] alipay-mini-game@1.0.0 enable
2022-05-09 13:49:53-log: [Package] android@1.0.0 enable
2022-05-09 13:49:53-log: [Package] baidu-mini-game@1.0.0 enable
2022-05-09 13:49:53-log: [Package] bytedance-mini-game@1.0.1 enable
2022-05-09 13:49:53-log: [Package] huawei-agc@1.0.0 enable
2022-05-09 13:49:54-log: [Package] ios@1.0.0 enable
2022-05-09 13:49:54-log: [Package] ios-app-clip@1.0.0 enable
2022-05-09 13:49:54-log: [Package] mac@1.0.0 enable
2022-05-09 13:49:54-log: [Package] native@1.0.0 enable
2022-05-09 13:49:54-log: [Package] ohos@1.0.0 enable
2022-05-09 13:49:55-log: [Package] web-desktop@1.0.0 enable
2022-05-09 13:49:55-log: [Package] web-mobile@1.0.0 enable
2022-05-09 13:49:55-log: [Package] wechatgame@1.0.1 enable
2022-05-09 13:49:55-log: [Package] windows@1.0.0 enable
2022-05-09 13:49:55-log: [Package] xiaomi-quick-game@1.0.0 enable
2022-05-09 13:49:55-log: [Package] cocos-play@1.0.0 enable
2022-05-09 13:49:55-log: [Package] huawei-quick-game@1.0.0 enable
2022-05-09 13:49:55-log: [Package] link-sure@1.0.0 enable
2022-05-09 13:49:55-log: [Package] oppo-mini-game@1.0.0 enable
2022-05-09 13:49:55-log: [Package] qtt@1.0.0 enable
2022-05-09 13:49:55-log: [Package] vivo-mini-game@1.0.0 enable
2022-05-09 13:49:56-log: [Package] cocos-service@3.0.2 enable
2022-05-09 13:49:56-log: [Package] importer@1.0.0 enable
2022-05-09 13:49:56-log: [Package] extension@3.0.15 enable
2022-05-09 13:49:57-log: [Im-plugin] Check im-plugin version.
2022-05-09 13:49:57-log: [Package] im-plugin@3.0.8 enable
2022-05-09 13:49:57-log: 设置的 IP 地址不存在，将使用默认 IP
2022-05-09 13:49:58-log: [Im-plugin] No online info of im-plugin.
2022-05-09 13:50:06-warn: Browserslist: caniuse-lite is outdated. Please run:
npx browserslist@latest --update-db

Why you should do it regularly:
https://github.com/browserslist/browserslist#browsers-data-updating
2022-05-09 13:50:06-log: [Scene] Cocos Creator v3.4.2
2022-05-09 13:50:07-info: [Scene] Forward render pipeline initialized.
2022-05-31T05:51:50.229Z - log: [Package] menu@1.0.0 enable
2022-05-31T05:51:50.232Z - log: [Package] profile@1.0.0 enable
2022-05-31T05:51:50.246Z - log: [Package] project@1.0.2 enable
2022-05-31T05:51:50.253Z - log: [Package] messages@1.0.0 enable
2022-05-31T05:51:50.258Z - log: [Package] program@1.0.0 enable
2022-05-31T05:51:50.265Z - log: [Package] tester@1.0.0 enable
2022-05-31T05:51:50.271Z - log: [Package] preferences@1.0.0 enable
2022-05-31T05:51:51.050Z - log: Setup mods mgr.: 326.82ms
2022-05-31T05:51:51.065Z - verbose: [Engine] QuickCompile engine (728ms)
2022-05-31T05:51:51.069Z - log: [Package] engine@1.0.6 enable
2022-05-31T05:51:52.011Z - log: [Package] programming@1.0.0 enable
2022-05-31T05:51:52.306Z - log: [Package] device@1.0.1 enable
2022-05-31T05:51:52.335Z - log: [Package] ui-kit@1.0.1 enable
2022-05-31T05:51:52.364Z - log: [Package] engine-extends@1.0.0 enable
2022-05-31T05:51:52.427Z - log: [Package] asset-db@1.0.0 enable
2022-05-31T05:51:52.466Z - log: [Package] scene@1.0.0 enable
2022-05-31T05:51:52.725Z - log: [Package] server@1.0.0 enable
2022-05-31T05:51:52.758Z - log: [Package] utils@1.0.0 enable
2022-05-31T05:51:57.538Z - log: [Package] preview@1.0.1 enable
2022-05-31T05:51:57.573Z - log: [Package] animator@1.0.0 enable
2022-05-31T05:51:57.677Z - log: 设置的 IP 地址不存在，将使用默认 IP
2022-05-31T05:51:58.630Z - log: [Package] builder@1.3.2 enable
2022-05-31T05:51:58.669Z - log: [Package] shortcuts@1.0.1 enable
2022-05-31T05:51:58.701Z - log: [Package] animation-graph@1.0.0 enable
2022-05-31T05:51:58.724Z - log: [Package] runtime-dev-tools@1.0.0 enable
2022-05-31T05:51:58.749Z - log: [Package] channel-upload-tools@1.0.0 enable
2022-05-31T05:51:58.780Z - log: [Package] about@1.0.0 enable
2022-05-31T05:51:58.818Z - log: [Package] assets@1.0.0 enable
2022-05-31T05:51:58.857Z - log: [Package] console@1.0.0 enable
2022-05-31T05:51:59.176Z - log: [Package] extension@3.0.16 enable
2022-05-31T05:51:59.219Z - log: [Package] hierarchy@1.0.0 enable
2022-05-31T05:51:59.258Z - log: [Package] inspector@1.0.0 enable
2022-05-31T05:51:59.294Z - log: [Package] lightmap@1.0.4 enable
2022-05-31T05:51:59.352Z - log: [Package] node-library@1.0.1 enable
2022-05-31T05:51:59.380Z - log: [Package] package-asset@1.0.0 enable
2022-05-31T05:51:59.508Z - log: [Package] process@1.0.0 enable
2022-05-31T05:51:59.549Z - log: [Package] reference-image@1.0.0 enable
2022-05-31T05:51:59.573Z - log: [Package] alipay-mini-game@1.0.0 enable
2022-05-31T05:51:59.598Z - log: [Package] android@1.0.0 enable
2022-05-31T05:51:59.627Z - log: [Package] baidu-mini-game@1.0.0 enable
2022-05-31T05:51:59.653Z - log: [Package] bytedance-mini-game@1.0.1 enable
2022-05-31T05:51:59.681Z - log: [Package] cocos-play@1.0.0 enable
2022-05-31T05:51:59.710Z - log: [Package] huawei-agc@1.0.0 enable
2022-05-31T05:51:59.737Z - log: [Package] huawei-quick-game@1.0.0 enable
2022-05-31T05:52:00.980Z - log: [Package] ios@1.0.0 enable
2022-05-31T05:52:01.006Z - log: [Package] ios-app-clip@1.0.0 enable
2022-05-31T05:52:01.029Z - log: [Package] link-sure@1.0.0 enable
2022-05-31T05:52:01.056Z - log: [Package] linux@1.0.0 enable
2022-05-31T05:52:01.084Z - log: [Package] mac@1.0.0 enable
2022-05-31T05:52:01.226Z - log: [Package] native@1.0.0 enable
2022-05-31T05:52:01.229Z - verbose: [AssetDB] Require engine code (2803ms)
2022-05-31T05:52:01.250Z - log: [Package] ohos@1.0.0 enable
2022-05-31T05:52:01.275Z - log: [Package] open-harmonyos@1.0.0 enable
2022-05-31T05:52:01.302Z - log: [Package] oppo-mini-game@1.0.0 enable
2022-05-31T05:52:01.327Z - log: [Package] qtt@1.0.0 enable
2022-05-31T05:52:01.356Z - log: [Package] vivo-mini-game@1.0.0 enable
2022-05-31T05:52:01.406Z - log: [Package] web-desktop@1.0.0 enable
2022-05-31T05:52:01.446Z - log: [Package] web-mobile@1.0.0 enable
2022-05-31T05:52:01.487Z - log: [Package] wechatgame@1.0.1 enable
2022-05-31T05:52:01.515Z - log: [Package] windows@1.0.0 enable
2022-05-31T05:52:01.541Z - log: [Package] xiaomi-quick-game@1.0.0 enable
2022-05-31T05:52:01.904Z - log: [Package] cocos-service@3.0.3 enable
2022-05-31T05:52:01.987Z - log: [Package] importer@1.0.0 enable
2022-05-31T05:52:02.496Z - log: [Im-plugin] Check im-plugin version.
2022-05-31T05:52:02.512Z - log: [Package] im-plugin@3.0.8 enable
2022-05-31T05:52:03.375Z - log: [Im-plugin] No online info of im-plugin.
2022-05-31T05:52:03.969Z - log: 设置的 IP 地址不存在，将使用默认 IP
2022-05-31T05:52:15.022Z - verbose: [Scene] Require engine code (0ms)
2022-05-31T05:52:15.025Z - verbose: [Scene] Startup engine (1ms)
2022-05-31T05:52:15.059Z - log: [Scene] Cocos Creator v3.5.0
2022-05-31T05:52:15.402Z - verbose: [Scene] Open engine (377ms)
2022-05-31T05:52:15.402Z - verbose: [Scene] Configure engine (1ms)
2022-05-31T05:52:15.130Z - info: [Scene] Forward render pipeline initialized.
2022-05-31T05:52:37.054Z - warn: Metrics: no valid info
