2022-03-28 01:43:03-log: [Package] menu@1.0.0 enable
2022-03-28 01:43:03-log: [Package] profile@1.0.0 enable
2022-03-28 01:43:03-log: [Package] project@1.0.1 enable
2022-03-28 01:43:03-log: [Package] messages@1.0.0 enable
2022-03-28 01:43:03-log: [Package] program@1.0.0 enable
2022-03-28 01:43:03-log: [Package] device@1.0.1 enable
2022-03-28 01:43:03-log: [Package] ui-kit@1.0.1 enable
2022-03-28 01:43:03-log: [Package] tester@1.0.0 enable
2022-03-28 01:43:03-log: [Package] preferences@1.0.0 enable
2022-03-28 01:43:04-log: Setup mods mgr.: 357.157ms
2022-03-28 01:43:04-log: Profile changed: engine (modules.includeModules: 2d,3d,audio,base,dragon-bones,gfx-webgl,gfx-webgl2,intersection-2d,marionette,particle,particle-2d,physics-2d-box2d,physics-ammo,primitive,profiler,spine,terrain,tiled-map,tween,ui,video,webview)
2022-03-28 01:43:04-log: [Package] engine@1.0.5 enable
2022-03-28 01:43:08-log: [Package] programming@1.0.0 enable
2022-03-28 01:43:08-log: [Package] Profile Migrate: builder@Cocos Creator...
2022-03-28 01:43:08-log: [Package] Profile Migrate: builder@Cocos Creator...
2022-03-28 01:43:08-log: [Package] Profile Migrate: builder@Cocos Creator...
2022-03-28 01:43:08-log: [Package] engine-extends@1.0.0 enable
2022-03-28 01:43:08-log: [Package] asset-db@1.0.0 enable
2022-03-28 01:43:08-log: [Package] console@1.0.0 enable
2022-03-28 01:43:09-log: [Package] scene@1.0.0 enable
2022-03-28 01:43:09-log: [Package] about@1.0.0 enable
2022-03-28 01:43:09-log: [Package] server@1.0.0 enable
2022-03-28 01:43:09-log: [Package] utils@1.0.0 enable
2022-03-28 01:43:09-log: [Package] assets@1.0.0 enable
2022-03-28 01:43:09-log: [Package] inspector@1.0.0 enable
2022-03-28 01:43:09-log: [Package] hierarchy@1.0.0 enable
2022-03-28 01:43:12-log: [Package] preview@1.0.1 enable
2022-03-28 01:43:12-log: [Package] animator@1.0.0 enable
2022-03-28 01:43:14-log: 设置的 IP 地址不存在，将使用默认 IP
2022-03-28 01:43:14-log: Profile changed: builder (log.level: 4)
2022-03-28 01:43:14-log: [Package] builder@1.3.1 enable
2022-03-28 01:43:14-log: [Package] node-library@1.0.0 enable
2022-03-28 01:43:15-log: [Package] shortcuts@1.0.1 enable
2022-03-28 01:43:15-log: [Package] package-asset@1.0.0 enable
2022-03-28 01:43:15-log: [Package] reference-image@1.0.0 enable
2022-03-28 01:43:15-log: [Package] animation-graph@1.0.0 enable
2022-03-28 01:43:15-log: [Package] channel-upload-tools@1.0.0 enable
2022-03-28 01:43:15-log: [Package] runtime-dev-tools@1.0.0 enable
2022-03-28 01:43:15-log: [Package] lightmap@1.0.4 enable
2022-03-28 01:43:15-log: [Package] alipay-mini-game@1.0.0 enable
2022-03-28 01:43:15-log: [Package] android@1.0.0 enable
2022-03-28 01:43:15-log: [Package] baidu-mini-game@1.0.0 enable
2022-03-28 01:43:15-log: [Package] bytedance-mini-game@1.0.1 enable
2022-03-28 01:43:15-log: [Package] huawei-agc@1.0.0 enable
2022-03-28 01:43:19-log: [Package] ios@1.0.0 enable
2022-03-28 01:43:19-log: [Package] ios-app-clip@1.0.0 enable
2022-03-28 01:43:19-log: [Package] mac@1.0.0 enable
2022-03-28 01:43:20-log: [Package] native@1.0.0 enable
2022-03-28 01:43:20-log: [Package] ohos@1.0.0 enable
2022-03-28 01:43:20-log: [Package] web-desktop@1.0.0 enable
2022-03-28 01:43:20-log: [Package] web-mobile@1.0.0 enable
2022-03-28 01:43:20-log: [Package] wechatgame@1.0.1 enable
2022-03-28 01:43:20-log: [Package] windows@1.0.0 enable
2022-03-28 01:43:20-log: [Package] xiaomi-quick-game@1.0.0 enable
2022-03-28 01:43:20-log: [Package] cocos-play@1.0.0 enable
2022-03-28 01:43:20-log: [Package] huawei-quick-game@1.0.0 enable
2022-03-28 01:43:20-log: [Package] link-sure@1.0.0 enable
2022-03-28 01:43:20-log: [Package] oppo-mini-game@1.0.0 enable
2022-03-28 01:43:20-log: [Package] qtt@1.0.0 enable
2022-03-28 01:43:20-log: [Package] vivo-mini-game@1.0.0 enable
2022-03-28 01:43:21-log: [Package] cocos-service@3.0.2 enable
2022-03-28 01:43:21-log: [Package] importer@1.0.0 enable
2022-03-28 01:43:21-log: [Package] extension@3.0.15 enable
2022-03-28 01:43:22-log: [Im-plugin] Check im-plugin version.
2022-03-28 01:43:22-log: [Package] im-plugin@3.0.8 enable
2022-03-28 01:43:22-log: 设置的 IP 地址不存在，将使用默认 IP
2022-03-28 01:43:24-log: [Im-plugin] No online info of im-plugin.
2022-03-28 01:43:31-warn: Browserslist: caniuse-lite is outdated. Please run:
npx browserslist@latest --update-db

Why you should do it regularly:
https://github.com/browserslist/browserslist#browsers-data-updating
2022-03-28 01:43:32-log: [Scene] Cocos Creator v3.4.2
2022-03-28 01:43:32-info: [Scene] Forward render pipeline initialized.
2022-05-31T02:30:24.164Z - log: [Package] menu@1.0.0 enable
2022-05-31T02:30:24.166Z - log: [Package] profile@1.0.0 enable
2022-05-31T02:30:24.180Z - log: [Package] project@1.0.2 enable
2022-05-31T02:30:24.188Z - log: [Package] messages@1.0.0 enable
2022-05-31T02:30:24.193Z - log: [Package] program@1.0.0 enable
2022-05-31T02:30:24.201Z - log: [Package] tester@1.0.0 enable
2022-05-31T02:30:24.210Z - log: [Package] preferences@1.0.0 enable
2022-05-31T02:30:24.839Z - log: Setup mods mgr.: 314.324ms
2022-05-31T02:30:24.884Z - verbose: [Engine] QuickCompile engine (615ms)
2022-05-31T02:30:24.888Z - log: [Package] engine@1.0.6 enable
2022-05-31T02:30:25.706Z - log: [Package] programming@1.0.0 enable
2022-05-31T02:30:25.981Z - log: [Package] device@1.0.1 enable
2022-05-31T02:30:26.011Z - log: [Package] ui-kit@1.0.1 enable
2022-05-31T02:30:26.043Z - log: [Package] engine-extends@1.0.0 enable
2022-05-31T02:30:26.107Z - log: [Package] asset-db@1.0.0 enable
2022-05-31T02:30:26.150Z - log: [Package] scene@1.0.0 enable
2022-05-31T02:30:26.372Z - log: [Package] server@1.0.0 enable
2022-05-31T02:30:26.416Z - log: [Package] utils@1.0.0 enable
2022-05-31T02:30:30.251Z - log: [Package] preview@1.0.1 enable
2022-05-31T02:30:30.283Z - log: [Package] animator@1.0.0 enable
2022-05-31T02:30:30.373Z - log: 设置的 IP 地址不存在，将使用默认 IP
2022-05-31T02:30:31.289Z - log: [Package] builder@1.3.2 enable
2022-05-31T02:30:31.321Z - log: [Package] shortcuts@1.0.1 enable
2022-05-31T02:30:31.353Z - log: [Package] animation-graph@1.0.0 enable
2022-05-31T02:30:31.376Z - log: [Package] runtime-dev-tools@1.0.0 enable
2022-05-31T02:30:31.423Z - log: [Package] channel-upload-tools@1.0.0 enable
2022-05-31T02:30:31.452Z - log: [Package] about@1.0.0 enable
2022-05-31T02:30:31.492Z - log: [Package] assets@1.0.0 enable
2022-05-31T02:30:31.530Z - log: [Package] console@1.0.0 enable
2022-05-31T02:30:31.795Z - log: [Package] extension@3.0.16 enable
2022-05-31T02:30:31.839Z - log: [Package] hierarchy@1.0.0 enable
2022-05-31T02:30:31.889Z - log: [Package] inspector@1.0.0 enable
2022-05-31T02:30:31.926Z - log: [Package] lightmap@1.0.4 enable
2022-05-31T02:30:31.981Z - log: [Package] node-library@1.0.1 enable
2022-05-31T02:30:32.008Z - log: [Package] package-asset@1.0.0 enable
2022-05-31T02:30:32.051Z - log: [Package] process@1.0.0 enable
2022-05-31T02:30:32.089Z - log: [Package] reference-image@1.0.0 enable
2022-05-31T02:30:32.228Z - log: [Package] alipay-mini-game@1.0.0 enable
2022-05-31T02:30:32.257Z - log: [Package] android@1.0.0 enable
2022-05-31T02:30:32.283Z - log: [Package] baidu-mini-game@1.0.0 enable
2022-05-31T02:30:32.309Z - log: [Package] bytedance-mini-game@1.0.1 enable
2022-05-31T02:30:32.333Z - log: [Package] cocos-play@1.0.0 enable
2022-05-31T02:30:32.360Z - log: [Package] huawei-agc@1.0.0 enable
2022-05-31T02:30:32.386Z - log: [Package] huawei-quick-game@1.0.0 enable
2022-05-31T02:30:33.601Z - log: [Package] ios@1.0.0 enable
2022-05-31T02:30:33.630Z - log: [Package] ios-app-clip@1.0.0 enable
2022-05-31T02:30:33.653Z - log: [Package] link-sure@1.0.0 enable
2022-05-31T02:30:33.683Z - log: [Package] linux@1.0.0 enable
2022-05-31T02:30:33.711Z - log: [Package] mac@1.0.0 enable
2022-05-31T02:30:33.827Z - log: [Package] native@1.0.0 enable
2022-05-31T02:30:33.853Z - log: [Package] ohos@1.0.0 enable
2022-05-31T02:30:33.870Z - verbose: [AssetDB] Require engine code (2797ms)
2022-05-31T02:30:33.878Z - log: [Package] open-harmonyos@1.0.0 enable
2022-05-31T02:30:33.912Z - log: [Package] oppo-mini-game@1.0.0 enable
2022-05-31T02:30:33.947Z - log: [Package] qtt@1.0.0 enable
2022-05-31T02:30:33.985Z - log: [Package] vivo-mini-game@1.0.0 enable
2022-05-31T02:30:34.033Z - log: [Package] web-desktop@1.0.0 enable
2022-05-31T02:30:34.075Z - log: [Package] web-mobile@1.0.0 enable
2022-05-31T02:30:34.117Z - log: [Package] wechatgame@1.0.1 enable
2022-05-31T02:30:34.150Z - log: [Package] windows@1.0.0 enable
2022-05-31T02:30:34.178Z - log: [Package] xiaomi-quick-game@1.0.0 enable
2022-05-31T02:30:34.524Z - log: [Package] cocos-service@3.0.3 enable
2022-05-31T02:30:34.572Z - log: [Package] importer@1.0.0 enable
2022-05-31T02:30:34.902Z - log: [Im-plugin] Check im-plugin version.
2022-05-31T02:30:34.917Z - log: [Package] im-plugin@3.0.8 enable
2022-05-31T02:30:35.759Z - log: [Im-plugin] No online info of im-plugin.
2022-05-31T02:30:36.152Z - log: 设置的 IP 地址不存在，将使用默认 IP
2022-05-31T02:30:47.208Z - verbose: [Scene] Require engine code (0ms)
2022-05-31T02:30:47.211Z - verbose: [Scene] Startup engine (1ms)
2022-05-31T02:30:47.278Z - log: [Scene] Cocos Creator v3.5.0
2022-05-31T02:30:47.672Z - verbose: [Scene] Open engine (462ms)
2022-05-31T02:30:47.673Z - verbose: [Scene] Configure engine (1ms)
2022-05-31T02:30:47.440Z - info: [Scene] Forward render pipeline initialized.
2022-05-31T02:31:40.832Z - warn: Metrics: no valid info
