2022-05-22T07:11:39.138Z - log: [Package] menu@1.0.0 enable
2022-05-22T07:11:39.140Z - log: [Package] profile@1.0.0 enable
2022-05-22T07:11:39.157Z - log: [Package] project@1.0.2 enable
2022-05-22T07:11:39.165Z - log: [Package] messages@1.0.0 enable
2022-05-22T07:11:39.171Z - log: [Package] program@1.0.0 enable
2022-05-22T07:11:39.178Z - log: [Package] tester@1.0.0 enable
2022-05-22T07:11:39.187Z - log: [Package] preferences@1.0.0 enable
2022-05-22T07:11:40.254Z - log: Setup mods mgr.: 364.371ms
2022-05-22T07:11:40.269Z - verbose: [Engine] QuickCompile engine (1007ms)
2022-05-22T07:11:40.273Z - log: [Package] engine@1.0.6 enable
2022-05-22T07:11:41.459Z - log: [Package] programming@1.0.0 enable
2022-05-22T07:11:41.761Z - log: [Package] device@1.0.1 enable
2022-05-22T07:11:41.788Z - log: [Package] ui-kit@1.0.1 enable
2022-05-22T07:11:41.811Z - log: [Package] engine-extends@1.0.0 enable
2022-05-22T07:11:41.882Z - log: [Package] asset-db@1.0.0 enable
2022-05-22T07:11:41.938Z - log: [Package] scene@1.0.0 enable
2022-05-22T07:11:42.219Z - log: [Package] server@1.0.0 enable
2022-05-22T07:11:42.274Z - log: [Package] utils@1.0.0 enable
2022-05-22T07:11:47.310Z - log: [Package] preview@1.0.1 enable
2022-05-22T07:11:47.347Z - log: [Package] animator@1.0.0 enable
2022-05-22T07:11:47.573Z - log: 设置的 IP 地址不存在，将使用默认 IP
2022-05-22T07:11:49.021Z - log: [Package] builder@1.3.2 enable
2022-05-22T07:11:49.055Z - log: [Package] shortcuts@1.0.1 enable
2022-05-22T07:11:49.090Z - log: [Package] animation-graph@1.0.0 enable
2022-05-22T07:11:49.112Z - log: [Package] runtime-dev-tools@1.0.0 enable
2022-05-22T07:11:49.135Z - log: [Package] channel-upload-tools@1.0.0 enable
2022-05-22T07:11:49.170Z - log: [Package] about@1.0.0 enable
2022-05-22T07:11:49.212Z - log: [Package] assets@1.0.0 enable
2022-05-22T07:11:49.248Z - log: [Package] console@1.0.0 enable
2022-05-22T07:11:49.515Z - log: [Package] extension@3.0.16 enable
2022-05-22T07:11:49.561Z - log: [Package] hierarchy@1.0.0 enable
2022-05-22T07:11:49.643Z - log: [Package] inspector@1.0.0 enable
2022-05-22T07:11:49.688Z - log: [Package] lightmap@1.0.4 enable
2022-05-22T07:11:49.742Z - log: [Package] node-library@1.0.1 enable
2022-05-22T07:11:49.772Z - log: [Package] package-asset@1.0.0 enable
2022-05-22T07:11:49.814Z - log: [Package] process@1.0.0 enable
2022-05-22T07:11:49.853Z - log: [Package] reference-image@1.0.0 enable
2022-05-22T07:11:49.886Z - log: [Package] alipay-mini-game@1.0.0 enable
2022-05-22T07:11:49.928Z - log: [Package] android@1.0.0 enable
2022-05-22T07:11:49.957Z - log: [Package] baidu-mini-game@1.0.0 enable
2022-05-22T07:11:49.987Z - log: [Package] bytedance-mini-game@1.0.1 enable
2022-05-22T07:11:50.015Z - log: [Package] cocos-play@1.0.0 enable
2022-05-22T07:11:50.042Z - log: [Package] huawei-agc@1.0.0 enable
2022-05-22T07:11:50.067Z - log: [Package] huawei-quick-game@1.0.0 enable
2022-05-22T07:11:51.523Z - log: [Package] ios@1.0.0 enable
2022-05-22T07:11:51.610Z - log: [Package] ios-app-clip@1.0.0 enable
2022-05-22T07:11:51.673Z - log: [Package] link-sure@1.0.0 enable
2022-05-22T07:11:51.773Z - log: [Package] linux@1.0.0 enable
2022-05-22T07:11:51.822Z - verbose: [AssetDB] Require engine code (2948ms)
2022-05-22T07:11:51.847Z - log: [Package] mac@1.0.0 enable
2022-05-22T07:11:52.139Z - log: [Package] native@1.0.0 enable
2022-05-22T07:11:52.172Z - log: [Package] ohos@1.0.0 enable
2022-05-22T07:11:52.209Z - log: [Package] open-harmonyos@1.0.0 enable
2022-05-22T07:11:52.239Z - log: [Package] oppo-mini-game@1.0.0 enable
2022-05-22T07:11:52.267Z - log: [Package] qtt@1.0.0 enable
2022-05-22T07:11:52.293Z - log: [Package] vivo-mini-game@1.0.0 enable
2022-05-22T07:11:52.337Z - log: [Package] web-desktop@1.0.0 enable
2022-05-22T07:11:52.389Z - log: [Package] web-mobile@1.0.0 enable
2022-05-22T07:11:52.451Z - log: [Package] wechatgame@1.0.1 enable
2022-05-22T07:11:52.477Z - log: [Package] windows@1.0.0 enable
2022-05-22T07:11:52.501Z - log: [Package] xiaomi-quick-game@1.0.0 enable
2022-05-22T07:11:53.104Z - log: [Package] cocos-service@3.0.3 enable
2022-05-22T07:11:53.202Z - log: [Package] importer@1.0.0 enable
2022-05-22T07:11:53.806Z - log: [Im-plugin] Check im-plugin version.
2022-05-22T07:11:53.827Z - log: [Package] im-plugin@3.0.8 enable
2022-05-22T07:11:54.594Z - log: [Im-plugin] No online info of im-plugin.
2022-05-22T07:11:55.150Z - log: 设置的 IP 地址不存在，将使用默认 IP
2022-05-22T07:12:05.887Z - verbose: [Scene] Require engine code (0ms)
2022-05-22T07:12:05.888Z - verbose: [Scene] Startup engine (1ms)
2022-05-22T07:12:05.923Z - log: [Scene] Cocos Creator v3.5.0
2022-05-22T07:12:06.226Z - verbose: [Scene] Open engine (338ms)
2022-05-22T07:12:06.226Z - verbose: [Scene] Configure engine (0ms)
2022-05-22T07:12:06.009Z - info: [Scene] Forward render pipeline initialized.
2022-05-22T07:12:53.937Z - log: 设置的 IP 地址不存在，将使用默认 IP
2022-05-22T07:12:58.144Z - warn: Metrics: no valid info
