2022-05-09 15:19:07-log: [Package] menu@1.0.0 enable
2022-05-09 15:19:07-log: [Package] profile@1.0.0 enable
2022-05-09 15:19:07-log: [Package] project@1.0.1 enable
2022-05-09 15:19:07-log: [Package] messages@1.0.0 enable
2022-05-09 15:19:07-log: [Package] program@1.0.0 enable
2022-05-09 15:19:07-log: [Package] device@1.0.1 enable
2022-05-09 15:19:07-log: [Package] ui-kit@1.0.1 enable
2022-05-09 15:19:07-log: [Package] tester@1.0.0 enable
2022-05-09 15:19:07-log: [Package] preferences@1.0.0 enable
2022-05-09 15:19:08-log: Setup mods mgr.: 341.345ms
2022-05-09 15:19:08-log: Profile changed: engine (modules.includeModules: 2d,3d,audio,base,dragon-bones,gfx-webgl,gfx-webgl2,intersection-2d,marionette,particle,particle-2d,physics-2d-box2d,physics-ammo,primitive,profiler,spine,terrain,tiled-map,tween,ui,video,webview)
2022-05-09 15:19:08-log: [Package] engine@1.0.5 enable
2022-05-09 15:19:10-log: [Package] programming@1.0.0 enable
2022-05-09 15:19:10-log: [Package] Profile Migrate: builder@Cocos Creator...
2022-05-09 15:19:10-log: [Package] Profile Migrate: builder@Cocos Creator...
2022-05-09 15:19:11-log: [Package] engine-extends@1.0.0 enable
2022-05-09 15:19:11-log: [Package] asset-db@1.0.0 enable
2022-05-09 15:19:11-log: [Package] console@1.0.0 enable
2022-05-09 15:19:11-log: [Package] scene@1.0.0 enable
2022-05-09 15:19:11-log: [Package] about@1.0.0 enable
2022-05-09 15:19:11-log: [Package] server@1.0.0 enable
2022-05-09 15:19:11-log: [Package] utils@1.0.0 enable
2022-05-09 15:19:11-log: [Package] hierarchy@1.0.0 enable
2022-05-09 15:19:13-log: [Package] preview@1.0.1 enable
2022-05-09 15:19:13-log: [Package] animator@1.0.0 enable
2022-05-09 15:19:14-log: 设置的 IP 地址不存在，将使用默认 IP
2022-05-09 15:19:15-log: Profile changed: builder (log.level: 4)
2022-05-09 15:19:15-log: [Package] builder@1.3.1 enable
2022-05-09 15:19:15-log: [Package] node-library@1.0.0 enable
2022-05-09 15:19:15-log: [Package] shortcuts@1.0.1 enable
2022-05-09 15:19:15-log: [Package] package-asset@1.0.0 enable
2022-05-09 15:19:15-log: [Package] reference-image@1.0.0 enable
2022-05-09 15:19:15-log: [Package] animation-graph@1.0.0 enable
2022-05-09 15:19:15-log: [Package] channel-upload-tools@1.0.0 enable
2022-05-09 15:19:15-log: [Package] runtime-dev-tools@1.0.0 enable
2022-05-09 15:19:15-log: [Package] lightmap@1.0.4 enable
2022-05-09 15:19:15-log: [Package] alipay-mini-game@1.0.0 enable
2022-05-09 15:19:15-log: [Package] android@1.0.0 enable
2022-05-09 15:19:15-log: [Package] baidu-mini-game@1.0.0 enable
2022-05-09 15:19:15-log: [Package] bytedance-mini-game@1.0.1 enable
2022-05-09 15:19:15-log: [Package] huawei-agc@1.0.0 enable
2022-05-09 15:19:17-log: [Package] ios@1.0.0 enable
2022-05-09 15:19:17-log: [Package] ios-app-clip@1.0.0 enable
2022-05-09 15:19:17-log: [Package] mac@1.0.0 enable
2022-05-09 15:19:17-log: [Package] native@1.0.0 enable
2022-05-09 15:19:17-log: [Package] ohos@1.0.0 enable
2022-05-09 15:19:17-log: [Package] web-desktop@1.0.0 enable
2022-05-09 15:19:17-log: [Package] web-mobile@1.0.0 enable
2022-05-09 15:19:17-log: [Package] wechatgame@1.0.1 enable
2022-05-09 15:19:17-log: [Package] windows@1.0.0 enable
2022-05-09 15:19:17-log: [Package] xiaomi-quick-game@1.0.0 enable
2022-05-09 15:19:17-log: [Package] cocos-play@1.0.0 enable
2022-05-09 15:19:17-log: [Package] huawei-quick-game@1.0.0 enable
2022-05-09 15:19:17-log: [Package] link-sure@1.0.0 enable
2022-05-09 15:19:17-log: [Package] oppo-mini-game@1.0.0 enable
2022-05-09 15:19:17-log: [Package] qtt@1.0.0 enable
2022-05-09 15:19:18-log: [Package] vivo-mini-game@1.0.0 enable
2022-05-09 15:19:18-log: [Package] cocos-service@3.0.2 enable
2022-05-09 15:19:18-log: [Package] importer@1.0.0 enable
2022-05-09 15:19:19-log: [Package] extension@3.0.15 enable
2022-05-09 15:19:19-log: [Im-plugin] Check im-plugin version.
2022-05-09 15:19:19-log: [Package] im-plugin@3.0.8 enable
2022-05-09 15:19:19-log: 设置的 IP 地址不存在，将使用默认 IP
2022-05-09 15:19:20-log: [Im-plugin] No online info of im-plugin.
2022-05-09 15:19:29-warn: Browserslist: caniuse-lite is outdated. Please run:
npx browserslist@latest --update-db

Why you should do it regularly:
https://github.com/browserslist/browserslist#browsers-data-updating
2022-05-09 15:19:31-log: [Scene] Cocos Creator v3.4.2
2022-05-09 15:19:32-info: [Scene] Forward render pipeline initialized.
2022-05-31T06:43:53.889Z - log: [Package] menu@1.0.0 enable
2022-05-31T06:43:53.892Z - log: [Package] profile@1.0.0 enable
2022-05-31T06:43:53.907Z - log: [Package] project@1.0.2 enable
2022-05-31T06:43:53.914Z - log: [Package] messages@1.0.0 enable
2022-05-31T06:43:53.920Z - log: [Package] program@1.0.0 enable
2022-05-31T06:43:53.926Z - log: [Package] tester@1.0.0 enable
2022-05-31T06:43:53.933Z - log: [Package] preferences@1.0.0 enable
2022-05-31T06:43:54.668Z - log: Setup mods mgr.: 347.692ms
2022-05-31T06:43:54.677Z - verbose: [Engine] QuickCompile engine (677ms)
2022-05-31T06:43:54.681Z - log: [Package] engine@1.0.6 enable
2022-05-31T06:43:55.678Z - log: [Package] programming@1.0.0 enable
2022-05-31T06:43:55.983Z - log: [Package] device@1.0.1 enable
2022-05-31T06:43:56.012Z - log: [Package] ui-kit@1.0.1 enable
2022-05-31T06:43:56.037Z - log: [Package] engine-extends@1.0.0 enable
2022-05-31T06:43:56.104Z - log: [Package] asset-db@1.0.0 enable
2022-05-31T06:43:56.145Z - log: [Package] scene@1.0.0 enable
2022-05-31T06:43:56.444Z - log: [Package] server@1.0.0 enable
2022-05-31T06:43:56.477Z - log: [Package] utils@1.0.0 enable
2022-05-31T06:44:01.249Z - log: [Package] preview@1.0.1 enable
2022-05-31T06:44:01.290Z - log: [Package] animator@1.0.0 enable
2022-05-31T06:44:01.435Z - log: 设置的 IP 地址不存在，将使用默认 IP
2022-05-31T06:44:02.399Z - log: [Package] builder@1.3.2 enable
2022-05-31T06:44:02.434Z - log: [Package] shortcuts@1.0.1 enable
2022-05-31T06:44:02.467Z - log: [Package] animation-graph@1.0.0 enable
2022-05-31T06:44:02.490Z - log: [Package] runtime-dev-tools@1.0.0 enable
2022-05-31T06:44:02.515Z - log: [Package] channel-upload-tools@1.0.0 enable
2022-05-31T06:44:02.551Z - log: [Package] about@1.0.0 enable
2022-05-31T06:44:02.586Z - log: [Package] assets@1.0.0 enable
2022-05-31T06:44:02.621Z - log: [Package] console@1.0.0 enable
2022-05-31T06:44:02.931Z - log: [Package] extension@3.0.16 enable
2022-05-31T06:44:02.966Z - log: [Package] hierarchy@1.0.0 enable
2022-05-31T06:44:03.010Z - log: [Package] inspector@1.0.0 enable
2022-05-31T06:44:03.143Z - log: [Package] lightmap@1.0.4 enable
2022-05-31T06:44:03.204Z - log: [Package] node-library@1.0.1 enable
2022-05-31T06:44:03.227Z - log: [Package] package-asset@1.0.0 enable
2022-05-31T06:44:03.261Z - log: [Package] process@1.0.0 enable
2022-05-31T06:44:03.309Z - log: [Package] reference-image@1.0.0 enable
2022-05-31T06:44:03.333Z - log: [Package] alipay-mini-game@1.0.0 enable
2022-05-31T06:44:03.363Z - log: [Package] android@1.0.0 enable
2022-05-31T06:44:03.394Z - log: [Package] baidu-mini-game@1.0.0 enable
2022-05-31T06:44:03.418Z - log: [Package] bytedance-mini-game@1.0.1 enable
2022-05-31T06:44:03.444Z - log: [Package] cocos-play@1.0.0 enable
2022-05-31T06:44:03.472Z - log: [Package] huawei-agc@1.0.0 enable
2022-05-31T06:44:03.499Z - log: [Package] huawei-quick-game@1.0.0 enable
2022-05-31T06:44:04.782Z - log: [Package] ios@1.0.0 enable
2022-05-31T06:44:04.852Z - log: [Package] ios-app-clip@1.0.0 enable
2022-05-31T06:44:04.881Z - log: [Package] link-sure@1.0.0 enable
2022-05-31T06:44:04.907Z - log: [Package] linux@1.0.0 enable
2022-05-31T06:44:04.934Z - log: [Package] mac@1.0.0 enable
2022-05-31T06:44:05.087Z - log: [Package] native@1.0.0 enable
2022-05-31T06:44:05.090Z - verbose: [AssetDB] Require engine code (2896ms)
2022-05-31T06:44:05.113Z - log: [Package] ohos@1.0.0 enable
2022-05-31T06:44:05.139Z - log: [Package] open-harmonyos@1.0.0 enable
2022-05-31T06:44:05.173Z - log: [Package] oppo-mini-game@1.0.0 enable
2022-05-31T06:44:05.197Z - log: [Package] qtt@1.0.0 enable
2022-05-31T06:44:05.228Z - log: [Package] vivo-mini-game@1.0.0 enable
2022-05-31T06:44:05.281Z - log: [Package] web-desktop@1.0.0 enable
2022-05-31T06:44:05.322Z - log: [Package] web-mobile@1.0.0 enable
2022-05-31T06:44:05.360Z - log: [Package] wechatgame@1.0.1 enable
2022-05-31T06:44:05.386Z - log: [Package] windows@1.0.0 enable
2022-05-31T06:44:05.411Z - log: [Package] xiaomi-quick-game@1.0.0 enable
2022-05-31T06:44:05.865Z - log: [Package] cocos-service@3.0.3 enable
2022-05-31T06:44:05.910Z - log: [Package] importer@1.0.0 enable
2022-05-31T06:44:06.381Z - log: [Im-plugin] Check im-plugin version.
2022-05-31T06:44:06.417Z - log: [Package] im-plugin@3.0.8 enable
2022-05-31T06:44:07.574Z - log: [Im-plugin] No online info of im-plugin.
2022-05-31T06:44:07.629Z - log: 设置的 IP 地址不存在，将使用默认 IP
2022-05-31T06:44:19.607Z - verbose: [Scene] Require engine code (1ms)
2022-05-31T06:44:19.608Z - verbose: [Scene] Startup engine (1ms)
2022-05-31T06:44:19.652Z - log: [Scene] Cocos Creator v3.5.0
2022-05-31T06:44:20.025Z - verbose: [Scene] Open engine (417ms)
2022-05-31T06:44:20.026Z - verbose: [Scene] Configure engine (0ms)
2022-05-31T06:44:19.789Z - info: [Scene] Forward render pipeline initialized.
2022-05-31T06:46:00.496Z - warn: Metrics: no valid info
