2022-05-22T08:55:15.034Z - log: [Package] menu@1.0.0 enable
2022-05-22T08:55:15.037Z - log: [Package] profile@1.0.0 enable
2022-05-22T08:55:15.049Z - log: [Package] project@1.0.2 enable
2022-05-22T08:55:15.056Z - log: [Package] messages@1.0.0 enable
2022-05-22T08:55:15.058Z - log: [Package] program@1.0.0 enable
2022-05-22T08:55:15.064Z - log: [Package] tester@1.0.0 enable
2022-05-22T08:55:15.070Z - log: [Package] preferences@1.0.0 enable
2022-05-22T08:55:15.859Z - log: Setup mods mgr.: 328.71ms
2022-05-22T08:55:15.872Z - verbose: [Engine] QuickCompile engine (737ms)
2022-05-22T08:55:15.875Z - log: [Package] engine@1.0.6 enable
2022-05-22T08:55:16.709Z - log: [Package] programming@1.0.0 enable
2022-05-22T08:55:17.026Z - log: [Package] device@1.0.1 enable
2022-05-22T08:55:17.057Z - log: [Package] ui-kit@1.0.1 enable
2022-05-22T08:55:17.082Z - log: [Package] engine-extends@1.0.0 enable
2022-05-22T08:55:17.154Z - log: [Package] asset-db@1.0.0 enable
2022-05-22T08:55:17.209Z - log: [Package] scene@1.0.0 enable
2022-05-22T08:55:17.474Z - log: [Package] server@1.0.0 enable
2022-05-22T08:55:17.524Z - log: [Package] utils@1.0.0 enable
2022-05-22T08:55:22.586Z - log: [Package] preview@1.0.1 enable
2022-05-22T08:55:22.619Z - log: [Package] animator@1.0.0 enable
2022-05-22T08:55:22.812Z - log: 设置的 IP 地址不存在，将使用默认 IP
2022-05-22T08:55:23.923Z - log: [Package] builder@1.3.2 enable
2022-05-22T08:55:23.967Z - log: [Package] shortcuts@1.0.1 enable
2022-05-22T08:55:24.003Z - log: [Package] animation-graph@1.0.0 enable
2022-05-22T08:55:24.027Z - log: [Package] runtime-dev-tools@1.0.0 enable
2022-05-22T08:55:24.049Z - log: [Package] channel-upload-tools@1.0.0 enable
2022-05-22T08:55:24.078Z - log: [Package] about@1.0.0 enable
2022-05-22T08:55:24.111Z - log: [Package] assets@1.0.0 enable
2022-05-22T08:55:24.158Z - log: [Package] console@1.0.0 enable
2022-05-22T08:55:24.396Z - log: [Package] extension@3.0.16 enable
2022-05-22T08:55:24.448Z - log: [Package] hierarchy@1.0.0 enable
2022-05-22T08:55:24.495Z - log: [Package] inspector@1.0.0 enable
2022-05-22T08:55:24.556Z - log: [Package] lightmap@1.0.4 enable
2022-05-22T08:55:24.626Z - log: [Package] node-library@1.0.1 enable
2022-05-22T08:55:24.651Z - log: [Package] package-asset@1.0.0 enable
2022-05-22T08:55:24.686Z - log: [Package] process@1.0.0 enable
2022-05-22T08:55:24.724Z - log: [Package] reference-image@1.0.0 enable
2022-05-22T08:55:24.780Z - log: [Package] alipay-mini-game@1.0.0 enable
2022-05-22T08:55:24.873Z - log: [Package] android@1.0.0 enable
2022-05-22T08:55:24.902Z - log: [Package] baidu-mini-game@1.0.0 enable
2022-05-22T08:55:24.931Z - log: [Package] bytedance-mini-game@1.0.1 enable
2022-05-22T08:55:24.958Z - log: [Package] cocos-play@1.0.0 enable
2022-05-22T08:55:24.987Z - log: [Package] huawei-agc@1.0.0 enable
2022-05-22T08:55:25.018Z - log: [Package] huawei-quick-game@1.0.0 enable
2022-05-22T08:55:26.362Z - log: [Package] ios@1.0.0 enable
2022-05-22T08:55:26.392Z - log: [Package] ios-app-clip@1.0.0 enable
2022-05-22T08:55:26.417Z - log: [Package] link-sure@1.0.0 enable
2022-05-22T08:55:26.443Z - log: [Package] linux@1.0.0 enable
2022-05-22T08:55:26.469Z - log: [Package] mac@1.0.0 enable
2022-05-22T08:55:26.626Z - log: [Package] native@1.0.0 enable
2022-05-22T08:55:26.631Z - verbose: [AssetDB] Require engine code (2929ms)
2022-05-22T08:55:26.654Z - log: [Package] ohos@1.0.0 enable
2022-05-22T08:55:26.685Z - log: [Package] open-harmonyos@1.0.0 enable
2022-05-22T08:55:26.710Z - log: [Package] oppo-mini-game@1.0.0 enable
2022-05-22T08:55:26.737Z - log: [Package] qtt@1.0.0 enable
2022-05-22T08:55:26.770Z - log: [Package] vivo-mini-game@1.0.0 enable
2022-05-22T08:55:26.824Z - log: [Package] web-desktop@1.0.0 enable
2022-05-22T08:55:26.869Z - log: [Package] web-mobile@1.0.0 enable
2022-05-22T08:55:26.913Z - log: [Package] wechatgame@1.0.1 enable
2022-05-22T08:55:26.942Z - log: [Package] windows@1.0.0 enable
2022-05-22T08:55:26.965Z - log: [Package] xiaomi-quick-game@1.0.0 enable
2022-05-22T08:55:27.277Z - log: [Package] cocos-service@3.0.3 enable
2022-05-22T08:55:27.322Z - log: [Package] importer@1.0.0 enable
2022-05-22T08:55:27.947Z - log: [Im-plugin] Check im-plugin version.
2022-05-22T08:55:27.964Z - log: [Package] im-plugin@3.0.8 enable
2022-05-22T08:55:28.863Z - log: [Im-plugin] No online info of im-plugin.
2022-05-22T08:55:29.132Z - log: 设置的 IP 地址不存在，将使用默认 IP
2022-05-22T08:55:41.124Z - verbose: [Scene] Require engine code (0ms)
2022-05-22T08:55:41.130Z - verbose: [Scene] Startup engine (2ms)
2022-05-22T08:55:41.194Z - log: [Scene] Cocos Creator v3.5.0
2022-05-22T08:55:41.600Z - verbose: [Scene] Open engine (471ms)
2022-05-22T08:55:41.601Z - verbose: [Scene] Configure engine (0ms)
2022-05-22T08:55:41.346Z - info: [Scene] Forward render pipeline initialized.
2022-05-22T08:56:23.860Z - warn: Metrics: no valid info
