2022-05-09 15:17:27-log: [Package] menu@1.0.0 enable
2022-05-09 15:17:27-log: [Package] profile@1.0.0 enable
2022-05-09 15:17:27-log: [Package] project@1.0.1 enable
2022-05-09 15:17:27-log: [Package] messages@1.0.0 enable
2022-05-09 15:17:27-log: [Package] program@1.0.0 enable
2022-05-09 15:17:27-log: [Package] device@1.0.1 enable
2022-05-09 15:17:27-log: [Package] ui-kit@1.0.1 enable
2022-05-09 15:17:27-log: [Package] tester@1.0.0 enable
2022-05-09 15:17:27-log: [Package] preferences@1.0.0 enable
2022-05-09 15:17:27-log: Setup mods mgr.: 328.758ms
2022-05-09 15:17:27-log: Profile changed: engine (modules.includeModules: 2d,3d,audio,base,dragon-bones,gfx-webgl,gfx-webgl2,intersection-2d,marionette,particle,particle-2d,physics-2d-box2d,physics-ammo,primitive,profiler,spine,terrain,tiled-map,tween,ui,video,webview)
2022-05-09 15:17:27-log: [Package] engine@1.0.5 enable
2022-05-09 15:17:31-log: [Package] programming@1.0.0 enable
2022-05-09 15:17:31-log: [Package] Profile Migrate: builder@Cocos Creator...
2022-05-09 15:17:31-log: [Package] Profile Migrate: builder@Cocos Creator...
2022-05-09 15:17:31-log: [Package] engine-extends@1.0.0 enable
2022-05-09 15:17:31-log: [Package] asset-db@1.0.0 enable
2022-05-09 15:17:31-log: [Package] console@1.0.0 enable
2022-05-09 15:17:31-log: [Package] scene@1.0.0 enable
2022-05-09 15:17:31-log: [Package] about@1.0.0 enable
2022-05-09 15:17:31-log: [Package] server@1.0.0 enable
2022-05-09 15:17:31-log: [Package] utils@1.0.0 enable
2022-05-09 15:17:31-log: [Package] assets@1.0.0 enable
2022-05-09 15:17:31-log: [Package] inspector@1.0.0 enable
2022-05-09 15:17:31-log: [Package] hierarchy@1.0.0 enable
2022-05-09 15:17:34-log: [Package] preview@1.0.1 enable
2022-05-09 15:17:34-log: [Package] animator@1.0.0 enable
2022-05-09 15:17:34-log: 设置的 IP 地址不存在，将使用默认 IP
2022-05-09 15:17:35-log: Profile changed: builder (log.level: 4)
2022-05-09 15:17:35-log: [Package] builder@1.3.1 enable
2022-05-09 15:17:35-log: [Package] node-library@1.0.0 enable
2022-05-09 15:17:35-log: [Package] shortcuts@1.0.1 enable
2022-05-09 15:17:36-log: [Package] package-asset@1.0.0 enable
2022-05-09 15:17:36-log: [Package] reference-image@1.0.0 enable
2022-05-09 15:17:36-log: [Package] animation-graph@1.0.0 enable
2022-05-09 15:17:36-log: [Package] channel-upload-tools@1.0.0 enable
2022-05-09 15:17:36-log: [Package] runtime-dev-tools@1.0.0 enable
2022-05-09 15:17:36-log: [Package] lightmap@1.0.4 enable
2022-05-09 15:17:36-log: [Package] alipay-mini-game@1.0.0 enable
2022-05-09 15:17:36-log: [Package] android@1.0.0 enable
2022-05-09 15:17:36-log: [Package] baidu-mini-game@1.0.0 enable
2022-05-09 15:17:36-log: [Package] bytedance-mini-game@1.0.1 enable
2022-05-09 15:17:36-log: [Package] huawei-agc@1.0.0 enable
2022-05-09 15:17:37-log: [Package] ios@1.0.0 enable
2022-05-09 15:17:37-log: [Package] ios-app-clip@1.0.0 enable
2022-05-09 15:17:37-log: [Package] mac@1.0.0 enable
2022-05-09 15:17:38-log: [Package] native@1.0.0 enable
2022-05-09 15:17:38-log: [Package] ohos@1.0.0 enable
2022-05-09 15:17:38-log: [Package] web-desktop@1.0.0 enable
2022-05-09 15:17:38-log: [Package] web-mobile@1.0.0 enable
2022-05-09 15:17:38-log: [Package] wechatgame@1.0.1 enable
2022-05-09 15:17:38-log: [Package] windows@1.0.0 enable
2022-05-09 15:17:38-log: [Package] xiaomi-quick-game@1.0.0 enable
2022-05-09 15:17:38-log: [Package] cocos-play@1.0.0 enable
2022-05-09 15:17:38-log: [Package] huawei-quick-game@1.0.0 enable
2022-05-09 15:17:38-log: [Package] link-sure@1.0.0 enable
2022-05-09 15:17:38-log: [Package] oppo-mini-game@1.0.0 enable
2022-05-09 15:17:38-log: [Package] qtt@1.0.0 enable
2022-05-09 15:17:38-log: [Package] vivo-mini-game@1.0.0 enable
2022-05-09 15:17:39-log: [Package] cocos-service@3.0.2 enable
2022-05-09 15:17:39-log: [Package] importer@1.0.0 enable
2022-05-09 15:17:39-log: [Package] extension@3.0.15 enable
2022-05-09 15:17:40-log: [Im-plugin] Check im-plugin version.
2022-05-09 15:17:40-log: [Package] im-plugin@3.0.8 enable
2022-05-09 15:17:41-log: 设置的 IP 地址不存在，将使用默认 IP
2022-05-09 15:17:41-log: [Im-plugin] No online info of im-plugin.
2022-05-09 15:17:48-warn: Browserslist: caniuse-lite is outdated. Please run:
npx browserslist@latest --update-db

Why you should do it regularly:
https://github.com/browserslist/browserslist#browsers-data-updating
2022-05-09 15:17:49-log: [Scene] Cocos Creator v3.4.2
2022-05-09 15:17:49-info: [Scene] Forward render pipeline initialized.
2022-05-31T06:54:48.673Z - log: [Package] menu@1.0.0 enable
2022-05-31T06:54:48.675Z - log: [Package] profile@1.0.0 enable
2022-05-31T06:54:48.687Z - log: [Package] project@1.0.2 enable
2022-05-31T06:54:48.693Z - log: [Package] messages@1.0.0 enable
2022-05-31T06:54:48.698Z - log: [Package] program@1.0.0 enable
2022-05-31T06:54:48.705Z - log: [Package] tester@1.0.0 enable
2022-05-31T06:54:48.711Z - log: [Package] preferences@1.0.0 enable
2022-05-31T06:54:49.400Z - log: Setup mods mgr.: 336.38ms
2022-05-31T06:54:49.410Z - verbose: [Engine] QuickCompile engine (634ms)
2022-05-31T06:54:49.415Z - log: [Package] engine@1.0.6 enable
2022-05-31T06:54:50.272Z - log: [Package] programming@1.0.0 enable
2022-05-31T06:54:50.575Z - log: [Package] device@1.0.1 enable
2022-05-31T06:54:50.606Z - log: [Package] ui-kit@1.0.1 enable
2022-05-31T06:54:50.638Z - log: [Package] engine-extends@1.0.0 enable
2022-05-31T06:54:50.707Z - log: [Package] asset-db@1.0.0 enable
2022-05-31T06:54:50.750Z - log: [Package] scene@1.0.0 enable
2022-05-31T06:54:50.999Z - log: [Package] server@1.0.0 enable
2022-05-31T06:54:51.037Z - log: [Package] utils@1.0.0 enable
2022-05-31T06:54:55.517Z - log: [Package] preview@1.0.1 enable
2022-05-31T06:54:55.553Z - log: [Package] animator@1.0.0 enable
2022-05-31T06:54:55.658Z - log: 设置的 IP 地址不存在，将使用默认 IP
2022-05-31T06:54:56.641Z - log: [Package] builder@1.3.2 enable
2022-05-31T06:54:56.676Z - log: [Package] shortcuts@1.0.1 enable
2022-05-31T06:54:56.707Z - log: [Package] animation-graph@1.0.0 enable
2022-05-31T06:54:56.729Z - log: [Package] runtime-dev-tools@1.0.0 enable
2022-05-31T06:54:56.752Z - log: [Package] channel-upload-tools@1.0.0 enable
2022-05-31T06:54:56.785Z - log: [Package] about@1.0.0 enable
2022-05-31T06:54:56.837Z - log: [Package] assets@1.0.0 enable
2022-05-31T06:54:56.870Z - log: [Package] console@1.0.0 enable
2022-05-31T06:54:57.209Z - log: [Package] extension@3.0.16 enable
2022-05-31T06:54:57.272Z - log: [Package] hierarchy@1.0.0 enable
2022-05-31T06:54:57.317Z - log: [Package] inspector@1.0.0 enable
2022-05-31T06:54:57.359Z - log: [Package] lightmap@1.0.4 enable
2022-05-31T06:54:57.425Z - log: [Package] node-library@1.0.1 enable
2022-05-31T06:54:57.452Z - log: [Package] package-asset@1.0.0 enable
2022-05-31T06:54:57.497Z - log: [Package] process@1.0.0 enable
2022-05-31T06:54:57.538Z - log: [Package] reference-image@1.0.0 enable
2022-05-31T06:54:57.567Z - log: [Package] alipay-mini-game@1.0.0 enable
2022-05-31T06:54:57.594Z - log: [Package] android@1.0.0 enable
2022-05-31T06:54:57.628Z - log: [Package] baidu-mini-game@1.0.0 enable
2022-05-31T06:54:57.653Z - log: [Package] bytedance-mini-game@1.0.1 enable
2022-05-31T06:54:57.680Z - log: [Package] cocos-play@1.0.0 enable
2022-05-31T06:54:57.709Z - log: [Package] huawei-agc@1.0.0 enable
2022-05-31T06:54:57.734Z - log: [Package] huawei-quick-game@1.0.0 enable
2022-05-31T06:54:59.135Z - log: [Package] ios@1.0.0 enable
2022-05-31T06:54:59.172Z - log: [Package] ios-app-clip@1.0.0 enable
2022-05-31T06:54:59.211Z - log: [Package] link-sure@1.0.0 enable
2022-05-31T06:54:59.255Z - log: [Package] linux@1.0.0 enable
2022-05-31T06:54:59.289Z - log: [Package] mac@1.0.0 enable
2022-05-31T06:54:59.491Z - log: [Package] native@1.0.0 enable
2022-05-31T06:54:59.504Z - verbose: [AssetDB] Require engine code (2994ms)
2022-05-31T06:54:59.524Z - log: [Package] ohos@1.0.0 enable
2022-05-31T06:54:59.552Z - log: [Package] open-harmonyos@1.0.0 enable
2022-05-31T06:54:59.574Z - log: [Package] oppo-mini-game@1.0.0 enable
2022-05-31T06:54:59.602Z - log: [Package] qtt@1.0.0 enable
2022-05-31T06:54:59.630Z - log: [Package] vivo-mini-game@1.0.0 enable
2022-05-31T06:54:59.673Z - log: [Package] web-desktop@1.0.0 enable
2022-05-31T06:54:59.713Z - log: [Package] web-mobile@1.0.0 enable
2022-05-31T06:54:59.758Z - log: [Package] wechatgame@1.0.1 enable
2022-05-31T06:54:59.789Z - log: [Package] windows@1.0.0 enable
2022-05-31T06:54:59.816Z - log: [Package] xiaomi-quick-game@1.0.0 enable
2022-05-31T06:55:00.337Z - log: [Package] cocos-service@3.0.3 enable
2022-05-31T06:55:00.396Z - log: [Package] importer@1.0.0 enable
2022-05-31T06:55:00.837Z - log: [Im-plugin] Check im-plugin version.
2022-05-31T06:55:00.850Z - log: [Package] im-plugin@3.0.8 enable
2022-05-31T06:55:02.002Z - log: [Im-plugin] No online info of im-plugin.
2022-05-31T06:55:02.282Z - log: 设置的 IP 地址不存在，将使用默认 IP
2022-05-31T06:55:14.067Z - verbose: [Scene] Require engine code (1ms)
2022-05-31T06:55:14.072Z - verbose: [Scene] Startup engine (1ms)
2022-05-31T06:55:14.134Z - log: [Scene] Cocos Creator v3.5.0
2022-05-31T06:55:14.465Z - verbose: [Scene] Open engine (394ms)
2022-05-31T06:55:14.465Z - verbose: [Scene] Configure engine (1ms)
2022-05-31T06:55:14.215Z - info: [Scene] Forward render pipeline initialized.
2022-05-31T06:55:41.617Z - warn: Metrics: no valid info
