2022-05-09 13:53:57-log: [Package] menu@1.0.0 enable
2022-05-09 13:53:57-log: [Package] profile@1.0.0 enable
2022-05-09 13:53:57-log: [Package] project@1.0.1 enable
2022-05-09 13:53:57-log: [Package] messages@1.0.0 enable
2022-05-09 13:53:57-log: [Package] program@1.0.0 enable
2022-05-09 13:53:57-log: [Package] device@1.0.1 enable
2022-05-09 13:53:57-log: [Package] ui-kit@1.0.1 enable
2022-05-09 13:53:57-log: [Package] tester@1.0.0 enable
2022-05-09 13:53:57-log: [Package] preferences@1.0.0 enable
2022-05-09 13:53:58-log: Setup mods mgr.: 315.886ms
2022-05-09 13:53:58-log: Profile changed: engine (modules.includeModules: 2d,3d,audio,base,dragon-bones,gfx-webgl,gfx-webgl2,intersection-2d,marionette,particle,particle-2d,physics-2d-box2d,physics-ammo,primitive,profiler,spine,terrain,tiled-map,tween,ui,video,webview)
2022-05-09 13:53:58-log: [Package] engine@1.0.5 enable
2022-05-09 13:54:00-log: [Package] programming@1.0.0 enable
2022-05-09 13:54:01-log: [Package] engine-extends@1.0.0 enable
2022-05-09 13:54:01-log: [Package] asset-db@1.0.0 enable
2022-05-09 13:54:01-log: [Package] console@1.0.0 enable
2022-05-09 13:54:01-log: [Package] scene@1.0.0 enable
2022-05-09 13:54:01-log: [Package] about@1.0.0 enable
2022-05-09 13:54:01-log: [Package] server@1.0.0 enable
2022-05-09 13:54:01-log: [Package] utils@1.0.0 enable
2022-05-09 13:54:01-log: [Package] assets@1.0.0 enable
2022-05-09 13:54:01-log: [Package] inspector@1.0.0 enable
2022-05-09 13:54:01-log: [Package] hierarchy@1.0.0 enable
2022-05-09 13:54:03-log: [Package] preview@1.0.1 enable
2022-05-09 13:54:03-log: [Package] animator@1.0.0 enable
2022-05-09 13:54:04-log: 设置的 IP 地址不存在，将使用默认 IP
2022-05-09 13:54:05-log: [Package] builder@1.3.1 enable
2022-05-09 13:54:05-log: [Package] node-library@1.0.0 enable
2022-05-09 13:54:05-log: [Package] shortcuts@1.0.1 enable
2022-05-09 13:54:05-log: [Package] package-asset@1.0.0 enable
2022-05-09 13:54:05-log: [Package] reference-image@1.0.0 enable
2022-05-09 13:54:05-log: [Package] animation-graph@1.0.0 enable
2022-05-09 13:54:05-log: [Package] channel-upload-tools@1.0.0 enable
2022-05-09 13:54:05-log: [Package] runtime-dev-tools@1.0.0 enable
2022-05-09 13:54:05-log: [Package] lightmap@1.0.4 enable
2022-05-09 13:54:05-log: [Package] alipay-mini-game@1.0.0 enable
2022-05-09 13:54:05-log: [Package] android@1.0.0 enable
2022-05-09 13:54:06-log: [Package] baidu-mini-game@1.0.0 enable
2022-05-09 13:54:06-log: [Package] bytedance-mini-game@1.0.1 enable
2022-05-09 13:54:06-log: [Package] huawei-agc@1.0.0 enable
2022-05-09 13:54:07-log: [Package] ios@1.0.0 enable
2022-05-09 13:54:07-log: [Package] ios-app-clip@1.0.0 enable
2022-05-09 13:54:07-log: [Package] mac@1.0.0 enable
2022-05-09 13:54:07-log: [Package] native@1.0.0 enable
2022-05-09 13:54:07-log: [Package] ohos@1.0.0 enable
2022-05-09 13:54:07-log: [Package] web-desktop@1.0.0 enable
2022-05-09 13:54:07-log: [Package] web-mobile@1.0.0 enable
2022-05-09 13:54:07-log: [Package] wechatgame@1.0.1 enable
2022-05-09 13:54:08-log: [Package] windows@1.0.0 enable
2022-05-09 13:54:08-log: [Package] xiaomi-quick-game@1.0.0 enable
2022-05-09 13:54:08-log: [Package] cocos-play@1.0.0 enable
2022-05-09 13:54:08-log: [Package] huawei-quick-game@1.0.0 enable
2022-05-09 13:54:08-log: [Package] link-sure@1.0.0 enable
2022-05-09 13:54:08-log: [Package] oppo-mini-game@1.0.0 enable
2022-05-09 13:54:08-log: [Package] qtt@1.0.0 enable
2022-05-09 13:54:08-log: [Package] vivo-mini-game@1.0.0 enable
2022-05-09 13:54:08-log: [Package] cocos-service@3.0.2 enable
2022-05-09 13:54:08-log: [Package] importer@1.0.0 enable
2022-05-09 13:54:09-log: [Package] extension@3.0.15 enable
2022-05-09 13:54:09-log: [Im-plugin] Check im-plugin version.
2022-05-09 13:54:09-log: [Package] im-plugin@3.0.8 enable
2022-05-09 13:54:09-log: 设置的 IP 地址不存在，将使用默认 IP
2022-05-09 13:54:11-log: [Im-plugin] No online info of im-plugin.
2022-05-09 13:54:16-warn: Browserslist: caniuse-lite is outdated. Please run:
npx browserslist@latest --update-db

Why you should do it regularly:
https://github.com/browserslist/browserslist#browsers-data-updating
2022-05-09 13:54:16-log: [Scene] Cocos Creator v3.4.2
2022-05-09 13:54:16-info: [Scene] Forward render pipeline initialized.
2022-05-31T05:45:08.545Z - log: [Package] menu@1.0.0 enable
2022-05-31T05:45:08.547Z - log: [Package] profile@1.0.0 enable
2022-05-31T05:45:08.559Z - log: [Package] project@1.0.2 enable
2022-05-31T05:45:08.564Z - log: [Package] messages@1.0.0 enable
2022-05-31T05:45:08.568Z - log: [Package] program@1.0.0 enable
2022-05-31T05:45:08.574Z - log: [Package] tester@1.0.0 enable
2022-05-31T05:45:08.579Z - log: [Package] preferences@1.0.0 enable
2022-05-31T05:45:09.354Z - log: Setup mods mgr.: 340.838ms
2022-05-31T05:45:09.368Z - verbose: [Engine] QuickCompile engine (712ms)
2022-05-31T05:45:09.371Z - log: [Package] engine@1.0.6 enable
2022-05-31T05:45:10.296Z - log: [Package] programming@1.0.0 enable
2022-05-31T05:45:10.605Z - log: [Package] device@1.0.1 enable
2022-05-31T05:45:10.633Z - log: [Package] ui-kit@1.0.1 enable
2022-05-31T05:45:10.656Z - log: [Package] engine-extends@1.0.0 enable
2022-05-31T05:45:10.724Z - log: [Package] asset-db@1.0.0 enable
2022-05-31T05:45:10.786Z - log: [Package] scene@1.0.0 enable
2022-05-31T05:45:11.072Z - log: [Package] server@1.0.0 enable
2022-05-31T05:45:11.114Z - log: [Package] utils@1.0.0 enable
2022-05-31T05:45:15.707Z - log: [Package] preview@1.0.1 enable
2022-05-31T05:45:15.770Z - log: [Package] animator@1.0.0 enable
2022-05-31T05:45:15.975Z - log: 设置的 IP 地址不存在，将使用默认 IP
2022-05-31T05:45:16.978Z - log: [Package] builder@1.3.2 enable
2022-05-31T05:45:17.018Z - log: [Package] shortcuts@1.0.1 enable
2022-05-31T05:45:17.060Z - log: [Package] animation-graph@1.0.0 enable
2022-05-31T05:45:17.085Z - log: [Package] runtime-dev-tools@1.0.0 enable
2022-05-31T05:45:17.116Z - log: [Package] channel-upload-tools@1.0.0 enable
2022-05-31T05:45:17.150Z - log: [Package] about@1.0.0 enable
2022-05-31T05:45:17.182Z - log: [Package] assets@1.0.0 enable
2022-05-31T05:45:17.214Z - log: [Package] console@1.0.0 enable
2022-05-31T05:45:17.496Z - log: [Package] extension@3.0.16 enable
2022-05-31T05:45:17.528Z - log: [Package] hierarchy@1.0.0 enable
2022-05-31T05:45:17.561Z - log: [Package] inspector@1.0.0 enable
2022-05-31T05:45:17.600Z - log: [Package] lightmap@1.0.4 enable
2022-05-31T05:45:17.653Z - log: [Package] node-library@1.0.1 enable
2022-05-31T05:45:17.678Z - log: [Package] package-asset@1.0.0 enable
2022-05-31T05:45:17.714Z - log: [Package] process@1.0.0 enable
2022-05-31T05:45:17.765Z - log: [Package] reference-image@1.0.0 enable
2022-05-31T05:45:17.791Z - log: [Package] alipay-mini-game@1.0.0 enable
2022-05-31T05:45:17.817Z - log: [Package] android@1.0.0 enable
2022-05-31T05:45:17.846Z - log: [Package] baidu-mini-game@1.0.0 enable
2022-05-31T05:45:17.871Z - log: [Package] bytedance-mini-game@1.0.1 enable
2022-05-31T05:45:17.894Z - log: [Package] cocos-play@1.0.0 enable
2022-05-31T05:45:17.921Z - log: [Package] huawei-agc@1.0.0 enable
2022-05-31T05:45:17.947Z - log: [Package] huawei-quick-game@1.0.0 enable
2022-05-31T05:45:19.290Z - log: [Package] ios@1.0.0 enable
2022-05-31T05:45:19.317Z - log: [Package] ios-app-clip@1.0.0 enable
2022-05-31T05:45:19.340Z - log: [Package] link-sure@1.0.0 enable
2022-05-31T05:45:19.367Z - log: [Package] linux@1.0.0 enable
2022-05-31T05:45:19.394Z - log: [Package] mac@1.0.0 enable
2022-05-31T05:45:19.554Z - log: [Package] native@1.0.0 enable
2022-05-31T05:45:19.566Z - verbose: [AssetDB] Require engine code (2804ms)
2022-05-31T05:45:19.590Z - log: [Package] ohos@1.0.0 enable
2022-05-31T05:45:19.625Z - log: [Package] open-harmonyos@1.0.0 enable
2022-05-31T05:45:19.656Z - log: [Package] oppo-mini-game@1.0.0 enable
2022-05-31T05:45:19.682Z - log: [Package] qtt@1.0.0 enable
2022-05-31T05:45:19.714Z - log: [Package] vivo-mini-game@1.0.0 enable
2022-05-31T05:45:19.756Z - log: [Package] web-desktop@1.0.0 enable
2022-05-31T05:45:19.794Z - log: [Package] web-mobile@1.0.0 enable
2022-05-31T05:45:19.832Z - log: [Package] wechatgame@1.0.1 enable
2022-05-31T05:45:19.856Z - log: [Package] windows@1.0.0 enable
2022-05-31T05:45:19.881Z - log: [Package] xiaomi-quick-game@1.0.0 enable
2022-05-31T05:45:20.173Z - log: [Package] cocos-service@3.0.3 enable
2022-05-31T05:45:20.236Z - log: [Package] importer@1.0.0 enable
2022-05-31T05:45:20.919Z - log: [Im-plugin] Check im-plugin version.
2022-05-31T05:45:20.932Z - log: [Package] im-plugin@3.0.8 enable
2022-05-31T05:45:21.788Z - log: [Im-plugin] No online info of im-plugin.
2022-05-31T05:45:22.881Z - log: 设置的 IP 地址不存在，将使用默认 IP
2022-05-31T05:45:35.562Z - verbose: [Scene] Require engine code (0ms)
2022-05-31T05:45:35.563Z - verbose: [Scene] Startup engine (1ms)
2022-05-31T05:45:35.594Z - log: [Scene] Cocos Creator v3.5.0
2022-05-31T05:45:35.927Z - verbose: [Scene] Open engine (364ms)
2022-05-31T05:45:35.927Z - verbose: [Scene] Configure engine (0ms)
2022-05-31T05:45:35.696Z - info: [Scene] Forward render pipeline initialized.
2022-05-31T05:45:55.188Z - warn: Metrics: no valid info
