2022-05-09 13:40:37-log: [Package] menu@1.0.0 enable
2022-05-09 13:40:37-log: [Package] profile@1.0.0 enable
2022-05-09 13:40:37-log: [Package] project@1.0.1 enable
2022-05-09 13:40:37-log: [Package] messages@1.0.0 enable
2022-05-09 13:40:37-log: [Package] program@1.0.0 enable
2022-05-09 13:40:37-log: [Package] device@1.0.1 enable
2022-05-09 13:40:37-log: [Package] ui-kit@1.0.1 enable
2022-05-09 13:40:37-log: [Package] tester@1.0.0 enable
2022-05-09 13:40:37-log: [Package] preferences@1.0.0 enable
2022-05-09 13:40:38-log: Setup mods mgr.: 387.606ms
2022-05-09 13:40:38-log: Profile changed: engine (modules.includeModules: 2d,3d,audio,base,dragon-bones,gfx-webgl,gfx-webgl2,intersection-2d,marionette,particle,particle-2d,physics-2d-box2d,physics-ammo,primitive,profiler,spine,terrain,tiled-map,tween,ui,video,webview)
2022-05-09 13:40:38-log: [Package] engine@1.0.5 enable
2022-05-09 13:40:41-log: [Package] programming@1.0.0 enable
2022-05-09 13:40:41-log: [Package] Profile Migrate: builder@Cocos Creator...
2022-05-09 13:40:41-log: [Package] Profile Migrate: builder@Cocos Creator...
2022-05-09 13:40:42-log: [Package] engine-extends@1.0.0 enable
2022-05-09 13:40:42-log: [Package] asset-db@1.0.0 enable
2022-05-09 13:40:42-log: [Package] console@1.0.0 enable
2022-05-09 13:40:42-log: [Package] scene@1.0.0 enable
2022-05-09 13:40:42-log: [Package] about@1.0.0 enable
2022-05-09 13:40:42-log: [Package] server@1.0.0 enable
2022-05-09 13:40:42-log: [Package] utils@1.0.0 enable
2022-05-09 13:40:42-log: [Package] assets@1.0.0 enable
2022-05-09 13:40:42-log: [Package] inspector@1.0.0 enable
2022-05-09 13:40:42-log: [Package] hierarchy@1.0.0 enable
2022-05-09 13:40:47-log: 设置的 IP 地址不存在，将使用默认 IP
2022-05-09 13:40:49-log: [Package] builder@1.3.1 enable
2022-05-09 13:40:49-log: [Package] node-library@1.0.0 enable
2022-05-09 13:40:49-log: [Package] shortcuts@1.0.1 enable
2022-05-09 13:40:49-log: [Package] package-asset@1.0.0 enable
2022-05-09 13:40:49-log: [Package] reference-image@1.0.0 enable
2022-05-09 13:40:49-log: [Package] animation-graph@1.0.0 enable
2022-05-09 13:40:49-log: [Package] channel-upload-tools@1.0.0 enable
2022-05-09 13:40:49-log: [Package] runtime-dev-tools@1.0.0 enable
2022-05-09 13:40:49-log: [Package] lightmap@1.0.4 enable
2022-05-09 13:40:49-log: [Package] alipay-mini-game@1.0.0 enable
2022-05-09 13:40:49-log: [Package] android@1.0.0 enable
2022-05-09 13:40:49-log: [Package] baidu-mini-game@1.0.0 enable
2022-05-09 13:40:49-log: [Package] bytedance-mini-game@1.0.1 enable
2022-05-09 13:40:49-log: [Package] huawei-agc@1.0.0 enable
2022-05-09 13:40:51-log: [Package] ios@1.0.0 enable
2022-05-09 13:40:51-log: [Package] ios-app-clip@1.0.0 enable
2022-05-09 13:40:52-log: [Package] mac@1.0.0 enable
2022-05-09 13:40:52-log: [Package] native@1.0.0 enable
2022-05-09 13:40:52-log: [Package] ohos@1.0.0 enable
2022-05-09 13:40:52-log: [Package] web-desktop@1.0.0 enable
2022-05-09 13:40:52-log: [Package] web-mobile@1.0.0 enable
2022-05-09 13:40:52-log: [Package] wechatgame@1.0.1 enable
2022-05-09 13:40:52-log: [Package] windows@1.0.0 enable
2022-05-09 13:40:52-log: [Package] xiaomi-quick-game@1.0.0 enable
2022-05-09 13:40:52-log: [Package] cocos-play@1.0.0 enable
2022-05-09 13:40:52-log: [Package] huawei-quick-game@1.0.0 enable
2022-05-09 13:40:52-log: [Package] link-sure@1.0.0 enable
2022-05-09 13:40:52-log: [Package] oppo-mini-game@1.0.0 enable
2022-05-09 13:40:52-log: [Package] qtt@1.0.0 enable
2022-05-09 13:40:52-log: [Package] vivo-mini-game@1.0.0 enable
2022-05-09 13:40:53-log: [Package] cocos-service@3.0.2 enable
2022-05-09 13:40:53-log: [Package] importer@1.0.0 enable
2022-05-09 13:40:53-log: [Package] extension@3.0.15 enable
2022-05-09 13:40:54-log: [Im-plugin] Check im-plugin version.
2022-05-09 13:40:54-log: [Package] im-plugin@3.0.8 enable
2022-05-09 13:40:55-log: 设置的 IP 地址不存在，将使用默认 IP
2022-05-09 13:40:55-log: [Im-plugin] No online info of im-plugin.
2022-05-09 13:41:04-warn: Browserslist: caniuse-lite is outdated. Please run:
npx browserslist@latest --update-db

Why you should do it regularly:
https://github.com/browserslist/browserslist#browsers-data-updating
2022-05-09 13:41:05-log: [Scene] Cocos Creator v3.4.2
2022-05-09 13:41:05-info: [Scene] Forward render pipeline initialized.
2022-05-09 13:41:10-info: [Scene] DragonBones: 5.6.300
Website: http://dragonbones.com/
Source and Demo: https://github.com/DragonBones/
2022-05-09 13:41:10-info: [Scene] DragonBones: 5.6.300
Website: http://dragonbones.com/
Source and Demo: https://github.com/DragonBones/
2022-05-09 13:41:10-info: [Scene] DragonBones: 5.6.300
Website: http://dragonbones.com/
Source and Demo: https://github.com/DragonBones/
2022-05-22T12:54:20.011Z - log: [Package] menu@1.0.0 enable
2022-05-22T12:54:20.014Z - log: [Package] profile@1.0.0 enable
2022-05-22T12:54:20.030Z - log: [Package] project@1.0.2 enable
2022-05-22T12:54:20.037Z - log: [Package] messages@1.0.0 enable
2022-05-22T12:54:20.043Z - log: [Package] program@1.0.0 enable
2022-05-22T12:54:20.049Z - log: [Package] tester@1.0.0 enable
2022-05-22T12:54:20.054Z - log: [Package] preferences@1.0.0 enable
2022-05-22T12:54:20.835Z - log: Setup mods mgr.: 330.963ms
2022-05-22T12:54:20.845Z - verbose: [Engine] QuickCompile engine (719ms)
2022-05-22T12:54:20.849Z - log: [Package] engine@1.0.6 enable
2022-05-22T12:54:21.879Z - log: [Package] programming@1.0.0 enable
2022-05-22T12:54:22.191Z - log: [Package] device@1.0.1 enable
2022-05-22T12:54:22.219Z - log: [Package] ui-kit@1.0.1 enable
2022-05-22T12:54:22.254Z - log: [Package] engine-extends@1.0.0 enable
2022-05-22T12:54:22.338Z - log: [Package] asset-db@1.0.0 enable
2022-05-22T12:54:22.381Z - log: [Package] scene@1.0.0 enable
2022-05-22T12:54:22.657Z - log: [Package] server@1.0.0 enable
2022-05-22T12:54:22.701Z - log: [Package] utils@1.0.0 enable
2022-05-22T12:54:28.046Z - log: [Package] preview@1.0.1 enable
2022-05-22T12:54:28.077Z - log: [Package] animator@1.0.0 enable
2022-05-22T12:54:28.417Z - log: 设置的 IP 地址不存在，将使用默认 IP
2022-05-22T12:54:29.792Z - log: [Package] builder@1.3.2 enable
2022-05-22T12:54:29.841Z - log: [Package] shortcuts@1.0.1 enable
2022-05-22T12:54:29.873Z - log: [Package] animation-graph@1.0.0 enable
2022-05-22T12:54:29.898Z - log: [Package] runtime-dev-tools@1.0.0 enable
2022-05-22T12:54:29.923Z - log: [Package] channel-upload-tools@1.0.0 enable
2022-05-22T12:54:29.960Z - log: [Package] about@1.0.0 enable
2022-05-22T12:54:29.994Z - log: [Package] assets@1.0.0 enable
2022-05-22T12:54:30.028Z - log: [Package] console@1.0.0 enable
2022-05-22T12:54:30.370Z - log: [Package] extension@3.0.16 enable
2022-05-22T12:54:30.408Z - log: [Package] hierarchy@1.0.0 enable
2022-05-22T12:54:30.461Z - log: [Package] inspector@1.0.0 enable
2022-05-22T12:54:30.535Z - log: [Package] lightmap@1.0.4 enable
2022-05-22T12:54:30.664Z - log: [Package] node-library@1.0.1 enable
2022-05-22T12:54:30.721Z - log: [Package] package-asset@1.0.0 enable
2022-05-22T12:54:30.760Z - log: [Package] process@1.0.0 enable
2022-05-22T12:54:30.797Z - log: [Package] reference-image@1.0.0 enable
2022-05-22T12:54:30.821Z - log: [Package] alipay-mini-game@1.0.0 enable
2022-05-22T12:54:30.851Z - log: [Package] android@1.0.0 enable
2022-05-22T12:54:30.878Z - log: [Package] baidu-mini-game@1.0.0 enable
2022-05-22T12:54:30.901Z - log: [Package] bytedance-mini-game@1.0.1 enable
2022-05-22T12:54:30.930Z - log: [Package] cocos-play@1.0.0 enable
2022-05-22T12:54:30.957Z - log: [Package] huawei-agc@1.0.0 enable
2022-05-22T12:54:30.985Z - log: [Package] huawei-quick-game@1.0.0 enable
2022-05-22T12:54:32.457Z - log: [Package] ios@1.0.0 enable
2022-05-22T12:54:32.484Z - log: [Package] ios-app-clip@1.0.0 enable
2022-05-22T12:54:32.509Z - log: [Package] link-sure@1.0.0 enable
2022-05-22T12:54:32.537Z - log: [Package] linux@1.0.0 enable
2022-05-22T12:54:32.560Z - log: [Package] mac@1.0.0 enable
2022-05-22T12:54:32.763Z - log: [Package] native@1.0.0 enable
2022-05-22T12:54:32.766Z - verbose: [AssetDB] Require engine code (3150ms)
2022-05-22T12:54:32.789Z - log: [Package] ohos@1.0.0 enable
2022-05-22T12:54:32.818Z - log: [Package] open-harmonyos@1.0.0 enable
2022-05-22T12:54:32.844Z - log: [Package] oppo-mini-game@1.0.0 enable
2022-05-22T12:54:32.868Z - log: [Package] qtt@1.0.0 enable
2022-05-22T12:54:32.895Z - log: [Package] vivo-mini-game@1.0.0 enable
2022-05-22T12:54:32.939Z - log: [Package] web-desktop@1.0.0 enable
2022-05-22T12:54:33.026Z - log: [Package] web-mobile@1.0.0 enable
2022-05-22T12:54:33.088Z - log: [Package] wechatgame@1.0.1 enable
2022-05-22T12:54:33.123Z - log: [Package] windows@1.0.0 enable
2022-05-22T12:54:33.147Z - log: [Package] xiaomi-quick-game@1.0.0 enable
2022-05-22T12:54:33.652Z - log: [Package] cocos-service@3.0.3 enable
2022-05-22T12:54:33.696Z - log: [Package] importer@1.0.0 enable
2022-05-22T12:54:34.164Z - log: [Im-plugin] Check im-plugin version.
2022-05-22T12:54:34.186Z - log: [Package] im-plugin@3.0.8 enable
2022-05-22T12:54:34.966Z - log: [Im-plugin] No online info of im-plugin.
2022-05-22T12:54:35.866Z - log: 设置的 IP 地址不存在，将使用默认 IP
2022-05-22T12:54:49.170Z - verbose: [Scene] Require engine code (0ms)
2022-05-22T12:54:49.171Z - verbose: [Scene] Startup engine (0ms)
2022-05-22T12:54:49.244Z - log: [Scene] Cocos Creator v3.5.0
2022-05-22T12:54:49.590Z - verbose: [Scene] Open engine (419ms)
2022-05-22T12:54:49.591Z - verbose: [Scene] Configure engine (0ms)
2022-05-22T12:54:49.345Z - info: [Scene] Forward render pipeline initialized.
2022-05-22T12:54:50.369Z - info: [Scene] DragonBones: 5.6.300
Website: http://dragonbones.com/
Source and Demo: https://github.com/DragonBones/
2022-05-22T12:54:50.468Z - info: [Scene] DragonBones: 5.6.300
Website: http://dragonbones.com/
Source and Demo: https://github.com/DragonBones/
2022-05-22T12:54:50.472Z - info: [Scene] DragonBones: 5.6.300
Website: http://dragonbones.com/
Source and Demo: https://github.com/DragonBones/
2022-05-22T12:56:10.826Z - info: [Scene] DragonBones: 5.6.300
Website: http://dragonbones.com/
Source and Demo: https://github.com/DragonBones/
2022-05-22T12:56:10.865Z - info: [Scene] DragonBones: 5.6.300
Website: http://dragonbones.com/
Source and Demo: https://github.com/DragonBones/
2022-05-22T12:56:24.736Z - warn: Metrics: no valid info
