2022-04-08 16:07:37-log: [Package] menu@1.0.0 enable
2022-04-08 16:07:37-log: [Package] profile@1.0.0 enable
2022-04-08 16:07:37-log: [Package] project@1.0.1 enable
2022-04-08 16:07:37-log: [Package] messages@1.0.0 enable
2022-04-08 16:07:37-log: [Package] program@1.0.0 enable
2022-04-08 16:07:37-log: [Package] device@1.0.1 enable
2022-04-08 16:07:37-log: [Package] ui-kit@1.0.1 enable
2022-04-08 16:07:37-log: [Package] tester@1.0.0 enable
2022-04-08 16:07:37-log: [Package] preferences@1.0.0 enable
2022-04-08 16:07:38-log: Setup mods mgr.: 422.685ms
2022-04-08 16:07:38-log: Profile changed: engine (modules.includeModules: 2d,3d,audio,base,dragon-bones,gfx-webgl,gfx-webgl2,intersection-2d,marionette,particle,particle-2d,physics-2d-box2d,physics-ammo,primitive,profiler,spine,terrain,tiled-map,tween,ui,video,webview)
2022-04-08 16:07:38-log: [Package] engine@1.0.5 enable
2022-04-08 16:07:42-log: [Package] programming@1.0.0 enable
2022-04-08 16:07:42-log: [Package] engine-extends@1.0.0 enable
2022-04-08 16:07:42-log: [Package] asset-db@1.0.0 enable
2022-04-08 16:07:42-log: [Package] console@1.0.0 enable
2022-04-08 16:07:42-log: [Package] scene@1.0.0 enable
2022-04-08 16:07:42-log: [Package] about@1.0.0 enable
2022-04-08 16:07:42-log: [Package] server@1.0.0 enable
2022-04-08 16:07:42-log: [Package] utils@1.0.0 enable
2022-04-08 16:07:42-log: [Package] assets@1.0.0 enable
2022-04-08 16:07:43-log: [Package] inspector@1.0.0 enable
2022-04-08 16:07:43-log: [Package] hierarchy@1.0.0 enable
2022-04-08 16:07:45-log: [Package] preview@1.0.1 enable
2022-04-08 16:07:45-log: [Package] animator@1.0.0 enable
2022-04-08 16:07:45-log: 设置的 IP 地址不存在，将使用默认 IP
2022-04-08 16:07:47-log: [Package] builder@1.3.1 enable
2022-04-08 16:07:47-log: [Package] node-library@1.0.0 enable
2022-04-08 16:07:47-log: [Package] shortcuts@1.0.1 enable
2022-04-08 16:07:47-log: [Package] package-asset@1.0.0 enable
2022-04-08 16:07:47-log: [Package] reference-image@1.0.0 enable
2022-04-08 16:07:47-log: [Package] animation-graph@1.0.0 enable
2022-04-08 16:07:47-log: [Package] channel-upload-tools@1.0.0 enable
2022-04-08 16:07:47-log: [Package] runtime-dev-tools@1.0.0 enable
2022-04-08 16:07:47-log: [Package] lightmap@1.0.4 enable
2022-04-08 16:07:47-log: [Package] alipay-mini-game@1.0.0 enable
2022-04-08 16:07:47-log: [Package] android@1.0.0 enable
2022-04-08 16:07:47-log: [Package] baidu-mini-game@1.0.0 enable
2022-04-08 16:07:47-log: [Package] bytedance-mini-game@1.0.1 enable
2022-04-08 16:07:48-log: [Package] huawei-agc@1.0.0 enable
2022-04-08 16:07:54-log: [Package] ios@1.0.0 enable
2022-04-08 16:07:54-log: [Package] ios-app-clip@1.0.0 enable
2022-04-08 16:07:54-log: [Package] mac@1.0.0 enable
2022-04-08 16:07:54-log: [Package] native@1.0.0 enable
2022-04-08 16:07:54-log: [Package] ohos@1.0.0 enable
2022-04-08 16:07:54-log: [Package] web-desktop@1.0.0 enable
2022-04-08 16:07:54-log: [Package] web-mobile@1.0.0 enable
2022-04-08 16:07:54-log: [Package] wechatgame@1.0.1 enable
2022-04-08 16:07:54-log: [Package] windows@1.0.0 enable
2022-04-08 16:07:54-log: [Package] xiaomi-quick-game@1.0.0 enable
2022-04-08 16:07:54-log: [Package] cocos-play@1.0.0 enable
2022-04-08 16:07:54-log: [Package] huawei-quick-game@1.0.0 enable
2022-04-08 16:07:54-log: [Package] link-sure@1.0.0 enable
2022-04-08 16:07:54-log: [Package] oppo-mini-game@1.0.0 enable
2022-04-08 16:07:55-log: [Package] qtt@1.0.0 enable
2022-04-08 16:07:55-log: [Package] vivo-mini-game@1.0.0 enable
2022-04-08 16:07:55-log: [Package] cocos-service@3.0.2 enable
2022-04-08 16:07:55-log: [Package] importer@1.0.0 enable
2022-04-08 16:07:56-log: [Package] extension@3.0.15 enable
2022-04-08 16:07:56-log: [Im-plugin] Check im-plugin version.
2022-04-08 16:07:56-error: init failed, cannot get session id
2022-04-08 16:07:56-log: [Package] im-plugin@3.0.8 enable
2022-04-08 16:07:57-log: 设置的 IP 地址不存在，将使用默认 IP
2022-04-08 16:07:57-log: [Im-plugin] No online info of im-plugin.
2022-04-08 16:07:58-error: [Window] { status: 405, msg: 'Missing Session ID', path: 'session/code' }
2022-04-08 16:08:09-warn: Browserslist: caniuse-lite is outdated. Please run:
npx browserslist@latest --update-db

Why you should do it regularly:
https://github.com/browserslist/browserslist#browsers-data-updating
2022-04-08 16:08:09-log: [Scene] Cocos Creator v3.4.2
2022-04-08 16:08:10-info: [Scene] Forward render pipeline initialized.
2022-06-01T08:01:08.440Z - log: [Package] menu@1.0.0 enable
2022-06-01T08:01:08.443Z - log: [Package] profile@1.0.0 enable
2022-06-01T08:01:08.457Z - log: [Package] project@1.0.2 enable
2022-06-01T08:01:08.463Z - log: [Package] messages@1.0.0 enable
2022-06-01T08:01:08.468Z - log: [Package] program@1.0.0 enable
2022-06-01T08:01:08.476Z - log: [Package] tester@1.0.0 enable
2022-06-01T08:01:08.481Z - log: [Package] preferences@1.0.0 enable
2022-06-01T08:01:09.324Z - log: Setup mods mgr.: 341.073ms
2022-06-01T08:01:09.328Z - log: Profile changed: engine (modules.includeModules: 2d,3d,animation,audio,base,dragon-bones,gfx-webgl,gfx-webgl2,intersection-2d,marionette,particle,particle-2d,physics-2d-box2d,physics-ammo,primitive,profiler,skeletal-animation,spine,terrain,tiled-map,tween,ui,video,webview)
2022-06-01T08:01:09.342Z - verbose: [Engine] QuickCompile engine (786ms)
2022-06-01T08:01:09.346Z - log: [Package] engine@1.0.6 enable
2022-06-01T08:01:10.212Z - log: [Package] programming@1.0.0 enable
2022-06-01T08:01:10.540Z - log: [Package] device@1.0.1 enable
2022-06-01T08:01:10.570Z - log: [Package] ui-kit@1.0.1 enable
2022-06-01T08:01:10.594Z - log: [Package] engine-extends@1.0.0 enable
2022-06-01T08:01:10.668Z - log: [Package] asset-db@1.0.0 enable
2022-06-01T08:01:10.714Z - log: [Package] scene@1.0.0 enable
2022-06-01T08:01:11.045Z - log: [Package] server@1.0.0 enable
2022-06-01T08:01:11.099Z - log: [Package] utils@1.0.0 enable
2022-06-01T08:01:16.238Z - log: [Package] preview@1.0.1 enable
2022-06-01T08:01:16.271Z - log: [Package] animator@1.0.0 enable
2022-06-01T08:01:16.470Z - log: 设置的 IP 地址不存在，将使用默认 IP
2022-06-01T08:01:17.629Z - log: [Package] builder@1.3.2 enable
2022-06-01T08:01:17.665Z - log: [Package] shortcuts@1.0.1 enable
2022-06-01T08:01:17.699Z - log: [Package] animation-graph@1.0.0 enable
2022-06-01T08:01:17.721Z - log: [Package] runtime-dev-tools@1.0.0 enable
2022-06-01T08:01:17.749Z - log: [Package] channel-upload-tools@1.0.0 enable
2022-06-01T08:01:17.784Z - log: [Package] about@1.0.0 enable
2022-06-01T08:01:17.821Z - log: [Package] assets@1.0.0 enable
2022-06-01T08:01:17.862Z - log: [Package] console@1.0.0 enable
2022-06-01T08:01:18.117Z - log: [Package] extension@3.0.16 enable
2022-06-01T08:01:18.168Z - log: [Package] hierarchy@1.0.0 enable
2022-06-01T08:01:18.212Z - log: [Package] inspector@1.0.0 enable
2022-06-01T08:01:18.249Z - log: [Package] lightmap@1.0.4 enable
2022-06-01T08:01:18.306Z - log: [Package] node-library@1.0.1 enable
2022-06-01T08:01:18.344Z - log: [Package] package-asset@1.0.0 enable
2022-06-01T08:01:18.411Z - log: [Package] process@1.0.0 enable
2022-06-01T08:01:18.456Z - log: [Package] reference-image@1.0.0 enable
2022-06-01T08:01:18.484Z - log: [Package] alipay-mini-game@1.0.0 enable
2022-06-01T08:01:18.513Z - log: [Package] android@1.0.0 enable
2022-06-01T08:01:18.541Z - log: [Package] baidu-mini-game@1.0.0 enable
2022-06-01T08:01:18.567Z - log: [Package] bytedance-mini-game@1.0.1 enable
2022-06-01T08:01:18.594Z - log: [Package] cocos-play@1.0.0 enable
2022-06-01T08:01:18.621Z - log: [Package] huawei-agc@1.0.0 enable
2022-06-01T08:01:18.646Z - log: [Package] huawei-quick-game@1.0.0 enable
2022-06-01T08:01:20.143Z - log: [Package] ios@1.0.0 enable
2022-06-01T08:01:20.174Z - log: [Package] ios-app-clip@1.0.0 enable
2022-06-01T08:01:20.197Z - log: [Package] link-sure@1.0.0 enable
2022-06-01T08:01:20.227Z - log: [Package] linux@1.0.0 enable
2022-06-01T08:01:20.256Z - log: [Package] mac@1.0.0 enable
2022-06-01T08:01:20.398Z - log: [Package] native@1.0.0 enable
2022-06-01T08:01:20.425Z - log: [Package] ohos@1.0.0 enable
2022-06-01T08:01:20.449Z - log: [Package] open-harmonyos@1.0.0 enable
2022-06-01T08:01:20.458Z - verbose: [AssetDB] Require engine code (3131ms)
2022-06-01T08:01:20.479Z - log: [Package] oppo-mini-game@1.0.0 enable
2022-06-01T08:01:20.520Z - log: [Package] qtt@1.0.0 enable
2022-06-01T08:01:20.563Z - log: [Package] vivo-mini-game@1.0.0 enable
2022-06-01T08:01:20.650Z - log: [Package] web-desktop@1.0.0 enable
2022-06-01T08:01:20.702Z - log: [Package] web-mobile@1.0.0 enable
2022-06-01T08:01:20.811Z - log: [Package] wechatgame@1.0.1 enable
2022-06-01T08:01:20.890Z - log: [Package] windows@1.0.0 enable
2022-06-01T08:01:20.916Z - log: [Package] xiaomi-quick-game@1.0.0 enable
2022-06-01T08:01:21.360Z - log: [Package] cocos-service@3.0.3 enable
2022-06-01T08:01:21.403Z - log: [Package] importer@1.0.0 enable
2022-06-01T08:01:21.941Z - log: [Im-plugin] Check im-plugin version.
2022-06-01T08:01:22.062Z - log: [Package] im-plugin@3.0.8 enable
2022-06-01T08:01:23.285Z - log: [Im-plugin] No online info of im-plugin.
2022-06-01T08:01:23.620Z - log: 设置的 IP 地址不存在，将使用默认 IP
2022-06-01T08:01:40.297Z - verbose: [Scene] Require engine code (1ms)
2022-06-01T08:01:40.302Z - verbose: [Scene] Startup engine (2ms)
2022-06-01T08:01:40.347Z - log: [Scene] Cocos Creator v3.5.0
2022-06-01T08:01:40.708Z - verbose: [Scene] Open engine (405ms)
2022-06-01T08:01:40.708Z - verbose: [Scene] Configure engine (0ms)
2022-06-01T08:01:40.464Z - info: [Scene] Forward render pipeline initialized.
2022-06-01T08:02:53.137Z - warn: Metrics: no valid info
2022-06-10T01:30:48.332Z - log: [Package] menu@1.0.0 enable
2022-06-10T01:30:48.335Z - log: [Package] profile@1.0.0 enable
2022-06-10T01:30:48.346Z - log: [Package] project@1.0.2 enable
2022-06-10T01:30:48.352Z - log: [Package] messages@1.0.0 enable
2022-06-10T01:30:48.355Z - log: [Package] program@1.0.0 enable
2022-06-10T01:30:48.361Z - log: [Package] tester@1.0.0 enable
2022-06-10T01:30:48.367Z - log: [Package] preferences@1.0.0 enable
2022-06-10T01:30:49.179Z - log: Setup mods mgr.: 327.971ms
2022-06-10T01:30:49.183Z - log: Profile changed: engine (modules.includeModules: 2d,3d,animation,audio,base,dragon-bones,gfx-webgl,gfx-webgl2,intersection-2d,marionette,particle,particle-2d,physics-2d-box2d,physics-ammo,primitive,profiler,skeletal-animation,spine,terrain,tiled-map,tween,ui,video,webview)
2022-06-10T01:30:49.190Z - verbose: [Engine] QuickCompile engine (754ms)
2022-06-10T01:30:49.194Z - log: [Package] engine@1.0.6 enable
2022-06-10T01:30:50.025Z - log: [Package] programming@1.0.0 enable
2022-06-10T01:30:50.349Z - log: [Package] device@1.0.1 enable
2022-06-10T01:30:50.382Z - log: [Package] ui-kit@1.0.1 enable
2022-06-10T01:30:50.414Z - log: [Package] engine-extends@1.0.0 enable
2022-06-10T01:30:50.482Z - log: [Package] asset-db@1.0.0 enable
2022-06-10T01:30:50.522Z - log: [Package] scene@1.0.0 enable
2022-06-10T01:30:50.778Z - log: [Package] server@1.0.0 enable
2022-06-10T01:30:50.818Z - log: [Package] utils@1.0.0 enable
2022-06-10T01:30:55.828Z - log: [Package] preview@1.0.1 enable
2022-06-10T01:30:55.863Z - log: [Package] animator@1.0.0 enable
2022-06-10T01:30:56.043Z - log: 设置的 IP 地址不存在，将使用默认 IP
2022-06-10T01:30:56.979Z - log: [Package] builder@1.3.2 enable
2022-06-10T01:30:57.013Z - log: [Package] shortcuts@1.0.1 enable
2022-06-10T01:30:57.048Z - log: [Package] animation-graph@1.0.0 enable
2022-06-10T01:30:57.069Z - log: [Package] runtime-dev-tools@1.0.0 enable
2022-06-10T01:30:57.093Z - log: [Package] channel-upload-tools@1.0.0 enable
2022-06-10T01:30:57.126Z - log: [Package] about@1.0.0 enable
2022-06-10T01:30:57.163Z - log: [Package] assets@1.0.0 enable
2022-06-10T01:30:57.199Z - log: [Package] console@1.0.0 enable
2022-06-10T01:30:57.446Z - log: [Package] extension@3.0.16 enable
2022-06-10T01:30:57.515Z - log: [Package] hierarchy@1.0.0 enable
2022-06-10T01:30:57.585Z - log: [Package] inspector@1.0.0 enable
2022-06-10T01:30:57.627Z - log: [Package] lightmap@1.0.4 enable
2022-06-10T01:30:57.717Z - log: [Package] node-library@1.0.1 enable
2022-06-10T01:30:57.769Z - log: [Package] package-asset@1.0.0 enable
2022-06-10T01:30:57.807Z - log: [Package] process@1.0.0 enable
2022-06-10T01:30:57.846Z - log: [Package] reference-image@1.0.0 enable
2022-06-10T01:30:57.876Z - log: [Package] alipay-mini-game@1.0.0 enable
2022-06-10T01:30:57.903Z - log: [Package] android@1.0.0 enable
2022-06-10T01:30:57.928Z - log: [Package] baidu-mini-game@1.0.0 enable
2022-06-10T01:30:57.953Z - log: [Package] bytedance-mini-game@1.0.1 enable
2022-06-10T01:30:57.981Z - log: [Package] cocos-play@1.0.0 enable
2022-06-10T01:30:58.012Z - log: [Package] huawei-agc@1.0.0 enable
2022-06-10T01:30:58.039Z - log: [Package] huawei-quick-game@1.0.0 enable
2022-06-10T01:30:59.523Z - log: [Package] ios@1.0.0 enable
2022-06-10T01:30:59.548Z - log: [Package] ios-app-clip@1.0.0 enable
2022-06-10T01:30:59.573Z - log: [Package] link-sure@1.0.0 enable
2022-06-10T01:30:59.601Z - log: [Package] linux@1.0.0 enable
2022-06-10T01:30:59.629Z - log: [Package] mac@1.0.0 enable
2022-06-10T01:30:59.770Z - log: [Package] native@1.0.0 enable
2022-06-10T01:30:59.773Z - verbose: [AssetDB] Require engine code (3024ms)
2022-06-10T01:30:59.805Z - log: [Package] ohos@1.0.0 enable
2022-06-10T01:30:59.847Z - log: [Package] open-harmonyos@1.0.0 enable
2022-06-10T01:30:59.888Z - log: [Package] oppo-mini-game@1.0.0 enable
2022-06-10T01:30:59.928Z - log: [Package] qtt@1.0.0 enable
2022-06-10T01:30:59.963Z - log: [Package] vivo-mini-game@1.0.0 enable
2022-06-10T01:31:00.008Z - log: [Package] web-desktop@1.0.0 enable
2022-06-10T01:31:00.054Z - log: [Package] web-mobile@1.0.0 enable
2022-06-10T01:31:00.098Z - log: [Package] wechatgame@1.0.1 enable
2022-06-10T01:31:00.127Z - log: [Package] windows@1.0.0 enable
2022-06-10T01:31:00.156Z - log: [Package] xiaomi-quick-game@1.0.0 enable
2022-06-10T01:31:00.630Z - log: [Package] cocos-service@3.0.3 enable
2022-06-10T01:31:00.673Z - log: [Package] importer@1.0.0 enable
2022-06-10T01:31:01.004Z - log: [Im-plugin] Check im-plugin version.
2022-06-10T01:31:01.023Z - log: [Package] im-plugin@3.0.8 enable
2022-06-10T01:31:02.009Z - log: [Im-plugin] No online info of im-plugin.
2022-06-10T01:31:02.429Z - log: 设置的 IP 地址不存在，将使用默认 IP
2022-06-10T01:31:17.037Z - verbose: [Scene] Require engine code (1ms)
2022-06-10T01:31:17.038Z - verbose: [Scene] Startup engine (1ms)
2022-06-10T01:31:17.074Z - log: [Scene] Cocos Creator v3.5.1
2022-06-10T01:31:17.430Z - verbose: [Scene] Open engine (392ms)
2022-06-10T01:31:17.430Z - verbose: [Scene] Configure engine (0ms)
2022-06-10T01:31:17.177Z - info: [Scene] Forward render pipeline initialized.
2022-06-10T01:34:46.085Z - log: 设置的 IP 地址不存在，将使用默认 IP
2022-06-10T01:34:46.433Z - log: 设置的 IP 地址不存在，将使用默认 IP
2022-06-10T01:34:54.341Z - warn: Metrics: no valid info
