debug: Sun, 22 May 2022 08:55:33 GMT
debug: Project: /Users/mu/work/gitee/cocos-creator-how-to-use/proj/Model/Creator3.5.0_3D_CreateMesh
debug: Targets: editor,preview
debug: Packer deriver version file lost or format incorrect: Error: ENOENT: no such file or directory, open '/Users/mu/work/gitee/cocos-creator-how-to-use/proj/Model/Creator3.5.0_3D_CreateMesh/temp/programming/packer-driver/VERSION'
debug: Clearing out the targets...
debug: Engine path: /Applications/CocosCreator/Creator/3.5.0/CocosCreator.app/Contents/Resources/resources/3d/engine
debug: Initializing target [Editor]
debug: Loading cache
debug: Record file loaded failed with error: Error: ENOENT: no such file or directory, open '/Users/mu/work/gitee/cocos-creator-how-to-use/proj/Model/Creator3.5.0_3D_CreateMesh/temp/programming/packer-driver/targets/editor/main-record.json'
debug: Loading cache costs 0.40378599986433983ms.
debug: Engine features shipped in editor: base,gfx-webgl,gfx-webgl2,3d,animation,skeletal-animation,2d,ui,particle,particle-2d,physics-framework,physics-2d-framework,intersection-2d,primitive,profiler,audio,video,terrain,webview,tween,tiled-map,spine,dragon-bones,marionette
debug: Initializing target [Preview]
debug: Loading cache
debug: Record file loaded failed with error: Error: ENOENT: no such file or directory, open '/Users/mu/work/gitee/cocos-creator-how-to-use/proj/Model/Creator3.5.0_3D_CreateMesh/temp/programming/packer-driver/targets/preview/main-record.json'
debug: Loading cache costs 0.347461000084877ms.
debug: Sync engine features: 2d,3d,animation,audio,base,dragon-bones,gfx-webgl,gfx-webgl2,intersection-2d,marionette,particle,particle-2d,physics-2d-box2d,physics-ammo,primitive,profiler,skeletal-animation,spine,terrain,tiled-map,tween,ui,video,webview
debug: Pulling asset-db.
debug: Fetch asset-db cost: 19.158368999138474ms.
debug: Build iteration starts.
Number of accumulated asset changes: 6
Feature changed: false
debug: Target(editor) build started.
debug: Inspect cce:/internal/x/cc
debug: Resolve cce:/internal/x/cc-fu/base from cce:/internal/x/cc as external dependency cce:/internal/x/cc-fu/base.
debug: Resolve cce:/internal/x/cc-fu/gfx-webgl from cce:/internal/x/cc as external dependency cce:/internal/x/cc-fu/gfx-webgl.
debug: Resolve cce:/internal/x/cc-fu/gfx-webgl2 from cce:/internal/x/cc as external dependency cce:/internal/x/cc-fu/gfx-webgl2.
debug: Resolve cce:/internal/x/cc-fu/3d from cce:/internal/x/cc as external dependency cce:/internal/x/cc-fu/3d.
debug: Resolve cce:/internal/x/cc-fu/animation from cce:/internal/x/cc as external dependency cce:/internal/x/cc-fu/animation.
debug: Resolve cce:/internal/x/cc-fu/skeletal-animation from cce:/internal/x/cc as external dependency cce:/internal/x/cc-fu/skeletal-animation.
debug: Resolve cce:/internal/x/cc-fu/2d from cce:/internal/x/cc as external dependency cce:/internal/x/cc-fu/2d.
debug: Resolve cce:/internal/x/cc-fu/ui from cce:/internal/x/cc as external dependency cce:/internal/x/cc-fu/ui.
debug: Resolve cce:/internal/x/cc-fu/particle from cce:/internal/x/cc as external dependency cce:/internal/x/cc-fu/particle.
debug: Resolve cce:/internal/x/cc-fu/particle-2d from cce:/internal/x/cc as external dependency cce:/internal/x/cc-fu/particle-2d.
debug: Resolve cce:/internal/x/cc-fu/physics-framework from cce:/internal/x/cc as external dependency cce:/internal/x/cc-fu/physics-framework.
debug: Resolve cce:/internal/x/cc-fu/physics-2d-framework from cce:/internal/x/cc as external dependency cce:/internal/x/cc-fu/physics-2d-framework.
debug: Resolve cce:/internal/x/cc-fu/intersection-2d from cce:/internal/x/cc as external dependency cce:/internal/x/cc-fu/intersection-2d.
debug: Resolve cce:/internal/x/cc-fu/primitive from cce:/internal/x/cc as external dependency cce:/internal/x/cc-fu/primitive.
debug: Resolve cce:/internal/x/cc-fu/profiler from cce:/internal/x/cc as external dependency cce:/internal/x/cc-fu/profiler.
debug: Resolve cce:/internal/x/cc-fu/audio from cce:/internal/x/cc as external dependency cce:/internal/x/cc-fu/audio.
debug: Resolve cce:/internal/x/cc-fu/video from cce:/internal/x/cc as external dependency cce:/internal/x/cc-fu/video.
debug: Resolve cce:/internal/x/cc-fu/terrain from cce:/internal/x/cc as external dependency cce:/internal/x/cc-fu/terrain.
debug: Resolve cce:/internal/x/cc-fu/webview from cce:/internal/x/cc as external dependency cce:/internal/x/cc-fu/webview.
debug: Resolve cce:/internal/x/cc-fu/tween from cce:/internal/x/cc as external dependency cce:/internal/x/cc-fu/tween.
debug: Resolve cce:/internal/x/cc-fu/tiled-map from cce:/internal/x/cc as external dependency cce:/internal/x/cc-fu/tiled-map.
debug: Resolve cce:/internal/x/cc-fu/spine from cce:/internal/x/cc as external dependency cce:/internal/x/cc-fu/spine.
debug: Resolve cce:/internal/x/cc-fu/dragon-bones from cce:/internal/x/cc as external dependency cce:/internal/x/cc-fu/dragon-bones.
debug: Inspect cce:/internal/x/prerequisite-imports
debug: Resolve file:///Users/mu/work/gitee/cocos-creator-how-to-use/proj/Model/Creator3.5.0_3D_CreateMesh/assets/EditableGeometry/EditableCapsule.ts from cce:/internal/x/prerequisite-imports as file:///Users/mu/work/gitee/cocos-creator-how-to-use/proj/Model/Creator3.5.0_3D_CreateMesh/assets/EditableGeometry/EditableCapsule.ts.
debug: Inspect file:///Users/mu/work/gitee/cocos-creator-how-to-use/proj/Model/Creator3.5.0_3D_CreateMesh/assets/EditableGeometry/EditableCapsule.ts
debug: Resolve cc from file:///Users/mu/work/gitee/cocos-creator-how-to-use/proj/Model/Creator3.5.0_3D_CreateMesh/assets/EditableGeometry/EditableCapsule.ts as cce:/internal/x/cc.
debug: Resolve cc from file:///Users/mu/work/gitee/cocos-creator-how-to-use/proj/Model/Creator3.5.0_3D_CreateMesh/assets/EditableGeometry/EditableCapsule.ts as cce:/internal/x/cc.
debug: Resolve file:///Users/mu/work/gitee/cocos-creator-how-to-use/proj/Model/Creator3.5.0_3D_CreateMesh/assets/EditableGeometry/EditableCone.ts from cce:/internal/x/prerequisite-imports as file:///Users/mu/work/gitee/cocos-creator-how-to-use/proj/Model/Creator3.5.0_3D_CreateMesh/assets/EditableGeometry/EditableCone.ts.
debug: Inspect file:///Users/mu/work/gitee/cocos-creator-how-to-use/proj/Model/Creator3.5.0_3D_CreateMesh/assets/EditableGeometry/EditableCone.ts
debug: Resolve cc from file:///Users/mu/work/gitee/cocos-creator-how-to-use/proj/Model/Creator3.5.0_3D_CreateMesh/assets/EditableGeometry/EditableCone.ts as cce:/internal/x/cc.
debug: Resolve cc from file:///Users/mu/work/gitee/cocos-creator-how-to-use/proj/Model/Creator3.5.0_3D_CreateMesh/assets/EditableGeometry/EditableCone.ts as cce:/internal/x/cc.
debug: Resolve file:///Users/mu/work/gitee/cocos-creator-how-to-use/proj/Model/Creator3.5.0_3D_CreateMesh/assets/EditableGeometry/EditableCube.ts from cce:/internal/x/prerequisite-imports as file:///Users/mu/work/gitee/cocos-creator-how-to-use/proj/Model/Creator3.5.0_3D_CreateMesh/assets/EditableGeometry/EditableCube.ts.
debug: Inspect file:///Users/mu/work/gitee/cocos-creator-how-to-use/proj/Model/Creator3.5.0_3D_CreateMesh/assets/EditableGeometry/EditableCube.ts
debug: Resolve cc from file:///Users/mu/work/gitee/cocos-creator-how-to-use/proj/Model/Creator3.5.0_3D_CreateMesh/assets/EditableGeometry/EditableCube.ts as cce:/internal/x/cc.
debug: Resolve cc from file:///Users/mu/work/gitee/cocos-creator-how-to-use/proj/Model/Creator3.5.0_3D_CreateMesh/assets/EditableGeometry/EditableCube.ts as cce:/internal/x/cc.
debug: Resolve file:///Users/mu/work/gitee/cocos-creator-how-to-use/proj/Model/Creator3.5.0_3D_CreateMesh/assets/EditableGeometry/EditableCylinder.ts from cce:/internal/x/prerequisite-imports as file:///Users/mu/work/gitee/cocos-creator-how-to-use/proj/Model/Creator3.5.0_3D_CreateMesh/assets/EditableGeometry/EditableCylinder.ts.
debug: Inspect file:///Users/mu/work/gitee/cocos-creator-how-to-use/proj/Model/Creator3.5.0_3D_CreateMesh/assets/EditableGeometry/EditableCylinder.ts
debug: Resolve cc from file:///Users/mu/work/gitee/cocos-creator-how-to-use/proj/Model/Creator3.5.0_3D_CreateMesh/assets/EditableGeometry/EditableCylinder.ts as cce:/internal/x/cc.
debug: Resolve cc from file:///Users/mu/work/gitee/cocos-creator-how-to-use/proj/Model/Creator3.5.0_3D_CreateMesh/assets/EditableGeometry/EditableCylinder.ts as cce:/internal/x/cc.
debug: Resolve file:///Users/mu/work/gitee/cocos-creator-how-to-use/proj/Model/Creator3.5.0_3D_CreateMesh/assets/EditableGeometry/EditableSphere.ts from cce:/internal/x/prerequisite-imports as file:///Users/mu/work/gitee/cocos-creator-how-to-use/proj/Model/Creator3.5.0_3D_CreateMesh/assets/EditableGeometry/EditableSphere.ts.
debug: Inspect file:///Users/mu/work/gitee/cocos-creator-how-to-use/proj/Model/Creator3.5.0_3D_CreateMesh/assets/EditableGeometry/EditableSphere.ts
debug: Resolve cc from file:///Users/mu/work/gitee/cocos-creator-how-to-use/proj/Model/Creator3.5.0_3D_CreateMesh/assets/EditableGeometry/EditableSphere.ts as cce:/internal/x/cc.
debug: Resolve cc from file:///Users/mu/work/gitee/cocos-creator-how-to-use/proj/Model/Creator3.5.0_3D_CreateMesh/assets/EditableGeometry/EditableSphere.ts as cce:/internal/x/cc.
debug: Resolve file:///Users/mu/work/gitee/cocos-creator-how-to-use/proj/Model/Creator3.5.0_3D_CreateMesh/assets/EditableGeometry/EditableTorus.ts from cce:/internal/x/prerequisite-imports as file:///Users/mu/work/gitee/cocos-creator-how-to-use/proj/Model/Creator3.5.0_3D_CreateMesh/assets/EditableGeometry/EditableTorus.ts.
debug: Inspect file:///Users/mu/work/gitee/cocos-creator-how-to-use/proj/Model/Creator3.5.0_3D_CreateMesh/assets/EditableGeometry/EditableTorus.ts
debug: Resolve cc from file:///Users/mu/work/gitee/cocos-creator-how-to-use/proj/Model/Creator3.5.0_3D_CreateMesh/assets/EditableGeometry/EditableTorus.ts as cce:/internal/x/cc.
debug: Resolve cc from file:///Users/mu/work/gitee/cocos-creator-how-to-use/proj/Model/Creator3.5.0_3D_CreateMesh/assets/EditableGeometry/EditableTorus.ts as cce:/internal/x/cc.
debug: Target(editor) ends with cost 1087.953564999625ms.
debug: Target(preview) build started.
debug: Inspect cce:/internal/x/cc
debug: Resolve cce:/internal/x/cc-fu/2d from cce:/internal/x/cc as external dependency cce:/internal/x/cc-fu/2d.
debug: Resolve cce:/internal/x/cc-fu/3d from cce:/internal/x/cc as external dependency cce:/internal/x/cc-fu/3d.
debug: Resolve cce:/internal/x/cc-fu/animation from cce:/internal/x/cc as external dependency cce:/internal/x/cc-fu/animation.
debug: Resolve cce:/internal/x/cc-fu/audio from cce:/internal/x/cc as external dependency cce:/internal/x/cc-fu/audio.
debug: Resolve cce:/internal/x/cc-fu/base from cce:/internal/x/cc as external dependency cce:/internal/x/cc-fu/base.
debug: Resolve cce:/internal/x/cc-fu/dragon-bones from cce:/internal/x/cc as external dependency cce:/internal/x/cc-fu/dragon-bones.
debug: Resolve cce:/internal/x/cc-fu/gfx-webgl from cce:/internal/x/cc as external dependency cce:/internal/x/cc-fu/gfx-webgl.
debug: Resolve cce:/internal/x/cc-fu/gfx-webgl2 from cce:/internal/x/cc as external dependency cce:/internal/x/cc-fu/gfx-webgl2.
debug: Resolve cce:/internal/x/cc-fu/intersection-2d from cce:/internal/x/cc as external dependency cce:/internal/x/cc-fu/intersection-2d.
debug: Resolve cce:/internal/x/cc-fu/particle from cce:/internal/x/cc as external dependency cce:/internal/x/cc-fu/particle.
debug: Resolve cce:/internal/x/cc-fu/particle-2d from cce:/internal/x/cc as external dependency cce:/internal/x/cc-fu/particle-2d.
debug: Resolve cce:/internal/x/cc-fu/physics-2d-box2d from cce:/internal/x/cc as external dependency cce:/internal/x/cc-fu/physics-2d-box2d.
debug: Resolve cce:/internal/x/cc-fu/physics-2d-framework from cce:/internal/x/cc as external dependency cce:/internal/x/cc-fu/physics-2d-framework.
debug: Resolve cce:/internal/x/cc-fu/physics-ammo from cce:/internal/x/cc as external dependency cce:/internal/x/cc-fu/physics-ammo.
debug: Resolve cce:/internal/x/cc-fu/physics-framework from cce:/internal/x/cc as external dependency cce:/internal/x/cc-fu/physics-framework.
debug: Resolve cce:/internal/x/cc-fu/wait-for-ammo-instantiation from cce:/internal/x/cc as external dependency cce:/internal/x/cc-fu/wait-for-ammo-instantiation.
debug: Resolve cce:/internal/x/cc-fu/primitive from cce:/internal/x/cc as external dependency cce:/internal/x/cc-fu/primitive.
debug: Resolve cce:/internal/x/cc-fu/profiler from cce:/internal/x/cc as external dependency cce:/internal/x/cc-fu/profiler.
debug: Resolve cce:/internal/x/cc-fu/skeletal-animation from cce:/internal/x/cc as external dependency cce:/internal/x/cc-fu/skeletal-animation.
debug: Resolve cce:/internal/x/cc-fu/spine from cce:/internal/x/cc as external dependency cce:/internal/x/cc-fu/spine.
debug: Resolve cce:/internal/x/cc-fu/terrain from cce:/internal/x/cc as external dependency cce:/internal/x/cc-fu/terrain.
debug: Resolve cce:/internal/x/cc-fu/tiled-map from cce:/internal/x/cc as external dependency cce:/internal/x/cc-fu/tiled-map.
debug: Resolve cce:/internal/x/cc-fu/tween from cce:/internal/x/cc as external dependency cce:/internal/x/cc-fu/tween.
debug: Resolve cce:/internal/x/cc-fu/ui from cce:/internal/x/cc as external dependency cce:/internal/x/cc-fu/ui.
debug: Resolve cce:/internal/x/cc-fu/video from cce:/internal/x/cc as external dependency cce:/internal/x/cc-fu/video.
debug: Resolve cce:/internal/x/cc-fu/webview from cce:/internal/x/cc as external dependency cce:/internal/x/cc-fu/webview.
debug: Inspect cce:/internal/x/prerequisite-imports
debug: Resolve file:///Users/mu/work/gitee/cocos-creator-how-to-use/proj/Model/Creator3.5.0_3D_CreateMesh/assets/EditableGeometry/EditableCapsule.ts from cce:/internal/x/prerequisite-imports as file:///Users/mu/work/gitee/cocos-creator-how-to-use/proj/Model/Creator3.5.0_3D_CreateMesh/assets/EditableGeometry/EditableCapsule.ts.
debug: Inspect file:///Users/mu/work/gitee/cocos-creator-how-to-use/proj/Model/Creator3.5.0_3D_CreateMesh/assets/EditableGeometry/EditableCapsule.ts
debug: Resolve cc from file:///Users/mu/work/gitee/cocos-creator-how-to-use/proj/Model/Creator3.5.0_3D_CreateMesh/assets/EditableGeometry/EditableCapsule.ts as cce:/internal/x/cc.
debug: Resolve cc from file:///Users/mu/work/gitee/cocos-creator-how-to-use/proj/Model/Creator3.5.0_3D_CreateMesh/assets/EditableGeometry/EditableCapsule.ts as cce:/internal/x/cc.
debug: Resolve file:///Users/mu/work/gitee/cocos-creator-how-to-use/proj/Model/Creator3.5.0_3D_CreateMesh/assets/EditableGeometry/EditableCone.ts from cce:/internal/x/prerequisite-imports as file:///Users/mu/work/gitee/cocos-creator-how-to-use/proj/Model/Creator3.5.0_3D_CreateMesh/assets/EditableGeometry/EditableCone.ts.
debug: Inspect file:///Users/mu/work/gitee/cocos-creator-how-to-use/proj/Model/Creator3.5.0_3D_CreateMesh/assets/EditableGeometry/EditableCone.ts
debug: Resolve cc from file:///Users/mu/work/gitee/cocos-creator-how-to-use/proj/Model/Creator3.5.0_3D_CreateMesh/assets/EditableGeometry/EditableCone.ts as cce:/internal/x/cc.
debug: Resolve cc from file:///Users/mu/work/gitee/cocos-creator-how-to-use/proj/Model/Creator3.5.0_3D_CreateMesh/assets/EditableGeometry/EditableCone.ts as cce:/internal/x/cc.
debug: Resolve file:///Users/mu/work/gitee/cocos-creator-how-to-use/proj/Model/Creator3.5.0_3D_CreateMesh/assets/EditableGeometry/EditableCube.ts from cce:/internal/x/prerequisite-imports as file:///Users/mu/work/gitee/cocos-creator-how-to-use/proj/Model/Creator3.5.0_3D_CreateMesh/assets/EditableGeometry/EditableCube.ts.
debug: Inspect file:///Users/mu/work/gitee/cocos-creator-how-to-use/proj/Model/Creator3.5.0_3D_CreateMesh/assets/EditableGeometry/EditableCube.ts
debug: Resolve cc from file:///Users/mu/work/gitee/cocos-creator-how-to-use/proj/Model/Creator3.5.0_3D_CreateMesh/assets/EditableGeometry/EditableCube.ts as cce:/internal/x/cc.
debug: Resolve cc from file:///Users/mu/work/gitee/cocos-creator-how-to-use/proj/Model/Creator3.5.0_3D_CreateMesh/assets/EditableGeometry/EditableCube.ts as cce:/internal/x/cc.
debug: Resolve file:///Users/mu/work/gitee/cocos-creator-how-to-use/proj/Model/Creator3.5.0_3D_CreateMesh/assets/EditableGeometry/EditableCylinder.ts from cce:/internal/x/prerequisite-imports as file:///Users/mu/work/gitee/cocos-creator-how-to-use/proj/Model/Creator3.5.0_3D_CreateMesh/assets/EditableGeometry/EditableCylinder.ts.
debug: Inspect file:///Users/mu/work/gitee/cocos-creator-how-to-use/proj/Model/Creator3.5.0_3D_CreateMesh/assets/EditableGeometry/EditableCylinder.ts
debug: Resolve cc from file:///Users/mu/work/gitee/cocos-creator-how-to-use/proj/Model/Creator3.5.0_3D_CreateMesh/assets/EditableGeometry/EditableCylinder.ts as cce:/internal/x/cc.
debug: Resolve cc from file:///Users/mu/work/gitee/cocos-creator-how-to-use/proj/Model/Creator3.5.0_3D_CreateMesh/assets/EditableGeometry/EditableCylinder.ts as cce:/internal/x/cc.
debug: Resolve file:///Users/mu/work/gitee/cocos-creator-how-to-use/proj/Model/Creator3.5.0_3D_CreateMesh/assets/EditableGeometry/EditableSphere.ts from cce:/internal/x/prerequisite-imports as file:///Users/mu/work/gitee/cocos-creator-how-to-use/proj/Model/Creator3.5.0_3D_CreateMesh/assets/EditableGeometry/EditableSphere.ts.
debug: Inspect file:///Users/mu/work/gitee/cocos-creator-how-to-use/proj/Model/Creator3.5.0_3D_CreateMesh/assets/EditableGeometry/EditableSphere.ts
debug: Resolve cc from file:///Users/mu/work/gitee/cocos-creator-how-to-use/proj/Model/Creator3.5.0_3D_CreateMesh/assets/EditableGeometry/EditableSphere.ts as cce:/internal/x/cc.
debug: Resolve cc from file:///Users/mu/work/gitee/cocos-creator-how-to-use/proj/Model/Creator3.5.0_3D_CreateMesh/assets/EditableGeometry/EditableSphere.ts as cce:/internal/x/cc.
debug: Resolve file:///Users/mu/work/gitee/cocos-creator-how-to-use/proj/Model/Creator3.5.0_3D_CreateMesh/assets/EditableGeometry/EditableTorus.ts from cce:/internal/x/prerequisite-imports as file:///Users/mu/work/gitee/cocos-creator-how-to-use/proj/Model/Creator3.5.0_3D_CreateMesh/assets/EditableGeometry/EditableTorus.ts.
debug: Inspect file:///Users/mu/work/gitee/cocos-creator-how-to-use/proj/Model/Creator3.5.0_3D_CreateMesh/assets/EditableGeometry/EditableTorus.ts
debug: Resolve cc from file:///Users/mu/work/gitee/cocos-creator-how-to-use/proj/Model/Creator3.5.0_3D_CreateMesh/assets/EditableGeometry/EditableTorus.ts as cce:/internal/x/cc.
debug: Resolve cc from file:///Users/mu/work/gitee/cocos-creator-how-to-use/proj/Model/Creator3.5.0_3D_CreateMesh/assets/EditableGeometry/EditableTorus.ts as cce:/internal/x/cc.
debug: Target(preview) ends with cost 1067.7924819998443ms.
