2022-05-09 14:38:13-log: [Package] menu@1.0.0 enable
2022-05-09 14:38:13-log: [Package] profile@1.0.0 enable
2022-05-09 14:38:13-log: [Package] project@1.0.1 enable
2022-05-09 14:38:13-log: [Package] messages@1.0.0 enable
2022-05-09 14:38:13-log: [Package] program@1.0.0 enable
2022-05-09 14:38:13-log: [Package] device@1.0.1 enable
2022-05-09 14:38:13-log: [Package] ui-kit@1.0.1 enable
2022-05-09 14:38:13-log: [Package] tester@1.0.0 enable
2022-05-09 14:38:13-log: [Package] preferences@1.0.0 enable
2022-05-09 14:38:14-log: Setup mods mgr.: 324.598ms
2022-05-09 14:38:14-log: Profile changed: engine (modules.includeModules: 2d,3d,audio,base,dragon-bones,gfx-webgl,gfx-webgl2,intersection-2d,marionette,particle,particle-2d,physics-2d-box2d,physics-ammo,primitive,profiler,spine,terrain,tiled-map,tween,ui,video,webview)
2022-05-09 14:38:14-log: [Package] engine@1.0.5 enable
2022-05-09 14:38:17-log: [Package] programming@1.0.0 enable
2022-05-09 14:38:17-log: [Package] Profile Migrate: builder@Cocos Creator...
2022-05-09 14:38:17-log: [Package] Profile Migrate: builder@Cocos Creator...
2022-05-09 14:38:17-log: [Package] engine-extends@1.0.0 enable
2022-05-09 14:38:17-log: [Package] asset-db@1.0.0 enable
2022-05-09 14:38:17-log: [Package] console@1.0.0 enable
2022-05-09 14:38:17-log: [Package] scene@1.0.0 enable
2022-05-09 14:38:17-log: [Package] about@1.0.0 enable
2022-05-09 14:38:18-log: [Package] server@1.0.0 enable
2022-05-09 14:38:18-log: [Package] assets@1.0.0 enable
2022-05-09 14:38:18-log: [Package] inspector@1.0.0 enable
2022-05-09 14:38:18-log: [Package] hierarchy@1.0.0 enable
2022-05-09 14:38:20-log: [Package] preview@1.0.1 enable
2022-05-09 14:38:20-log: [Package] animator@1.0.0 enable
2022-05-09 14:38:20-log: 设置的 IP 地址不存在，将使用默认 IP
2022-05-09 14:38:21-log: [Package] builder@1.3.1 enable
2022-05-09 14:38:21-log: [Package] node-library@1.0.0 enable
2022-05-09 14:38:22-log: [Package] shortcuts@1.0.1 enable
2022-05-09 14:38:22-log: [Package] package-asset@1.0.0 enable
2022-05-09 14:38:22-log: [Package] reference-image@1.0.0 enable
2022-05-09 14:38:22-log: [Package] animation-graph@1.0.0 enable
2022-05-09 14:38:22-log: [Package] channel-upload-tools@1.0.0 enable
2022-05-09 14:38:22-log: [Package] runtime-dev-tools@1.0.0 enable
2022-05-09 14:38:22-log: [Package] lightmap@1.0.4 enable
2022-05-09 14:38:22-log: [Package] alipay-mini-game@1.0.0 enable
2022-05-09 14:38:22-log: [Package] android@1.0.0 enable
2022-05-09 14:38:22-log: [Package] baidu-mini-game@1.0.0 enable
2022-05-09 14:38:22-log: [Package] bytedance-mini-game@1.0.1 enable
2022-05-09 14:38:22-log: [Package] huawei-agc@1.0.0 enable
2022-05-09 14:38:23-log: [Package] ios@1.0.0 enable
2022-05-09 14:38:23-log: [Package] ios-app-clip@1.0.0 enable
2022-05-09 14:38:23-log: [Package] mac@1.0.0 enable
2022-05-09 14:38:24-log: [Package] native@1.0.0 enable
2022-05-09 14:38:24-log: [Package] ohos@1.0.0 enable
2022-05-09 14:38:24-log: [Package] web-desktop@1.0.0 enable
2022-05-09 14:38:24-log: [Package] web-mobile@1.0.0 enable
2022-05-09 14:38:24-log: [Package] wechatgame@1.0.1 enable
2022-05-09 14:38:24-log: [Package] windows@1.0.0 enable
2022-05-09 14:38:24-log: [Package] xiaomi-quick-game@1.0.0 enable
2022-05-09 14:38:24-log: [Package] cocos-play@1.0.0 enable
2022-05-09 14:38:24-log: [Package] huawei-quick-game@1.0.0 enable
2022-05-09 14:38:24-log: [Package] link-sure@1.0.0 enable
2022-05-09 14:38:24-log: [Package] oppo-mini-game@1.0.0 enable
2022-05-09 14:38:24-log: [Package] qtt@1.0.0 enable
2022-05-09 14:38:24-log: [Package] vivo-mini-game@1.0.0 enable
2022-05-09 14:38:25-log: [Package] cocos-service@3.0.2 enable
2022-05-09 14:38:25-log: [Package] importer@1.0.0 enable
2022-05-09 14:38:25-log: [Package] extension@3.0.15 enable
2022-05-09 14:38:26-log: [Im-plugin] Check im-plugin version.
2022-05-09 14:38:26-log: [Package] im-plugin@3.0.8 enable
2022-05-09 14:38:26-log: 设置的 IP 地址不存在，将使用默认 IP
2022-05-09 14:38:27-log: [Im-plugin] No online info of im-plugin.
2022-05-09 14:38:36-warn: Browserslist: caniuse-lite is outdated. Please run:
npx browserslist@latest --update-db

Why you should do it regularly:
https://github.com/browserslist/browserslist#browsers-data-updating
2022-05-09 14:38:37-log: [Scene] Cocos Creator v3.4.2
2022-05-09 14:38:38-warn: [Scene] 'macro.KEY' is deprecated. (please use KeyCode instead)
2022-05-09 14:38:38-warn: [Scene] 'macro.KEY.shift' is deprecated. (please use KeyCode.SHIFT_LEFT instead)
2022-05-09 14:38:38-info: [Scene] Forward render pipeline initialized.
2022-05-09 14:38:40-warn: [Scene] 'macro.KEY' is deprecated. (please use KeyCode instead)
2022-05-09 14:38:40-warn: [Scene] 'macro.KEY.shift' is deprecated. (please use KeyCode.SHIFT_LEFT instead)
2022-06-01T10:01:46.135Z - log: [Package] menu@1.0.0 enable
2022-06-01T10:01:46.138Z - log: [Package] profile@1.0.0 enable
2022-06-01T10:01:46.152Z - log: [Package] project@1.0.2 enable
2022-06-01T10:01:46.158Z - log: [Package] messages@1.0.0 enable
2022-06-01T10:01:46.163Z - log: [Package] program@1.0.0 enable
2022-06-01T10:01:46.170Z - log: [Package] tester@1.0.0 enable
2022-06-01T10:01:46.176Z - log: [Package] preferences@1.0.0 enable
2022-06-01T10:01:47.014Z - log: Setup mods mgr.: 341.253ms
2022-06-01T10:01:47.024Z - verbose: [Engine] QuickCompile engine (738ms)
2022-06-01T10:01:47.028Z - log: [Package] engine@1.0.6 enable
2022-06-01T10:01:47.951Z - log: [Package] programming@1.0.0 enable
2022-06-01T10:01:48.241Z - log: [Package] device@1.0.1 enable
2022-06-01T10:01:48.269Z - log: [Package] ui-kit@1.0.1 enable
2022-06-01T10:01:48.304Z - log: [Package] engine-extends@1.0.0 enable
2022-06-01T10:01:48.376Z - log: [Package] asset-db@1.0.0 enable
2022-06-01T10:01:48.449Z - log: [Package] scene@1.0.0 enable
2022-06-01T10:01:48.686Z - log: [Package] server@1.0.0 enable
2022-06-01T10:01:48.725Z - log: [Package] utils@1.0.0 enable
2022-06-01T10:01:54.689Z - log: [Package] preview@1.0.1 enable
2022-06-01T10:01:54.720Z - log: [Package] animator@1.0.0 enable
2022-06-01T10:01:54.917Z - log: 设置的 IP 地址不存在，将使用默认 IP
2022-06-01T10:01:55.998Z - log: [Package] builder@1.3.2 enable
2022-06-01T10:01:56.036Z - log: [Package] shortcuts@1.0.1 enable
2022-06-01T10:01:56.075Z - log: [Package] animation-graph@1.0.0 enable
2022-06-01T10:01:56.099Z - log: [Package] runtime-dev-tools@1.0.0 enable
2022-06-01T10:01:56.124Z - log: [Package] channel-upload-tools@1.0.0 enable
2022-06-01T10:01:56.163Z - log: [Package] about@1.0.0 enable
2022-06-01T10:01:56.231Z - log: [Package] assets@1.0.0 enable
2022-06-01T10:01:56.279Z - log: [Package] console@1.0.0 enable
2022-06-01T10:01:56.586Z - log: [Package] extension@3.0.16 enable
2022-06-01T10:01:56.630Z - log: [Package] hierarchy@1.0.0 enable
2022-06-01T10:01:56.672Z - log: [Package] inspector@1.0.0 enable
2022-06-01T10:01:56.708Z - log: [Package] lightmap@1.0.4 enable
2022-06-01T10:01:56.792Z - log: [Package] node-library@1.0.1 enable
2022-06-01T10:01:56.891Z - log: [Package] package-asset@1.0.0 enable
2022-06-01T10:01:56.925Z - log: [Package] process@1.0.0 enable
2022-06-01T10:01:56.963Z - log: [Package] reference-image@1.0.0 enable
2022-06-01T10:01:56.989Z - log: [Package] alipay-mini-game@1.0.0 enable
2022-06-01T10:01:57.019Z - log: [Package] android@1.0.0 enable
2022-06-01T10:01:57.044Z - log: [Package] baidu-mini-game@1.0.0 enable
2022-06-01T10:01:57.069Z - log: [Package] bytedance-mini-game@1.0.1 enable
2022-06-01T10:01:57.093Z - log: [Package] cocos-play@1.0.0 enable
2022-06-01T10:01:57.118Z - log: [Package] huawei-agc@1.0.0 enable
2022-06-01T10:01:57.148Z - log: [Package] huawei-quick-game@1.0.0 enable
2022-06-01T10:01:58.566Z - log: [Package] ios@1.0.0 enable
2022-06-01T10:01:58.612Z - log: [Package] ios-app-clip@1.0.0 enable
2022-06-01T10:01:58.637Z - log: [Package] link-sure@1.0.0 enable
2022-06-01T10:01:58.663Z - log: [Package] linux@1.0.0 enable
2022-06-01T10:01:58.687Z - log: [Package] mac@1.0.0 enable
2022-06-01T10:01:58.824Z - log: [Package] native@1.0.0 enable
2022-06-01T10:01:58.857Z - log: [Package] ohos@1.0.0 enable
2022-06-01T10:01:58.875Z - verbose: [AssetDB] Require engine code (3129ms)
2022-06-01T10:01:58.895Z - log: [Package] open-harmonyos@1.0.0 enable
2022-06-01T10:01:58.923Z - log: [Package] oppo-mini-game@1.0.0 enable
2022-06-01T10:01:58.963Z - log: [Package] qtt@1.0.0 enable
2022-06-01T10:01:59.010Z - log: [Package] vivo-mini-game@1.0.0 enable
2022-06-01T10:01:59.055Z - log: [Package] web-desktop@1.0.0 enable
2022-06-01T10:01:59.105Z - log: [Package] web-mobile@1.0.0 enable
2022-06-01T10:01:59.149Z - log: [Package] wechatgame@1.0.1 enable
2022-06-01T10:01:59.212Z - log: [Package] windows@1.0.0 enable
2022-06-01T10:01:59.244Z - log: [Package] xiaomi-quick-game@1.0.0 enable
2022-06-01T10:01:59.636Z - log: [Package] cocos-service@3.0.3 enable
2022-06-01T10:01:59.751Z - log: [Package] importer@1.0.0 enable
2022-06-01T10:02:00.143Z - log: [Im-plugin] Check im-plugin version.
2022-06-01T10:02:00.284Z - log: [Package] im-plugin@3.0.8 enable
2022-06-01T10:02:01.436Z - log: [Im-plugin] No online info of im-plugin.
2022-06-01T10:02:01.594Z - log: 设置的 IP 地址不存在，将使用默认 IP
2022-06-01T10:02:17.656Z - verbose: [Scene] Require engine code (1ms)
2022-06-01T10:02:17.660Z - verbose: [Scene] Startup engine (1ms)
2022-06-01T10:02:17.724Z - log: [Scene] Cocos Creator v3.5.1
2022-06-01T10:02:18.055Z - warn: [Scene] 'macro.KEY' is deprecated. (please use KeyCode instead)Error: [Scene] 'macro.KEY' is deprecated. (please use KeyCode instead)
    at warn (/Applications/CocosCreator/Creator/3.5.1/CocosCreator.app/Contents/Resources/resources/3d/engine/bin/.cache/dev/editor/bundled/index.js:139072:10)
    at markAsWarningLog (/Applications/CocosCreator/Creator/3.5.1/CocosCreator.app/Contents/Resources/resources/3d/engine/bin/.cache/dev/editor/bundled/index.js:164006:5)
    at Object.get (/Applications/CocosCreator/Creator/3.5.1/CocosCreator.app/Contents/Resources/resources/3d/engine/bin/.cache/dev/editor/bundled/index.js:164066:13)
    at Object.execute (file:///Users/mu/work/gitee/cocos-creator-how-to-use/proj/Particle/Creator3.5.1_3D_ParticleShape/temp/programming/packer-driver/targets/editor/chunks/7f/7feb3901a5d17fea247b92edfedc77aad2b3dd0f.js:48:22)
    at doExec (/Applications/CocosCreator/Creator/3.5.1/CocosCreator.app/Contents/Resources/app.asar/node_modules/@editor/lib-programming/static/executor/systemjs-bridge/out/index.js:487:32)
    at postOrderExec (/Applications/CocosCreator/Creator/3.5.1/CocosCreator.app/Contents/Resources/app.asar/node_modules/@editor/lib-programming/static/executor/systemjs-bridge/out/index.js:483:10)
    at /Applications/CocosCreator/Creator/3.5.1/CocosCreator.app/Contents/Resources/app.asar/node_modules/@editor/lib-programming/static/executor/systemjs-bridge/out/index.js:440:12
2022-06-01T10:02:18.055Z - warn: [Scene] 'macro.KEY.shift' is deprecated. (please use KeyCode.SHIFT_LEFT instead)Error: [Scene] 'macro.KEY.shift' is deprecated. (please use KeyCode.SHIFT_LEFT instead)
    at warn (/Applications/CocosCreator/Creator/3.5.1/CocosCreator.app/Contents/Resources/resources/3d/engine/bin/.cache/dev/editor/bundled/index.js:139072:10)
    at markAsWarningLog (/Applications/CocosCreator/Creator/3.5.1/CocosCreator.app/Contents/Resources/resources/3d/engine/bin/.cache/dev/editor/bundled/index.js:164006:5)
    at Object.get (/Applications/CocosCreator/Creator/3.5.1/CocosCreator.app/Contents/Resources/resources/3d/engine/bin/.cache/dev/editor/bundled/index.js:164066:13)
    at Object.execute (file:///Users/mu/work/gitee/cocos-creator-how-to-use/proj/Particle/Creator3.5.1_3D_ParticleShape/temp/programming/packer-driver/targets/editor/chunks/7f/7feb3901a5d17fea247b92edfedc77aad2b3dd0f.js:48:26)
    at doExec (/Applications/CocosCreator/Creator/3.5.1/CocosCreator.app/Contents/Resources/app.asar/node_modules/@editor/lib-programming/static/executor/systemjs-bridge/out/index.js:487:32)
    at postOrderExec (/Applications/CocosCreator/Creator/3.5.1/CocosCreator.app/Contents/Resources/app.asar/node_modules/@editor/lib-programming/static/executor/systemjs-bridge/out/index.js:483:10)
    at /Applications/CocosCreator/Creator/3.5.1/CocosCreator.app/Contents/Resources/app.asar/node_modules/@editor/lib-programming/static/executor/systemjs-bridge/out/index.js:440:12
2022-06-01T10:02:18.357Z - verbose: [Scene] Open engine (699ms)
2022-06-01T10:02:18.357Z - verbose: [Scene] Configure engine (0ms)
2022-06-01T10:02:18.067Z - info: [Scene] Forward render pipeline initialized.
2022-06-01T10:02:19.171Z - warn: [Scene] 'macro.KEY' is deprecated. (please use KeyCode instead)Error: [Scene] 'macro.KEY' is deprecated. (please use KeyCode instead)
    at warn (/Applications/CocosCreator/Creator/3.5.1/CocosCreator.app/Contents/Resources/resources/3d/engine/bin/.cache/dev/editor/bundled/index.js:139072:10)
    at markAsWarningLog (/Applications/CocosCreator/Creator/3.5.1/CocosCreator.app/Contents/Resources/resources/3d/engine/bin/.cache/dev/editor/bundled/index.js:164006:5)
    at Object.get (/Applications/CocosCreator/Creator/3.5.1/CocosCreator.app/Contents/Resources/resources/3d/engine/bin/.cache/dev/editor/bundled/index.js:164066:13)
    at Object.execute (file:///Users/mu/work/gitee/cocos-creator-how-to-use/proj/Particle/Creator3.5.1_3D_ParticleShape/temp/programming/packer-driver/targets/editor/chunks/7f/7feb3901a5d17fea247b92edfedc77aad2b3dd0f.js:48:22)
    at doExec (/Applications/CocosCreator/Creator/3.5.1/CocosCreator.app/Contents/Resources/app.asar/node_modules/@editor/lib-programming/static/executor/systemjs-bridge/out/index.js:487:32)
    at postOrderExec (/Applications/CocosCreator/Creator/3.5.1/CocosCreator.app/Contents/Resources/app.asar/node_modules/@editor/lib-programming/static/executor/systemjs-bridge/out/index.js:483:10)
    at /Applications/CocosCreator/Creator/3.5.1/CocosCreator.app/Contents/Resources/app.asar/node_modules/@editor/lib-programming/static/executor/systemjs-bridge/out/index.js:440:12
2022-06-01T10:02:19.171Z - warn: [Scene] 'macro.KEY.shift' is deprecated. (please use KeyCode.SHIFT_LEFT instead)Error: [Scene] 'macro.KEY.shift' is deprecated. (please use KeyCode.SHIFT_LEFT instead)
    at warn (/Applications/CocosCreator/Creator/3.5.1/CocosCreator.app/Contents/Resources/resources/3d/engine/bin/.cache/dev/editor/bundled/index.js:139072:10)
    at markAsWarningLog (/Applications/CocosCreator/Creator/3.5.1/CocosCreator.app/Contents/Resources/resources/3d/engine/bin/.cache/dev/editor/bundled/index.js:164006:5)
    at Object.get (/Applications/CocosCreator/Creator/3.5.1/CocosCreator.app/Contents/Resources/resources/3d/engine/bin/.cache/dev/editor/bundled/index.js:164066:13)
    at Object.execute (file:///Users/mu/work/gitee/cocos-creator-how-to-use/proj/Particle/Creator3.5.1_3D_ParticleShape/temp/programming/packer-driver/targets/editor/chunks/7f/7feb3901a5d17fea247b92edfedc77aad2b3dd0f.js:48:26)
    at doExec (/Applications/CocosCreator/Creator/3.5.1/CocosCreator.app/Contents/Resources/app.asar/node_modules/@editor/lib-programming/static/executor/systemjs-bridge/out/index.js:487:32)
    at postOrderExec (/Applications/CocosCreator/Creator/3.5.1/CocosCreator.app/Contents/Resources/app.asar/node_modules/@editor/lib-programming/static/executor/systemjs-bridge/out/index.js:483:10)
    at /Applications/CocosCreator/Creator/3.5.1/CocosCreator.app/Contents/Resources/app.asar/node_modules/@editor/lib-programming/static/executor/systemjs-bridge/out/index.js:440:12
2022-06-01T10:03:02.666Z - warn: Metrics: no valid info
