2022-05-09 13:55:57-log: [Package] menu@1.0.0 enable
2022-05-09 13:55:57-log: [Package] profile@1.0.0 enable
2022-05-09 13:55:57-log: [Package] project@1.0.1 enable
2022-05-09 13:55:57-log: [Package] messages@1.0.0 enable
2022-05-09 13:55:57-log: [Package] program@1.0.0 enable
2022-05-09 13:55:57-log: [Package] device@1.0.1 enable
2022-05-09 13:55:57-log: [Package] ui-kit@1.0.1 enable
2022-05-09 13:55:57-log: [Package] tester@1.0.0 enable
2022-05-09 13:55:57-log: [Package] preferences@1.0.0 enable
2022-05-09 13:55:58-log: Setup mods mgr.: 360.782ms
2022-05-09 13:55:58-log: Profile changed: engine (modules.includeModules: 2d,3d,audio,base,dragon-bones,gfx-webgl,gfx-webgl2,intersection-2d,marionette,particle,particle-2d,physics-2d-box2d,physics-ammo,primitive,profiler,spine,terrain,tiled-map,tween,ui,video,webview)
2022-05-09 13:55:58-log: [Package] engine@1.0.5 enable
2022-05-09 13:56:01-log: [Package] programming@1.0.0 enable
2022-05-09 13:56:01-log: [Package] Profile Migrate: builder@Cocos Creator...
2022-05-09 13:56:01-log: [Package] Profile Migrate: builder@Cocos Creator...
2022-05-09 13:56:01-log: [Package] engine-extends@1.0.0 enable
2022-05-09 13:56:01-log: [Package] asset-db@1.0.0 enable
2022-05-09 13:56:01-log: [Package] console@1.0.0 enable
2022-05-09 13:56:02-log: [Package] scene@1.0.0 enable
2022-05-09 13:56:02-log: [Package] about@1.0.0 enable
2022-05-09 13:56:02-log: [Package] server@1.0.0 enable
2022-05-09 13:56:02-log: [Package] inspector@1.0.0 enable
2022-05-09 13:56:02-log: [Package] hierarchy@1.0.0 enable
2022-05-09 13:56:04-log: [Package] preview@1.0.1 enable
2022-05-09 13:56:04-log: [Package] animator@1.0.0 enable
2022-05-09 13:56:04-log: 设置的 IP 地址不存在，将使用默认 IP
2022-05-09 13:56:05-log: [Package] builder@1.3.1 enable
2022-05-09 13:56:05-log: [Package] node-library@1.0.0 enable
2022-05-09 13:56:05-log: [Package] shortcuts@1.0.1 enable
2022-05-09 13:56:05-log: [Package] package-asset@1.0.0 enable
2022-05-09 13:56:06-log: [Package] reference-image@1.0.0 enable
2022-05-09 13:56:06-log: [Package] animation-graph@1.0.0 enable
2022-05-09 13:56:06-log: [Package] channel-upload-tools@1.0.0 enable
2022-05-09 13:56:06-log: [Package] runtime-dev-tools@1.0.0 enable
2022-05-09 13:56:06-log: [Package] lightmap@1.0.4 enable
2022-05-09 13:56:06-log: [Package] alipay-mini-game@1.0.0 enable
2022-05-09 13:56:06-log: [Package] android@1.0.0 enable
2022-05-09 13:56:06-log: [Package] baidu-mini-game@1.0.0 enable
2022-05-09 13:56:06-log: [Package] bytedance-mini-game@1.0.1 enable
2022-05-09 13:56:06-log: [Package] huawei-agc@1.0.0 enable
2022-05-09 13:56:07-log: [Package] ios@1.0.0 enable
2022-05-09 13:56:07-log: [Package] ios-app-clip@1.0.0 enable
2022-05-09 13:56:07-log: [Package] mac@1.0.0 enable
2022-05-09 13:56:08-log: [Package] native@1.0.0 enable
2022-05-09 13:56:08-log: [Package] ohos@1.0.0 enable
2022-05-09 13:56:08-log: [Package] web-desktop@1.0.0 enable
2022-05-09 13:56:08-log: [Package] web-mobile@1.0.0 enable
2022-05-09 13:56:08-log: [Package] wechatgame@1.0.1 enable
2022-05-09 13:56:08-log: [Package] windows@1.0.0 enable
2022-05-09 13:56:08-log: [Package] xiaomi-quick-game@1.0.0 enable
2022-05-09 13:56:08-log: [Package] cocos-play@1.0.0 enable
2022-05-09 13:56:08-log: [Package] huawei-quick-game@1.0.0 enable
2022-05-09 13:56:08-log: [Package] link-sure@1.0.0 enable
2022-05-09 13:56:08-log: [Package] oppo-mini-game@1.0.0 enable
2022-05-09 13:56:08-log: [Package] qtt@1.0.0 enable
2022-05-09 13:56:08-log: [Package] vivo-mini-game@1.0.0 enable
2022-05-09 13:56:09-log: [Package] cocos-service@3.0.2 enable
2022-05-09 13:56:09-log: [Package] importer@1.0.0 enable
2022-05-09 13:56:10-log: [Package] extension@3.0.15 enable
2022-05-09 13:56:10-log: [Im-plugin] Check im-plugin version.
2022-05-09 13:56:10-log: [Package] im-plugin@3.0.8 enable
2022-05-09 13:56:10-log: 设置的 IP 地址不存在，将使用默认 IP
2022-05-09 13:56:11-log: [Im-plugin] No online info of im-plugin.
2022-05-09 13:56:17-warn: Browserslist: caniuse-lite is outdated. Please run:
npx browserslist@latest --update-db

Why you should do it regularly:
https://github.com/browserslist/browserslist#browsers-data-updating
2022-05-09 13:56:17-log: [Scene] Cocos Creator v3.4.2
2022-05-09 13:56:18-info: [Scene] Forward render pipeline initialized.
2022-05-31T05:43:23.708Z - log: [Package] menu@1.0.0 enable
2022-05-31T05:43:23.711Z - log: [Package] profile@1.0.0 enable
2022-05-31T05:43:23.725Z - log: [Package] project@1.0.2 enable
2022-05-31T05:43:23.744Z - log: [Package] messages@1.0.0 enable
2022-05-31T05:43:23.748Z - log: [Package] program@1.0.0 enable
2022-05-31T05:43:23.754Z - log: [Package] tester@1.0.0 enable
2022-05-31T05:43:23.760Z - log: [Package] preferences@1.0.0 enable
2022-05-31T05:43:24.584Z - log: Setup mods mgr.: 339.397ms
2022-05-31T05:43:24.602Z - verbose: [Engine] QuickCompile engine (781ms)
2022-05-31T05:43:24.607Z - log: [Package] engine@1.0.6 enable
2022-05-31T05:43:25.522Z - log: [Package] programming@1.0.0 enable
2022-05-31T05:43:25.844Z - log: [Package] device@1.0.1 enable
2022-05-31T05:43:25.871Z - log: [Package] ui-kit@1.0.1 enable
2022-05-31T05:43:25.895Z - log: [Package] engine-extends@1.0.0 enable
2022-05-31T05:43:25.971Z - log: [Package] asset-db@1.0.0 enable
2022-05-31T05:43:26.027Z - log: [Package] scene@1.0.0 enable
2022-05-31T05:43:26.270Z - log: [Package] server@1.0.0 enable
2022-05-31T05:43:26.305Z - log: [Package] utils@1.0.0 enable
2022-05-31T05:43:30.992Z - log: [Package] preview@1.0.1 enable
2022-05-31T05:43:31.028Z - log: [Package] animator@1.0.0 enable
2022-05-31T05:43:31.153Z - log: 设置的 IP 地址不存在，将使用默认 IP
2022-05-31T05:43:32.106Z - log: [Package] builder@1.3.2 enable
2022-05-31T05:43:32.141Z - log: [Package] shortcuts@1.0.1 enable
2022-05-31T05:43:32.174Z - log: [Package] animation-graph@1.0.0 enable
2022-05-31T05:43:32.196Z - log: [Package] runtime-dev-tools@1.0.0 enable
2022-05-31T05:43:32.224Z - log: [Package] channel-upload-tools@1.0.0 enable
2022-05-31T05:43:32.259Z - log: [Package] about@1.0.0 enable
2022-05-31T05:43:32.297Z - log: [Package] assets@1.0.0 enable
2022-05-31T05:43:32.336Z - log: [Package] console@1.0.0 enable
2022-05-31T05:43:32.595Z - log: [Package] extension@3.0.16 enable
2022-05-31T05:43:32.641Z - log: [Package] hierarchy@1.0.0 enable
2022-05-31T05:43:32.710Z - log: [Package] inspector@1.0.0 enable
2022-05-31T05:43:32.817Z - log: [Package] lightmap@1.0.4 enable
2022-05-31T05:43:32.872Z - log: [Package] node-library@1.0.1 enable
2022-05-31T05:43:32.906Z - log: [Package] package-asset@1.0.0 enable
2022-05-31T05:43:32.944Z - log: [Package] process@1.0.0 enable
2022-05-31T05:43:32.992Z - log: [Package] reference-image@1.0.0 enable
2022-05-31T05:43:33.019Z - log: [Package] alipay-mini-game@1.0.0 enable
2022-05-31T05:43:33.046Z - log: [Package] android@1.0.0 enable
2022-05-31T05:43:33.072Z - log: [Package] baidu-mini-game@1.0.0 enable
2022-05-31T05:43:33.103Z - log: [Package] bytedance-mini-game@1.0.1 enable
2022-05-31T05:43:33.128Z - log: [Package] cocos-play@1.0.0 enable
2022-05-31T05:43:33.159Z - log: [Package] huawei-agc@1.0.0 enable
2022-05-31T05:43:33.186Z - log: [Package] huawei-quick-game@1.0.0 enable
2022-05-31T05:43:34.425Z - log: [Package] ios@1.0.0 enable
2022-05-31T05:43:34.452Z - log: [Package] ios-app-clip@1.0.0 enable
2022-05-31T05:43:34.475Z - log: [Package] link-sure@1.0.0 enable
2022-05-31T05:43:34.502Z - log: [Package] linux@1.0.0 enable
2022-05-31T05:43:34.527Z - log: [Package] mac@1.0.0 enable
2022-05-31T05:43:34.659Z - log: [Package] native@1.0.0 enable
2022-05-31T05:43:34.733Z - log: [Package] ohos@1.0.0 enable
2022-05-31T05:43:34.770Z - log: [Package] open-harmonyos@1.0.0 enable
2022-05-31T05:43:34.797Z - log: [Package] oppo-mini-game@1.0.0 enable
2022-05-31T05:43:34.824Z - log: [Package] qtt@1.0.0 enable
2022-05-31T05:43:34.855Z - log: [Package] vivo-mini-game@1.0.0 enable
2022-05-31T05:43:34.896Z - log: [Package] web-desktop@1.0.0 enable
2022-05-31T05:43:34.935Z - log: [Package] web-mobile@1.0.0 enable
2022-05-31T05:43:34.981Z - log: [Package] wechatgame@1.0.1 enable
2022-05-31T05:43:35.008Z - log: [Package] windows@1.0.0 enable
2022-05-31T05:43:35.035Z - log: [Package] xiaomi-quick-game@1.0.0 enable
2022-05-31T05:43:35.323Z - log: [Package] cocos-service@3.0.3 enable
2022-05-31T05:43:35.407Z - log: [Package] importer@1.0.0 enable
2022-05-31T05:43:36.079Z - log: [Im-plugin] Check im-plugin version.
2022-05-31T05:43:36.096Z - log: [Package] im-plugin@3.0.8 enable
2022-05-31T05:43:36.693Z - verbose: [AssetDB] Require engine code (2255ms)
2022-05-31T05:43:36.913Z - log: [Im-plugin] No online info of im-plugin.
2022-05-31T05:43:37.428Z - log: 设置的 IP 地址不存在，将使用默认 IP
2022-05-31T05:43:50.479Z - verbose: [Scene] Require engine code (1ms)
2022-05-31T05:43:50.481Z - verbose: [Scene] Startup engine (1ms)
2022-05-31T05:43:50.522Z - log: [Scene] Cocos Creator v3.5.0
2022-05-31T05:43:50.825Z - verbose: [Scene] Open engine (344ms)
2022-05-31T05:43:50.825Z - verbose: [Scene] Configure engine (0ms)
2022-05-31T05:43:50.618Z - info: [Scene] Forward render pipeline initialized.
2022-05-31T05:44:25.782Z - warn: Metrics: no valid info
2022-05-31T05:44:25.795Z - error: Error occurred in handler for 'GUEST_VIEW_MANAGER_CALL': Error: Invalid guestInstanceId: 6
    at getGuestForWebContents (electron/js2c/browser_init.js:181:6307)
    at electron/js2c/browser_init.js:181:5372
    at electron/js2c/browser_init.js:181:1637
    at electron/js2c/browser_init.js:197:579
    at Object.<anonymous> (electron/js2c/browser_init.js:161:9782)
    at Object.emit (events.js:315:20)
