2022-05-09 15:18:21-log: [Package] menu@1.0.0 enable
2022-05-09 15:18:21-log: [Package] profile@1.0.0 enable
2022-05-09 15:18:21-log: [Package] project@1.0.1 enable
2022-05-09 15:18:21-log: [Package] messages@1.0.0 enable
2022-05-09 15:18:21-log: [Package] program@1.0.0 enable
2022-05-09 15:18:21-log: [Package] device@1.0.1 enable
2022-05-09 15:18:21-log: [Package] ui-kit@1.0.1 enable
2022-05-09 15:18:21-log: [Package] tester@1.0.0 enable
2022-05-09 15:18:21-log: [Package] preferences@1.0.0 enable
2022-05-09 15:18:21-log: Setup mods mgr.: 368.103ms
2022-05-09 15:18:21-log: Profile changed: engine (modules.includeModules: 2d,3d,audio,base,dragon-bones,gfx-webgl,gfx-webgl2,intersection-2d,marionette,particle,particle-2d,physics-2d-box2d,physics-ammo,primitive,profiler,spine,terrain,tiled-map,tween,ui,video,webview)
2022-05-09 15:18:21-log: [Package] engine@1.0.5 enable
2022-05-09 15:18:24-log: [Package] programming@1.0.0 enable
2022-05-09 15:18:24-log: [Package] Profile Migrate: builder@Cocos Creator...
2022-05-09 15:18:24-log: [Package] Profile Migrate: builder@Cocos Creator...
2022-05-09 15:18:25-log: [Package] engine-extends@1.0.0 enable
2022-05-09 15:18:25-log: [Package] asset-db@1.0.0 enable
2022-05-09 15:18:25-log: [Package] console@1.0.0 enable
2022-05-09 15:18:25-log: [Package] scene@1.0.0 enable
2022-05-09 15:18:25-log: [Package] about@1.0.0 enable
2022-05-09 15:18:25-log: [Package] server@1.0.0 enable
2022-05-09 15:18:25-log: [Package] utils@1.0.0 enable
2022-05-09 15:18:25-log: [Package] inspector@1.0.0 enable
2022-05-09 15:18:25-log: [Package] hierarchy@1.0.0 enable
2022-05-09 15:18:28-log: [Package] preview@1.0.1 enable
2022-05-09 15:18:28-log: [Package] animator@1.0.0 enable
2022-05-09 15:18:28-log: 设置的 IP 地址不存在，将使用默认 IP
2022-05-09 15:18:29-log: Profile changed: builder (log.level: 4)
2022-05-09 15:18:29-log: [Package] builder@1.3.1 enable
2022-05-09 15:18:29-log: [Package] node-library@1.0.0 enable
2022-05-09 15:18:29-log: [Package] shortcuts@1.0.1 enable
2022-05-09 15:18:29-log: [Package] package-asset@1.0.0 enable
2022-05-09 15:18:30-log: [Package] reference-image@1.0.0 enable
2022-05-09 15:18:30-log: [Package] animation-graph@1.0.0 enable
2022-05-09 15:18:30-log: [Package] channel-upload-tools@1.0.0 enable
2022-05-09 15:18:30-log: [Package] runtime-dev-tools@1.0.0 enable
2022-05-09 15:18:30-log: [Package] lightmap@1.0.4 enable
2022-05-09 15:18:30-log: [Package] alipay-mini-game@1.0.0 enable
2022-05-09 15:18:30-log: [Package] android@1.0.0 enable
2022-05-09 15:18:30-log: [Package] baidu-mini-game@1.0.0 enable
2022-05-09 15:18:30-log: [Package] bytedance-mini-game@1.0.1 enable
2022-05-09 15:18:30-log: [Package] huawei-agc@1.0.0 enable
2022-05-09 15:18:31-log: [Package] ios@1.0.0 enable
2022-05-09 15:18:31-log: [Package] ios-app-clip@1.0.0 enable
2022-05-09 15:18:31-log: [Package] mac@1.0.0 enable
2022-05-09 15:18:31-log: [Package] native@1.0.0 enable
2022-05-09 15:18:31-log: [Package] ohos@1.0.0 enable
2022-05-09 15:18:31-log: [Package] web-desktop@1.0.0 enable
2022-05-09 15:18:32-log: [Package] web-mobile@1.0.0 enable
2022-05-09 15:18:32-log: [Package] wechatgame@1.0.1 enable
2022-05-09 15:18:32-log: [Package] windows@1.0.0 enable
2022-05-09 15:18:32-log: [Package] xiaomi-quick-game@1.0.0 enable
2022-05-09 15:18:32-log: [Package] cocos-play@1.0.0 enable
2022-05-09 15:18:32-log: [Package] huawei-quick-game@1.0.0 enable
2022-05-09 15:18:32-log: [Package] link-sure@1.0.0 enable
2022-05-09 15:18:32-log: [Package] oppo-mini-game@1.0.0 enable
2022-05-09 15:18:32-log: [Package] qtt@1.0.0 enable
2022-05-09 15:18:32-log: [Package] vivo-mini-game@1.0.0 enable
2022-05-09 15:18:33-log: [Package] cocos-service@3.0.2 enable
2022-05-09 15:18:33-log: [Package] importer@1.0.0 enable
2022-05-09 15:18:33-log: [Package] extension@3.0.15 enable
2022-05-09 15:18:34-log: [Im-plugin] Check im-plugin version.
2022-05-09 15:18:34-log: [Package] im-plugin@3.0.8 enable
2022-05-09 15:18:34-log: 设置的 IP 地址不存在，将使用默认 IP
2022-05-09 15:18:35-log: [Im-plugin] No online info of im-plugin.
2022-05-09 15:18:41-warn: Browserslist: caniuse-lite is outdated. Please run:
npx browserslist@latest --update-db

Why you should do it regularly:
https://github.com/browserslist/browserslist#browsers-data-updating
2022-05-09 15:18:42-log: [Scene] Cocos Creator v3.4.2
2022-05-09 15:18:42-info: [Scene] Forward render pipeline initialized.
2022-05-31T06:47:36.665Z - log: [Package] menu@1.0.0 enable
2022-05-31T06:47:36.668Z - log: [Package] profile@1.0.0 enable
2022-05-31T06:47:36.681Z - log: [Package] project@1.0.2 enable
2022-05-31T06:47:36.688Z - log: [Package] messages@1.0.0 enable
2022-05-31T06:47:36.693Z - log: [Package] program@1.0.0 enable
2022-05-31T06:47:36.699Z - log: [Package] tester@1.0.0 enable
2022-05-31T06:47:36.705Z - log: [Package] preferences@1.0.0 enable
2022-05-31T06:47:37.478Z - log: Setup mods mgr.: 321.532ms
2022-05-31T06:47:37.498Z - verbose: [Engine] QuickCompile engine (731ms)
2022-05-31T06:47:37.502Z - log: [Package] engine@1.0.6 enable
2022-05-31T06:47:38.423Z - log: [Package] programming@1.0.0 enable
2022-05-31T06:47:38.722Z - log: [Package] device@1.0.1 enable
2022-05-31T06:47:38.751Z - log: [Package] ui-kit@1.0.1 enable
2022-05-31T06:47:38.783Z - log: [Package] engine-extends@1.0.0 enable
2022-05-31T06:47:38.849Z - log: [Package] asset-db@1.0.0 enable
2022-05-31T06:47:38.889Z - log: [Package] scene@1.0.0 enable
2022-05-31T06:47:39.190Z - log: [Package] server@1.0.0 enable
2022-05-31T06:47:39.222Z - log: [Package] utils@1.0.0 enable
2022-05-31T06:47:43.528Z - log: [Package] preview@1.0.1 enable
2022-05-31T06:47:43.565Z - log: [Package] animator@1.0.0 enable
2022-05-31T06:47:43.838Z - log: 设置的 IP 地址不存在，将使用默认 IP
2022-05-31T06:47:45.088Z - log: [Package] builder@1.3.2 enable
2022-05-31T06:47:45.123Z - log: [Package] shortcuts@1.0.1 enable
2022-05-31T06:47:45.155Z - log: [Package] animation-graph@1.0.0 enable
2022-05-31T06:47:45.178Z - log: [Package] runtime-dev-tools@1.0.0 enable
2022-05-31T06:47:45.205Z - log: [Package] channel-upload-tools@1.0.0 enable
2022-05-31T06:47:45.238Z - log: [Package] about@1.0.0 enable
2022-05-31T06:47:45.281Z - log: [Package] assets@1.0.0 enable
2022-05-31T06:47:45.318Z - log: [Package] console@1.0.0 enable
2022-05-31T06:47:45.645Z - log: [Package] extension@3.0.16 enable
2022-05-31T06:47:45.688Z - log: [Package] hierarchy@1.0.0 enable
2022-05-31T06:47:45.734Z - log: [Package] inspector@1.0.0 enable
2022-05-31T06:47:45.782Z - log: [Package] lightmap@1.0.4 enable
2022-05-31T06:47:45.851Z - log: [Package] node-library@1.0.1 enable
2022-05-31T06:47:45.946Z - log: [Package] package-asset@1.0.0 enable
2022-05-31T06:47:45.998Z - log: [Package] process@1.0.0 enable
2022-05-31T06:47:46.040Z - log: [Package] reference-image@1.0.0 enable
2022-05-31T06:47:46.065Z - log: [Package] alipay-mini-game@1.0.0 enable
2022-05-31T06:47:46.126Z - log: [Package] android@1.0.0 enable
2022-05-31T06:47:46.164Z - log: [Package] baidu-mini-game@1.0.0 enable
2022-05-31T06:47:46.194Z - log: [Package] bytedance-mini-game@1.0.1 enable
2022-05-31T06:47:46.225Z - log: [Package] cocos-play@1.0.0 enable
2022-05-31T06:47:46.257Z - log: [Package] huawei-agc@1.0.0 enable
2022-05-31T06:47:46.285Z - log: [Package] huawei-quick-game@1.0.0 enable
2022-05-31T06:47:47.630Z - log: [Package] ios@1.0.0 enable
2022-05-31T06:47:47.660Z - log: [Package] ios-app-clip@1.0.0 enable
2022-05-31T06:47:47.684Z - log: [Package] link-sure@1.0.0 enable
2022-05-31T06:47:47.713Z - log: [Package] linux@1.0.0 enable
2022-05-31T06:47:47.745Z - log: [Package] mac@1.0.0 enable
2022-05-31T06:47:47.901Z - log: [Package] native@1.0.0 enable
2022-05-31T06:47:47.937Z - log: [Package] ohos@1.0.0 enable
2022-05-31T06:47:47.959Z - verbose: [AssetDB] Require engine code (3204ms)
2022-05-31T06:47:47.969Z - log: [Package] open-harmonyos@1.0.0 enable
2022-05-31T06:47:47.997Z - log: [Package] oppo-mini-game@1.0.0 enable
2022-05-31T06:47:48.024Z - log: [Package] qtt@1.0.0 enable
2022-05-31T06:47:48.055Z - log: [Package] vivo-mini-game@1.0.0 enable
2022-05-31T06:47:48.097Z - log: [Package] web-desktop@1.0.0 enable
2022-05-31T06:47:48.145Z - log: [Package] web-mobile@1.0.0 enable
2022-05-31T06:47:48.191Z - log: [Package] wechatgame@1.0.1 enable
2022-05-31T06:47:48.217Z - log: [Package] windows@1.0.0 enable
2022-05-31T06:47:48.276Z - log: [Package] xiaomi-quick-game@1.0.0 enable
2022-05-31T06:47:48.831Z - log: [Package] cocos-service@3.0.3 enable
2022-05-31T06:47:48.885Z - log: [Package] importer@1.0.0 enable
2022-05-31T06:47:49.467Z - log: [Im-plugin] Check im-plugin version.
2022-05-31T06:47:49.490Z - log: [Package] im-plugin@3.0.8 enable
2022-05-31T06:47:50.240Z - log: [Im-plugin] No online info of im-plugin.
2022-05-31T06:47:51.470Z - log: 设置的 IP 地址不存在，将使用默认 IP
2022-05-31T06:48:02.982Z - verbose: [Scene] Require engine code (0ms)
2022-05-31T06:48:02.983Z - verbose: [Scene] Startup engine (1ms)
2022-05-31T06:48:03.027Z - log: [Scene] Cocos Creator v3.5.0
2022-05-31T06:48:03.391Z - verbose: [Scene] Open engine (408ms)
2022-05-31T06:48:03.391Z - verbose: [Scene] Configure engine (0ms)
2022-05-31T06:48:03.160Z - info: [Scene] Forward render pipeline initialized.
2022-05-31T06:48:53.500Z - error: [Preview]Uncaught TypeError: The thing you want to instantiate is nil in http://localhost:7456/scripting/engine/bin/.cache/dev/preview/bundled/index.js
2022-05-31T06:48:53.945Z - error: [Preview]Uncaught TypeError: The thing you want to instantiate is nil in http://localhost:7456/scripting/engine/bin/.cache/dev/preview/bundled/index.js
2022-05-31T06:54:13.123Z - warn: Metrics: no valid info
