debug: Mon, 23 May 2022 02:52:58 GMT
debug: Project: /Users/mu/work/gitee/cocos-creator-how-to-use/proj/DragonBones/Creator3.5.0_2D_DragonBonesAttach
debug: Targets: editor,preview
debug: Incremental file seems great.
debug: Engine path: /Applications/CocosCreator/Creator/3.5.0/CocosCreator.app/Contents/Resources/resources/3d/engine
debug: Initializing target [Editor]
debug: Loading cache
debug: Loading cache costs 1.598519999999553ms.
debug: Engine features shipped in editor: base,gfx-webgl,gfx-webgl2,3d,animation,skeletal-animation,2d,ui,particle,particle-2d,physics-framework,physics-2d-framework,intersection-2d,primitive,profiler,audio,video,terrain,webview,tween,tiled-map,spine,dragon-bones,marionette
debug: Initializing target [Preview]
debug: Loading cache
debug: Loading cache costs 3.325278999749571ms.
debug: Sync engine features: 2d,3d,animation,audio,base,dragon-bones,gfx-webgl,gfx-webgl2,intersection-2d,marionette,particle,particle-2d,physics-2d-box2d,physics-ammo,primitive,profiler,skeletal-animation,spine,terrain,tiled-map,tween,ui,video,webview
debug: Pulling asset-db.
debug: Fetch asset-db cost: 10.330389000009745ms.
debug: Build iteration starts.
Number of accumulated asset changes: 1
Feature changed: false
debug: Target(editor) build started.
debug: Detected change: cce:/internal/x/cc. Last mtime: Thu Jan 01 1970 08:00:20 GMT+0800 (中国标准时间), Current mtime: Thu Jan 01 1970 08:00:21 GMT+0800 (中国标准时间)
debug: Inspect cce:/internal/x/cc
debug: Resolve cce:/internal/x/cc-fu/base from cce:/internal/x/cc as external dependency cce:/internal/x/cc-fu/base.
debug: Resolve cce:/internal/x/cc-fu/gfx-webgl from cce:/internal/x/cc as external dependency cce:/internal/x/cc-fu/gfx-webgl.
debug: Resolve cce:/internal/x/cc-fu/gfx-webgl2 from cce:/internal/x/cc as external dependency cce:/internal/x/cc-fu/gfx-webgl2.
debug: Resolve cce:/internal/x/cc-fu/3d from cce:/internal/x/cc as external dependency cce:/internal/x/cc-fu/3d.
debug: Resolve cce:/internal/x/cc-fu/animation from cce:/internal/x/cc as external dependency cce:/internal/x/cc-fu/animation.
debug: Resolve cce:/internal/x/cc-fu/skeletal-animation from cce:/internal/x/cc as external dependency cce:/internal/x/cc-fu/skeletal-animation.
debug: Resolve cce:/internal/x/cc-fu/2d from cce:/internal/x/cc as external dependency cce:/internal/x/cc-fu/2d.
debug: Resolve cce:/internal/x/cc-fu/ui from cce:/internal/x/cc as external dependency cce:/internal/x/cc-fu/ui.
debug: Resolve cce:/internal/x/cc-fu/particle from cce:/internal/x/cc as external dependency cce:/internal/x/cc-fu/particle.
debug: Resolve cce:/internal/x/cc-fu/particle-2d from cce:/internal/x/cc as external dependency cce:/internal/x/cc-fu/particle-2d.
debug: Resolve cce:/internal/x/cc-fu/physics-framework from cce:/internal/x/cc as external dependency cce:/internal/x/cc-fu/physics-framework.
debug: Resolve cce:/internal/x/cc-fu/physics-2d-framework from cce:/internal/x/cc as external dependency cce:/internal/x/cc-fu/physics-2d-framework.
debug: Resolve cce:/internal/x/cc-fu/intersection-2d from cce:/internal/x/cc as external dependency cce:/internal/x/cc-fu/intersection-2d.
debug: Resolve cce:/internal/x/cc-fu/primitive from cce:/internal/x/cc as external dependency cce:/internal/x/cc-fu/primitive.
debug: Resolve cce:/internal/x/cc-fu/profiler from cce:/internal/x/cc as external dependency cce:/internal/x/cc-fu/profiler.
debug: Resolve cce:/internal/x/cc-fu/audio from cce:/internal/x/cc as external dependency cce:/internal/x/cc-fu/audio.
debug: Resolve cce:/internal/x/cc-fu/video from cce:/internal/x/cc as external dependency cce:/internal/x/cc-fu/video.
debug: Resolve cce:/internal/x/cc-fu/terrain from cce:/internal/x/cc as external dependency cce:/internal/x/cc-fu/terrain.
debug: Resolve cce:/internal/x/cc-fu/webview from cce:/internal/x/cc as external dependency cce:/internal/x/cc-fu/webview.
debug: Resolve cce:/internal/x/cc-fu/tween from cce:/internal/x/cc as external dependency cce:/internal/x/cc-fu/tween.
debug: Resolve cce:/internal/x/cc-fu/tiled-map from cce:/internal/x/cc as external dependency cce:/internal/x/cc-fu/tiled-map.
debug: Resolve cce:/internal/x/cc-fu/spine from cce:/internal/x/cc as external dependency cce:/internal/x/cc-fu/spine.
debug: Resolve cce:/internal/x/cc-fu/dragon-bones from cce:/internal/x/cc as external dependency cce:/internal/x/cc-fu/dragon-bones.
debug: Detected change: cce:/internal/x/prerequisite-imports. Last mtime: Thu Jan 01 1970 08:00:20 GMT+0800 (中国标准时间), Current mtime: Thu Jan 01 1970 08:00:21 GMT+0800 (中国标准时间)
debug: Inspect cce:/internal/x/prerequisite-imports
debug: Resolve file:///Users/mu/work/gitee/cocos-creator-how-to-use/proj/DragonBones/Creator3.5.0_2D_DragonBonesAttach/assets/script/DragonBonesAttach.ts from cce:/internal/x/prerequisite-imports as file:///Users/mu/work/gitee/cocos-creator-how-to-use/proj/DragonBones/Creator3.5.0_2D_DragonBonesAttach/assets/script/DragonBonesAttach.ts.
debug: Target(editor) ends with cost 427.58007099991664ms.
debug: Target(preview) build started.
debug: Detected change: cce:/internal/x/cc. Last mtime: Thu Jan 01 1970 08:00:20 GMT+0800 (中国标准时间), Current mtime: Thu Jan 01 1970 08:00:21 GMT+0800 (中国标准时间)
debug: Inspect cce:/internal/x/cc
debug: Resolve cce:/internal/x/cc-fu/2d from cce:/internal/x/cc as external dependency cce:/internal/x/cc-fu/2d.
debug: Resolve cce:/internal/x/cc-fu/3d from cce:/internal/x/cc as external dependency cce:/internal/x/cc-fu/3d.
debug: Resolve cce:/internal/x/cc-fu/animation from cce:/internal/x/cc as external dependency cce:/internal/x/cc-fu/animation.
debug: Resolve cce:/internal/x/cc-fu/audio from cce:/internal/x/cc as external dependency cce:/internal/x/cc-fu/audio.
debug: Resolve cce:/internal/x/cc-fu/base from cce:/internal/x/cc as external dependency cce:/internal/x/cc-fu/base.
debug: Resolve cce:/internal/x/cc-fu/dragon-bones from cce:/internal/x/cc as external dependency cce:/internal/x/cc-fu/dragon-bones.
debug: Resolve cce:/internal/x/cc-fu/gfx-webgl from cce:/internal/x/cc as external dependency cce:/internal/x/cc-fu/gfx-webgl.
debug: Resolve cce:/internal/x/cc-fu/gfx-webgl2 from cce:/internal/x/cc as external dependency cce:/internal/x/cc-fu/gfx-webgl2.
debug: Resolve cce:/internal/x/cc-fu/intersection-2d from cce:/internal/x/cc as external dependency cce:/internal/x/cc-fu/intersection-2d.
debug: Resolve cce:/internal/x/cc-fu/particle from cce:/internal/x/cc as external dependency cce:/internal/x/cc-fu/particle.
debug: Resolve cce:/internal/x/cc-fu/particle-2d from cce:/internal/x/cc as external dependency cce:/internal/x/cc-fu/particle-2d.
debug: Resolve cce:/internal/x/cc-fu/physics-2d-box2d from cce:/internal/x/cc as external dependency cce:/internal/x/cc-fu/physics-2d-box2d.
debug: Resolve cce:/internal/x/cc-fu/physics-2d-framework from cce:/internal/x/cc as external dependency cce:/internal/x/cc-fu/physics-2d-framework.
debug: Resolve cce:/internal/x/cc-fu/physics-ammo from cce:/internal/x/cc as external dependency cce:/internal/x/cc-fu/physics-ammo.
debug: Resolve cce:/internal/x/cc-fu/physics-framework from cce:/internal/x/cc as external dependency cce:/internal/x/cc-fu/physics-framework.
debug: Resolve cce:/internal/x/cc-fu/wait-for-ammo-instantiation from cce:/internal/x/cc as external dependency cce:/internal/x/cc-fu/wait-for-ammo-instantiation.
debug: Resolve cce:/internal/x/cc-fu/primitive from cce:/internal/x/cc as external dependency cce:/internal/x/cc-fu/primitive.
debug: Resolve cce:/internal/x/cc-fu/profiler from cce:/internal/x/cc as external dependency cce:/internal/x/cc-fu/profiler.
debug: Resolve cce:/internal/x/cc-fu/skeletal-animation from cce:/internal/x/cc as external dependency cce:/internal/x/cc-fu/skeletal-animation.
debug: Resolve cce:/internal/x/cc-fu/spine from cce:/internal/x/cc as external dependency cce:/internal/x/cc-fu/spine.
debug: Resolve cce:/internal/x/cc-fu/terrain from cce:/internal/x/cc as external dependency cce:/internal/x/cc-fu/terrain.
debug: Resolve cce:/internal/x/cc-fu/tiled-map from cce:/internal/x/cc as external dependency cce:/internal/x/cc-fu/tiled-map.
debug: Resolve cce:/internal/x/cc-fu/tween from cce:/internal/x/cc as external dependency cce:/internal/x/cc-fu/tween.
debug: Resolve cce:/internal/x/cc-fu/ui from cce:/internal/x/cc as external dependency cce:/internal/x/cc-fu/ui.
debug: Resolve cce:/internal/x/cc-fu/video from cce:/internal/x/cc as external dependency cce:/internal/x/cc-fu/video.
debug: Resolve cce:/internal/x/cc-fu/webview from cce:/internal/x/cc as external dependency cce:/internal/x/cc-fu/webview.
debug: Detected change: cce:/internal/x/prerequisite-imports. Last mtime: Thu Jan 01 1970 08:00:21 GMT+0800 (中国标准时间), Current mtime: Thu Jan 01 1970 08:00:22 GMT+0800 (中国标准时间)
debug: Inspect cce:/internal/x/prerequisite-imports
debug: Resolve file:///Users/mu/work/gitee/cocos-creator-how-to-use/proj/DragonBones/Creator3.5.0_2D_DragonBonesAttach/assets/script/DragonBonesAttach.ts from cce:/internal/x/prerequisite-imports as file:///Users/mu/work/gitee/cocos-creator-how-to-use/proj/DragonBones/Creator3.5.0_2D_DragonBonesAttach/assets/script/DragonBonesAttach.ts.
debug: Target(preview) ends with cost 260.2537709996104ms.
debug: Dispatch build request for time accumulated 1 asset changes.
debug: Build iteration starts.
Number of accumulated asset changes: 1
Feature changed: false
debug: Target(editor) build started.
debug: Detected change: cce:/internal/x/prerequisite-imports. Last mtime: Thu Jan 01 1970 08:00:21 GMT+0800 (中国标准时间), Current mtime: Thu Jan 01 1970 08:02:29 GMT+0800 (中国标准时间)
debug: Inspect cce:/internal/x/prerequisite-imports
debug: Resolve file:///Users/mu/work/gitee/cocos-creator-how-to-use/proj/DragonBones/Creator3.5.0_2D_DragonBonesAttach/assets/script/DragonBonesAttach.ts from cce:/internal/x/prerequisite-imports as file:///Users/mu/work/gitee/cocos-creator-how-to-use/proj/DragonBones/Creator3.5.0_2D_DragonBonesAttach/assets/script/DragonBonesAttach.ts.
debug: Create cjs interop url for 'file:///Users/mu/work/gitee/cocos-creator-how-to-use/proj/DragonBones/Creator3.5.0_2D_DragonBonesAttach/assets/script/FixDragonBonesAttachBug.js'
debug: Resolve file:///Users/mu/work/gitee/cocos-creator-how-to-use/proj/DragonBones/Creator3.5.0_2D_DragonBonesAttach/assets/script/FixDragonBonesAttachBug.js from cce:/internal/x/prerequisite-imports as file:///Users/mu/work/gitee/cocos-creator-how-to-use/proj/DragonBones/Creator3.5.0_2D_DragonBonesAttach/assets/script/FixDragonBonesAttachBug.mjs?cjs=&original=.js.
debug: Inspect file:///Users/mu/work/gitee/cocos-creator-how-to-use/proj/DragonBones/Creator3.5.0_2D_DragonBonesAttach/assets/script/FixDragonBonesAttachBug.mjs?cjs=&original=.js
debug: Resolve cce:/internal/code-quality/cr.mjs from file:///Users/mu/work/gitee/cocos-creator-how-to-use/proj/DragonBones/Creator3.5.0_2D_DragonBonesAttach/assets/script/FixDragonBonesAttachBug.mjs?cjs=&original=.js as cce:/internal/code-quality/cr.mjs.
debug: Inspect cce:/internal/code-quality/cr.mjs
debug: Resolve ./FixDragonBonesAttachBug.js from file:///Users/mu/work/gitee/cocos-creator-how-to-use/proj/DragonBones/Creator3.5.0_2D_DragonBonesAttach/assets/script/FixDragonBonesAttachBug.mjs?cjs=&original=.js as file:///Users/mu/work/gitee/cocos-creator-how-to-use/proj/DragonBones/Creator3.5.0_2D_DragonBonesAttach/assets/script/FixDragonBonesAttachBug.js.
debug: Inspect file:///Users/mu/work/gitee/cocos-creator-how-to-use/proj/DragonBones/Creator3.5.0_2D_DragonBonesAttach/assets/script/FixDragonBonesAttachBug.js
debug: Resolve cce:/internal/ml/cjs-loader.mjs from file:///Users/mu/work/gitee/cocos-creator-how-to-use/proj/DragonBones/Creator3.5.0_2D_DragonBonesAttach/assets/script/FixDragonBonesAttachBug.js as cce:/internal/ml/cjs-loader.mjs.
debug: Inspect cce:/internal/ml/cjs-loader.mjs
debug: Resolve cce:/internal/ml/cjs-loader.mjs from file:///Users/mu/work/gitee/cocos-creator-how-to-use/proj/DragonBones/Creator3.5.0_2D_DragonBonesAttach/assets/script/FixDragonBonesAttachBug.mjs?cjs=&original=.js as cce:/internal/ml/cjs-loader.mjs.
debug: Resolve ./FixDragonBonesAttachBug.js from file:///Users/mu/work/gitee/cocos-creator-how-to-use/proj/DragonBones/Creator3.5.0_2D_DragonBonesAttach/assets/script/FixDragonBonesAttachBug.mjs?cjs=&original=.js as file:///Users/mu/work/gitee/cocos-creator-how-to-use/proj/DragonBones/Creator3.5.0_2D_DragonBonesAttach/assets/script/FixDragonBonesAttachBug.js.
debug: Resolve ./FixDragonBonesAttachBug.js from file:///Users/mu/work/gitee/cocos-creator-how-to-use/proj/DragonBones/Creator3.5.0_2D_DragonBonesAttach/assets/script/FixDragonBonesAttachBug.mjs?cjs=&original=.js as file:///Users/mu/work/gitee/cocos-creator-how-to-use/proj/DragonBones/Creator3.5.0_2D_DragonBonesAttach/assets/script/FixDragonBonesAttachBug.js.
debug: Create cjs interop url for 'file:///Users/mu/work/gitee/cocos-creator-how-to-use/proj/DragonBones/Creator3.5.0_2D_DragonBonesAttach/assets/script/FixDragonBonesAttachBug.js'
debug: Target(editor) ends with cost 262.27304799994454ms.
debug: Target(preview) build started.
debug: Detected change: cce:/internal/x/prerequisite-imports. Last mtime: Thu Jan 01 1970 08:00:22 GMT+0800 (中国标准时间), Current mtime: Thu Jan 01 1970 08:02:29 GMT+0800 (中国标准时间)
debug: Inspect cce:/internal/x/prerequisite-imports
debug: Resolve file:///Users/mu/work/gitee/cocos-creator-how-to-use/proj/DragonBones/Creator3.5.0_2D_DragonBonesAttach/assets/script/DragonBonesAttach.ts from cce:/internal/x/prerequisite-imports as file:///Users/mu/work/gitee/cocos-creator-how-to-use/proj/DragonBones/Creator3.5.0_2D_DragonBonesAttach/assets/script/DragonBonesAttach.ts.
debug: Create cjs interop url for 'file:///Users/mu/work/gitee/cocos-creator-how-to-use/proj/DragonBones/Creator3.5.0_2D_DragonBonesAttach/assets/script/FixDragonBonesAttachBug.js'
debug: Resolve file:///Users/mu/work/gitee/cocos-creator-how-to-use/proj/DragonBones/Creator3.5.0_2D_DragonBonesAttach/assets/script/FixDragonBonesAttachBug.js from cce:/internal/x/prerequisite-imports as file:///Users/mu/work/gitee/cocos-creator-how-to-use/proj/DragonBones/Creator3.5.0_2D_DragonBonesAttach/assets/script/FixDragonBonesAttachBug.mjs?cjs=&original=.js.
debug: Inspect file:///Users/mu/work/gitee/cocos-creator-how-to-use/proj/DragonBones/Creator3.5.0_2D_DragonBonesAttach/assets/script/FixDragonBonesAttachBug.mjs?cjs=&original=.js
debug: Resolve cce:/internal/code-quality/cr.mjs from file:///Users/mu/work/gitee/cocos-creator-how-to-use/proj/DragonBones/Creator3.5.0_2D_DragonBonesAttach/assets/script/FixDragonBonesAttachBug.mjs?cjs=&original=.js as cce:/internal/code-quality/cr.mjs.
debug: Inspect cce:/internal/code-quality/cr.mjs
debug: Resolve ./FixDragonBonesAttachBug.js from file:///Users/mu/work/gitee/cocos-creator-how-to-use/proj/DragonBones/Creator3.5.0_2D_DragonBonesAttach/assets/script/FixDragonBonesAttachBug.mjs?cjs=&original=.js as file:///Users/mu/work/gitee/cocos-creator-how-to-use/proj/DragonBones/Creator3.5.0_2D_DragonBonesAttach/assets/script/FixDragonBonesAttachBug.js.
debug: Inspect file:///Users/mu/work/gitee/cocos-creator-how-to-use/proj/DragonBones/Creator3.5.0_2D_DragonBonesAttach/assets/script/FixDragonBonesAttachBug.js
debug: Resolve cce:/internal/ml/cjs-loader.mjs from file:///Users/mu/work/gitee/cocos-creator-how-to-use/proj/DragonBones/Creator3.5.0_2D_DragonBonesAttach/assets/script/FixDragonBonesAttachBug.js as cce:/internal/ml/cjs-loader.mjs.
debug: Inspect cce:/internal/ml/cjs-loader.mjs
debug: Resolve cce:/internal/ml/cjs-loader.mjs from file:///Users/mu/work/gitee/cocos-creator-how-to-use/proj/DragonBones/Creator3.5.0_2D_DragonBonesAttach/assets/script/FixDragonBonesAttachBug.mjs?cjs=&original=.js as cce:/internal/ml/cjs-loader.mjs.
debug: Resolve ./FixDragonBonesAttachBug.js from file:///Users/mu/work/gitee/cocos-creator-how-to-use/proj/DragonBones/Creator3.5.0_2D_DragonBonesAttach/assets/script/FixDragonBonesAttachBug.mjs?cjs=&original=.js as file:///Users/mu/work/gitee/cocos-creator-how-to-use/proj/DragonBones/Creator3.5.0_2D_DragonBonesAttach/assets/script/FixDragonBonesAttachBug.js.
debug: Resolve ./FixDragonBonesAttachBug.js from file:///Users/mu/work/gitee/cocos-creator-how-to-use/proj/DragonBones/Creator3.5.0_2D_DragonBonesAttach/assets/script/FixDragonBonesAttachBug.mjs?cjs=&original=.js as file:///Users/mu/work/gitee/cocos-creator-how-to-use/proj/DragonBones/Creator3.5.0_2D_DragonBonesAttach/assets/script/FixDragonBonesAttachBug.js.
debug: Create cjs interop url for 'file:///Users/mu/work/gitee/cocos-creator-how-to-use/proj/DragonBones/Creator3.5.0_2D_DragonBonesAttach/assets/script/FixDragonBonesAttachBug.js'
debug: Target(preview) ends with cost 636.7469850000925ms.
debug: Dispatch build request for time accumulated 1 asset changes.
debug: Build iteration starts.
Number of accumulated asset changes: 1
Feature changed: false
debug: Target(editor) build started.
debug: Detected change: cce:/internal/x/prerequisite-imports. Last mtime: Thu Jan 01 1970 08:02:29 GMT+0800 (中国标准时间), Current mtime: Thu Jan 01 1970 08:12:10 GMT+0800 (中国标准时间)
debug: Inspect cce:/internal/x/prerequisite-imports
debug: Resolve file:///Users/mu/work/gitee/cocos-creator-how-to-use/proj/DragonBones/Creator3.5.0_2D_DragonBonesAttach/assets/script/DragonBonesAttach.ts from cce:/internal/x/prerequisite-imports as file:///Users/mu/work/gitee/cocos-creator-how-to-use/proj/DragonBones/Creator3.5.0_2D_DragonBonesAttach/assets/script/DragonBonesAttach.ts.
debug: Create cjs interop url for 'file:///Users/mu/work/gitee/cocos-creator-how-to-use/proj/DragonBones/Creator3.5.0_2D_DragonBonesAttach/assets/script/FixDragonBonesAttachBug.js'
debug: Resolve file:///Users/mu/work/gitee/cocos-creator-how-to-use/proj/DragonBones/Creator3.5.0_2D_DragonBonesAttach/assets/script/FixDragonBonesAttachBug.js from cce:/internal/x/prerequisite-imports as file:///Users/mu/work/gitee/cocos-creator-how-to-use/proj/DragonBones/Creator3.5.0_2D_DragonBonesAttach/assets/script/FixDragonBonesAttachBug.mjs?cjs=&original=.js.
debug: Detected change: file:///Users/mu/work/gitee/cocos-creator-how-to-use/proj/DragonBones/Creator3.5.0_2D_DragonBonesAttach/assets/script/FixDragonBonesAttachBug.mjs?cjs=&original=.js. Last mtime: Mon May 23 2022 10:53:30 GMT+0800 (中国标准时间), Current mtime: Mon May 23 2022 11:04:43 GMT+0800 (中国标准时间)
debug: Inspect file:///Users/mu/work/gitee/cocos-creator-how-to-use/proj/DragonBones/Creator3.5.0_2D_DragonBonesAttach/assets/script/FixDragonBonesAttachBug.mjs?cjs=&original=.js
debug: Resolve cce:/internal/code-quality/cr.mjs from file:///Users/mu/work/gitee/cocos-creator-how-to-use/proj/DragonBones/Creator3.5.0_2D_DragonBonesAttach/assets/script/FixDragonBonesAttachBug.mjs?cjs=&original=.js as cce:/internal/code-quality/cr.mjs.
debug: Resolve ./FixDragonBonesAttachBug.js from file:///Users/mu/work/gitee/cocos-creator-how-to-use/proj/DragonBones/Creator3.5.0_2D_DragonBonesAttach/assets/script/FixDragonBonesAttachBug.mjs?cjs=&original=.js as file:///Users/mu/work/gitee/cocos-creator-how-to-use/proj/DragonBones/Creator3.5.0_2D_DragonBonesAttach/assets/script/FixDragonBonesAttachBug.js.
debug: Detected change: file:///Users/mu/work/gitee/cocos-creator-how-to-use/proj/DragonBones/Creator3.5.0_2D_DragonBonesAttach/assets/script/FixDragonBonesAttachBug.js. Last mtime: Mon May 23 2022 10:53:30 GMT+0800 (中国标准时间)@f60e851a-23f0-4253-b630-36d71f14c063, Current mtime: Mon May 23 2022 11:04:43 GMT+0800 (中国标准时间)@f60e851a-23f0-4253-b630-36d71f14c063
debug: Inspect file:///Users/mu/work/gitee/cocos-creator-how-to-use/proj/DragonBones/Creator3.5.0_2D_DragonBonesAttach/assets/script/FixDragonBonesAttachBug.js
debug: Resolve cce:/internal/ml/cjs-loader.mjs from file:///Users/mu/work/gitee/cocos-creator-how-to-use/proj/DragonBones/Creator3.5.0_2D_DragonBonesAttach/assets/script/FixDragonBonesAttachBug.js as cce:/internal/ml/cjs-loader.mjs.
debug: Resolve cce:/internal/ml/cjs-loader.mjs from file:///Users/mu/work/gitee/cocos-creator-how-to-use/proj/DragonBones/Creator3.5.0_2D_DragonBonesAttach/assets/script/FixDragonBonesAttachBug.mjs?cjs=&original=.js as cce:/internal/ml/cjs-loader.mjs.
debug: Resolve ./FixDragonBonesAttachBug.js from file:///Users/mu/work/gitee/cocos-creator-how-to-use/proj/DragonBones/Creator3.5.0_2D_DragonBonesAttach/assets/script/FixDragonBonesAttachBug.mjs?cjs=&original=.js as file:///Users/mu/work/gitee/cocos-creator-how-to-use/proj/DragonBones/Creator3.5.0_2D_DragonBonesAttach/assets/script/FixDragonBonesAttachBug.js.
debug: Resolve ./FixDragonBonesAttachBug.js from file:///Users/mu/work/gitee/cocos-creator-how-to-use/proj/DragonBones/Creator3.5.0_2D_DragonBonesAttach/assets/script/FixDragonBonesAttachBug.mjs?cjs=&original=.js as file:///Users/mu/work/gitee/cocos-creator-how-to-use/proj/DragonBones/Creator3.5.0_2D_DragonBonesAttach/assets/script/FixDragonBonesAttachBug.js.
debug: Create cjs interop url for 'file:///Users/mu/work/gitee/cocos-creator-how-to-use/proj/DragonBones/Creator3.5.0_2D_DragonBonesAttach/assets/script/FixDragonBonesAttachBug.js'
debug: Target(editor) ends with cost 164.820179999806ms.
debug: Target(preview) build started.
debug: Detected change: cce:/internal/x/prerequisite-imports. Last mtime: Thu Jan 01 1970 08:02:29 GMT+0800 (中国标准时间), Current mtime: Thu Jan 01 1970 08:12:10 GMT+0800 (中国标准时间)
debug: Inspect cce:/internal/x/prerequisite-imports
debug: Resolve file:///Users/mu/work/gitee/cocos-creator-how-to-use/proj/DragonBones/Creator3.5.0_2D_DragonBonesAttach/assets/script/DragonBonesAttach.ts from cce:/internal/x/prerequisite-imports as file:///Users/mu/work/gitee/cocos-creator-how-to-use/proj/DragonBones/Creator3.5.0_2D_DragonBonesAttach/assets/script/DragonBonesAttach.ts.
debug: Create cjs interop url for 'file:///Users/mu/work/gitee/cocos-creator-how-to-use/proj/DragonBones/Creator3.5.0_2D_DragonBonesAttach/assets/script/FixDragonBonesAttachBug.js'
debug: Resolve file:///Users/mu/work/gitee/cocos-creator-how-to-use/proj/DragonBones/Creator3.5.0_2D_DragonBonesAttach/assets/script/FixDragonBonesAttachBug.js from cce:/internal/x/prerequisite-imports as file:///Users/mu/work/gitee/cocos-creator-how-to-use/proj/DragonBones/Creator3.5.0_2D_DragonBonesAttach/assets/script/FixDragonBonesAttachBug.mjs?cjs=&original=.js.
debug: Detected change: file:///Users/mu/work/gitee/cocos-creator-how-to-use/proj/DragonBones/Creator3.5.0_2D_DragonBonesAttach/assets/script/FixDragonBonesAttachBug.mjs?cjs=&original=.js. Last mtime: Mon May 23 2022 10:53:30 GMT+0800 (中国标准时间), Current mtime: Mon May 23 2022 11:04:43 GMT+0800 (中国标准时间)
debug: Inspect file:///Users/mu/work/gitee/cocos-creator-how-to-use/proj/DragonBones/Creator3.5.0_2D_DragonBonesAttach/assets/script/FixDragonBonesAttachBug.mjs?cjs=&original=.js
debug: Resolve cce:/internal/code-quality/cr.mjs from file:///Users/mu/work/gitee/cocos-creator-how-to-use/proj/DragonBones/Creator3.5.0_2D_DragonBonesAttach/assets/script/FixDragonBonesAttachBug.mjs?cjs=&original=.js as cce:/internal/code-quality/cr.mjs.
debug: Resolve ./FixDragonBonesAttachBug.js from file:///Users/mu/work/gitee/cocos-creator-how-to-use/proj/DragonBones/Creator3.5.0_2D_DragonBonesAttach/assets/script/FixDragonBonesAttachBug.mjs?cjs=&original=.js as file:///Users/mu/work/gitee/cocos-creator-how-to-use/proj/DragonBones/Creator3.5.0_2D_DragonBonesAttach/assets/script/FixDragonBonesAttachBug.js.
debug: Detected change: file:///Users/mu/work/gitee/cocos-creator-how-to-use/proj/DragonBones/Creator3.5.0_2D_DragonBonesAttach/assets/script/FixDragonBonesAttachBug.js. Last mtime: Mon May 23 2022 10:53:30 GMT+0800 (中国标准时间)@f60e851a-23f0-4253-b630-36d71f14c063, Current mtime: Mon May 23 2022 11:04:43 GMT+0800 (中国标准时间)@f60e851a-23f0-4253-b630-36d71f14c063
debug: Inspect file:///Users/mu/work/gitee/cocos-creator-how-to-use/proj/DragonBones/Creator3.5.0_2D_DragonBonesAttach/assets/script/FixDragonBonesAttachBug.js
debug: Resolve cce:/internal/ml/cjs-loader.mjs from file:///Users/mu/work/gitee/cocos-creator-how-to-use/proj/DragonBones/Creator3.5.0_2D_DragonBonesAttach/assets/script/FixDragonBonesAttachBug.js as cce:/internal/ml/cjs-loader.mjs.
debug: Resolve cce:/internal/ml/cjs-loader.mjs from file:///Users/mu/work/gitee/cocos-creator-how-to-use/proj/DragonBones/Creator3.5.0_2D_DragonBonesAttach/assets/script/FixDragonBonesAttachBug.mjs?cjs=&original=.js as cce:/internal/ml/cjs-loader.mjs.
debug: Resolve ./FixDragonBonesAttachBug.js from file:///Users/mu/work/gitee/cocos-creator-how-to-use/proj/DragonBones/Creator3.5.0_2D_DragonBonesAttach/assets/script/FixDragonBonesAttachBug.mjs?cjs=&original=.js as file:///Users/mu/work/gitee/cocos-creator-how-to-use/proj/DragonBones/Creator3.5.0_2D_DragonBonesAttach/assets/script/FixDragonBonesAttachBug.js.
debug: Resolve ./FixDragonBonesAttachBug.js from file:///Users/mu/work/gitee/cocos-creator-how-to-use/proj/DragonBones/Creator3.5.0_2D_DragonBonesAttach/assets/script/FixDragonBonesAttachBug.mjs?cjs=&original=.js as file:///Users/mu/work/gitee/cocos-creator-how-to-use/proj/DragonBones/Creator3.5.0_2D_DragonBonesAttach/assets/script/FixDragonBonesAttachBug.js.
debug: Create cjs interop url for 'file:///Users/mu/work/gitee/cocos-creator-how-to-use/proj/DragonBones/Creator3.5.0_2D_DragonBonesAttach/assets/script/FixDragonBonesAttachBug.js'
debug: Target(preview) ends with cost 401.282040999271ms.
debug: Dispatch build request for time accumulated 1 asset changes.
debug: Build iteration starts.
Number of accumulated asset changes: 1
Feature changed: false
debug: Target(editor) build started.
debug: Detected change: cce:/internal/x/prerequisite-imports. Last mtime: Thu Jan 01 1970 08:12:10 GMT+0800 (中国标准时间), Current mtime: Thu Jan 01 1970 08:15:00 GMT+0800 (中国标准时间)
debug: Inspect cce:/internal/x/prerequisite-imports
debug: Resolve file:///Users/mu/work/gitee/cocos-creator-how-to-use/proj/DragonBones/Creator3.5.0_2D_DragonBonesAttach/assets/script/DragonBonesAttach.ts from cce:/internal/x/prerequisite-imports as file:///Users/mu/work/gitee/cocos-creator-how-to-use/proj/DragonBones/Creator3.5.0_2D_DragonBonesAttach/assets/script/DragonBonesAttach.ts.
debug: Create cjs interop url for 'file:///Users/mu/work/gitee/cocos-creator-how-to-use/proj/DragonBones/Creator3.5.0_2D_DragonBonesAttach/assets/script/FixDragonBonesAttachBug.js'
debug: Resolve file:///Users/mu/work/gitee/cocos-creator-how-to-use/proj/DragonBones/Creator3.5.0_2D_DragonBonesAttach/assets/script/FixDragonBonesAttachBug.js from cce:/internal/x/prerequisite-imports as file:///Users/mu/work/gitee/cocos-creator-how-to-use/proj/DragonBones/Creator3.5.0_2D_DragonBonesAttach/assets/script/FixDragonBonesAttachBug.mjs?cjs=&original=.js.
debug: Detected change: file:///Users/mu/work/gitee/cocos-creator-how-to-use/proj/DragonBones/Creator3.5.0_2D_DragonBonesAttach/assets/script/FixDragonBonesAttachBug.mjs?cjs=&original=.js. Last mtime: Mon May 23 2022 11:04:43 GMT+0800 (中国标准时间), Current mtime: Mon May 23 2022 11:07:26 GMT+0800 (中国标准时间)
debug: Inspect file:///Users/mu/work/gitee/cocos-creator-how-to-use/proj/DragonBones/Creator3.5.0_2D_DragonBonesAttach/assets/script/FixDragonBonesAttachBug.mjs?cjs=&original=.js
debug: Resolve cce:/internal/code-quality/cr.mjs from file:///Users/mu/work/gitee/cocos-creator-how-to-use/proj/DragonBones/Creator3.5.0_2D_DragonBonesAttach/assets/script/FixDragonBonesAttachBug.mjs?cjs=&original=.js as cce:/internal/code-quality/cr.mjs.
debug: Resolve ./FixDragonBonesAttachBug.js from file:///Users/mu/work/gitee/cocos-creator-how-to-use/proj/DragonBones/Creator3.5.0_2D_DragonBonesAttach/assets/script/FixDragonBonesAttachBug.mjs?cjs=&original=.js as file:///Users/mu/work/gitee/cocos-creator-how-to-use/proj/DragonBones/Creator3.5.0_2D_DragonBonesAttach/assets/script/FixDragonBonesAttachBug.js.
debug: Detected change: file:///Users/mu/work/gitee/cocos-creator-how-to-use/proj/DragonBones/Creator3.5.0_2D_DragonBonesAttach/assets/script/FixDragonBonesAttachBug.js. Last mtime: Mon May 23 2022 11:04:43 GMT+0800 (中国标准时间)@f60e851a-23f0-4253-b630-36d71f14c063, Current mtime: Mon May 23 2022 11:07:26 GMT+0800 (中国标准时间)@f60e851a-23f0-4253-b630-36d71f14c063
debug: Inspect file:///Users/mu/work/gitee/cocos-creator-how-to-use/proj/DragonBones/Creator3.5.0_2D_DragonBonesAttach/assets/script/FixDragonBonesAttachBug.js
debug: Resolve cce:/internal/ml/cjs-loader.mjs from file:///Users/mu/work/gitee/cocos-creator-how-to-use/proj/DragonBones/Creator3.5.0_2D_DragonBonesAttach/assets/script/FixDragonBonesAttachBug.js as cce:/internal/ml/cjs-loader.mjs.
debug: Resolve cce:/internal/ml/cjs-loader.mjs from file:///Users/mu/work/gitee/cocos-creator-how-to-use/proj/DragonBones/Creator3.5.0_2D_DragonBonesAttach/assets/script/FixDragonBonesAttachBug.mjs?cjs=&original=.js as cce:/internal/ml/cjs-loader.mjs.
debug: Resolve ./FixDragonBonesAttachBug.js from file:///Users/mu/work/gitee/cocos-creator-how-to-use/proj/DragonBones/Creator3.5.0_2D_DragonBonesAttach/assets/script/FixDragonBonesAttachBug.mjs?cjs=&original=.js as file:///Users/mu/work/gitee/cocos-creator-how-to-use/proj/DragonBones/Creator3.5.0_2D_DragonBonesAttach/assets/script/FixDragonBonesAttachBug.js.
debug: Resolve ./FixDragonBonesAttachBug.js from file:///Users/mu/work/gitee/cocos-creator-how-to-use/proj/DragonBones/Creator3.5.0_2D_DragonBonesAttach/assets/script/FixDragonBonesAttachBug.mjs?cjs=&original=.js as file:///Users/mu/work/gitee/cocos-creator-how-to-use/proj/DragonBones/Creator3.5.0_2D_DragonBonesAttach/assets/script/FixDragonBonesAttachBug.js.
debug: Create cjs interop url for 'file:///Users/mu/work/gitee/cocos-creator-how-to-use/proj/DragonBones/Creator3.5.0_2D_DragonBonesAttach/assets/script/FixDragonBonesAttachBug.js'
debug: Target(editor) ends with cost 104.11092700064182ms.
debug: Target(preview) build started.
debug: Detected change: cce:/internal/x/prerequisite-imports. Last mtime: Thu Jan 01 1970 08:12:10 GMT+0800 (中国标准时间), Current mtime: Thu Jan 01 1970 08:15:00 GMT+0800 (中国标准时间)
debug: Inspect cce:/internal/x/prerequisite-imports
debug: Resolve file:///Users/mu/work/gitee/cocos-creator-how-to-use/proj/DragonBones/Creator3.5.0_2D_DragonBonesAttach/assets/script/DragonBonesAttach.ts from cce:/internal/x/prerequisite-imports as file:///Users/mu/work/gitee/cocos-creator-how-to-use/proj/DragonBones/Creator3.5.0_2D_DragonBonesAttach/assets/script/DragonBonesAttach.ts.
debug: Create cjs interop url for 'file:///Users/mu/work/gitee/cocos-creator-how-to-use/proj/DragonBones/Creator3.5.0_2D_DragonBonesAttach/assets/script/FixDragonBonesAttachBug.js'
debug: Resolve file:///Users/mu/work/gitee/cocos-creator-how-to-use/proj/DragonBones/Creator3.5.0_2D_DragonBonesAttach/assets/script/FixDragonBonesAttachBug.js from cce:/internal/x/prerequisite-imports as file:///Users/mu/work/gitee/cocos-creator-how-to-use/proj/DragonBones/Creator3.5.0_2D_DragonBonesAttach/assets/script/FixDragonBonesAttachBug.mjs?cjs=&original=.js.
debug: Detected change: file:///Users/mu/work/gitee/cocos-creator-how-to-use/proj/DragonBones/Creator3.5.0_2D_DragonBonesAttach/assets/script/FixDragonBonesAttachBug.mjs?cjs=&original=.js. Last mtime: Mon May 23 2022 11:04:43 GMT+0800 (中国标准时间), Current mtime: Mon May 23 2022 11:07:26 GMT+0800 (中国标准时间)
debug: Inspect file:///Users/mu/work/gitee/cocos-creator-how-to-use/proj/DragonBones/Creator3.5.0_2D_DragonBonesAttach/assets/script/FixDragonBonesAttachBug.mjs?cjs=&original=.js
debug: Resolve cce:/internal/code-quality/cr.mjs from file:///Users/mu/work/gitee/cocos-creator-how-to-use/proj/DragonBones/Creator3.5.0_2D_DragonBonesAttach/assets/script/FixDragonBonesAttachBug.mjs?cjs=&original=.js as cce:/internal/code-quality/cr.mjs.
debug: Resolve ./FixDragonBonesAttachBug.js from file:///Users/mu/work/gitee/cocos-creator-how-to-use/proj/DragonBones/Creator3.5.0_2D_DragonBonesAttach/assets/script/FixDragonBonesAttachBug.mjs?cjs=&original=.js as file:///Users/mu/work/gitee/cocos-creator-how-to-use/proj/DragonBones/Creator3.5.0_2D_DragonBonesAttach/assets/script/FixDragonBonesAttachBug.js.
debug: Detected change: file:///Users/mu/work/gitee/cocos-creator-how-to-use/proj/DragonBones/Creator3.5.0_2D_DragonBonesAttach/assets/script/FixDragonBonesAttachBug.js. Last mtime: Mon May 23 2022 11:04:43 GMT+0800 (中国标准时间)@f60e851a-23f0-4253-b630-36d71f14c063, Current mtime: Mon May 23 2022 11:07:26 GMT+0800 (中国标准时间)@f60e851a-23f0-4253-b630-36d71f14c063
debug: Inspect file:///Users/mu/work/gitee/cocos-creator-how-to-use/proj/DragonBones/Creator3.5.0_2D_DragonBonesAttach/assets/script/FixDragonBonesAttachBug.js
debug: Resolve cce:/internal/ml/cjs-loader.mjs from file:///Users/mu/work/gitee/cocos-creator-how-to-use/proj/DragonBones/Creator3.5.0_2D_DragonBonesAttach/assets/script/FixDragonBonesAttachBug.js as cce:/internal/ml/cjs-loader.mjs.
debug: Resolve cce:/internal/ml/cjs-loader.mjs from file:///Users/mu/work/gitee/cocos-creator-how-to-use/proj/DragonBones/Creator3.5.0_2D_DragonBonesAttach/assets/script/FixDragonBonesAttachBug.mjs?cjs=&original=.js as cce:/internal/ml/cjs-loader.mjs.
debug: Resolve ./FixDragonBonesAttachBug.js from file:///Users/mu/work/gitee/cocos-creator-how-to-use/proj/DragonBones/Creator3.5.0_2D_DragonBonesAttach/assets/script/FixDragonBonesAttachBug.mjs?cjs=&original=.js as file:///Users/mu/work/gitee/cocos-creator-how-to-use/proj/DragonBones/Creator3.5.0_2D_DragonBonesAttach/assets/script/FixDragonBonesAttachBug.js.
debug: Resolve ./FixDragonBonesAttachBug.js from file:///Users/mu/work/gitee/cocos-creator-how-to-use/proj/DragonBones/Creator3.5.0_2D_DragonBonesAttach/assets/script/FixDragonBonesAttachBug.mjs?cjs=&original=.js as file:///Users/mu/work/gitee/cocos-creator-how-to-use/proj/DragonBones/Creator3.5.0_2D_DragonBonesAttach/assets/script/FixDragonBonesAttachBug.js.
debug: Create cjs interop url for 'file:///Users/mu/work/gitee/cocos-creator-how-to-use/proj/DragonBones/Creator3.5.0_2D_DragonBonesAttach/assets/script/FixDragonBonesAttachBug.js'
debug: Target(preview) ends with cost 578.6528639998287ms.
debug: Dispatch build request for time accumulated 1 asset changes.
debug: Build iteration starts.
Number of accumulated asset changes: 1
Feature changed: false
debug: Target(editor) build started.
debug: Detected change: cce:/internal/x/prerequisite-imports. Last mtime: Thu Jan 01 1970 08:15:00 GMT+0800 (中国标准时间), Current mtime: Thu Jan 01 1970 08:16:31 GMT+0800 (中国标准时间)
debug: Inspect cce:/internal/x/prerequisite-imports
debug: Resolve file:///Users/mu/work/gitee/cocos-creator-how-to-use/proj/DragonBones/Creator3.5.0_2D_DragonBonesAttach/assets/script/DragonBonesAttach.ts from cce:/internal/x/prerequisite-imports as file:///Users/mu/work/gitee/cocos-creator-how-to-use/proj/DragonBones/Creator3.5.0_2D_DragonBonesAttach/assets/script/DragonBonesAttach.ts.
debug: Target(editor) ends with cost 17.061499999836087ms.
debug: Target(preview) build started.
debug: Detected change: cce:/internal/x/prerequisite-imports. Last mtime: Thu Jan 01 1970 08:15:00 GMT+0800 (中国标准时间), Current mtime: Thu Jan 01 1970 08:16:31 GMT+0800 (中国标准时间)
debug: Inspect cce:/internal/x/prerequisite-imports
debug: Resolve file:///Users/mu/work/gitee/cocos-creator-how-to-use/proj/DragonBones/Creator3.5.0_2D_DragonBonesAttach/assets/script/DragonBonesAttach.ts from cce:/internal/x/prerequisite-imports as file:///Users/mu/work/gitee/cocos-creator-how-to-use/proj/DragonBones/Creator3.5.0_2D_DragonBonesAttach/assets/script/DragonBonesAttach.ts.
debug: Target(preview) ends with cost 88.74882300011814ms.
debug: Dispatch build request for time accumulated 1 asset changes.
debug: Build iteration starts.
Number of accumulated asset changes: 1
Feature changed: false
debug: Target(editor) build started.
debug: Detected change: cce:/internal/x/prerequisite-imports. Last mtime: Thu Jan 01 1970 08:16:31 GMT+0800 (中国标准时间), Current mtime: Thu Jan 01 1970 08:17:43 GMT+0800 (中国标准时间)
debug: Inspect cce:/internal/x/prerequisite-imports
debug: Resolve file:///Users/mu/work/gitee/cocos-creator-how-to-use/proj/DragonBones/Creator3.5.0_2D_DragonBonesAttach/assets/script/DragonBonesAttach.ts from cce:/internal/x/prerequisite-imports as file:///Users/mu/work/gitee/cocos-creator-how-to-use/proj/DragonBones/Creator3.5.0_2D_DragonBonesAttach/assets/script/DragonBonesAttach.ts.
debug: Detected change: file:///Users/mu/work/gitee/cocos-creator-how-to-use/proj/DragonBones/Creator3.5.0_2D_DragonBonesAttach/assets/script/DragonBonesAttach.ts. Last mtime: Mon May 23 2022 10:31:45 GMT+0800 (中国标准时间)@bd83d1f4-064b-47ae-bc2a-65513658839b, Current mtime: Mon May 23 2022 11:10:18 GMT+0800 (中国标准时间)@bd83d1f4-064b-47ae-bc2a-65513658839b
debug: Inspect file:///Users/mu/work/gitee/cocos-creator-how-to-use/proj/DragonBones/Creator3.5.0_2D_DragonBonesAttach/assets/script/DragonBonesAttach.ts
debug: Resolve cc from file:///Users/mu/work/gitee/cocos-creator-how-to-use/proj/DragonBones/Creator3.5.0_2D_DragonBonesAttach/assets/script/DragonBonesAttach.ts as cce:/internal/x/cc.
debug: Resolve cc from file:///Users/mu/work/gitee/cocos-creator-how-to-use/proj/DragonBones/Creator3.5.0_2D_DragonBonesAttach/assets/script/DragonBonesAttach.ts as cce:/internal/x/cc.
debug: Target(editor) ends with cost 141.36813999991864ms.
debug: Target(preview) build started.
debug: Detected change: cce:/internal/x/prerequisite-imports. Last mtime: Thu Jan 01 1970 08:16:31 GMT+0800 (中国标准时间), Current mtime: Thu Jan 01 1970 08:17:43 GMT+0800 (中国标准时间)
debug: Inspect cce:/internal/x/prerequisite-imports
debug: Resolve file:///Users/mu/work/gitee/cocos-creator-how-to-use/proj/DragonBones/Creator3.5.0_2D_DragonBonesAttach/assets/script/DragonBonesAttach.ts from cce:/internal/x/prerequisite-imports as file:///Users/mu/work/gitee/cocos-creator-how-to-use/proj/DragonBones/Creator3.5.0_2D_DragonBonesAttach/assets/script/DragonBonesAttach.ts.
debug: Detected change: file:///Users/mu/work/gitee/cocos-creator-how-to-use/proj/DragonBones/Creator3.5.0_2D_DragonBonesAttach/assets/script/DragonBonesAttach.ts. Last mtime: Mon May 23 2022 10:31:45 GMT+0800 (中国标准时间)@bd83d1f4-064b-47ae-bc2a-65513658839b, Current mtime: Mon May 23 2022 11:10:18 GMT+0800 (中国标准时间)@bd83d1f4-064b-47ae-bc2a-65513658839b
debug: Inspect file:///Users/mu/work/gitee/cocos-creator-how-to-use/proj/DragonBones/Creator3.5.0_2D_DragonBonesAttach/assets/script/DragonBonesAttach.ts
debug: Resolve cc from file:///Users/mu/work/gitee/cocos-creator-how-to-use/proj/DragonBones/Creator3.5.0_2D_DragonBonesAttach/assets/script/DragonBonesAttach.ts as cce:/internal/x/cc.
debug: Resolve cc from file:///Users/mu/work/gitee/cocos-creator-how-to-use/proj/DragonBones/Creator3.5.0_2D_DragonBonesAttach/assets/script/DragonBonesAttach.ts as cce:/internal/x/cc.
debug: Target(preview) ends with cost 354.9502280000597ms.
debug: Dispatch build request for time accumulated 1 asset changes.
debug: Build iteration starts.
Number of accumulated asset changes: 1
Feature changed: false
debug: Target(editor) build started.
debug: Detected change: cce:/internal/x/prerequisite-imports. Last mtime: Thu Jan 01 1970 08:17:43 GMT+0800 (中国标准时间), Current mtime: Thu Jan 01 1970 08:18:23 GMT+0800 (中国标准时间)
debug: Inspect cce:/internal/x/prerequisite-imports
debug: Resolve file:///Users/mu/work/gitee/cocos-creator-how-to-use/proj/DragonBones/Creator3.5.0_2D_DragonBonesAttach/assets/script/DragonBonesAttach.ts from cce:/internal/x/prerequisite-imports as file:///Users/mu/work/gitee/cocos-creator-how-to-use/proj/DragonBones/Creator3.5.0_2D_DragonBonesAttach/assets/script/DragonBonesAttach.ts.
debug: Detected change: file:///Users/mu/work/gitee/cocos-creator-how-to-use/proj/DragonBones/Creator3.5.0_2D_DragonBonesAttach/assets/script/DragonBonesAttach.ts. Last mtime: Mon May 23 2022 11:10:18 GMT+0800 (中国标准时间)@bd83d1f4-064b-47ae-bc2a-65513658839b, Current mtime: Mon May 23 2022 11:10:57 GMT+0800 (中国标准时间)@bd83d1f4-064b-47ae-bc2a-65513658839b
debug: Inspect file:///Users/mu/work/gitee/cocos-creator-how-to-use/proj/DragonBones/Creator3.5.0_2D_DragonBonesAttach/assets/script/DragonBonesAttach.ts
debug: Resolve cc from file:///Users/mu/work/gitee/cocos-creator-how-to-use/proj/DragonBones/Creator3.5.0_2D_DragonBonesAttach/assets/script/DragonBonesAttach.ts as cce:/internal/x/cc.
debug: Resolve cc from file:///Users/mu/work/gitee/cocos-creator-how-to-use/proj/DragonBones/Creator3.5.0_2D_DragonBonesAttach/assets/script/DragonBonesAttach.ts as cce:/internal/x/cc.
debug: Target(editor) ends with cost 111.27430399972945ms.
debug: Target(preview) build started.
debug: Detected change: cce:/internal/x/prerequisite-imports. Last mtime: Thu Jan 01 1970 08:17:43 GMT+0800 (中国标准时间), Current mtime: Thu Jan 01 1970 08:18:23 GMT+0800 (中国标准时间)
debug: Inspect cce:/internal/x/prerequisite-imports
debug: Resolve file:///Users/mu/work/gitee/cocos-creator-how-to-use/proj/DragonBones/Creator3.5.0_2D_DragonBonesAttach/assets/script/DragonBonesAttach.ts from cce:/internal/x/prerequisite-imports as file:///Users/mu/work/gitee/cocos-creator-how-to-use/proj/DragonBones/Creator3.5.0_2D_DragonBonesAttach/assets/script/DragonBonesAttach.ts.
debug: Detected change: file:///Users/mu/work/gitee/cocos-creator-how-to-use/proj/DragonBones/Creator3.5.0_2D_DragonBonesAttach/assets/script/DragonBonesAttach.ts. Last mtime: Mon May 23 2022 11:10:18 GMT+0800 (中国标准时间)@bd83d1f4-064b-47ae-bc2a-65513658839b, Current mtime: Mon May 23 2022 11:10:57 GMT+0800 (中国标准时间)@bd83d1f4-064b-47ae-bc2a-65513658839b
debug: Inspect file:///Users/mu/work/gitee/cocos-creator-how-to-use/proj/DragonBones/Creator3.5.0_2D_DragonBonesAttach/assets/script/DragonBonesAttach.ts
debug: Resolve cc from file:///Users/mu/work/gitee/cocos-creator-how-to-use/proj/DragonBones/Creator3.5.0_2D_DragonBonesAttach/assets/script/DragonBonesAttach.ts as cce:/internal/x/cc.
debug: Resolve cc from file:///Users/mu/work/gitee/cocos-creator-how-to-use/proj/DragonBones/Creator3.5.0_2D_DragonBonesAttach/assets/script/DragonBonesAttach.ts as cce:/internal/x/cc.
debug: Target(preview) ends with cost 438.58461599983275ms.
debug: Dispatch build request for time accumulated 1 asset changes.
debug: Build iteration starts.
Number of accumulated asset changes: 1
Feature changed: false
debug: Target(editor) build started.
debug: Detected change: cce:/internal/x/prerequisite-imports. Last mtime: Thu Jan 01 1970 08:18:23 GMT+0800 (中国标准时间), Current mtime: Thu Jan 01 1970 08:20:06 GMT+0800 (中国标准时间)
debug: Inspect cce:/internal/x/prerequisite-imports
debug: Resolve file:///Users/mu/work/gitee/cocos-creator-how-to-use/proj/DragonBones/Creator3.5.0_2D_DragonBonesAttach/assets/script/DragonBonesAttach.ts from cce:/internal/x/prerequisite-imports as file:///Users/mu/work/gitee/cocos-creator-how-to-use/proj/DragonBones/Creator3.5.0_2D_DragonBonesAttach/assets/script/DragonBonesAttach.ts.
debug: Detected change: file:///Users/mu/work/gitee/cocos-creator-how-to-use/proj/DragonBones/Creator3.5.0_2D_DragonBonesAttach/assets/script/DragonBonesAttach.ts. Last mtime: Mon May 23 2022 11:10:57 GMT+0800 (中国标准时间)@bd83d1f4-064b-47ae-bc2a-65513658839b, Current mtime: Mon May 23 2022 11:12:41 GMT+0800 (中国标准时间)@bd83d1f4-064b-47ae-bc2a-65513658839b
debug: Inspect file:///Users/mu/work/gitee/cocos-creator-how-to-use/proj/DragonBones/Creator3.5.0_2D_DragonBonesAttach/assets/script/DragonBonesAttach.ts
debug: Resolve cc from file:///Users/mu/work/gitee/cocos-creator-how-to-use/proj/DragonBones/Creator3.5.0_2D_DragonBonesAttach/assets/script/DragonBonesAttach.ts as cce:/internal/x/cc.
debug: Resolve cc from file:///Users/mu/work/gitee/cocos-creator-how-to-use/proj/DragonBones/Creator3.5.0_2D_DragonBonesAttach/assets/script/DragonBonesAttach.ts as cce:/internal/x/cc.
debug: Target(editor) ends with cost 73.6501900004223ms.
debug: Target(preview) build started.
debug: Detected change: cce:/internal/x/prerequisite-imports. Last mtime: Thu Jan 01 1970 08:18:23 GMT+0800 (中国标准时间), Current mtime: Thu Jan 01 1970 08:20:06 GMT+0800 (中国标准时间)
debug: Inspect cce:/internal/x/prerequisite-imports
debug: Resolve file:///Users/mu/work/gitee/cocos-creator-how-to-use/proj/DragonBones/Creator3.5.0_2D_DragonBonesAttach/assets/script/DragonBonesAttach.ts from cce:/internal/x/prerequisite-imports as file:///Users/mu/work/gitee/cocos-creator-how-to-use/proj/DragonBones/Creator3.5.0_2D_DragonBonesAttach/assets/script/DragonBonesAttach.ts.
debug: Detected change: file:///Users/mu/work/gitee/cocos-creator-how-to-use/proj/DragonBones/Creator3.5.0_2D_DragonBonesAttach/assets/script/DragonBonesAttach.ts. Last mtime: Mon May 23 2022 11:10:57 GMT+0800 (中国标准时间)@bd83d1f4-064b-47ae-bc2a-65513658839b, Current mtime: Mon May 23 2022 11:12:41 GMT+0800 (中国标准时间)@bd83d1f4-064b-47ae-bc2a-65513658839b
debug: Inspect file:///Users/mu/work/gitee/cocos-creator-how-to-use/proj/DragonBones/Creator3.5.0_2D_DragonBonesAttach/assets/script/DragonBonesAttach.ts
debug: Resolve cc from file:///Users/mu/work/gitee/cocos-creator-how-to-use/proj/DragonBones/Creator3.5.0_2D_DragonBonesAttach/assets/script/DragonBonesAttach.ts as cce:/internal/x/cc.
debug: Resolve cc from file:///Users/mu/work/gitee/cocos-creator-how-to-use/proj/DragonBones/Creator3.5.0_2D_DragonBonesAttach/assets/script/DragonBonesAttach.ts as cce:/internal/x/cc.
debug: Target(preview) ends with cost 398.0040370002389ms.
debug: Dispatch build request for time accumulated 1 asset changes.
debug: Build iteration starts.
Number of accumulated asset changes: 1
Feature changed: false
debug: Target(editor) build started.
debug: Detected change: cce:/internal/x/prerequisite-imports. Last mtime: Thu Jan 01 1970 08:20:06 GMT+0800 (中国标准时间), Current mtime: Thu Jan 01 1970 08:22:15 GMT+0800 (中国标准时间)
debug: Inspect cce:/internal/x/prerequisite-imports
debug: Resolve file:///Users/mu/work/gitee/cocos-creator-how-to-use/proj/DragonBones/Creator3.5.0_2D_DragonBonesAttach/assets/script/DragonBonesAttach.ts from cce:/internal/x/prerequisite-imports as file:///Users/mu/work/gitee/cocos-creator-how-to-use/proj/DragonBones/Creator3.5.0_2D_DragonBonesAttach/assets/script/DragonBonesAttach.ts.
debug: Detected change: file:///Users/mu/work/gitee/cocos-creator-how-to-use/proj/DragonBones/Creator3.5.0_2D_DragonBonesAttach/assets/script/DragonBonesAttach.ts. Last mtime: Mon May 23 2022 11:12:41 GMT+0800 (中国标准时间)@bd83d1f4-064b-47ae-bc2a-65513658839b, Current mtime: Mon May 23 2022 11:14:50 GMT+0800 (中国标准时间)@bd83d1f4-064b-47ae-bc2a-65513658839b
debug: Inspect file:///Users/mu/work/gitee/cocos-creator-how-to-use/proj/DragonBones/Creator3.5.0_2D_DragonBonesAttach/assets/script/DragonBonesAttach.ts
debug: Resolve cc from file:///Users/mu/work/gitee/cocos-creator-how-to-use/proj/DragonBones/Creator3.5.0_2D_DragonBonesAttach/assets/script/DragonBonesAttach.ts as cce:/internal/x/cc.
debug: Resolve cc from file:///Users/mu/work/gitee/cocos-creator-how-to-use/proj/DragonBones/Creator3.5.0_2D_DragonBonesAttach/assets/script/DragonBonesAttach.ts as cce:/internal/x/cc.
debug: Target(editor) ends with cost 90.84513400029391ms.
debug: Target(preview) build started.
debug: Detected change: cce:/internal/x/prerequisite-imports. Last mtime: Thu Jan 01 1970 08:20:06 GMT+0800 (中国标准时间), Current mtime: Thu Jan 01 1970 08:22:15 GMT+0800 (中国标准时间)
debug: Inspect cce:/internal/x/prerequisite-imports
debug: Resolve file:///Users/mu/work/gitee/cocos-creator-how-to-use/proj/DragonBones/Creator3.5.0_2D_DragonBonesAttach/assets/script/DragonBonesAttach.ts from cce:/internal/x/prerequisite-imports as file:///Users/mu/work/gitee/cocos-creator-how-to-use/proj/DragonBones/Creator3.5.0_2D_DragonBonesAttach/assets/script/DragonBonesAttach.ts.
debug: Detected change: file:///Users/mu/work/gitee/cocos-creator-how-to-use/proj/DragonBones/Creator3.5.0_2D_DragonBonesAttach/assets/script/DragonBonesAttach.ts. Last mtime: Mon May 23 2022 11:12:41 GMT+0800 (中国标准时间)@bd83d1f4-064b-47ae-bc2a-65513658839b, Current mtime: Mon May 23 2022 11:14:50 GMT+0800 (中国标准时间)@bd83d1f4-064b-47ae-bc2a-65513658839b
debug: Inspect file:///Users/mu/work/gitee/cocos-creator-how-to-use/proj/DragonBones/Creator3.5.0_2D_DragonBonesAttach/assets/script/DragonBonesAttach.ts
debug: Resolve cc from file:///Users/mu/work/gitee/cocos-creator-how-to-use/proj/DragonBones/Creator3.5.0_2D_DragonBonesAttach/assets/script/DragonBonesAttach.ts as cce:/internal/x/cc.
debug: Resolve cc from file:///Users/mu/work/gitee/cocos-creator-how-to-use/proj/DragonBones/Creator3.5.0_2D_DragonBonesAttach/assets/script/DragonBonesAttach.ts as cce:/internal/x/cc.
debug: Target(preview) ends with cost 339.97255499940366ms.
