2022-06-01T01:21:07.750Z - log: [Package] menu@1.0.0 enable
2022-06-01T01:21:07.752Z - log: [Package] profile@1.0.0 enable
2022-06-01T01:21:07.767Z - log: [Package] project@1.0.2 enable
2022-06-01T01:21:07.773Z - log: [Package] messages@1.0.0 enable
2022-06-01T01:21:07.781Z - log: [Package] program@1.0.0 enable
2022-06-01T01:21:07.788Z - log: [Package] tester@1.0.0 enable
2022-06-01T01:21:07.795Z - log: [Package] preferences@1.0.0 enable
2022-06-01T01:21:08.583Z - log: Setup mods mgr.: 328.167ms
2022-06-01T01:21:08.594Z - verbose: [Engine] QuickCompile engine (724ms)
2022-06-01T01:21:08.598Z - log: [Package] engine@1.0.6 enable
2022-06-01T01:21:09.488Z - log: [Package] programming@1.0.0 enable
2022-06-01T01:21:09.787Z - log: [Package] device@1.0.1 enable
2022-06-01T01:21:09.814Z - log: [Package] ui-kit@1.0.1 enable
2022-06-01T01:21:09.844Z - log: [Package] engine-extends@1.0.0 enable
2022-06-01T01:21:09.919Z - log: [Package] asset-db@1.0.0 enable
2022-06-01T01:21:09.959Z - log: [Package] scene@1.0.0 enable
2022-06-01T01:21:10.242Z - log: [Package] server@1.0.0 enable
2022-06-01T01:21:10.290Z - log: [Package] utils@1.0.0 enable
2022-06-01T01:21:14.655Z - log: [Package] preview@1.0.1 enable
2022-06-01T01:21:14.687Z - log: [Package] animator@1.0.0 enable
2022-06-01T01:21:14.848Z - log: 设置的 IP 地址不存在，将使用默认 IP
2022-06-01T01:21:15.927Z - log: [Package] builder@1.3.2 enable
2022-06-01T01:21:15.962Z - log: [Package] shortcuts@1.0.1 enable
2022-06-01T01:21:15.994Z - log: [Package] animation-graph@1.0.0 enable
2022-06-01T01:21:16.019Z - log: [Package] runtime-dev-tools@1.0.0 enable
2022-06-01T01:21:16.041Z - log: [Package] channel-upload-tools@1.0.0 enable
2022-06-01T01:21:16.075Z - log: [Package] about@1.0.0 enable
2022-06-01T01:21:16.106Z - log: [Package] assets@1.0.0 enable
2022-06-01T01:21:16.142Z - log: [Package] console@1.0.0 enable
2022-06-01T01:21:16.431Z - log: [Package] extension@3.0.16 enable
2022-06-01T01:21:16.497Z - log: [Package] hierarchy@1.0.0 enable
2022-06-01T01:21:16.550Z - log: [Package] inspector@1.0.0 enable
2022-06-01T01:21:16.593Z - log: [Package] lightmap@1.0.4 enable
2022-06-01T01:21:16.648Z - log: [Package] node-library@1.0.1 enable
2022-06-01T01:21:16.677Z - log: [Package] package-asset@1.0.0 enable
2022-06-01T01:21:16.714Z - log: [Package] process@1.0.0 enable
2022-06-01T01:21:16.752Z - log: [Package] reference-image@1.0.0 enable
2022-06-01T01:21:16.780Z - log: [Package] alipay-mini-game@1.0.0 enable
2022-06-01T01:21:16.807Z - log: [Package] android@1.0.0 enable
2022-06-01T01:21:16.839Z - log: [Package] baidu-mini-game@1.0.0 enable
2022-06-01T01:21:16.866Z - log: [Package] bytedance-mini-game@1.0.1 enable
2022-06-01T01:21:16.895Z - log: [Package] cocos-play@1.0.0 enable
2022-06-01T01:21:16.926Z - log: [Package] huawei-agc@1.0.0 enable
2022-06-01T01:21:16.954Z - log: [Package] huawei-quick-game@1.0.0 enable
2022-06-01T01:21:18.202Z - log: [Package] ios@1.0.0 enable
2022-06-01T01:21:18.228Z - log: [Package] ios-app-clip@1.0.0 enable
2022-06-01T01:21:18.253Z - log: [Package] link-sure@1.0.0 enable
2022-06-01T01:21:18.284Z - log: [Package] linux@1.0.0 enable
2022-06-01T01:21:18.310Z - log: [Package] mac@1.0.0 enable
2022-06-01T01:21:18.436Z - log: [Package] native@1.0.0 enable
2022-06-01T01:21:18.443Z - verbose: [AssetDB] Require engine code (2691ms)
2022-06-01T01:21:18.480Z - log: [Package] ohos@1.0.0 enable
2022-06-01T01:21:18.505Z - log: [Package] open-harmonyos@1.0.0 enable
2022-06-01T01:21:18.529Z - log: [Package] oppo-mini-game@1.0.0 enable
2022-06-01T01:21:18.558Z - log: [Package] qtt@1.0.0 enable
2022-06-01T01:21:18.592Z - log: [Package] vivo-mini-game@1.0.0 enable
2022-06-01T01:21:18.640Z - log: [Package] web-desktop@1.0.0 enable
2022-06-01T01:21:18.682Z - log: [Package] web-mobile@1.0.0 enable
2022-06-01T01:21:18.725Z - log: [Package] wechatgame@1.0.1 enable
2022-06-01T01:21:18.767Z - log: [Package] windows@1.0.0 enable
2022-06-01T01:21:18.798Z - log: [Package] xiaomi-quick-game@1.0.0 enable
2022-06-01T01:21:19.192Z - log: [Package] cocos-service@3.0.3 enable
2022-06-01T01:21:19.366Z - log: [Package] importer@1.0.0 enable
2022-06-01T01:21:19.689Z - log: [Im-plugin] Check im-plugin version.
2022-06-01T01:21:19.864Z - log: [Package] im-plugin@3.0.8 enable
2022-06-01T01:21:20.699Z - log: [Im-plugin] No online info of im-plugin.
2022-06-01T01:21:21.554Z - log: 设置的 IP 地址不存在，将使用默认 IP
2022-06-01T01:21:34.225Z - verbose: [Scene] Require engine code (0ms)
2022-06-01T01:21:34.226Z - verbose: [Scene] Startup engine (0ms)
2022-06-01T01:21:34.272Z - log: [Scene] Cocos Creator v3.5.0
2022-06-01T01:21:34.751Z - verbose: [Scene] Open engine (524ms)
2022-06-01T01:21:34.751Z - verbose: [Scene] Configure engine (1ms)
2022-06-01T01:21:34.415Z - info: [Scene] Forward render pipeline initialized.
2022-06-01T01:38:33.708Z - log: 设置的 IP 地址不存在，将使用默认 IP
2022-06-01T01:40:43.731Z - log: 设置的 IP 地址不存在，将使用默认 IP
2022-06-01T01:43:40.723Z - error: [Preview]Uncaught TypeError: Cannot read properties of null (reading 'getComponent') in http://localhost:7456/scripting/engine/bin/.cache/dev/preview/bundled/index.js
2022-06-01T01:43:40.733Z - error: [Preview]Uncaught TypeError: Cannot read properties of null (reading 'width') in http://localhost:7456/scripting/engine/bin/.cache/dev/preview/bundled/index.js
2022-06-01T01:46:04.323Z - error: [Preview]Uncaught TypeError: Cannot read properties of null (reading 'getComponent') in http://localhost:7456/scripting/engine/bin/.cache/dev/preview/bundled/index.js
2022-06-01T01:46:04.338Z - error: [Preview]Uncaught TypeError: Cannot read properties of null (reading 'width') in http://localhost:7456/scripting/engine/bin/.cache/dev/preview/bundled/index.js
2022-06-01T01:46:41.361Z - error: [Preview]Uncaught TypeError: Cannot read properties of null (reading 'getComponent') in http://localhost:7456/scripting/engine/bin/.cache/dev/preview/bundled/index.js
2022-06-01T01:52:22.590Z - log: 设置的 IP 地址不存在，将使用默认 IP
2022-06-01T01:59:40.288Z - error: [Preview]Uncaught TypeError: Cannot read properties of null (reading 'vb') in http://localhost:7456/scripting/engine/bin/.cache/dev/preview/bundled/index.js
2022-06-01T02:01:07.494Z - error: [Preview]Uncaught TypeError: Cannot read properties of null (reading 'vb') in http://localhost:7456/scripting/engine/bin/.cache/dev/preview/bundled/index.js
2022-06-01T02:02:09.520Z - error: [Preview]Uncaught TypeError: Cannot read properties of null (reading 'vb') in http://localhost:7456/scripting/engine/bin/.cache/dev/preview/bundled/index.js
2022-06-01T02:02:44.172Z - log: 设置的 IP 地址不存在，将使用默认 IP
2022-06-01T02:02:57.467Z - log: 设置的 IP 地址不存在，将使用默认 IP
2022-06-01T02:10:23.307Z - error: [Preview]Uncaught TypeError: Cannot read properties of null (reading 'vb') in http://localhost:7456/scripting/engine/bin/.cache/dev/preview/bundled/index.js
2022-06-01T02:16:20.472Z - warn: Metrics: no valid info
