2022-04-28 13:39:34-log: [Package] menu@1.0.0 enable
2022-04-28 13:39:34-log: [Package] profile@1.0.0 enable
2022-04-28 13:39:34-log: [Package] project@1.0.1 enable
2022-04-28 13:39:34-log: [Package] messages@1.0.0 enable
2022-04-28 13:39:34-log: [Package] program@1.0.0 enable
2022-04-28 13:39:34-log: [Package] device@1.0.1 enable
2022-04-28 13:39:34-log: [Package] ui-kit@1.0.1 enable
2022-04-28 13:39:34-log: [Package] tester@1.0.0 enable
2022-04-28 13:39:34-log: [Package] preferences@1.0.0 enable
2022-04-28 13:39:35-log: Setup mods mgr.: 350.618ms
2022-04-28 13:39:35-log: [Package] engine@1.0.5 enable
2022-04-28 13:39:38-log: [Package] programming@1.0.0 enable
2022-04-28 13:39:38-log: [Package] Profile Migrate: builder@Cocos Creator...
2022-04-28 13:39:38-log: [Package] engine-extends@1.0.0 enable
2022-04-28 13:39:38-log: [Package] asset-db@1.0.0 enable
2022-04-28 13:39:39-log: [Package] console@1.0.0 enable
2022-04-28 13:39:39-log: [Package] scene@1.0.0 enable
2022-04-28 13:39:39-log: [Package] about@1.0.0 enable
2022-04-28 13:39:39-log: [Package] server@1.0.0 enable
2022-04-28 13:39:39-log: [Package] utils@1.0.0 enable
2022-04-28 13:39:39-log: [Package] assets@1.0.0 enable
2022-04-28 13:39:39-log: [Package] inspector@1.0.0 enable
2022-04-28 13:39:39-log: [Package] hierarchy@1.0.0 enable
2022-04-28 13:39:42-log: [Package] preview@1.0.1 enable
2022-04-28 13:39:42-log: [Package] animator@1.0.0 enable
2022-04-28 13:39:44-log: [Package] builder@1.3.1 enable
2022-04-28 13:39:44-log: [Package] node-library@1.0.0 enable
2022-04-28 13:39:44-log: [Package] shortcuts@1.0.1 enable
2022-04-28 13:39:44-log: [Package] package-asset@1.0.0 enable
2022-04-28 13:39:44-log: [Package] reference-image@1.0.0 enable
2022-04-28 13:39:44-log: [Package] animation-graph@1.0.0 enable
2022-04-28 13:39:44-log: [Package] channel-upload-tools@1.0.0 enable
2022-04-28 13:39:44-log: [Package] runtime-dev-tools@1.0.0 enable
2022-04-28 13:39:44-log: [Package] lightmap@1.0.4 enable
2022-04-28 13:39:44-log: [Package] alipay-mini-game@1.0.0 enable
2022-04-28 13:39:44-log: [Package] android@1.0.0 enable
2022-04-28 13:39:44-log: [Package] baidu-mini-game@1.0.0 enable
2022-04-28 13:39:44-log: [Package] bytedance-mini-game@1.0.1 enable
2022-04-28 13:39:44-log: [Package] huawei-agc@1.0.0 enable
2022-04-28 13:39:46-log: [Package] ios@1.0.0 enable
2022-04-28 13:39:46-log: [Package] ios-app-clip@1.0.0 enable
2022-04-28 13:39:46-log: [Package] mac@1.0.0 enable
2022-04-28 13:39:46-log: [Package] native@1.0.0 enable
2022-04-28 13:39:46-log: [Package] ohos@1.0.0 enable
2022-04-28 13:39:46-log: [Package] web-desktop@1.0.0 enable
2022-04-28 13:39:46-log: [Package] web-mobile@1.0.0 enable
2022-04-28 13:39:46-log: [Package] wechatgame@1.0.1 enable
2022-04-28 13:39:46-log: [Package] windows@1.0.0 enable
2022-04-28 13:39:46-log: [Package] xiaomi-quick-game@1.0.0 enable
2022-04-28 13:39:46-log: [Package] cocos-play@1.0.0 enable
2022-04-28 13:39:46-log: [Package] huawei-quick-game@1.0.0 enable
2022-04-28 13:39:46-log: [Package] link-sure@1.0.0 enable
2022-04-28 13:39:46-log: [Package] oppo-mini-game@1.0.0 enable
2022-04-28 13:39:46-log: [Package] qtt@1.0.0 enable
2022-04-28 13:39:46-log: [Package] vivo-mini-game@1.0.0 enable
2022-04-28 13:39:47-log: [Package] cocos-service@3.0.2 enable
2022-04-28 13:39:47-log: [Package] importer@1.0.0 enable
2022-04-28 13:39:48-log: [Package] extension@3.0.15 enable
2022-04-28 13:39:48-log: [Im-plugin] Check im-plugin version.
2022-04-28 13:39:48-log: [Package] im-plugin@3.0.8 enable
2022-04-28 13:39:50-log: [Im-plugin] No online info of im-plugin.
2022-04-28 13:39:59-warn: Browserslist: caniuse-lite is outdated. Please run:
npx browserslist@latest --update-db

Why you should do it regularly:
https://github.com/browserslist/browserslist#browsers-data-updating
2022-04-28 13:39:59-log: [Scene] Cocos Creator v3.4.2
2022-04-28 13:40:00-info: [Scene] Forward render pipeline initialized.
2022-05-22T08:00:00.297Z - log: [Package] menu@1.0.0 enable
2022-05-22T08:00:00.299Z - log: [Package] profile@1.0.0 enable
2022-05-22T08:00:00.316Z - log: [Package] project@1.0.2 enable
2022-05-22T08:00:00.322Z - log: [Package] messages@1.0.0 enable
2022-05-22T08:00:00.336Z - log: [Package] program@1.0.0 enable
2022-05-22T08:00:00.343Z - log: [Package] tester@1.0.0 enable
2022-05-22T08:00:00.349Z - log: [Package] preferences@1.0.0 enable
2022-05-22T08:00:01.158Z - log: Setup mods mgr.: 349.682ms
2022-05-22T08:00:01.162Z - log: Profile changed: engine (modules.includeModules: 2d,3d,animation,audio,base,dragon-bones,gfx-webgl,gfx-webgl2,intersection-2d,marionette,particle,particle-2d,physics-2d-box2d,physics-ammo,primitive,profiler,skeletal-animation,spine,terrain,tiled-map,tween,ui,video,webview)
2022-05-22T08:00:01.173Z - verbose: [Engine] QuickCompile engine (755ms)
2022-05-22T08:00:01.177Z - log: [Package] engine@1.0.6 enable
2022-05-22T08:00:02.028Z - log: [Package] programming@1.0.0 enable
2022-05-22T08:00:02.342Z - log: [Package] device@1.0.1 enable
2022-05-22T08:00:02.370Z - log: [Package] ui-kit@1.0.1 enable
2022-05-22T08:00:02.398Z - log: [Package] engine-extends@1.0.0 enable
2022-05-22T08:00:02.467Z - log: [Package] asset-db@1.0.0 enable
2022-05-22T08:00:02.508Z - log: [Package] scene@1.0.0 enable
2022-05-22T08:00:02.757Z - log: [Package] server@1.0.0 enable
2022-05-22T08:00:02.791Z - log: [Package] utils@1.0.0 enable
2022-05-22T08:00:07.125Z - log: [Package] preview@1.0.1 enable
2022-05-22T08:00:07.158Z - log: [Package] animator@1.0.0 enable
2022-05-22T08:00:07.249Z - log: 设置的 IP 地址不存在，将使用默认 IP
2022-05-22T08:00:08.149Z - log: [Package] builder@1.3.2 enable
2022-05-22T08:00:08.184Z - log: [Package] shortcuts@1.0.1 enable
2022-05-22T08:00:08.216Z - log: [Package] animation-graph@1.0.0 enable
2022-05-22T08:00:08.241Z - log: [Package] runtime-dev-tools@1.0.0 enable
2022-05-22T08:00:08.265Z - log: [Package] channel-upload-tools@1.0.0 enable
2022-05-22T08:00:08.297Z - log: [Package] about@1.0.0 enable
2022-05-22T08:00:08.331Z - log: [Package] assets@1.0.0 enable
2022-05-22T08:00:08.367Z - log: [Package] console@1.0.0 enable
2022-05-22T08:00:08.585Z - log: [Package] extension@3.0.16 enable
2022-05-22T08:00:08.642Z - log: [Package] hierarchy@1.0.0 enable
2022-05-22T08:00:08.722Z - log: [Package] inspector@1.0.0 enable
2022-05-22T08:00:08.782Z - log: [Package] lightmap@1.0.4 enable
2022-05-22T08:00:08.835Z - log: [Package] node-library@1.0.1 enable
2022-05-22T08:00:08.875Z - log: [Package] package-asset@1.0.0 enable
2022-05-22T08:00:08.911Z - log: [Package] process@1.0.0 enable
2022-05-22T08:00:08.952Z - log: [Package] reference-image@1.0.0 enable
2022-05-22T08:00:08.981Z - log: [Package] alipay-mini-game@1.0.0 enable
2022-05-22T08:00:09.007Z - log: [Package] android@1.0.0 enable
2022-05-22T08:00:09.039Z - log: [Package] baidu-mini-game@1.0.0 enable
2022-05-22T08:00:09.066Z - log: [Package] bytedance-mini-game@1.0.1 enable
2022-05-22T08:00:09.097Z - log: [Package] cocos-play@1.0.0 enable
2022-05-22T08:00:09.128Z - log: [Package] huawei-agc@1.0.0 enable
2022-05-22T08:00:09.159Z - log: [Package] huawei-quick-game@1.0.0 enable
2022-05-22T08:00:10.758Z - log: [Package] ios@1.0.0 enable
2022-05-22T08:00:10.785Z - log: [Package] ios-app-clip@1.0.0 enable
2022-05-22T08:00:10.827Z - log: [Package] link-sure@1.0.0 enable
2022-05-22T08:00:10.907Z - log: [Package] linux@1.0.0 enable
2022-05-22T08:00:11.037Z - log: [Package] mac@1.0.0 enable
2022-05-22T08:00:11.046Z - verbose: [AssetDB] Require engine code (3060ms)
2022-05-22T08:00:11.260Z - log: [Package] native@1.0.0 enable
2022-05-22T08:00:11.384Z - log: [Package] ohos@1.0.0 enable
2022-05-22T08:00:11.417Z - log: [Package] open-harmonyos@1.0.0 enable
2022-05-22T08:00:11.449Z - log: [Package] oppo-mini-game@1.0.0 enable
2022-05-22T08:00:11.476Z - log: [Package] qtt@1.0.0 enable
2022-05-22T08:00:11.508Z - log: [Package] vivo-mini-game@1.0.0 enable
2022-05-22T08:00:11.561Z - log: [Package] web-desktop@1.0.0 enable
2022-05-22T08:00:11.601Z - log: [Package] web-mobile@1.0.0 enable
2022-05-22T08:00:11.643Z - log: [Package] wechatgame@1.0.1 enable
2022-05-22T08:00:11.670Z - log: [Package] windows@1.0.0 enable
2022-05-22T08:00:11.697Z - log: [Package] xiaomi-quick-game@1.0.0 enable
2022-05-22T08:00:12.426Z - log: [Package] cocos-service@3.0.3 enable
2022-05-22T08:00:12.479Z - log: [Package] importer@1.0.0 enable
2022-05-22T08:00:12.844Z - log: [Im-plugin] Check im-plugin version.
2022-05-22T08:00:12.857Z - log: [Package] im-plugin@3.0.8 enable
2022-05-22T08:00:13.655Z - log: [Im-plugin] No online info of im-plugin.
2022-05-22T08:00:14.359Z - log: 设置的 IP 地址不存在，将使用默认 IP
2022-05-22T08:00:29.102Z - verbose: [Scene] Require engine code (1ms)
2022-05-22T08:00:29.103Z - verbose: [Scene] Startup engine (0ms)
2022-05-22T08:00:29.149Z - log: [Scene] Cocos Creator v3.5.0
2022-05-22T08:00:29.820Z - verbose: [Scene] Open engine (717ms)
2022-05-22T08:00:29.821Z - verbose: [Scene] Configure engine (0ms)
2022-05-22T08:00:29.268Z - info: [Scene] Forward render pipeline initialized.
2022-05-22T08:01:04.664Z - warn: Metrics: no valid info
