2022-05-09 15:02:34-log: [Package] menu@1.0.0 enable
2022-05-09 15:02:34-log: [Package] profile@1.0.0 enable
2022-05-09 15:02:34-log: [Package] project@1.0.1 enable
2022-05-09 15:02:34-log: [Package] messages@1.0.0 enable
2022-05-09 15:02:34-log: [Package] program@1.0.0 enable
2022-05-09 15:02:34-log: [Package] device@1.0.1 enable
2022-05-09 15:02:34-log: [Package] ui-kit@1.0.1 enable
2022-05-09 15:02:34-log: [Package] tester@1.0.0 enable
2022-05-09 15:02:34-log: [Package] preferences@1.0.0 enable
2022-05-09 15:02:35-log: Setup mods mgr.: 439.813ms
2022-05-09 15:02:35-log: Profile changed: engine (modules.includeModules: 2d,3d,audio,base,dragon-bones,gfx-webgl,gfx-webgl2,intersection-2d,marionette,particle,particle-2d,physics-2d-box2d,physics-ammo,primitive,profiler,spine,terrain,tiled-map,tween,ui,video,webview)
2022-05-09 15:02:35-log: [Package] engine@1.0.5 enable
2022-05-09 15:02:37-log: [Package] programming@1.0.0 enable
2022-05-09 15:02:38-log: [Package] Profile Migrate: builder@Cocos Creator...
2022-05-09 15:02:38-log: [Package] Profile Migrate: builder@Cocos Creator...
2022-05-09 15:02:38-log: [Package] engine-extends@1.0.0 enable
2022-05-09 15:02:38-log: [Package] asset-db@1.0.0 enable
2022-05-09 15:02:38-log: [Package] console@1.0.0 enable
2022-05-09 15:02:38-log: [Package] scene@1.0.0 enable
2022-05-09 15:02:38-log: [Package] about@1.0.0 enable
2022-05-09 15:02:38-log: [Package] server@1.0.0 enable
2022-05-09 15:02:38-log: [Package] utils@1.0.0 enable
2022-05-09 15:02:38-log: [Package] inspector@1.0.0 enable
2022-05-09 15:02:38-log: [Package] hierarchy@1.0.0 enable
2022-05-09 15:02:41-log: [Package] preview@1.0.1 enable
2022-05-09 15:02:41-log: [Package] animator@1.0.0 enable
2022-05-09 15:02:41-log: 设置的 IP 地址不存在，将使用默认 IP
2022-05-09 15:02:42-log: [Package] builder@1.3.1 enable
2022-05-09 15:02:42-log: [Package] node-library@1.0.0 enable
2022-05-09 15:02:42-log: [Package] shortcuts@1.0.1 enable
2022-05-09 15:02:42-log: [Package] package-asset@1.0.0 enable
2022-05-09 15:02:42-log: [Package] reference-image@1.0.0 enable
2022-05-09 15:02:42-log: [Package] animation-graph@1.0.0 enable
2022-05-09 15:02:42-log: [Package] channel-upload-tools@1.0.0 enable
2022-05-09 15:02:42-log: [Package] runtime-dev-tools@1.0.0 enable
2022-05-09 15:02:42-log: [Package] lightmap@1.0.4 enable
2022-05-09 15:02:42-log: [Package] alipay-mini-game@1.0.0 enable
2022-05-09 15:02:42-log: [Package] android@1.0.0 enable
2022-05-09 15:02:42-log: [Package] baidu-mini-game@1.0.0 enable
2022-05-09 15:02:43-log: [Package] bytedance-mini-game@1.0.1 enable
2022-05-09 15:02:43-log: [Package] huawei-agc@1.0.0 enable
2022-05-09 15:02:44-log: [Package] ios@1.0.0 enable
2022-05-09 15:02:44-log: [Package] ios-app-clip@1.0.0 enable
2022-05-09 15:02:44-log: [Package] mac@1.0.0 enable
2022-05-09 15:02:44-log: [Package] native@1.0.0 enable
2022-05-09 15:02:44-log: [Package] ohos@1.0.0 enable
2022-05-09 15:02:45-log: [Package] web-desktop@1.0.0 enable
2022-05-09 15:02:45-log: [Package] web-mobile@1.0.0 enable
2022-05-09 15:02:45-log: [Package] wechatgame@1.0.1 enable
2022-05-09 15:02:45-log: [Package] windows@1.0.0 enable
2022-05-09 15:02:45-log: [Package] xiaomi-quick-game@1.0.0 enable
2022-05-09 15:02:45-log: [Package] cocos-play@1.0.0 enable
2022-05-09 15:02:45-log: [Package] huawei-quick-game@1.0.0 enable
2022-05-09 15:02:45-log: [Package] link-sure@1.0.0 enable
2022-05-09 15:02:45-log: [Package] oppo-mini-game@1.0.0 enable
2022-05-09 15:02:45-log: [Package] qtt@1.0.0 enable
2022-05-09 15:02:45-log: [Package] vivo-mini-game@1.0.0 enable
2022-05-09 15:02:45-log: [Package] cocos-service@3.0.2 enable
2022-05-09 15:02:46-log: [Package] importer@1.0.0 enable
2022-05-09 15:02:46-log: [Package] extension@3.0.15 enable
2022-05-09 15:02:47-log: [Im-plugin] Check im-plugin version.
2022-05-09 15:02:47-log: [Package] im-plugin@3.0.8 enable
2022-05-09 15:02:47-log: 设置的 IP 地址不存在，将使用默认 IP
2022-05-09 15:02:48-log: [Im-plugin] No online info of im-plugin.
2022-05-09 15:02:55-warn: Browserslist: caniuse-lite is outdated. Please run:
npx browserslist@latest --update-db

Why you should do it regularly:
https://github.com/browserslist/browserslist#browsers-data-updating
2022-05-09 15:02:55-log: [Scene] Cocos Creator v3.4.2
2022-05-09 15:02:55-info: [Scene] Forward render pipeline initialized.
2022-05-31T02:23:44.550Z - log: [Package] menu@1.0.0 enable
2022-05-31T02:23:44.553Z - log: [Package] profile@1.0.0 enable
2022-05-31T02:23:44.567Z - log: [Package] project@1.0.2 enable
2022-05-31T02:23:44.574Z - log: [Package] messages@1.0.0 enable
2022-05-31T02:23:44.581Z - log: [Package] program@1.0.0 enable
2022-05-31T02:23:44.587Z - log: [Package] tester@1.0.0 enable
2022-05-31T02:23:44.593Z - log: [Package] preferences@1.0.0 enable
2022-05-31T02:23:45.271Z - log: Setup mods mgr.: 326.438ms
2022-05-31T02:23:45.278Z - verbose: [Engine] QuickCompile engine (619ms)
2022-05-31T02:23:45.281Z - log: [Package] engine@1.0.6 enable
2022-05-31T02:23:46.090Z - log: [Package] programming@1.0.0 enable
2022-05-31T02:23:46.403Z - log: [Package] device@1.0.1 enable
2022-05-31T02:23:46.434Z - log: [Package] ui-kit@1.0.1 enable
2022-05-31T02:23:46.456Z - log: [Package] engine-extends@1.0.0 enable
2022-05-31T02:23:46.520Z - log: [Package] asset-db@1.0.0 enable
2022-05-31T02:23:46.561Z - log: [Package] scene@1.0.0 enable
2022-05-31T02:23:46.814Z - log: [Package] server@1.0.0 enable
2022-05-31T02:23:46.859Z - log: [Package] utils@1.0.0 enable
2022-05-31T02:23:51.141Z - log: [Package] preview@1.0.1 enable
2022-05-31T02:23:51.178Z - log: [Package] animator@1.0.0 enable
2022-05-31T02:23:51.289Z - log: 设置的 IP 地址不存在，将使用默认 IP
2022-05-31T02:23:52.236Z - log: [Package] builder@1.3.2 enable
2022-05-31T02:23:52.271Z - log: [Package] shortcuts@1.0.1 enable
2022-05-31T02:23:52.303Z - log: [Package] animation-graph@1.0.0 enable
2022-05-31T02:23:52.328Z - log: [Package] runtime-dev-tools@1.0.0 enable
2022-05-31T02:23:52.351Z - log: [Package] channel-upload-tools@1.0.0 enable
2022-05-31T02:23:52.381Z - log: [Package] about@1.0.0 enable
2022-05-31T02:23:52.415Z - log: [Package] assets@1.0.0 enable
2022-05-31T02:23:52.453Z - log: [Package] console@1.0.0 enable
2022-05-31T02:23:52.786Z - log: [Package] extension@3.0.16 enable
2022-05-31T02:23:52.823Z - log: [Package] hierarchy@1.0.0 enable
2022-05-31T02:23:52.863Z - log: [Package] inspector@1.0.0 enable
2022-05-31T02:23:52.912Z - log: [Package] lightmap@1.0.4 enable
2022-05-31T02:23:53.010Z - log: [Package] node-library@1.0.1 enable
2022-05-31T02:23:53.039Z - log: [Package] package-asset@1.0.0 enable
2022-05-31T02:23:53.084Z - log: [Package] process@1.0.0 enable
2022-05-31T02:23:53.129Z - log: [Package] reference-image@1.0.0 enable
2022-05-31T02:23:53.155Z - log: [Package] alipay-mini-game@1.0.0 enable
2022-05-31T02:23:53.182Z - log: [Package] android@1.0.0 enable
2022-05-31T02:23:53.212Z - log: [Package] baidu-mini-game@1.0.0 enable
2022-05-31T02:23:53.237Z - log: [Package] bytedance-mini-game@1.0.1 enable
2022-05-31T02:23:53.263Z - log: [Package] cocos-play@1.0.0 enable
2022-05-31T02:23:53.301Z - log: [Package] huawei-agc@1.0.0 enable
2022-05-31T02:23:53.338Z - log: [Package] huawei-quick-game@1.0.0 enable
2022-05-31T02:23:54.570Z - log: [Package] ios@1.0.0 enable
2022-05-31T02:23:54.598Z - log: [Package] ios-app-clip@1.0.0 enable
2022-05-31T02:23:54.622Z - log: [Package] link-sure@1.0.0 enable
2022-05-31T02:23:54.650Z - log: [Package] linux@1.0.0 enable
2022-05-31T02:23:54.686Z - log: [Package] mac@1.0.0 enable
2022-05-31T02:23:54.824Z - log: [Package] native@1.0.0 enable
2022-05-31T02:23:54.831Z - verbose: [AssetDB] Require engine code (2767ms)
2022-05-31T02:23:54.859Z - log: [Package] ohos@1.0.0 enable
2022-05-31T02:23:54.896Z - log: [Package] open-harmonyos@1.0.0 enable
2022-05-31T02:23:54.926Z - log: [Package] oppo-mini-game@1.0.0 enable
2022-05-31T02:23:54.950Z - log: [Package] qtt@1.0.0 enable
2022-05-31T02:23:54.978Z - log: [Package] vivo-mini-game@1.0.0 enable
2022-05-31T02:23:55.017Z - log: [Package] web-desktop@1.0.0 enable
2022-05-31T02:23:55.056Z - log: [Package] web-mobile@1.0.0 enable
2022-05-31T02:23:55.097Z - log: [Package] wechatgame@1.0.1 enable
2022-05-31T02:23:55.126Z - log: [Package] windows@1.0.0 enable
2022-05-31T02:23:55.155Z - log: [Package] xiaomi-quick-game@1.0.0 enable
2022-05-31T02:23:55.434Z - log: [Package] cocos-service@3.0.3 enable
2022-05-31T02:23:55.485Z - log: [Package] importer@1.0.0 enable
2022-05-31T02:23:56.063Z - log: [Im-plugin] Check im-plugin version.
2022-05-31T02:23:56.076Z - log: [Package] im-plugin@3.0.8 enable
2022-05-31T02:23:57.503Z - log: 设置的 IP 地址不存在，将使用默认 IP
2022-05-31T02:23:57.693Z - log: [Im-plugin] No online info of im-plugin.
2022-05-31T02:24:07.720Z - verbose: [Scene] Require engine code (1ms)
2022-05-31T02:24:07.721Z - verbose: [Scene] Startup engine (1ms)
2022-05-31T02:24:07.763Z - log: [Scene] Cocos Creator v3.5.0
2022-05-31T02:24:08.117Z - verbose: [Scene] Open engine (395ms)
2022-05-31T02:24:08.117Z - verbose: [Scene] Configure engine (1ms)
2022-05-31T02:24:07.871Z - info: [Scene] Forward render pipeline initialized.
2022-05-31T02:24:46.863Z - warn: Metrics: no valid info
