2022-06-01T02:17:59.466Z - log: [Package] menu@1.0.0 enable
2022-06-01T02:17:59.468Z - log: [Package] profile@1.0.0 enable
2022-06-01T02:17:59.482Z - log: [Package] project@1.0.2 enable
2022-06-01T02:17:59.489Z - log: [Package] messages@1.0.0 enable
2022-06-01T02:17:59.494Z - log: [Package] program@1.0.0 enable
2022-06-01T02:17:59.501Z - log: [Package] tester@1.0.0 enable
2022-06-01T02:17:59.507Z - log: [Package] preferences@1.0.0 enable
2022-06-01T02:18:00.300Z - log: Setup mods mgr.: 332.11ms
2022-06-01T02:18:00.314Z - verbose: [Engine] QuickCompile engine (748ms)
2022-06-01T02:18:00.318Z - log: [Package] engine@1.0.6 enable
2022-06-01T02:18:01.138Z - log: [Package] programming@1.0.0 enable
2022-06-01T02:18:01.437Z - log: [Package] device@1.0.1 enable
2022-06-01T02:18:01.465Z - log: [Package] ui-kit@1.0.1 enable
2022-06-01T02:18:01.496Z - log: [Package] engine-extends@1.0.0 enable
2022-06-01T02:18:01.562Z - log: [Package] asset-db@1.0.0 enable
2022-06-01T02:18:01.604Z - log: [Package] scene@1.0.0 enable
2022-06-01T02:18:01.808Z - log: [Package] server@1.0.0 enable
2022-06-01T02:18:01.940Z - log: [Package] utils@1.0.0 enable
2022-06-01T02:18:06.300Z - log: [Package] preview@1.0.1 enable
2022-06-01T02:18:06.333Z - log: [Package] animator@1.0.0 enable
2022-06-01T02:18:06.423Z - log: 设置的 IP 地址不存在，将使用默认 IP
2022-06-01T02:18:07.309Z - log: [Package] builder@1.3.2 enable
2022-06-01T02:18:07.342Z - log: [Package] shortcuts@1.0.1 enable
2022-06-01T02:18:07.375Z - log: [Package] animation-graph@1.0.0 enable
2022-06-01T02:18:07.405Z - log: [Package] runtime-dev-tools@1.0.0 enable
2022-06-01T02:18:07.434Z - log: [Package] channel-upload-tools@1.0.0 enable
2022-06-01T02:18:07.465Z - log: [Package] about@1.0.0 enable
2022-06-01T02:18:07.503Z - log: [Package] assets@1.0.0 enable
2022-06-01T02:18:07.542Z - log: [Package] console@1.0.0 enable
2022-06-01T02:18:07.769Z - log: [Package] extension@3.0.16 enable
2022-06-01T02:18:07.840Z - log: [Package] hierarchy@1.0.0 enable
2022-06-01T02:18:07.894Z - log: [Package] inspector@1.0.0 enable
2022-06-01T02:18:07.935Z - log: [Package] lightmap@1.0.4 enable
2022-06-01T02:18:08.062Z - log: [Package] node-library@1.0.1 enable
2022-06-01T02:18:08.089Z - log: [Package] package-asset@1.0.0 enable
2022-06-01T02:18:08.126Z - log: [Package] process@1.0.0 enable
2022-06-01T02:18:08.215Z - log: [Package] reference-image@1.0.0 enable
2022-06-01T02:18:08.253Z - log: [Package] alipay-mini-game@1.0.0 enable
2022-06-01T02:18:08.286Z - log: [Package] android@1.0.0 enable
2022-06-01T02:18:08.312Z - log: [Package] baidu-mini-game@1.0.0 enable
2022-06-01T02:18:08.336Z - log: [Package] bytedance-mini-game@1.0.1 enable
2022-06-01T02:18:08.360Z - log: [Package] cocos-play@1.0.0 enable
2022-06-01T02:18:08.384Z - log: [Package] huawei-agc@1.0.0 enable
2022-06-01T02:18:08.408Z - log: [Package] huawei-quick-game@1.0.0 enable
2022-06-01T02:18:09.665Z - log: [Package] ios@1.0.0 enable
2022-06-01T02:18:09.691Z - log: [Package] ios-app-clip@1.0.0 enable
2022-06-01T02:18:09.718Z - log: [Package] link-sure@1.0.0 enable
2022-06-01T02:18:09.742Z - log: [Package] linux@1.0.0 enable
2022-06-01T02:18:09.774Z - log: [Package] mac@1.0.0 enable
2022-06-01T02:18:09.909Z - log: [Package] native@1.0.0 enable
2022-06-01T02:18:09.936Z - verbose: [AssetDB] Require engine code (2782ms)
2022-06-01T02:18:09.944Z - log: [Package] ohos@1.0.0 enable
2022-06-01T02:18:09.975Z - log: [Package] open-harmonyos@1.0.0 enable
2022-06-01T02:18:10.005Z - log: [Package] oppo-mini-game@1.0.0 enable
2022-06-01T02:18:10.037Z - log: [Package] qtt@1.0.0 enable
2022-06-01T02:18:10.070Z - log: [Package] vivo-mini-game@1.0.0 enable
2022-06-01T02:18:10.114Z - log: [Package] web-desktop@1.0.0 enable
2022-06-01T02:18:10.152Z - log: [Package] web-mobile@1.0.0 enable
2022-06-01T02:18:10.191Z - log: [Package] wechatgame@1.0.1 enable
2022-06-01T02:18:10.216Z - log: [Package] windows@1.0.0 enable
2022-06-01T02:18:10.240Z - log: [Package] xiaomi-quick-game@1.0.0 enable
2022-06-01T02:18:10.530Z - log: [Package] cocos-service@3.0.3 enable
2022-06-01T02:18:10.708Z - log: [Package] importer@1.0.0 enable
2022-06-01T02:18:11.139Z - log: [Im-plugin] Check im-plugin version.
2022-06-01T02:18:11.169Z - log: [Package] im-plugin@3.0.8 enable
2022-06-01T02:18:12.015Z - log: [Im-plugin] No online info of im-plugin.
2022-06-01T02:18:12.376Z - log: 设置的 IP 地址不存在，将使用默认 IP
2022-06-01T02:18:23.370Z - verbose: [Scene] Require engine code (1ms)
2022-06-01T02:18:23.372Z - verbose: [Scene] Startup engine (1ms)
2022-06-01T02:18:23.414Z - log: [Scene] Cocos Creator v3.5.0
2022-06-01T02:18:23.784Z - verbose: [Scene] Open engine (412ms)
2022-06-01T02:18:23.784Z - verbose: [Scene] Configure engine (0ms)
2022-06-01T02:18:23.568Z - info: [Scene] Forward render pipeline initialized.
2022-06-01T02:44:17.308Z - log: 设置的 IP 地址不存在，将使用默认 IP
2022-06-01T02:45:00.075Z - warn: Metrics: no valid info
2022-06-03T15:56:45.272Z - log: [Package] menu@1.0.0 enable
2022-06-03T15:56:45.275Z - log: [Package] profile@1.0.0 enable
2022-06-03T15:56:45.287Z - log: [Package] project@1.0.2 enable
2022-06-03T15:56:45.294Z - log: [Package] messages@1.0.0 enable
2022-06-03T15:56:45.297Z - log: [Package] program@1.0.0 enable
2022-06-03T15:56:45.303Z - log: [Package] tester@1.0.0 enable
2022-06-03T15:56:45.310Z - log: [Package] preferences@1.0.0 enable
2022-06-03T15:56:46.102Z - log: Setup mods mgr.: 326.287ms
2022-06-03T15:56:46.111Z - verbose: [Engine] QuickCompile engine (723ms)
2022-06-03T15:56:46.115Z - log: [Package] engine@1.0.6 enable
2022-06-03T15:56:46.947Z - log: [Package] programming@1.0.0 enable
2022-06-03T15:56:47.240Z - log: [Package] device@1.0.1 enable
2022-06-03T15:56:47.268Z - log: [Package] ui-kit@1.0.1 enable
2022-06-03T15:56:47.291Z - log: [Package] engine-extends@1.0.0 enable
2022-06-03T15:56:47.368Z - log: [Package] asset-db@1.0.0 enable
2022-06-03T15:56:47.409Z - log: [Package] scene@1.0.0 enable
2022-06-03T15:56:47.672Z - log: [Package] server@1.0.0 enable
2022-06-03T15:56:47.713Z - log: [Package] utils@1.0.0 enable
2022-06-03T15:56:52.731Z - log: [Package] preview@1.0.1 enable
2022-06-03T15:56:52.768Z - log: [Package] animator@1.0.0 enable
2022-06-03T15:56:52.888Z - log: 设置的 IP 地址不存在，将使用默认 IP
2022-06-03T15:56:53.809Z - log: [Package] builder@1.3.2 enable
2022-06-03T15:56:53.843Z - log: [Package] shortcuts@1.0.1 enable
2022-06-03T15:56:53.875Z - log: [Package] animation-graph@1.0.0 enable
2022-06-03T15:56:53.897Z - log: [Package] runtime-dev-tools@1.0.0 enable
2022-06-03T15:56:53.921Z - log: [Package] channel-upload-tools@1.0.0 enable
2022-06-03T15:56:53.961Z - log: [Package] about@1.0.0 enable
2022-06-03T15:56:53.995Z - log: [Package] assets@1.0.0 enable
2022-06-03T15:56:54.027Z - log: [Package] console@1.0.0 enable
2022-06-03T15:56:54.257Z - log: [Package] extension@3.0.16 enable
2022-06-03T15:56:54.300Z - log: [Package] hierarchy@1.0.0 enable
2022-06-03T15:56:54.353Z - log: [Package] inspector@1.0.0 enable
2022-06-03T15:56:54.396Z - log: [Package] lightmap@1.0.4 enable
2022-06-03T15:56:54.442Z - log: [Package] node-library@1.0.1 enable
2022-06-03T15:56:54.467Z - log: [Package] package-asset@1.0.0 enable
2022-06-03T15:56:54.502Z - log: [Package] process@1.0.0 enable
2022-06-03T15:56:54.543Z - log: [Package] reference-image@1.0.0 enable
2022-06-03T15:56:54.569Z - log: [Package] alipay-mini-game@1.0.0 enable
2022-06-03T15:56:54.597Z - log: [Package] android@1.0.0 enable
2022-06-03T15:56:54.626Z - log: [Package] baidu-mini-game@1.0.0 enable
2022-06-03T15:56:54.656Z - log: [Package] bytedance-mini-game@1.0.1 enable
2022-06-03T15:56:54.681Z - log: [Package] cocos-play@1.0.0 enable
2022-06-03T15:56:54.708Z - log: [Package] huawei-agc@1.0.0 enable
2022-06-03T15:56:54.733Z - log: [Package] huawei-quick-game@1.0.0 enable
2022-06-03T15:56:55.971Z - log: [Package] ios@1.0.0 enable
2022-06-03T15:56:55.997Z - log: [Package] ios-app-clip@1.0.0 enable
2022-06-03T15:56:56.023Z - log: [Package] link-sure@1.0.0 enable
2022-06-03T15:56:56.049Z - log: [Package] linux@1.0.0 enable
2022-06-03T15:56:56.075Z - log: [Package] mac@1.0.0 enable
2022-06-03T15:56:56.216Z - log: [Package] native@1.0.0 enable
2022-06-03T15:56:56.239Z - verbose: [AssetDB] Require engine code (2632ms)
2022-06-03T15:56:56.244Z - log: [Package] ohos@1.0.0 enable
2022-06-03T15:56:56.272Z - log: [Package] open-harmonyos@1.0.0 enable
2022-06-03T15:56:56.298Z - log: [Package] oppo-mini-game@1.0.0 enable
2022-06-03T15:56:56.325Z - log: [Package] qtt@1.0.0 enable
2022-06-03T15:56:56.355Z - log: [Package] vivo-mini-game@1.0.0 enable
2022-06-03T15:56:56.403Z - log: [Package] web-desktop@1.0.0 enable
2022-06-03T15:56:56.444Z - log: [Package] web-mobile@1.0.0 enable
2022-06-03T15:56:56.482Z - log: [Package] wechatgame@1.0.1 enable
2022-06-03T15:56:56.508Z - log: [Package] windows@1.0.0 enable
2022-06-03T15:56:56.534Z - log: [Package] xiaomi-quick-game@1.0.0 enable
2022-06-03T15:56:56.947Z - log: [Package] cocos-service@3.0.3 enable
2022-06-03T15:56:57.048Z - log: [Package] importer@1.0.0 enable
2022-06-03T15:56:57.614Z - log: [Im-plugin] Check im-plugin version.
2022-06-03T15:56:57.627Z - log: [Package] im-plugin@3.0.8 enable
2022-06-03T15:56:58.470Z - log: [Im-plugin] No online info of im-plugin.
2022-06-03T15:56:59.014Z - log: 设置的 IP 地址不存在，将使用默认 IP
2022-06-03T15:57:11.397Z - verbose: [Scene] Require engine code (0ms)
2022-06-03T15:57:11.399Z - verbose: [Scene] Startup engine (1ms)
2022-06-03T15:57:11.435Z - log: [Scene] Cocos Creator v3.5.1
2022-06-03T15:57:11.764Z - verbose: [Scene] Open engine (365ms)
2022-06-03T15:57:11.765Z - verbose: [Scene] Configure engine (0ms)
2022-06-03T15:57:11.550Z - info: [Scene] Forward render pipeline initialized.
2022-06-03T16:00:43.942Z - warn: Metrics: no valid info
2022-06-10T01:38:37.301Z - log: [Package] menu@1.0.0 enable
2022-06-10T01:38:37.304Z - log: [Package] profile@1.0.0 enable
2022-06-10T01:38:37.319Z - log: [Package] project@1.0.2 enable
2022-06-10T01:38:37.326Z - log: [Package] messages@1.0.0 enable
2022-06-10T01:38:37.330Z - log: [Package] program@1.0.0 enable
2022-06-10T01:38:37.337Z - log: [Package] tester@1.0.0 enable
2022-06-10T01:38:37.343Z - log: [Package] preferences@1.0.0 enable
2022-06-10T01:38:38.203Z - log: Setup mods mgr.: 377.466ms
2022-06-10T01:38:38.222Z - verbose: [Engine] QuickCompile engine (799ms)
2022-06-10T01:38:38.226Z - log: [Package] engine@1.0.6 enable
2022-06-10T01:38:39.143Z - log: [Package] programming@1.0.0 enable
2022-06-10T01:38:39.459Z - log: [Package] device@1.0.1 enable
2022-06-10T01:38:39.488Z - log: [Package] ui-kit@1.0.1 enable
2022-06-10T01:38:39.519Z - log: [Package] engine-extends@1.0.0 enable
2022-06-10T01:38:39.594Z - log: [Package] asset-db@1.0.0 enable
2022-06-10T01:38:39.637Z - log: [Package] scene@1.0.0 enable
2022-06-10T01:38:39.905Z - log: [Package] server@1.0.0 enable
2022-06-10T01:38:39.950Z - log: [Package] utils@1.0.0 enable
2022-06-10T01:38:45.253Z - log: [Package] preview@1.0.1 enable
2022-06-10T01:38:45.295Z - log: [Package] animator@1.0.0 enable
2022-06-10T01:38:45.767Z - log: 设置的 IP 地址不存在，将使用默认 IP
2022-06-10T01:38:46.902Z - log: [Package] builder@1.3.2 enable
2022-06-10T01:38:46.937Z - log: [Package] shortcuts@1.0.1 enable
2022-06-10T01:38:46.969Z - log: [Package] animation-graph@1.0.0 enable
2022-06-10T01:38:46.992Z - log: [Package] runtime-dev-tools@1.0.0 enable
2022-06-10T01:38:47.018Z - log: [Package] channel-upload-tools@1.0.0 enable
2022-06-10T01:38:47.055Z - log: [Package] about@1.0.0 enable
2022-06-10T01:38:47.092Z - log: [Package] assets@1.0.0 enable
2022-06-10T01:38:47.148Z - log: [Package] console@1.0.0 enable
2022-06-10T01:38:47.398Z - log: [Package] extension@3.0.16 enable
2022-06-10T01:38:47.459Z - log: [Package] hierarchy@1.0.0 enable
2022-06-10T01:38:47.500Z - log: [Package] inspector@1.0.0 enable
2022-06-10T01:38:47.538Z - log: [Package] lightmap@1.0.4 enable
2022-06-10T01:38:47.578Z - log: [Package] node-library@1.0.1 enable
2022-06-10T01:38:47.611Z - log: [Package] package-asset@1.0.0 enable
2022-06-10T01:38:47.649Z - log: [Package] process@1.0.0 enable
2022-06-10T01:38:47.694Z - log: [Package] reference-image@1.0.0 enable
2022-06-10T01:38:47.726Z - log: [Package] alipay-mini-game@1.0.0 enable
2022-06-10T01:38:47.754Z - log: [Package] android@1.0.0 enable
2022-06-10T01:38:47.785Z - log: [Package] baidu-mini-game@1.0.0 enable
2022-06-10T01:38:47.815Z - log: [Package] bytedance-mini-game@1.0.1 enable
2022-06-10T01:38:47.845Z - log: [Package] cocos-play@1.0.0 enable
2022-06-10T01:38:47.880Z - log: [Package] huawei-agc@1.0.0 enable
2022-06-10T01:38:47.905Z - log: [Package] huawei-quick-game@1.0.0 enable
2022-06-10T01:38:49.456Z - log: [Package] ios@1.0.0 enable
2022-06-10T01:38:49.520Z - log: [Package] ios-app-clip@1.0.0 enable
2022-06-10T01:38:49.545Z - log: [Package] link-sure@1.0.0 enable
2022-06-10T01:38:49.574Z - log: [Package] linux@1.0.0 enable
2022-06-10T01:38:49.603Z - log: [Package] mac@1.0.0 enable
2022-06-10T01:38:49.888Z - log: [Package] native@1.0.0 enable
2022-06-10T01:38:49.907Z - verbose: [AssetDB] Require engine code (3132ms)
2022-06-10T01:38:49.984Z - log: [Package] ohos@1.0.0 enable
2022-06-10T01:38:50.009Z - log: [Package] open-harmonyos@1.0.0 enable
2022-06-10T01:38:50.038Z - log: [Package] oppo-mini-game@1.0.0 enable
2022-06-10T01:38:50.064Z - log: [Package] qtt@1.0.0 enable
2022-06-10T01:38:50.094Z - log: [Package] vivo-mini-game@1.0.0 enable
2022-06-10T01:38:50.140Z - log: [Package] web-desktop@1.0.0 enable
2022-06-10T01:38:50.184Z - log: [Package] web-mobile@1.0.0 enable
2022-06-10T01:38:50.231Z - log: [Package] wechatgame@1.0.1 enable
2022-06-10T01:38:50.256Z - log: [Package] windows@1.0.0 enable
2022-06-10T01:38:50.284Z - log: [Package] xiaomi-quick-game@1.0.0 enable
2022-06-10T01:38:50.713Z - log: [Package] cocos-service@3.0.3 enable
2022-06-10T01:38:50.824Z - log: [Package] importer@1.0.0 enable
2022-06-10T01:38:51.595Z - log: [Im-plugin] Check im-plugin version.
2022-06-10T01:38:51.611Z - log: [Package] im-plugin@3.0.8 enable
2022-06-10T01:38:52.382Z - log: [Im-plugin] No online info of im-plugin.
2022-06-10T01:38:53.692Z - log: 设置的 IP 地址不存在，将使用默认 IP
2022-06-10T01:39:01.819Z - verbose: [Scene] Require engine code (2ms)
2022-06-10T01:39:01.821Z - verbose: [Scene] Startup engine (0ms)
2022-06-10T01:39:01.999Z - log: [Scene] Cocos Creator v3.5.1
2022-06-10T01:39:02.692Z - verbose: [Scene] Open engine (868ms)
2022-06-10T01:39:02.693Z - verbose: [Scene] Configure engine (0ms)
2022-06-10T01:39:02.233Z - info: [Scene] Forward render pipeline initialized.
2022-06-10T01:41:16.201Z - warn: Metrics: no valid info
