2022-05-09 14:20:18-log: [Package] menu@1.0.0 enable
2022-05-09 14:20:18-log: [Package] profile@1.0.0 enable
2022-05-09 14:20:18-log: [Package] project@1.0.1 enable
2022-05-09 14:20:18-log: [Package] messages@1.0.0 enable
2022-05-09 14:20:18-log: [Package] program@1.0.0 enable
2022-05-09 14:20:18-log: [Package] device@1.0.1 enable
2022-05-09 14:20:18-log: [Package] ui-kit@1.0.1 enable
2022-05-09 14:20:18-log: [Package] tester@1.0.0 enable
2022-05-09 14:20:18-log: [Package] preferences@1.0.0 enable
2022-05-09 14:20:19-log: Setup mods mgr.: 343.346ms
2022-05-09 14:20:19-log: Profile changed: engine (modules.includeModules: 2d,3d,audio,base,dragon-bones,gfx-webgl,gfx-webgl2,intersection-2d,marionette,particle,particle-2d,physics-2d-box2d,physics-ammo,primitive,profiler,spine,terrain,tiled-map,tween,ui,video,webview)
2022-05-09 14:20:19-log: [Package] engine@1.0.5 enable
2022-05-09 14:20:22-log: [Package] programming@1.0.0 enable
2022-05-09 14:20:23-log: [Package] engine-extends@1.0.0 enable
2022-05-09 14:20:23-log: [Package] asset-db@1.0.0 enable
2022-05-09 14:20:23-log: [Package] console@1.0.0 enable
2022-05-09 14:20:23-log: [Package] scene@1.0.0 enable
2022-05-09 14:20:23-log: [Package] about@1.0.0 enable
2022-05-09 14:20:23-log: [Package] server@1.0.0 enable
2022-05-09 14:20:23-log: [Package] utils@1.0.0 enable
2022-05-09 14:20:23-log: [Package] assets@1.0.0 enable
2022-05-09 14:20:23-log: [Package] inspector@1.0.0 enable
2022-05-09 14:20:23-log: [Package] hierarchy@1.0.0 enable
2022-05-09 14:20:26-log: 设置的 IP 地址不存在，将使用默认 IP
2022-05-09 14:20:27-log: [Package] builder@1.3.1 enable
2022-05-09 14:20:27-log: [Package] node-library@1.0.0 enable
2022-05-09 14:20:27-log: [Package] shortcuts@1.0.1 enable
2022-05-09 14:20:27-log: [Package] package-asset@1.0.0 enable
2022-05-09 14:20:27-log: [Package] reference-image@1.0.0 enable
2022-05-09 14:20:27-log: [Package] animation-graph@1.0.0 enable
2022-05-09 14:20:27-log: [Package] channel-upload-tools@1.0.0 enable
2022-05-09 14:20:28-log: [Package] runtime-dev-tools@1.0.0 enable
2022-05-09 14:20:28-log: [Package] lightmap@1.0.4 enable
2022-05-09 14:20:28-log: [Package] alipay-mini-game@1.0.0 enable
2022-05-09 14:20:28-log: [Package] android@1.0.0 enable
2022-05-09 14:20:28-log: [Package] baidu-mini-game@1.0.0 enable
2022-05-09 14:20:28-log: [Package] bytedance-mini-game@1.0.1 enable
2022-05-09 14:20:28-log: [Package] huawei-agc@1.0.0 enable
2022-05-09 14:20:29-log: [Package] ios@1.0.0 enable
2022-05-09 14:20:29-log: [Package] ios-app-clip@1.0.0 enable
2022-05-09 14:20:29-log: [Package] mac@1.0.0 enable
2022-05-09 14:20:29-log: [Package] native@1.0.0 enable
2022-05-09 14:20:30-log: [Package] ohos@1.0.0 enable
2022-05-09 14:20:30-log: [Package] web-desktop@1.0.0 enable
2022-05-09 14:20:30-log: [Package] web-mobile@1.0.0 enable
2022-05-09 14:20:30-log: [Package] wechatgame@1.0.1 enable
2022-05-09 14:20:30-log: [Package] windows@1.0.0 enable
2022-05-09 14:20:30-log: [Package] xiaomi-quick-game@1.0.0 enable
2022-05-09 14:20:30-log: [Package] cocos-play@1.0.0 enable
2022-05-09 14:20:30-log: [Package] huawei-quick-game@1.0.0 enable
2022-05-09 14:20:30-log: [Package] link-sure@1.0.0 enable
2022-05-09 14:20:30-log: [Package] oppo-mini-game@1.0.0 enable
2022-05-09 14:20:30-log: [Package] qtt@1.0.0 enable
2022-05-09 14:20:30-log: [Package] vivo-mini-game@1.0.0 enable
2022-05-09 14:20:30-log: [Package] cocos-service@3.0.2 enable
2022-05-09 14:20:30-log: [Package] importer@1.0.0 enable
2022-05-09 14:20:31-log: [Package] extension@3.0.15 enable
2022-05-09 14:20:32-log: [Im-plugin] Check im-plugin version.
2022-05-09 14:20:32-log: [Package] im-plugin@3.0.8 enable
2022-05-09 14:20:32-log: 设置的 IP 地址不存在，将使用默认 IP
2022-05-09 14:20:34-log: [Im-plugin] No online info of im-plugin.
2022-05-09 14:20:39-warn: Browserslist: caniuse-lite is outdated. Please run:
npx browserslist@latest --update-db

Why you should do it regularly:
https://github.com/browserslist/browserslist#browsers-data-updating
2022-05-09 14:20:39-log: [Scene] Cocos Creator v3.4.2
2022-05-09 14:20:40-info: [Scene] Forward render pipeline initialized.
2022-05-22T09:15:45.198Z - log: [Package] menu@1.0.0 enable
2022-05-22T09:15:45.201Z - log: [Package] profile@1.0.0 enable
2022-05-22T09:15:45.214Z - log: [Package] project@1.0.2 enable
2022-05-22T09:15:45.220Z - log: [Package] messages@1.0.0 enable
2022-05-22T09:15:45.227Z - log: [Package] program@1.0.0 enable
2022-05-22T09:15:45.233Z - log: [Package] tester@1.0.0 enable
2022-05-22T09:15:45.239Z - log: [Package] preferences@1.0.0 enable
2022-05-22T09:15:46.095Z - log: Setup mods mgr.: 350.221ms
2022-05-22T09:15:46.108Z - verbose: [Engine] QuickCompile engine (804ms)
2022-05-22T09:15:46.112Z - log: [Package] engine@1.0.6 enable
2022-05-22T09:15:46.962Z - log: [Package] programming@1.0.0 enable
2022-05-22T09:15:47.274Z - log: [Package] device@1.0.1 enable
2022-05-22T09:15:47.301Z - log: [Package] ui-kit@1.0.1 enable
2022-05-22T09:15:47.333Z - log: [Package] engine-extends@1.0.0 enable
2022-05-22T09:15:47.394Z - log: [Package] asset-db@1.0.0 enable
2022-05-22T09:15:47.437Z - log: [Package] scene@1.0.0 enable
2022-05-22T09:15:47.635Z - log: [Package] server@1.0.0 enable
2022-05-22T09:15:47.748Z - log: [Package] utils@1.0.0 enable
2022-05-22T09:15:52.210Z - log: [Package] preview@1.0.1 enable
2022-05-22T09:15:52.242Z - log: [Package] animator@1.0.0 enable
2022-05-22T09:15:52.457Z - log: 设置的 IP 地址不存在，将使用默认 IP
2022-05-22T09:15:53.375Z - log: [Package] builder@1.3.2 enable
2022-05-22T09:15:53.413Z - log: [Package] shortcuts@1.0.1 enable
2022-05-22T09:15:53.447Z - log: [Package] animation-graph@1.0.0 enable
2022-05-22T09:15:53.470Z - log: [Package] runtime-dev-tools@1.0.0 enable
2022-05-22T09:15:53.493Z - log: [Package] channel-upload-tools@1.0.0 enable
2022-05-22T09:15:53.529Z - log: [Package] about@1.0.0 enable
2022-05-22T09:15:53.562Z - log: [Package] assets@1.0.0 enable
2022-05-22T09:15:53.608Z - log: [Package] console@1.0.0 enable
2022-05-22T09:15:53.901Z - log: [Package] extension@3.0.16 enable
2022-05-22T09:15:53.939Z - log: [Package] hierarchy@1.0.0 enable
2022-05-22T09:15:53.990Z - log: [Package] inspector@1.0.0 enable
2022-05-22T09:15:54.074Z - log: [Package] lightmap@1.0.4 enable
2022-05-22T09:15:54.134Z - log: [Package] node-library@1.0.1 enable
2022-05-22T09:15:54.156Z - log: [Package] package-asset@1.0.0 enable
2022-05-22T09:15:54.194Z - log: [Package] process@1.0.0 enable
2022-05-22T09:15:54.238Z - log: [Package] reference-image@1.0.0 enable
2022-05-22T09:15:54.265Z - log: [Package] alipay-mini-game@1.0.0 enable
2022-05-22T09:15:54.298Z - log: [Package] android@1.0.0 enable
2022-05-22T09:15:54.324Z - log: [Package] baidu-mini-game@1.0.0 enable
2022-05-22T09:15:54.351Z - log: [Package] bytedance-mini-game@1.0.1 enable
2022-05-22T09:15:54.379Z - log: [Package] cocos-play@1.0.0 enable
2022-05-22T09:15:54.412Z - log: [Package] huawei-agc@1.0.0 enable
2022-05-22T09:15:54.449Z - log: [Package] huawei-quick-game@1.0.0 enable
2022-05-22T09:15:55.781Z - log: [Package] ios@1.0.0 enable
2022-05-22T09:15:55.812Z - log: [Package] ios-app-clip@1.0.0 enable
2022-05-22T09:15:55.837Z - log: [Package] link-sure@1.0.0 enable
2022-05-22T09:15:55.866Z - log: [Package] linux@1.0.0 enable
2022-05-22T09:15:55.890Z - log: [Package] mac@1.0.0 enable
2022-05-22T09:15:56.034Z - log: [Package] native@1.0.0 enable
2022-05-22T09:15:56.064Z - log: [Package] ohos@1.0.0 enable
2022-05-22T09:15:56.069Z - verbose: [AssetDB] Require engine code (2887ms)
2022-05-22T09:15:56.089Z - log: [Package] open-harmonyos@1.0.0 enable
2022-05-22T09:15:56.115Z - log: [Package] oppo-mini-game@1.0.0 enable
2022-05-22T09:15:56.142Z - log: [Package] qtt@1.0.0 enable
2022-05-22T09:15:56.168Z - log: [Package] vivo-mini-game@1.0.0 enable
2022-05-22T09:15:56.208Z - log: [Package] web-desktop@1.0.0 enable
2022-05-22T09:15:56.249Z - log: [Package] web-mobile@1.0.0 enable
2022-05-22T09:15:56.289Z - log: [Package] wechatgame@1.0.1 enable
2022-05-22T09:15:56.315Z - log: [Package] windows@1.0.0 enable
2022-05-22T09:15:56.343Z - log: [Package] xiaomi-quick-game@1.0.0 enable
2022-05-22T09:15:56.708Z - log: [Package] cocos-service@3.0.3 enable
2022-05-22T09:15:56.809Z - log: [Package] importer@1.0.0 enable
2022-05-22T09:15:57.336Z - log: [Im-plugin] Check im-plugin version.
2022-05-22T09:15:57.350Z - log: [Package] im-plugin@3.0.8 enable
2022-05-22T09:15:58.166Z - log: [Im-plugin] No online info of im-plugin.
2022-05-22T09:15:58.680Z - log: 设置的 IP 地址不存在，将使用默认 IP
2022-05-22T09:16:09.984Z - verbose: [Scene] Require engine code (0ms)
2022-05-22T09:16:09.986Z - verbose: [Scene] Startup engine (2ms)
2022-05-22T09:16:10.026Z - log: [Scene] Cocos Creator v3.5.0
2022-05-22T09:16:10.375Z - verbose: [Scene] Open engine (388ms)
2022-05-22T09:16:10.376Z - verbose: [Scene] Configure engine (0ms)
2022-05-22T09:16:10.119Z - info: [Scene] Forward render pipeline initialized.
2022-05-22T09:16:25.119Z - warn: Metrics: no valid info
