2022-05-22T09:44:56.970Z - log: [Package] menu@1.0.0 enable
2022-05-22T09:44:56.972Z - log: [Package] profile@1.0.0 enable
2022-05-22T09:44:56.986Z - log: [Package] project@1.0.2 enable
2022-05-22T09:44:56.993Z - log: [Package] messages@1.0.0 enable
2022-05-22T09:44:56.999Z - log: [Package] program@1.0.0 enable
2022-05-22T09:44:57.006Z - log: [Package] tester@1.0.0 enable
2022-05-22T09:44:57.012Z - log: [Package] preferences@1.0.0 enable
2022-05-22T09:44:57.787Z - log: Setup mods mgr.: 363.532ms
2022-05-22T09:44:57.802Z - verbose: [Engine] QuickCompile engine (717ms)
2022-05-22T09:44:57.806Z - log: [Package] engine@1.0.6 enable
2022-05-22T09:44:59.030Z - log: [Package] programming@1.0.0 enable
2022-05-22T09:44:59.341Z - log: [Package] device@1.0.1 enable
2022-05-22T09:44:59.369Z - log: [Package] ui-kit@1.0.1 enable
2022-05-22T09:44:59.392Z - log: [Package] engine-extends@1.0.0 enable
2022-05-22T09:44:59.464Z - log: [Package] asset-db@1.0.0 enable
2022-05-22T09:44:59.522Z - log: [Package] scene@1.0.0 enable
2022-05-22T09:44:59.865Z - log: [Package] server@1.0.0 enable
2022-05-22T09:44:59.902Z - log: [Package] utils@1.0.0 enable
2022-05-22T09:45:06.054Z - log: [Package] preview@1.0.1 enable
2022-05-22T09:45:06.163Z - log: [Package] animator@1.0.0 enable
2022-05-22T09:45:06.272Z - log: 设置的 IP 地址不存在，将使用默认 IP
2022-05-22T09:45:07.367Z - log: [Package] builder@1.3.2 enable
2022-05-22T09:45:07.405Z - log: [Package] shortcuts@1.0.1 enable
2022-05-22T09:45:07.439Z - log: [Package] animation-graph@1.0.0 enable
2022-05-22T09:45:07.463Z - log: [Package] runtime-dev-tools@1.0.0 enable
2022-05-22T09:45:07.491Z - log: [Package] channel-upload-tools@1.0.0 enable
2022-05-22T09:45:07.530Z - log: [Package] about@1.0.0 enable
2022-05-22T09:45:07.569Z - log: [Package] assets@1.0.0 enable
2022-05-22T09:45:07.613Z - log: [Package] console@1.0.0 enable
2022-05-22T09:45:07.902Z - log: [Package] extension@3.0.16 enable
2022-05-22T09:45:07.983Z - log: [Package] hierarchy@1.0.0 enable
2022-05-22T09:45:08.020Z - log: [Package] inspector@1.0.0 enable
2022-05-22T09:45:08.058Z - log: [Package] lightmap@1.0.4 enable
2022-05-22T09:45:08.113Z - log: [Package] node-library@1.0.1 enable
2022-05-22T09:45:08.147Z - log: [Package] package-asset@1.0.0 enable
2022-05-22T09:45:08.190Z - log: [Package] process@1.0.0 enable
2022-05-22T09:45:08.230Z - log: [Package] reference-image@1.0.0 enable
2022-05-22T09:45:08.254Z - log: [Package] alipay-mini-game@1.0.0 enable
2022-05-22T09:45:08.279Z - log: [Package] android@1.0.0 enable
2022-05-22T09:45:08.306Z - log: [Package] baidu-mini-game@1.0.0 enable
2022-05-22T09:45:08.329Z - log: [Package] bytedance-mini-game@1.0.1 enable
2022-05-22T09:45:08.354Z - log: [Package] cocos-play@1.0.0 enable
2022-05-22T09:45:08.385Z - log: [Package] huawei-agc@1.0.0 enable
2022-05-22T09:45:08.413Z - log: [Package] huawei-quick-game@1.0.0 enable
2022-05-22T09:45:09.843Z - log: [Package] ios@1.0.0 enable
2022-05-22T09:45:09.898Z - log: [Package] ios-app-clip@1.0.0 enable
2022-05-22T09:45:10.051Z - log: [Package] link-sure@1.0.0 enable
2022-05-22T09:45:10.083Z - verbose: [AssetDB] Require engine code (2950ms)
2022-05-22T09:45:10.120Z - log: [Package] linux@1.0.0 enable
2022-05-22T09:45:10.149Z - log: [Package] mac@1.0.0 enable
2022-05-22T09:45:10.279Z - log: [Package] native@1.0.0 enable
2022-05-22T09:45:10.307Z - log: [Package] ohos@1.0.0 enable
2022-05-22T09:45:10.330Z - log: [Package] open-harmonyos@1.0.0 enable
2022-05-22T09:45:10.357Z - log: [Package] oppo-mini-game@1.0.0 enable
2022-05-22T09:45:10.382Z - log: [Package] qtt@1.0.0 enable
2022-05-22T09:45:10.411Z - log: [Package] vivo-mini-game@1.0.0 enable
2022-05-22T09:45:10.453Z - log: [Package] web-desktop@1.0.0 enable
2022-05-22T09:45:10.496Z - log: [Package] web-mobile@1.0.0 enable
2022-05-22T09:45:10.537Z - log: [Package] wechatgame@1.0.1 enable
2022-05-22T09:45:10.564Z - log: [Package] windows@1.0.0 enable
2022-05-22T09:45:10.590Z - log: [Package] xiaomi-quick-game@1.0.0 enable
2022-05-22T09:45:11.048Z - log: [Package] cocos-service@3.0.3 enable
2022-05-22T09:45:11.095Z - log: [Package] importer@1.0.0 enable
2022-05-22T09:45:11.499Z - log: [Im-plugin] Check im-plugin version.
2022-05-22T09:45:11.521Z - log: [Package] im-plugin@3.0.8 enable
2022-05-22T09:45:12.441Z - log: [Im-plugin] No online info of im-plugin.
2022-05-22T09:45:13.554Z - log: 设置的 IP 地址不存在，将使用默认 IP
2022-05-22T09:45:28.398Z - verbose: [Scene] Require engine code (0ms)
2022-05-22T09:45:28.407Z - verbose: [Scene] Startup engine (2ms)
2022-05-22T09:45:28.462Z - log: [Scene] Cocos Creator v3.5.0
2022-05-22T09:45:28.902Z - verbose: [Scene] Open engine (497ms)
2022-05-22T09:45:28.902Z - verbose: [Scene] Configure engine (0ms)
2022-05-22T09:45:28.611Z - info: [Scene] Forward render pipeline initialized.
2022-05-22T09:46:40.530Z - warn: Metrics: no valid info
