2022-05-09 15:29:41-log: [Package] menu@1.0.0 enable
2022-05-09 15:29:41-log: [Package] profile@1.0.0 enable
2022-05-09 15:29:41-log: [Package] project@1.0.1 enable
2022-05-09 15:29:41-log: [Package] messages@1.0.0 enable
2022-05-09 15:29:41-log: [Package] program@1.0.0 enable
2022-05-09 15:29:41-log: [Package] device@1.0.1 enable
2022-05-09 15:29:41-log: [Package] ui-kit@1.0.1 enable
2022-05-09 15:29:41-log: [Package] tester@1.0.0 enable
2022-05-09 15:29:41-log: [Package] preferences@1.0.0 enable
2022-05-09 15:29:42-log: Setup mods mgr.: 402.478ms
2022-05-09 15:29:42-log: Profile changed: engine (modules.includeModules: 2d,3d,audio,base,dragon-bones,gfx-webgl,gfx-webgl2,intersection-2d,marionette,particle,particle-2d,physics-2d-box2d,physics-ammo,primitive,profiler,spine,terrain,tiled-map,tween,ui,video,webview)
2022-05-09 15:29:42-log: [Package] engine@1.0.5 enable
2022-05-09 15:29:44-log: [Package] programming@1.0.0 enable
2022-05-09 15:29:44-log: [Package] Profile Migrate: builder@Cocos Creator...
2022-05-09 15:29:44-log: [Package] Profile Migrate: builder@Cocos Creator...
2022-05-09 15:29:45-log: [Package] engine-extends@1.0.0 enable
2022-05-09 15:29:45-log: [Package] asset-db@1.0.0 enable
2022-05-09 15:29:45-log: [Package] console@1.0.0 enable
2022-05-09 15:29:45-log: [Package] scene@1.0.0 enable
2022-05-09 15:29:45-log: [Package] about@1.0.0 enable
2022-05-09 15:29:45-log: [Package] server@1.0.0 enable
2022-05-09 15:29:45-log: [Package] inspector@1.0.0 enable
2022-05-09 15:29:45-log: [Package] hierarchy@1.0.0 enable
2022-05-09 15:29:47-log: [Package] preview@1.0.1 enable
2022-05-09 15:29:47-log: [Package] animator@1.0.0 enable
2022-05-09 15:29:48-log: 设置的 IP 地址不存在，将使用默认 IP
2022-05-09 15:29:49-log: Profile changed: builder (log.level: 4)
2022-05-09 15:29:49-log: [Package] builder@1.3.1 enable
2022-05-09 15:29:49-log: [Package] node-library@1.0.0 enable
2022-05-09 15:29:49-log: [Package] shortcuts@1.0.1 enable
2022-05-09 15:29:49-log: [Package] package-asset@1.0.0 enable
2022-05-09 15:29:49-log: [Package] reference-image@1.0.0 enable
2022-05-09 15:29:49-log: [Package] animation-graph@1.0.0 enable
2022-05-09 15:29:49-log: [Package] channel-upload-tools@1.0.0 enable
2022-05-09 15:29:49-log: [Package] runtime-dev-tools@1.0.0 enable
2022-05-09 15:29:49-log: [Package] lightmap@1.0.4 enable
2022-05-09 15:29:49-log: [Package] alipay-mini-game@1.0.0 enable
2022-05-09 15:29:49-log: [Package] android@1.0.0 enable
2022-05-09 15:29:49-log: [Package] baidu-mini-game@1.0.0 enable
2022-05-09 15:29:49-log: [Package] bytedance-mini-game@1.0.1 enable
2022-05-09 15:29:50-log: [Package] huawei-agc@1.0.0 enable
2022-05-09 15:29:51-log: [Package] ios@1.0.0 enable
2022-05-09 15:29:51-log: [Package] ios-app-clip@1.0.0 enable
2022-05-09 15:29:51-log: [Package] mac@1.0.0 enable
2022-05-09 15:29:51-log: [Package] native@1.0.0 enable
2022-05-09 15:29:51-log: [Package] ohos@1.0.0 enable
2022-05-09 15:29:51-log: [Package] web-desktop@1.0.0 enable
2022-05-09 15:29:51-log: [Package] web-mobile@1.0.0 enable
2022-05-09 15:29:51-log: [Package] wechatgame@1.0.1 enable
2022-05-09 15:29:51-log: [Package] windows@1.0.0 enable
2022-05-09 15:29:52-log: [Package] xiaomi-quick-game@1.0.0 enable
2022-05-09 15:29:52-log: [Package] cocos-play@1.0.0 enable
2022-05-09 15:29:52-log: [Package] huawei-quick-game@1.0.0 enable
2022-05-09 15:29:52-log: [Package] link-sure@1.0.0 enable
2022-05-09 15:29:52-log: [Package] oppo-mini-game@1.0.0 enable
2022-05-09 15:29:52-log: [Package] qtt@1.0.0 enable
2022-05-09 15:29:52-log: [Package] vivo-mini-game@1.0.0 enable
2022-05-09 15:29:52-log: [Package] cocos-service@3.0.2 enable
2022-05-09 15:29:52-log: [Package] importer@1.0.0 enable
2022-05-09 15:29:53-log: [Package] extension@3.0.15 enable
2022-05-09 15:29:54-log: [Im-plugin] Check im-plugin version.
2022-05-09 15:29:54-log: [Package] im-plugin@3.0.8 enable
2022-05-09 15:29:54-log: 设置的 IP 地址不存在，将使用默认 IP
2022-05-09 15:29:56-log: [Im-plugin] No online info of im-plugin.
2022-05-09 15:30:01-warn: Browserslist: caniuse-lite is outdated. Please run:
npx browserslist@latest --update-db

Why you should do it regularly:
https://github.com/browserslist/browserslist#browsers-data-updating
2022-05-09 15:30:02-log: [Scene] Cocos Creator v3.4.2
2022-05-09 15:30:03-info: [Scene] Forward render pipeline initialized.
2022-05-31T06:01:14.076Z - log: [Package] menu@1.0.0 enable
2022-05-31T06:01:14.078Z - log: [Package] profile@1.0.0 enable
2022-05-31T06:01:14.094Z - log: [Package] project@1.0.2 enable
2022-05-31T06:01:14.102Z - log: [Package] messages@1.0.0 enable
2022-05-31T06:01:14.108Z - log: [Package] program@1.0.0 enable
2022-05-31T06:01:14.114Z - log: [Package] tester@1.0.0 enable
2022-05-31T06:01:14.121Z - log: [Package] preferences@1.0.0 enable
2022-05-31T06:01:14.913Z - log: Setup mods mgr.: 340.993ms
2022-05-31T06:01:14.926Z - verbose: [Engine] QuickCompile engine (737ms)
2022-05-31T06:01:14.929Z - log: [Package] engine@1.0.6 enable
2022-05-31T06:01:15.955Z - log: [Package] programming@1.0.0 enable
2022-05-31T06:01:16.255Z - log: [Package] device@1.0.1 enable
2022-05-31T06:01:16.286Z - log: [Package] ui-kit@1.0.1 enable
2022-05-31T06:01:16.316Z - log: [Package] engine-extends@1.0.0 enable
2022-05-31T06:01:16.394Z - log: [Package] asset-db@1.0.0 enable
2022-05-31T06:01:16.442Z - log: [Package] scene@1.0.0 enable
2022-05-31T06:01:16.665Z - log: [Package] server@1.0.0 enable
2022-05-31T06:01:16.699Z - log: [Package] utils@1.0.0 enable
2022-05-31T06:01:21.331Z - log: [Package] preview@1.0.1 enable
2022-05-31T06:01:21.365Z - log: [Package] animator@1.0.0 enable
2022-05-31T06:01:21.571Z - log: 设置的 IP 地址不存在，将使用默认 IP
2022-05-31T06:01:22.861Z - log: [Package] builder@1.3.2 enable
2022-05-31T06:01:22.896Z - log: [Package] shortcuts@1.0.1 enable
2022-05-31T06:01:22.930Z - log: [Package] animation-graph@1.0.0 enable
2022-05-31T06:01:22.953Z - log: [Package] runtime-dev-tools@1.0.0 enable
2022-05-31T06:01:22.979Z - log: [Package] channel-upload-tools@1.0.0 enable
2022-05-31T06:01:23.024Z - log: [Package] about@1.0.0 enable
2022-05-31T06:01:23.063Z - log: [Package] assets@1.0.0 enable
2022-05-31T06:01:23.106Z - log: [Package] console@1.0.0 enable
2022-05-31T06:01:23.465Z - log: [Package] extension@3.0.16 enable
2022-05-31T06:01:23.526Z - log: [Package] hierarchy@1.0.0 enable
2022-05-31T06:01:23.568Z - log: [Package] inspector@1.0.0 enable
2022-05-31T06:01:23.613Z - log: [Package] lightmap@1.0.4 enable
2022-05-31T06:01:23.702Z - log: [Package] node-library@1.0.1 enable
2022-05-31T06:01:23.740Z - log: [Package] package-asset@1.0.0 enable
2022-05-31T06:01:23.779Z - log: [Package] process@1.0.0 enable
2022-05-31T06:01:23.931Z - log: [Package] reference-image@1.0.0 enable
2022-05-31T06:01:23.968Z - log: [Package] alipay-mini-game@1.0.0 enable
2022-05-31T06:01:24.003Z - log: [Package] android@1.0.0 enable
2022-05-31T06:01:24.032Z - log: [Package] baidu-mini-game@1.0.0 enable
2022-05-31T06:01:24.067Z - log: [Package] bytedance-mini-game@1.0.1 enable
2022-05-31T06:01:24.093Z - log: [Package] cocos-play@1.0.0 enable
2022-05-31T06:01:24.123Z - log: [Package] huawei-agc@1.0.0 enable
2022-05-31T06:01:24.149Z - log: [Package] huawei-quick-game@1.0.0 enable
2022-05-31T06:01:25.518Z - log: [Package] ios@1.0.0 enable
2022-05-31T06:01:25.544Z - log: [Package] ios-app-clip@1.0.0 enable
2022-05-31T06:01:25.569Z - log: [Package] link-sure@1.0.0 enable
2022-05-31T06:01:25.595Z - log: [Package] linux@1.0.0 enable
2022-05-31T06:01:25.619Z - log: [Package] mac@1.0.0 enable
2022-05-31T06:01:25.869Z - log: [Package] native@1.0.0 enable
2022-05-31T06:01:25.875Z - verbose: [AssetDB] Require engine code (3243ms)
2022-05-31T06:01:25.904Z - log: [Package] ohos@1.0.0 enable
2022-05-31T06:01:25.939Z - log: [Package] open-harmonyos@1.0.0 enable
2022-05-31T06:01:25.973Z - log: [Package] oppo-mini-game@1.0.0 enable
2022-05-31T06:01:26.012Z - log: [Package] qtt@1.0.0 enable
2022-05-31T06:01:26.055Z - log: [Package] vivo-mini-game@1.0.0 enable
2022-05-31T06:01:26.100Z - log: [Package] web-desktop@1.0.0 enable
2022-05-31T06:01:26.138Z - log: [Package] web-mobile@1.0.0 enable
2022-05-31T06:01:26.183Z - log: [Package] wechatgame@1.0.1 enable
2022-05-31T06:01:26.207Z - log: [Package] windows@1.0.0 enable
2022-05-31T06:01:26.231Z - log: [Package] xiaomi-quick-game@1.0.0 enable
2022-05-31T06:01:26.645Z - log: [Package] cocos-service@3.0.3 enable
2022-05-31T06:01:26.691Z - log: [Package] importer@1.0.0 enable
2022-05-31T06:01:27.181Z - log: [Im-plugin] Check im-plugin version.
2022-05-31T06:01:27.199Z - log: [Package] im-plugin@3.0.8 enable
2022-05-31T06:01:28.403Z - log: [Im-plugin] No online info of im-plugin.
2022-05-31T06:01:28.798Z - log: 设置的 IP 地址不存在，将使用默认 IP
2022-05-31T06:01:41.786Z - verbose: [Scene] Require engine code (0ms)
2022-05-31T06:01:41.787Z - verbose: [Scene] Startup engine (0ms)
2022-05-31T06:01:41.845Z - log: [Scene] Cocos Creator v3.5.0
2022-05-31T06:01:42.392Z - verbose: [Scene] Open engine (605ms)
2022-05-31T06:01:42.392Z - verbose: [Scene] Configure engine (0ms)
2022-05-31T06:01:41.964Z - info: [Scene] Forward render pipeline initialized.
2022-05-31T06:04:46.305Z - warn: Metrics: no valid info
