2022-05-09 13:59:06-log: [Package] menu@1.0.0 enable
2022-05-09 13:59:06-log: [Package] profile@1.0.0 enable
2022-05-09 13:59:06-log: [Package] project@1.0.1 enable
2022-05-09 13:59:06-log: [Package] messages@1.0.0 enable
2022-05-09 13:59:06-log: [Package] program@1.0.0 enable
2022-05-09 13:59:06-log: [Package] device@1.0.1 enable
2022-05-09 13:59:06-log: [Package] ui-kit@1.0.1 enable
2022-05-09 13:59:06-log: [Package] tester@1.0.0 enable
2022-05-09 13:59:06-log: [Package] preferences@1.0.0 enable
2022-05-09 13:59:06-log: Setup mods mgr.: 320.718ms
2022-05-09 13:59:06-log: Profile changed: engine (modules.includeModules: 2d,3d,audio,base,dragon-bones,gfx-webgl,gfx-webgl2,intersection-2d,marionette,particle,particle-2d,physics-2d-box2d,physics-ammo,primitive,profiler,spine,terrain,tiled-map,tween,ui,video,webview)
2022-05-09 13:59:06-log: [Package] engine@1.0.5 enable
2022-05-09 13:59:09-log: [Package] programming@1.0.0 enable
2022-05-09 13:59:09-log: [Package] Profile Migrate: builder@Cocos Creator...
2022-05-09 13:59:09-log: [Package] Profile Migrate: builder@Cocos Creator...
2022-05-09 13:59:10-log: [Package] engine-extends@1.0.0 enable
2022-05-09 13:59:10-log: [Package] asset-db@1.0.0 enable
2022-05-09 13:59:10-log: [Package] console@1.0.0 enable
2022-05-09 13:59:10-log: [Package] scene@1.0.0 enable
2022-05-09 13:59:10-log: [Package] about@1.0.0 enable
2022-05-09 13:59:10-log: [Package] server@1.0.0 enable
2022-05-09 13:59:10-log: [Package] utils@1.0.0 enable
2022-05-09 13:59:10-log: [Package] assets@1.0.0 enable
2022-05-09 13:59:10-log: [Package] inspector@1.0.0 enable
2022-05-09 13:59:10-log: [Package] hierarchy@1.0.0 enable
2022-05-09 13:59:13-log: 设置的 IP 地址不存在，将使用默认 IP
2022-05-09 13:59:14-log: [Package] builder@1.3.1 enable
2022-05-09 13:59:14-log: [Package] node-library@1.0.0 enable
2022-05-09 13:59:14-log: [Package] shortcuts@1.0.1 enable
2022-05-09 13:59:14-log: [Package] package-asset@1.0.0 enable
2022-05-09 13:59:14-log: [Package] reference-image@1.0.0 enable
2022-05-09 13:59:14-log: [Package] animation-graph@1.0.0 enable
2022-05-09 13:59:14-log: [Package] channel-upload-tools@1.0.0 enable
2022-05-09 13:59:14-log: [Package] runtime-dev-tools@1.0.0 enable
2022-05-09 13:59:14-log: [Package] lightmap@1.0.4 enable
2022-05-09 13:59:14-log: [Package] alipay-mini-game@1.0.0 enable
2022-05-09 13:59:14-log: [Package] android@1.0.0 enable
2022-05-09 13:59:14-log: [Package] baidu-mini-game@1.0.0 enable
2022-05-09 13:59:14-log: [Package] bytedance-mini-game@1.0.1 enable
2022-05-09 13:59:14-log: [Package] huawei-agc@1.0.0 enable
2022-05-09 13:59:16-log: [Package] ios@1.0.0 enable
2022-05-09 13:59:16-log: [Package] ios-app-clip@1.0.0 enable
2022-05-09 13:59:16-log: [Package] mac@1.0.0 enable
2022-05-09 13:59:16-log: [Package] native@1.0.0 enable
2022-05-09 13:59:16-log: [Package] ohos@1.0.0 enable
2022-05-09 13:59:16-log: [Package] web-desktop@1.0.0 enable
2022-05-09 13:59:16-log: [Package] web-mobile@1.0.0 enable
2022-05-09 13:59:16-log: [Package] wechatgame@1.0.1 enable
2022-05-09 13:59:16-log: [Package] windows@1.0.0 enable
2022-05-09 13:59:17-log: [Package] xiaomi-quick-game@1.0.0 enable
2022-05-09 13:59:17-log: [Package] cocos-play@1.0.0 enable
2022-05-09 13:59:17-log: [Package] huawei-quick-game@1.0.0 enable
2022-05-09 13:59:17-log: [Package] link-sure@1.0.0 enable
2022-05-09 13:59:17-log: [Package] oppo-mini-game@1.0.0 enable
2022-05-09 13:59:17-log: [Package] qtt@1.0.0 enable
2022-05-09 13:59:17-log: [Package] vivo-mini-game@1.0.0 enable
2022-05-09 13:59:17-log: [Package] cocos-service@3.0.2 enable
2022-05-09 13:59:17-log: [Package] importer@1.0.0 enable
2022-05-09 13:59:18-log: [Package] extension@3.0.15 enable
2022-05-09 13:59:18-log: [Im-plugin] Check im-plugin version.
2022-05-09 13:59:18-log: [Package] im-plugin@3.0.8 enable
2022-05-09 13:59:19-log: 设置的 IP 地址不存在，将使用默认 IP
2022-05-09 13:59:20-log: [Im-plugin] No online info of im-plugin.
2022-05-09 13:59:25-warn: Browserslist: caniuse-lite is outdated. Please run:
npx browserslist@latest --update-db

Why you should do it regularly:
https://github.com/browserslist/browserslist#browsers-data-updating
2022-05-09 13:59:25-log: [Scene] Cocos Creator v3.4.2
2022-05-09 13:59:26-info: [Scene] Forward render pipeline initialized.
2022-05-31T05:34:14.830Z - log: [Package] menu@1.0.0 enable
2022-05-31T05:34:14.833Z - log: [Package] profile@1.0.0 enable
2022-05-31T05:34:14.848Z - log: [Package] project@1.0.2 enable
2022-05-31T05:34:14.854Z - log: [Package] messages@1.0.0 enable
2022-05-31T05:34:14.859Z - log: [Package] program@1.0.0 enable
2022-05-31T05:34:14.865Z - log: [Package] tester@1.0.0 enable
2022-05-31T05:34:14.870Z - log: [Package] preferences@1.0.0 enable
2022-05-31T05:34:16.337Z - log: Setup mods mgr.: 816.201ms
2022-05-31T05:34:16.374Z - verbose: [Engine] QuickCompile engine (1422ms)
2022-05-31T05:34:16.377Z - log: [Package] engine@1.0.6 enable
2022-05-31T05:34:19.341Z - log: [Package] programming@1.0.0 enable
2022-05-31T05:34:19.668Z - log: [Package] device@1.0.1 enable
2022-05-31T05:34:19.697Z - log: [Package] ui-kit@1.0.1 enable
2022-05-31T05:34:19.723Z - log: [Package] engine-extends@1.0.0 enable
2022-05-31T05:34:19.801Z - log: [Package] asset-db@1.0.0 enable
2022-05-31T05:34:19.913Z - log: [Package] scene@1.0.0 enable
2022-05-31T05:34:20.403Z - log: [Package] server@1.0.0 enable
2022-05-31T05:34:20.446Z - log: [Package] utils@1.0.0 enable
2022-05-31T05:34:28.319Z - log: [Package] preview@1.0.1 enable
2022-05-31T05:34:28.356Z - log: [Package] animator@1.0.0 enable
2022-05-31T05:34:28.688Z - log: 设置的 IP 地址不存在，将使用默认 IP
2022-05-31T05:34:30.356Z - log: [Package] builder@1.3.2 enable
2022-05-31T05:34:30.392Z - log: [Package] shortcuts@1.0.1 enable
2022-05-31T05:34:30.425Z - log: [Package] animation-graph@1.0.0 enable
2022-05-31T05:34:30.447Z - log: [Package] runtime-dev-tools@1.0.0 enable
2022-05-31T05:34:30.474Z - log: [Package] channel-upload-tools@1.0.0 enable
2022-05-31T05:34:30.509Z - log: [Package] about@1.0.0 enable
2022-05-31T05:34:30.555Z - log: [Package] assets@1.0.0 enable
2022-05-31T05:34:30.602Z - log: [Package] console@1.0.0 enable
2022-05-31T05:34:30.959Z - log: [Package] extension@3.0.16 enable
2022-05-31T05:34:31.031Z - log: [Package] hierarchy@1.0.0 enable
2022-05-31T05:34:31.184Z - log: [Package] inspector@1.0.0 enable
2022-05-31T05:34:31.248Z - log: [Package] lightmap@1.0.4 enable
2022-05-31T05:34:31.330Z - log: [Package] node-library@1.0.1 enable
2022-05-31T05:34:31.355Z - log: [Package] package-asset@1.0.0 enable
2022-05-31T05:34:31.394Z - log: [Package] process@1.0.0 enable
2022-05-31T05:34:31.441Z - log: [Package] reference-image@1.0.0 enable
2022-05-31T05:34:31.468Z - log: [Package] alipay-mini-game@1.0.0 enable
2022-05-31T05:34:31.497Z - log: [Package] android@1.0.0 enable
2022-05-31T05:34:31.527Z - log: [Package] baidu-mini-game@1.0.0 enable
2022-05-31T05:34:31.609Z - log: [Package] bytedance-mini-game@1.0.1 enable
2022-05-31T05:34:31.636Z - log: [Package] cocos-play@1.0.0 enable
2022-05-31T05:34:31.665Z - log: [Package] huawei-agc@1.0.0 enable
2022-05-31T05:34:31.691Z - log: [Package] huawei-quick-game@1.0.0 enable
2022-05-31T05:34:33.351Z - log: [Package] ios@1.0.0 enable
2022-05-31T05:34:33.412Z - log: [Package] ios-app-clip@1.0.0 enable
2022-05-31T05:34:33.438Z - log: [Package] link-sure@1.0.0 enable
2022-05-31T05:34:33.466Z - log: [Package] linux@1.0.0 enable
2022-05-31T05:34:33.494Z - log: [Package] mac@1.0.0 enable
2022-05-31T05:34:33.660Z - log: [Package] native@1.0.0 enable
2022-05-31T05:34:33.716Z - log: [Package] ohos@1.0.0 enable
2022-05-31T05:34:33.780Z - log: [Package] open-harmonyos@1.0.0 enable
2022-05-31T05:34:33.812Z - log: [Package] oppo-mini-game@1.0.0 enable
2022-05-31T05:34:33.841Z - log: [Package] qtt@1.0.0 enable
2022-05-31T05:34:33.874Z - log: [Package] vivo-mini-game@1.0.0 enable
2022-05-31T05:34:33.927Z - log: [Package] web-desktop@1.0.0 enable
2022-05-31T05:34:33.988Z - log: [Package] web-mobile@1.0.0 enable
2022-05-31T05:34:34.022Z - verbose: [AssetDB] Require engine code (3835ms)
2022-05-31T05:34:34.053Z - log: [Package] wechatgame@1.0.1 enable
2022-05-31T05:34:34.082Z - log: [Package] windows@1.0.0 enable
2022-05-31T05:34:34.111Z - log: [Package] xiaomi-quick-game@1.0.0 enable
2022-05-31T05:34:34.547Z - log: [Package] cocos-service@3.0.3 enable
2022-05-31T05:34:34.655Z - log: [Package] importer@1.0.0 enable
2022-05-31T05:34:35.339Z - log: [Im-plugin] Check im-plugin version.
2022-05-31T05:34:35.435Z - log: [Package] im-plugin@3.0.8 enable
2022-05-31T05:34:36.263Z - log: [Im-plugin] No online info of im-plugin.
2022-05-31T05:34:37.593Z - log: 设置的 IP 地址不存在，将使用默认 IP
2022-05-31T05:34:51.830Z - verbose: [Scene] Require engine code (1ms)
2022-05-31T05:34:51.842Z - verbose: [Scene] Startup engine (11ms)
2022-05-31T05:34:51.893Z - log: [Scene] Cocos Creator v3.5.0
2022-05-31T05:34:52.287Z - verbose: [Scene] Open engine (446ms)
2022-05-31T05:34:52.287Z - verbose: [Scene] Configure engine (0ms)
2022-05-31T05:34:52.031Z - info: [Scene] Forward render pipeline initialized.
2022-05-31T05:35:22.027Z - warn: Metrics: no valid info
