2022-05-22T07:21:57.552Z - log: [Package] menu@1.0.0 enable
2022-05-22T07:21:57.555Z - log: [Package] profile@1.0.0 enable
2022-05-22T07:21:57.571Z - log: [Package] project@1.0.2 enable
2022-05-22T07:21:57.578Z - log: [Package] messages@1.0.0 enable
2022-05-22T07:21:57.582Z - log: [Package] program@1.0.0 enable
2022-05-22T07:21:57.588Z - log: [Package] tester@1.0.0 enable
2022-05-22T07:21:57.593Z - log: [Package] preferences@1.0.0 enable
2022-05-22T07:21:58.355Z - log: Setup mods mgr.: 332.683ms
2022-05-22T07:21:58.364Z - verbose: [Engine] QuickCompile engine (708ms)
2022-05-22T07:21:58.368Z - log: [Package] engine@1.0.6 enable
2022-05-22T07:21:59.190Z - log: [Package] programming@1.0.0 enable
2022-05-22T07:21:59.487Z - log: [Package] device@1.0.1 enable
2022-05-22T07:21:59.514Z - log: [Package] ui-kit@1.0.1 enable
2022-05-22T07:21:59.539Z - log: [Package] engine-extends@1.0.0 enable
2022-05-22T07:21:59.602Z - log: [Package] asset-db@1.0.0 enable
2022-05-22T07:21:59.658Z - log: [Package] scene@1.0.0 enable
2022-05-22T07:22:00.069Z - log: [Package] server@1.0.0 enable
2022-05-22T07:22:00.112Z - log: [Package] utils@1.0.0 enable
2022-05-22T07:22:04.340Z - log: [Package] preview@1.0.1 enable
2022-05-22T07:22:04.376Z - log: [Package] animator@1.0.0 enable
2022-05-22T07:22:04.469Z - log: 设置的 IP 地址不存在，将使用默认 IP
2022-05-22T07:22:05.379Z - log: [Package] builder@1.3.2 enable
2022-05-22T07:22:05.412Z - log: [Package] shortcuts@1.0.1 enable
2022-05-22T07:22:05.451Z - log: [Package] animation-graph@1.0.0 enable
2022-05-22T07:22:05.473Z - log: [Package] runtime-dev-tools@1.0.0 enable
2022-05-22T07:22:05.497Z - log: [Package] channel-upload-tools@1.0.0 enable
2022-05-22T07:22:05.528Z - log: [Package] about@1.0.0 enable
2022-05-22T07:22:05.561Z - log: [Package] assets@1.0.0 enable
2022-05-22T07:22:05.601Z - log: [Package] console@1.0.0 enable
2022-05-22T07:22:05.888Z - log: [Package] extension@3.0.16 enable
2022-05-22T07:22:05.929Z - log: [Package] hierarchy@1.0.0 enable
2022-05-22T07:22:05.978Z - log: [Package] inspector@1.0.0 enable
2022-05-22T07:22:06.011Z - log: [Package] lightmap@1.0.4 enable
2022-05-22T07:22:06.064Z - log: [Package] node-library@1.0.1 enable
2022-05-22T07:22:06.095Z - log: [Package] package-asset@1.0.0 enable
2022-05-22T07:22:06.136Z - log: [Package] process@1.0.0 enable
2022-05-22T07:22:06.173Z - log: [Package] reference-image@1.0.0 enable
2022-05-22T07:22:06.201Z - log: [Package] alipay-mini-game@1.0.0 enable
2022-05-22T07:22:06.230Z - log: [Package] android@1.0.0 enable
2022-05-22T07:22:06.272Z - log: [Package] baidu-mini-game@1.0.0 enable
2022-05-22T07:22:06.306Z - log: [Package] bytedance-mini-game@1.0.1 enable
2022-05-22T07:22:06.330Z - log: [Package] cocos-play@1.0.0 enable
2022-05-22T07:22:06.356Z - log: [Package] huawei-agc@1.0.0 enable
2022-05-22T07:22:06.384Z - log: [Package] huawei-quick-game@1.0.0 enable
2022-05-22T07:22:07.587Z - log: [Package] ios@1.0.0 enable
2022-05-22T07:22:07.615Z - log: [Package] ios-app-clip@1.0.0 enable
2022-05-22T07:22:07.637Z - log: [Package] link-sure@1.0.0 enable
2022-05-22T07:22:07.663Z - log: [Package] linux@1.0.0 enable
2022-05-22T07:22:07.690Z - log: [Package] mac@1.0.0 enable
2022-05-22T07:22:07.818Z - log: [Package] native@1.0.0 enable
2022-05-22T07:22:07.826Z - verbose: [AssetDB] Require engine code (2662ms)
2022-05-22T07:22:07.863Z - log: [Package] ohos@1.0.0 enable
2022-05-22T07:22:07.898Z - log: [Package] open-harmonyos@1.0.0 enable
2022-05-22T07:22:07.928Z - log: [Package] oppo-mini-game@1.0.0 enable
2022-05-22T07:22:07.954Z - log: [Package] qtt@1.0.0 enable
2022-05-22T07:22:07.981Z - log: [Package] vivo-mini-game@1.0.0 enable
2022-05-22T07:22:08.029Z - log: [Package] web-desktop@1.0.0 enable
2022-05-22T07:22:08.074Z - log: [Package] web-mobile@1.0.0 enable
2022-05-22T07:22:08.114Z - log: [Package] wechatgame@1.0.1 enable
2022-05-22T07:22:08.139Z - log: [Package] windows@1.0.0 enable
2022-05-22T07:22:08.165Z - log: [Package] xiaomi-quick-game@1.0.0 enable
2022-05-22T07:22:08.519Z - log: [Package] cocos-service@3.0.3 enable
2022-05-22T07:22:08.562Z - log: [Package] importer@1.0.0 enable
2022-05-22T07:22:09.007Z - log: [Im-plugin] Check im-plugin version.
2022-05-22T07:22:09.020Z - log: [Package] im-plugin@3.0.8 enable
2022-05-22T07:22:10.054Z - log: [Im-plugin] No online info of im-plugin.
2022-05-22T07:22:10.553Z - log: 设置的 IP 地址不存在，将使用默认 IP
2022-05-22T07:22:21.327Z - verbose: [Scene] Require engine code (0ms)
2022-05-22T07:22:21.331Z - verbose: [Scene] Startup engine (3ms)
2022-05-22T07:22:21.373Z - log: [Scene] Cocos Creator v3.5.0
2022-05-22T07:22:21.688Z - verbose: [Scene] Open engine (356ms)
2022-05-22T07:22:21.688Z - verbose: [Scene] Configure engine (0ms)
2022-05-22T07:22:21.470Z - info: [Scene] Forward render pipeline initialized.
2022-05-22T07:22:41.969Z - warn: Metrics: no valid info
