2022-05-09 14:09:39-log: [Package] menu@1.0.0 enable
2022-05-09 14:09:39-log: [Package] profile@1.0.0 enable
2022-05-09 14:09:39-log: [Package] project@1.0.1 enable
2022-05-09 14:09:39-log: [Package] messages@1.0.0 enable
2022-05-09 14:09:39-log: [Package] program@1.0.0 enable
2022-05-09 14:09:39-log: [Package] device@1.0.1 enable
2022-05-09 14:09:39-log: [Package] ui-kit@1.0.1 enable
2022-05-09 14:09:39-log: [Package] tester@1.0.0 enable
2022-05-09 14:09:39-log: [Package] preferences@1.0.0 enable
2022-05-09 14:09:40-log: Setup mods mgr.: 736.547ms
2022-05-09 14:09:40-log: Profile changed: engine (modules.includeModules: 2d,3d,audio,base,dragon-bones,gfx-webgl,gfx-webgl2,intersection-2d,marionette,particle,particle-2d,physics-2d-box2d,physics-ammo,primitive,profiler,spine,terrain,tiled-map,tween,ui,video,webview)
2022-05-09 14:09:40-log: [Package] engine@1.0.5 enable
2022-05-09 14:09:44-log: [Package] programming@1.0.0 enable
2022-05-09 14:09:44-log: [Package] Profile Migrate: builder@Cocos Creator...
2022-05-09 14:09:44-log: [Package] Profile Migrate: builder@Cocos Creator...
2022-05-09 14:09:44-log: [Package] engine-extends@1.0.0 enable
2022-05-09 14:09:44-log: [Package] asset-db@1.0.0 enable
2022-05-09 14:09:44-log: [Package] console@1.0.0 enable
2022-05-09 14:09:44-log: [Package] scene@1.0.0 enable
2022-05-09 14:09:44-log: [Package] about@1.0.0 enable
2022-05-09 14:09:44-log: [Package] server@1.0.0 enable
2022-05-09 14:09:44-log: [Package] utils@1.0.0 enable
2022-05-09 14:09:44-log: [Package] assets@1.0.0 enable
2022-05-09 14:09:45-log: [Package] inspector@1.0.0 enable
2022-05-09 14:09:45-log: [Package] hierarchy@1.0.0 enable
2022-05-09 14:09:47-log: [Package] preview@1.0.1 enable
2022-05-09 14:09:47-log: [Package] animator@1.0.0 enable
2022-05-09 14:09:47-log: 设置的 IP 地址不存在，将使用默认 IP
2022-05-09 14:09:48-log: [Package] builder@1.3.1 enable
2022-05-09 14:09:48-log: [Package] node-library@1.0.0 enable
2022-05-09 14:09:48-log: [Package] shortcuts@1.0.1 enable
2022-05-09 14:09:48-log: [Package] package-asset@1.0.0 enable
2022-05-09 14:09:48-log: [Package] reference-image@1.0.0 enable
2022-05-09 14:09:48-log: [Package] animation-graph@1.0.0 enable
2022-05-09 14:09:48-log: [Package] channel-upload-tools@1.0.0 enable
2022-05-09 14:09:48-log: [Package] runtime-dev-tools@1.0.0 enable
2022-05-09 14:09:48-log: [Package] lightmap@1.0.4 enable
2022-05-09 14:09:49-log: [Package] alipay-mini-game@1.0.0 enable
2022-05-09 14:09:49-log: [Package] android@1.0.0 enable
2022-05-09 14:09:49-log: [Package] baidu-mini-game@1.0.0 enable
2022-05-09 14:09:49-log: [Package] bytedance-mini-game@1.0.1 enable
2022-05-09 14:09:49-log: [Package] huawei-agc@1.0.0 enable
2022-05-09 14:09:50-log: [Package] ios@1.0.0 enable
2022-05-09 14:09:50-log: [Package] ios-app-clip@1.0.0 enable
2022-05-09 14:09:50-log: [Package] mac@1.0.0 enable
2022-05-09 14:09:50-log: [Package] native@1.0.0 enable
2022-05-09 14:09:50-log: [Package] ohos@1.0.0 enable
2022-05-09 14:09:50-log: [Package] web-desktop@1.0.0 enable
2022-05-09 14:09:50-log: [Package] web-mobile@1.0.0 enable
2022-05-09 14:09:50-log: [Package] wechatgame@1.0.1 enable
2022-05-09 14:09:50-log: [Package] windows@1.0.0 enable
2022-05-09 14:09:50-log: [Package] xiaomi-quick-game@1.0.0 enable
2022-05-09 14:09:51-log: [Package] cocos-play@1.0.0 enable
2022-05-09 14:09:51-log: [Package] huawei-quick-game@1.0.0 enable
2022-05-09 14:09:51-log: [Package] link-sure@1.0.0 enable
2022-05-09 14:09:51-log: [Package] oppo-mini-game@1.0.0 enable
2022-05-09 14:09:51-log: [Package] qtt@1.0.0 enable
2022-05-09 14:09:51-log: [Package] vivo-mini-game@1.0.0 enable
2022-05-09 14:09:51-log: [Package] cocos-service@3.0.2 enable
2022-05-09 14:09:51-log: [Package] importer@1.0.0 enable
2022-05-09 14:09:52-log: [Package] extension@3.0.15 enable
2022-05-09 14:09:52-log: [Im-plugin] Check im-plugin version.
2022-05-09 14:09:52-log: [Package] im-plugin@3.0.8 enable
2022-05-09 14:09:53-log: 设置的 IP 地址不存在，将使用默认 IP
2022-05-09 14:09:53-log: [Im-plugin] No online info of im-plugin.
2022-05-09 14:10:06-warn: Browserslist: caniuse-lite is outdated. Please run:
npx browserslist@latest --update-db

Why you should do it regularly:
https://github.com/browserslist/browserslist#browsers-data-updating
2022-05-09 14:10:07-log: [Scene] Cocos Creator v3.4.2
2022-05-09 14:10:07-info: [Scene] Forward render pipeline initialized.
2022-05-22T09:13:19.273Z - log: [Package] menu@1.0.0 enable
2022-05-22T09:13:19.277Z - log: [Package] profile@1.0.0 enable
2022-05-22T09:13:19.293Z - log: [Package] project@1.0.2 enable
2022-05-22T09:13:19.300Z - log: [Package] messages@1.0.0 enable
2022-05-22T09:13:19.305Z - log: [Package] program@1.0.0 enable
2022-05-22T09:13:19.313Z - log: [Package] tester@1.0.0 enable
2022-05-22T09:13:19.330Z - log: [Package] preferences@1.0.0 enable
2022-05-22T09:13:20.142Z - log: Setup mods mgr.: 325.291ms
2022-05-22T09:13:20.153Z - verbose: [Engine] QuickCompile engine (753ms)
2022-05-22T09:13:20.156Z - log: [Package] engine@1.0.6 enable
2022-05-22T09:13:20.980Z - log: [Package] programming@1.0.0 enable
2022-05-22T09:13:21.294Z - log: [Package] device@1.0.1 enable
2022-05-22T09:13:21.321Z - log: [Package] ui-kit@1.0.1 enable
2022-05-22T09:13:21.343Z - log: [Package] engine-extends@1.0.0 enable
2022-05-22T09:13:21.411Z - log: [Package] asset-db@1.0.0 enable
2022-05-22T09:13:21.454Z - log: [Package] scene@1.0.0 enable
2022-05-22T09:13:21.731Z - log: [Package] server@1.0.0 enable
2022-05-22T09:13:21.801Z - log: [Package] utils@1.0.0 enable
2022-05-22T09:13:26.264Z - log: [Package] preview@1.0.1 enable
2022-05-22T09:13:26.300Z - log: [Package] animator@1.0.0 enable
2022-05-22T09:13:26.392Z - log: 设置的 IP 地址不存在，将使用默认 IP
2022-05-22T09:13:27.385Z - log: [Package] builder@1.3.2 enable
2022-05-22T09:13:27.418Z - log: [Package] shortcuts@1.0.1 enable
2022-05-22T09:13:27.451Z - log: [Package] animation-graph@1.0.0 enable
2022-05-22T09:13:27.475Z - log: [Package] runtime-dev-tools@1.0.0 enable
2022-05-22T09:13:27.501Z - log: [Package] channel-upload-tools@1.0.0 enable
2022-05-22T09:13:27.533Z - log: [Package] about@1.0.0 enable
2022-05-22T09:13:27.574Z - log: [Package] assets@1.0.0 enable
2022-05-22T09:13:27.616Z - log: [Package] console@1.0.0 enable
2022-05-22T09:13:27.871Z - log: [Package] extension@3.0.16 enable
2022-05-22T09:13:27.923Z - log: [Package] hierarchy@1.0.0 enable
2022-05-22T09:13:27.960Z - log: [Package] inspector@1.0.0 enable
2022-05-22T09:13:27.996Z - log: [Package] lightmap@1.0.4 enable
2022-05-22T09:13:28.051Z - log: [Package] node-library@1.0.1 enable
2022-05-22T09:13:28.080Z - log: [Package] package-asset@1.0.0 enable
2022-05-22T09:13:28.121Z - log: [Package] process@1.0.0 enable
2022-05-22T09:13:28.175Z - log: [Package] reference-image@1.0.0 enable
2022-05-22T09:13:28.281Z - log: [Package] alipay-mini-game@1.0.0 enable
2022-05-22T09:13:28.309Z - log: [Package] android@1.0.0 enable
2022-05-22T09:13:28.343Z - log: [Package] baidu-mini-game@1.0.0 enable
2022-05-22T09:13:28.369Z - log: [Package] bytedance-mini-game@1.0.1 enable
2022-05-22T09:13:28.403Z - log: [Package] cocos-play@1.0.0 enable
2022-05-22T09:13:28.430Z - log: [Package] huawei-agc@1.0.0 enable
2022-05-22T09:13:28.456Z - log: [Package] huawei-quick-game@1.0.0 enable
2022-05-22T09:13:29.791Z - log: [Package] ios@1.0.0 enable
2022-05-22T09:13:29.820Z - log: [Package] ios-app-clip@1.0.0 enable
2022-05-22T09:13:29.844Z - log: [Package] link-sure@1.0.0 enable
2022-05-22T09:13:29.868Z - log: [Package] linux@1.0.0 enable
2022-05-22T09:13:29.893Z - log: [Package] mac@1.0.0 enable
2022-05-22T09:13:30.090Z - log: [Package] native@1.0.0 enable
2022-05-22T09:13:30.096Z - verbose: [AssetDB] Require engine code (2948ms)
2022-05-22T09:13:30.134Z - log: [Package] ohos@1.0.0 enable
2022-05-22T09:13:30.165Z - log: [Package] open-harmonyos@1.0.0 enable
2022-05-22T09:13:30.191Z - log: [Package] oppo-mini-game@1.0.0 enable
2022-05-22T09:13:30.217Z - log: [Package] qtt@1.0.0 enable
2022-05-22T09:13:30.246Z - log: [Package] vivo-mini-game@1.0.0 enable
2022-05-22T09:13:30.289Z - log: [Package] web-desktop@1.0.0 enable
2022-05-22T09:13:30.331Z - log: [Package] web-mobile@1.0.0 enable
2022-05-22T09:13:30.370Z - log: [Package] wechatgame@1.0.1 enable
2022-05-22T09:13:30.397Z - log: [Package] windows@1.0.0 enable
2022-05-22T09:13:30.426Z - log: [Package] xiaomi-quick-game@1.0.0 enable
2022-05-22T09:13:30.731Z - log: [Package] cocos-service@3.0.3 enable
2022-05-22T09:13:30.779Z - log: [Package] importer@1.0.0 enable
2022-05-22T09:13:31.301Z - log: [Im-plugin] Check im-plugin version.
2022-05-22T09:13:31.314Z - log: [Package] im-plugin@3.0.8 enable
2022-05-22T09:13:32.184Z - log: [Im-plugin] No online info of im-plugin.
2022-05-22T09:13:33.157Z - log: 设置的 IP 地址不存在，将使用默认 IP
2022-05-22T09:13:49.101Z - verbose: [Scene] Require engine code (1ms)
2022-05-22T09:13:49.105Z - verbose: [Scene] Startup engine (2ms)
2022-05-22T09:13:49.150Z - log: [Scene] Cocos Creator v3.5.0
2022-05-22T09:13:49.590Z - verbose: [Scene] Open engine (486ms)
2022-05-22T09:13:49.591Z - verbose: [Scene] Configure engine (0ms)
2022-05-22T09:13:49.357Z - info: [Scene] Forward render pipeline initialized.
2022-05-22T09:14:07.605Z - warn: Metrics: no valid info
