2022-05-09 14:48:29-log: [Package] menu@1.0.0 enable
2022-05-09 14:48:29-log: [Package] profile@1.0.0 enable
2022-05-09 14:48:29-log: [Package] project@1.0.1 enable
2022-05-09 14:48:29-log: [Package] messages@1.0.0 enable
2022-05-09 14:48:29-log: [Package] program@1.0.0 enable
2022-05-09 14:48:29-log: [Package] device@1.0.1 enable
2022-05-09 14:48:29-log: [Package] ui-kit@1.0.1 enable
2022-05-09 14:48:29-log: [Package] tester@1.0.0 enable
2022-05-09 14:48:29-log: [Package] preferences@1.0.0 enable
2022-05-09 14:48:29-log: Setup mods mgr.: 330.582ms
2022-05-09 14:48:29-log: Profile changed: engine (modules.includeModules: 2d,3d,audio,base,dragon-bones,gfx-webgl,gfx-webgl2,intersection-2d,marionette,particle,particle-2d,physics-2d-box2d,physics-ammo,primitive,profiler,spine,terrain,tiled-map,tween,ui,video,webview)
2022-05-09 14:48:29-log: [Package] engine@1.0.5 enable
2022-05-09 14:48:32-log: [Package] programming@1.0.0 enable
2022-05-09 14:48:32-log: [Package] Profile Migrate: builder@Cocos Creator...
2022-05-09 14:48:32-log: [Package] Profile Migrate: builder@Cocos Creator...
2022-05-09 14:48:33-log: [Package] engine-extends@1.0.0 enable
2022-05-09 14:48:33-log: [Package] asset-db@1.0.0 enable
2022-05-09 14:48:33-log: [Package] console@1.0.0 enable
2022-05-09 14:48:33-log: [Package] scene@1.0.0 enable
2022-05-09 14:48:33-log: [Package] about@1.0.0 enable
2022-05-09 14:48:33-log: [Package] server@1.0.0 enable
2022-05-09 14:48:33-log: [Package] utils@1.0.0 enable
2022-05-09 14:48:33-log: [Package] assets@1.0.0 enable
2022-05-09 14:48:33-log: [Package] inspector@1.0.0 enable
2022-05-09 14:48:33-log: [Package] hierarchy@1.0.0 enable
2022-05-09 14:48:35-log: [Package] preview@1.0.1 enable
2022-05-09 14:48:36-log: [Package] animator@1.0.0 enable
2022-05-09 14:48:36-log: 设置的 IP 地址不存在，将使用默认 IP
2022-05-09 14:48:37-log: [Package] builder@1.3.1 enable
2022-05-09 14:48:37-log: [Package] node-library@1.0.0 enable
2022-05-09 14:48:37-log: [Package] shortcuts@1.0.1 enable
2022-05-09 14:48:37-log: [Package] package-asset@1.0.0 enable
2022-05-09 14:48:37-log: [Package] reference-image@1.0.0 enable
2022-05-09 14:48:38-log: [Package] animation-graph@1.0.0 enable
2022-05-09 14:48:38-log: [Package] channel-upload-tools@1.0.0 enable
2022-05-09 14:48:38-log: [Package] runtime-dev-tools@1.0.0 enable
2022-05-09 14:48:38-log: [Package] lightmap@1.0.4 enable
2022-05-09 14:48:38-log: [Package] alipay-mini-game@1.0.0 enable
2022-05-09 14:48:38-log: [Package] android@1.0.0 enable
2022-05-09 14:48:38-log: [Package] baidu-mini-game@1.0.0 enable
2022-05-09 14:48:38-log: [Package] bytedance-mini-game@1.0.1 enable
2022-05-09 14:48:38-log: [Package] huawei-agc@1.0.0 enable
2022-05-09 14:48:39-log: [Package] ios@1.0.0 enable
2022-05-09 14:48:39-log: [Package] ios-app-clip@1.0.0 enable
2022-05-09 14:48:39-log: [Package] mac@1.0.0 enable
2022-05-09 14:48:40-log: [Package] native@1.0.0 enable
2022-05-09 14:48:40-log: [Package] ohos@1.0.0 enable
2022-05-09 14:48:40-log: [Package] web-desktop@1.0.0 enable
2022-05-09 14:48:40-log: [Package] web-mobile@1.0.0 enable
2022-05-09 14:48:40-log: [Package] wechatgame@1.0.1 enable
2022-05-09 14:48:40-log: [Package] windows@1.0.0 enable
2022-05-09 14:48:40-log: [Package] xiaomi-quick-game@1.0.0 enable
2022-05-09 14:48:40-log: [Package] cocos-play@1.0.0 enable
2022-05-09 14:48:40-log: [Package] huawei-quick-game@1.0.0 enable
2022-05-09 14:48:40-log: [Package] link-sure@1.0.0 enable
2022-05-09 14:48:40-log: [Package] oppo-mini-game@1.0.0 enable
2022-05-09 14:48:40-log: [Package] qtt@1.0.0 enable
2022-05-09 14:48:40-log: [Package] vivo-mini-game@1.0.0 enable
2022-05-09 14:48:41-log: [Package] cocos-service@3.0.2 enable
2022-05-09 14:48:41-log: [Package] importer@1.0.0 enable
2022-05-09 14:48:41-log: [Package] extension@3.0.15 enable
2022-05-09 14:48:42-log: [Im-plugin] Check im-plugin version.
2022-05-09 14:48:42-log: [Package] im-plugin@3.0.8 enable
2022-05-09 14:48:42-log: 设置的 IP 地址不存在，将使用默认 IP
2022-05-09 14:48:43-log: [Im-plugin] No online info of im-plugin.
2022-05-09 14:48:49-warn: Browserslist: caniuse-lite is outdated. Please run:
npx browserslist@latest --update-db

Why you should do it regularly:
https://github.com/browserslist/browserslist#browsers-data-updating
2022-05-09 14:48:50-log: [Scene] Cocos Creator v3.4.2
2022-05-09 14:48:50-info: [Scene] Forward render pipeline initialized.
2022-06-01T09:46:38.304Z - log: [Package] menu@1.0.0 enable
2022-06-01T09:46:38.307Z - log: [Package] profile@1.0.0 enable
2022-06-01T09:46:38.322Z - log: [Package] project@1.0.2 enable
2022-06-01T09:46:38.327Z - log: [Package] messages@1.0.0 enable
2022-06-01T09:46:38.334Z - log: [Package] program@1.0.0 enable
2022-06-01T09:46:38.340Z - log: [Package] tester@1.0.0 enable
2022-06-01T09:46:38.346Z - log: [Package] preferences@1.0.0 enable
2022-06-01T09:46:39.147Z - log: Setup mods mgr.: 329.985ms
2022-06-01T09:46:39.157Z - verbose: [Engine] QuickCompile engine (747ms)
2022-06-01T09:46:39.161Z - log: [Package] engine@1.0.6 enable
2022-06-01T09:46:39.980Z - log: [Package] programming@1.0.0 enable
2022-06-01T09:46:40.283Z - log: [Package] device@1.0.1 enable
2022-06-01T09:46:40.313Z - log: [Package] ui-kit@1.0.1 enable
2022-06-01T09:46:40.347Z - log: [Package] engine-extends@1.0.0 enable
2022-06-01T09:46:40.416Z - log: [Package] asset-db@1.0.0 enable
2022-06-01T09:46:40.457Z - log: [Package] scene@1.0.0 enable
2022-06-01T09:46:40.747Z - log: [Package] server@1.0.0 enable
2022-06-01T09:46:40.780Z - log: [Package] utils@1.0.0 enable
2022-06-01T09:46:45.443Z - log: [Package] preview@1.0.1 enable
2022-06-01T09:46:45.481Z - log: [Package] animator@1.0.0 enable
2022-06-01T09:46:45.579Z - log: 设置的 IP 地址不存在，将使用默认 IP
2022-06-01T09:46:46.660Z - log: [Package] builder@1.3.2 enable
2022-06-01T09:46:46.695Z - log: [Package] shortcuts@1.0.1 enable
2022-06-01T09:46:46.727Z - log: [Package] animation-graph@1.0.0 enable
2022-06-01T09:46:46.751Z - log: [Package] runtime-dev-tools@1.0.0 enable
2022-06-01T09:46:46.775Z - log: [Package] channel-upload-tools@1.0.0 enable
2022-06-01T09:46:46.808Z - log: [Package] about@1.0.0 enable
2022-06-01T09:46:46.844Z - log: [Package] assets@1.0.0 enable
2022-06-01T09:46:46.880Z - log: [Package] console@1.0.0 enable
2022-06-01T09:46:47.153Z - log: [Package] extension@3.0.16 enable
2022-06-01T09:46:47.192Z - log: [Package] hierarchy@1.0.0 enable
2022-06-01T09:46:47.237Z - log: [Package] inspector@1.0.0 enable
2022-06-01T09:46:47.310Z - log: [Package] lightmap@1.0.4 enable
2022-06-01T09:46:47.352Z - log: [Package] node-library@1.0.1 enable
2022-06-01T09:46:47.377Z - log: [Package] package-asset@1.0.0 enable
2022-06-01T09:46:47.413Z - log: [Package] process@1.0.0 enable
2022-06-01T09:46:47.454Z - log: [Package] reference-image@1.0.0 enable
2022-06-01T09:46:47.478Z - log: [Package] alipay-mini-game@1.0.0 enable
2022-06-01T09:46:47.515Z - log: [Package] android@1.0.0 enable
2022-06-01T09:46:47.544Z - log: [Package] baidu-mini-game@1.0.0 enable
2022-06-01T09:46:47.580Z - log: [Package] bytedance-mini-game@1.0.1 enable
2022-06-01T09:46:47.606Z - log: [Package] cocos-play@1.0.0 enable
2022-06-01T09:46:47.639Z - log: [Package] huawei-agc@1.0.0 enable
2022-06-01T09:46:47.670Z - log: [Package] huawei-quick-game@1.0.0 enable
2022-06-01T09:46:48.905Z - log: [Package] ios@1.0.0 enable
2022-06-01T09:46:48.932Z - log: [Package] ios-app-clip@1.0.0 enable
2022-06-01T09:46:48.956Z - log: [Package] link-sure@1.0.0 enable
2022-06-01T09:46:48.984Z - log: [Package] linux@1.0.0 enable
2022-06-01T09:46:49.008Z - log: [Package] mac@1.0.0 enable
2022-06-01T09:46:49.144Z - log: [Package] native@1.0.0 enable
2022-06-01T09:46:49.149Z - verbose: [AssetDB] Require engine code (2758ms)
2022-06-01T09:46:49.171Z - log: [Package] ohos@1.0.0 enable
2022-06-01T09:46:49.199Z - log: [Package] open-harmonyos@1.0.0 enable
2022-06-01T09:46:49.229Z - log: [Package] oppo-mini-game@1.0.0 enable
2022-06-01T09:46:49.259Z - log: [Package] qtt@1.0.0 enable
2022-06-01T09:46:49.290Z - log: [Package] vivo-mini-game@1.0.0 enable
2022-06-01T09:46:49.335Z - log: [Package] web-desktop@1.0.0 enable
2022-06-01T09:46:49.381Z - log: [Package] web-mobile@1.0.0 enable
2022-06-01T09:46:49.422Z - log: [Package] wechatgame@1.0.1 enable
2022-06-01T09:46:49.450Z - log: [Package] windows@1.0.0 enable
2022-06-01T09:46:49.476Z - log: [Package] xiaomi-quick-game@1.0.0 enable
2022-06-01T09:46:49.839Z - log: [Package] cocos-service@3.0.3 enable
2022-06-01T09:46:49.892Z - log: [Package] importer@1.0.0 enable
2022-06-01T09:46:50.450Z - log: [Im-plugin] Check im-plugin version.
2022-06-01T09:46:50.481Z - log: [Package] im-plugin@3.0.8 enable
2022-06-01T09:46:51.230Z - log: [Im-plugin] No online info of im-plugin.
2022-06-01T09:46:51.799Z - log: 设置的 IP 地址不存在，将使用默认 IP
2022-06-01T09:47:05.289Z - verbose: [Scene] Require engine code (0ms)
2022-06-01T09:47:05.290Z - verbose: [Scene] Startup engine (0ms)
2022-06-01T09:47:05.345Z - log: [Scene] Cocos Creator v3.5.1
2022-06-01T09:47:05.672Z - verbose: [Scene] Open engine (381ms)
2022-06-01T09:47:05.672Z - verbose: [Scene] Configure engine (0ms)
2022-06-01T09:47:05.437Z - info: [Scene] Forward render pipeline initialized.
2022-06-01T09:47:23.592Z - warn: Metrics: no valid info
