2022-05-22T06:48:30.034Z - log: [Package] menu@1.0.0 enable
2022-05-22T06:48:30.037Z - log: [Package] profile@1.0.0 enable
2022-05-22T06:48:30.054Z - log: [Package] project@1.0.2 enable
2022-05-22T06:48:30.060Z - log: [Package] messages@1.0.0 enable
2022-05-22T06:48:30.065Z - log: [Package] program@1.0.0 enable
2022-05-22T06:48:30.072Z - log: [Package] tester@1.0.0 enable
2022-05-22T06:48:30.080Z - log: [Package] preferences@1.0.0 enable
2022-05-22T06:48:30.864Z - log: Setup mods mgr.: 333.388ms
2022-05-22T06:48:30.879Z - verbose: [Engine] QuickCompile engine (730ms)
2022-05-22T06:48:30.882Z - log: [Package] engine@1.0.6 enable
2022-05-22T06:48:31.721Z - log: [Package] programming@1.0.0 enable
2022-05-22T06:48:32.023Z - log: [Package] device@1.0.1 enable
2022-05-22T06:48:32.050Z - log: [Package] ui-kit@1.0.1 enable
2022-05-22T06:48:32.079Z - log: [Package] engine-extends@1.0.0 enable
2022-05-22T06:48:32.154Z - log: [Package] asset-db@1.0.0 enable
2022-05-22T06:48:32.198Z - log: [Package] scene@1.0.0 enable
2022-05-22T06:48:32.447Z - log: [Package] server@1.0.0 enable
2022-05-22T06:48:32.492Z - log: [Package] utils@1.0.0 enable
2022-05-22T06:48:37.111Z - log: [Package] preview@1.0.1 enable
2022-05-22T06:48:37.149Z - log: [Package] animator@1.0.0 enable
2022-05-22T06:48:37.273Z - log: 设置的 IP 地址不存在，将使用默认 IP
2022-05-22T06:48:38.207Z - log: [Package] builder@1.3.2 enable
2022-05-22T06:48:38.242Z - log: [Package] shortcuts@1.0.1 enable
2022-05-22T06:48:38.275Z - log: [Package] animation-graph@1.0.0 enable
2022-05-22T06:48:38.298Z - log: [Package] runtime-dev-tools@1.0.0 enable
2022-05-22T06:48:38.322Z - log: [Package] channel-upload-tools@1.0.0 enable
2022-05-22T06:48:38.353Z - log: [Package] about@1.0.0 enable
2022-05-22T06:48:38.390Z - log: [Package] assets@1.0.0 enable
2022-05-22T06:48:38.422Z - log: [Package] console@1.0.0 enable
2022-05-22T06:48:38.702Z - log: [Package] extension@3.0.16 enable
2022-05-22T06:48:38.754Z - log: [Package] hierarchy@1.0.0 enable
2022-05-22T06:48:38.803Z - log: [Package] inspector@1.0.0 enable
2022-05-22T06:48:38.837Z - log: [Package] lightmap@1.0.4 enable
2022-05-22T06:48:38.891Z - log: [Package] node-library@1.0.1 enable
2022-05-22T06:48:38.923Z - log: [Package] package-asset@1.0.0 enable
2022-05-22T06:48:38.966Z - log: [Package] process@1.0.0 enable
2022-05-22T06:48:39.006Z - log: [Package] reference-image@1.0.0 enable
2022-05-22T06:48:39.035Z - log: [Package] alipay-mini-game@1.0.0 enable
2022-05-22T06:48:39.062Z - log: [Package] android@1.0.0 enable
2022-05-22T06:48:39.097Z - log: [Package] baidu-mini-game@1.0.0 enable
2022-05-22T06:48:39.126Z - log: [Package] bytedance-mini-game@1.0.1 enable
2022-05-22T06:48:39.163Z - log: [Package] cocos-play@1.0.0 enable
2022-05-22T06:48:39.200Z - log: [Package] huawei-agc@1.0.0 enable
2022-05-22T06:48:39.230Z - log: [Package] huawei-quick-game@1.0.0 enable
2022-05-22T06:48:40.577Z - log: [Package] ios@1.0.0 enable
2022-05-22T06:48:40.603Z - log: [Package] ios-app-clip@1.0.0 enable
2022-05-22T06:48:40.627Z - log: [Package] link-sure@1.0.0 enable
2022-05-22T06:48:40.651Z - log: [Package] linux@1.0.0 enable
2022-05-22T06:48:40.679Z - log: [Package] mac@1.0.0 enable
2022-05-22T06:48:40.829Z - log: [Package] native@1.0.0 enable
2022-05-22T06:48:40.834Z - verbose: [AssetDB] Require engine code (2805ms)
2022-05-22T06:48:40.859Z - log: [Package] ohos@1.0.0 enable
2022-05-22T06:48:40.887Z - log: [Package] open-harmonyos@1.0.0 enable
2022-05-22T06:48:40.916Z - log: [Package] oppo-mini-game@1.0.0 enable
2022-05-22T06:48:40.943Z - log: [Package] qtt@1.0.0 enable
2022-05-22T06:48:40.971Z - log: [Package] vivo-mini-game@1.0.0 enable
2022-05-22T06:48:41.011Z - log: [Package] web-desktop@1.0.0 enable
2022-05-22T06:48:41.050Z - log: [Package] web-mobile@1.0.0 enable
2022-05-22T06:48:41.089Z - log: [Package] wechatgame@1.0.1 enable
2022-05-22T06:48:41.114Z - log: [Package] windows@1.0.0 enable
2022-05-22T06:48:41.139Z - log: [Package] xiaomi-quick-game@1.0.0 enable
2022-05-22T06:48:41.553Z - log: [Package] cocos-service@3.0.3 enable
2022-05-22T06:48:41.750Z - log: [Package] importer@1.0.0 enable
2022-05-22T06:48:42.114Z - log: [Im-plugin] Check im-plugin version.
2022-05-22T06:48:42.127Z - log: [Package] im-plugin@3.0.8 enable
2022-05-22T06:48:42.922Z - log: [Im-plugin] No online info of im-plugin.
2022-05-22T06:48:43.523Z - log: 设置的 IP 地址不存在，将使用默认 IP
2022-05-22T06:48:54.686Z - verbose: [Scene] Require engine code (1ms)
2022-05-22T06:48:54.689Z - verbose: [Scene] Startup engine (1ms)
2022-05-22T06:48:54.725Z - log: [Scene] Cocos Creator v3.5.0
2022-05-22T06:48:55.094Z - verbose: [Scene] Open engine (407ms)
2022-05-22T06:48:55.094Z - verbose: [Scene] Configure engine (0ms)
2022-05-22T06:48:54.843Z - info: [Scene] Forward render pipeline initialized.
2022-05-22T06:49:32.972Z - warn: Metrics: no valid info
