2022-05-23T05:41:58.405Z - log: [Package] menu@1.0.0 enable
2022-05-23T05:41:58.409Z - log: [Package] profile@1.0.0 enable
2022-05-23T05:41:58.423Z - log: [Package] project@1.0.2 enable
2022-05-23T05:41:58.430Z - log: [Package] messages@1.0.0 enable
2022-05-23T05:41:58.435Z - log: [Package] program@1.0.0 enable
2022-05-23T05:41:58.442Z - log: [Package] tester@1.0.0 enable
2022-05-23T05:41:58.451Z - log: [Package] preferences@1.0.0 enable
2022-05-23T05:41:59.283Z - log: Setup mods mgr.: 371.151ms
2022-05-23T05:41:59.286Z - log: Profile changed: engine (modules.includeModules: 2d,3d,animation,audio,base,dragon-bones,gfx-webgl,intersection-2d,marionette,particle,particle-2d,physics-2d-box2d,physics-cannon,primitive,profiler,skeletal-animation,spine,terrain,tiled-map,tween,ui,video,webview)
2022-05-23T05:41:59.304Z - verbose: [Engine] QuickCompile engine (771ms)
2022-05-23T05:41:59.309Z - log: [Package] engine@1.0.6 enable
2022-05-23T05:42:00.770Z - log: [Package] programming@1.0.0 enable
2022-05-23T05:42:01.291Z - log: [Package] device@1.0.1 enable
2022-05-23T05:42:01.323Z - log: [Package] ui-kit@1.0.1 enable
2022-05-23T05:42:01.348Z - log: [Package] engine-extends@1.0.0 enable
2022-05-23T05:42:01.435Z - log: [Package] asset-db@1.0.0 enable
2022-05-23T05:42:01.662Z - log: [Package] scene@1.0.0 enable
2022-05-23T05:42:02.083Z - log: [Package] server@1.0.0 enable
2022-05-23T05:42:01.809Z - error: [Window] Failed to execute 'define' on 'CustomElementRegistry': the name "ui-node" has already been used with this registryError: Failed to execute 'define' on 'CustomElementRegistry': the name "ui-node" has already been used with this registry
    at Object.register (/Applications/CocosCreator/Creator/3.5.0/CocosCreator.app/Contents/Resources/app.asar/node_modules/@editor/creator/dist/ui-kit/index.ccc:1:271)
    at EventEmitter.e (/Applications/CocosCreator/Creator/3.5.0/CocosCreator.app/Contents/Resources/app.asar/modules/editor-extensions/extensions/ui-kit/static/scripts/windows.js:1:839)
    at EventEmitter.emit (events.js:327:22)
    at PackageManager.<anonymous> (/Applications/CocosCreator/Creator/3.5.0/CocosCreator.app/Contents/Resources/app.asar/node_modules/@editor/creator/dist/package/renderer/index.ccc:1:1637)
    at PackageManager.emit (events.js:315:20)
    at EventEmitter.<anonymous> (/Applications/CocosCreator/Creator/3.5.0/CocosCreator.app/Contents/Resources/app.asar/node_modules/@editor/package/dist/renderer/index.js:1:785)
    at EventEmitter.emit (events.js:315:20)
    at EventEmitter.<anonymous> (/Applications/CocosCreator/Creator/3.5.0/CocosCreator.app/Contents/Resources/app.asar/node_modules/@base/electron-base-ipc/dist/renderer.ccc:1:2802)
    at EventEmitter.emit (events.js:315:20)
    at Object.onMessage (electron/js2c/renderer_init.js:93:1117)
2022-05-23T05:42:02.136Z - log: [Package] utils@1.0.0 enable
2022-05-23T05:42:07.802Z - log: [Package] preview@1.0.1 enable
2022-05-23T05:42:07.834Z - log: [Package] animator@1.0.0 enable
2022-05-23T05:42:07.935Z - error: [Window] Failed to execute 'define' on 'CustomElementRegistry': the name "ui-node" has already been used with this registryError: Failed to execute 'define' on 'CustomElementRegistry': the name "ui-node" has already been used with this registry
    at Object.register (/Applications/CocosCreator/Creator/3.5.0/CocosCreator.app/Contents/Resources/app.asar/node_modules/@editor/creator/dist/ui-kit/index.ccc:1:271)
    at EventEmitter.e (/Applications/CocosCreator/Creator/3.5.0/CocosCreator.app/Contents/Resources/app.asar/modules/editor-extensions/extensions/ui-kit/static/scripts/windows.js:1:839)
    at EventEmitter.emit (events.js:327:22)
    at PackageManager.<anonymous> (/Applications/CocosCreator/Creator/3.5.0/CocosCreator.app/Contents/Resources/app.asar/node_modules/@editor/creator/dist/package/renderer/index.ccc:1:1637)
    at PackageManager.emit (events.js:315:20)
    at EventEmitter.<anonymous> (/Applications/CocosCreator/Creator/3.5.0/CocosCreator.app/Contents/Resources/app.asar/node_modules/@editor/package/dist/renderer/index.js:1:785)
    at EventEmitter.emit (events.js:315:20)
    at EventEmitter.<anonymous> (/Applications/CocosCreator/Creator/3.5.0/CocosCreator.app/Contents/Resources/app.asar/node_modules/@base/electron-base-ipc/dist/renderer.ccc:1:2802)
    at EventEmitter.emit (events.js:315:20)
    at Object.onMessage (electron/js2c/renderer_init.js:93:1117)
2022-05-23T05:42:08.098Z - log: 设置的 IP 地址不存在，将使用默认 IP
2022-05-23T05:42:09.332Z - log: [Package] builder@1.3.2 enable
2022-05-23T05:42:09.367Z - log: [Package] shortcuts@1.0.1 enable
2022-05-23T05:42:09.401Z - log: [Package] animation-graph@1.0.0 enable
2022-05-23T05:42:09.423Z - log: [Package] runtime-dev-tools@1.0.0 enable
2022-05-23T05:42:09.447Z - log: [Package] channel-upload-tools@1.0.0 enable
2022-05-23T05:42:09.481Z - log: [Package] about@1.0.0 enable
2022-05-23T05:42:09.515Z - log: [Package] assets@1.0.0 enable
2022-05-23T05:42:09.555Z - log: [Package] console@1.0.0 enable
2022-05-23T05:42:09.910Z - log: [Package] extension@3.0.16 enable
2022-05-23T05:42:09.965Z - log: [Package] hierarchy@1.0.0 enable
2022-05-23T05:42:10.024Z - log: [Package] inspector@1.0.0 enable
2022-05-23T05:42:10.059Z - log: [Package] lightmap@1.0.4 enable
2022-05-23T05:42:10.124Z - log: [Package] node-library@1.0.1 enable
2022-05-23T05:42:10.152Z - log: [Package] package-asset@1.0.0 enable
2022-05-23T05:42:10.195Z - log: [Package] process@1.0.0 enable
2022-05-23T05:42:10.233Z - log: [Package] reference-image@1.0.0 enable
2022-05-23T05:42:10.259Z - log: [Package] alipay-mini-game@1.0.0 enable
2022-05-23T05:42:10.291Z - log: [Package] android@1.0.0 enable
2022-05-23T05:42:10.320Z - log: [Package] baidu-mini-game@1.0.0 enable
2022-05-23T05:42:10.348Z - log: [Package] bytedance-mini-game@1.0.1 enable
2022-05-23T05:42:10.379Z - log: [Package] cocos-play@1.0.0 enable
2022-05-23T05:42:10.407Z - log: [Package] huawei-agc@1.0.0 enable
2022-05-23T05:42:10.436Z - log: [Package] huawei-quick-game@1.0.0 enable
2022-05-23T05:42:12.324Z - log: [Package] ios@1.0.0 enable
2022-05-23T05:42:12.423Z - log: [Package] ios-app-clip@1.0.0 enable
2022-05-23T05:42:12.568Z - log: [Package] link-sure@1.0.0 enable
2022-05-23T05:42:12.599Z - log: [Package] linux@1.0.0 enable
2022-05-23T05:42:12.636Z - log: [Package] mac@1.0.0 enable
2022-05-23T05:42:12.935Z - log: [Package] native@1.0.0 enable
2022-05-23T05:42:12.942Z - verbose: [AssetDB] Require engine code (3686ms)
2022-05-23T05:42:12.965Z - log: [Package] ohos@1.0.0 enable
2022-05-23T05:42:12.993Z - log: [Package] open-harmonyos@1.0.0 enable
2022-05-23T05:42:13.021Z - log: [Package] oppo-mini-game@1.0.0 enable
2022-05-23T05:42:13.048Z - log: [Package] qtt@1.0.0 enable
2022-05-23T05:42:13.079Z - log: [Package] vivo-mini-game@1.0.0 enable
2022-05-23T05:42:13.140Z - log: [Package] web-desktop@1.0.0 enable
2022-05-23T05:42:13.206Z - log: [Package] web-mobile@1.0.0 enable
2022-05-23T05:42:13.259Z - log: [Package] wechatgame@1.0.1 enable
2022-05-23T05:42:13.294Z - log: [Package] windows@1.0.0 enable
2022-05-23T05:42:13.324Z - log: [Package] xiaomi-quick-game@1.0.0 enable
2022-05-23T05:42:14.134Z - log: [Package] cocos-service@3.0.3 enable
2022-05-23T05:42:14.200Z - log: [Package] importer@1.0.0 enable
2022-05-23T05:42:14.730Z - log: [Im-plugin] Check im-plugin version.
2022-05-23T05:42:14.746Z - log: [Package] im-plugin@3.0.8 enable
2022-05-23T05:42:15.882Z - log: [Im-plugin] No online info of im-plugin.
2022-05-23T05:42:16.924Z - log: 设置的 IP 地址不存在，将使用默认 IP
2022-05-23T05:42:29.928Z - verbose: [Scene] Require engine code (0ms)
2022-05-23T05:42:29.930Z - verbose: [Scene] Startup engine (1ms)
2022-05-23T05:42:29.962Z - log: [Scene] Cocos Creator v3.5.0
2022-05-23T05:42:30.345Z - verbose: [Scene] Open engine (415ms)
2022-05-23T05:42:30.346Z - verbose: [Scene] Configure engine (0ms)
2022-05-23T05:42:30.095Z - info: [Scene] Forward render pipeline initialized.
2022-05-23T05:52:24.514Z - warn: Metrics: no valid info
