2022-04-28 11:06:46-log: [Package] menu@1.0.0 enable
2022-04-28 11:06:46-log: [Package] profile@1.0.0 enable
2022-04-28 11:06:46-log: [Package] project@1.0.1 enable
2022-04-28 11:06:46-log: [Package] messages@1.0.0 enable
2022-04-28 11:06:46-log: [Package] program@1.0.0 enable
2022-04-28 11:06:46-log: [Package] device@1.0.1 enable
2022-04-28 11:06:46-log: [Package] ui-kit@1.0.1 enable
2022-04-28 11:06:46-log: [Package] tester@1.0.0 enable
2022-04-28 11:06:46-log: [Package] preferences@1.0.0 enable
2022-04-28 11:06:47-log: Setup mods mgr.: 382.147ms
2022-04-28 11:06:47-log: [Package] engine@1.0.5 enable
2022-04-28 11:06:51-log: [Package] programming@1.0.0 enable
2022-04-28 11:06:51-log: [Package] Profile Migrate: builder@Cocos Creator...
2022-04-28 11:06:51-log: [Package] Profile Migrate: builder@Cocos Creator...
2022-04-28 11:06:51-log: [Package] engine-extends@1.0.0 enable
2022-04-28 11:06:51-log: [Package] asset-db@1.0.0 enable
2022-04-28 11:06:51-log: [Package] console@1.0.0 enable
2022-04-28 11:06:51-log: [Package] scene@1.0.0 enable
2022-04-28 11:06:51-log: [Package] about@1.0.0 enable
2022-04-28 11:06:52-log: [Package] server@1.0.0 enable
2022-04-28 11:06:52-log: [Package] utils@1.0.0 enable
2022-04-28 11:06:52-log: [Package] assets@1.0.0 enable
2022-04-28 11:06:52-log: [Package] inspector@1.0.0 enable
2022-04-28 11:06:52-log: [Package] hierarchy@1.0.0 enable
2022-04-28 11:06:54-log: [Package] preview@1.0.1 enable
2022-04-28 11:06:54-log: [Package] animator@1.0.0 enable
2022-04-28 11:06:56-log: [Package] builder@1.3.1 enable
2022-04-28 11:06:56-log: [Package] node-library@1.0.0 enable
2022-04-28 11:06:56-log: [Package] shortcuts@1.0.1 enable
2022-04-28 11:06:56-log: [Package] package-asset@1.0.0 enable
2022-04-28 11:06:56-log: [Package] reference-image@1.0.0 enable
2022-04-28 11:06:56-log: [Package] animation-graph@1.0.0 enable
2022-04-28 11:06:56-log: [Package] channel-upload-tools@1.0.0 enable
2022-04-28 11:06:56-log: [Package] runtime-dev-tools@1.0.0 enable
2022-04-28 11:06:56-log: [Package] lightmap@1.0.4 enable
2022-04-28 11:06:56-log: [Package] alipay-mini-game@1.0.0 enable
2022-04-28 11:06:56-log: [Package] android@1.0.0 enable
2022-04-28 11:06:56-log: [Package] baidu-mini-game@1.0.0 enable
2022-04-28 11:06:56-log: [Package] bytedance-mini-game@1.0.1 enable
2022-04-28 11:06:56-log: [Package] huawei-agc@1.0.0 enable
2022-04-28 11:06:58-log: [Package] ios@1.0.0 enable
2022-04-28 11:06:58-log: [Package] ios-app-clip@1.0.0 enable
2022-04-28 11:06:58-log: [Package] mac@1.0.0 enable
2022-04-28 11:06:58-log: [Package] native@1.0.0 enable
2022-04-28 11:06:58-log: [Package] ohos@1.0.0 enable
2022-04-28 11:06:58-log: [Package] web-desktop@1.0.0 enable
2022-04-28 11:06:58-log: [Package] web-mobile@1.0.0 enable
2022-04-28 11:06:58-log: [Package] wechatgame@1.0.1 enable
2022-04-28 11:06:58-log: [Package] windows@1.0.0 enable
2022-04-28 11:06:58-log: [Package] xiaomi-quick-game@1.0.0 enable
2022-04-28 11:06:58-log: [Package] cocos-play@1.0.0 enable
2022-04-28 11:06:58-log: [Package] huawei-quick-game@1.0.0 enable
2022-04-28 11:06:59-log: [Package] link-sure@1.0.0 enable
2022-04-28 11:06:59-log: [Package] oppo-mini-game@1.0.0 enable
2022-04-28 11:06:59-log: [Package] qtt@1.0.0 enable
2022-04-28 11:06:59-log: [Package] vivo-mini-game@1.0.0 enable
2022-04-28 11:06:59-log: [Package] cocos-service@3.0.2 enable
2022-04-28 11:06:59-log: [Package] importer@1.0.0 enable
2022-04-28 11:07:00-log: [Package] extension@3.0.15 enable
2022-04-28 11:07:00-log: [Im-plugin] Check im-plugin version.
2022-04-28 11:07:00-log: [Package] im-plugin@3.0.8 enable
2022-04-28 11:07:01-log: [Im-plugin] No online info of im-plugin.
2022-04-28 11:07:10-warn: Browserslist: caniuse-lite is outdated. Please run:
npx browserslist@latest --update-db

Why you should do it regularly:
https://github.com/browserslist/browserslist#browsers-data-updating
2022-04-28 11:07:11-log: [Scene] Cocos Creator v3.4.2
2022-04-28 11:07:12-info: [Scene] Forward render pipeline initialized.
2022-05-22T07:51:32.996Z - log: [Package] menu@1.0.0 enable
2022-05-22T07:51:32.998Z - log: [Package] profile@1.0.0 enable
2022-05-22T07:51:33.014Z - log: [Package] project@1.0.2 enable
2022-05-22T07:51:33.021Z - log: [Package] messages@1.0.0 enable
2022-05-22T07:51:33.025Z - log: [Package] program@1.0.0 enable
2022-05-22T07:51:33.033Z - log: [Package] tester@1.0.0 enable
2022-05-22T07:51:33.038Z - log: [Package] preferences@1.0.0 enable
2022-05-22T07:51:33.809Z - log: Setup mods mgr.: 345.264ms
2022-05-22T07:51:33.813Z - log: Profile changed: engine (modules.includeModules: 2d,3d,animation,base,dragon-bones,gfx-webgl,gfx-webgl2,marionette,particle,primitive,profiler,skeletal-animation,spine,tween,ui)
2022-05-22T07:51:33.832Z - verbose: [Engine] QuickCompile engine (732ms)
2022-05-22T07:51:33.836Z - log: [Package] engine@1.0.6 enable
2022-05-22T07:51:34.906Z - log: [Package] programming@1.0.0 enable
2022-05-22T07:51:35.222Z - log: [Package] device@1.0.1 enable
2022-05-22T07:51:35.249Z - log: [Package] ui-kit@1.0.1 enable
2022-05-22T07:51:35.286Z - log: [Package] engine-extends@1.0.0 enable
2022-05-22T07:51:35.363Z - log: [Package] asset-db@1.0.0 enable
2022-05-22T07:51:35.410Z - log: [Package] scene@1.0.0 enable
2022-05-22T07:51:35.737Z - log: [Package] server@1.0.0 enable
2022-05-22T07:51:35.814Z - log: [Package] utils@1.0.0 enable
2022-05-22T07:51:40.267Z - log: [Package] preview@1.0.1 enable
2022-05-22T07:51:40.298Z - log: [Package] animator@1.0.0 enable
2022-05-22T07:51:40.394Z - log: 设置的 IP 地址不存在，将使用默认 IP
2022-05-22T07:51:41.534Z - log: [Package] builder@1.3.2 enable
2022-05-22T07:51:41.569Z - log: [Package] shortcuts@1.0.1 enable
2022-05-22T07:51:41.604Z - log: [Package] animation-graph@1.0.0 enable
2022-05-22T07:51:41.631Z - log: [Package] runtime-dev-tools@1.0.0 enable
2022-05-22T07:51:41.664Z - log: [Package] channel-upload-tools@1.0.0 enable
2022-05-22T07:51:41.695Z - log: [Package] about@1.0.0 enable
2022-05-22T07:51:41.740Z - log: [Package] assets@1.0.0 enable
2022-05-22T07:51:41.780Z - log: [Package] console@1.0.0 enable
2022-05-22T07:51:42.176Z - log: [Package] extension@3.0.16 enable
2022-05-22T07:51:42.210Z - log: [Package] hierarchy@1.0.0 enable
2022-05-22T07:51:42.251Z - log: [Package] inspector@1.0.0 enable
2022-05-22T07:51:42.298Z - log: [Package] lightmap@1.0.4 enable
2022-05-22T07:51:42.360Z - log: [Package] node-library@1.0.1 enable
2022-05-22T07:51:42.395Z - log: [Package] package-asset@1.0.0 enable
2022-05-22T07:51:42.432Z - log: [Package] process@1.0.0 enable
2022-05-22T07:51:42.470Z - log: [Package] reference-image@1.0.0 enable
2022-05-22T07:51:42.493Z - log: [Package] alipay-mini-game@1.0.0 enable
2022-05-22T07:51:42.518Z - log: [Package] android@1.0.0 enable
2022-05-22T07:51:42.548Z - log: [Package] baidu-mini-game@1.0.0 enable
2022-05-22T07:51:42.587Z - log: [Package] bytedance-mini-game@1.0.1 enable
2022-05-22T07:51:42.644Z - log: [Package] cocos-play@1.0.0 enable
2022-05-22T07:51:42.671Z - log: [Package] huawei-agc@1.0.0 enable
2022-05-22T07:51:42.696Z - log: [Package] huawei-quick-game@1.0.0 enable
2022-05-22T07:51:44.072Z - log: [Package] ios@1.0.0 enable
2022-05-22T07:51:44.104Z - log: [Package] ios-app-clip@1.0.0 enable
2022-05-22T07:51:44.129Z - log: [Package] link-sure@1.0.0 enable
2022-05-22T07:51:44.156Z - log: [Package] linux@1.0.0 enable
2022-05-22T07:51:44.197Z - log: [Package] mac@1.0.0 enable
2022-05-22T07:51:44.375Z - log: [Package] native@1.0.0 enable
2022-05-22T07:51:44.412Z - verbose: [AssetDB] Require engine code (3111ms)
2022-05-22T07:51:44.419Z - log: [Package] ohos@1.0.0 enable
2022-05-22T07:51:44.448Z - log: [Package] open-harmonyos@1.0.0 enable
2022-05-22T07:51:44.475Z - log: [Package] oppo-mini-game@1.0.0 enable
2022-05-22T07:51:44.502Z - log: [Package] qtt@1.0.0 enable
2022-05-22T07:51:44.535Z - log: [Package] vivo-mini-game@1.0.0 enable
2022-05-22T07:51:44.584Z - log: [Package] web-desktop@1.0.0 enable
2022-05-22T07:51:44.649Z - log: [Package] web-mobile@1.0.0 enable
2022-05-22T07:51:44.695Z - log: [Package] wechatgame@1.0.1 enable
2022-05-22T07:51:44.723Z - log: [Package] windows@1.0.0 enable
2022-05-22T07:51:44.748Z - log: [Package] xiaomi-quick-game@1.0.0 enable
2022-05-22T07:51:45.129Z - log: [Package] cocos-service@3.0.3 enable
2022-05-22T07:51:45.174Z - log: [Package] importer@1.0.0 enable
2022-05-22T07:51:45.692Z - log: [Im-plugin] Check im-plugin version.
2022-05-22T07:51:45.704Z - log: [Package] im-plugin@3.0.8 enable
2022-05-22T07:51:46.575Z - log: [Im-plugin] No online info of im-plugin.
2022-05-22T07:51:47.295Z - log: 设置的 IP 地址不存在，将使用默认 IP
2022-05-22T07:52:10.353Z - verbose: [Scene] Require engine code (1ms)
2022-05-22T07:52:10.359Z - verbose: [Scene] Startup engine (5ms)
2022-05-22T07:52:10.420Z - log: [Scene] Cocos Creator v3.5.0
2022-05-22T07:52:10.827Z - verbose: [Scene] Open engine (468ms)
2022-05-22T07:52:10.828Z - verbose: [Scene] Configure engine (0ms)
2022-05-22T07:52:10.575Z - info: [Scene] Forward render pipeline initialized.
2022-05-22T07:52:53.886Z - warn: Metrics: no valid info
