2022-04-11 10:35:12-log: [Package] menu@1.0.0 enable
2022-04-11 10:35:12-log: [Package] profile@1.0.0 enable
2022-04-11 10:35:12-log: [Package] project@1.0.1 enable
2022-04-11 10:35:12-log: [Package] messages@1.0.0 enable
2022-04-11 10:35:12-log: [Package] program@1.0.0 enable
2022-04-11 10:35:12-log: [Package] device@1.0.1 enable
2022-04-11 10:35:12-log: [Package] ui-kit@1.0.1 enable
2022-04-11 10:35:12-log: [Package] tester@1.0.0 enable
2022-04-11 10:35:12-log: [Package] preferences@1.0.0 enable
2022-04-11 10:35:13-log: Setup mods mgr.: 352.339ms
2022-04-11 10:35:13-log: Profile changed: engine (modules.includeModules: 2d,3d,audio,base,dragon-bones,gfx-webgl,gfx-webgl2,intersection-2d,marionette,particle,particle-2d,physics-2d-box2d,physics-ammo,primitive,profiler,spine,terrain,tiled-map,tween,ui,video,webview)
2022-04-11 10:35:13-log: [Package] engine@1.0.5 enable
2022-04-11 10:35:17-log: [Package] programming@1.0.0 enable
2022-04-11 10:35:17-log: [Package] engine-extends@1.0.0 enable
2022-04-11 10:35:17-log: [Package] asset-db@1.0.0 enable
2022-04-11 10:35:17-log: [Package] console@1.0.0 enable
2022-04-11 10:35:17-log: [Package] scene@1.0.0 enable
2022-04-11 10:35:17-log: [Package] about@1.0.0 enable
2022-04-11 10:35:17-log: [Package] server@1.0.0 enable
2022-04-11 10:35:17-log: [Package] utils@1.0.0 enable
2022-04-11 10:35:20-log: [Package] preview@1.0.1 enable
2022-04-11 10:35:20-log: [Package] animator@1.0.0 enable
2022-04-11 10:35:22-log: [Package] builder@1.3.1 enable
2022-04-11 10:35:22-log: [Package] node-library@1.0.0 enable
2022-04-11 10:35:22-log: [Package] shortcuts@1.0.1 enable
2022-04-11 10:35:23-log: [Package] package-asset@1.0.0 enable
2022-04-11 10:35:23-log: [Package] reference-image@1.0.0 enable
2022-04-11 10:35:23-log: [Package] animation-graph@1.0.0 enable
2022-04-11 10:35:23-log: [Package] channel-upload-tools@1.0.0 enable
2022-04-11 10:35:23-log: [Package] runtime-dev-tools@1.0.0 enable
2022-04-11 10:35:23-log: [Package] lightmap@1.0.4 enable
2022-04-11 10:35:23-log: [Package] alipay-mini-game@1.0.0 enable
2022-04-11 10:35:23-log: [Package] android@1.0.0 enable
2022-04-11 10:35:23-log: [Package] baidu-mini-game@1.0.0 enable
2022-04-11 10:35:23-log: [Package] bytedance-mini-game@1.0.1 enable
2022-04-11 10:35:23-log: [Package] huawei-agc@1.0.0 enable
2022-04-11 10:35:35-log: [Package] ios@1.0.0 enable
2022-04-11 10:35:35-log: [Package] ios-app-clip@1.0.0 enable
2022-04-11 10:35:35-log: [Package] mac@1.0.0 enable
2022-04-11 10:35:35-log: [Package] native@1.0.0 enable
2022-04-11 10:35:35-log: [Package] ohos@1.0.0 enable
2022-04-11 10:35:35-log: [Package] web-desktop@1.0.0 enable
2022-04-11 10:35:35-log: [Package] web-mobile@1.0.0 enable
2022-04-11 10:35:35-log: [Package] wechatgame@1.0.1 enable
2022-04-11 10:35:35-log: [Package] windows@1.0.0 enable
2022-04-11 10:35:36-log: [Package] xiaomi-quick-game@1.0.0 enable
2022-04-11 10:35:36-log: [Package] cocos-play@1.0.0 enable
2022-04-11 10:35:36-log: [Package] huawei-quick-game@1.0.0 enable
2022-04-11 10:35:36-log: [Package] link-sure@1.0.0 enable
2022-04-11 10:35:36-log: [Package] oppo-mini-game@1.0.0 enable
2022-04-11 10:35:36-log: [Package] qtt@1.0.0 enable
2022-04-11 10:35:36-log: [Package] vivo-mini-game@1.0.0 enable
2022-04-11 10:35:36-log: [Package] cocos-service@3.0.2 enable
2022-04-11 10:35:36-log: [Package] importer@1.0.0 enable
2022-04-11 10:35:37-log: [Package] extension@3.0.15 enable
2022-04-11 10:35:38-log: [Im-plugin] Check im-plugin version.
2022-04-11 10:35:38-log: [Package] im-plugin@3.0.8 enable
2022-04-11 10:35:38-warn: Browserslist: caniuse-lite is outdated. Please run:
npx browserslist@latest --update-db

Why you should do it regularly:
https://github.com/browserslist/browserslist#browsers-data-updating
2022-04-11 10:35:39-log: [Im-plugin] No online info of im-plugin.
2022-04-11 10:35:40-log: [Scene] Cocos Creator v3.4.2
2022-04-11 10:35:40-info: [Scene] Forward render pipeline initialized.
2022-04-11 11:09:45-log: Create build plugin template in {link(/Users/mu/work/gitee/cocos-creator-how-to-use/Demo/Creator3.4.2_ScreenToWorldPoint/extensions/cocos-build-template)}.
2022-06-01T01:18:25.745Z - log: [Package] menu@1.0.0 enable
2022-06-01T01:18:25.748Z - log: [Package] profile@1.0.0 enable
2022-06-01T01:18:25.763Z - log: [Package] project@1.0.2 enable
2022-06-01T01:18:25.769Z - log: [Package] messages@1.0.0 enable
2022-06-01T01:18:25.774Z - log: [Package] program@1.0.0 enable
2022-06-01T01:18:25.781Z - log: [Package] tester@1.0.0 enable
2022-06-01T01:18:25.786Z - log: [Package] preferences@1.0.0 enable
2022-06-01T01:18:26.462Z - log: Setup mods mgr.: 327.915ms
2022-06-01T01:18:26.470Z - verbose: [Engine] QuickCompile engine (618ms)
2022-06-01T01:18:26.473Z - log: [Package] engine@1.0.6 enable
2022-06-01T01:18:27.309Z - log: [Package] programming@1.0.0 enable
2022-06-01T01:18:27.622Z - log: [Package] device@1.0.1 enable
2022-06-01T01:18:27.650Z - log: [Package] ui-kit@1.0.1 enable
2022-06-01T01:18:27.675Z - log: [Package] engine-extends@1.0.0 enable
2022-06-01T01:18:27.737Z - log: [Package] asset-db@1.0.0 enable
2022-06-01T01:18:27.786Z - log: [Package] scene@1.0.0 enable
2022-06-01T01:18:27.999Z - log: [Package] server@1.0.0 enable
2022-06-01T01:18:28.103Z - log: [Package] utils@1.0.0 enable
2022-06-01T01:18:32.651Z - log: [Package] preview@1.0.1 enable
2022-06-01T01:18:32.690Z - log: [Package] animator@1.0.0 enable
2022-06-01T01:18:32.785Z - log: 设置的 IP 地址不存在，将使用默认 IP
2022-06-01T01:18:33.872Z - log: [Package] builder@1.3.2 enable
2022-06-01T01:18:33.906Z - log: [Package] shortcuts@1.0.1 enable
2022-06-01T01:18:33.941Z - log: [Package] animation-graph@1.0.0 enable
2022-06-01T01:18:33.964Z - log: [Package] runtime-dev-tools@1.0.0 enable
2022-06-01T01:18:33.987Z - log: [Package] channel-upload-tools@1.0.0 enable
2022-06-01T01:18:34.019Z - log: [Package] about@1.0.0 enable
2022-06-01T01:18:34.054Z - log: [Package] assets@1.0.0 enable
2022-06-01T01:18:34.088Z - log: [Package] console@1.0.0 enable
2022-06-01T01:18:34.500Z - log: [Package] extension@3.0.16 enable
2022-06-01T01:18:34.558Z - log: [Package] hierarchy@1.0.0 enable
2022-06-01T01:18:34.600Z - log: [Package] inspector@1.0.0 enable
2022-06-01T01:18:34.637Z - log: [Package] lightmap@1.0.4 enable
2022-06-01T01:18:34.711Z - log: [Package] node-library@1.0.1 enable
2022-06-01T01:18:34.797Z - log: [Package] package-asset@1.0.0 enable
2022-06-01T01:18:34.836Z - log: [Package] process@1.0.0 enable
2022-06-01T01:18:34.874Z - log: [Package] reference-image@1.0.0 enable
2022-06-01T01:18:34.904Z - log: [Package] alipay-mini-game@1.0.0 enable
2022-06-01T01:18:34.943Z - log: [Package] android@1.0.0 enable
2022-06-01T01:18:34.974Z - log: [Package] baidu-mini-game@1.0.0 enable
2022-06-01T01:18:35.000Z - log: [Package] bytedance-mini-game@1.0.1 enable
2022-06-01T01:18:35.026Z - log: [Package] cocos-play@1.0.0 enable
2022-06-01T01:18:35.055Z - log: [Package] huawei-agc@1.0.0 enable
2022-06-01T01:18:35.080Z - log: [Package] huawei-quick-game@1.0.0 enable
2022-06-01T01:18:36.391Z - log: [Package] ios@1.0.0 enable
2022-06-01T01:18:36.422Z - log: [Package] ios-app-clip@1.0.0 enable
2022-06-01T01:18:36.464Z - log: [Package] link-sure@1.0.0 enable
2022-06-01T01:18:36.541Z - log: [Package] linux@1.0.0 enable
2022-06-01T01:18:36.591Z - log: [Package] mac@1.0.0 enable
2022-06-01T01:18:36.594Z - verbose: [AssetDB] Require engine code (2958ms)
2022-06-01T01:18:36.771Z - log: [Package] native@1.0.0 enable
2022-06-01T01:18:36.800Z - log: [Package] ohos@1.0.0 enable
2022-06-01T01:18:36.829Z - log: [Package] open-harmonyos@1.0.0 enable
2022-06-01T01:18:36.851Z - log: [Package] oppo-mini-game@1.0.0 enable
2022-06-01T01:18:36.875Z - log: [Package] qtt@1.0.0 enable
2022-06-01T01:18:36.904Z - log: [Package] vivo-mini-game@1.0.0 enable
2022-06-01T01:18:36.942Z - log: [Package] web-desktop@1.0.0 enable
2022-06-01T01:18:36.982Z - log: [Package] web-mobile@1.0.0 enable
2022-06-01T01:18:37.025Z - log: [Package] wechatgame@1.0.1 enable
2022-06-01T01:18:37.054Z - log: [Package] windows@1.0.0 enable
2022-06-01T01:18:37.091Z - log: [Package] xiaomi-quick-game@1.0.0 enable
2022-06-01T01:18:37.499Z - log: [Package] cocos-service@3.0.3 enable
2022-06-01T01:18:37.540Z - log: [Package] importer@1.0.0 enable
2022-06-01T01:18:37.861Z - log: [Im-plugin] Check im-plugin version.
2022-06-01T01:18:37.874Z - log: [Package] im-plugin@3.0.8 enable
2022-06-01T01:18:38.685Z - log: [Im-plugin] No online info of im-plugin.
2022-06-01T01:18:39.273Z - log: 设置的 IP 地址不存在，将使用默认 IP
2022-06-01T01:18:50.081Z - verbose: [Scene] Require engine code (0ms)
2022-06-01T01:18:50.083Z - verbose: [Scene] Startup engine (2ms)
2022-06-01T01:18:50.117Z - log: [Scene] Cocos Creator v3.5.0
2022-06-01T01:18:50.473Z - verbose: [Scene] Open engine (389ms)
2022-06-01T01:18:50.473Z - verbose: [Scene] Configure engine (0ms)
2022-06-01T01:18:50.210Z - info: [Scene] Forward render pipeline initialized.
2022-06-01T01:19:06.478Z - warn: Metrics: no valid info
