2022-05-23T03:31:57.390Z - log: [Package] menu@1.0.0 enable
2022-05-23T03:31:57.393Z - log: [Package] profile@1.0.0 enable
2022-05-23T03:31:57.408Z - log: [Package] project@1.0.2 enable
2022-05-23T03:31:57.415Z - log: [Package] messages@1.0.0 enable
2022-05-23T03:31:57.421Z - log: [Package] program@1.0.0 enable
2022-05-23T03:31:57.429Z - log: [Package] tester@1.0.0 enable
2022-05-23T03:31:57.437Z - log: [Package] preferences@1.0.0 enable
2022-05-23T03:31:58.196Z - log: Setup mods mgr.: 350.319ms
2022-05-23T03:31:58.211Z - verbose: [Engine] QuickCompile engine (698ms)
2022-05-23T03:31:58.214Z - log: [Package] engine@1.0.6 enable
2022-05-23T03:31:59.203Z - log: [Package] programming@1.0.0 enable
2022-05-23T03:31:59.514Z - log: [Package] device@1.0.1 enable
2022-05-23T03:31:59.545Z - log: [Package] ui-kit@1.0.1 enable
2022-05-23T03:31:59.573Z - log: [Package] engine-extends@1.0.0 enable
2022-05-23T03:31:59.647Z - log: [Package] asset-db@1.0.0 enable
2022-05-23T03:31:59.705Z - log: [Package] scene@1.0.0 enable
2022-05-23T03:31:59.995Z - log: [Package] server@1.0.0 enable
2022-05-23T03:32:00.031Z - log: [Package] utils@1.0.0 enable
2022-05-23T03:32:05.511Z - log: [Package] preview@1.0.1 enable
2022-05-23T03:32:05.559Z - log: [Package] animator@1.0.0 enable
2022-05-23T03:32:05.853Z - log: 设置的 IP 地址不存在，将使用默认 IP
2022-05-23T03:32:07.431Z - log: [Package] builder@1.3.2 enable
2022-05-23T03:32:07.472Z - log: [Package] shortcuts@1.0.1 enable
2022-05-23T03:32:07.516Z - log: [Package] animation-graph@1.0.0 enable
2022-05-23T03:32:07.540Z - log: [Package] runtime-dev-tools@1.0.0 enable
2022-05-23T03:32:07.569Z - log: [Package] channel-upload-tools@1.0.0 enable
2022-05-23T03:32:07.606Z - log: [Package] about@1.0.0 enable
2022-05-23T03:32:07.653Z - log: [Package] assets@1.0.0 enable
2022-05-23T03:32:07.689Z - log: [Package] console@1.0.0 enable
2022-05-23T03:32:08.085Z - log: [Package] extension@3.0.16 enable
2022-05-23T03:32:08.145Z - log: [Package] hierarchy@1.0.0 enable
2022-05-23T03:32:08.183Z - log: [Package] inspector@1.0.0 enable
2022-05-23T03:32:08.222Z - log: [Package] lightmap@1.0.4 enable
2022-05-23T03:32:08.278Z - log: [Package] node-library@1.0.1 enable
2022-05-23T03:32:08.316Z - log: [Package] package-asset@1.0.0 enable
2022-05-23T03:32:08.361Z - log: [Package] process@1.0.0 enable
2022-05-23T03:32:08.416Z - log: [Package] reference-image@1.0.0 enable
2022-05-23T03:32:08.486Z - log: [Package] alipay-mini-game@1.0.0 enable
2022-05-23T03:32:08.618Z - log: [Package] android@1.0.0 enable
2022-05-23T03:32:08.649Z - log: [Package] baidu-mini-game@1.0.0 enable
2022-05-23T03:32:08.673Z - log: [Package] bytedance-mini-game@1.0.1 enable
2022-05-23T03:32:08.698Z - log: [Package] cocos-play@1.0.0 enable
2022-05-23T03:32:08.723Z - log: [Package] huawei-agc@1.0.0 enable
2022-05-23T03:32:08.751Z - log: [Package] huawei-quick-game@1.0.0 enable
2022-05-23T03:32:10.498Z - log: [Package] ios@1.0.0 enable
2022-05-23T03:32:10.577Z - log: [Package] ios-app-clip@1.0.0 enable
2022-05-23T03:32:10.765Z - log: [Package] link-sure@1.0.0 enable
2022-05-23T03:32:10.803Z - log: [Package] linux@1.0.0 enable
2022-05-23T03:32:10.806Z - verbose: [AssetDB] Require engine code (3729ms)
2022-05-23T03:32:10.838Z - log: [Package] mac@1.0.0 enable
2022-05-23T03:32:11.104Z - log: [Package] native@1.0.0 enable
2022-05-23T03:32:11.137Z - log: [Package] ohos@1.0.0 enable
2022-05-23T03:32:11.190Z - log: [Package] open-harmonyos@1.0.0 enable
2022-05-23T03:32:11.267Z - log: [Package] oppo-mini-game@1.0.0 enable
2022-05-23T03:32:11.303Z - log: [Package] qtt@1.0.0 enable
2022-05-23T03:32:11.349Z - log: [Package] vivo-mini-game@1.0.0 enable
2022-05-23T03:32:11.395Z - log: [Package] web-desktop@1.0.0 enable
2022-05-23T03:32:11.435Z - log: [Package] web-mobile@1.0.0 enable
2022-05-23T03:32:11.475Z - log: [Package] wechatgame@1.0.1 enable
2022-05-23T03:32:11.499Z - log: [Package] windows@1.0.0 enable
2022-05-23T03:32:11.527Z - log: [Package] xiaomi-quick-game@1.0.0 enable
2022-05-23T03:32:12.154Z - log: [Package] cocos-service@3.0.3 enable
2022-05-23T03:32:12.201Z - log: [Package] importer@1.0.0 enable
2022-05-23T03:32:12.661Z - log: [Im-plugin] Check im-plugin version.
2022-05-23T03:32:12.682Z - log: [Package] im-plugin@3.0.8 enable
2022-05-23T03:32:14.176Z - log: [Im-plugin] No online info of im-plugin.
2022-05-23T03:32:14.556Z - log: 设置的 IP 地址不存在，将使用默认 IP
2022-05-23T03:32:29.660Z - verbose: [Scene] Require engine code (2ms)
2022-05-23T03:32:29.665Z - verbose: [Scene] Startup engine (5ms)
2022-05-23T03:32:29.819Z - log: [Scene] Cocos Creator v3.5.0
2022-05-23T03:32:30.356Z - verbose: [Scene] Open engine (691ms)
2022-05-23T03:32:30.357Z - verbose: [Scene] Configure engine (0ms)
2022-05-23T03:32:29.970Z - info: [Scene] Forward render pipeline initialized.
2022-05-23T03:42:21.537Z - warn: Metrics: no valid info
2022-05-23T03:42:21.554Z - error: Error occurred in handler for 'GUEST_VIEW_MANAGER_CALL': Error: Invalid guestInstanceId: 6
    at getGuestForWebContents (electron/js2c/browser_init.js:181:6307)
    at electron/js2c/browser_init.js:181:5372
    at electron/js2c/browser_init.js:181:1637
    at electron/js2c/browser_init.js:197:579
    at Object.<anonymous> (electron/js2c/browser_init.js:161:9782)
    at Object.emit (events.js:315:20)
