2022-05-22T09:51:43.446Z - log: [Package] menu@1.0.0 enable
2022-05-22T09:51:43.448Z - log: [Package] profile@1.0.0 enable
2022-05-22T09:51:43.461Z - log: [Package] project@1.0.2 enable
2022-05-22T09:51:43.469Z - log: [Package] messages@1.0.0 enable
2022-05-22T09:51:43.475Z - log: [Package] program@1.0.0 enable
2022-05-22T09:51:43.481Z - log: [Package] tester@1.0.0 enable
2022-05-22T09:51:43.488Z - log: [Package] preferences@1.0.0 enable
2022-05-22T09:51:44.913Z - log: Setup mods mgr.: 538.938ms
2022-05-22T09:51:44.928Z - verbose: [Engine] QuickCompile engine (1314ms)
2022-05-22T09:51:44.931Z - log: [Package] engine@1.0.6 enable
2022-05-22T09:51:45.881Z - log: [Package] programming@1.0.0 enable
2022-05-22T09:51:46.178Z - log: [Package] device@1.0.1 enable
2022-05-22T09:51:46.206Z - log: [Package] ui-kit@1.0.1 enable
2022-05-22T09:51:46.229Z - log: [Package] engine-extends@1.0.0 enable
2022-05-22T09:51:46.295Z - log: [Package] asset-db@1.0.0 enable
2022-05-22T09:51:46.338Z - log: [Package] scene@1.0.0 enable
2022-05-22T09:51:46.647Z - log: [Package] server@1.0.0 enable
2022-05-22T09:51:46.685Z - log: [Package] utils@1.0.0 enable
2022-05-22T09:51:51.502Z - log: [Package] preview@1.0.1 enable
2022-05-22T09:51:51.540Z - log: [Package] animator@1.0.0 enable
2022-05-22T09:51:51.795Z - log: 设置的 IP 地址不存在，将使用默认 IP
2022-05-22T09:51:53.030Z - log: [Package] builder@1.3.2 enable
2022-05-22T09:51:53.064Z - log: [Package] shortcuts@1.0.1 enable
2022-05-22T09:51:53.099Z - log: [Package] animation-graph@1.0.0 enable
2022-05-22T09:51:53.121Z - log: [Package] runtime-dev-tools@1.0.0 enable
2022-05-22T09:51:53.144Z - log: [Package] channel-upload-tools@1.0.0 enable
2022-05-22T09:51:53.175Z - log: [Package] about@1.0.0 enable
2022-05-22T09:51:53.208Z - log: [Package] assets@1.0.0 enable
2022-05-22T09:51:53.241Z - log: [Package] console@1.0.0 enable
2022-05-22T09:51:53.586Z - log: [Package] extension@3.0.16 enable
2022-05-22T09:51:53.658Z - log: [Package] hierarchy@1.0.0 enable
2022-05-22T09:51:53.723Z - log: [Package] inspector@1.0.0 enable
2022-05-22T09:51:53.783Z - log: [Package] lightmap@1.0.4 enable
2022-05-22T09:51:53.848Z - log: [Package] node-library@1.0.1 enable
2022-05-22T09:51:53.909Z - log: [Package] package-asset@1.0.0 enable
2022-05-22T09:51:53.954Z - log: [Package] process@1.0.0 enable
2022-05-22T09:51:54.017Z - log: [Package] reference-image@1.0.0 enable
2022-05-22T09:51:54.045Z - log: [Package] alipay-mini-game@1.0.0 enable
2022-05-22T09:51:54.076Z - log: [Package] android@1.0.0 enable
2022-05-22T09:51:54.105Z - log: [Package] baidu-mini-game@1.0.0 enable
2022-05-22T09:51:54.130Z - log: [Package] bytedance-mini-game@1.0.1 enable
2022-05-22T09:51:54.155Z - log: [Package] cocos-play@1.0.0 enable
2022-05-22T09:51:54.186Z - log: [Package] huawei-agc@1.0.0 enable
2022-05-22T09:51:54.210Z - log: [Package] huawei-quick-game@1.0.0 enable
2022-05-22T09:51:55.577Z - log: [Package] ios@1.0.0 enable
2022-05-22T09:51:55.621Z - log: [Package] ios-app-clip@1.0.0 enable
2022-05-22T09:51:55.649Z - log: [Package] link-sure@1.0.0 enable
2022-05-22T09:51:55.682Z - log: [Package] linux@1.0.0 enable
2022-05-22T09:51:55.803Z - log: [Package] mac@1.0.0 enable
2022-05-22T09:51:55.855Z - verbose: [AssetDB] Require engine code (3052ms)
2022-05-22T09:51:55.994Z - log: [Package] native@1.0.0 enable
2022-05-22T09:51:56.026Z - log: [Package] ohos@1.0.0 enable
2022-05-22T09:51:56.058Z - log: [Package] open-harmonyos@1.0.0 enable
2022-05-22T09:51:56.086Z - log: [Package] oppo-mini-game@1.0.0 enable
2022-05-22T09:51:56.113Z - log: [Package] qtt@1.0.0 enable
2022-05-22T09:51:56.143Z - log: [Package] vivo-mini-game@1.0.0 enable
2022-05-22T09:51:56.184Z - log: [Package] web-desktop@1.0.0 enable
2022-05-22T09:51:56.248Z - log: [Package] web-mobile@1.0.0 enable
2022-05-22T09:51:56.302Z - log: [Package] wechatgame@1.0.1 enable
2022-05-22T09:51:56.357Z - log: [Package] windows@1.0.0 enable
2022-05-22T09:51:56.389Z - log: [Package] xiaomi-quick-game@1.0.0 enable
2022-05-22T09:51:56.788Z - log: [Package] cocos-service@3.0.3 enable
2022-05-22T09:51:56.830Z - log: [Package] importer@1.0.0 enable
2022-05-22T09:51:57.547Z - log: [Im-plugin] Check im-plugin version.
2022-05-22T09:51:57.578Z - log: [Package] im-plugin@3.0.8 enable
2022-05-22T09:51:58.538Z - log: [Im-plugin] No online info of im-plugin.
2022-05-22T09:51:59.782Z - log: 设置的 IP 地址不存在，将使用默认 IP
2022-05-22T09:52:10.560Z - verbose: [Scene] Require engine code (1ms)
2022-05-22T09:52:10.568Z - verbose: [Scene] Startup engine (4ms)
2022-05-22T09:52:10.619Z - log: [Scene] Cocos Creator v3.5.0
2022-05-22T09:52:10.957Z - verbose: [Scene] Open engine (392ms)
2022-05-22T09:52:10.958Z - verbose: [Scene] Configure engine (0ms)
2022-05-22T09:52:10.691Z - info: [Scene] Forward render pipeline initialized.
2022-05-22T09:53:13.473Z - warn: Metrics: no valid info
