2022-05-09 15:01:36-log: [Package] menu@1.0.0 enable
2022-05-09 15:01:36-log: [Package] profile@1.0.0 enable
2022-05-09 15:01:36-log: [Package] project@1.0.1 enable
2022-05-09 15:01:36-log: [Package] messages@1.0.0 enable
2022-05-09 15:01:36-log: [Package] program@1.0.0 enable
2022-05-09 15:01:36-log: [Package] device@1.0.1 enable
2022-05-09 15:01:36-log: [Package] ui-kit@1.0.1 enable
2022-05-09 15:01:36-log: [Package] tester@1.0.0 enable
2022-05-09 15:01:36-log: [Package] preferences@1.0.0 enable
2022-05-09 15:01:37-log: Setup mods mgr.: 371.688ms
2022-05-09 15:01:37-log: Profile changed: engine (modules.includeModules: 2d,3d,audio,base,dragon-bones,gfx-webgl,gfx-webgl2,intersection-2d,marionette,particle,particle-2d,physics-2d-box2d,physics-ammo,primitive,profiler,spine,terrain,tiled-map,tween,ui,video,webview)
2022-05-09 15:01:37-log: [Package] engine@1.0.5 enable
2022-05-09 15:01:40-log: [Package] programming@1.0.0 enable
2022-05-09 15:01:40-log: [Package] Profile Migrate: builder@Cocos Creator...
2022-05-09 15:01:40-log: [Package] Profile Migrate: builder@Cocos Creator...
2022-05-09 15:01:40-log: [Package] engine-extends@1.0.0 enable
2022-05-09 15:01:40-log: [Package] asset-db@1.0.0 enable
2022-05-09 15:01:41-log: [Package] console@1.0.0 enable
2022-05-09 15:01:41-log: [Package] scene@1.0.0 enable
2022-05-09 15:01:41-log: [Package] about@1.0.0 enable
2022-05-09 15:01:41-log: [Package] server@1.0.0 enable
2022-05-09 15:01:41-log: [Package] utils@1.0.0 enable
2022-05-09 15:01:41-log: [Package] assets@1.0.0 enable
2022-05-09 15:01:41-log: [Package] inspector@1.0.0 enable
2022-05-09 15:01:44-log: 设置的 IP 地址不存在，将使用默认 IP
2022-05-09 15:01:45-log: [Package] builder@1.3.1 enable
2022-05-09 15:01:45-log: [Package] node-library@1.0.0 enable
2022-05-09 15:01:45-log: [Package] shortcuts@1.0.1 enable
2022-05-09 15:01:45-log: [Package] package-asset@1.0.0 enable
2022-05-09 15:01:45-log: [Package] reference-image@1.0.0 enable
2022-05-09 15:01:45-log: [Package] animation-graph@1.0.0 enable
2022-05-09 15:01:45-log: [Package] channel-upload-tools@1.0.0 enable
2022-05-09 15:01:45-log: [Package] runtime-dev-tools@1.0.0 enable
2022-05-09 15:01:45-log: [Package] lightmap@1.0.4 enable
2022-05-09 15:01:45-log: [Package] alipay-mini-game@1.0.0 enable
2022-05-09 15:01:45-log: [Package] android@1.0.0 enable
2022-05-09 15:01:45-log: [Package] baidu-mini-game@1.0.0 enable
2022-05-09 15:01:45-log: [Package] bytedance-mini-game@1.0.1 enable
2022-05-09 15:01:45-log: [Package] huawei-agc@1.0.0 enable
2022-05-09 15:01:47-log: [Package] ios@1.0.0 enable
2022-05-09 15:01:47-log: [Package] ios-app-clip@1.0.0 enable
2022-05-09 15:01:47-log: [Package] mac@1.0.0 enable
2022-05-09 15:01:47-log: [Package] native@1.0.0 enable
2022-05-09 15:01:47-log: [Package] ohos@1.0.0 enable
2022-05-09 15:01:47-log: [Package] web-desktop@1.0.0 enable
2022-05-09 15:01:47-log: [Package] web-mobile@1.0.0 enable
2022-05-09 15:01:47-log: [Package] wechatgame@1.0.1 enable
2022-05-09 15:01:47-log: [Package] windows@1.0.0 enable
2022-05-09 15:01:47-log: [Package] xiaomi-quick-game@1.0.0 enable
2022-05-09 15:01:47-log: [Package] cocos-play@1.0.0 enable
2022-05-09 15:01:47-log: [Package] huawei-quick-game@1.0.0 enable
2022-05-09 15:01:47-log: [Package] link-sure@1.0.0 enable
2022-05-09 15:01:47-log: [Package] oppo-mini-game@1.0.0 enable
2022-05-09 15:01:47-log: [Package] qtt@1.0.0 enable
2022-05-09 15:01:47-log: [Package] vivo-mini-game@1.0.0 enable
2022-05-09 15:01:48-log: [Package] cocos-service@3.0.2 enable
2022-05-09 15:01:48-log: [Package] importer@1.0.0 enable
2022-05-09 15:01:49-log: [Package] extension@3.0.15 enable
2022-05-09 15:01:49-log: [Im-plugin] Check im-plugin version.
2022-05-09 15:01:49-log: [Package] im-plugin@3.0.8 enable
2022-05-09 15:01:49-log: 设置的 IP 地址不存在，将使用默认 IP
2022-05-09 15:01:50-log: [Im-plugin] No online info of im-plugin.
2022-05-09 15:01:57-warn: Browserslist: caniuse-lite is outdated. Please run:
npx browserslist@latest --update-db

Why you should do it regularly:
https://github.com/browserslist/browserslist#browsers-data-updating
2022-05-09 15:01:57-log: [Scene] Cocos Creator v3.4.2
2022-05-09 15:01:57-info: [Scene] Forward render pipeline initialized.
2022-05-31T02:25:13.131Z - log: [Package] menu@1.0.0 enable
2022-05-31T02:25:13.134Z - log: [Package] profile@1.0.0 enable
2022-05-31T02:25:13.148Z - log: [Package] project@1.0.2 enable
2022-05-31T02:25:13.154Z - log: [Package] messages@1.0.0 enable
2022-05-31T02:25:13.159Z - log: [Package] program@1.0.0 enable
2022-05-31T02:25:13.165Z - log: [Package] tester@1.0.0 enable
2022-05-31T02:25:13.174Z - log: [Package] preferences@1.0.0 enable
2022-05-31T02:25:13.924Z - log: Setup mods mgr.: 336.609ms
2022-05-31T02:25:13.934Z - verbose: [Engine] QuickCompile engine (694ms)
2022-05-31T02:25:13.937Z - log: [Package] engine@1.0.6 enable
2022-05-31T02:25:14.808Z - log: [Package] programming@1.0.0 enable
2022-05-31T02:25:15.119Z - log: [Package] device@1.0.1 enable
2022-05-31T02:25:15.147Z - log: [Package] ui-kit@1.0.1 enable
2022-05-31T02:25:15.174Z - log: [Package] engine-extends@1.0.0 enable
2022-05-31T02:25:15.245Z - log: [Package] asset-db@1.0.0 enable
2022-05-31T02:25:15.287Z - log: [Package] scene@1.0.0 enable
2022-05-31T02:25:15.557Z - log: [Package] server@1.0.0 enable
2022-05-31T02:25:15.695Z - log: [Package] utils@1.0.0 enable
2022-05-31T02:25:20.094Z - log: [Package] preview@1.0.1 enable
2022-05-31T02:25:20.141Z - log: [Package] animator@1.0.0 enable
2022-05-31T02:25:20.327Z - log: 设置的 IP 地址不存在，将使用默认 IP
2022-05-31T02:25:21.238Z - log: [Package] builder@1.3.2 enable
2022-05-31T02:25:21.272Z - log: [Package] shortcuts@1.0.1 enable
2022-05-31T02:25:21.305Z - log: [Package] animation-graph@1.0.0 enable
2022-05-31T02:25:21.328Z - log: [Package] runtime-dev-tools@1.0.0 enable
2022-05-31T02:25:21.354Z - log: [Package] channel-upload-tools@1.0.0 enable
2022-05-31T02:25:21.385Z - log: [Package] about@1.0.0 enable
2022-05-31T02:25:21.420Z - log: [Package] assets@1.0.0 enable
2022-05-31T02:25:21.455Z - log: [Package] console@1.0.0 enable
2022-05-31T02:25:21.723Z - log: [Package] extension@3.0.16 enable
2022-05-31T02:25:21.765Z - log: [Package] hierarchy@1.0.0 enable
2022-05-31T02:25:21.833Z - log: [Package] inspector@1.0.0 enable
2022-05-31T02:25:21.885Z - log: [Package] lightmap@1.0.4 enable
2022-05-31T02:25:21.958Z - log: [Package] node-library@1.0.1 enable
2022-05-31T02:25:22.045Z - log: [Package] package-asset@1.0.0 enable
2022-05-31T02:25:22.108Z - log: [Package] process@1.0.0 enable
2022-05-31T02:25:22.164Z - log: [Package] reference-image@1.0.0 enable
2022-05-31T02:25:22.185Z - log: [Package] alipay-mini-game@1.0.0 enable
2022-05-31T02:25:22.213Z - log: [Package] android@1.0.0 enable
2022-05-31T02:25:22.242Z - log: [Package] baidu-mini-game@1.0.0 enable
2022-05-31T02:25:22.267Z - log: [Package] bytedance-mini-game@1.0.1 enable
2022-05-31T02:25:22.292Z - log: [Package] cocos-play@1.0.0 enable
2022-05-31T02:25:22.321Z - log: [Package] huawei-agc@1.0.0 enable
2022-05-31T02:25:22.349Z - log: [Package] huawei-quick-game@1.0.0 enable
2022-05-31T02:25:23.592Z - log: [Package] ios@1.0.0 enable
2022-05-31T02:25:23.619Z - log: [Package] ios-app-clip@1.0.0 enable
2022-05-31T02:25:23.642Z - log: [Package] link-sure@1.0.0 enable
2022-05-31T02:25:23.671Z - log: [Package] linux@1.0.0 enable
2022-05-31T02:25:23.713Z - log: [Package] mac@1.0.0 enable
2022-05-31T02:25:23.869Z - log: [Package] native@1.0.0 enable
2022-05-31T02:25:23.876Z - verbose: [AssetDB] Require engine code (2775ms)
2022-05-31T02:25:23.898Z - log: [Package] ohos@1.0.0 enable
2022-05-31T02:25:23.925Z - log: [Package] open-harmonyos@1.0.0 enable
2022-05-31T02:25:23.953Z - log: [Package] oppo-mini-game@1.0.0 enable
2022-05-31T02:25:23.980Z - log: [Package] qtt@1.0.0 enable
2022-05-31T02:25:24.008Z - log: [Package] vivo-mini-game@1.0.0 enable
2022-05-31T02:25:24.056Z - log: [Package] web-desktop@1.0.0 enable
2022-05-31T02:25:24.096Z - log: [Package] web-mobile@1.0.0 enable
2022-05-31T02:25:24.137Z - log: [Package] wechatgame@1.0.1 enable
2022-05-31T02:25:24.163Z - log: [Package] windows@1.0.0 enable
2022-05-31T02:25:24.189Z - log: [Package] xiaomi-quick-game@1.0.0 enable
2022-05-31T02:25:24.694Z - log: [Package] cocos-service@3.0.3 enable
2022-05-31T02:25:24.742Z - log: [Package] importer@1.0.0 enable
2022-05-31T02:25:25.129Z - log: [Im-plugin] Check im-plugin version.
2022-05-31T02:25:25.141Z - log: [Package] im-plugin@3.0.8 enable
2022-05-31T02:25:26.204Z - log: [Im-plugin] No online info of im-plugin.
2022-05-31T02:25:26.575Z - log: 设置的 IP 地址不存在，将使用默认 IP
2022-05-31T02:25:37.382Z - verbose: [Scene] Require engine code (1ms)
2022-05-31T02:25:37.384Z - verbose: [Scene] Startup engine (0ms)
2022-05-31T02:25:37.436Z - log: [Scene] Cocos Creator v3.5.0
2022-05-31T02:25:37.832Z - verbose: [Scene] Open engine (449ms)
2022-05-31T02:25:37.832Z - verbose: [Scene] Configure engine (0ms)
2022-05-31T02:25:37.548Z - info: [Scene] Forward render pipeline initialized.
2022-05-31T02:26:42.810Z - warn: Metrics: no valid info
