2022-05-09 14:53:59-log: [Package] menu@1.0.0 enable
2022-05-09 14:53:59-log: [Package] profile@1.0.0 enable
2022-05-09 14:53:59-log: [Package] project@1.0.1 enable
2022-05-09 14:53:59-log: [Package] messages@1.0.0 enable
2022-05-09 14:54:00-log: [Package] program@1.0.0 enable
2022-05-09 14:54:00-log: [Package] device@1.0.1 enable
2022-05-09 14:54:00-log: [Package] ui-kit@1.0.1 enable
2022-05-09 14:54:00-log: [Package] tester@1.0.0 enable
2022-05-09 14:54:00-log: [Package] preferences@1.0.0 enable
2022-05-09 14:54:01-log: Setup mods mgr.: 456.53ms
2022-05-09 14:54:01-log: [Package] engine@1.0.5 enable
2022-05-09 14:54:03-log: [Package] programming@1.0.0 enable
2022-05-09 14:54:03-log: [Package] Profile Migrate: builder@Cocos Creator...
2022-05-09 14:54:04-log: [Package] engine-extends@1.0.0 enable
2022-05-09 14:54:04-log: [Package] asset-db@1.0.0 enable
2022-05-09 14:54:04-log: [Package] console@1.0.0 enable
2022-05-09 14:54:04-log: [Package] scene@1.0.0 enable
2022-05-09 14:54:04-log: [Package] about@1.0.0 enable
2022-05-09 14:54:04-log: [Package] server@1.0.0 enable
2022-05-09 14:54:04-log: [Package] assets@1.0.0 enable
2022-05-09 14:54:04-log: [Package] inspector@1.0.0 enable
2022-05-09 14:54:04-log: [Package] hierarchy@1.0.0 enable
2022-05-09 14:54:07-log: [Package] preview@1.0.1 enable
2022-05-09 14:54:07-log: [Package] animator@1.0.0 enable
2022-05-09 14:54:07-log: 设置的 IP 地址不存在，将使用默认 IP
2022-05-09 14:54:09-log: [Package] builder@1.3.1 enable
2022-05-09 14:54:09-log: [Package] node-library@1.0.0 enable
2022-05-09 14:54:09-log: [Package] shortcuts@1.0.1 enable
2022-05-09 14:54:09-log: [Package] package-asset@1.0.0 enable
2022-05-09 14:54:09-log: [Package] reference-image@1.0.0 enable
2022-05-09 14:54:09-log: [Package] animation-graph@1.0.0 enable
2022-05-09 14:54:09-log: [Package] channel-upload-tools@1.0.0 enable
2022-05-09 14:54:09-log: [Package] runtime-dev-tools@1.0.0 enable
2022-05-09 14:54:09-log: [Package] lightmap@1.0.4 enable
2022-05-09 14:54:09-log: [Package] alipay-mini-game@1.0.0 enable
2022-05-09 14:54:09-log: [Package] android@1.0.0 enable
2022-05-09 14:54:09-log: [Package] baidu-mini-game@1.0.0 enable
2022-05-09 14:54:09-log: [Package] bytedance-mini-game@1.0.1 enable
2022-05-09 14:54:09-log: [Package] huawei-agc@1.0.0 enable
2022-05-09 14:54:12-log: [Package] ios@1.0.0 enable
2022-05-09 14:54:12-log: [Package] ios-app-clip@1.0.0 enable
2022-05-09 14:54:12-log: [Package] mac@1.0.0 enable
2022-05-09 14:54:12-log: [Package] native@1.0.0 enable
2022-05-09 14:54:12-log: [Package] ohos@1.0.0 enable
2022-05-09 14:54:12-log: [Package] web-desktop@1.0.0 enable
2022-05-09 14:54:12-log: [Package] web-mobile@1.0.0 enable
2022-05-09 14:54:12-log: [Package] wechatgame@1.0.1 enable
2022-05-09 14:54:12-log: [Package] windows@1.0.0 enable
2022-05-09 14:54:12-log: [Package] xiaomi-quick-game@1.0.0 enable
2022-05-09 14:54:12-log: [Package] cocos-play@1.0.0 enable
2022-05-09 14:54:13-log: [Package] huawei-quick-game@1.0.0 enable
2022-05-09 14:54:13-log: [Package] link-sure@1.0.0 enable
2022-05-09 14:54:13-log: [Package] oppo-mini-game@1.0.0 enable
2022-05-09 14:54:13-log: [Package] qtt@1.0.0 enable
2022-05-09 14:54:13-log: [Package] vivo-mini-game@1.0.0 enable
2022-05-09 14:54:13-log: [Package] cocos-service@3.0.2 enable
2022-05-09 14:54:13-log: [Package] importer@1.0.0 enable
2022-05-09 14:54:14-log: [Package] extension@3.0.15 enable
2022-05-09 14:54:15-log: [Im-plugin] Check im-plugin version.
2022-05-09 14:54:15-log: [Package] im-plugin@3.0.8 enable
2022-05-09 14:54:15-log: 设置的 IP 地址不存在，将使用默认 IP
2022-05-09 14:54:16-log: [Im-plugin] No online info of im-plugin.
2022-05-09 14:54:22-warn: Browserslist: caniuse-lite is outdated. Please run:
npx browserslist@latest --update-db

Why you should do it regularly:
https://github.com/browserslist/browserslist#browsers-data-updating
2022-05-09 14:54:23-log: [Scene] Cocos Creator v3.4.2
2022-05-09 14:54:23-info: [Scene] Forward render pipeline initialized.
2022-05-22T09:32:26.430Z - log: [Package] menu@1.0.0 enable
2022-05-22T09:32:26.433Z - log: [Package] profile@1.0.0 enable
2022-05-22T09:32:26.448Z - log: [Package] project@1.0.2 enable
2022-05-22T09:32:26.455Z - log: [Package] messages@1.0.0 enable
2022-05-22T09:32:26.460Z - log: [Package] program@1.0.0 enable
2022-05-22T09:32:26.466Z - log: [Package] tester@1.0.0 enable
2022-05-22T09:32:26.472Z - log: [Package] preferences@1.0.0 enable
2022-05-22T09:32:27.229Z - log: Setup mods mgr.: 334.846ms
2022-05-22T09:32:27.233Z - log: Profile changed: engine (modules.includeModules: 2d,animation,audio,base,dragon-bones,gfx-webgl,intersection-2d,marionette,particle-2d,physics-2d-box2d,profiler,skeletal-animation,spine,tiled-map,tween,ui,video,webview)
2022-05-22T09:32:27.244Z - verbose: [Engine] QuickCompile engine (698ms)
2022-05-22T09:32:27.247Z - log: [Package] engine@1.0.6 enable
2022-05-22T09:32:28.288Z - log: [Package] programming@1.0.0 enable
2022-05-22T09:32:28.593Z - log: [Package] device@1.0.1 enable
2022-05-22T09:32:28.621Z - log: [Package] ui-kit@1.0.1 enable
2022-05-22T09:32:28.644Z - log: [Package] engine-extends@1.0.0 enable
2022-05-22T09:32:28.715Z - log: [Package] asset-db@1.0.0 enable
2022-05-22T09:32:28.760Z - log: [Package] scene@1.0.0 enable
2022-05-22T09:32:29.039Z - log: [Package] server@1.0.0 enable
2022-05-22T09:32:29.074Z - log: [Package] utils@1.0.0 enable
2022-05-22T09:32:35.191Z - log: [Package] preview@1.0.1 enable
2022-05-22T09:32:35.225Z - log: [Package] animator@1.0.0 enable
2022-05-22T09:32:35.389Z - log: 设置的 IP 地址不存在，将使用默认 IP
2022-05-22T09:32:36.701Z - log: [Package] builder@1.3.2 enable
2022-05-22T09:32:36.740Z - log: [Package] shortcuts@1.0.1 enable
2022-05-22T09:32:36.775Z - log: [Package] animation-graph@1.0.0 enable
2022-05-22T09:32:36.800Z - log: [Package] runtime-dev-tools@1.0.0 enable
2022-05-22T09:32:36.824Z - log: [Package] channel-upload-tools@1.0.0 enable
2022-05-22T09:32:36.860Z - log: [Package] about@1.0.0 enable
2022-05-22T09:32:36.902Z - log: [Package] assets@1.0.0 enable
2022-05-22T09:32:36.946Z - log: [Package] console@1.0.0 enable
2022-05-22T09:32:37.288Z - log: [Package] extension@3.0.16 enable
2022-05-22T09:32:37.355Z - log: [Package] hierarchy@1.0.0 enable
2022-05-22T09:32:37.436Z - log: [Package] inspector@1.0.0 enable
2022-05-22T09:32:37.520Z - log: [Package] lightmap@1.0.4 enable
2022-05-22T09:32:37.645Z - log: [Package] node-library@1.0.1 enable
2022-05-22T09:32:37.670Z - log: [Package] package-asset@1.0.0 enable
2022-05-22T09:32:37.717Z - log: [Package] process@1.0.0 enable
2022-05-22T09:32:37.751Z - log: [Package] reference-image@1.0.0 enable
2022-05-22T09:32:37.774Z - log: [Package] alipay-mini-game@1.0.0 enable
2022-05-22T09:32:37.803Z - log: [Package] android@1.0.0 enable
2022-05-22T09:32:37.831Z - log: [Package] baidu-mini-game@1.0.0 enable
2022-05-22T09:32:37.856Z - log: [Package] bytedance-mini-game@1.0.1 enable
2022-05-22T09:32:37.882Z - log: [Package] cocos-play@1.0.0 enable
2022-05-22T09:32:37.913Z - log: [Package] huawei-agc@1.0.0 enable
2022-05-22T09:32:37.940Z - log: [Package] huawei-quick-game@1.0.0 enable
2022-05-22T09:32:39.543Z - log: [Package] ios@1.0.0 enable
2022-05-22T09:32:39.568Z - log: [Package] ios-app-clip@1.0.0 enable
2022-05-22T09:32:39.593Z - log: [Package] link-sure@1.0.0 enable
2022-05-22T09:32:39.618Z - log: [Package] linux@1.0.0 enable
2022-05-22T09:32:39.646Z - log: [Package] mac@1.0.0 enable
2022-05-22T09:32:39.883Z - log: [Package] native@1.0.0 enable
2022-05-22T09:32:39.890Z - verbose: [AssetDB] Require engine code (3396ms)
2022-05-22T09:32:39.913Z - log: [Package] ohos@1.0.0 enable
2022-05-22T09:32:39.948Z - log: [Package] open-harmonyos@1.0.0 enable
2022-05-22T09:32:39.979Z - log: [Package] oppo-mini-game@1.0.0 enable
2022-05-22T09:32:40.010Z - log: [Package] qtt@1.0.0 enable
2022-05-22T09:32:40.036Z - log: [Package] vivo-mini-game@1.0.0 enable
2022-05-22T09:32:40.080Z - log: [Package] web-desktop@1.0.0 enable
2022-05-22T09:32:40.125Z - log: [Package] web-mobile@1.0.0 enable
2022-05-22T09:32:40.231Z - log: [Package] wechatgame@1.0.1 enable
2022-05-22T09:32:40.259Z - log: [Package] windows@1.0.0 enable
2022-05-22T09:32:40.282Z - log: [Package] xiaomi-quick-game@1.0.0 enable
2022-05-22T09:32:40.812Z - log: [Package] cocos-service@3.0.3 enable
2022-05-22T09:32:40.919Z - log: [Package] importer@1.0.0 enable
2022-05-22T09:32:41.284Z - log: [Im-plugin] Check im-plugin version.
2022-05-22T09:32:41.297Z - log: [Package] im-plugin@3.0.8 enable
2022-05-22T09:32:42.100Z - log: [Im-plugin] No online info of im-plugin.
2022-05-22T09:32:42.904Z - log: 设置的 IP 地址不存在，将使用默认 IP
2022-05-22T09:32:58.149Z - verbose: [Scene] Require engine code (0ms)
2022-05-22T09:32:58.150Z - verbose: [Scene] Startup engine (0ms)
2022-05-22T09:32:58.183Z - log: [Scene] Cocos Creator v3.5.0
2022-05-22T09:32:58.656Z - verbose: [Scene] Open engine (506ms)
2022-05-22T09:32:58.656Z - verbose: [Scene] Configure engine (0ms)
2022-05-22T09:32:58.371Z - info: [Scene] Forward render pipeline initialized.
2022-05-22T09:34:01.929Z - warn: Metrics: no valid info
2022-05-22T09:34:09.768Z - log: [Package] menu@1.0.0 enable
2022-05-22T09:34:09.772Z - log: [Package] profile@1.0.0 enable
2022-05-22T09:34:09.784Z - log: [Package] project@1.0.2 enable
2022-05-22T09:34:09.791Z - log: [Package] messages@1.0.0 enable
2022-05-22T09:34:09.795Z - log: [Package] program@1.0.0 enable
2022-05-22T09:34:09.801Z - log: [Package] tester@1.0.0 enable
2022-05-22T09:34:09.807Z - log: [Package] preferences@1.0.0 enable
2022-05-22T09:34:10.575Z - log: Setup mods mgr.: 345.355ms
2022-05-22T09:34:10.581Z - log: Profile changed: engine (modules.includeModules: 2d,animation,audio,base,dragon-bones,gfx-webgl,intersection-2d,marionette,particle-2d,physics-2d-box2d,profiler,skeletal-animation,spine,tiled-map,tween,ui,video,webview)
2022-05-22T09:34:10.589Z - verbose: [Engine] QuickCompile engine (722ms)
2022-05-22T09:34:10.593Z - log: [Package] engine@1.0.6 enable
2022-05-22T09:34:11.541Z - log: [Package] programming@1.0.0 enable
2022-05-22T09:34:11.854Z - log: [Package] device@1.0.1 enable
2022-05-22T09:34:11.885Z - log: [Package] ui-kit@1.0.1 enable
2022-05-22T09:34:11.921Z - log: [Package] engine-extends@1.0.0 enable
2022-05-22T09:34:11.985Z - log: [Package] asset-db@1.0.0 enable
2022-05-22T09:34:12.028Z - log: [Package] scene@1.0.0 enable
2022-05-22T09:34:12.308Z - log: [Package] server@1.0.0 enable
2022-05-22T09:34:12.340Z - log: [Package] utils@1.0.0 enable
2022-05-22T09:34:16.759Z - log: [Package] preview@1.0.1 enable
2022-05-22T09:34:16.792Z - log: [Package] animator@1.0.0 enable
2022-05-22T09:34:16.924Z - log: 设置的 IP 地址不存在，将使用默认 IP
2022-05-22T09:34:18.010Z - log: [Package] builder@1.3.2 enable
2022-05-22T09:34:18.047Z - log: [Package] shortcuts@1.0.1 enable
2022-05-22T09:34:18.090Z - log: [Package] animation-graph@1.0.0 enable
2022-05-22T09:34:18.113Z - log: [Package] runtime-dev-tools@1.0.0 enable
2022-05-22T09:34:18.138Z - log: [Package] channel-upload-tools@1.0.0 enable
2022-05-22T09:34:18.175Z - log: [Package] about@1.0.0 enable
2022-05-22T09:34:18.209Z - log: [Package] assets@1.0.0 enable
2022-05-22T09:34:18.254Z - log: [Package] console@1.0.0 enable
2022-05-22T09:34:18.615Z - log: [Package] extension@3.0.16 enable
2022-05-22T09:34:18.653Z - log: [Package] hierarchy@1.0.0 enable
2022-05-22T09:34:18.718Z - log: [Package] inspector@1.0.0 enable
2022-05-22T09:34:18.762Z - log: [Package] lightmap@1.0.4 enable
2022-05-22T09:34:18.818Z - log: [Package] node-library@1.0.1 enable
2022-05-22T09:34:18.854Z - log: [Package] package-asset@1.0.0 enable
2022-05-22T09:34:18.892Z - log: [Package] process@1.0.0 enable
2022-05-22T09:34:18.935Z - log: [Package] reference-image@1.0.0 enable
2022-05-22T09:34:18.968Z - log: [Package] alipay-mini-game@1.0.0 enable
2022-05-22T09:34:19.003Z - log: [Package] android@1.0.0 enable
2022-05-22T09:34:19.039Z - log: [Package] baidu-mini-game@1.0.0 enable
2022-05-22T09:34:19.070Z - log: [Package] bytedance-mini-game@1.0.1 enable
2022-05-22T09:34:19.100Z - log: [Package] cocos-play@1.0.0 enable
2022-05-22T09:34:19.128Z - log: [Package] huawei-agc@1.0.0 enable
2022-05-22T09:34:19.157Z - log: [Package] huawei-quick-game@1.0.0 enable
2022-05-22T09:34:20.546Z - log: [Package] ios@1.0.0 enable
2022-05-22T09:34:20.629Z - log: [Package] ios-app-clip@1.0.0 enable
2022-05-22T09:34:20.658Z - log: [Package] link-sure@1.0.0 enable
2022-05-22T09:34:20.690Z - log: [Package] linux@1.0.0 enable
2022-05-22T09:34:20.727Z - log: [Package] mac@1.0.0 enable
2022-05-22T09:34:20.848Z - log: [Package] native@1.0.0 enable
2022-05-22T09:34:20.870Z - verbose: [AssetDB] Require engine code (3082ms)
2022-05-22T09:34:20.875Z - log: [Package] ohos@1.0.0 enable
2022-05-22T09:34:20.902Z - log: [Package] open-harmonyos@1.0.0 enable
2022-05-22T09:34:20.941Z - log: [Package] oppo-mini-game@1.0.0 enable
2022-05-22T09:34:20.970Z - log: [Package] qtt@1.0.0 enable
2022-05-22T09:34:21.005Z - log: [Package] vivo-mini-game@1.0.0 enable
2022-05-22T09:34:21.057Z - log: [Package] web-desktop@1.0.0 enable
2022-05-22T09:34:21.131Z - log: [Package] web-mobile@1.0.0 enable
2022-05-22T09:34:21.187Z - log: [Package] wechatgame@1.0.1 enable
2022-05-22T09:34:21.217Z - log: [Package] windows@1.0.0 enable
2022-05-22T09:34:21.247Z - log: [Package] xiaomi-quick-game@1.0.0 enable
2022-05-22T09:34:21.600Z - log: [Package] cocos-service@3.0.3 enable
2022-05-22T09:34:21.767Z - log: [Package] importer@1.0.0 enable
2022-05-22T09:34:22.401Z - log: [Im-plugin] Check im-plugin version.
2022-05-22T09:34:22.418Z - log: [Package] im-plugin@3.0.8 enable
2022-05-22T09:34:23.470Z - log: [Im-plugin] No online info of im-plugin.
2022-05-22T09:34:24.895Z - log: 设置的 IP 地址不存在，将使用默认 IP
2022-05-22T09:34:32.004Z - warn: Metrics: no valid info
