2022-05-23T03:28:12.929Z - log: [Package] menu@1.0.0 enable
2022-05-23T03:28:12.932Z - log: [Package] profile@1.0.0 enable
2022-05-23T03:28:12.949Z - log: [Package] project@1.0.2 enable
2022-05-23T03:28:12.958Z - log: [Package] messages@1.0.0 enable
2022-05-23T03:28:12.965Z - log: [Package] program@1.0.0 enable
2022-05-23T03:28:12.972Z - log: [Package] tester@1.0.0 enable
2022-05-23T03:28:12.979Z - log: [Package] preferences@1.0.0 enable
2022-05-23T03:28:13.814Z - log: Setup mods mgr.: 364.738ms
2022-05-23T03:28:13.831Z - verbose: [Engine] QuickCompile engine (770ms)
2022-05-23T03:28:13.834Z - log: [Package] engine@1.0.6 enable
2022-05-23T03:28:14.841Z - log: [Package] programming@1.0.0 enable
2022-05-23T03:28:15.163Z - log: [Package] device@1.0.1 enable
2022-05-23T03:28:15.193Z - log: [Package] ui-kit@1.0.1 enable
2022-05-23T03:28:15.222Z - log: [Package] engine-extends@1.0.0 enable
2022-05-23T03:28:15.295Z - log: [Package] asset-db@1.0.0 enable
2022-05-23T03:28:15.351Z - log: [Package] scene@1.0.0 enable
2022-05-23T03:28:15.663Z - log: [Package] server@1.0.0 enable
2022-05-23T03:28:15.709Z - log: [Package] utils@1.0.0 enable
2022-05-23T03:28:20.877Z - log: [Package] preview@1.0.1 enable
2022-05-23T03:28:20.912Z - log: [Package] animator@1.0.0 enable
2022-05-23T03:28:21.227Z - log: 设置的 IP 地址不存在，将使用默认 IP
2022-05-23T03:28:22.365Z - log: [Package] builder@1.3.2 enable
2022-05-23T03:28:22.408Z - log: [Package] shortcuts@1.0.1 enable
2022-05-23T03:28:22.442Z - log: [Package] animation-graph@1.0.0 enable
2022-05-23T03:28:22.465Z - log: [Package] runtime-dev-tools@1.0.0 enable
2022-05-23T03:28:22.490Z - log: [Package] channel-upload-tools@1.0.0 enable
2022-05-23T03:28:22.531Z - log: [Package] about@1.0.0 enable
2022-05-23T03:28:22.571Z - log: [Package] assets@1.0.0 enable
2022-05-23T03:28:22.608Z - log: [Package] console@1.0.0 enable
2022-05-23T03:28:22.985Z - log: [Package] extension@3.0.16 enable
2022-05-23T03:28:23.046Z - log: [Package] hierarchy@1.0.0 enable
2022-05-23T03:28:23.086Z - log: [Package] inspector@1.0.0 enable
2022-05-23T03:28:23.141Z - log: [Package] lightmap@1.0.4 enable
2022-05-23T03:28:23.239Z - log: [Package] node-library@1.0.1 enable
2022-05-23T03:28:23.264Z - log: [Package] package-asset@1.0.0 enable
2022-05-23T03:28:23.307Z - log: [Package] process@1.0.0 enable
2022-05-23T03:28:23.355Z - log: [Package] reference-image@1.0.0 enable
2022-05-23T03:28:23.381Z - log: [Package] alipay-mini-game@1.0.0 enable
2022-05-23T03:28:23.416Z - log: [Package] android@1.0.0 enable
2022-05-23T03:28:23.445Z - log: [Package] baidu-mini-game@1.0.0 enable
2022-05-23T03:28:23.475Z - log: [Package] bytedance-mini-game@1.0.1 enable
2022-05-23T03:28:23.502Z - log: [Package] cocos-play@1.0.0 enable
2022-05-23T03:28:23.528Z - log: [Package] huawei-agc@1.0.0 enable
2022-05-23T03:28:23.557Z - log: [Package] huawei-quick-game@1.0.0 enable
2022-05-23T03:28:25.026Z - log: [Package] ios@1.0.0 enable
2022-05-23T03:28:25.052Z - log: [Package] ios-app-clip@1.0.0 enable
2022-05-23T03:28:25.078Z - log: [Package] link-sure@1.0.0 enable
2022-05-23T03:28:25.104Z - log: [Package] linux@1.0.0 enable
2022-05-23T03:28:25.133Z - log: [Package] mac@1.0.0 enable
2022-05-23T03:28:25.345Z - log: [Package] native@1.0.0 enable
2022-05-23T03:28:25.365Z - verbose: [AssetDB] Require engine code (3194ms)
2022-05-23T03:28:25.379Z - log: [Package] ohos@1.0.0 enable
2022-05-23T03:28:25.410Z - log: [Package] open-harmonyos@1.0.0 enable
2022-05-23T03:28:25.443Z - log: [Package] oppo-mini-game@1.0.0 enable
2022-05-23T03:28:25.477Z - log: [Package] qtt@1.0.0 enable
2022-05-23T03:28:25.512Z - log: [Package] vivo-mini-game@1.0.0 enable
2022-05-23T03:28:25.562Z - log: [Package] web-desktop@1.0.0 enable
2022-05-23T03:28:25.606Z - log: [Package] web-mobile@1.0.0 enable
2022-05-23T03:28:25.647Z - log: [Package] wechatgame@1.0.1 enable
2022-05-23T03:28:25.672Z - log: [Package] windows@1.0.0 enable
2022-05-23T03:28:25.697Z - log: [Package] xiaomi-quick-game@1.0.0 enable
2022-05-23T03:28:26.068Z - log: [Package] cocos-service@3.0.3 enable
2022-05-23T03:28:26.107Z - log: [Package] importer@1.0.0 enable
2022-05-23T03:28:26.628Z - log: [Im-plugin] Check im-plugin version.
2022-05-23T03:28:26.692Z - log: [Package] im-plugin@3.0.8 enable
2022-05-23T03:28:28.074Z - log: [Im-plugin] No online info of im-plugin.
2022-05-23T03:28:28.194Z - log: 设置的 IP 地址不存在，将使用默认 IP
2022-05-23T03:28:40.384Z - verbose: [Scene] Require engine code (0ms)
2022-05-23T03:28:40.390Z - verbose: [Scene] Startup engine (3ms)
2022-05-23T03:28:40.472Z - log: [Scene] Cocos Creator v3.5.0
2022-05-23T03:28:40.831Z - verbose: [Scene] Open engine (442ms)
2022-05-23T03:28:40.831Z - verbose: [Scene] Configure engine (1ms)
2022-05-23T03:28:40.564Z - info: [Scene] Forward render pipeline initialized.
2022-05-23T03:30:04.203Z - warn: Metrics: no valid info
