2022-05-09 14:37:29-log: [Package] menu@1.0.0 enable
2022-05-09 14:37:29-log: [Package] profile@1.0.0 enable
2022-05-09 14:37:29-log: [Package] project@1.0.1 enable
2022-05-09 14:37:29-log: [Package] messages@1.0.0 enable
2022-05-09 14:37:29-log: [Package] program@1.0.0 enable
2022-05-09 14:37:29-log: [Package] device@1.0.1 enable
2022-05-09 14:37:29-log: [Package] ui-kit@1.0.1 enable
2022-05-09 14:37:29-log: [Package] tester@1.0.0 enable
2022-05-09 14:37:29-log: [Package] preferences@1.0.0 enable
2022-05-09 14:37:29-log: Setup mods mgr.: 321.441ms
2022-05-09 14:37:29-log: Profile changed: engine (modules.includeModules: 2d,3d,audio,base,dragon-bones,gfx-webgl,gfx-webgl2,intersection-2d,marionette,particle,particle-2d,physics-2d-box2d,physics-ammo,primitive,profiler,spine,terrain,tiled-map,tween,ui,video,webview)
2022-05-09 14:37:29-log: [Package] engine@1.0.5 enable
2022-05-09 14:37:32-log: [Package] programming@1.0.0 enable
2022-05-09 14:37:32-log: [Package] Profile Migrate: builder@Cocos Creator...
2022-05-09 14:37:32-log: [Package] Profile Migrate: builder@Cocos Creator...
2022-05-09 14:37:33-log: [Package] engine-extends@1.0.0 enable
2022-05-09 14:37:33-log: [Package] asset-db@1.0.0 enable
2022-05-09 14:37:33-log: [Package] console@1.0.0 enable
2022-05-09 14:37:33-log: [Package] scene@1.0.0 enable
2022-05-09 14:37:33-log: [Package] about@1.0.0 enable
2022-05-09 14:37:33-log: [Package] server@1.0.0 enable
2022-05-09 14:37:33-log: [Package] utils@1.0.0 enable
2022-05-09 14:37:33-log: [Package] assets@1.0.0 enable
2022-05-09 14:37:33-log: [Package] inspector@1.0.0 enable
2022-05-09 14:37:33-log: [Package] hierarchy@1.0.0 enable
2022-05-09 14:37:36-log: 设置的 IP 地址不存在，将使用默认 IP
2022-05-09 14:37:37-log: [Package] builder@1.3.1 enable
2022-05-09 14:37:37-log: [Package] node-library@1.0.0 enable
2022-05-09 14:37:37-log: [Package] shortcuts@1.0.1 enable
2022-05-09 14:37:37-log: [Package] package-asset@1.0.0 enable
2022-05-09 14:37:37-log: [Package] reference-image@1.0.0 enable
2022-05-09 14:37:37-log: [Package] animation-graph@1.0.0 enable
2022-05-09 14:37:37-log: [Package] channel-upload-tools@1.0.0 enable
2022-05-09 14:37:37-log: [Package] runtime-dev-tools@1.0.0 enable
2022-05-09 14:37:37-log: [Package] lightmap@1.0.4 enable
2022-05-09 14:37:37-log: [Package] alipay-mini-game@1.0.0 enable
2022-05-09 14:37:37-log: [Package] android@1.0.0 enable
2022-05-09 14:37:37-log: [Package] baidu-mini-game@1.0.0 enable
2022-05-09 14:37:37-log: [Package] bytedance-mini-game@1.0.1 enable
2022-05-09 14:37:37-log: [Package] huawei-agc@1.0.0 enable
2022-05-09 14:37:39-log: [Package] ios@1.0.0 enable
2022-05-09 14:37:39-log: [Package] ios-app-clip@1.0.0 enable
2022-05-09 14:37:39-log: [Package] mac@1.0.0 enable
2022-05-09 14:37:39-log: [Package] native@1.0.0 enable
2022-05-09 14:37:39-log: [Package] ohos@1.0.0 enable
2022-05-09 14:37:39-log: [Package] web-desktop@1.0.0 enable
2022-05-09 14:37:39-log: [Package] web-mobile@1.0.0 enable
2022-05-09 14:37:39-log: [Package] wechatgame@1.0.1 enable
2022-05-09 14:37:39-log: [Package] windows@1.0.0 enable
2022-05-09 14:37:39-log: [Package] xiaomi-quick-game@1.0.0 enable
2022-05-09 14:37:39-log: [Package] cocos-play@1.0.0 enable
2022-05-09 14:37:39-log: [Package] huawei-quick-game@1.0.0 enable
2022-05-09 14:37:39-log: [Package] link-sure@1.0.0 enable
2022-05-09 14:37:39-log: [Package] oppo-mini-game@1.0.0 enable
2022-05-09 14:37:39-log: [Package] qtt@1.0.0 enable
2022-05-09 14:37:39-log: [Package] vivo-mini-game@1.0.0 enable
2022-05-09 14:37:40-log: [Package] cocos-service@3.0.2 enable
2022-05-09 14:37:40-log: [Package] importer@1.0.0 enable
2022-05-09 14:37:41-log: [Package] extension@3.0.15 enable
2022-05-09 14:37:41-log: [Im-plugin] Check im-plugin version.
2022-05-09 14:37:41-log: [Package] im-plugin@3.0.8 enable
2022-05-09 14:37:42-log: 设置的 IP 地址不存在，将使用默认 IP
2022-05-09 14:37:43-log: [Im-plugin] No online info of im-plugin.
2022-05-09 14:37:49-warn: Browserslist: caniuse-lite is outdated. Please run:
npx browserslist@latest --update-db

Why you should do it regularly:
https://github.com/browserslist/browserslist#browsers-data-updating
2022-05-09 14:37:50-log: [Scene] Cocos Creator v3.4.2
2022-05-09 14:37:50-warn: [Scene] 'macro.KEY' is deprecated. (please use KeyCode instead)
2022-05-09 14:37:50-warn: [Scene] 'macro.KEY.shift' is deprecated. (please use KeyCode.SHIFT_LEFT instead)
2022-05-09 14:37:50-info: [Scene] Forward render pipeline initialized.
2022-05-09 14:37:51-warn: [Scene] 'macro.KEY' is deprecated. (please use KeyCode instead)
2022-05-09 14:37:51-warn: [Scene] 'macro.KEY.shift' is deprecated. (please use KeyCode.SHIFT_LEFT instead)
2022-06-01T10:03:41.368Z - log: [Package] menu@1.0.0 enable
2022-06-01T10:03:41.371Z - log: [Package] profile@1.0.0 enable
2022-06-01T10:03:41.387Z - log: [Package] project@1.0.2 enable
2022-06-01T10:03:41.394Z - log: [Package] messages@1.0.0 enable
2022-06-01T10:03:41.399Z - log: [Package] program@1.0.0 enable
2022-06-01T10:03:41.405Z - log: [Package] tester@1.0.0 enable
2022-06-01T10:03:41.413Z - log: [Package] preferences@1.0.0 enable
2022-06-01T10:03:42.166Z - log: Setup mods mgr.: 342.017ms
2022-06-01T10:03:42.179Z - verbose: [Engine] QuickCompile engine (700ms)
2022-06-01T10:03:42.182Z - log: [Package] engine@1.0.6 enable
2022-06-01T10:03:43.035Z - log: [Package] programming@1.0.0 enable
2022-06-01T10:03:43.334Z - log: [Package] device@1.0.1 enable
2022-06-01T10:03:43.359Z - log: [Package] ui-kit@1.0.1 enable
2022-06-01T10:03:43.383Z - log: [Package] engine-extends@1.0.0 enable
2022-06-01T10:03:43.445Z - log: [Package] asset-db@1.0.0 enable
2022-06-01T10:03:43.487Z - log: [Package] scene@1.0.0 enable
2022-06-01T10:03:43.720Z - log: [Package] server@1.0.0 enable
2022-06-01T10:03:43.764Z - log: [Package] utils@1.0.0 enable
2022-06-01T10:03:48.388Z - log: [Package] preview@1.0.1 enable
2022-06-01T10:03:48.435Z - log: [Package] animator@1.0.0 enable
2022-06-01T10:03:48.604Z - log: 设置的 IP 地址不存在，将使用默认 IP
2022-06-01T10:03:49.769Z - log: [Package] builder@1.3.2 enable
2022-06-01T10:03:49.812Z - log: [Package] shortcuts@1.0.1 enable
2022-06-01T10:03:49.847Z - log: [Package] animation-graph@1.0.0 enable
2022-06-01T10:03:49.877Z - log: [Package] runtime-dev-tools@1.0.0 enable
2022-06-01T10:03:49.903Z - log: [Package] channel-upload-tools@1.0.0 enable
2022-06-01T10:03:49.948Z - log: [Package] about@1.0.0 enable
2022-06-01T10:03:49.989Z - log: [Package] assets@1.0.0 enable
2022-06-01T10:03:50.035Z - log: [Package] console@1.0.0 enable
2022-06-01T10:03:50.348Z - log: [Package] extension@3.0.16 enable
2022-06-01T10:03:50.395Z - log: [Package] hierarchy@1.0.0 enable
2022-06-01T10:03:50.466Z - log: [Package] inspector@1.0.0 enable
2022-06-01T10:03:50.530Z - log: [Package] lightmap@1.0.4 enable
2022-06-01T10:03:50.603Z - log: [Package] node-library@1.0.1 enable
2022-06-01T10:03:50.638Z - log: [Package] package-asset@1.0.0 enable
2022-06-01T10:03:50.728Z - log: [Package] process@1.0.0 enable
2022-06-01T10:03:50.779Z - log: [Package] reference-image@1.0.0 enable
2022-06-01T10:03:50.804Z - log: [Package] alipay-mini-game@1.0.0 enable
2022-06-01T10:03:50.828Z - log: [Package] android@1.0.0 enable
2022-06-01T10:03:50.856Z - log: [Package] baidu-mini-game@1.0.0 enable
2022-06-01T10:03:50.885Z - log: [Package] bytedance-mini-game@1.0.1 enable
2022-06-01T10:03:50.908Z - log: [Package] cocos-play@1.0.0 enable
2022-06-01T10:03:50.935Z - log: [Package] huawei-agc@1.0.0 enable
2022-06-01T10:03:50.960Z - log: [Package] huawei-quick-game@1.0.0 enable
2022-06-01T10:03:52.231Z - log: [Package] ios@1.0.0 enable
2022-06-01T10:03:52.257Z - log: [Package] ios-app-clip@1.0.0 enable
2022-06-01T10:03:52.282Z - log: [Package] link-sure@1.0.0 enable
2022-06-01T10:03:52.308Z - log: [Package] linux@1.0.0 enable
2022-06-01T10:03:52.337Z - log: [Package] mac@1.0.0 enable
2022-06-01T10:03:52.458Z - log: [Package] native@1.0.0 enable
2022-06-01T10:03:52.480Z - verbose: [AssetDB] Require engine code (2905ms)
2022-06-01T10:03:52.497Z - log: [Package] ohos@1.0.0 enable
2022-06-01T10:03:52.545Z - log: [Package] open-harmonyos@1.0.0 enable
2022-06-01T10:03:52.571Z - log: [Package] oppo-mini-game@1.0.0 enable
2022-06-01T10:03:52.602Z - log: [Package] qtt@1.0.0 enable
2022-06-01T10:03:52.631Z - log: [Package] vivo-mini-game@1.0.0 enable
2022-06-01T10:03:52.674Z - log: [Package] web-desktop@1.0.0 enable
2022-06-01T10:03:52.711Z - log: [Package] web-mobile@1.0.0 enable
2022-06-01T10:03:52.748Z - log: [Package] wechatgame@1.0.1 enable
2022-06-01T10:03:52.774Z - log: [Package] windows@1.0.0 enable
2022-06-01T10:03:52.802Z - log: [Package] xiaomi-quick-game@1.0.0 enable
2022-06-01T10:03:53.086Z - log: [Package] cocos-service@3.0.3 enable
2022-06-01T10:03:53.142Z - log: [Package] importer@1.0.0 enable
2022-06-01T10:03:53.606Z - log: [Im-plugin] Check im-plugin version.
2022-06-01T10:03:53.621Z - log: [Package] im-plugin@3.0.8 enable
2022-06-01T10:03:54.933Z - log: 设置的 IP 地址不存在，将使用默认 IP
2022-06-01T10:03:55.367Z - log: [Im-plugin] No online info of im-plugin.
2022-06-01T10:04:08.193Z - verbose: [Scene] Require engine code (1ms)
2022-06-01T10:04:08.201Z - verbose: [Scene] Startup engine (4ms)
2022-06-01T10:04:08.242Z - log: [Scene] Cocos Creator v3.5.1
2022-06-01T10:04:08.328Z - warn: [Scene] 'macro.KEY' is deprecated. (please use KeyCode instead)Error: [Scene] 'macro.KEY' is deprecated. (please use KeyCode instead)
    at warn (/Applications/CocosCreator/Creator/3.5.1/CocosCreator.app/Contents/Resources/resources/3d/engine/bin/.cache/dev/editor/bundled/index.js:139072:10)
    at markAsWarningLog (/Applications/CocosCreator/Creator/3.5.1/CocosCreator.app/Contents/Resources/resources/3d/engine/bin/.cache/dev/editor/bundled/index.js:164006:5)
    at Object.get (/Applications/CocosCreator/Creator/3.5.1/CocosCreator.app/Contents/Resources/resources/3d/engine/bin/.cache/dev/editor/bundled/index.js:164066:13)
    at Object.execute (file:///Users/mu/work/gitee/cocos-creator-how-to-use/proj/Particle/Creator3.5.1_3D_ParticleRotation/temp/programming/packer-driver/targets/editor/chunks/fa/fa9feef0d0cd878f282cfee58b8f675eabd9c3d5.js:48:22)
    at doExec (/Applications/CocosCreator/Creator/3.5.1/CocosCreator.app/Contents/Resources/app.asar/node_modules/@editor/lib-programming/static/executor/systemjs-bridge/out/index.js:487:32)
    at postOrderExec (/Applications/CocosCreator/Creator/3.5.1/CocosCreator.app/Contents/Resources/app.asar/node_modules/@editor/lib-programming/static/executor/systemjs-bridge/out/index.js:483:10)
    at /Applications/CocosCreator/Creator/3.5.1/CocosCreator.app/Contents/Resources/app.asar/node_modules/@editor/lib-programming/static/executor/systemjs-bridge/out/index.js:440:12
2022-06-01T10:04:08.328Z - warn: [Scene] 'macro.KEY.shift' is deprecated. (please use KeyCode.SHIFT_LEFT instead)Error: [Scene] 'macro.KEY.shift' is deprecated. (please use KeyCode.SHIFT_LEFT instead)
    at warn (/Applications/CocosCreator/Creator/3.5.1/CocosCreator.app/Contents/Resources/resources/3d/engine/bin/.cache/dev/editor/bundled/index.js:139072:10)
    at markAsWarningLog (/Applications/CocosCreator/Creator/3.5.1/CocosCreator.app/Contents/Resources/resources/3d/engine/bin/.cache/dev/editor/bundled/index.js:164006:5)
    at Object.get (/Applications/CocosCreator/Creator/3.5.1/CocosCreator.app/Contents/Resources/resources/3d/engine/bin/.cache/dev/editor/bundled/index.js:164066:13)
    at Object.execute (file:///Users/mu/work/gitee/cocos-creator-how-to-use/proj/Particle/Creator3.5.1_3D_ParticleRotation/temp/programming/packer-driver/targets/editor/chunks/fa/fa9feef0d0cd878f282cfee58b8f675eabd9c3d5.js:48:26)
    at doExec (/Applications/CocosCreator/Creator/3.5.1/CocosCreator.app/Contents/Resources/app.asar/node_modules/@editor/lib-programming/static/executor/systemjs-bridge/out/index.js:487:32)
    at postOrderExec (/Applications/CocosCreator/Creator/3.5.1/CocosCreator.app/Contents/Resources/app.asar/node_modules/@editor/lib-programming/static/executor/systemjs-bridge/out/index.js:483:10)
    at /Applications/CocosCreator/Creator/3.5.1/CocosCreator.app/Contents/Resources/app.asar/node_modules/@editor/lib-programming/static/executor/systemjs-bridge/out/index.js:440:12
2022-06-01T10:04:08.546Z - verbose: [Scene] Open engine (349ms)
2022-06-01T10:04:08.547Z - verbose: [Scene] Configure engine (0ms)
2022-06-01T10:04:08.338Z - info: [Scene] Forward render pipeline initialized.
2022-06-01T10:04:09.165Z - warn: [Scene] 'macro.KEY' is deprecated. (please use KeyCode instead)Error: [Scene] 'macro.KEY' is deprecated. (please use KeyCode instead)
    at warn (/Applications/CocosCreator/Creator/3.5.1/CocosCreator.app/Contents/Resources/resources/3d/engine/bin/.cache/dev/editor/bundled/index.js:139072:10)
    at markAsWarningLog (/Applications/CocosCreator/Creator/3.5.1/CocosCreator.app/Contents/Resources/resources/3d/engine/bin/.cache/dev/editor/bundled/index.js:164006:5)
    at Object.get (/Applications/CocosCreator/Creator/3.5.1/CocosCreator.app/Contents/Resources/resources/3d/engine/bin/.cache/dev/editor/bundled/index.js:164066:13)
    at Object.execute (file:///Users/mu/work/gitee/cocos-creator-how-to-use/proj/Particle/Creator3.5.1_3D_ParticleRotation/temp/programming/packer-driver/targets/editor/chunks/fa/fa9feef0d0cd878f282cfee58b8f675eabd9c3d5.js:48:22)
    at doExec (/Applications/CocosCreator/Creator/3.5.1/CocosCreator.app/Contents/Resources/app.asar/node_modules/@editor/lib-programming/static/executor/systemjs-bridge/out/index.js:487:32)
    at postOrderExec (/Applications/CocosCreator/Creator/3.5.1/CocosCreator.app/Contents/Resources/app.asar/node_modules/@editor/lib-programming/static/executor/systemjs-bridge/out/index.js:483:10)
    at /Applications/CocosCreator/Creator/3.5.1/CocosCreator.app/Contents/Resources/app.asar/node_modules/@editor/lib-programming/static/executor/systemjs-bridge/out/index.js:440:12
2022-06-01T10:04:09.165Z - warn: [Scene] 'macro.KEY.shift' is deprecated. (please use KeyCode.SHIFT_LEFT instead)Error: [Scene] 'macro.KEY.shift' is deprecated. (please use KeyCode.SHIFT_LEFT instead)
    at warn (/Applications/CocosCreator/Creator/3.5.1/CocosCreator.app/Contents/Resources/resources/3d/engine/bin/.cache/dev/editor/bundled/index.js:139072:10)
    at markAsWarningLog (/Applications/CocosCreator/Creator/3.5.1/CocosCreator.app/Contents/Resources/resources/3d/engine/bin/.cache/dev/editor/bundled/index.js:164006:5)
    at Object.get (/Applications/CocosCreator/Creator/3.5.1/CocosCreator.app/Contents/Resources/resources/3d/engine/bin/.cache/dev/editor/bundled/index.js:164066:13)
    at Object.execute (file:///Users/mu/work/gitee/cocos-creator-how-to-use/proj/Particle/Creator3.5.1_3D_ParticleRotation/temp/programming/packer-driver/targets/editor/chunks/fa/fa9feef0d0cd878f282cfee58b8f675eabd9c3d5.js:48:26)
    at doExec (/Applications/CocosCreator/Creator/3.5.1/CocosCreator.app/Contents/Resources/app.asar/node_modules/@editor/lib-programming/static/executor/systemjs-bridge/out/index.js:487:32)
    at postOrderExec (/Applications/CocosCreator/Creator/3.5.1/CocosCreator.app/Contents/Resources/app.asar/node_modules/@editor/lib-programming/static/executor/systemjs-bridge/out/index.js:483:10)
    at /Applications/CocosCreator/Creator/3.5.1/CocosCreator.app/Contents/Resources/app.asar/node_modules/@editor/lib-programming/static/executor/systemjs-bridge/out/index.js:440:12
2022-06-01T10:04:47.551Z - warn: Metrics: no valid info
2022-06-01T10:04:47.563Z - error: Error occurred in handler for 'GUEST_VIEW_MANAGER_CALL': Error: Invalid guestInstanceId: 6
    at getGuestForWebContents (electron/js2c/browser_init.js:181:6307)
    at electron/js2c/browser_init.js:181:5372
    at electron/js2c/browser_init.js:181:1637
    at electron/js2c/browser_init.js:197:579
    at Object.<anonymous> (electron/js2c/browser_init.js:161:9782)
    at Object.emit (events.js:315:20)
