2022-05-09 15:27:34-log: [Package] menu@1.0.0 enable
2022-05-09 15:27:34-log: [Package] profile@1.0.0 enable
2022-05-09 15:27:34-log: [Package] project@1.0.1 enable
2022-05-09 15:27:34-log: [Package] messages@1.0.0 enable
2022-05-09 15:27:34-log: [Package] program@1.0.0 enable
2022-05-09 15:27:34-log: [Package] device@1.0.1 enable
2022-05-09 15:27:34-log: [Package] ui-kit@1.0.1 enable
2022-05-09 15:27:34-log: [Package] tester@1.0.0 enable
2022-05-09 15:27:34-log: [Package] preferences@1.0.0 enable
2022-05-09 15:27:35-log: Setup mods mgr.: 314.825ms
2022-05-09 15:27:35-log: Profile changed: engine (modules.includeModules: 2d,3d,audio,base,dragon-bones,gfx-webgl,gfx-webgl2,intersection-2d,marionette,particle,particle-2d,physics-2d-box2d,physics-ammo,primitive,profiler,spine,terrain,tiled-map,tween,ui,video,webview)
2022-05-09 15:27:35-log: [Package] engine@1.0.5 enable
2022-05-09 15:27:38-log: [Package] programming@1.0.0 enable
2022-05-09 15:27:38-log: [Package] Profile Migrate: builder@Cocos Creator...
2022-05-09 15:27:38-log: [Package] Profile Migrate: builder@Cocos Creator...
2022-05-09 15:27:38-log: [Package] engine-extends@1.0.0 enable
2022-05-09 15:27:38-log: [Package] asset-db@1.0.0 enable
2022-05-09 15:27:38-log: [Package] console@1.0.0 enable
2022-05-09 15:27:38-log: [Package] scene@1.0.0 enable
2022-05-09 15:27:38-log: [Package] about@1.0.0 enable
2022-05-09 15:27:39-log: [Package] server@1.0.0 enable
2022-05-09 15:27:39-log: [Package] utils@1.0.0 enable
2022-05-09 15:27:39-log: [Package] assets@1.0.0 enable
2022-05-09 15:27:41-log: [Package] preview@1.0.1 enable
2022-05-09 15:27:41-log: [Package] animator@1.0.0 enable
2022-05-09 15:27:42-log: 设置的 IP 地址不存在，将使用默认 IP
2022-05-09 15:27:43-log: Profile changed: builder (log.level: 4)
2022-05-09 15:27:43-log: [Package] builder@1.3.1 enable
2022-05-09 15:27:43-log: [Package] node-library@1.0.0 enable
2022-05-09 15:27:43-log: [Package] shortcuts@1.0.1 enable
2022-05-09 15:27:43-log: [Package] package-asset@1.0.0 enable
2022-05-09 15:27:43-log: [Package] reference-image@1.0.0 enable
2022-05-09 15:27:43-log: [Package] animation-graph@1.0.0 enable
2022-05-09 15:27:43-log: [Package] channel-upload-tools@1.0.0 enable
2022-05-09 15:27:43-log: [Package] runtime-dev-tools@1.0.0 enable
2022-05-09 15:27:43-log: [Package] lightmap@1.0.4 enable
2022-05-09 15:27:43-log: [Package] alipay-mini-game@1.0.0 enable
2022-05-09 15:27:43-log: [Package] android@1.0.0 enable
2022-05-09 15:27:43-log: [Package] baidu-mini-game@1.0.0 enable
2022-05-09 15:27:43-log: [Package] bytedance-mini-game@1.0.1 enable
2022-05-09 15:27:43-log: [Package] huawei-agc@1.0.0 enable
2022-05-09 15:27:44-log: [Package] ios@1.0.0 enable
2022-05-09 15:27:44-log: [Package] ios-app-clip@1.0.0 enable
2022-05-09 15:27:44-log: [Package] mac@1.0.0 enable
2022-05-09 15:27:45-log: [Package] native@1.0.0 enable
2022-05-09 15:27:45-log: [Package] ohos@1.0.0 enable
2022-05-09 15:27:45-log: [Package] web-desktop@1.0.0 enable
2022-05-09 15:27:45-log: [Package] web-mobile@1.0.0 enable
2022-05-09 15:27:45-log: [Package] wechatgame@1.0.1 enable
2022-05-09 15:27:45-log: [Package] windows@1.0.0 enable
2022-05-09 15:27:45-log: [Package] xiaomi-quick-game@1.0.0 enable
2022-05-09 15:27:45-log: [Package] cocos-play@1.0.0 enable
2022-05-09 15:27:45-log: [Package] huawei-quick-game@1.0.0 enable
2022-05-09 15:27:45-log: [Package] link-sure@1.0.0 enable
2022-05-09 15:27:45-log: [Package] oppo-mini-game@1.0.0 enable
2022-05-09 15:27:45-log: [Package] qtt@1.0.0 enable
2022-05-09 15:27:45-log: [Package] vivo-mini-game@1.0.0 enable
2022-05-09 15:27:46-log: [Package] cocos-service@3.0.2 enable
2022-05-09 15:27:46-log: [Package] importer@1.0.0 enable
2022-05-09 15:27:46-log: [Package] extension@3.0.15 enable
2022-05-09 15:27:47-log: [Im-plugin] Check im-plugin version.
2022-05-09 15:27:47-log: [Package] im-plugin@3.0.8 enable
2022-05-09 15:27:47-log: 设置的 IP 地址不存在，将使用默认 IP
2022-05-09 15:27:48-log: [Im-plugin] No online info of im-plugin.
2022-05-09 15:27:54-warn: Browserslist: caniuse-lite is outdated. Please run:
npx browserslist@latest --update-db

Why you should do it regularly:
https://github.com/browserslist/browserslist#browsers-data-updating
2022-05-09 15:27:55-log: [Scene] Cocos Creator v3.4.2
2022-05-09 15:27:56-info: [Scene] Forward render pipeline initialized.
2022-05-31T06:08:00.656Z - log: [Package] menu@1.0.0 enable
2022-05-31T06:08:00.659Z - log: [Package] profile@1.0.0 enable
2022-05-31T06:08:00.674Z - log: [Package] project@1.0.2 enable
2022-05-31T06:08:00.683Z - log: [Package] messages@1.0.0 enable
2022-05-31T06:08:00.688Z - log: [Package] program@1.0.0 enable
2022-05-31T06:08:00.695Z - log: [Package] tester@1.0.0 enable
2022-05-31T06:08:00.705Z - log: [Package] preferences@1.0.0 enable
2022-05-31T06:08:01.474Z - log: Setup mods mgr.: 349.194ms
2022-05-31T06:08:01.485Z - verbose: [Engine] QuickCompile engine (709ms)
2022-05-31T06:08:01.488Z - log: [Package] engine@1.0.6 enable
2022-05-31T06:08:02.415Z - log: [Package] programming@1.0.0 enable
2022-05-31T06:08:02.713Z - log: [Package] device@1.0.1 enable
2022-05-31T06:08:02.740Z - log: [Package] ui-kit@1.0.1 enable
2022-05-31T06:08:02.767Z - log: [Package] engine-extends@1.0.0 enable
2022-05-31T06:08:02.851Z - log: [Package] asset-db@1.0.0 enable
2022-05-31T06:08:02.987Z - log: [Package] scene@1.0.0 enable
2022-05-31T06:08:03.248Z - log: [Package] server@1.0.0 enable
2022-05-31T06:08:03.290Z - log: [Package] utils@1.0.0 enable
2022-05-31T06:08:07.808Z - log: [Package] preview@1.0.1 enable
2022-05-31T06:08:07.857Z - log: [Package] animator@1.0.0 enable
2022-05-31T06:08:08.165Z - log: 设置的 IP 地址不存在，将使用默认 IP
2022-05-31T06:08:09.185Z - log: [Package] builder@1.3.2 enable
2022-05-31T06:08:09.220Z - log: [Package] shortcuts@1.0.1 enable
2022-05-31T06:08:09.258Z - log: [Package] animation-graph@1.0.0 enable
2022-05-31T06:08:09.281Z - log: [Package] runtime-dev-tools@1.0.0 enable
2022-05-31T06:08:09.307Z - log: [Package] channel-upload-tools@1.0.0 enable
2022-05-31T06:08:09.388Z - log: [Package] about@1.0.0 enable
2022-05-31T06:08:09.442Z - log: [Package] assets@1.0.0 enable
2022-05-31T06:08:09.494Z - log: [Package] console@1.0.0 enable
2022-05-31T06:08:09.808Z - log: [Package] extension@3.0.16 enable
2022-05-31T06:08:09.850Z - log: [Package] hierarchy@1.0.0 enable
2022-05-31T06:08:09.901Z - log: [Package] inspector@1.0.0 enable
2022-05-31T06:08:09.980Z - log: [Package] lightmap@1.0.4 enable
2022-05-31T06:08:10.063Z - log: [Package] node-library@1.0.1 enable
2022-05-31T06:08:10.125Z - log: [Package] package-asset@1.0.0 enable
2022-05-31T06:08:10.208Z - log: [Package] process@1.0.0 enable
2022-05-31T06:08:10.253Z - log: [Package] reference-image@1.0.0 enable
2022-05-31T06:08:10.282Z - log: [Package] alipay-mini-game@1.0.0 enable
2022-05-31T06:08:10.308Z - log: [Package] android@1.0.0 enable
2022-05-31T06:08:10.338Z - log: [Package] baidu-mini-game@1.0.0 enable
2022-05-31T06:08:10.362Z - log: [Package] bytedance-mini-game@1.0.1 enable
2022-05-31T06:08:10.389Z - log: [Package] cocos-play@1.0.0 enable
2022-05-31T06:08:10.416Z - log: [Package] huawei-agc@1.0.0 enable
2022-05-31T06:08:10.444Z - log: [Package] huawei-quick-game@1.0.0 enable
2022-05-31T06:08:11.738Z - log: [Package] ios@1.0.0 enable
2022-05-31T06:08:11.777Z - log: [Package] ios-app-clip@1.0.0 enable
2022-05-31T06:08:11.798Z - log: [Package] link-sure@1.0.0 enable
2022-05-31T06:08:11.827Z - log: [Package] linux@1.0.0 enable
2022-05-31T06:08:11.855Z - log: [Package] mac@1.0.0 enable
2022-05-31T06:08:11.988Z - log: [Package] native@1.0.0 enable
2022-05-31T06:08:12.016Z - log: [Package] ohos@1.0.0 enable
2022-05-31T06:08:12.017Z - verbose: [AssetDB] Require engine code (3009ms)
2022-05-31T06:08:12.042Z - log: [Package] open-harmonyos@1.0.0 enable
2022-05-31T06:08:12.068Z - log: [Package] oppo-mini-game@1.0.0 enable
2022-05-31T06:08:12.096Z - log: [Package] qtt@1.0.0 enable
2022-05-31T06:08:12.202Z - log: [Package] vivo-mini-game@1.0.0 enable
2022-05-31T06:08:12.243Z - log: [Package] web-desktop@1.0.0 enable
2022-05-31T06:08:12.280Z - log: [Package] web-mobile@1.0.0 enable
2022-05-31T06:08:12.320Z - log: [Package] wechatgame@1.0.1 enable
2022-05-31T06:08:12.345Z - log: [Package] windows@1.0.0 enable
2022-05-31T06:08:12.384Z - log: [Package] xiaomi-quick-game@1.0.0 enable
2022-05-31T06:08:12.692Z - log: [Package] cocos-service@3.0.3 enable
2022-05-31T06:08:12.742Z - log: [Package] importer@1.0.0 enable
2022-05-31T06:08:13.221Z - log: [Im-plugin] Check im-plugin version.
2022-05-31T06:08:13.243Z - log: [Package] im-plugin@3.0.8 enable
2022-05-31T06:08:14.275Z - log: [Im-plugin] No online info of im-plugin.
2022-05-31T06:08:14.567Z - log: 设置的 IP 地址不存在，将使用默认 IP
2022-05-31T06:08:27.680Z - verbose: [Scene] Require engine code (0ms)
2022-05-31T06:08:27.681Z - verbose: [Scene] Startup engine (1ms)
2022-05-31T06:08:27.719Z - log: [Scene] Cocos Creator v3.5.0
2022-05-31T06:08:28.086Z - verbose: [Scene] Open engine (405ms)
2022-05-31T06:08:28.087Z - verbose: [Scene] Configure engine (1ms)
2022-05-31T06:08:27.848Z - info: [Scene] Forward render pipeline initialized.
2022-05-31T06:09:07.431Z - warn: Metrics: no valid info
