2022-05-22T07:07:24.031Z - log: [Package] menu@1.0.0 enable
2022-05-22T07:07:24.033Z - log: [Package] profile@1.0.0 enable
2022-05-22T07:07:24.047Z - log: [Package] project@1.0.2 enable
2022-05-22T07:07:24.052Z - log: [Package] messages@1.0.0 enable
2022-05-22T07:07:24.057Z - log: [Package] program@1.0.0 enable
2022-05-22T07:07:24.065Z - log: [Package] tester@1.0.0 enable
2022-05-22T07:07:24.071Z - log: [Package] preferences@1.0.0 enable
2022-05-22T07:07:24.880Z - log: Setup mods mgr.: 329.817ms
2022-05-22T07:07:24.893Z - verbose: [Engine] QuickCompile engine (755ms)
2022-05-22T07:07:24.897Z - log: [Package] engine@1.0.6 enable
2022-05-22T07:07:25.716Z - log: [Package] programming@1.0.0 enable
2022-05-22T07:07:26.020Z - log: [Package] device@1.0.1 enable
2022-05-22T07:07:26.048Z - log: [Package] ui-kit@1.0.1 enable
2022-05-22T07:07:26.085Z - log: [Package] engine-extends@1.0.0 enable
2022-05-22T07:07:26.150Z - log: [Package] asset-db@1.0.0 enable
2022-05-22T07:07:26.193Z - log: [Package] scene@1.0.0 enable
2022-05-22T07:07:26.452Z - log: [Package] server@1.0.0 enable
2022-05-22T07:07:26.489Z - log: [Package] utils@1.0.0 enable
2022-05-22T07:07:30.861Z - log: [Package] preview@1.0.1 enable
2022-05-22T07:07:30.893Z - log: [Package] animator@1.0.0 enable
2022-05-22T07:07:31.006Z - log: 设置的 IP 地址不存在，将使用默认 IP
2022-05-22T07:07:31.873Z - log: [Package] builder@1.3.2 enable
2022-05-22T07:07:31.907Z - log: [Package] shortcuts@1.0.1 enable
2022-05-22T07:07:31.939Z - log: [Package] animation-graph@1.0.0 enable
2022-05-22T07:07:31.962Z - log: [Package] runtime-dev-tools@1.0.0 enable
2022-05-22T07:07:31.983Z - log: [Package] channel-upload-tools@1.0.0 enable
2022-05-22T07:07:32.018Z - log: [Package] about@1.0.0 enable
2022-05-22T07:07:32.053Z - log: [Package] assets@1.0.0 enable
2022-05-22T07:07:32.093Z - log: [Package] console@1.0.0 enable
2022-05-22T07:07:32.368Z - log: [Package] extension@3.0.16 enable
2022-05-22T07:07:32.422Z - log: [Package] hierarchy@1.0.0 enable
2022-05-22T07:07:32.456Z - log: [Package] inspector@1.0.0 enable
2022-05-22T07:07:32.497Z - log: [Package] lightmap@1.0.4 enable
2022-05-22T07:07:32.563Z - log: [Package] node-library@1.0.1 enable
2022-05-22T07:07:32.589Z - log: [Package] package-asset@1.0.0 enable
2022-05-22T07:07:32.627Z - log: [Package] process@1.0.0 enable
2022-05-22T07:07:32.666Z - log: [Package] reference-image@1.0.0 enable
2022-05-22T07:07:32.696Z - log: [Package] alipay-mini-game@1.0.0 enable
2022-05-22T07:07:32.725Z - log: [Package] android@1.0.0 enable
2022-05-22T07:07:32.758Z - log: [Package] baidu-mini-game@1.0.0 enable
2022-05-22T07:07:32.784Z - log: [Package] bytedance-mini-game@1.0.1 enable
2022-05-22T07:07:32.809Z - log: [Package] cocos-play@1.0.0 enable
2022-05-22T07:07:32.839Z - log: [Package] huawei-agc@1.0.0 enable
2022-05-22T07:07:32.869Z - log: [Package] huawei-quick-game@1.0.0 enable
2022-05-22T07:07:34.081Z - log: [Package] ios@1.0.0 enable
2022-05-22T07:07:34.108Z - log: [Package] ios-app-clip@1.0.0 enable
2022-05-22T07:07:34.133Z - log: [Package] link-sure@1.0.0 enable
2022-05-22T07:07:34.159Z - log: [Package] linux@1.0.0 enable
2022-05-22T07:07:34.189Z - log: [Package] mac@1.0.0 enable
2022-05-22T07:07:34.309Z - log: [Package] native@1.0.0 enable
2022-05-22T07:07:34.342Z - log: [Package] ohos@1.0.0 enable
2022-05-22T07:07:34.346Z - verbose: [AssetDB] Require engine code (2647ms)
2022-05-22T07:07:34.371Z - log: [Package] open-harmonyos@1.0.0 enable
2022-05-22T07:07:34.405Z - log: [Package] oppo-mini-game@1.0.0 enable
2022-05-22T07:07:34.433Z - log: [Package] qtt@1.0.0 enable
2022-05-22T07:07:34.464Z - log: [Package] vivo-mini-game@1.0.0 enable
2022-05-22T07:07:34.505Z - log: [Package] web-desktop@1.0.0 enable
2022-05-22T07:07:34.545Z - log: [Package] web-mobile@1.0.0 enable
2022-05-22T07:07:34.588Z - log: [Package] wechatgame@1.0.1 enable
2022-05-22T07:07:34.618Z - log: [Package] windows@1.0.0 enable
2022-05-22T07:07:34.643Z - log: [Package] xiaomi-quick-game@1.0.0 enable
2022-05-22T07:07:34.979Z - log: [Package] cocos-service@3.0.3 enable
2022-05-22T07:07:35.022Z - log: [Package] importer@1.0.0 enable
2022-05-22T07:07:35.416Z - log: [Im-plugin] Check im-plugin version.
2022-05-22T07:07:35.446Z - log: [Package] im-plugin@3.0.8 enable
2022-05-22T07:07:36.268Z - log: [Im-plugin] No online info of im-plugin.
2022-05-22T07:07:36.660Z - log: 设置的 IP 地址不存在，将使用默认 IP
2022-05-22T07:07:47.390Z - verbose: [Scene] Require engine code (0ms)
2022-05-22T07:07:47.392Z - verbose: [Scene] Startup engine (1ms)
2022-05-22T07:07:47.432Z - log: [Scene] Cocos Creator v3.5.0
2022-05-22T07:07:47.817Z - verbose: [Scene] Open engine (425ms)
2022-05-22T07:07:47.818Z - verbose: [Scene] Configure engine (0ms)
2022-05-22T07:07:47.592Z - info: [Scene] Forward render pipeline initialized.
2022-05-22T07:08:11.151Z - error: [Preview]Uncaught TypeError: Cannot read properties of null (reading 'vb') in http://localhost:7456/scripting/engine/bin/.cache/dev/preview/bundled/index.js
2022-05-22T07:08:52.991Z - warn: Metrics: no valid info
