2022-05-19 10:58:58-log: [Package] menu@1.0.0 enable
2022-05-19 10:58:58-log: [Package] profile@1.0.0 enable
2022-05-19 10:58:58-log: [Package] project@1.0.1 enable
2022-05-19 10:58:58-log: [Package] messages@1.0.0 enable
2022-05-19 10:58:58-log: [Package] program@1.0.0 enable
2022-05-19 10:58:58-log: [Package] device@1.0.1 enable
2022-05-19 10:58:58-log: [Package] ui-kit@1.0.1 enable
2022-05-19 10:58:58-log: [Package] tester@1.0.0 enable
2022-05-19 10:58:58-log: [Package] preferences@1.0.0 enable
2022-05-19 10:58:59-log: Setup mods mgr.: 341.987ms
2022-05-19 10:58:59-log: Profile changed: engine (modules.includeModules: 2d,3d,audio,base,dragon-bones,gfx-webgl,gfx-webgl2,intersection-2d,marionette,particle,particle-2d,physics-2d-box2d,physics-ammo,primitive,profiler,spine,terrain,tiled-map,tween,ui,video,webview)
2022-05-19 10:58:59-log: [Package] engine@1.0.5 enable
2022-05-19 10:59:02-log: [Package] programming@1.0.0 enable
2022-05-19 10:59:02-log: [Package] engine-extends@1.0.0 enable
2022-05-19 10:59:02-log: [Package] asset-db@1.0.0 enable
2022-05-19 10:59:03-log: [Package] console@1.0.0 enable
2022-05-19 10:59:03-log: [Package] scene@1.0.0 enable
2022-05-19 10:59:03-log: [Package] about@1.0.0 enable
2022-05-19 10:59:03-log: [Package] server@1.0.0 enable
2022-05-19 10:59:03-log: [Package] utils@1.0.0 enable
2022-05-19 10:59:03-log: [Package] assets@1.0.0 enable
2022-05-19 10:59:03-log: [Package] inspector@1.0.0 enable
2022-05-19 10:59:03-log: [Package] hierarchy@1.0.0 enable
2022-05-19 10:59:05-log: [Package] preview@1.0.1 enable
2022-05-19 10:59:05-log: [Package] animator@1.0.0 enable
2022-05-19 10:59:06-log: 设置的 IP 地址不存在，将使用默认 IP
2022-05-19 10:59:07-log: [Package] builder@1.3.1 enable
2022-05-19 10:59:07-log: [Package] node-library@1.0.0 enable
2022-05-19 10:59:07-log: [Package] shortcuts@1.0.1 enable
2022-05-19 10:59:07-log: [Package] package-asset@1.0.0 enable
2022-05-19 10:59:07-log: [Package] reference-image@1.0.0 enable
2022-05-19 10:59:07-log: [Package] animation-graph@1.0.0 enable
2022-05-19 10:59:07-log: [Package] channel-upload-tools@1.0.0 enable
2022-05-19 10:59:07-log: [Package] runtime-dev-tools@1.0.0 enable
2022-05-19 10:59:07-log: [Package] lightmap@1.0.4 enable
2022-05-19 10:59:07-log: [Package] alipay-mini-game@1.0.0 enable
2022-05-19 10:59:07-log: [Package] android@1.0.0 enable
2022-05-19 10:59:08-log: [Package] baidu-mini-game@1.0.0 enable
2022-05-19 10:59:08-log: [Package] bytedance-mini-game@1.0.1 enable
2022-05-19 10:59:08-log: [Package] huawei-agc@1.0.0 enable
2022-05-19 10:59:13-log: [Package] ios@1.0.0 enable
2022-05-19 10:59:13-log: [Package] ios-app-clip@1.0.0 enable
2022-05-19 10:59:13-log: [Package] mac@1.0.0 enable
2022-05-19 10:59:13-log: [Package] native@1.0.0 enable
2022-05-19 10:59:13-log: [Package] ohos@1.0.0 enable
2022-05-19 10:59:14-log: [Package] web-desktop@1.0.0 enable
2022-05-19 10:59:14-log: [Package] web-mobile@1.0.0 enable
2022-05-19 10:59:14-log: [Package] wechatgame@1.0.1 enable
2022-05-19 10:59:14-log: [Package] windows@1.0.0 enable
2022-05-19 10:59:14-log: [Package] xiaomi-quick-game@1.0.0 enable
2022-05-19 10:59:14-log: [Package] cocos-play@1.0.0 enable
2022-05-19 10:59:14-log: [Package] huawei-quick-game@1.0.0 enable
2022-05-19 10:59:14-log: [Package] link-sure@1.0.0 enable
2022-05-19 10:59:14-log: [Package] oppo-mini-game@1.0.0 enable
2022-05-19 10:59:14-log: [Package] qtt@1.0.0 enable
2022-05-19 10:59:14-log: [Package] vivo-mini-game@1.0.0 enable
2022-05-19 10:59:15-log: [Package] cocos-service@3.0.2 enable
2022-05-19 10:59:15-log: [Package] importer@1.0.0 enable
2022-05-19 10:59:15-log: [Package] extension@3.0.15 enable
2022-05-19 10:59:16-log: [Im-plugin] Check im-plugin version.
2022-05-19 10:59:16-log: [Package] im-plugin@3.0.8 enable
2022-05-19 10:59:16-log: 设置的 IP 地址不存在，将使用默认 IP
2022-05-19 10:59:17-warn: Browserslist: caniuse-lite is outdated. Please run:
npx browserslist@latest --update-db

Why you should do it regularly:
https://github.com/browserslist/browserslist#browsers-data-updating
2022-05-19 10:59:17-log: [Im-plugin] No online info of im-plugin.
2022-05-19T02:59:32.999Z - log: [Package] menu@1.0.0 enable
2022-05-19T02:59:33.002Z - log: [Package] profile@1.0.0 enable
2022-05-19T02:59:33.017Z - log: [Package] project@1.0.2 enable
2022-05-19T02:59:33.024Z - log: [Package] messages@1.0.0 enable
2022-05-19T02:59:33.030Z - log: [Package] program@1.0.0 enable
2022-05-19T02:59:33.036Z - log: [Package] tester@1.0.0 enable
2022-05-19T02:59:33.043Z - log: [Package] preferences@1.0.0 enable
2022-05-19T02:59:33.845Z - log: Setup mods mgr.: 341.951ms
2022-05-19T02:59:33.856Z - verbose: [Engine] QuickCompile engine (735ms)
2022-05-19T02:59:33.859Z - log: [Package] engine@1.0.6 enable
2022-05-19T02:59:34.698Z - log: [Package] programming@1.0.0 enable
2022-05-19T02:59:35.012Z - log: [Package] device@1.0.1 enable
2022-05-19T02:59:35.040Z - log: [Package] ui-kit@1.0.1 enable
2022-05-19T02:59:35.071Z - log: [Package] engine-extends@1.0.0 enable
2022-05-19T02:59:35.140Z - log: [Package] asset-db@1.0.0 enable
2022-05-19T02:59:35.181Z - log: [Package] scene@1.0.0 enable
2022-05-19T02:59:35.424Z - log: [Package] server@1.0.0 enable
2022-05-19T02:59:35.465Z - log: [Package] utils@1.0.0 enable
2022-05-19T02:59:40.558Z - log: [Package] preview@1.0.1 enable
2022-05-19T02:59:40.594Z - log: [Package] animator@1.0.0 enable
2022-05-19T02:59:40.793Z - log: 设置的 IP 地址不存在，将使用默认 IP
2022-05-19T02:59:41.994Z - log: [Package] builder@1.3.2 enable
2022-05-19T02:59:42.028Z - log: [Package] shortcuts@1.0.1 enable
2022-05-19T02:59:42.062Z - log: [Package] animation-graph@1.0.0 enable
2022-05-19T02:59:42.084Z - log: [Package] runtime-dev-tools@1.0.0 enable
2022-05-19T02:59:42.116Z - log: [Package] channel-upload-tools@1.0.0 enable
2022-05-19T02:59:42.148Z - log: [Package] about@1.0.0 enable
2022-05-19T02:59:42.184Z - log: [Package] assets@1.0.0 enable
2022-05-19T02:59:42.223Z - log: [Package] console@1.0.0 enable
2022-05-19T02:59:42.475Z - log: [Package] extension@3.0.16 enable
2022-05-19T02:59:42.514Z - log: [Package] hierarchy@1.0.0 enable
2022-05-19T02:59:42.553Z - log: [Package] inspector@1.0.0 enable
2022-05-19T02:59:42.593Z - log: [Package] lightmap@1.0.4 enable
2022-05-19T02:59:42.652Z - log: [Package] node-library@1.0.1 enable
2022-05-19T02:59:42.676Z - log: [Package] package-asset@1.0.0 enable
2022-05-19T02:59:42.713Z - log: [Package] process@1.0.0 enable
2022-05-19T02:59:42.751Z - log: [Package] reference-image@1.0.0 enable
2022-05-19T02:59:42.778Z - log: [Package] alipay-mini-game@1.0.0 enable
2022-05-19T02:59:42.807Z - log: [Package] android@1.0.0 enable
2022-05-19T02:59:42.837Z - log: [Package] baidu-mini-game@1.0.0 enable
2022-05-19T02:59:42.862Z - log: [Package] bytedance-mini-game@1.0.1 enable
2022-05-19T02:59:42.888Z - log: [Package] cocos-play@1.0.0 enable
2022-05-19T02:59:42.920Z - log: [Package] huawei-agc@1.0.0 enable
2022-05-19T02:59:42.945Z - log: [Package] huawei-quick-game@1.0.0 enable
2022-05-19T02:59:44.426Z - log: [Package] ios@1.0.0 enable
2022-05-19T02:59:44.456Z - log: [Package] ios-app-clip@1.0.0 enable
2022-05-19T02:59:44.481Z - log: [Package] link-sure@1.0.0 enable
2022-05-19T02:59:44.508Z - log: [Package] linux@1.0.0 enable
2022-05-19T02:59:44.536Z - log: [Package] mac@1.0.0 enable
2022-05-19T02:59:44.677Z - log: [Package] native@1.0.0 enable
2022-05-19T02:59:44.703Z - log: [Package] ohos@1.0.0 enable
2022-05-19T02:59:44.716Z - verbose: [AssetDB] Require engine code (2987ms)
2022-05-19T02:59:44.728Z - log: [Package] open-harmonyos@1.0.0 enable
2022-05-19T02:59:44.752Z - log: [Package] oppo-mini-game@1.0.0 enable
2022-05-19T02:59:44.778Z - log: [Package] qtt@1.0.0 enable
2022-05-19T02:59:44.806Z - log: [Package] vivo-mini-game@1.0.0 enable
2022-05-19T02:59:44.851Z - log: [Package] web-desktop@1.0.0 enable
2022-05-19T02:59:44.892Z - log: [Package] web-mobile@1.0.0 enable
2022-05-19T02:59:44.930Z - log: [Package] wechatgame@1.0.1 enable
2022-05-19T02:59:44.956Z - log: [Package] windows@1.0.0 enable
2022-05-19T02:59:44.983Z - log: [Package] xiaomi-quick-game@1.0.0 enable
2022-05-19T02:59:45.462Z - log: [Package] cocos-service@3.0.3 enable
2022-05-19T02:59:45.514Z - log: [Package] importer@1.0.0 enable
2022-05-19T02:59:45.876Z - log: [Im-plugin] Check im-plugin version.
2022-05-19T02:59:45.894Z - log: [Package] im-plugin@3.0.8 enable
2022-05-19T02:59:46.743Z - log: [Im-plugin] No online info of im-plugin.
2022-05-19T02:59:47.034Z - log: 设置的 IP 地址不存在，将使用默认 IP
2022-05-19T02:59:57.675Z - verbose: [Scene] Require engine code (1ms)
2022-05-19T02:59:57.679Z - verbose: [Scene] Startup engine (2ms)
2022-05-19T02:59:57.743Z - log: [Scene] Cocos Creator v3.5.0
2022-05-19T02:59:58.067Z - verbose: [Scene] Open engine (388ms)
2022-05-19T02:59:58.067Z - verbose: [Scene] Configure engine (0ms)
2022-05-19T02:59:57.849Z - info: [Scene] Forward render pipeline initialized.
2022-05-19T02:59:58.749Z - info: [Scene] DragonBones: 5.6.300
Website: http://dragonbones.com/
Source and Demo: https://github.com/DragonBones/
2022-05-19T02:59:58.965Z - info: [Scene] DragonBones: 5.6.300
Website: http://dragonbones.com/
Source and Demo: https://github.com/DragonBones/
2022-05-19T02:59:59.005Z - info: [Scene] DragonBones: 5.6.300
Website: http://dragonbones.com/
Source and Demo: https://github.com/DragonBones/
2022-05-19T03:00:46.804Z - info: [Scene] DragonBones: 5.6.300
Website: http://dragonbones.com/
Source and Demo: https://github.com/DragonBones/
2022-05-19T03:02:29.727Z - log: 设置的 IP 地址不存在，将使用默认 IP
2022-05-19T03:02:33.111Z - warn: Metrics: no valid info
2022-05-22T09:31:22.185Z - log: [Package] menu@1.0.0 enable
2022-05-22T09:31:22.188Z - log: [Package] profile@1.0.0 enable
2022-05-22T09:31:22.202Z - log: [Package] project@1.0.2 enable
2022-05-22T09:31:22.208Z - log: [Package] messages@1.0.0 enable
2022-05-22T09:31:22.214Z - log: [Package] program@1.0.0 enable
2022-05-22T09:31:22.222Z - log: [Package] tester@1.0.0 enable
2022-05-22T09:31:22.230Z - log: [Package] preferences@1.0.0 enable
2022-05-22T09:31:23.000Z - log: Setup mods mgr.: 328.329ms
2022-05-22T09:31:23.009Z - verbose: [Engine] QuickCompile engine (709ms)
2022-05-22T09:31:23.013Z - log: [Package] engine@1.0.6 enable
2022-05-22T09:31:23.832Z - log: [Package] programming@1.0.0 enable
2022-05-22T09:31:24.134Z - log: [Package] device@1.0.1 enable
2022-05-22T09:31:24.163Z - log: [Package] ui-kit@1.0.1 enable
2022-05-22T09:31:24.187Z - log: [Package] engine-extends@1.0.0 enable
2022-05-22T09:31:24.251Z - log: [Package] asset-db@1.0.0 enable
2022-05-22T09:31:24.292Z - log: [Package] scene@1.0.0 enable
2022-05-22T09:31:24.537Z - log: [Package] server@1.0.0 enable
2022-05-22T09:31:24.718Z - log: [Package] utils@1.0.0 enable
2022-05-22T09:31:29.172Z - log: [Package] preview@1.0.1 enable
2022-05-22T09:31:29.206Z - log: [Package] animator@1.0.0 enable
2022-05-22T09:31:29.349Z - log: 设置的 IP 地址不存在，将使用默认 IP
2022-05-22T09:31:30.290Z - log: [Package] builder@1.3.2 enable
2022-05-22T09:31:30.324Z - log: [Package] shortcuts@1.0.1 enable
2022-05-22T09:31:30.357Z - log: [Package] animation-graph@1.0.0 enable
2022-05-22T09:31:30.380Z - log: [Package] runtime-dev-tools@1.0.0 enable
2022-05-22T09:31:30.404Z - log: [Package] channel-upload-tools@1.0.0 enable
2022-05-22T09:31:30.435Z - log: [Package] about@1.0.0 enable
2022-05-22T09:31:30.477Z - log: [Package] assets@1.0.0 enable
2022-05-22T09:31:30.521Z - log: [Package] console@1.0.0 enable
2022-05-22T09:31:30.747Z - log: [Package] extension@3.0.16 enable
2022-05-22T09:31:30.788Z - log: [Package] hierarchy@1.0.0 enable
2022-05-22T09:31:30.840Z - log: [Package] inspector@1.0.0 enable
2022-05-22T09:31:30.896Z - log: [Package] lightmap@1.0.4 enable
2022-05-22T09:31:30.964Z - log: [Package] node-library@1.0.1 enable
2022-05-22T09:31:30.988Z - log: [Package] package-asset@1.0.0 enable
2022-05-22T09:31:31.028Z - log: [Package] process@1.0.0 enable
2022-05-22T09:31:31.064Z - log: [Package] reference-image@1.0.0 enable
2022-05-22T09:31:31.095Z - log: [Package] alipay-mini-game@1.0.0 enable
2022-05-22T09:31:31.122Z - log: [Package] android@1.0.0 enable
2022-05-22T09:31:31.151Z - log: [Package] baidu-mini-game@1.0.0 enable
2022-05-22T09:31:31.182Z - log: [Package] bytedance-mini-game@1.0.1 enable
2022-05-22T09:31:31.211Z - log: [Package] cocos-play@1.0.0 enable
2022-05-22T09:31:31.246Z - log: [Package] huawei-agc@1.0.0 enable
2022-05-22T09:31:31.273Z - log: [Package] huawei-quick-game@1.0.0 enable
2022-05-22T09:31:32.775Z - log: [Package] ios@1.0.0 enable
2022-05-22T09:31:32.802Z - log: [Package] ios-app-clip@1.0.0 enable
2022-05-22T09:31:32.828Z - log: [Package] link-sure@1.0.0 enable
2022-05-22T09:31:32.853Z - log: [Package] linux@1.0.0 enable
2022-05-22T09:31:32.969Z - log: [Package] mac@1.0.0 enable
2022-05-22T09:31:32.992Z - verbose: [AssetDB] Require engine code (2894ms)
2022-05-22T09:31:33.148Z - log: [Package] native@1.0.0 enable
2022-05-22T09:31:33.177Z - log: [Package] ohos@1.0.0 enable
2022-05-22T09:31:33.207Z - log: [Package] open-harmonyos@1.0.0 enable
2022-05-22T09:31:33.235Z - log: [Package] oppo-mini-game@1.0.0 enable
2022-05-22T09:31:33.262Z - log: [Package] qtt@1.0.0 enable
2022-05-22T09:31:33.291Z - log: [Package] vivo-mini-game@1.0.0 enable
2022-05-22T09:31:33.330Z - log: [Package] web-desktop@1.0.0 enable
2022-05-22T09:31:33.369Z - log: [Package] web-mobile@1.0.0 enable
2022-05-22T09:31:33.407Z - log: [Package] wechatgame@1.0.1 enable
2022-05-22T09:31:33.435Z - log: [Package] windows@1.0.0 enable
2022-05-22T09:31:33.459Z - log: [Package] xiaomi-quick-game@1.0.0 enable
2022-05-22T09:31:33.743Z - log: [Package] cocos-service@3.0.3 enable
2022-05-22T09:31:33.793Z - log: [Package] importer@1.0.0 enable
2022-05-22T09:31:34.129Z - log: [Im-plugin] Check im-plugin version.
2022-05-22T09:31:34.145Z - log: [Package] im-plugin@3.0.8 enable
2022-05-22T09:31:35.075Z - log: [Im-plugin] No online info of im-plugin.
2022-05-22T09:31:35.651Z - log: 设置的 IP 地址不存在，将使用默认 IP
2022-05-22T09:31:42.334Z - verbose: [Scene] Require engine code (1ms)
2022-05-22T09:31:42.354Z - verbose: [Scene] Startup engine (14ms)
2022-05-22T09:31:42.476Z - log: [Scene] Cocos Creator v3.5.0
2022-05-22T09:31:42.858Z - verbose: [Scene] Open engine (507ms)
2022-05-22T09:31:42.858Z - verbose: [Scene] Configure engine (0ms)
2022-05-22T09:31:42.566Z - info: [Scene] Forward render pipeline initialized.
2022-05-22T09:31:43.677Z - info: [Scene] DragonBones: 5.6.300
Website: http://dragonbones.com/
Source and Demo: https://github.com/DragonBones/
2022-05-22T09:31:43.892Z - info: [Scene] DragonBones: 5.6.300
Website: http://dragonbones.com/
Source and Demo: https://github.com/DragonBones/
2022-05-22T09:31:43.917Z - info: [Scene] DragonBones: 5.6.300
Website: http://dragonbones.com/
Source and Demo: https://github.com/DragonBones/
2022-05-22T09:32:04.563Z - warn: Metrics: no valid info
