2022-04-28 13:41:03-log: [Package] menu@1.0.0 enable
2022-04-28 13:41:03-log: [Package] profile@1.0.0 enable
2022-04-28 13:41:03-log: [Package] project@1.0.1 enable
2022-04-28 13:41:03-log: [Package] messages@1.0.0 enable
2022-04-28 13:41:03-log: [Package] program@1.0.0 enable
2022-04-28 13:41:03-log: [Package] device@1.0.1 enable
2022-04-28 13:41:03-log: [Package] ui-kit@1.0.1 enable
2022-04-28 13:41:03-log: [Package] tester@1.0.0 enable
2022-04-28 13:41:03-log: [Package] preferences@1.0.0 enable
2022-04-28 13:41:03-log: Setup mods mgr.: 327.53ms
2022-04-28 13:41:03-log: [Package] engine@1.0.5 enable
2022-04-28 13:41:07-log: [Package] programming@1.0.0 enable
2022-04-28 13:41:07-log: [Package] Profile Migrate: builder@Cocos Creator...
2022-04-28 13:41:07-log: [Package] engine-extends@1.0.0 enable
2022-04-28 13:41:07-log: [Package] asset-db@1.0.0 enable
2022-04-28 13:41:07-log: [Package] console@1.0.0 enable
2022-04-28 13:41:07-log: [Package] scene@1.0.0 enable
2022-04-28 13:41:07-log: [Package] about@1.0.0 enable
2022-04-28 13:41:07-log: [Package] server@1.0.0 enable
2022-04-28 13:41:08-log: [Package] utils@1.0.0 enable
2022-04-28 13:41:10-log: [Package] preview@1.0.1 enable
2022-04-28 13:41:10-log: [Package] animator@1.0.0 enable
2022-04-28 13:41:11-log: [Package] builder@1.3.1 enable
2022-04-28 13:41:11-log: [Package] node-library@1.0.0 enable
2022-04-28 13:41:11-log: [Package] shortcuts@1.0.1 enable
2022-04-28 13:41:11-log: [Package] package-asset@1.0.0 enable
2022-04-28 13:41:11-log: [Package] reference-image@1.0.0 enable
2022-04-28 13:41:11-log: [Package] animation-graph@1.0.0 enable
2022-04-28 13:41:11-log: [Package] channel-upload-tools@1.0.0 enable
2022-04-28 13:41:11-log: [Package] runtime-dev-tools@1.0.0 enable
2022-04-28 13:41:12-log: [Package] lightmap@1.0.4 enable
2022-04-28 13:41:12-log: [Package] alipay-mini-game@1.0.0 enable
2022-04-28 13:41:12-log: [Package] android@1.0.0 enable
2022-04-28 13:41:12-log: [Package] baidu-mini-game@1.0.0 enable
2022-04-28 13:41:12-log: [Package] bytedance-mini-game@1.0.1 enable
2022-04-28 13:41:12-log: [Package] huawei-agc@1.0.0 enable
2022-04-28 13:41:13-log: [Package] ios@1.0.0 enable
2022-04-28 13:41:13-log: [Package] ios-app-clip@1.0.0 enable
2022-04-28 13:41:13-log: [Package] mac@1.0.0 enable
2022-04-28 13:41:13-log: [Package] native@1.0.0 enable
2022-04-28 13:41:13-log: [Package] ohos@1.0.0 enable
2022-04-28 13:41:13-log: [Package] web-desktop@1.0.0 enable
2022-04-28 13:41:13-log: [Package] web-mobile@1.0.0 enable
2022-04-28 13:41:14-log: [Package] wechatgame@1.0.1 enable
2022-04-28 13:41:14-log: [Package] windows@1.0.0 enable
2022-04-28 13:41:14-log: [Package] xiaomi-quick-game@1.0.0 enable
2022-04-28 13:41:14-log: [Package] cocos-play@1.0.0 enable
2022-04-28 13:41:14-log: [Package] huawei-quick-game@1.0.0 enable
2022-04-28 13:41:14-log: [Package] link-sure@1.0.0 enable
2022-04-28 13:41:14-log: [Package] oppo-mini-game@1.0.0 enable
2022-04-28 13:41:14-log: [Package] qtt@1.0.0 enable
2022-04-28 13:41:14-log: [Package] vivo-mini-game@1.0.0 enable
2022-04-28 13:41:14-log: [Package] cocos-service@3.0.2 enable
2022-04-28 13:41:14-log: [Package] importer@1.0.0 enable
2022-04-28 13:41:15-log: [Package] extension@3.0.15 enable
2022-04-28 13:41:16-log: [Im-plugin] Check im-plugin version.
2022-04-28 13:41:16-log: [Package] im-plugin@3.0.8 enable
2022-04-28 13:41:17-log: [Im-plugin] No online info of im-plugin.
2022-04-28 13:41:25-warn: Browserslist: caniuse-lite is outdated. Please run:
npx browserslist@latest --update-db

Why you should do it regularly:
https://github.com/browserslist/browserslist#browsers-data-updating
2022-04-28 13:41:26-log: [Scene] Cocos Creator v3.4.2
2022-04-28 13:41:27-info: [Scene] Forward render pipeline initialized.
2022-05-22T07:57:15.003Z - log: [Package] menu@1.0.0 enable
2022-05-22T07:57:15.005Z - log: [Package] profile@1.0.0 enable
2022-05-22T07:57:15.019Z - log: [Package] project@1.0.2 enable
2022-05-22T07:57:15.025Z - log: [Package] messages@1.0.0 enable
2022-05-22T07:57:15.031Z - log: [Package] program@1.0.0 enable
2022-05-22T07:57:15.038Z - log: [Package] tester@1.0.0 enable
2022-05-22T07:57:15.044Z - log: [Package] preferences@1.0.0 enable
2022-05-22T07:57:15.872Z - log: Setup mods mgr.: 332.977ms
2022-05-22T07:57:15.876Z - log: Profile changed: engine (modules.includeModules: 2d,3d,animation,base,dragon-bones,gfx-webgl,gfx-webgl2,marionette,particle,primitive,profiler,skeletal-animation,spine,tween,ui)
2022-05-22T07:57:15.887Z - verbose: [Engine] QuickCompile engine (779ms)
2022-05-22T07:57:15.891Z - log: [Package] engine@1.0.6 enable
2022-05-22T07:57:16.775Z - log: [Package] programming@1.0.0 enable
2022-05-22T07:57:17.088Z - log: [Package] device@1.0.1 enable
2022-05-22T07:57:17.115Z - log: [Package] ui-kit@1.0.1 enable
2022-05-22T07:57:17.141Z - log: [Package] engine-extends@1.0.0 enable
2022-05-22T07:57:17.207Z - log: [Package] asset-db@1.0.0 enable
2022-05-22T07:57:17.252Z - log: [Package] scene@1.0.0 enable
2022-05-22T07:57:17.510Z - log: [Package] server@1.0.0 enable
2022-05-22T07:57:17.547Z - log: [Package] utils@1.0.0 enable
2022-05-22T07:57:22.110Z - log: [Package] preview@1.0.1 enable
2022-05-22T07:57:22.167Z - log: [Package] animator@1.0.0 enable
2022-05-22T07:57:22.317Z - log: 设置的 IP 地址不存在，将使用默认 IP
2022-05-22T07:57:23.320Z - log: [Package] builder@1.3.2 enable
2022-05-22T07:57:23.359Z - log: [Package] shortcuts@1.0.1 enable
2022-05-22T07:57:23.394Z - log: [Package] animation-graph@1.0.0 enable
2022-05-22T07:57:23.418Z - log: [Package] runtime-dev-tools@1.0.0 enable
2022-05-22T07:57:23.443Z - log: [Package] channel-upload-tools@1.0.0 enable
2022-05-22T07:57:23.482Z - log: [Package] about@1.0.0 enable
2022-05-22T07:57:23.515Z - log: [Package] assets@1.0.0 enable
2022-05-22T07:57:23.549Z - log: [Package] console@1.0.0 enable
2022-05-22T07:57:23.795Z - log: [Package] extension@3.0.16 enable
2022-05-22T07:57:23.836Z - log: [Package] hierarchy@1.0.0 enable
2022-05-22T07:57:23.878Z - log: [Package] inspector@1.0.0 enable
2022-05-22T07:57:23.914Z - log: [Package] lightmap@1.0.4 enable
2022-05-22T07:57:23.969Z - log: [Package] node-library@1.0.1 enable
2022-05-22T07:57:23.997Z - log: [Package] package-asset@1.0.0 enable
2022-05-22T07:57:24.043Z - log: [Package] process@1.0.0 enable
2022-05-22T07:57:24.097Z - log: [Package] reference-image@1.0.0 enable
2022-05-22T07:57:24.120Z - log: [Package] alipay-mini-game@1.0.0 enable
2022-05-22T07:57:24.150Z - log: [Package] android@1.0.0 enable
2022-05-22T07:57:24.177Z - log: [Package] baidu-mini-game@1.0.0 enable
2022-05-22T07:57:24.204Z - log: [Package] bytedance-mini-game@1.0.1 enable
2022-05-22T07:57:24.230Z - log: [Package] cocos-play@1.0.0 enable
2022-05-22T07:57:24.259Z - log: [Package] huawei-agc@1.0.0 enable
2022-05-22T07:57:24.296Z - log: [Package] huawei-quick-game@1.0.0 enable
2022-05-22T07:57:25.612Z - log: [Package] ios@1.0.0 enable
2022-05-22T07:57:25.642Z - log: [Package] ios-app-clip@1.0.0 enable
2022-05-22T07:57:25.666Z - log: [Package] link-sure@1.0.0 enable
2022-05-22T07:57:25.692Z - log: [Package] linux@1.0.0 enable
2022-05-22T07:57:25.717Z - log: [Package] mac@1.0.0 enable
2022-05-22T07:57:25.836Z - log: [Package] native@1.0.0 enable
2022-05-22T07:57:25.860Z - log: [Package] ohos@1.0.0 enable
2022-05-22T07:57:25.904Z - log: [Package] open-harmonyos@1.0.0 enable
2022-05-22T07:57:25.911Z - verbose: [AssetDB] Require engine code (2794ms)
2022-05-22T07:57:25.964Z - log: [Package] oppo-mini-game@1.0.0 enable
2022-05-22T07:57:25.999Z - log: [Package] qtt@1.0.0 enable
2022-05-22T07:57:26.028Z - log: [Package] vivo-mini-game@1.0.0 enable
2022-05-22T07:57:26.073Z - log: [Package] web-desktop@1.0.0 enable
2022-05-22T07:57:26.129Z - log: [Package] web-mobile@1.0.0 enable
2022-05-22T07:57:26.181Z - log: [Package] wechatgame@1.0.1 enable
2022-05-22T07:57:26.220Z - log: [Package] windows@1.0.0 enable
2022-05-22T07:57:26.248Z - log: [Package] xiaomi-quick-game@1.0.0 enable
2022-05-22T07:57:26.526Z - log: [Package] cocos-service@3.0.3 enable
2022-05-22T07:57:26.568Z - log: [Package] importer@1.0.0 enable
2022-05-22T07:57:26.915Z - log: [Im-plugin] Check im-plugin version.
2022-05-22T07:57:26.937Z - log: [Package] im-plugin@3.0.8 enable
2022-05-22T07:57:28.016Z - log: [Im-plugin] No online info of im-plugin.
2022-05-22T07:57:28.544Z - log: 设置的 IP 地址不存在，将使用默认 IP
2022-05-22T07:57:46.737Z - verbose: [Scene] Require engine code (0ms)
2022-05-22T07:57:46.743Z - verbose: [Scene] Startup engine (4ms)
2022-05-22T07:57:46.815Z - log: [Scene] Cocos Creator v3.5.0
2022-05-22T07:57:47.144Z - verbose: [Scene] Open engine (403ms)
2022-05-22T07:57:47.145Z - verbose: [Scene] Configure engine (1ms)
2022-05-22T07:57:46.924Z - info: [Scene] Forward render pipeline initialized.
2022-05-22T07:58:11.437Z - warn: Metrics: no valid info
