2022-05-22T08:34:28.020Z - log: [Package] menu@1.0.0 enable
2022-05-22T08:34:28.024Z - log: [Package] profile@1.0.0 enable
2022-05-22T08:34:28.037Z - log: [Package] project@1.0.2 enable
2022-05-22T08:34:28.043Z - log: [Package] messages@1.0.0 enable
2022-05-22T08:34:28.048Z - log: [Package] program@1.0.0 enable
2022-05-22T08:34:28.055Z - log: [Package] tester@1.0.0 enable
2022-05-22T08:34:28.063Z - log: [Package] preferences@1.0.0 enable
2022-05-22T08:34:28.822Z - log: Setup mods mgr.: 346.498ms
2022-05-22T08:34:28.837Z - verbose: [Engine] QuickCompile engine (708ms)
2022-05-22T08:34:28.841Z - log: [Package] engine@1.0.6 enable
2022-05-22T08:34:29.797Z - log: [Package] programming@1.0.0 enable
2022-05-22T08:34:30.112Z - log: [Package] device@1.0.1 enable
2022-05-22T08:34:30.142Z - log: [Package] ui-kit@1.0.1 enable
2022-05-22T08:34:30.172Z - log: [Package] engine-extends@1.0.0 enable
2022-05-22T08:34:30.240Z - log: [Package] asset-db@1.0.0 enable
2022-05-22T08:34:30.290Z - log: [Package] scene@1.0.0 enable
2022-05-22T08:34:30.561Z - log: [Package] server@1.0.0 enable
2022-05-22T08:34:30.609Z - log: [Package] utils@1.0.0 enable
2022-05-22T08:34:35.281Z - log: [Package] preview@1.0.1 enable
2022-05-22T08:34:35.327Z - log: [Package] animator@1.0.0 enable
2022-05-22T08:34:35.521Z - log: 设置的 IP 地址不存在，将使用默认 IP
2022-05-22T08:34:36.612Z - log: [Package] builder@1.3.2 enable
2022-05-22T08:34:36.646Z - log: [Package] shortcuts@1.0.1 enable
2022-05-22T08:34:36.678Z - log: [Package] animation-graph@1.0.0 enable
2022-05-22T08:34:36.705Z - log: [Package] runtime-dev-tools@1.0.0 enable
2022-05-22T08:34:36.728Z - log: [Package] channel-upload-tools@1.0.0 enable
2022-05-22T08:34:36.760Z - log: [Package] about@1.0.0 enable
2022-05-22T08:34:36.858Z - log: [Package] assets@1.0.0 enable
2022-05-22T08:34:36.951Z - log: [Package] console@1.0.0 enable
2022-05-22T08:34:37.250Z - log: [Package] extension@3.0.16 enable
2022-05-22T08:34:37.294Z - log: [Package] hierarchy@1.0.0 enable
2022-05-22T08:34:37.340Z - log: [Package] inspector@1.0.0 enable
2022-05-22T08:34:37.400Z - log: [Package] lightmap@1.0.4 enable
2022-05-22T08:34:37.566Z - log: [Package] node-library@1.0.1 enable
2022-05-22T08:34:37.622Z - log: [Package] package-asset@1.0.0 enable
2022-05-22T08:34:37.661Z - log: [Package] process@1.0.0 enable
2022-05-22T08:34:37.701Z - log: [Package] reference-image@1.0.0 enable
2022-05-22T08:34:37.740Z - log: [Package] alipay-mini-game@1.0.0 enable
2022-05-22T08:34:37.771Z - log: [Package] android@1.0.0 enable
2022-05-22T08:34:37.810Z - log: [Package] baidu-mini-game@1.0.0 enable
2022-05-22T08:34:37.840Z - log: [Package] bytedance-mini-game@1.0.1 enable
2022-05-22T08:34:37.874Z - log: [Package] cocos-play@1.0.0 enable
2022-05-22T08:34:37.913Z - log: [Package] huawei-agc@1.0.0 enable
2022-05-22T08:34:37.944Z - log: [Package] huawei-quick-game@1.0.0 enable
2022-05-22T08:34:39.565Z - log: [Package] ios@1.0.0 enable
2022-05-22T08:34:39.634Z - log: [Package] ios-app-clip@1.0.0 enable
2022-05-22T08:34:39.735Z - log: [Package] link-sure@1.0.0 enable
2022-05-22T08:34:39.870Z - log: [Package] linux@1.0.0 enable
2022-05-22T08:34:39.879Z - verbose: [AssetDB] Require engine code (3480ms)
2022-05-22T08:34:39.913Z - log: [Package] mac@1.0.0 enable
2022-05-22T08:34:40.194Z - log: [Package] native@1.0.0 enable
2022-05-22T08:34:40.220Z - log: [Package] ohos@1.0.0 enable
2022-05-22T08:34:40.249Z - log: [Package] open-harmonyos@1.0.0 enable
2022-05-22T08:34:40.349Z - log: [Package] oppo-mini-game@1.0.0 enable
2022-05-22T08:34:40.480Z - log: [Package] qtt@1.0.0 enable
2022-05-22T08:34:40.522Z - log: [Package] vivo-mini-game@1.0.0 enable
2022-05-22T08:34:40.581Z - log: [Package] web-desktop@1.0.0 enable
2022-05-22T08:34:40.645Z - log: [Package] web-mobile@1.0.0 enable
2022-05-22T08:34:40.705Z - log: [Package] wechatgame@1.0.1 enable
2022-05-22T08:34:40.734Z - log: [Package] windows@1.0.0 enable
2022-05-22T08:34:40.800Z - log: [Package] xiaomi-quick-game@1.0.0 enable
2022-05-22T08:34:41.362Z - log: [Package] cocos-service@3.0.3 enable
2022-05-22T08:34:41.557Z - log: [Package] importer@1.0.0 enable
2022-05-22T08:34:42.143Z - log: [Im-plugin] Check im-plugin version.
2022-05-22T08:34:42.157Z - log: [Package] im-plugin@3.0.8 enable
2022-05-22T08:34:42.956Z - log: [Im-plugin] No online info of im-plugin.
2022-05-22T08:34:44.398Z - log: 设置的 IP 地址不存在，将使用默认 IP
2022-05-22T08:35:01.553Z - verbose: [Scene] Require engine code (1ms)
2022-05-22T08:35:01.555Z - verbose: [Scene] Startup engine (1ms)
2022-05-22T08:35:01.611Z - log: [Scene] Cocos Creator v3.5.0
2022-05-22T08:35:02.035Z - verbose: [Scene] Open engine (480ms)
2022-05-22T08:35:02.035Z - verbose: [Scene] Configure engine (0ms)
2022-05-22T08:35:01.761Z - info: [Scene] Forward render pipeline initialized.
2022-05-22T08:35:39.944Z - warn: Metrics: no valid info
