2022-06-01T02:16:42.925Z - log: [Package] menu@1.0.0 enable
2022-06-01T02:16:42.927Z - log: [Package] profile@1.0.0 enable
2022-06-01T02:16:42.943Z - log: [Package] project@1.0.2 enable
2022-06-01T02:16:42.950Z - log: [Package] messages@1.0.0 enable
2022-06-01T02:16:42.955Z - log: [Package] program@1.0.0 enable
2022-06-01T02:16:42.963Z - log: [Package] tester@1.0.0 enable
2022-06-01T02:16:42.969Z - log: [Package] preferences@1.0.0 enable
2022-06-01T02:16:43.813Z - log: Setup mods mgr.: 325.823ms
2022-06-01T02:16:43.827Z - verbose: [Engine] QuickCompile engine (788ms)
2022-06-01T02:16:43.831Z - log: [Package] engine@1.0.6 enable
2022-06-01T02:16:44.656Z - log: [Package] programming@1.0.0 enable
2022-06-01T02:16:44.981Z - log: [Package] device@1.0.1 enable
2022-06-01T02:16:45.009Z - log: [Package] ui-kit@1.0.1 enable
2022-06-01T02:16:45.031Z - log: [Package] engine-extends@1.0.0 enable
2022-06-01T02:16:45.109Z - log: [Package] asset-db@1.0.0 enable
2022-06-01T02:16:45.156Z - log: [Package] scene@1.0.0 enable
2022-06-01T02:16:45.398Z - log: [Package] server@1.0.0 enable
2022-06-01T02:16:45.436Z - log: [Package] utils@1.0.0 enable
2022-06-01T02:16:50.637Z - log: [Package] preview@1.0.1 enable
2022-06-01T02:16:50.680Z - log: [Package] animator@1.0.0 enable
2022-06-01T02:16:50.910Z - log: 设置的 IP 地址不存在，将使用默认 IP
2022-06-01T02:16:51.795Z - log: [Package] builder@1.3.2 enable
2022-06-01T02:16:51.829Z - log: [Package] shortcuts@1.0.1 enable
2022-06-01T02:16:51.861Z - log: [Package] animation-graph@1.0.0 enable
2022-06-01T02:16:51.885Z - log: [Package] runtime-dev-tools@1.0.0 enable
2022-06-01T02:16:51.907Z - log: [Package] channel-upload-tools@1.0.0 enable
2022-06-01T02:16:51.940Z - log: [Package] about@1.0.0 enable
2022-06-01T02:16:51.974Z - log: [Package] assets@1.0.0 enable
2022-06-01T02:16:52.008Z - log: [Package] console@1.0.0 enable
2022-06-01T02:16:52.258Z - log: [Package] extension@3.0.16 enable
2022-06-01T02:16:52.302Z - log: [Package] hierarchy@1.0.0 enable
2022-06-01T02:16:52.388Z - log: [Package] inspector@1.0.0 enable
2022-06-01T02:16:52.442Z - log: [Package] lightmap@1.0.4 enable
2022-06-01T02:16:52.499Z - log: [Package] node-library@1.0.1 enable
2022-06-01T02:16:52.526Z - log: [Package] package-asset@1.0.0 enable
2022-06-01T02:16:52.565Z - log: [Package] process@1.0.0 enable
2022-06-01T02:16:52.611Z - log: [Package] reference-image@1.0.0 enable
2022-06-01T02:16:52.640Z - log: [Package] alipay-mini-game@1.0.0 enable
2022-06-01T02:16:52.667Z - log: [Package] android@1.0.0 enable
2022-06-01T02:16:52.695Z - log: [Package] baidu-mini-game@1.0.0 enable
2022-06-01T02:16:52.720Z - log: [Package] bytedance-mini-game@1.0.1 enable
2022-06-01T02:16:52.745Z - log: [Package] cocos-play@1.0.0 enable
2022-06-01T02:16:52.773Z - log: [Package] huawei-agc@1.0.0 enable
2022-06-01T02:16:52.800Z - log: [Package] huawei-quick-game@1.0.0 enable
2022-06-01T02:16:54.026Z - log: [Package] ios@1.0.0 enable
2022-06-01T02:16:54.053Z - log: [Package] ios-app-clip@1.0.0 enable
2022-06-01T02:16:54.075Z - log: [Package] link-sure@1.0.0 enable
2022-06-01T02:16:54.106Z - log: [Package] linux@1.0.0 enable
2022-06-01T02:16:54.132Z - log: [Package] mac@1.0.0 enable
2022-06-01T02:16:54.289Z - log: [Package] native@1.0.0 enable
2022-06-01T02:16:54.295Z - verbose: [AssetDB] Require engine code (2688ms)
2022-06-01T02:16:54.318Z - log: [Package] ohos@1.0.0 enable
2022-06-01T02:16:54.345Z - log: [Package] open-harmonyos@1.0.0 enable
2022-06-01T02:16:54.376Z - log: [Package] oppo-mini-game@1.0.0 enable
2022-06-01T02:16:54.403Z - log: [Package] qtt@1.0.0 enable
2022-06-01T02:16:54.435Z - log: [Package] vivo-mini-game@1.0.0 enable
2022-06-01T02:16:54.481Z - log: [Package] web-desktop@1.0.0 enable
2022-06-01T02:16:54.524Z - log: [Package] web-mobile@1.0.0 enable
2022-06-01T02:16:54.566Z - log: [Package] wechatgame@1.0.1 enable
2022-06-01T02:16:54.625Z - log: [Package] windows@1.0.0 enable
2022-06-01T02:16:54.649Z - log: [Package] xiaomi-quick-game@1.0.0 enable
2022-06-01T02:16:55.142Z - log: [Package] cocos-service@3.0.3 enable
2022-06-01T02:16:55.288Z - log: [Package] importer@1.0.0 enable
2022-06-01T02:16:55.633Z - log: [Im-plugin] Check im-plugin version.
2022-06-01T02:16:55.648Z - log: [Package] im-plugin@3.0.8 enable
2022-06-01T02:16:56.632Z - log: [Im-plugin] No online info of im-plugin.
2022-06-01T02:16:56.856Z - log: 设置的 IP 地址不存在，将使用默认 IP
2022-06-01T02:17:09.051Z - verbose: [Scene] Require engine code (0ms)
2022-06-01T02:17:09.053Z - verbose: [Scene] Startup engine (1ms)
2022-06-01T02:17:09.094Z - log: [Scene] Cocos Creator v3.5.0
2022-06-01T02:17:09.391Z - verbose: [Scene] Open engine (338ms)
2022-06-01T02:17:09.391Z - verbose: [Scene] Configure engine (0ms)
2022-06-01T02:17:09.160Z - info: [Scene] Forward render pipeline initialized.
2022-06-01T02:17:28.007Z - warn: Metrics: no valid info
