2022-05-09 14:07:16-log: [Package] menu@1.0.0 enable
2022-05-09 14:07:16-log: [Package] profile@1.0.0 enable
2022-05-09 14:07:16-log: [Package] project@1.0.1 enable
2022-05-09 14:07:16-log: [Package] messages@1.0.0 enable
2022-05-09 14:07:16-log: [Package] program@1.0.0 enable
2022-05-09 14:07:16-log: [Package] device@1.0.1 enable
2022-05-09 14:07:16-log: [Package] ui-kit@1.0.1 enable
2022-05-09 14:07:16-log: [Package] tester@1.0.0 enable
2022-05-09 14:07:16-log: [Package] preferences@1.0.0 enable
2022-05-09 14:07:17-log: Setup mods mgr.: 566.91ms
2022-05-09 14:07:17-log: Profile changed: engine (modules.includeModules: 2d,3d,audio,base,dragon-bones,gfx-webgl,gfx-webgl2,intersection-2d,marionette,particle,particle-2d,physics-2d-box2d,physics-ammo,primitive,profiler,spine,terrain,tiled-map,tween,ui,video,webview)
2022-05-09 14:07:17-log: [Package] engine@1.0.5 enable
2022-05-09 14:07:20-log: [Package] programming@1.0.0 enable
2022-05-09 14:07:20-log: [Package] Profile Migrate: builder@Cocos Creator...
2022-05-09 14:07:20-log: [Package] Profile Migrate: builder@Cocos Creator...
2022-05-09 14:07:21-log: [Package] engine-extends@1.0.0 enable
2022-05-09 14:07:21-log: [Package] asset-db@1.0.0 enable
2022-05-09 14:07:21-log: [Package] console@1.0.0 enable
2022-05-09 14:07:21-log: [Package] scene@1.0.0 enable
2022-05-09 14:07:21-log: [Package] about@1.0.0 enable
2022-05-09 14:07:21-log: [Package] server@1.0.0 enable
2022-05-09 14:07:21-log: [Package] utils@1.0.0 enable
2022-05-09 14:07:22-log: [Package] assets@1.0.0 enable
2022-05-09 14:07:22-log: [Package] inspector@1.0.0 enable
2022-05-09 14:07:22-log: [Package] hierarchy@1.0.0 enable
2022-05-09 14:07:24-log: [Package] preview@1.0.1 enable
2022-05-09 14:07:24-log: [Package] animator@1.0.0 enable
2022-05-09 14:07:25-log: 设置的 IP 地址不存在，将使用默认 IP
2022-05-09 14:07:27-log: [Package] builder@1.3.1 enable
2022-05-09 14:07:27-log: [Package] node-library@1.0.0 enable
2022-05-09 14:07:27-log: [Package] shortcuts@1.0.1 enable
2022-05-09 14:07:27-log: [Package] package-asset@1.0.0 enable
2022-05-09 14:07:27-log: [Package] reference-image@1.0.0 enable
2022-05-09 14:07:27-log: [Package] animation-graph@1.0.0 enable
2022-05-09 14:07:27-log: [Package] channel-upload-tools@1.0.0 enable
2022-05-09 14:07:27-log: [Package] runtime-dev-tools@1.0.0 enable
2022-05-09 14:07:27-log: [Package] lightmap@1.0.4 enable
2022-05-09 14:07:27-log: [Package] alipay-mini-game@1.0.0 enable
2022-05-09 14:07:27-log: [Package] android@1.0.0 enable
2022-05-09 14:07:27-log: [Package] baidu-mini-game@1.0.0 enable
2022-05-09 14:07:27-log: [Package] bytedance-mini-game@1.0.1 enable
2022-05-09 14:07:27-log: [Package] huawei-agc@1.0.0 enable
2022-05-09 14:07:29-log: [Package] ios@1.0.0 enable
2022-05-09 14:07:29-log: [Package] ios-app-clip@1.0.0 enable
2022-05-09 14:07:29-log: [Package] mac@1.0.0 enable
2022-05-09 14:07:29-log: [Package] native@1.0.0 enable
2022-05-09 14:07:29-log: [Package] ohos@1.0.0 enable
2022-05-09 14:07:29-log: [Package] web-desktop@1.0.0 enable
2022-05-09 14:07:29-log: [Package] web-mobile@1.0.0 enable
2022-05-09 14:07:29-log: [Package] wechatgame@1.0.1 enable
2022-05-09 14:07:29-log: [Package] windows@1.0.0 enable
2022-05-09 14:07:29-log: [Package] xiaomi-quick-game@1.0.0 enable
2022-05-09 14:07:29-log: [Package] cocos-play@1.0.0 enable
2022-05-09 14:07:29-log: [Package] huawei-quick-game@1.0.0 enable
2022-05-09 14:07:29-log: [Package] link-sure@1.0.0 enable
2022-05-09 14:07:29-log: [Package] oppo-mini-game@1.0.0 enable
2022-05-09 14:07:29-log: [Package] qtt@1.0.0 enable
2022-05-09 14:07:29-log: [Package] vivo-mini-game@1.0.0 enable
2022-05-09 14:07:30-log: [Package] cocos-service@3.0.2 enable
2022-05-09 14:07:30-log: [Package] importer@1.0.0 enable
2022-05-09 14:07:31-log: [Package] extension@3.0.15 enable
2022-05-09 14:07:31-log: [Im-plugin] Check im-plugin version.
2022-05-09 14:07:31-log: [Package] im-plugin@3.0.8 enable
2022-05-09 14:07:31-log: 设置的 IP 地址不存在，将使用默认 IP
2022-05-09 14:07:32-log: [Im-plugin] No online info of im-plugin.
2022-05-09 14:07:40-warn: Browserslist: caniuse-lite is outdated. Please run:
npx browserslist@latest --update-db

Why you should do it regularly:
https://github.com/browserslist/browserslist#browsers-data-updating
2022-05-09 14:07:41-log: [Scene] Cocos Creator v3.4.2
2022-05-09 14:07:41-info: [Scene] Forward render pipeline initialized.
2022-05-22T09:20:39.325Z - log: [Package] menu@1.0.0 enable
2022-05-22T09:20:39.327Z - log: [Package] profile@1.0.0 enable
2022-05-22T09:20:39.342Z - log: [Package] project@1.0.2 enable
2022-05-22T09:20:39.349Z - log: [Package] messages@1.0.0 enable
2022-05-22T09:20:39.354Z - log: [Package] program@1.0.0 enable
2022-05-22T09:20:39.362Z - log: [Package] tester@1.0.0 enable
2022-05-22T09:20:39.367Z - log: [Package] preferences@1.0.0 enable
2022-05-22T09:20:40.144Z - log: Setup mods mgr.: 330.948ms
2022-05-22T09:20:40.159Z - verbose: [Engine] QuickCompile engine (722ms)
2022-05-22T09:20:40.162Z - log: [Package] engine@1.0.6 enable
2022-05-22T09:20:41.036Z - log: [Package] programming@1.0.0 enable
2022-05-22T09:20:41.342Z - log: [Package] device@1.0.1 enable
2022-05-22T09:20:41.375Z - log: [Package] ui-kit@1.0.1 enable
2022-05-22T09:20:41.405Z - log: [Package] engine-extends@1.0.0 enable
2022-05-22T09:20:41.475Z - log: [Package] asset-db@1.0.0 enable
2022-05-22T09:20:41.533Z - log: [Package] scene@1.0.0 enable
2022-05-22T09:20:41.779Z - log: [Package] server@1.0.0 enable
2022-05-22T09:20:41.819Z - log: [Package] utils@1.0.0 enable
2022-05-22T09:20:47.390Z - log: [Package] preview@1.0.1 enable
2022-05-22T09:20:47.628Z - log: [Package] animator@1.0.0 enable
2022-05-22T09:20:47.808Z - log: 设置的 IP 地址不存在，将使用默认 IP
2022-05-22T09:20:49.656Z - log: [Package] builder@1.3.2 enable
2022-05-22T09:20:49.692Z - log: [Package] shortcuts@1.0.1 enable
2022-05-22T09:20:49.727Z - log: [Package] animation-graph@1.0.0 enable
2022-05-22T09:20:49.750Z - log: [Package] runtime-dev-tools@1.0.0 enable
2022-05-22T09:20:49.777Z - log: [Package] channel-upload-tools@1.0.0 enable
2022-05-22T09:20:49.814Z - log: [Package] about@1.0.0 enable
2022-05-22T09:20:49.858Z - log: [Package] assets@1.0.0 enable
2022-05-22T09:20:49.915Z - log: [Package] console@1.0.0 enable
2022-05-22T09:20:50.301Z - log: [Package] extension@3.0.16 enable
2022-05-22T09:20:50.359Z - log: [Package] hierarchy@1.0.0 enable
2022-05-22T09:20:50.403Z - log: [Package] inspector@1.0.0 enable
2022-05-22T09:20:50.463Z - log: [Package] lightmap@1.0.4 enable
2022-05-22T09:20:50.549Z - log: [Package] node-library@1.0.1 enable
2022-05-22T09:20:50.596Z - log: [Package] package-asset@1.0.0 enable
2022-05-22T09:20:50.659Z - log: [Package] process@1.0.0 enable
2022-05-22T09:20:50.698Z - log: [Package] reference-image@1.0.0 enable
2022-05-22T09:20:50.726Z - log: [Package] alipay-mini-game@1.0.0 enable
2022-05-22T09:20:50.756Z - log: [Package] android@1.0.0 enable
2022-05-22T09:20:50.798Z - log: [Package] baidu-mini-game@1.0.0 enable
2022-05-22T09:20:50.827Z - log: [Package] bytedance-mini-game@1.0.1 enable
2022-05-22T09:20:50.852Z - log: [Package] cocos-play@1.0.0 enable
2022-05-22T09:20:50.880Z - log: [Package] huawei-agc@1.0.0 enable
2022-05-22T09:20:50.913Z - log: [Package] huawei-quick-game@1.0.0 enable
2022-05-22T09:20:52.260Z - log: [Package] ios@1.0.0 enable
2022-05-22T09:20:52.286Z - log: [Package] ios-app-clip@1.0.0 enable
2022-05-22T09:20:52.320Z - log: [Package] link-sure@1.0.0 enable
2022-05-22T09:20:52.368Z - log: [Package] linux@1.0.0 enable
2022-05-22T09:20:52.432Z - log: [Package] mac@1.0.0 enable
2022-05-22T09:20:52.633Z - log: [Package] native@1.0.0 enable
2022-05-22T09:20:52.635Z - verbose: [AssetDB] Require engine code (3178ms)
2022-05-22T09:20:52.663Z - log: [Package] ohos@1.0.0 enable
2022-05-22T09:20:52.692Z - log: [Package] open-harmonyos@1.0.0 enable
2022-05-22T09:20:52.716Z - log: [Package] oppo-mini-game@1.0.0 enable
2022-05-22T09:20:52.740Z - log: [Package] qtt@1.0.0 enable
2022-05-22T09:20:52.770Z - log: [Package] vivo-mini-game@1.0.0 enable
2022-05-22T09:20:52.812Z - log: [Package] web-desktop@1.0.0 enable
2022-05-22T09:20:52.946Z - log: [Package] web-mobile@1.0.0 enable
2022-05-22T09:20:52.988Z - log: [Package] wechatgame@1.0.1 enable
2022-05-22T09:20:53.013Z - log: [Package] windows@1.0.0 enable
2022-05-22T09:20:53.041Z - log: [Package] xiaomi-quick-game@1.0.0 enable
2022-05-22T09:20:53.587Z - log: [Package] cocos-service@3.0.3 enable
2022-05-22T09:20:53.645Z - log: [Package] importer@1.0.0 enable
2022-05-22T09:20:54.378Z - log: [Im-plugin] Check im-plugin version.
2022-05-22T09:20:54.396Z - log: [Package] im-plugin@3.0.8 enable
2022-05-22T09:20:55.197Z - log: [Im-plugin] No online info of im-plugin.
2022-05-22T09:20:55.871Z - log: 设置的 IP 地址不存在，将使用默认 IP
2022-05-22T09:21:09.445Z - verbose: [Scene] Require engine code (0ms)
2022-05-22T09:21:09.446Z - verbose: [Scene] Startup engine (0ms)
2022-05-22T09:21:09.491Z - log: [Scene] Cocos Creator v3.5.0
2022-05-22T09:21:09.930Z - verbose: [Scene] Open engine (484ms)
2022-05-22T09:21:09.931Z - verbose: [Scene] Configure engine (0ms)
2022-05-22T09:21:09.627Z - info: [Scene] Forward render pipeline initialized.
2022-05-22T09:21:35.000Z - warn: Metrics: no valid info
2022-05-22T09:21:35.014Z - error: Error occurred in handler for 'GUEST_VIEW_MANAGER_CALL': Error: Invalid guestInstanceId: 6
    at getGuestForWebContents (electron/js2c/browser_init.js:181:6307)
    at electron/js2c/browser_init.js:181:5372
    at electron/js2c/browser_init.js:181:1637
    at electron/js2c/browser_init.js:197:579
    at Object.<anonymous> (electron/js2c/browser_init.js:161:9782)
    at Object.emit (events.js:315:20)
