2022-05-22T08:01:31.386Z - log: [Package] menu@1.0.0 enable
2022-05-22T08:01:31.388Z - log: [Package] profile@1.0.0 enable
2022-05-22T08:01:31.404Z - log: [Package] project@1.0.2 enable
2022-05-22T08:01:31.411Z - log: [Package] messages@1.0.0 enable
2022-05-22T08:01:31.416Z - log: [Package] program@1.0.0 enable
2022-05-22T08:01:31.423Z - log: [Package] tester@1.0.0 enable
2022-05-22T08:01:31.431Z - log: [Package] preferences@1.0.0 enable
2022-05-22T08:01:32.216Z - log: Setup mods mgr.: 379.627ms
2022-05-22T08:01:32.233Z - verbose: [Engine] QuickCompile engine (737ms)
2022-05-22T08:01:32.237Z - log: [Package] engine@1.0.6 enable
2022-05-22T08:01:33.121Z - log: [Package] programming@1.0.0 enable
2022-05-22T08:01:33.434Z - log: [Package] device@1.0.1 enable
2022-05-22T08:01:33.461Z - log: [Package] ui-kit@1.0.1 enable
2022-05-22T08:01:33.488Z - log: [Package] engine-extends@1.0.0 enable
2022-05-22T08:01:33.554Z - log: [Package] asset-db@1.0.0 enable
2022-05-22T08:01:33.609Z - log: [Package] scene@1.0.0 enable
2022-05-22T08:01:33.899Z - log: [Package] server@1.0.0 enable
2022-05-22T08:01:33.942Z - log: [Package] utils@1.0.0 enable
2022-05-22T08:01:38.896Z - log: [Package] preview@1.0.1 enable
2022-05-22T08:01:38.932Z - log: [Package] animator@1.0.0 enable
2022-05-22T08:01:39.097Z - log: 设置的 IP 地址不存在，将使用默认 IP
2022-05-22T08:01:40.583Z - log: [Package] builder@1.3.2 enable
2022-05-22T08:01:40.618Z - log: [Package] shortcuts@1.0.1 enable
2022-05-22T08:01:40.652Z - log: [Package] animation-graph@1.0.0 enable
2022-05-22T08:01:40.674Z - log: [Package] runtime-dev-tools@1.0.0 enable
2022-05-22T08:01:40.700Z - log: [Package] channel-upload-tools@1.0.0 enable
2022-05-22T08:01:40.736Z - log: [Package] about@1.0.0 enable
2022-05-22T08:01:40.800Z - log: [Package] assets@1.0.0 enable
2022-05-22T08:01:40.856Z - log: [Package] console@1.0.0 enable
2022-05-22T08:01:41.234Z - log: [Package] extension@3.0.16 enable
2022-05-22T08:01:41.275Z - log: [Package] hierarchy@1.0.0 enable
2022-05-22T08:01:41.319Z - log: [Package] inspector@1.0.0 enable
2022-05-22T08:01:41.371Z - log: [Package] lightmap@1.0.4 enable
2022-05-22T08:01:41.458Z - log: [Package] node-library@1.0.1 enable
2022-05-22T08:01:41.531Z - log: [Package] package-asset@1.0.0 enable
2022-05-22T08:01:41.568Z - log: [Package] process@1.0.0 enable
2022-05-22T08:01:41.610Z - log: [Package] reference-image@1.0.0 enable
2022-05-22T08:01:41.634Z - log: [Package] alipay-mini-game@1.0.0 enable
2022-05-22T08:01:41.667Z - log: [Package] android@1.0.0 enable
2022-05-22T08:01:41.698Z - log: [Package] baidu-mini-game@1.0.0 enable
2022-05-22T08:01:41.727Z - log: [Package] bytedance-mini-game@1.0.1 enable
2022-05-22T08:01:41.756Z - log: [Package] cocos-play@1.0.0 enable
2022-05-22T08:01:41.785Z - log: [Package] huawei-agc@1.0.0 enable
2022-05-22T08:01:41.814Z - log: [Package] huawei-quick-game@1.0.0 enable
2022-05-22T08:01:43.153Z - log: [Package] ios@1.0.0 enable
2022-05-22T08:01:43.181Z - log: [Package] ios-app-clip@1.0.0 enable
2022-05-22T08:01:43.204Z - log: [Package] link-sure@1.0.0 enable
2022-05-22T08:01:43.234Z - log: [Package] linux@1.0.0 enable
2022-05-22T08:01:43.257Z - log: [Package] mac@1.0.0 enable
2022-05-22T08:01:43.570Z - log: [Package] native@1.0.0 enable
2022-05-22T08:01:43.572Z - verbose: [AssetDB] Require engine code (3408ms)
2022-05-22T08:01:43.681Z - log: [Package] ohos@1.0.0 enable
2022-05-22T08:01:43.753Z - log: [Package] open-harmonyos@1.0.0 enable
2022-05-22T08:01:43.795Z - log: [Package] oppo-mini-game@1.0.0 enable
2022-05-22T08:01:43.826Z - log: [Package] qtt@1.0.0 enable
2022-05-22T08:01:43.857Z - log: [Package] vivo-mini-game@1.0.0 enable
2022-05-22T08:01:43.911Z - log: [Package] web-desktop@1.0.0 enable
2022-05-22T08:01:43.960Z - log: [Package] web-mobile@1.0.0 enable
2022-05-22T08:01:44.005Z - log: [Package] wechatgame@1.0.1 enable
2022-05-22T08:01:44.029Z - log: [Package] windows@1.0.0 enable
2022-05-22T08:01:44.057Z - log: [Package] xiaomi-quick-game@1.0.0 enable
2022-05-22T08:01:44.398Z - log: [Package] cocos-service@3.0.3 enable
2022-05-22T08:01:44.445Z - log: [Package] importer@1.0.0 enable
2022-05-22T08:01:45.184Z - log: [Im-plugin] Check im-plugin version.
2022-05-22T08:01:45.211Z - log: [Package] im-plugin@3.0.8 enable
2022-05-22T08:01:46.087Z - log: [Im-plugin] No online info of im-plugin.
2022-05-22T08:01:46.993Z - log: 设置的 IP 地址不存在，将使用默认 IP
2022-05-22T08:02:03.492Z - verbose: [Scene] Require engine code (1ms)
2022-05-22T08:02:03.495Z - verbose: [Scene] Startup engine (1ms)
2022-05-22T08:02:03.531Z - log: [Scene] Cocos Creator v3.5.0
2022-05-22T08:02:03.877Z - verbose: [Scene] Open engine (384ms)
2022-05-22T08:02:03.877Z - verbose: [Scene] Configure engine (0ms)
2022-05-22T08:02:03.635Z - info: [Scene] Forward render pipeline initialized.
2022-05-22T08:02:10.979Z - warn: Metrics: no valid info
