2022-05-22T07:15:16.587Z - log: [Package] menu@1.0.0 enable
2022-05-22T07:15:16.589Z - log: [Package] profile@1.0.0 enable
2022-05-22T07:15:16.604Z - log: [Package] project@1.0.2 enable
2022-05-22T07:15:16.610Z - log: [Package] messages@1.0.0 enable
2022-05-22T07:15:16.615Z - log: [Package] program@1.0.0 enable
2022-05-22T07:15:16.621Z - log: [Package] tester@1.0.0 enable
2022-05-22T07:15:16.630Z - log: [Package] preferences@1.0.0 enable
2022-05-22T07:15:17.407Z - log: Setup mods mgr.: 333.844ms
2022-05-22T07:15:17.418Z - verbose: [Engine] QuickCompile engine (724ms)
2022-05-22T07:15:17.422Z - log: [Package] engine@1.0.6 enable
2022-05-22T07:15:18.247Z - log: [Package] programming@1.0.0 enable
2022-05-22T07:15:18.541Z - log: [Package] device@1.0.1 enable
2022-05-22T07:15:18.569Z - log: [Package] ui-kit@1.0.1 enable
2022-05-22T07:15:18.595Z - log: [Package] engine-extends@1.0.0 enable
2022-05-22T07:15:18.662Z - log: [Package] asset-db@1.0.0 enable
2022-05-22T07:15:18.701Z - log: [Package] scene@1.0.0 enable
2022-05-22T07:15:18.997Z - log: [Package] server@1.0.0 enable
2022-05-22T07:15:19.029Z - log: [Package] utils@1.0.0 enable
2022-05-22T07:15:23.326Z - log: [Package] preview@1.0.1 enable
2022-05-22T07:15:23.358Z - log: [Package] animator@1.0.0 enable
2022-05-22T07:15:23.456Z - log: 设置的 IP 地址不存在，将使用默认 IP
2022-05-22T07:15:24.363Z - log: [Package] builder@1.3.2 enable
2022-05-22T07:15:24.399Z - log: [Package] shortcuts@1.0.1 enable
2022-05-22T07:15:24.430Z - log: [Package] animation-graph@1.0.0 enable
2022-05-22T07:15:24.451Z - log: [Package] runtime-dev-tools@1.0.0 enable
2022-05-22T07:15:24.478Z - log: [Package] channel-upload-tools@1.0.0 enable
2022-05-22T07:15:24.510Z - log: [Package] about@1.0.0 enable
2022-05-22T07:15:24.543Z - log: [Package] assets@1.0.0 enable
2022-05-22T07:15:24.579Z - log: [Package] console@1.0.0 enable
2022-05-22T07:15:24.827Z - log: [Package] extension@3.0.16 enable
2022-05-22T07:15:24.876Z - log: [Package] hierarchy@1.0.0 enable
2022-05-22T07:15:24.918Z - log: [Package] inspector@1.0.0 enable
2022-05-22T07:15:24.959Z - log: [Package] lightmap@1.0.4 enable
2022-05-22T07:15:25.017Z - log: [Package] node-library@1.0.1 enable
2022-05-22T07:15:25.049Z - log: [Package] package-asset@1.0.0 enable
2022-05-22T07:15:25.090Z - log: [Package] process@1.0.0 enable
2022-05-22T07:15:25.129Z - log: [Package] reference-image@1.0.0 enable
2022-05-22T07:15:25.162Z - log: [Package] alipay-mini-game@1.0.0 enable
2022-05-22T07:15:25.191Z - log: [Package] android@1.0.0 enable
2022-05-22T07:15:25.218Z - log: [Package] baidu-mini-game@1.0.0 enable
2022-05-22T07:15:25.243Z - log: [Package] bytedance-mini-game@1.0.1 enable
2022-05-22T07:15:25.271Z - log: [Package] cocos-play@1.0.0 enable
2022-05-22T07:15:25.299Z - log: [Package] huawei-agc@1.0.0 enable
2022-05-22T07:15:25.327Z - log: [Package] huawei-quick-game@1.0.0 enable
2022-05-22T07:15:26.694Z - log: [Package] ios@1.0.0 enable
2022-05-22T07:15:26.724Z - log: [Package] ios-app-clip@1.0.0 enable
2022-05-22T07:15:26.750Z - log: [Package] link-sure@1.0.0 enable
2022-05-22T07:15:26.776Z - log: [Package] linux@1.0.0 enable
2022-05-22T07:15:26.798Z - log: [Package] mac@1.0.0 enable
2022-05-22T07:15:26.944Z - log: [Package] native@1.0.0 enable
2022-05-22T07:15:26.974Z - log: [Package] ohos@1.0.0 enable
2022-05-22T07:15:26.985Z - verbose: [AssetDB] Require engine code (2846ms)
2022-05-22T07:15:27.007Z - log: [Package] open-harmonyos@1.0.0 enable
2022-05-22T07:15:27.043Z - log: [Package] oppo-mini-game@1.0.0 enable
2022-05-22T07:15:27.077Z - log: [Package] qtt@1.0.0 enable
2022-05-22T07:15:27.111Z - log: [Package] vivo-mini-game@1.0.0 enable
2022-05-22T07:15:27.154Z - log: [Package] web-desktop@1.0.0 enable
2022-05-22T07:15:27.194Z - log: [Package] web-mobile@1.0.0 enable
2022-05-22T07:15:27.236Z - log: [Package] wechatgame@1.0.1 enable
2022-05-22T07:15:27.262Z - log: [Package] windows@1.0.0 enable
2022-05-22T07:15:27.289Z - log: [Package] xiaomi-quick-game@1.0.0 enable
2022-05-22T07:15:27.862Z - log: [Package] cocos-service@3.0.3 enable
2022-05-22T07:15:27.913Z - log: [Package] importer@1.0.0 enable
2022-05-22T07:15:28.312Z - log: [Im-plugin] Check im-plugin version.
2022-05-22T07:15:28.332Z - log: [Package] im-plugin@3.0.8 enable
2022-05-22T07:15:29.139Z - log: [Im-plugin] No online info of im-plugin.
2022-05-22T07:15:29.538Z - log: 设置的 IP 地址不存在，将使用默认 IP
2022-05-22T07:15:40.113Z - verbose: [Scene] Require engine code (0ms)
2022-05-22T07:15:40.116Z - verbose: [Scene] Startup engine (1ms)
2022-05-22T07:15:40.152Z - log: [Scene] Cocos Creator v3.5.0
2022-05-22T07:15:40.471Z - verbose: [Scene] Open engine (356ms)
2022-05-22T07:15:40.471Z - verbose: [Scene] Configure engine (0ms)
2022-05-22T07:15:40.263Z - info: [Scene] Forward render pipeline initialized.
2022-05-22T07:16:19.452Z - warn: Metrics: no valid info
