2022-05-23T03:49:10.656Z - log: [Package] menu@1.0.0 enable
2022-05-23T03:49:10.659Z - log: [Package] profile@1.0.0 enable
2022-05-23T03:49:10.676Z - log: [Package] project@1.0.2 enable
2022-05-23T03:49:10.690Z - log: [Package] messages@1.0.0 enable
2022-05-23T03:49:10.695Z - log: [Package] program@1.0.0 enable
2022-05-23T03:49:10.702Z - log: [Package] tester@1.0.0 enable
2022-05-23T03:49:10.709Z - log: [Package] preferences@1.0.0 enable
2022-05-23T03:49:11.484Z - log: Setup mods mgr.: 355.286ms
2022-05-23T03:49:11.497Z - verbose: [Engine] QuickCompile engine (720ms)
2022-05-23T03:49:11.501Z - log: [Package] engine@1.0.6 enable
2022-05-23T03:49:12.842Z - log: [Package] programming@1.0.0 enable
2022-05-23T03:49:13.174Z - log: [Package] device@1.0.1 enable
2022-05-23T03:49:13.201Z - log: [Package] ui-kit@1.0.1 enable
2022-05-23T03:49:13.228Z - log: [Package] engine-extends@1.0.0 enable
2022-05-23T03:49:13.296Z - log: [Package] asset-db@1.0.0 enable
2022-05-23T03:49:13.337Z - log: [Package] scene@1.0.0 enable
2022-05-23T03:49:13.699Z - log: [Package] server@1.0.0 enable
2022-05-23T03:49:13.807Z - log: [Package] utils@1.0.0 enable
2022-05-23T03:49:18.580Z - log: [Package] preview@1.0.1 enable
2022-05-23T03:49:18.615Z - log: [Package] animator@1.0.0 enable
2022-05-23T03:49:18.855Z - log: 设置的 IP 地址不存在，将使用默认 IP
2022-05-23T03:49:19.844Z - log: [Package] builder@1.3.2 enable
2022-05-23T03:49:19.879Z - log: [Package] shortcuts@1.0.1 enable
2022-05-23T03:49:19.912Z - log: [Package] animation-graph@1.0.0 enable
2022-05-23T03:49:19.934Z - log: [Package] runtime-dev-tools@1.0.0 enable
2022-05-23T03:49:19.958Z - log: [Package] channel-upload-tools@1.0.0 enable
2022-05-23T03:49:19.996Z - log: [Package] about@1.0.0 enable
2022-05-23T03:49:20.034Z - log: [Package] assets@1.0.0 enable
2022-05-23T03:49:20.082Z - log: [Package] console@1.0.0 enable
2022-05-23T03:49:20.399Z - log: [Package] extension@3.0.16 enable
2022-05-23T03:49:20.460Z - log: [Package] hierarchy@1.0.0 enable
2022-05-23T03:49:20.517Z - log: [Package] inspector@1.0.0 enable
2022-05-23T03:49:20.551Z - log: [Package] lightmap@1.0.4 enable
2022-05-23T03:49:20.621Z - log: [Package] node-library@1.0.1 enable
2022-05-23T03:49:20.646Z - log: [Package] package-asset@1.0.0 enable
2022-05-23T03:49:20.687Z - log: [Package] process@1.0.0 enable
2022-05-23T03:49:20.726Z - log: [Package] reference-image@1.0.0 enable
2022-05-23T03:49:20.755Z - log: [Package] alipay-mini-game@1.0.0 enable
2022-05-23T03:49:20.781Z - log: [Package] android@1.0.0 enable
2022-05-23T03:49:20.806Z - log: [Package] baidu-mini-game@1.0.0 enable
2022-05-23T03:49:20.831Z - log: [Package] bytedance-mini-game@1.0.1 enable
2022-05-23T03:49:20.857Z - log: [Package] cocos-play@1.0.0 enable
2022-05-23T03:49:20.882Z - log: [Package] huawei-agc@1.0.0 enable
2022-05-23T03:49:20.907Z - log: [Package] huawei-quick-game@1.0.0 enable
2022-05-23T03:49:22.456Z - log: [Package] ios@1.0.0 enable
2022-05-23T03:49:22.484Z - log: [Package] ios-app-clip@1.0.0 enable
2022-05-23T03:49:22.510Z - log: [Package] link-sure@1.0.0 enable
2022-05-23T03:49:22.536Z - log: [Package] linux@1.0.0 enable
2022-05-23T03:49:22.563Z - log: [Package] mac@1.0.0 enable
2022-05-23T03:49:22.739Z - log: [Package] native@1.0.0 enable
2022-05-23T03:49:22.748Z - verbose: [AssetDB] Require engine code (3084ms)
2022-05-23T03:49:22.768Z - log: [Package] ohos@1.0.0 enable
2022-05-23T03:49:22.796Z - log: [Package] open-harmonyos@1.0.0 enable
2022-05-23T03:49:22.824Z - log: [Package] oppo-mini-game@1.0.0 enable
2022-05-23T03:49:22.847Z - log: [Package] qtt@1.0.0 enable
2022-05-23T03:49:22.874Z - log: [Package] vivo-mini-game@1.0.0 enable
2022-05-23T03:49:22.918Z - log: [Package] web-desktop@1.0.0 enable
2022-05-23T03:49:22.958Z - log: [Package] web-mobile@1.0.0 enable
2022-05-23T03:49:22.996Z - log: [Package] wechatgame@1.0.1 enable
2022-05-23T03:49:23.020Z - log: [Package] windows@1.0.0 enable
2022-05-23T03:49:23.056Z - log: [Package] xiaomi-quick-game@1.0.0 enable
2022-05-23T03:49:23.385Z - log: [Package] cocos-service@3.0.3 enable
2022-05-23T03:49:23.431Z - log: [Package] importer@1.0.0 enable
2022-05-23T03:49:23.819Z - log: [Im-plugin] Check im-plugin version.
2022-05-23T03:49:23.850Z - log: [Package] im-plugin@3.0.8 enable
2022-05-23T03:49:24.612Z - log: [Im-plugin] No online info of im-plugin.
2022-05-23T03:49:25.159Z - log: 设置的 IP 地址不存在，将使用默认 IP
2022-05-23T03:49:41.601Z - verbose: [Scene] Require engine code (0ms)
2022-05-23T03:49:41.603Z - verbose: [Scene] Startup engine (1ms)
2022-05-23T03:49:41.637Z - log: [Scene] Cocos Creator v3.5.0
2022-05-23T03:49:42.255Z - verbose: [Scene] Open engine (652ms)
2022-05-23T03:49:42.256Z - verbose: [Scene] Configure engine (1ms)
2022-05-23T03:49:41.862Z - info: [Scene] Forward render pipeline initialized.
2022-05-23T03:50:55.096Z - log: 设置的 IP 地址不存在，将使用默认 IP
2022-05-23T03:52:52.107Z - error: [Scene]  no atlas found!Error: [Scene]  no atlas found!
    at Proxy._getAtlas (/Applications/CocosCreator/Creator/3.5.0/CocosCreator.app/Contents/Resources/resources/3d/engine/bin/.cache/dev/editor/bundled/index.js:49469:17)
    at Proxy.getRuntimeData (/Applications/CocosCreator/Creator/3.5.0/CocosCreator.app/Contents/Resources/resources/3d/engine/bin/.cache/dev/editor/bundled/index.js:49356:24)
    at Skeleton._updateSkeletonData (/Applications/CocosCreator/Creator/3.5.0/CocosCreator.app/Contents/Resources/resources/3d/engine/bin/.cache/dev/editor/bundled/index.js:51634:36)
    at Skeleton.set skeletonData (/Applications/CocosCreator/Creator/3.5.0/CocosCreator.app/Contents/Resources/resources/3d/engine/bin/.cache/dev/editor/bundled/index.js:50096:12)
    at Skeleton.<anonymous> (/Applications/CocosCreator/Creator/3.5.0/CocosCreator.app/Contents/Resources/app.asar/builtin/scene/dist/script/3d/manager/asset/asset-watcher.ccc:1:1222)
    at invokeAssetSetter (/Applications/CocosCreator/Creator/3.5.0/CocosCreator.app/Contents/Resources/app.asar/builtin/scene/dist/script/3d/manager/asset/asset-watcher.ccc:1:1820)
    at CallbacksInvoker.emit (/Applications/CocosCreator/Creator/3.5.0/CocosCreator.app/Contents/Resources/app.asar/builtin/scene/dist/utils/callbacks-invoker.ccc:1:2992)
2022-05-23T03:52:52.116Z - error: [Scene] Cannot read property 'chunk' of nullTypeError: Cannot read property 'chunk' of null
    at realTimeTraverse (/Applications/CocosCreator/Creator/3.5.0/CocosCreator.app/Contents/Resources/resources/3d/engine/bin/.cache/dev/editor/bundled/index.js:185643:14)
    at updateComponentRenderData (/Applications/CocosCreator/Creator/3.5.0/CocosCreator.app/Contents/Resources/resources/3d/engine/bin/.cache/dev/editor/bundled/index.js:185453:5)
    at Object.updateRenderData (/Applications/CocosCreator/Creator/3.5.0/CocosCreator.app/Contents/Resources/resources/3d/engine/bin/.cache/dev/editor/bundled/index.js:185392:7)
    at Skeleton.updateAssembler (/Applications/CocosCreator/Creator/3.5.0/CocosCreator.app/Contents/Resources/resources/3d/engine/bin/.cache/dev/editor/bundled/index.js:156041:23)
    at Batcher2D.walk (/Applications/CocosCreator/Creator/3.5.0/CocosCreator.app/Contents/Resources/resources/3d/engine/bin/.cache/dev/editor/bundled/index.js:156986:14)
    at Batcher2D.walk (/Applications/CocosCreator/Creator/3.5.0/CocosCreator.app/Contents/Resources/resources/3d/engine/bin/.cache/dev/editor/bundled/index.js:157003:14)
    at Batcher2D.update (/Applications/CocosCreator/Creator/3.5.0/CocosCreator.app/Contents/Resources/resources/3d/engine/bin/.cache/dev/editor/bundled/index.js:156479:12)
    at Root.frameMove (/Applications/CocosCreator/Creator/3.5.0/CocosCreator.app/Contents/Resources/resources/3d/engine/bin/.cache/dev/editor/bundled/index.js:9537:23)
    at Director.tick (/Applications/CocosCreator/Creator/3.5.0/CocosCreator.app/Contents/Resources/resources/3d/engine/bin/.cache/dev/editor/bundled/index.js:7459:18)
    at EngineManager.tickInEditMode (/Applications/CocosCreator/Creator/3.5.0/CocosCreator.app/Contents/Resources/app.asar/builtin/scene/dist/script/3d/manager/engine/index.ccc:1:2422)
2022-05-23T03:52:52.943Z - error: [Scene] download failed: import://56/56e66b8c-8bb7-4ed3-bd12-6757b38c7915.json?_t=1653277972941, status: 0(error)Error: download failed: import://56/56e66b8c-8bb7-4ed3-bd12-6757b38c7915.json?_t=1653277972941, status: 0(error)
    at XMLHttpRequest.<anonymous> (/Applications/CocosCreator/Creator/3.5.0/CocosCreator.app/Contents/Resources/resources/3d/engine/bin/.cache/dev/editor/bundled/index.js:73287:18)
2022-05-23T03:52:53.044Z - error: [Scene]  no atlas found!Error: [Scene]  no atlas found!
    at Proxy._getAtlas (/Applications/CocosCreator/Creator/3.5.0/CocosCreator.app/Contents/Resources/resources/3d/engine/bin/.cache/dev/editor/bundled/index.js:49469:17)
    at Proxy.getRuntimeData (/Applications/CocosCreator/Creator/3.5.0/CocosCreator.app/Contents/Resources/resources/3d/engine/bin/.cache/dev/editor/bundled/index.js:49356:24)
    at Skeleton._updateSkeletonData (/Applications/CocosCreator/Creator/3.5.0/CocosCreator.app/Contents/Resources/resources/3d/engine/bin/.cache/dev/editor/bundled/index.js:51634:36)
    at Skeleton.__preload (/Applications/CocosCreator/Creator/3.5.0/CocosCreator.app/Contents/Resources/resources/3d/engine/bin/.cache/dev/editor/bundled/index.js:50606:10)
    at /Applications/CocosCreator/Creator/3.5.0/CocosCreator.app/Contents/Resources/resources/3d/engine/bin/.cache/dev/editor/bundled/index.js:138588:23
    at UnsortedInvoker._invoke (/Applications/CocosCreator/Creator/3.5.0/CocosCreator.app/Contents/Resources/resources/3d/engine/bin/.cache/dev/editor/bundled/index.js:137458:7)
    at UnsortedInvoker.invoke (/Applications/CocosCreator/Creator/3.5.0/CocosCreator.app/Contents/Resources/resources/3d/engine/bin/.cache/dev/editor/bundled/index.js:138575:10)
2022-05-23T03:52:53.200Z - error: [Window] Can not change the asset "db://assets/res/spine/girl/mix-and-match-pro.json", because the original asset is not exist. Maybe it is a new asset.
2022-05-23T03:52:56.419Z - warn: Metrics: no valid info
