2022-05-23T02:47:16.458Z - log: [Package] menu@1.0.0 enable
2022-05-23T02:47:16.462Z - log: [Package] profile@1.0.0 enable
2022-05-23T02:47:16.476Z - log: [Package] project@1.0.2 enable
2022-05-23T02:47:16.483Z - log: [Package] messages@1.0.0 enable
2022-05-23T02:47:16.487Z - log: [Package] program@1.0.0 enable
2022-05-23T02:47:16.494Z - log: [Package] tester@1.0.0 enable
2022-05-23T02:47:16.500Z - log: [Package] preferences@1.0.0 enable
2022-05-23T02:47:17.370Z - log: Setup mods mgr.: 372.689ms
2022-05-23T02:47:17.384Z - verbose: [Engine] QuickCompile engine (806ms)
2022-05-23T02:47:17.387Z - log: [Package] engine@1.0.6 enable
2022-05-23T02:47:18.296Z - log: [Package] programming@1.0.0 enable
2022-05-23T02:47:18.606Z - log: [Package] device@1.0.1 enable
2022-05-23T02:47:18.635Z - log: [Package] ui-kit@1.0.1 enable
2022-05-23T02:47:18.662Z - log: [Package] engine-extends@1.0.0 enable
2022-05-23T02:47:18.737Z - log: [Package] asset-db@1.0.0 enable
2022-05-23T02:47:18.785Z - log: [Package] scene@1.0.0 enable
2022-05-23T02:47:19.049Z - log: [Package] server@1.0.0 enable
2022-05-23T02:47:19.108Z - log: [Package] utils@1.0.0 enable
2022-05-23T02:47:25.257Z - log: [Package] preview@1.0.1 enable
2022-05-23T02:47:25.303Z - log: [Package] animator@1.0.0 enable
2022-05-23T02:47:25.588Z - log: 设置的 IP 地址不存在，将使用默认 IP
2022-05-23T02:47:26.983Z - log: [Package] builder@1.3.2 enable
2022-05-23T02:47:27.019Z - log: [Package] shortcuts@1.0.1 enable
2022-05-23T02:47:27.053Z - log: [Package] animation-graph@1.0.0 enable
2022-05-23T02:47:27.076Z - log: [Package] runtime-dev-tools@1.0.0 enable
2022-05-23T02:47:27.100Z - log: [Package] channel-upload-tools@1.0.0 enable
2022-05-23T02:47:27.132Z - log: [Package] about@1.0.0 enable
2022-05-23T02:47:27.169Z - log: [Package] assets@1.0.0 enable
2022-05-23T02:47:27.224Z - log: [Package] console@1.0.0 enable
2022-05-23T02:47:27.617Z - log: [Package] extension@3.0.16 enable
2022-05-23T02:47:27.669Z - log: [Package] hierarchy@1.0.0 enable
2022-05-23T02:47:27.720Z - log: [Package] inspector@1.0.0 enable
2022-05-23T02:47:27.757Z - log: [Package] lightmap@1.0.4 enable
2022-05-23T02:47:27.890Z - log: [Package] node-library@1.0.1 enable
2022-05-23T02:47:27.917Z - log: [Package] package-asset@1.0.0 enable
2022-05-23T02:47:27.954Z - log: [Package] process@1.0.0 enable
2022-05-23T02:47:27.995Z - log: [Package] reference-image@1.0.0 enable
2022-05-23T02:47:28.021Z - log: [Package] alipay-mini-game@1.0.0 enable
2022-05-23T02:47:28.049Z - log: [Package] android@1.0.0 enable
2022-05-23T02:47:28.077Z - log: [Package] baidu-mini-game@1.0.0 enable
2022-05-23T02:47:28.108Z - log: [Package] bytedance-mini-game@1.0.1 enable
2022-05-23T02:47:28.137Z - log: [Package] cocos-play@1.0.0 enable
2022-05-23T02:47:28.167Z - log: [Package] huawei-agc@1.0.0 enable
2022-05-23T02:47:28.200Z - log: [Package] huawei-quick-game@1.0.0 enable
2022-05-23T02:47:29.896Z - log: [Package] ios@1.0.0 enable
2022-05-23T02:47:29.925Z - log: [Package] ios-app-clip@1.0.0 enable
2022-05-23T02:47:29.952Z - log: [Package] link-sure@1.0.0 enable
2022-05-23T02:47:29.979Z - log: [Package] linux@1.0.0 enable
2022-05-23T02:47:30.006Z - log: [Package] mac@1.0.0 enable
2022-05-23T02:47:30.210Z - log: [Package] native@1.0.0 enable
2022-05-23T02:47:30.213Z - verbose: [AssetDB] Require engine code (3484ms)
2022-05-23T02:47:30.244Z - log: [Package] ohos@1.0.0 enable
2022-05-23T02:47:30.270Z - log: [Package] open-harmonyos@1.0.0 enable
2022-05-23T02:47:30.296Z - log: [Package] oppo-mini-game@1.0.0 enable
2022-05-23T02:47:30.324Z - log: [Package] qtt@1.0.0 enable
2022-05-23T02:47:30.351Z - log: [Package] vivo-mini-game@1.0.0 enable
2022-05-23T02:47:30.394Z - log: [Package] web-desktop@1.0.0 enable
2022-05-23T02:47:30.434Z - log: [Package] web-mobile@1.0.0 enable
2022-05-23T02:47:30.517Z - log: [Package] wechatgame@1.0.1 enable
2022-05-23T02:47:30.549Z - log: [Package] windows@1.0.0 enable
2022-05-23T02:47:30.575Z - log: [Package] xiaomi-quick-game@1.0.0 enable
2022-05-23T02:47:30.921Z - log: [Package] cocos-service@3.0.3 enable
2022-05-23T02:47:31.028Z - log: [Package] importer@1.0.0 enable
2022-05-23T02:47:31.522Z - log: [Im-plugin] Check im-plugin version.
2022-05-23T02:47:31.538Z - log: [Package] im-plugin@3.0.8 enable
2022-05-23T02:47:32.333Z - log: [Im-plugin] No online info of im-plugin.
2022-05-23T02:47:32.969Z - log: 设置的 IP 地址不存在，将使用默认 IP
2022-05-23T02:47:45.681Z - verbose: [Scene] Require engine code (1ms)
2022-05-23T02:47:45.683Z - verbose: [Scene] Startup engine (1ms)
2022-05-23T02:47:45.737Z - log: [Scene] Cocos Creator v3.5.0
2022-05-23T02:47:46.182Z - verbose: [Scene] Open engine (499ms)
2022-05-23T02:47:46.182Z - verbose: [Scene] Configure engine (0ms)
2022-05-23T02:47:45.847Z - info: [Scene] Forward render pipeline initialized.
2022-05-23T02:48:15.824Z - info: [Scene] DragonBones: 5.6.300
Website: http://dragonbones.com/
Source and Demo: https://github.com/DragonBones/
2022-05-23T02:48:15.947Z - info: [Scene] DragonBones: 5.6.300
Website: http://dragonbones.com/
Source and Demo: https://github.com/DragonBones/
2022-05-23T02:48:15.952Z - info: [Scene] DragonBones: 5.6.300
Website: http://dragonbones.com/
Source and Demo: https://github.com/DragonBones/
2022-05-23T02:48:47.507Z - warn: Metrics: no valid info
2022-05-23T02:52:35.889Z - log: [Package] menu@1.0.0 enable
2022-05-23T02:52:35.892Z - log: [Package] profile@1.0.0 enable
2022-05-23T02:52:35.907Z - log: [Package] project@1.0.2 enable
2022-05-23T02:52:35.914Z - log: [Package] messages@1.0.0 enable
2022-05-23T02:52:35.919Z - log: [Package] program@1.0.0 enable
2022-05-23T02:52:35.925Z - log: [Package] tester@1.0.0 enable
2022-05-23T02:52:35.931Z - log: [Package] preferences@1.0.0 enable
2022-05-23T02:52:36.762Z - log: Setup mods mgr.: 376.956ms
2022-05-23T02:52:36.775Z - verbose: [Engine] QuickCompile engine (773ms)
2022-05-23T02:52:36.778Z - log: [Package] engine@1.0.6 enable
2022-05-23T02:52:37.787Z - log: [Package] programming@1.0.0 enable
2022-05-23T02:52:38.084Z - log: [Package] device@1.0.1 enable
2022-05-23T02:52:38.112Z - log: [Package] ui-kit@1.0.1 enable
2022-05-23T02:52:38.151Z - log: [Package] engine-extends@1.0.0 enable
2022-05-23T02:52:38.225Z - log: [Package] asset-db@1.0.0 enable
2022-05-23T02:52:38.275Z - log: [Package] scene@1.0.0 enable
2022-05-23T02:52:38.500Z - log: [Package] server@1.0.0 enable
2022-05-23T02:52:38.571Z - log: [Package] utils@1.0.0 enable
2022-05-23T02:52:43.479Z - log: [Package] preview@1.0.1 enable
2022-05-23T02:52:43.535Z - log: [Package] animator@1.0.0 enable
2022-05-23T02:52:43.740Z - log: 设置的 IP 地址不存在，将使用默认 IP
2022-05-23T02:52:44.917Z - log: [Package] builder@1.3.2 enable
2022-05-23T02:52:44.953Z - log: [Package] shortcuts@1.0.1 enable
2022-05-23T02:52:44.990Z - log: [Package] animation-graph@1.0.0 enable
2022-05-23T02:52:45.031Z - log: [Package] runtime-dev-tools@1.0.0 enable
2022-05-23T02:52:45.057Z - log: [Package] channel-upload-tools@1.0.0 enable
2022-05-23T02:52:45.091Z - log: [Package] about@1.0.0 enable
2022-05-23T02:52:45.137Z - log: [Package] assets@1.0.0 enable
2022-05-23T02:52:45.174Z - log: [Package] console@1.0.0 enable
2022-05-23T02:52:45.598Z - log: [Package] extension@3.0.16 enable
2022-05-23T02:52:45.671Z - log: [Package] hierarchy@1.0.0 enable
2022-05-23T02:52:45.763Z - log: [Package] inspector@1.0.0 enable
2022-05-23T02:52:45.855Z - log: [Package] lightmap@1.0.4 enable
2022-05-23T02:52:46.004Z - log: [Package] node-library@1.0.1 enable
2022-05-23T02:52:46.053Z - log: [Package] package-asset@1.0.0 enable
2022-05-23T02:52:46.099Z - log: [Package] process@1.0.0 enable
2022-05-23T02:52:46.147Z - log: [Package] reference-image@1.0.0 enable
2022-05-23T02:52:46.175Z - log: [Package] alipay-mini-game@1.0.0 enable
2022-05-23T02:52:46.206Z - log: [Package] android@1.0.0 enable
2022-05-23T02:52:46.255Z - log: [Package] baidu-mini-game@1.0.0 enable
2022-05-23T02:52:46.287Z - log: [Package] bytedance-mini-game@1.0.1 enable
2022-05-23T02:52:46.323Z - log: [Package] cocos-play@1.0.0 enable
2022-05-23T02:52:46.371Z - log: [Package] huawei-agc@1.0.0 enable
2022-05-23T02:52:46.407Z - log: [Package] huawei-quick-game@1.0.0 enable
2022-05-23T02:52:47.959Z - log: [Package] ios@1.0.0 enable
2022-05-23T02:52:48.007Z - log: [Package] ios-app-clip@1.0.0 enable
2022-05-23T02:52:48.035Z - log: [Package] link-sure@1.0.0 enable
2022-05-23T02:52:48.069Z - log: [Package] linux@1.0.0 enable
2022-05-23T02:52:48.097Z - log: [Package] mac@1.0.0 enable
2022-05-23T02:52:48.315Z - log: [Package] native@1.0.0 enable
2022-05-23T02:52:48.323Z - verbose: [AssetDB] Require engine code (3549ms)
2022-05-23T02:52:48.347Z - log: [Package] ohos@1.0.0 enable
2022-05-23T02:52:48.433Z - log: [Package] open-harmonyos@1.0.0 enable
2022-05-23T02:52:48.466Z - log: [Package] oppo-mini-game@1.0.0 enable
2022-05-23T02:52:48.492Z - log: [Package] qtt@1.0.0 enable
2022-05-23T02:52:48.523Z - log: [Package] vivo-mini-game@1.0.0 enable
2022-05-23T02:52:48.564Z - log: [Package] web-desktop@1.0.0 enable
2022-05-23T02:52:48.603Z - log: [Package] web-mobile@1.0.0 enable
2022-05-23T02:52:48.653Z - log: [Package] wechatgame@1.0.1 enable
2022-05-23T02:52:48.684Z - log: [Package] windows@1.0.0 enable
2022-05-23T02:52:48.717Z - log: [Package] xiaomi-quick-game@1.0.0 enable
2022-05-23T02:52:49.124Z - log: [Package] cocos-service@3.0.3 enable
2022-05-23T02:52:49.171Z - log: [Package] importer@1.0.0 enable
2022-05-23T02:52:49.685Z - log: [Im-plugin] Check im-plugin version.
2022-05-23T02:52:49.760Z - log: [Package] im-plugin@3.0.8 enable
2022-05-23T02:52:51.285Z - log: 设置的 IP 地址不存在，将使用默认 IP
2022-05-23T02:52:51.370Z - log: [Im-plugin] No online info of im-plugin.
2022-05-23T02:53:01.930Z - verbose: [Scene] Require engine code (0ms)
2022-05-23T02:53:01.933Z - verbose: [Scene] Startup engine (1ms)
2022-05-23T02:53:02.008Z - log: [Scene] Cocos Creator v3.5.0
2022-05-23T02:53:02.758Z - verbose: [Scene] Open engine (824ms)
2022-05-23T02:53:02.758Z - verbose: [Scene] Configure engine (0ms)
2022-05-23T02:53:02.194Z - info: [Scene] Forward render pipeline initialized.
2022-05-23T02:53:04.548Z - info: [Scene] DragonBones: 5.6.300
Website: http://dragonbones.com/
Source and Demo: https://github.com/DragonBones/
2022-05-23T02:53:04.848Z - info: [Scene] DragonBones: 5.6.300
Website: http://dragonbones.com/
Source and Demo: https://github.com/DragonBones/
2022-05-23T02:53:04.852Z - info: [Scene] DragonBones: 5.6.300
Website: http://dragonbones.com/
Source and Demo: https://github.com/DragonBones/
2022-05-23T02:55:06.553Z - info: [Scene] DragonBones: 5.6.300
Website: http://dragonbones.com/
Source and Demo: https://github.com/DragonBones/
2022-05-23T02:55:06.593Z - info: [Scene] DragonBones: 5.6.300
Website: http://dragonbones.com/
Source and Demo: https://github.com/DragonBones/
2022-05-23T03:04:47.935Z - info: [Scene] DragonBones: 5.6.300
Website: http://dragonbones.com/
Source and Demo: https://github.com/DragonBones/
2022-05-23T03:04:47.945Z - info: [Scene] DragonBones: 5.6.300
Website: http://dragonbones.com/
Source and Demo: https://github.com/DragonBones/
2022-05-23T03:04:47.994Z - error: [Scene] Vec3 is not definedReferenceError: Vec3 is not defined
    at AttachUtil._syncAttachedNode (file:///Users/mu/work/gitee/cocos-creator-how-to-use/proj/DragonBones/Creator3.5.0_2D_DragonBonesAttach/temp/programming/packer-driver/targets/editor/chunks/7c/7cb035a02c96b9f93d1afb493d8feb3cb78d6f60.js:33:29)
    at updateComponentRenderData (/Applications/CocosCreator/Creator/3.5.0/CocosCreator.app/Contents/Resources/resources/3d/engine/bin/.cache/dev/editor/bundled/index.js:161574:19)
    at Object.updateRenderData (/Applications/CocosCreator/Creator/3.5.0/CocosCreator.app/Contents/Resources/resources/3d/engine/bin/.cache/dev/editor/bundled/index.js:161219:7)
    at ArmatureDisplay.updateAssembler (/Applications/CocosCreator/Creator/3.5.0/CocosCreator.app/Contents/Resources/resources/3d/engine/bin/.cache/dev/editor/bundled/index.js:156041:23)
    at Batcher2D.walk (/Applications/CocosCreator/Creator/3.5.0/CocosCreator.app/Contents/Resources/resources/3d/engine/bin/.cache/dev/editor/bundled/index.js:156986:14)
    at Batcher2D.walk (/Applications/CocosCreator/Creator/3.5.0/CocosCreator.app/Contents/Resources/resources/3d/engine/bin/.cache/dev/editor/bundled/index.js:157003:14)
    at Batcher2D.update (/Applications/CocosCreator/Creator/3.5.0/CocosCreator.app/Contents/Resources/resources/3d/engine/bin/.cache/dev/editor/bundled/index.js:156479:12)
    at Root.frameMove (/Applications/CocosCreator/Creator/3.5.0/CocosCreator.app/Contents/Resources/resources/3d/engine/bin/.cache/dev/editor/bundled/index.js:9537:23)
    at Director.tick (/Applications/CocosCreator/Creator/3.5.0/CocosCreator.app/Contents/Resources/resources/3d/engine/bin/.cache/dev/editor/bundled/index.js:7459:18)
    at EngineManager.tickInEditMode (/Applications/CocosCreator/Creator/3.5.0/CocosCreator.app/Contents/Resources/app.asar/builtin/scene/dist/script/3d/manager/engine/index.ccc:1:2422)
2022-05-23T03:04:47.995Z - error: [Scene] Vec3 is not definedReferenceError: Vec3 is not defined
    at AttachUtil._syncAttachedNode (file:///Users/mu/work/gitee/cocos-creator-how-to-use/proj/DragonBones/Creator3.5.0_2D_DragonBonesAttach/temp/programming/packer-driver/targets/editor/chunks/7c/7cb035a02c96b9f93d1afb493d8feb3cb78d6f60.js:33:29)
    at updateComponentRenderData (/Applications/CocosCreator/Creator/3.5.0/CocosCreator.app/Contents/Resources/resources/3d/engine/bin/.cache/dev/editor/bundled/index.js:161574:19)
    at Object.updateRenderData (/Applications/CocosCreator/Creator/3.5.0/CocosCreator.app/Contents/Resources/resources/3d/engine/bin/.cache/dev/editor/bundled/index.js:161219:7)
    at ArmatureDisplay.updateAssembler (/Applications/CocosCreator/Creator/3.5.0/CocosCreator.app/Contents/Resources/resources/3d/engine/bin/.cache/dev/editor/bundled/index.js:156041:23)
    at Batcher2D.walk (/Applications/CocosCreator/Creator/3.5.0/CocosCreator.app/Contents/Resources/resources/3d/engine/bin/.cache/dev/editor/bundled/index.js:156986:14)
    at Batcher2D.walk (/Applications/CocosCreator/Creator/3.5.0/CocosCreator.app/Contents/Resources/resources/3d/engine/bin/.cache/dev/editor/bundled/index.js:157003:14)
    at Batcher2D.update (/Applications/CocosCreator/Creator/3.5.0/CocosCreator.app/Contents/Resources/resources/3d/engine/bin/.cache/dev/editor/bundled/index.js:156479:12)
    at Root.frameMove (/Applications/CocosCreator/Creator/3.5.0/CocosCreator.app/Contents/Resources/resources/3d/engine/bin/.cache/dev/editor/bundled/index.js:9537:23)
    at Director.tick (/Applications/CocosCreator/Creator/3.5.0/CocosCreator.app/Contents/Resources/resources/3d/engine/bin/.cache/dev/editor/bundled/index.js:7459:18)
    at EngineManager.tickInEditMode (/Applications/CocosCreator/Creator/3.5.0/CocosCreator.app/Contents/Resources/app.asar/builtin/scene/dist/script/3d/manager/engine/index.ccc:1:2422)
2022-05-23T03:07:37.565Z - info: [Scene] DragonBones: 5.6.300
Website: http://dragonbones.com/
Source and Demo: https://github.com/DragonBones/
2022-05-23T03:07:37.571Z - info: [Scene] DragonBones: 5.6.300
Website: http://dragonbones.com/
Source and Demo: https://github.com/DragonBones/
2022-05-23T03:08:55.490Z - error: [Preview]Uncaught ReferenceError: _tempMat4 is not defined in http://localhost:7456/scripting/x/chunks/17/17278126a11683c1e313de35d10b3d39deca933e.js
2022-05-23T03:09:08.176Z - info: [Scene] DragonBones: 5.6.300
Website: http://dragonbones.com/
Source and Demo: https://github.com/DragonBones/
2022-05-23T03:09:08.178Z - info: [Scene] DragonBones: 5.6.300
Website: http://dragonbones.com/
Source and Demo: https://github.com/DragonBones/
2022-05-23T03:10:21.027Z - info: [Scene] DragonBones: 5.6.300
Website: http://dragonbones.com/
Source and Demo: https://github.com/DragonBones/
2022-05-23T03:10:21.053Z - info: [Scene] DragonBones: 5.6.300
Website: http://dragonbones.com/
Source and Demo: https://github.com/DragonBones/
2022-05-23T03:10:30.842Z - error: [Preview]Uncaught TypeError: Cannot set properties of null (setting 'sizeMode') in http://localhost:7456/scripting/x/chunks/5b/5b8db1b39579262a9a48a073a99f9bcea8fd3d3d.js
2022-05-23T03:11:01.083Z - info: [Scene] DragonBones: 5.6.300
Website: http://dragonbones.com/
Source and Demo: https://github.com/DragonBones/
2022-05-23T03:11:01.088Z - info: [Scene] DragonBones: 5.6.300
Website: http://dragonbones.com/
Source and Demo: https://github.com/DragonBones/
2022-05-23T03:11:12.673Z - error: [Preview]Uncaught TypeError: Cannot set properties of null (setting 'color') in http://localhost:7456/scripting/x/chunks/6f/6f25f96fa284d03fb45a4658228cc101753a5798.js
2022-05-23T03:12:43.466Z - info: [Scene] DragonBones: 5.6.300
Website: http://dragonbones.com/
Source and Demo: https://github.com/DragonBones/
2022-05-23T03:12:43.468Z - info: [Scene] DragonBones: 5.6.300
Website: http://dragonbones.com/
Source and Demo: https://github.com/DragonBones/
2022-05-23T03:14:52.566Z - info: [Scene] DragonBones: 5.6.300
Website: http://dragonbones.com/
Source and Demo: https://github.com/DragonBones/
2022-05-23T03:14:52.581Z - info: [Scene] DragonBones: 5.6.300
Website: http://dragonbones.com/
Source and Demo: https://github.com/DragonBones/
2022-05-23T03:22:34.327Z - warn: Metrics: no valid info
