debug: Tue, 31 May 2022 07:01:40 GMT
debug: Project: /Users/mu/work/gitee/cocos-creator-how-to-use/proj/Physics/Creator3.5.0_3D_PhysicsCollisionEvent
debug: Targets: editor,preview
debug: [PackerDriver] Options doesn't match.
Last: {
  "version": "19",
  "config": {
    "useDefineForClassFields": true,
    "allowDeclareFields": true,
    "loose": true,
    "exportsConditions": [
      "browser"
    ],
    "guessCommonJsExports": false
  }
}
Current: {
  "version": "14",
  "config": {
    "useDefineForClassFields": true,
    "allowDeclareFields": true,
    "loose": true,
    "exportsConditions": [
      "browser"
    ],
    "guessCommonJsExports": false
  }
}
debug: Clearing out the targets...
debug: Engine path: /Applications/CocosCreator/Creator/3.5.0/CocosCreator.app/Contents/Resources/resources/3d/engine
debug: Initializing target [Editor]
debug: Loading cache
debug: Record file loaded failed with error: Error: ENOENT: no such file or directory, open '/Users/mu/work/gitee/cocos-creator-how-to-use/proj/Physics/Creator3.5.0_3D_PhysicsCollisionEvent/temp/programming/packer-driver/targets/editor/main-record.json'
debug: Loading cache costs 0.7909800000488758ms.
debug: Engine features shipped in editor: base,gfx-webgl,gfx-webgl2,3d,animation,skeletal-animation,2d,ui,particle,particle-2d,physics-framework,physics-2d-framework,intersection-2d,primitive,profiler,audio,video,terrain,webview,tween,tiled-map,spine,dragon-bones,marionette
debug: Initializing target [Preview]
debug: Loading cache
debug: Record file loaded failed with error: Error: ENOENT: no such file or directory, open '/Users/mu/work/gitee/cocos-creator-how-to-use/proj/Physics/Creator3.5.0_3D_PhysicsCollisionEvent/temp/programming/packer-driver/targets/preview/main-record.json'
debug: Loading cache costs 0.5858439989387989ms.
debug: Sync engine features: 2d,3d,animation,audio,base,dragon-bones,gfx-webgl,gfx-webgl2,intersection-2d,marionette,particle,particle-2d,physics-2d-box2d,physics-ammo,primitive,profiler,skeletal-animation,spine,terrain,tiled-map,tween,ui,video,webview
debug: Pulling asset-db.
debug: Fetch asset-db cost: 9.266972996294498ms.
debug: Build iteration starts.
Number of accumulated asset changes: 4
Feature changed: false
debug: Target(editor) build started.
debug: Inspect cce:/internal/x/cc
debug: Resolve cce:/internal/x/cc-fu/base from cce:/internal/x/cc as external dependency cce:/internal/x/cc-fu/base.
debug: Resolve cce:/internal/x/cc-fu/gfx-webgl from cce:/internal/x/cc as external dependency cce:/internal/x/cc-fu/gfx-webgl.
debug: Resolve cce:/internal/x/cc-fu/gfx-webgl2 from cce:/internal/x/cc as external dependency cce:/internal/x/cc-fu/gfx-webgl2.
debug: Resolve cce:/internal/x/cc-fu/3d from cce:/internal/x/cc as external dependency cce:/internal/x/cc-fu/3d.
debug: Resolve cce:/internal/x/cc-fu/animation from cce:/internal/x/cc as external dependency cce:/internal/x/cc-fu/animation.
debug: Resolve cce:/internal/x/cc-fu/skeletal-animation from cce:/internal/x/cc as external dependency cce:/internal/x/cc-fu/skeletal-animation.
debug: Resolve cce:/internal/x/cc-fu/2d from cce:/internal/x/cc as external dependency cce:/internal/x/cc-fu/2d.
debug: Resolve cce:/internal/x/cc-fu/ui from cce:/internal/x/cc as external dependency cce:/internal/x/cc-fu/ui.
debug: Resolve cce:/internal/x/cc-fu/particle from cce:/internal/x/cc as external dependency cce:/internal/x/cc-fu/particle.
debug: Resolve cce:/internal/x/cc-fu/particle-2d from cce:/internal/x/cc as external dependency cce:/internal/x/cc-fu/particle-2d.
debug: Resolve cce:/internal/x/cc-fu/physics-framework from cce:/internal/x/cc as external dependency cce:/internal/x/cc-fu/physics-framework.
debug: Resolve cce:/internal/x/cc-fu/physics-2d-framework from cce:/internal/x/cc as external dependency cce:/internal/x/cc-fu/physics-2d-framework.
debug: Resolve cce:/internal/x/cc-fu/intersection-2d from cce:/internal/x/cc as external dependency cce:/internal/x/cc-fu/intersection-2d.
debug: Resolve cce:/internal/x/cc-fu/primitive from cce:/internal/x/cc as external dependency cce:/internal/x/cc-fu/primitive.
debug: Resolve cce:/internal/x/cc-fu/profiler from cce:/internal/x/cc as external dependency cce:/internal/x/cc-fu/profiler.
debug: Resolve cce:/internal/x/cc-fu/audio from cce:/internal/x/cc as external dependency cce:/internal/x/cc-fu/audio.
debug: Resolve cce:/internal/x/cc-fu/video from cce:/internal/x/cc as external dependency cce:/internal/x/cc-fu/video.
debug: Resolve cce:/internal/x/cc-fu/terrain from cce:/internal/x/cc as external dependency cce:/internal/x/cc-fu/terrain.
debug: Resolve cce:/internal/x/cc-fu/webview from cce:/internal/x/cc as external dependency cce:/internal/x/cc-fu/webview.
debug: Resolve cce:/internal/x/cc-fu/tween from cce:/internal/x/cc as external dependency cce:/internal/x/cc-fu/tween.
debug: Resolve cce:/internal/x/cc-fu/tiled-map from cce:/internal/x/cc as external dependency cce:/internal/x/cc-fu/tiled-map.
debug: Resolve cce:/internal/x/cc-fu/spine from cce:/internal/x/cc as external dependency cce:/internal/x/cc-fu/spine.
debug: Resolve cce:/internal/x/cc-fu/dragon-bones from cce:/internal/x/cc as external dependency cce:/internal/x/cc-fu/dragon-bones.
debug: Inspect cce:/internal/x/prerequisite-imports
debug: Resolve file:///Users/mu/work/gitee/cocos-creator-how-to-use/proj/Physics/Creator3.5.0_3D_PhysicsCollisionEvent/assets/script/CollisionTest.ts from cce:/internal/x/prerequisite-imports as file:///Users/mu/work/gitee/cocos-creator-how-to-use/proj/Physics/Creator3.5.0_3D_PhysicsCollisionEvent/assets/script/CollisionTest.ts.
debug: Inspect file:///Users/mu/work/gitee/cocos-creator-how-to-use/proj/Physics/Creator3.5.0_3D_PhysicsCollisionEvent/assets/script/CollisionTest.ts
debug: Resolve cc from file:///Users/mu/work/gitee/cocos-creator-how-to-use/proj/Physics/Creator3.5.0_3D_PhysicsCollisionEvent/assets/script/CollisionTest.ts as cce:/internal/x/cc.
debug: Resolve cc from file:///Users/mu/work/gitee/cocos-creator-how-to-use/proj/Physics/Creator3.5.0_3D_PhysicsCollisionEvent/assets/script/CollisionTest.ts as cce:/internal/x/cc.
debug: Resolve file:///Users/mu/work/gitee/cocos-creator-how-to-use/proj/Physics/Creator3.5.0_3D_PhysicsCollisionEvent/assets/script/PhysicsEnvCheck.ts from cce:/internal/x/prerequisite-imports as file:///Users/mu/work/gitee/cocos-creator-how-to-use/proj/Physics/Creator3.5.0_3D_PhysicsCollisionEvent/assets/script/PhysicsEnvCheck.ts.
debug: Inspect file:///Users/mu/work/gitee/cocos-creator-how-to-use/proj/Physics/Creator3.5.0_3D_PhysicsCollisionEvent/assets/script/PhysicsEnvCheck.ts
debug: Resolve cc from file:///Users/mu/work/gitee/cocos-creator-how-to-use/proj/Physics/Creator3.5.0_3D_PhysicsCollisionEvent/assets/script/PhysicsEnvCheck.ts as cce:/internal/x/cc.
debug: Resolve cc from file:///Users/mu/work/gitee/cocos-creator-how-to-use/proj/Physics/Creator3.5.0_3D_PhysicsCollisionEvent/assets/script/PhysicsEnvCheck.ts as cce:/internal/x/cc.
debug: Resolve file:///Users/mu/work/gitee/cocos-creator-how-to-use/proj/Physics/Creator3.5.0_3D_PhysicsCollisionEvent/assets/script/SupportPhyiscs.ts from cce:/internal/x/prerequisite-imports as file:///Users/mu/work/gitee/cocos-creator-how-to-use/proj/Physics/Creator3.5.0_3D_PhysicsCollisionEvent/assets/script/SupportPhyiscs.ts.
debug: Inspect file:///Users/mu/work/gitee/cocos-creator-how-to-use/proj/Physics/Creator3.5.0_3D_PhysicsCollisionEvent/assets/script/SupportPhyiscs.ts
debug: Resolve cc from file:///Users/mu/work/gitee/cocos-creator-how-to-use/proj/Physics/Creator3.5.0_3D_PhysicsCollisionEvent/assets/script/SupportPhyiscs.ts as cce:/internal/x/cc.
debug: Resolve cc from file:///Users/mu/work/gitee/cocos-creator-how-to-use/proj/Physics/Creator3.5.0_3D_PhysicsCollisionEvent/assets/script/SupportPhyiscs.ts as cce:/internal/x/cc.
debug: Resolve file:///Users/mu/work/gitee/cocos-creator-how-to-use/proj/Physics/Creator3.5.0_3D_PhysicsCollisionEvent/assets/script/first-person-camera.ts from cce:/internal/x/prerequisite-imports as file:///Users/mu/work/gitee/cocos-creator-how-to-use/proj/Physics/Creator3.5.0_3D_PhysicsCollisionEvent/assets/script/first-person-camera.ts.
debug: Inspect file:///Users/mu/work/gitee/cocos-creator-how-to-use/proj/Physics/Creator3.5.0_3D_PhysicsCollisionEvent/assets/script/first-person-camera.ts
debug: Resolve cc from file:///Users/mu/work/gitee/cocos-creator-how-to-use/proj/Physics/Creator3.5.0_3D_PhysicsCollisionEvent/assets/script/first-person-camera.ts as cce:/internal/x/cc.
debug: Resolve cc from file:///Users/mu/work/gitee/cocos-creator-how-to-use/proj/Physics/Creator3.5.0_3D_PhysicsCollisionEvent/assets/script/first-person-camera.ts as cce:/internal/x/cc.
debug: Target(editor) ends with cost 1085.2818660028279ms.
debug: Target(preview) build started.
debug: Inspect cce:/internal/x/cc
debug: Resolve cce:/internal/x/cc-fu/2d from cce:/internal/x/cc as external dependency cce:/internal/x/cc-fu/2d.
debug: Resolve cce:/internal/x/cc-fu/3d from cce:/internal/x/cc as external dependency cce:/internal/x/cc-fu/3d.
debug: Resolve cce:/internal/x/cc-fu/animation from cce:/internal/x/cc as external dependency cce:/internal/x/cc-fu/animation.
debug: Resolve cce:/internal/x/cc-fu/audio from cce:/internal/x/cc as external dependency cce:/internal/x/cc-fu/audio.
debug: Resolve cce:/internal/x/cc-fu/base from cce:/internal/x/cc as external dependency cce:/internal/x/cc-fu/base.
debug: Resolve cce:/internal/x/cc-fu/dragon-bones from cce:/internal/x/cc as external dependency cce:/internal/x/cc-fu/dragon-bones.
debug: Resolve cce:/internal/x/cc-fu/gfx-webgl from cce:/internal/x/cc as external dependency cce:/internal/x/cc-fu/gfx-webgl.
debug: Resolve cce:/internal/x/cc-fu/gfx-webgl2 from cce:/internal/x/cc as external dependency cce:/internal/x/cc-fu/gfx-webgl2.
debug: Resolve cce:/internal/x/cc-fu/intersection-2d from cce:/internal/x/cc as external dependency cce:/internal/x/cc-fu/intersection-2d.
debug: Resolve cce:/internal/x/cc-fu/particle from cce:/internal/x/cc as external dependency cce:/internal/x/cc-fu/particle.
debug: Resolve cce:/internal/x/cc-fu/particle-2d from cce:/internal/x/cc as external dependency cce:/internal/x/cc-fu/particle-2d.
debug: Resolve cce:/internal/x/cc-fu/physics-2d-box2d from cce:/internal/x/cc as external dependency cce:/internal/x/cc-fu/physics-2d-box2d.
debug: Resolve cce:/internal/x/cc-fu/physics-2d-framework from cce:/internal/x/cc as external dependency cce:/internal/x/cc-fu/physics-2d-framework.
debug: Resolve cce:/internal/x/cc-fu/physics-ammo from cce:/internal/x/cc as external dependency cce:/internal/x/cc-fu/physics-ammo.
debug: Resolve cce:/internal/x/cc-fu/physics-framework from cce:/internal/x/cc as external dependency cce:/internal/x/cc-fu/physics-framework.
debug: Resolve cce:/internal/x/cc-fu/wait-for-ammo-instantiation from cce:/internal/x/cc as external dependency cce:/internal/x/cc-fu/wait-for-ammo-instantiation.
debug: Resolve cce:/internal/x/cc-fu/primitive from cce:/internal/x/cc as external dependency cce:/internal/x/cc-fu/primitive.
debug: Resolve cce:/internal/x/cc-fu/profiler from cce:/internal/x/cc as external dependency cce:/internal/x/cc-fu/profiler.
debug: Resolve cce:/internal/x/cc-fu/skeletal-animation from cce:/internal/x/cc as external dependency cce:/internal/x/cc-fu/skeletal-animation.
debug: Resolve cce:/internal/x/cc-fu/spine from cce:/internal/x/cc as external dependency cce:/internal/x/cc-fu/spine.
debug: Resolve cce:/internal/x/cc-fu/terrain from cce:/internal/x/cc as external dependency cce:/internal/x/cc-fu/terrain.
debug: Resolve cce:/internal/x/cc-fu/tiled-map from cce:/internal/x/cc as external dependency cce:/internal/x/cc-fu/tiled-map.
debug: Resolve cce:/internal/x/cc-fu/tween from cce:/internal/x/cc as external dependency cce:/internal/x/cc-fu/tween.
debug: Resolve cce:/internal/x/cc-fu/ui from cce:/internal/x/cc as external dependency cce:/internal/x/cc-fu/ui.
debug: Resolve cce:/internal/x/cc-fu/video from cce:/internal/x/cc as external dependency cce:/internal/x/cc-fu/video.
debug: Resolve cce:/internal/x/cc-fu/webview from cce:/internal/x/cc as external dependency cce:/internal/x/cc-fu/webview.
debug: Inspect cce:/internal/x/prerequisite-imports
debug: Resolve file:///Users/mu/work/gitee/cocos-creator-how-to-use/proj/Physics/Creator3.5.0_3D_PhysicsCollisionEvent/assets/script/CollisionTest.ts from cce:/internal/x/prerequisite-imports as file:///Users/mu/work/gitee/cocos-creator-how-to-use/proj/Physics/Creator3.5.0_3D_PhysicsCollisionEvent/assets/script/CollisionTest.ts.
debug: Inspect file:///Users/mu/work/gitee/cocos-creator-how-to-use/proj/Physics/Creator3.5.0_3D_PhysicsCollisionEvent/assets/script/CollisionTest.ts
debug: Resolve cc from file:///Users/mu/work/gitee/cocos-creator-how-to-use/proj/Physics/Creator3.5.0_3D_PhysicsCollisionEvent/assets/script/CollisionTest.ts as cce:/internal/x/cc.
debug: Resolve cc from file:///Users/mu/work/gitee/cocos-creator-how-to-use/proj/Physics/Creator3.5.0_3D_PhysicsCollisionEvent/assets/script/CollisionTest.ts as cce:/internal/x/cc.
debug: Resolve file:///Users/mu/work/gitee/cocos-creator-how-to-use/proj/Physics/Creator3.5.0_3D_PhysicsCollisionEvent/assets/script/PhysicsEnvCheck.ts from cce:/internal/x/prerequisite-imports as file:///Users/mu/work/gitee/cocos-creator-how-to-use/proj/Physics/Creator3.5.0_3D_PhysicsCollisionEvent/assets/script/PhysicsEnvCheck.ts.
debug: Inspect file:///Users/mu/work/gitee/cocos-creator-how-to-use/proj/Physics/Creator3.5.0_3D_PhysicsCollisionEvent/assets/script/PhysicsEnvCheck.ts
debug: Resolve cc from file:///Users/mu/work/gitee/cocos-creator-how-to-use/proj/Physics/Creator3.5.0_3D_PhysicsCollisionEvent/assets/script/PhysicsEnvCheck.ts as cce:/internal/x/cc.
debug: Resolve cc from file:///Users/mu/work/gitee/cocos-creator-how-to-use/proj/Physics/Creator3.5.0_3D_PhysicsCollisionEvent/assets/script/PhysicsEnvCheck.ts as cce:/internal/x/cc.
debug: Resolve file:///Users/mu/work/gitee/cocos-creator-how-to-use/proj/Physics/Creator3.5.0_3D_PhysicsCollisionEvent/assets/script/SupportPhyiscs.ts from cce:/internal/x/prerequisite-imports as file:///Users/mu/work/gitee/cocos-creator-how-to-use/proj/Physics/Creator3.5.0_3D_PhysicsCollisionEvent/assets/script/SupportPhyiscs.ts.
debug: Inspect file:///Users/mu/work/gitee/cocos-creator-how-to-use/proj/Physics/Creator3.5.0_3D_PhysicsCollisionEvent/assets/script/SupportPhyiscs.ts
debug: Resolve cc from file:///Users/mu/work/gitee/cocos-creator-how-to-use/proj/Physics/Creator3.5.0_3D_PhysicsCollisionEvent/assets/script/SupportPhyiscs.ts as cce:/internal/x/cc.
debug: Resolve cc from file:///Users/mu/work/gitee/cocos-creator-how-to-use/proj/Physics/Creator3.5.0_3D_PhysicsCollisionEvent/assets/script/SupportPhyiscs.ts as cce:/internal/x/cc.
debug: Resolve file:///Users/mu/work/gitee/cocos-creator-how-to-use/proj/Physics/Creator3.5.0_3D_PhysicsCollisionEvent/assets/script/first-person-camera.ts from cce:/internal/x/prerequisite-imports as file:///Users/mu/work/gitee/cocos-creator-how-to-use/proj/Physics/Creator3.5.0_3D_PhysicsCollisionEvent/assets/script/first-person-camera.ts.
debug: Inspect file:///Users/mu/work/gitee/cocos-creator-how-to-use/proj/Physics/Creator3.5.0_3D_PhysicsCollisionEvent/assets/script/first-person-camera.ts
debug: Resolve cc from file:///Users/mu/work/gitee/cocos-creator-how-to-use/proj/Physics/Creator3.5.0_3D_PhysicsCollisionEvent/assets/script/first-person-camera.ts as cce:/internal/x/cc.
debug: Resolve cc from file:///Users/mu/work/gitee/cocos-creator-how-to-use/proj/Physics/Creator3.5.0_3D_PhysicsCollisionEvent/assets/script/first-person-camera.ts as cce:/internal/x/cc.
debug: Target(preview) ends with cost 744.6823730021715ms.
debug: Dispatch build request for time accumulated 3 asset changes.
debug: Build iteration starts.
Number of accumulated asset changes: 3
Feature changed: false
debug: Target(editor) build started.
debug: Detected change: cce:/internal/x/prerequisite-imports. Last mtime: Thu Jan 01 1970 08:00:20 GMT+0800 (中国标准时间), Current mtime: Thu Jan 01 1970 08:01:21 GMT+0800 (中国标准时间)
debug: Inspect cce:/internal/x/prerequisite-imports
debug: Resolve file:///Users/mu/work/gitee/cocos-creator-how-to-use/proj/Physics/Creator3.5.0_3D_PhysicsCollisionEvent/assets/script/CollisionTest.ts from cce:/internal/x/prerequisite-imports as file:///Users/mu/work/gitee/cocos-creator-how-to-use/proj/Physics/Creator3.5.0_3D_PhysicsCollisionEvent/assets/script/CollisionTest.ts.
debug: Resolve file:///Users/mu/work/gitee/cocos-creator-how-to-use/proj/Physics/Creator3.5.0_3D_PhysicsCollisionEvent/assets/script/PhysicsEnvCheck.ts from cce:/internal/x/prerequisite-imports as file:///Users/mu/work/gitee/cocos-creator-how-to-use/proj/Physics/Creator3.5.0_3D_PhysicsCollisionEvent/assets/script/PhysicsEnvCheck.ts.
debug: Detected change: file:///Users/mu/work/gitee/cocos-creator-how-to-use/proj/Physics/Creator3.5.0_3D_PhysicsCollisionEvent/assets/script/PhysicsEnvCheck.ts. Last mtime: Tue May 31 2022 10:11:02 GMT+0800 (中国标准时间)@77bcfa6d-1193-4fe0-9cf2-cf257c32e999, Current mtime: Tue May 31 2022 15:02:27 GMT+0800 (中国标准时间)@77bcfa6d-1193-4fe0-9cf2-cf257c32e999
debug: Inspect file:///Users/mu/work/gitee/cocos-creator-how-to-use/proj/Physics/Creator3.5.0_3D_PhysicsCollisionEvent/assets/script/PhysicsEnvCheck.ts
debug: Resolve cc from file:///Users/mu/work/gitee/cocos-creator-how-to-use/proj/Physics/Creator3.5.0_3D_PhysicsCollisionEvent/assets/script/PhysicsEnvCheck.ts as cce:/internal/x/cc.
debug: Resolve cc from file:///Users/mu/work/gitee/cocos-creator-how-to-use/proj/Physics/Creator3.5.0_3D_PhysicsCollisionEvent/assets/script/PhysicsEnvCheck.ts as cce:/internal/x/cc.
debug: Resolve file:///Users/mu/work/gitee/cocos-creator-how-to-use/proj/Physics/Creator3.5.0_3D_PhysicsCollisionEvent/assets/script/SupportPhyiscs.ts from cce:/internal/x/prerequisite-imports as file:///Users/mu/work/gitee/cocos-creator-how-to-use/proj/Physics/Creator3.5.0_3D_PhysicsCollisionEvent/assets/script/SupportPhyiscs.ts.
debug: Detected change: file:///Users/mu/work/gitee/cocos-creator-how-to-use/proj/Physics/Creator3.5.0_3D_PhysicsCollisionEvent/assets/script/SupportPhyiscs.ts. Last mtime: Tue May 31 2022 10:11:02 GMT+0800 (中国标准时间)@dbda1240-da70-414b-8f77-10b13eed47f8, Current mtime: Tue May 31 2022 15:02:38 GMT+0800 (中国标准时间)@dbda1240-da70-414b-8f77-10b13eed47f8
debug: Inspect file:///Users/mu/work/gitee/cocos-creator-how-to-use/proj/Physics/Creator3.5.0_3D_PhysicsCollisionEvent/assets/script/SupportPhyiscs.ts
debug: Resolve cc from file:///Users/mu/work/gitee/cocos-creator-how-to-use/proj/Physics/Creator3.5.0_3D_PhysicsCollisionEvent/assets/script/SupportPhyiscs.ts as cce:/internal/x/cc.
debug: Resolve cc from file:///Users/mu/work/gitee/cocos-creator-how-to-use/proj/Physics/Creator3.5.0_3D_PhysicsCollisionEvent/assets/script/SupportPhyiscs.ts as cce:/internal/x/cc.
debug: Resolve file:///Users/mu/work/gitee/cocos-creator-how-to-use/proj/Physics/Creator3.5.0_3D_PhysicsCollisionEvent/assets/script/first-person-camera.ts from cce:/internal/x/prerequisite-imports as file:///Users/mu/work/gitee/cocos-creator-how-to-use/proj/Physics/Creator3.5.0_3D_PhysicsCollisionEvent/assets/script/first-person-camera.ts.
debug: Detected change: file:///Users/mu/work/gitee/cocos-creator-how-to-use/proj/Physics/Creator3.5.0_3D_PhysicsCollisionEvent/assets/script/first-person-camera.ts. Last mtime: Tue May 31 2022 10:11:02 GMT+0800 (中国标准时间)@4e187245-40c0-4721-a900-f2b1e48f76f9, Current mtime: Tue May 31 2022 15:02:16 GMT+0800 (中国标准时间)@4e187245-40c0-4721-a900-f2b1e48f76f9
debug: Inspect file:///Users/mu/work/gitee/cocos-creator-how-to-use/proj/Physics/Creator3.5.0_3D_PhysicsCollisionEvent/assets/script/first-person-camera.ts
debug: Resolve cc from file:///Users/mu/work/gitee/cocos-creator-how-to-use/proj/Physics/Creator3.5.0_3D_PhysicsCollisionEvent/assets/script/first-person-camera.ts as cce:/internal/x/cc.
debug: Resolve cc from file:///Users/mu/work/gitee/cocos-creator-how-to-use/proj/Physics/Creator3.5.0_3D_PhysicsCollisionEvent/assets/script/first-person-camera.ts as cce:/internal/x/cc.
debug: Target(editor) ends with cost 372.8843259997666ms.
debug: Target(preview) build started.
debug: Detected change: cce:/internal/x/prerequisite-imports. Last mtime: Thu Jan 01 1970 08:00:21 GMT+0800 (中国标准时间), Current mtime: Thu Jan 01 1970 08:01:21 GMT+0800 (中国标准时间)
debug: Inspect cce:/internal/x/prerequisite-imports
debug: Resolve file:///Users/mu/work/gitee/cocos-creator-how-to-use/proj/Physics/Creator3.5.0_3D_PhysicsCollisionEvent/assets/script/CollisionTest.ts from cce:/internal/x/prerequisite-imports as file:///Users/mu/work/gitee/cocos-creator-how-to-use/proj/Physics/Creator3.5.0_3D_PhysicsCollisionEvent/assets/script/CollisionTest.ts.
debug: Resolve file:///Users/mu/work/gitee/cocos-creator-how-to-use/proj/Physics/Creator3.5.0_3D_PhysicsCollisionEvent/assets/script/PhysicsEnvCheck.ts from cce:/internal/x/prerequisite-imports as file:///Users/mu/work/gitee/cocos-creator-how-to-use/proj/Physics/Creator3.5.0_3D_PhysicsCollisionEvent/assets/script/PhysicsEnvCheck.ts.
debug: Detected change: file:///Users/mu/work/gitee/cocos-creator-how-to-use/proj/Physics/Creator3.5.0_3D_PhysicsCollisionEvent/assets/script/PhysicsEnvCheck.ts. Last mtime: Tue May 31 2022 10:11:02 GMT+0800 (中国标准时间)@77bcfa6d-1193-4fe0-9cf2-cf257c32e999, Current mtime: Tue May 31 2022 15:02:27 GMT+0800 (中国标准时间)@77bcfa6d-1193-4fe0-9cf2-cf257c32e999
debug: Inspect file:///Users/mu/work/gitee/cocos-creator-how-to-use/proj/Physics/Creator3.5.0_3D_PhysicsCollisionEvent/assets/script/PhysicsEnvCheck.ts
debug: Resolve cc from file:///Users/mu/work/gitee/cocos-creator-how-to-use/proj/Physics/Creator3.5.0_3D_PhysicsCollisionEvent/assets/script/PhysicsEnvCheck.ts as cce:/internal/x/cc.
debug: Resolve cc from file:///Users/mu/work/gitee/cocos-creator-how-to-use/proj/Physics/Creator3.5.0_3D_PhysicsCollisionEvent/assets/script/PhysicsEnvCheck.ts as cce:/internal/x/cc.
debug: Resolve file:///Users/mu/work/gitee/cocos-creator-how-to-use/proj/Physics/Creator3.5.0_3D_PhysicsCollisionEvent/assets/script/SupportPhyiscs.ts from cce:/internal/x/prerequisite-imports as file:///Users/mu/work/gitee/cocos-creator-how-to-use/proj/Physics/Creator3.5.0_3D_PhysicsCollisionEvent/assets/script/SupportPhyiscs.ts.
debug: Detected change: file:///Users/mu/work/gitee/cocos-creator-how-to-use/proj/Physics/Creator3.5.0_3D_PhysicsCollisionEvent/assets/script/SupportPhyiscs.ts. Last mtime: Tue May 31 2022 10:11:02 GMT+0800 (中国标准时间)@dbda1240-da70-414b-8f77-10b13eed47f8, Current mtime: Tue May 31 2022 15:02:38 GMT+0800 (中国标准时间)@dbda1240-da70-414b-8f77-10b13eed47f8
debug: Inspect file:///Users/mu/work/gitee/cocos-creator-how-to-use/proj/Physics/Creator3.5.0_3D_PhysicsCollisionEvent/assets/script/SupportPhyiscs.ts
debug: Resolve cc from file:///Users/mu/work/gitee/cocos-creator-how-to-use/proj/Physics/Creator3.5.0_3D_PhysicsCollisionEvent/assets/script/SupportPhyiscs.ts as cce:/internal/x/cc.
debug: Resolve cc from file:///Users/mu/work/gitee/cocos-creator-how-to-use/proj/Physics/Creator3.5.0_3D_PhysicsCollisionEvent/assets/script/SupportPhyiscs.ts as cce:/internal/x/cc.
debug: Resolve file:///Users/mu/work/gitee/cocos-creator-how-to-use/proj/Physics/Creator3.5.0_3D_PhysicsCollisionEvent/assets/script/first-person-camera.ts from cce:/internal/x/prerequisite-imports as file:///Users/mu/work/gitee/cocos-creator-how-to-use/proj/Physics/Creator3.5.0_3D_PhysicsCollisionEvent/assets/script/first-person-camera.ts.
debug: Detected change: file:///Users/mu/work/gitee/cocos-creator-how-to-use/proj/Physics/Creator3.5.0_3D_PhysicsCollisionEvent/assets/script/first-person-camera.ts. Last mtime: Tue May 31 2022 10:11:02 GMT+0800 (中国标准时间)@4e187245-40c0-4721-a900-f2b1e48f76f9, Current mtime: Tue May 31 2022 15:02:16 GMT+0800 (中国标准时间)@4e187245-40c0-4721-a900-f2b1e48f76f9
debug: Inspect file:///Users/mu/work/gitee/cocos-creator-how-to-use/proj/Physics/Creator3.5.0_3D_PhysicsCollisionEvent/assets/script/first-person-camera.ts
debug: Resolve cc from file:///Users/mu/work/gitee/cocos-creator-how-to-use/proj/Physics/Creator3.5.0_3D_PhysicsCollisionEvent/assets/script/first-person-camera.ts as cce:/internal/x/cc.
debug: Resolve cc from file:///Users/mu/work/gitee/cocos-creator-how-to-use/proj/Physics/Creator3.5.0_3D_PhysicsCollisionEvent/assets/script/first-person-camera.ts as cce:/internal/x/cc.
debug: Target(preview) ends with cost 580.8993330001831ms.
debug: Dispatch build request for time accumulated 1 asset changes.
debug: Build iteration starts.
Number of accumulated asset changes: 1
Feature changed: false
debug: Target(editor) build started.
debug: Detected change: cce:/internal/x/prerequisite-imports. Last mtime: Thu Jan 01 1970 08:01:21 GMT+0800 (中国标准时间), Current mtime: Thu Jan 01 1970 08:02:28 GMT+0800 (中国标准时间)
debug: Inspect cce:/internal/x/prerequisite-imports
debug: Resolve file:///Users/mu/work/gitee/cocos-creator-how-to-use/proj/Physics/Creator3.5.0_3D_PhysicsCollisionEvent/assets/script/CollisionTest.ts from cce:/internal/x/prerequisite-imports as file:///Users/mu/work/gitee/cocos-creator-how-to-use/proj/Physics/Creator3.5.0_3D_PhysicsCollisionEvent/assets/script/CollisionTest.ts.
debug: Resolve file:///Users/mu/work/gitee/cocos-creator-how-to-use/proj/Physics/Creator3.5.0_3D_PhysicsCollisionEvent/assets/script/PhysicsEnvCheck.ts from cce:/internal/x/prerequisite-imports as file:///Users/mu/work/gitee/cocos-creator-how-to-use/proj/Physics/Creator3.5.0_3D_PhysicsCollisionEvent/assets/script/PhysicsEnvCheck.ts.
debug: Detected change: file:///Users/mu/work/gitee/cocos-creator-how-to-use/proj/Physics/Creator3.5.0_3D_PhysicsCollisionEvent/assets/script/PhysicsEnvCheck.ts. Last mtime: Tue May 31 2022 15:02:27 GMT+0800 (中国标准时间)@77bcfa6d-1193-4fe0-9cf2-cf257c32e999, Current mtime: Tue May 31 2022 15:03:05 GMT+0800 (中国标准时间)@77bcfa6d-1193-4fe0-9cf2-cf257c32e999
debug: Inspect file:///Users/mu/work/gitee/cocos-creator-how-to-use/proj/Physics/Creator3.5.0_3D_PhysicsCollisionEvent/assets/script/PhysicsEnvCheck.ts
debug: Resolve cc from file:///Users/mu/work/gitee/cocos-creator-how-to-use/proj/Physics/Creator3.5.0_3D_PhysicsCollisionEvent/assets/script/PhysicsEnvCheck.ts as cce:/internal/x/cc.
debug: Resolve cc from file:///Users/mu/work/gitee/cocos-creator-how-to-use/proj/Physics/Creator3.5.0_3D_PhysicsCollisionEvent/assets/script/PhysicsEnvCheck.ts as cce:/internal/x/cc.
debug: Resolve file:///Users/mu/work/gitee/cocos-creator-how-to-use/proj/Physics/Creator3.5.0_3D_PhysicsCollisionEvent/assets/script/SupportPhyiscs.ts from cce:/internal/x/prerequisite-imports as file:///Users/mu/work/gitee/cocos-creator-how-to-use/proj/Physics/Creator3.5.0_3D_PhysicsCollisionEvent/assets/script/SupportPhyiscs.ts.
debug: Resolve file:///Users/mu/work/gitee/cocos-creator-how-to-use/proj/Physics/Creator3.5.0_3D_PhysicsCollisionEvent/assets/script/first-person-camera.ts from cce:/internal/x/prerequisite-imports as file:///Users/mu/work/gitee/cocos-creator-how-to-use/proj/Physics/Creator3.5.0_3D_PhysicsCollisionEvent/assets/script/first-person-camera.ts.
debug: Target(editor) ends with cost 57.42484200000763ms.
debug: Target(preview) build started.
debug: Detected change: cce:/internal/x/prerequisite-imports. Last mtime: Thu Jan 01 1970 08:01:21 GMT+0800 (中国标准时间), Current mtime: Thu Jan 01 1970 08:02:28 GMT+0800 (中国标准时间)
debug: Inspect cce:/internal/x/prerequisite-imports
debug: Resolve file:///Users/mu/work/gitee/cocos-creator-how-to-use/proj/Physics/Creator3.5.0_3D_PhysicsCollisionEvent/assets/script/CollisionTest.ts from cce:/internal/x/prerequisite-imports as file:///Users/mu/work/gitee/cocos-creator-how-to-use/proj/Physics/Creator3.5.0_3D_PhysicsCollisionEvent/assets/script/CollisionTest.ts.
debug: Resolve file:///Users/mu/work/gitee/cocos-creator-how-to-use/proj/Physics/Creator3.5.0_3D_PhysicsCollisionEvent/assets/script/PhysicsEnvCheck.ts from cce:/internal/x/prerequisite-imports as file:///Users/mu/work/gitee/cocos-creator-how-to-use/proj/Physics/Creator3.5.0_3D_PhysicsCollisionEvent/assets/script/PhysicsEnvCheck.ts.
debug: Detected change: file:///Users/mu/work/gitee/cocos-creator-how-to-use/proj/Physics/Creator3.5.0_3D_PhysicsCollisionEvent/assets/script/PhysicsEnvCheck.ts. Last mtime: Tue May 31 2022 15:02:27 GMT+0800 (中国标准时间)@77bcfa6d-1193-4fe0-9cf2-cf257c32e999, Current mtime: Tue May 31 2022 15:03:05 GMT+0800 (中国标准时间)@77bcfa6d-1193-4fe0-9cf2-cf257c32e999
debug: Inspect file:///Users/mu/work/gitee/cocos-creator-how-to-use/proj/Physics/Creator3.5.0_3D_PhysicsCollisionEvent/assets/script/PhysicsEnvCheck.ts
debug: Resolve cc from file:///Users/mu/work/gitee/cocos-creator-how-to-use/proj/Physics/Creator3.5.0_3D_PhysicsCollisionEvent/assets/script/PhysicsEnvCheck.ts as cce:/internal/x/cc.
debug: Resolve cc from file:///Users/mu/work/gitee/cocos-creator-how-to-use/proj/Physics/Creator3.5.0_3D_PhysicsCollisionEvent/assets/script/PhysicsEnvCheck.ts as cce:/internal/x/cc.
debug: Resolve file:///Users/mu/work/gitee/cocos-creator-how-to-use/proj/Physics/Creator3.5.0_3D_PhysicsCollisionEvent/assets/script/SupportPhyiscs.ts from cce:/internal/x/prerequisite-imports as file:///Users/mu/work/gitee/cocos-creator-how-to-use/proj/Physics/Creator3.5.0_3D_PhysicsCollisionEvent/assets/script/SupportPhyiscs.ts.
debug: Resolve file:///Users/mu/work/gitee/cocos-creator-how-to-use/proj/Physics/Creator3.5.0_3D_PhysicsCollisionEvent/assets/script/first-person-camera.ts from cce:/internal/x/prerequisite-imports as file:///Users/mu/work/gitee/cocos-creator-how-to-use/proj/Physics/Creator3.5.0_3D_PhysicsCollisionEvent/assets/script/first-person-camera.ts.
debug: Target(preview) ends with cost 140.046308003366ms.
