2022-05-22T07:24:52.795Z - log: [Package] menu@1.0.0 enable
2022-05-22T07:24:52.797Z - log: [Package] profile@1.0.0 enable
2022-05-22T07:24:52.810Z - log: [Package] project@1.0.2 enable
2022-05-22T07:24:52.817Z - log: [Package] messages@1.0.0 enable
2022-05-22T07:24:52.824Z - log: [Package] program@1.0.0 enable
2022-05-22T07:24:52.831Z - log: [Package] tester@1.0.0 enable
2022-05-22T07:24:52.836Z - log: [Package] preferences@1.0.0 enable
2022-05-22T07:24:53.637Z - log: Setup mods mgr.: 332.154ms
2022-05-22T07:24:53.646Z - verbose: [Engine] QuickCompile engine (747ms)
2022-05-22T07:24:53.650Z - log: [Package] engine@1.0.6 enable
2022-05-22T07:24:54.487Z - log: [Package] programming@1.0.0 enable
2022-05-22T07:24:54.787Z - log: [Package] device@1.0.1 enable
2022-05-22T07:24:54.816Z - log: [Package] ui-kit@1.0.1 enable
2022-05-22T07:24:54.840Z - log: [Package] engine-extends@1.0.0 enable
2022-05-22T07:24:54.907Z - log: [Package] asset-db@1.0.0 enable
2022-05-22T07:24:54.948Z - log: [Package] scene@1.0.0 enable
2022-05-22T07:24:55.224Z - log: [Package] server@1.0.0 enable
2022-05-22T07:24:55.255Z - log: [Package] utils@1.0.0 enable
2022-05-22T07:24:59.488Z - log: [Package] preview@1.0.1 enable
2022-05-22T07:24:59.530Z - log: [Package] animator@1.0.0 enable
2022-05-22T07:24:59.739Z - log: 设置的 IP 地址不存在，将使用默认 IP
2022-05-22T07:25:00.570Z - log: [Package] builder@1.3.2 enable
2022-05-22T07:25:00.607Z - log: [Package] shortcuts@1.0.1 enable
2022-05-22T07:25:00.640Z - log: [Package] animation-graph@1.0.0 enable
2022-05-22T07:25:00.663Z - log: [Package] runtime-dev-tools@1.0.0 enable
2022-05-22T07:25:00.689Z - log: [Package] channel-upload-tools@1.0.0 enable
2022-05-22T07:25:00.720Z - log: [Package] about@1.0.0 enable
2022-05-22T07:25:00.756Z - log: [Package] assets@1.0.0 enable
2022-05-22T07:25:00.791Z - log: [Package] console@1.0.0 enable
2022-05-22T07:25:01.039Z - log: [Package] extension@3.0.16 enable
2022-05-22T07:25:01.083Z - log: [Package] hierarchy@1.0.0 enable
2022-05-22T07:25:01.125Z - log: [Package] inspector@1.0.0 enable
2022-05-22T07:25:01.161Z - log: [Package] lightmap@1.0.4 enable
2022-05-22T07:25:01.220Z - log: [Package] node-library@1.0.1 enable
2022-05-22T07:25:01.246Z - log: [Package] package-asset@1.0.0 enable
2022-05-22T07:25:01.293Z - log: [Package] process@1.0.0 enable
2022-05-22T07:25:01.330Z - log: [Package] reference-image@1.0.0 enable
2022-05-22T07:25:01.358Z - log: [Package] alipay-mini-game@1.0.0 enable
2022-05-22T07:25:01.388Z - log: [Package] android@1.0.0 enable
2022-05-22T07:25:01.418Z - log: [Package] baidu-mini-game@1.0.0 enable
2022-05-22T07:25:01.452Z - log: [Package] bytedance-mini-game@1.0.1 enable
2022-05-22T07:25:01.483Z - log: [Package] cocos-play@1.0.0 enable
2022-05-22T07:25:01.524Z - log: [Package] huawei-agc@1.0.0 enable
2022-05-22T07:25:01.552Z - log: [Package] huawei-quick-game@1.0.0 enable
2022-05-22T07:25:02.752Z - log: [Package] ios@1.0.0 enable
2022-05-22T07:25:02.777Z - log: [Package] ios-app-clip@1.0.0 enable
2022-05-22T07:25:02.851Z - log: [Package] link-sure@1.0.0 enable
2022-05-22T07:25:02.913Z - log: [Package] linux@1.0.0 enable
2022-05-22T07:25:02.942Z - log: [Package] mac@1.0.0 enable
2022-05-22T07:25:02.961Z - verbose: [AssetDB] Require engine code (2590ms)
2022-05-22T07:25:03.068Z - log: [Package] native@1.0.0 enable
2022-05-22T07:25:03.098Z - log: [Package] ohos@1.0.0 enable
2022-05-22T07:25:03.126Z - log: [Package] open-harmonyos@1.0.0 enable
2022-05-22T07:25:03.163Z - log: [Package] oppo-mini-game@1.0.0 enable
2022-05-22T07:25:03.196Z - log: [Package] qtt@1.0.0 enable
2022-05-22T07:25:03.226Z - log: [Package] vivo-mini-game@1.0.0 enable
2022-05-22T07:25:03.270Z - log: [Package] web-desktop@1.0.0 enable
2022-05-22T07:25:03.339Z - log: [Package] web-mobile@1.0.0 enable
2022-05-22T07:25:03.394Z - log: [Package] wechatgame@1.0.1 enable
2022-05-22T07:25:03.419Z - log: [Package] windows@1.0.0 enable
2022-05-22T07:25:03.444Z - log: [Package] xiaomi-quick-game@1.0.0 enable
2022-05-22T07:25:03.813Z - log: [Package] cocos-service@3.0.3 enable
2022-05-22T07:25:03.853Z - log: [Package] importer@1.0.0 enable
2022-05-22T07:25:04.265Z - log: [Im-plugin] Check im-plugin version.
2022-05-22T07:25:04.280Z - log: [Package] im-plugin@3.0.8 enable
2022-05-22T07:25:05.092Z - log: [Im-plugin] No online info of im-plugin.
2022-05-22T07:25:05.520Z - log: 设置的 IP 地址不存在，将使用默认 IP
2022-05-22T07:25:16.464Z - verbose: [Scene] Require engine code (1ms)
2022-05-22T07:25:16.466Z - verbose: [Scene] Startup engine (1ms)
2022-05-22T07:25:16.499Z - log: [Scene] Cocos Creator v3.5.0
2022-05-22T07:25:16.805Z - verbose: [Scene] Open engine (339ms)
2022-05-22T07:25:16.806Z - verbose: [Scene] Configure engine (0ms)
2022-05-22T07:25:16.589Z - info: [Scene] Forward render pipeline initialized.
2022-05-22T07:28:39.072Z - error: [Asset DB] /Users/mu/work/gitee/cocos-creator-how-to-use/UI/Creator3.5.0_2D_CameraUseSample/library/1b/1baf0fc9-befa-459c-8bdd-af1a450a0319.json: ENOENT: no such file or directory, open '/Users/mu/work/gitee/cocos-creator-how-to-use/UI/Creator3.5.0_2D_CameraUseSample/library/1b/1baf0fc9-befa-459c-8bdd-af1a450a0319.json'Error: /Users/mu/work/gitee/cocos-creator-how-to-use/UI/Creator3.5.0_2D_CameraUseSample/library/1b/1baf0fc9-befa-459c-8bdd-af1a450a0319.json: ENOENT: no such file or directory, open '/Users/mu/work/gitee/cocos-creator-how-to-use/UI/Creator3.5.0_2D_CameraUseSample/library/1b/1baf0fc9-befa-459c-8bdd-af1a450a0319.json'
    at Object.openSync (fs.js:476:3)
    at Object.func [as openSync] (electron/js2c/asar_bundle.js:5:1846)
    at Object.readFileSync (fs.js:377:35)
    at Object.e.readFileSync (electron/js2c/asar_bundle.js:5:8872)
    at Object.readFileSync (/Applications/CocosCreator/Creator/3.5.0/CocosCreator.app/Contents/Resources/app.asar/node_modules/jsonfile/index.js:61:22)
    at Object.upgradeProperties (/Applications/CocosCreator/Creator/3.5.0/CocosCreator.app/Contents/Resources/app.asar/modules/engine-extensions/extensions/engine-extends/dist/importer/importers/utils/material-upgrader.ccc:1:1795)
    at async MaterialImporter.import (/Applications/CocosCreator/Creator/3.5.0/CocosCreator.app/Contents/Resources/app.asar/modules/engine-extensions/extensions/engine-extends/dist/importer/importers/material.ccc:1:701)
    at async ImportTask.importAsset (/Applications/CocosCreator/Creator/3.5.0/CocosCreator.app/Contents/Resources/app.asar/node_modules/@editor/asset-db/libs/task.ccc:1:2311)
    at async ImportTask.exec (/Applications/CocosCreator/Creator/3.5.0/CocosCreator.app/Contents/Resources/app.asar/node_modules/@editor/asset-db/libs/task.ccc:1:596)
    at async ParallelQueue._generate (/Applications/CocosCreator/Creator/3.5.0/CocosCreator.app/Contents/Resources/app.asar/node_modules/@editor/asset-db/libs/asset-db.ccc:1:2655)
2022-05-22T07:28:39.073Z - error: [Asset DB] /Users/mu/work/gitee/cocos-creator-how-to-use/UI/Creator3.5.0_2D_CameraUseSample/library/1b/1baf0fc9-befa-459c-8bdd-af1a450a0319.json: ENOENT: no such file or directory, open '/Users/mu/work/gitee/cocos-creator-how-to-use/UI/Creator3.5.0_2D_CameraUseSample/library/1b/1baf0fc9-befa-459c-8bdd-af1a450a0319.json'Error: /Users/mu/work/gitee/cocos-creator-how-to-use/UI/Creator3.5.0_2D_CameraUseSample/library/1b/1baf0fc9-befa-459c-8bdd-af1a450a0319.json: ENOENT: no such file or directory, open '/Users/mu/work/gitee/cocos-creator-how-to-use/UI/Creator3.5.0_2D_CameraUseSample/library/1b/1baf0fc9-befa-459c-8bdd-af1a450a0319.json'
    at Object.openSync (fs.js:476:3)
    at Object.func [as openSync] (electron/js2c/asar_bundle.js:5:1846)
    at Object.readFileSync (fs.js:377:35)
    at Object.e.readFileSync (electron/js2c/asar_bundle.js:5:8872)
    at Object.readFileSync (/Applications/CocosCreator/Creator/3.5.0/CocosCreator.app/Contents/Resources/app.asar/node_modules/jsonfile/index.js:61:22)
    at Object.upgradeProperties (/Applications/CocosCreator/Creator/3.5.0/CocosCreator.app/Contents/Resources/app.asar/modules/engine-extensions/extensions/engine-extends/dist/importer/importers/utils/material-upgrader.ccc:1:1795)
    at async MaterialImporter.import (/Applications/CocosCreator/Creator/3.5.0/CocosCreator.app/Contents/Resources/app.asar/modules/engine-extensions/extensions/engine-extends/dist/importer/importers/material.ccc:1:701)
    at async ImportTask.importAsset (/Applications/CocosCreator/Creator/3.5.0/CocosCreator.app/Contents/Resources/app.asar/node_modules/@editor/asset-db/libs/task.ccc:1:2311)
    at async ImportTask.exec (/Applications/CocosCreator/Creator/3.5.0/CocosCreator.app/Contents/Resources/app.asar/node_modules/@editor/asset-db/libs/task.ccc:1:596)
    at async ParallelQueue._generate (/Applications/CocosCreator/Creator/3.5.0/CocosCreator.app/Contents/Resources/app.asar/node_modules/@editor/asset-db/libs/asset-db.ccc:1:2655)
2022-05-22T07:28:39.076Z - error: [Asset DB] /Users/mu/work/gitee/cocos-creator-how-to-use/UI/Creator3.5.0_2D_CameraUseSample/library/d1/d1346436-ac96-4271-b863-1f4fdead95b0.json: ENOENT: no such file or directory, open '/Users/mu/work/gitee/cocos-creator-how-to-use/UI/Creator3.5.0_2D_CameraUseSample/library/d1/d1346436-ac96-4271-b863-1f4fdead95b0.json'Error: /Users/mu/work/gitee/cocos-creator-how-to-use/UI/Creator3.5.0_2D_CameraUseSample/library/d1/d1346436-ac96-4271-b863-1f4fdead95b0.json: ENOENT: no such file or directory, open '/Users/mu/work/gitee/cocos-creator-how-to-use/UI/Creator3.5.0_2D_CameraUseSample/library/d1/d1346436-ac96-4271-b863-1f4fdead95b0.json'
    at Object.openSync (fs.js:476:3)
    at Object.func [as openSync] (electron/js2c/asar_bundle.js:5:1846)
    at Object.readFileSync (fs.js:377:35)
    at Object.e.readFileSync (electron/js2c/asar_bundle.js:5:8872)
    at Object.readFileSync (/Applications/CocosCreator/Creator/3.5.0/CocosCreator.app/Contents/Resources/app.asar/node_modules/jsonfile/index.js:61:22)
    at Object.upgradeProperties (/Applications/CocosCreator/Creator/3.5.0/CocosCreator.app/Contents/Resources/app.asar/modules/engine-extensions/extensions/engine-extends/dist/importer/importers/utils/material-upgrader.ccc:1:1795)
    at runNextTicks (internal/process/task_queues.js:58:5)
    at processImmediate (internal/timers.js:434:9)
    at async MaterialImporter.import (/Applications/CocosCreator/Creator/3.5.0/CocosCreator.app/Contents/Resources/app.asar/modules/engine-extensions/extensions/engine-extends/dist/importer/importers/material.ccc:1:701)
    at async ImportTask.importAsset (/Applications/CocosCreator/Creator/3.5.0/CocosCreator.app/Contents/Resources/app.asar/node_modules/@editor/asset-db/libs/task.ccc:1:2311)
2022-05-22T07:28:39.076Z - error: [Asset DB] /Users/mu/work/gitee/cocos-creator-how-to-use/UI/Creator3.5.0_2D_CameraUseSample/library/60/60f7195c-ec2a-45eb-ba94-8955f60e81d0.json: ENOENT: no such file or directory, open '/Users/mu/work/gitee/cocos-creator-how-to-use/UI/Creator3.5.0_2D_CameraUseSample/library/60/60f7195c-ec2a-45eb-ba94-8955f60e81d0.json'Error: /Users/mu/work/gitee/cocos-creator-how-to-use/UI/Creator3.5.0_2D_CameraUseSample/library/60/60f7195c-ec2a-45eb-ba94-8955f60e81d0.json: ENOENT: no such file or directory, open '/Users/mu/work/gitee/cocos-creator-how-to-use/UI/Creator3.5.0_2D_CameraUseSample/library/60/60f7195c-ec2a-45eb-ba94-8955f60e81d0.json'
    at Object.openSync (fs.js:476:3)
    at Object.func [as openSync] (electron/js2c/asar_bundle.js:5:1846)
    at Object.readFileSync (fs.js:377:35)
    at Object.e.readFileSync (electron/js2c/asar_bundle.js:5:8872)
    at Object.readFileSync (/Applications/CocosCreator/Creator/3.5.0/CocosCreator.app/Contents/Resources/app.asar/node_modules/jsonfile/index.js:61:22)
    at Object.upgradeProperties (/Applications/CocosCreator/Creator/3.5.0/CocosCreator.app/Contents/Resources/app.asar/modules/engine-extensions/extensions/engine-extends/dist/importer/importers/utils/material-upgrader.ccc:1:1795)
    at runNextTicks (internal/process/task_queues.js:58:5)
    at processImmediate (internal/timers.js:434:9)
    at async MaterialImporter.import (/Applications/CocosCreator/Creator/3.5.0/CocosCreator.app/Contents/Resources/app.asar/modules/engine-extensions/extensions/engine-extends/dist/importer/importers/material.ccc:1:701)
    at async ImportTask.importAsset (/Applications/CocosCreator/Creator/3.5.0/CocosCreator.app/Contents/Resources/app.asar/node_modules/@editor/asset-db/libs/task.ccc:1:2311)
2022-05-22T07:28:39.083Z - error: [Asset DB] /Users/mu/work/gitee/cocos-creator-how-to-use/UI/Creator3.5.0_2D_CameraUseSample/library/5d/5d45aa00-e064-4938-b314-4265f0c2258c.json: ENOENT: no such file or directory, open '/Users/mu/work/gitee/cocos-creator-how-to-use/UI/Creator3.5.0_2D_CameraUseSample/library/5d/5d45aa00-e064-4938-b314-4265f0c2258c.json'Error: /Users/mu/work/gitee/cocos-creator-how-to-use/UI/Creator3.5.0_2D_CameraUseSample/library/5d/5d45aa00-e064-4938-b314-4265f0c2258c.json: ENOENT: no such file or directory, open '/Users/mu/work/gitee/cocos-creator-how-to-use/UI/Creator3.5.0_2D_CameraUseSample/library/5d/5d45aa00-e064-4938-b314-4265f0c2258c.json'
    at Object.openSync (fs.js:476:3)
    at Object.func [as openSync] (electron/js2c/asar_bundle.js:5:1846)
    at Object.readFileSync (fs.js:377:35)
    at Object.e.readFileSync (electron/js2c/asar_bundle.js:5:8872)
    at Object.readFileSync (/Applications/CocosCreator/Creator/3.5.0/CocosCreator.app/Contents/Resources/app.asar/node_modules/jsonfile/index.js:61:22)
    at Object.upgradeProperties (/Applications/CocosCreator/Creator/3.5.0/CocosCreator.app/Contents/Resources/app.asar/modules/engine-extensions/extensions/engine-extends/dist/importer/importers/utils/material-upgrader.ccc:1:1795)
    at async MaterialImporter.import (/Applications/CocosCreator/Creator/3.5.0/CocosCreator.app/Contents/Resources/app.asar/modules/engine-extensions/extensions/engine-extends/dist/importer/importers/material.ccc:1:701)
    at async ImportTask.importAsset (/Applications/CocosCreator/Creator/3.5.0/CocosCreator.app/Contents/Resources/app.asar/node_modules/@editor/asset-db/libs/task.ccc:1:2311)
    at async ImportTask.exec (/Applications/CocosCreator/Creator/3.5.0/CocosCreator.app/Contents/Resources/app.asar/node_modules/@editor/asset-db/libs/task.ccc:1:596)
    at async ParallelQueue._generate (/Applications/CocosCreator/Creator/3.5.0/CocosCreator.app/Contents/Resources/app.asar/node_modules/@editor/asset-db/libs/asset-db.ccc:1:2655)
2022-05-22T07:28:39.083Z - error: [Asset DB] /Users/mu/work/gitee/cocos-creator-how-to-use/UI/Creator3.5.0_2D_CameraUseSample/library/ec/ec8106fe-05bf-4e94-943c-e0d3b7bb5e45.json: ENOENT: no such file or directory, open '/Users/mu/work/gitee/cocos-creator-how-to-use/UI/Creator3.5.0_2D_CameraUseSample/library/ec/ec8106fe-05bf-4e94-943c-e0d3b7bb5e45.json'Error: /Users/mu/work/gitee/cocos-creator-how-to-use/UI/Creator3.5.0_2D_CameraUseSample/library/ec/ec8106fe-05bf-4e94-943c-e0d3b7bb5e45.json: ENOENT: no such file or directory, open '/Users/mu/work/gitee/cocos-creator-how-to-use/UI/Creator3.5.0_2D_CameraUseSample/library/ec/ec8106fe-05bf-4e94-943c-e0d3b7bb5e45.json'
    at Object.openSync (fs.js:476:3)
    at Object.func [as openSync] (electron/js2c/asar_bundle.js:5:1846)
    at Object.readFileSync (fs.js:377:35)
    at Object.e.readFileSync (electron/js2c/asar_bundle.js:5:8872)
    at Object.readFileSync (/Applications/CocosCreator/Creator/3.5.0/CocosCreator.app/Contents/Resources/app.asar/node_modules/jsonfile/index.js:61:22)
    at Object.upgradeProperties (/Applications/CocosCreator/Creator/3.5.0/CocosCreator.app/Contents/Resources/app.asar/modules/engine-extensions/extensions/engine-extends/dist/importer/importers/utils/material-upgrader.ccc:1:1795)
    at async MaterialImporter.import (/Applications/CocosCreator/Creator/3.5.0/CocosCreator.app/Contents/Resources/app.asar/modules/engine-extensions/extensions/engine-extends/dist/importer/importers/material.ccc:1:701)
    at async ImportTask.importAsset (/Applications/CocosCreator/Creator/3.5.0/CocosCreator.app/Contents/Resources/app.asar/node_modules/@editor/asset-db/libs/task.ccc:1:2311)
    at async ImportTask.exec (/Applications/CocosCreator/Creator/3.5.0/CocosCreator.app/Contents/Resources/app.asar/node_modules/@editor/asset-db/libs/task.ccc:1:596)
    at async ParallelQueue._generate (/Applications/CocosCreator/Creator/3.5.0/CocosCreator.app/Contents/Resources/app.asar/node_modules/@editor/asset-db/libs/asset-db.ccc:1:2655)
2022-05-22T07:28:39.085Z - error: [Asset DB] /Users/mu/work/gitee/cocos-creator-how-to-use/UI/Creator3.5.0_2D_CameraUseSample/library/31/31b152ff-f689-4082-a292-3eb5a0b33014.json: ENOENT: no such file or directory, open '/Users/mu/work/gitee/cocos-creator-how-to-use/UI/Creator3.5.0_2D_CameraUseSample/library/31/31b152ff-f689-4082-a292-3eb5a0b33014.json'Error: /Users/mu/work/gitee/cocos-creator-how-to-use/UI/Creator3.5.0_2D_CameraUseSample/library/31/31b152ff-f689-4082-a292-3eb5a0b33014.json: ENOENT: no such file or directory, open '/Users/mu/work/gitee/cocos-creator-how-to-use/UI/Creator3.5.0_2D_CameraUseSample/library/31/31b152ff-f689-4082-a292-3eb5a0b33014.json'
    at Object.openSync (fs.js:476:3)
    at Object.func [as openSync] (electron/js2c/asar_bundle.js:5:1846)
    at Object.readFileSync (fs.js:377:35)
    at Object.e.readFileSync (electron/js2c/asar_bundle.js:5:8872)
    at Object.readFileSync (/Applications/CocosCreator/Creator/3.5.0/CocosCreator.app/Contents/Resources/app.asar/node_modules/jsonfile/index.js:61:22)
    at Object.upgradeProperties (/Applications/CocosCreator/Creator/3.5.0/CocosCreator.app/Contents/Resources/app.asar/modules/engine-extensions/extensions/engine-extends/dist/importer/importers/utils/material-upgrader.ccc:1:1795)
    at runNextTicks (internal/process/task_queues.js:58:5)
    at processImmediate (internal/timers.js:434:9)
    at async MaterialImporter.import (/Applications/CocosCreator/Creator/3.5.0/CocosCreator.app/Contents/Resources/app.asar/modules/engine-extensions/extensions/engine-extends/dist/importer/importers/material.ccc:1:701)
    at async ImportTask.importAsset (/Applications/CocosCreator/Creator/3.5.0/CocosCreator.app/Contents/Resources/app.asar/node_modules/@editor/asset-db/libs/task.ccc:1:2311)
2022-05-22T07:28:43.055Z - warn: [Scene] Missing class: e1b90/rohdEk4SdmmEZANaDError: [Scene] Missing class: e1b90/rohdEk4SdmmEZANaD
    at Object.classFinder (/Applications/CocosCreator/Creator/3.5.0/CocosCreator.app/Contents/Resources/app.asar/builtin/engine/dist/editor-extends/missing-reporter/missing-class-reporter.ccc:1:2218)
    at _Deserializer.classFinder [as _classFinder] (/Applications/CocosCreator/Creator/3.5.0/CocosCreator.app/Contents/Resources/resources/3d/engine/bin/.cache/dev/editor/bundled/index.js:73075:32)
    at _Deserializer._deserializeTypeTaggedObject (/Applications/CocosCreator/Creator/3.5.0/CocosCreator.app/Contents/Resources/resources/3d/engine/bin/.cache/dev/editor/bundled/index.js:94074:24)
    at _Deserializer._deserializeObject (/Applications/CocosCreator/Creator/3.5.0/CocosCreator.app/Contents/Resources/resources/3d/engine/bin/.cache/dev/editor/bundled/index.js:94015:23)
    at _Deserializer._deserializeAndAssignField (/Applications/CocosCreator/Creator/3.5.0/CocosCreator.app/Contents/Resources/resources/3d/engine/bin/.cache/dev/editor/bundled/index.js:94230:32)
    at _Deserializer._deserializeArray (/Applications/CocosCreator/Creator/3.5.0/CocosCreator.app/Contents/Resources/resources/3d/engine/bin/.cache/dev/editor/bundled/index.js:94049:34)
    at _Deserializer._deserializeObject (/Applications/CocosCreator/Creator/3.5.0/CocosCreator.app/Contents/Resources/resources/3d/engine/bin/.cache/dev/editor/bundled/index.js:94021:23)
2022-05-22T07:28:43.055Z - error: [Scene] Error when checking MissingScript 7, SyntaxError: Unexpected token u in JSON at position 0Error: [Scene] Error when checking MissingScript 7, SyntaxError: Unexpected token u in JSON at position 0
    at error (/Applications/CocosCreator/Creator/3.5.0/CocosCreator.app/Contents/Resources/resources/3d/engine/bin/.cache/dev/editor/bundled/index.js:131551:10)
    at deserialize (/Applications/CocosCreator/Creator/3.5.0/CocosCreator.app/Contents/Resources/resources/3d/engine/bin/.cache/dev/editor/bundled/index.js:94199:32)
    at _Deserializer._deserializeFireClass (/Applications/CocosCreator/Creator/3.5.0/CocosCreator.app/Contents/Resources/resources/3d/engine/bin/.cache/dev/editor/bundled/index.js:94212:5)
    at _Deserializer._deserializeInto (/Applications/CocosCreator/Creator/3.5.0/CocosCreator.app/Contents/Resources/resources/3d/engine/bin/.cache/dev/editor/bundled/index.js:94142:12)
    at _Deserializer._deserializeTypeTaggedObject (/Applications/CocosCreator/Creator/3.5.0/CocosCreator.app/Contents/Resources/resources/3d/engine/bin/.cache/dev/editor/bundled/index.js:94107:14)
    at _Deserializer._deserializeObject (/Applications/CocosCreator/Creator/3.5.0/CocosCreator.app/Contents/Resources/resources/3d/engine/bin/.cache/dev/editor/bundled/index.js:94015:23)
    at _Deserializer._deserializeAndAssignField (/Applications/CocosCreator/Creator/3.5.0/CocosCreator.app/Contents/Resources/resources/3d/engine/bin/.cache/dev/editor/bundled/index.js:94230:32)
2022-05-22T07:28:43.065Z - error: [Scene] Script "e1b90/rohdEk4SdmmEZANaD" attached to "Canvas" is missing or invalid. Detailed information:
Node path: "Canvas"
Script UUID: "e1b90feb-a217-4493-849d-9a611900d683"
Class ID: "e1b90/rohdEk4SdmmEZANaD"
Error: [Scene] Script "e1b90/rohdEk4SdmmEZANaD" attached to "Canvas" is missing or invalid. Detailed information:
Node path: "Canvas"
Script UUID: "e1b90feb-a217-4493-849d-9a611900d683"
Class ID: "e1b90/rohdEk4SdmmEZANaD"

    at report (/Applications/CocosCreator/Creator/3.5.0/CocosCreator.app/Contents/Resources/app.asar/builtin/engine/dist/editor-extends/missing-reporter/missing-class-reporter.ccc:1:1187)
    at reportByWalker (/Applications/CocosCreator/Creator/3.5.0/CocosCreator.app/Contents/Resources/app.asar/builtin/engine/dist/editor-extends/missing-reporter/missing-class-reporter.ccc:1:1283)
    at /Applications/CocosCreator/Creator/3.5.0/CocosCreator.app/Contents/Resources/app.asar/builtin/engine/dist/editor-extends/missing-reporter/missing-class-reporter.ccc:1:1979
    at ObjectWalkerBehavior.walk (/Applications/CocosCreator/Creator/3.5.0/CocosCreator.app/Contents/Resources/app.asar/builtin/engine/dist/editor-extends/missing-reporter/object-walker.ccc:1:2348)
    at ObjectWalkerBehavior.forEach (/Applications/CocosCreator/Creator/3.5.0/CocosCreator.app/Contents/Resources/app.asar/builtin/engine/dist/editor-extends/missing-reporter/object-walker.ccc:1:812)
    at ObjectWalkerBehavior.parseObject (/Applications/CocosCreator/Creator/3.5.0/CocosCreator.app/Contents/Resources/app.asar/builtin/engine/dist/editor-extends/missing-reporter/object-walker.ccc:1:306)
    at doWalkProperties (/Applications/CocosCreator/Creator/3.5.0/CocosCreator.app/Contents/Resources/app.asar/builtin/engine/dist/editor-extends/missing-reporter/object-walker.ccc:1:2143)
2022-05-22T07:28:43.865Z - warn: Metrics: no valid info
2022-05-22T07:29:13.522Z - log: [Package] menu@1.0.0 enable
2022-05-22T07:29:13.525Z - log: [Package] profile@1.0.0 enable
2022-05-22T07:29:13.536Z - log: [Package] project@1.0.2 enable
2022-05-22T07:29:13.544Z - log: [Package] messages@1.0.0 enable
2022-05-22T07:29:13.547Z - log: [Package] program@1.0.0 enable
2022-05-22T07:29:13.552Z - log: [Package] tester@1.0.0 enable
2022-05-22T07:29:13.558Z - log: [Package] preferences@1.0.0 enable
2022-05-22T07:29:14.338Z - log: Setup mods mgr.: 324.078ms
2022-05-22T07:29:14.349Z - verbose: [Engine] QuickCompile engine (730ms)
2022-05-22T07:29:14.353Z - log: [Package] engine@1.0.6 enable
2022-05-22T07:29:15.174Z - log: [Package] programming@1.0.0 enable
2022-05-22T07:29:15.465Z - log: [Package] device@1.0.1 enable
2022-05-22T07:29:15.491Z - log: [Package] ui-kit@1.0.1 enable
2022-05-22T07:29:15.520Z - log: [Package] engine-extends@1.0.0 enable
2022-05-22T07:29:15.590Z - log: [Package] asset-db@1.0.0 enable
2022-05-22T07:29:15.631Z - log: [Package] scene@1.0.0 enable
2022-05-22T07:29:15.920Z - log: [Package] server@1.0.0 enable
2022-05-22T07:29:15.962Z - log: [Package] utils@1.0.0 enable
2022-05-22T07:29:20.171Z - log: [Package] preview@1.0.1 enable
2022-05-22T07:29:20.204Z - log: [Package] animator@1.0.0 enable
2022-05-22T07:29:20.293Z - log: 设置的 IP 地址不存在，将使用默认 IP
2022-05-22T07:29:21.237Z - log: [Package] builder@1.3.2 enable
2022-05-22T07:29:21.271Z - log: [Package] shortcuts@1.0.1 enable
2022-05-22T07:29:21.302Z - log: [Package] animation-graph@1.0.0 enable
2022-05-22T07:29:21.325Z - log: [Package] runtime-dev-tools@1.0.0 enable
2022-05-22T07:29:21.346Z - log: [Package] channel-upload-tools@1.0.0 enable
2022-05-22T07:29:21.377Z - log: [Package] about@1.0.0 enable
2022-05-22T07:29:21.412Z - log: [Package] assets@1.0.0 enable
2022-05-22T07:29:21.447Z - log: [Package] console@1.0.0 enable
2022-05-22T07:29:21.678Z - log: [Package] extension@3.0.16 enable
2022-05-22T07:29:21.718Z - log: [Package] hierarchy@1.0.0 enable
2022-05-22T07:29:21.767Z - log: [Package] inspector@1.0.0 enable
2022-05-22T07:29:21.819Z - log: [Package] lightmap@1.0.4 enable
2022-05-22T07:29:21.886Z - log: [Package] node-library@1.0.1 enable
2022-05-22T07:29:21.944Z - log: [Package] package-asset@1.0.0 enable
2022-05-22T07:29:22.016Z - log: [Package] process@1.0.0 enable
2022-05-22T07:29:22.065Z - log: [Package] reference-image@1.0.0 enable
2022-05-22T07:29:22.095Z - log: [Package] alipay-mini-game@1.0.0 enable
2022-05-22T07:29:22.133Z - log: [Package] android@1.0.0 enable
2022-05-22T07:29:22.160Z - log: [Package] baidu-mini-game@1.0.0 enable
2022-05-22T07:29:22.185Z - log: [Package] bytedance-mini-game@1.0.1 enable
2022-05-22T07:29:22.211Z - log: [Package] cocos-play@1.0.0 enable
2022-05-22T07:29:22.241Z - log: [Package] huawei-agc@1.0.0 enable
2022-05-22T07:29:22.271Z - log: [Package] huawei-quick-game@1.0.0 enable
2022-05-22T07:29:23.492Z - log: [Package] ios@1.0.0 enable
2022-05-22T07:29:23.518Z - log: [Package] ios-app-clip@1.0.0 enable
2022-05-22T07:29:23.540Z - log: [Package] link-sure@1.0.0 enable
2022-05-22T07:29:23.572Z - log: [Package] linux@1.0.0 enable
2022-05-22T07:29:23.599Z - log: [Package] mac@1.0.0 enable
2022-05-22T07:29:23.718Z - log: [Package] native@1.0.0 enable
2022-05-22T07:29:23.727Z - verbose: [AssetDB] Require engine code (2733ms)
2022-05-22T07:29:23.744Z - log: [Package] ohos@1.0.0 enable
2022-05-22T07:29:23.770Z - log: [Package] open-harmonyos@1.0.0 enable
2022-05-22T07:29:23.796Z - log: [Package] oppo-mini-game@1.0.0 enable
2022-05-22T07:29:23.822Z - log: [Package] qtt@1.0.0 enable
2022-05-22T07:29:23.851Z - log: [Package] vivo-mini-game@1.0.0 enable
2022-05-22T07:29:23.895Z - log: [Package] web-desktop@1.0.0 enable
2022-05-22T07:29:23.935Z - log: [Package] web-mobile@1.0.0 enable
2022-05-22T07:29:23.975Z - log: [Package] wechatgame@1.0.1 enable
2022-05-22T07:29:24.002Z - log: [Package] windows@1.0.0 enable
2022-05-22T07:29:24.031Z - log: [Package] xiaomi-quick-game@1.0.0 enable
2022-05-22T07:29:24.321Z - log: [Package] cocos-service@3.0.3 enable
2022-05-22T07:29:24.390Z - log: [Package] importer@1.0.0 enable
2022-05-22T07:29:24.822Z - log: [Im-plugin] Check im-plugin version.
2022-05-22T07:29:24.835Z - log: [Package] im-plugin@3.0.8 enable
2022-05-22T07:29:25.561Z - log: [Im-plugin] No online info of im-plugin.
2022-05-22T07:29:26.235Z - log: 设置的 IP 地址不存在，将使用默认 IP
2022-05-22T07:29:32.272Z - verbose: [Scene] Require engine code (1ms)
2022-05-22T07:29:32.275Z - verbose: [Scene] Startup engine (2ms)
2022-05-22T07:29:32.361Z - log: [Scene] Cocos Creator v3.5.0
2022-05-22T07:29:32.863Z - verbose: [Scene] Open engine (588ms)
2022-05-22T07:29:32.863Z - verbose: [Scene] Configure engine (0ms)
2022-05-22T07:29:32.497Z - info: [Scene] Forward render pipeline initialized.
2022-05-22T07:35:07.603Z - warn: Metrics: no valid info
