2022-05-09 14:36:12-log: [Package] menu@1.0.0 enable
2022-05-09 14:36:12-log: [Package] profile@1.0.0 enable
2022-05-09 14:36:12-log: [Package] project@1.0.1 enable
2022-05-09 14:36:12-log: [Package] messages@1.0.0 enable
2022-05-09 14:36:12-log: [Package] program@1.0.0 enable
2022-05-09 14:36:12-log: [Package] device@1.0.1 enable
2022-05-09 14:36:12-log: [Package] ui-kit@1.0.1 enable
2022-05-09 14:36:12-log: [Package] tester@1.0.0 enable
2022-05-09 14:36:12-log: [Package] preferences@1.0.0 enable
2022-05-09 14:36:13-log: Setup mods mgr.: 322.19ms
2022-05-09 14:36:13-log: Profile changed: engine (modules.includeModules: 2d,3d,audio,base,dragon-bones,gfx-webgl,gfx-webgl2,intersection-2d,marionette,particle,particle-2d,physics-2d-box2d,physics-ammo,primitive,profiler,spine,terrain,tiled-map,tween,ui,video,webview)
2022-05-09 14:36:13-log: [Package] engine@1.0.5 enable
2022-05-09 14:36:16-log: [Package] programming@1.0.0 enable
2022-05-09 14:36:16-log: [Package] Profile Migrate: builder@Cocos Creator...
2022-05-09 14:36:16-log: [Package] Profile Migrate: builder@Cocos Creator...
2022-05-09 14:36:16-log: [Package] engine-extends@1.0.0 enable
2022-05-09 14:36:16-log: [Package] asset-db@1.0.0 enable
2022-05-09 14:36:16-log: [Package] console@1.0.0 enable
2022-05-09 14:36:16-log: [Package] scene@1.0.0 enable
2022-05-09 14:36:16-log: [Package] about@1.0.0 enable
2022-05-09 14:36:16-log: [Package] server@1.0.0 enable
2022-05-09 14:36:16-log: [Package] utils@1.0.0 enable
2022-05-09 14:36:16-log: [Package] assets@1.0.0 enable
2022-05-09 14:36:16-log: [Package] inspector@1.0.0 enable
2022-05-09 14:36:16-log: [Package] hierarchy@1.0.0 enable
2022-05-09 14:36:19-log: [Package] preview@1.0.1 enable
2022-05-09 14:36:19-log: [Package] animator@1.0.0 enable
2022-05-09 14:36:19-log: 设置的 IP 地址不存在，将使用默认 IP
2022-05-09 14:36:20-log: [Package] builder@1.3.1 enable
2022-05-09 14:36:20-log: [Package] node-library@1.0.0 enable
2022-05-09 14:36:20-log: [Package] shortcuts@1.0.1 enable
2022-05-09 14:36:20-log: [Package] package-asset@1.0.0 enable
2022-05-09 14:36:20-log: [Package] reference-image@1.0.0 enable
2022-05-09 14:36:20-log: [Package] animation-graph@1.0.0 enable
2022-05-09 14:36:20-log: [Package] channel-upload-tools@1.0.0 enable
2022-05-09 14:36:20-log: [Package] runtime-dev-tools@1.0.0 enable
2022-05-09 14:36:20-log: [Package] lightmap@1.0.4 enable
2022-05-09 14:36:20-log: [Package] alipay-mini-game@1.0.0 enable
2022-05-09 14:36:21-log: [Package] android@1.0.0 enable
2022-05-09 14:36:21-log: [Package] baidu-mini-game@1.0.0 enable
2022-05-09 14:36:21-log: [Package] bytedance-mini-game@1.0.1 enable
2022-05-09 14:36:21-log: [Package] huawei-agc@1.0.0 enable
2022-05-09 14:36:22-log: [Package] ios@1.0.0 enable
2022-05-09 14:36:22-log: [Package] ios-app-clip@1.0.0 enable
2022-05-09 14:36:22-log: [Package] mac@1.0.0 enable
2022-05-09 14:36:22-log: [Package] native@1.0.0 enable
2022-05-09 14:36:22-log: [Package] ohos@1.0.0 enable
2022-05-09 14:36:23-log: [Package] web-desktop@1.0.0 enable
2022-05-09 14:36:23-log: [Package] web-mobile@1.0.0 enable
2022-05-09 14:36:23-log: [Package] wechatgame@1.0.1 enable
2022-05-09 14:36:23-log: [Package] windows@1.0.0 enable
2022-05-09 14:36:23-log: [Package] xiaomi-quick-game@1.0.0 enable
2022-05-09 14:36:23-log: [Package] cocos-play@1.0.0 enable
2022-05-09 14:36:23-log: [Package] huawei-quick-game@1.0.0 enable
2022-05-09 14:36:23-log: [Package] link-sure@1.0.0 enable
2022-05-09 14:36:23-log: [Package] oppo-mini-game@1.0.0 enable
2022-05-09 14:36:23-log: [Package] qtt@1.0.0 enable
2022-05-09 14:36:23-log: [Package] vivo-mini-game@1.0.0 enable
2022-05-09 14:36:24-log: [Package] cocos-service@3.0.2 enable
2022-05-09 14:36:24-log: [Package] importer@1.0.0 enable
2022-05-09 14:36:24-log: [Package] extension@3.0.15 enable
2022-05-09 14:36:25-log: [Im-plugin] Check im-plugin version.
2022-05-09 14:36:25-log: [Package] im-plugin@3.0.8 enable
2022-05-09 14:36:25-log: 设置的 IP 地址不存在，将使用默认 IP
2022-05-09 14:36:26-log: [Im-plugin] No online info of im-plugin.
2022-05-09 14:36:32-warn: Browserslist: caniuse-lite is outdated. Please run:
npx browserslist@latest --update-db

Why you should do it regularly:
https://github.com/browserslist/browserslist#browsers-data-updating
2022-05-09 14:36:32-log: [Scene] Cocos Creator v3.4.2
2022-05-09 14:36:32-warn: [Scene] 'macro.KEY' is deprecated. (please use KeyCode instead)
2022-05-09 14:36:32-warn: [Scene] 'macro.KEY.shift' is deprecated. (please use KeyCode.SHIFT_LEFT instead)
2022-05-09 14:36:32-info: [Scene] Forward render pipeline initialized.
2022-05-09 14:36:34-warn: [Scene] 'macro.KEY' is deprecated. (please use KeyCode instead)
2022-05-09 14:36:34-warn: [Scene] 'macro.KEY.shift' is deprecated. (please use KeyCode.SHIFT_LEFT instead)
2022-06-01T10:05:51.115Z - log: [Package] menu@1.0.0 enable
2022-06-01T10:05:51.118Z - log: [Package] profile@1.0.0 enable
2022-06-01T10:05:51.134Z - log: [Package] project@1.0.2 enable
2022-06-01T10:05:51.139Z - log: [Package] messages@1.0.0 enable
2022-06-01T10:05:51.145Z - log: [Package] program@1.0.0 enable
2022-06-01T10:05:51.158Z - log: [Package] tester@1.0.0 enable
2022-06-01T10:05:51.165Z - log: [Package] preferences@1.0.0 enable
2022-06-01T10:05:52.246Z - log: Setup mods mgr.: 429.251ms
2022-06-01T10:05:52.265Z - verbose: [Engine] QuickCompile engine (860ms)
2022-06-01T10:05:52.269Z - log: [Package] engine@1.0.6 enable
2022-06-01T10:05:53.386Z - log: [Package] programming@1.0.0 enable
2022-06-01T10:05:53.681Z - log: [Package] device@1.0.1 enable
2022-06-01T10:05:53.708Z - log: [Package] ui-kit@1.0.1 enable
2022-06-01T10:05:53.730Z - log: [Package] engine-extends@1.0.0 enable
2022-06-01T10:05:53.811Z - log: [Package] asset-db@1.0.0 enable
2022-06-01T10:05:53.859Z - log: [Package] scene@1.0.0 enable
2022-06-01T10:05:54.183Z - log: [Package] server@1.0.0 enable
2022-06-01T10:05:54.248Z - log: [Package] utils@1.0.0 enable
2022-06-01T10:05:59.434Z - log: [Package] preview@1.0.1 enable
2022-06-01T10:05:59.467Z - log: [Package] animator@1.0.0 enable
2022-06-01T10:05:59.698Z - log: 设置的 IP 地址不存在，将使用默认 IP
2022-06-01T10:06:01.114Z - log: [Package] builder@1.3.2 enable
2022-06-01T10:06:01.148Z - log: [Package] shortcuts@1.0.1 enable
2022-06-01T10:06:01.180Z - log: [Package] animation-graph@1.0.0 enable
2022-06-01T10:06:01.203Z - log: [Package] runtime-dev-tools@1.0.0 enable
2022-06-01T10:06:01.228Z - log: [Package] channel-upload-tools@1.0.0 enable
2022-06-01T10:06:01.263Z - log: [Package] about@1.0.0 enable
2022-06-01T10:06:01.305Z - log: [Package] assets@1.0.0 enable
2022-06-01T10:06:01.342Z - log: [Package] console@1.0.0 enable
2022-06-01T10:06:01.800Z - log: [Package] extension@3.0.16 enable
2022-06-01T10:06:01.852Z - log: [Package] hierarchy@1.0.0 enable
2022-06-01T10:06:01.898Z - log: [Package] inspector@1.0.0 enable
2022-06-01T10:06:01.938Z - log: [Package] lightmap@1.0.4 enable
2022-06-01T10:06:01.976Z - log: [Package] node-library@1.0.1 enable
2022-06-01T10:06:02.034Z - log: [Package] package-asset@1.0.0 enable
2022-06-01T10:06:02.111Z - log: [Package] process@1.0.0 enable
2022-06-01T10:06:02.157Z - log: [Package] reference-image@1.0.0 enable
2022-06-01T10:06:02.186Z - log: [Package] alipay-mini-game@1.0.0 enable
2022-06-01T10:06:02.225Z - log: [Package] android@1.0.0 enable
2022-06-01T10:06:02.251Z - log: [Package] baidu-mini-game@1.0.0 enable
2022-06-01T10:06:02.276Z - log: [Package] bytedance-mini-game@1.0.1 enable
2022-06-01T10:06:02.305Z - log: [Package] cocos-play@1.0.0 enable
2022-06-01T10:06:02.332Z - log: [Package] huawei-agc@1.0.0 enable
2022-06-01T10:06:02.360Z - log: [Package] huawei-quick-game@1.0.0 enable
2022-06-01T10:06:03.788Z - log: [Package] ios@1.0.0 enable
2022-06-01T10:06:03.814Z - log: [Package] ios-app-clip@1.0.0 enable
2022-06-01T10:06:03.837Z - log: [Package] link-sure@1.0.0 enable
2022-06-01T10:06:03.864Z - log: [Package] linux@1.0.0 enable
2022-06-01T10:06:03.891Z - log: [Package] mac@1.0.0 enable
2022-06-01T10:06:04.072Z - log: [Package] native@1.0.0 enable
2022-06-01T10:06:04.085Z - verbose: [AssetDB] Require engine code (3147ms)
2022-06-01T10:06:04.113Z - log: [Package] ohos@1.0.0 enable
2022-06-01T10:06:04.147Z - log: [Package] open-harmonyos@1.0.0 enable
2022-06-01T10:06:04.184Z - log: [Package] oppo-mini-game@1.0.0 enable
2022-06-01T10:06:04.223Z - log: [Package] qtt@1.0.0 enable
2022-06-01T10:06:04.259Z - log: [Package] vivo-mini-game@1.0.0 enable
2022-06-01T10:06:04.300Z - log: [Package] web-desktop@1.0.0 enable
2022-06-01T10:06:04.339Z - log: [Package] web-mobile@1.0.0 enable
2022-06-01T10:06:04.379Z - log: [Package] wechatgame@1.0.1 enable
2022-06-01T10:06:04.407Z - log: [Package] windows@1.0.0 enable
2022-06-01T10:06:04.435Z - log: [Package] xiaomi-quick-game@1.0.0 enable
2022-06-01T10:06:04.855Z - log: [Package] cocos-service@3.0.3 enable
2022-06-01T10:06:04.912Z - log: [Package] importer@1.0.0 enable
2022-06-01T10:06:05.232Z - log: [Im-plugin] Check im-plugin version.
2022-06-01T10:06:05.274Z - log: [Package] im-plugin@3.0.8 enable
2022-06-01T10:06:06.287Z - log: [Im-plugin] No online info of im-plugin.
2022-06-01T10:06:06.980Z - log: 设置的 IP 地址不存在，将使用默认 IP
2022-06-01T10:06:19.447Z - verbose: [Scene] Require engine code (0ms)
2022-06-01T10:06:19.450Z - verbose: [Scene] Startup engine (1ms)
2022-06-01T10:06:19.482Z - log: [Scene] Cocos Creator v3.5.1
2022-06-01T10:06:19.557Z - warn: [Scene] 'macro.KEY' is deprecated. (please use KeyCode instead)Error: [Scene] 'macro.KEY' is deprecated. (please use KeyCode instead)
    at warn (/Applications/CocosCreator/Creator/3.5.1/CocosCreator.app/Contents/Resources/resources/3d/engine/bin/.cache/dev/editor/bundled/index.js:139072:10)
    at markAsWarningLog (/Applications/CocosCreator/Creator/3.5.1/CocosCreator.app/Contents/Resources/resources/3d/engine/bin/.cache/dev/editor/bundled/index.js:164006:5)
    at Object.get (/Applications/CocosCreator/Creator/3.5.1/CocosCreator.app/Contents/Resources/resources/3d/engine/bin/.cache/dev/editor/bundled/index.js:164066:13)
    at Object.execute (file:///Users/mu/work/gitee/cocos-creator-how-to-use/proj/Particle/Creator3.5.1_3D_ParticleRenderer/temp/programming/packer-driver/targets/editor/chunks/70/701378bdc717e71b5bb0ac3671e50609bb097803.js:48:22)
    at doExec (/Applications/CocosCreator/Creator/3.5.1/CocosCreator.app/Contents/Resources/app.asar/node_modules/@editor/lib-programming/static/executor/systemjs-bridge/out/index.js:487:32)
    at postOrderExec (/Applications/CocosCreator/Creator/3.5.1/CocosCreator.app/Contents/Resources/app.asar/node_modules/@editor/lib-programming/static/executor/systemjs-bridge/out/index.js:483:10)
    at /Applications/CocosCreator/Creator/3.5.1/CocosCreator.app/Contents/Resources/app.asar/node_modules/@editor/lib-programming/static/executor/systemjs-bridge/out/index.js:440:12
2022-06-01T10:06:19.558Z - warn: [Scene] 'macro.KEY.shift' is deprecated. (please use KeyCode.SHIFT_LEFT instead)Error: [Scene] 'macro.KEY.shift' is deprecated. (please use KeyCode.SHIFT_LEFT instead)
    at warn (/Applications/CocosCreator/Creator/3.5.1/CocosCreator.app/Contents/Resources/resources/3d/engine/bin/.cache/dev/editor/bundled/index.js:139072:10)
    at markAsWarningLog (/Applications/CocosCreator/Creator/3.5.1/CocosCreator.app/Contents/Resources/resources/3d/engine/bin/.cache/dev/editor/bundled/index.js:164006:5)
    at Object.get (/Applications/CocosCreator/Creator/3.5.1/CocosCreator.app/Contents/Resources/resources/3d/engine/bin/.cache/dev/editor/bundled/index.js:164066:13)
    at Object.execute (file:///Users/mu/work/gitee/cocos-creator-how-to-use/proj/Particle/Creator3.5.1_3D_ParticleRenderer/temp/programming/packer-driver/targets/editor/chunks/70/701378bdc717e71b5bb0ac3671e50609bb097803.js:48:26)
    at doExec (/Applications/CocosCreator/Creator/3.5.1/CocosCreator.app/Contents/Resources/app.asar/node_modules/@editor/lib-programming/static/executor/systemjs-bridge/out/index.js:487:32)
    at postOrderExec (/Applications/CocosCreator/Creator/3.5.1/CocosCreator.app/Contents/Resources/app.asar/node_modules/@editor/lib-programming/static/executor/systemjs-bridge/out/index.js:483:10)
    at /Applications/CocosCreator/Creator/3.5.1/CocosCreator.app/Contents/Resources/app.asar/node_modules/@editor/lib-programming/static/executor/systemjs-bridge/out/index.js:440:12
2022-06-01T10:06:19.782Z - verbose: [Scene] Open engine (334ms)
2022-06-01T10:06:19.782Z - verbose: [Scene] Configure engine (0ms)
2022-06-01T10:06:19.565Z - info: [Scene] Forward render pipeline initialized.
2022-06-01T10:06:20.491Z - warn: [Scene] 'macro.KEY' is deprecated. (please use KeyCode instead)Error: [Scene] 'macro.KEY' is deprecated. (please use KeyCode instead)
    at warn (/Applications/CocosCreator/Creator/3.5.1/CocosCreator.app/Contents/Resources/resources/3d/engine/bin/.cache/dev/editor/bundled/index.js:139072:10)
    at markAsWarningLog (/Applications/CocosCreator/Creator/3.5.1/CocosCreator.app/Contents/Resources/resources/3d/engine/bin/.cache/dev/editor/bundled/index.js:164006:5)
    at Object.get (/Applications/CocosCreator/Creator/3.5.1/CocosCreator.app/Contents/Resources/resources/3d/engine/bin/.cache/dev/editor/bundled/index.js:164066:13)
    at Object.execute (file:///Users/mu/work/gitee/cocos-creator-how-to-use/proj/Particle/Creator3.5.1_3D_ParticleRenderer/temp/programming/packer-driver/targets/editor/chunks/70/701378bdc717e71b5bb0ac3671e50609bb097803.js:48:22)
    at doExec (/Applications/CocosCreator/Creator/3.5.1/CocosCreator.app/Contents/Resources/app.asar/node_modules/@editor/lib-programming/static/executor/systemjs-bridge/out/index.js:487:32)
    at postOrderExec (/Applications/CocosCreator/Creator/3.5.1/CocosCreator.app/Contents/Resources/app.asar/node_modules/@editor/lib-programming/static/executor/systemjs-bridge/out/index.js:483:10)
    at /Applications/CocosCreator/Creator/3.5.1/CocosCreator.app/Contents/Resources/app.asar/node_modules/@editor/lib-programming/static/executor/systemjs-bridge/out/index.js:440:12
2022-06-01T10:06:20.491Z - warn: [Scene] 'macro.KEY.shift' is deprecated. (please use KeyCode.SHIFT_LEFT instead)Error: [Scene] 'macro.KEY.shift' is deprecated. (please use KeyCode.SHIFT_LEFT instead)
    at warn (/Applications/CocosCreator/Creator/3.5.1/CocosCreator.app/Contents/Resources/resources/3d/engine/bin/.cache/dev/editor/bundled/index.js:139072:10)
    at markAsWarningLog (/Applications/CocosCreator/Creator/3.5.1/CocosCreator.app/Contents/Resources/resources/3d/engine/bin/.cache/dev/editor/bundled/index.js:164006:5)
    at Object.get (/Applications/CocosCreator/Creator/3.5.1/CocosCreator.app/Contents/Resources/resources/3d/engine/bin/.cache/dev/editor/bundled/index.js:164066:13)
    at Object.execute (file:///Users/mu/work/gitee/cocos-creator-how-to-use/proj/Particle/Creator3.5.1_3D_ParticleRenderer/temp/programming/packer-driver/targets/editor/chunks/70/701378bdc717e71b5bb0ac3671e50609bb097803.js:48:26)
    at doExec (/Applications/CocosCreator/Creator/3.5.1/CocosCreator.app/Contents/Resources/app.asar/node_modules/@editor/lib-programming/static/executor/systemjs-bridge/out/index.js:487:32)
    at postOrderExec (/Applications/CocosCreator/Creator/3.5.1/CocosCreator.app/Contents/Resources/app.asar/node_modules/@editor/lib-programming/static/executor/systemjs-bridge/out/index.js:483:10)
    at /Applications/CocosCreator/Creator/3.5.1/CocosCreator.app/Contents/Resources/app.asar/node_modules/@editor/lib-programming/static/executor/systemjs-bridge/out/index.js:440:12
2022-06-01T10:10:01.161Z - warn: Metrics: no valid info
2022-06-01T10:10:01.175Z - error: Error occurred in handler for 'GUEST_VIEW_MANAGER_CALL': Error: Invalid guestInstanceId: 6
    at getGuestForWebContents (electron/js2c/browser_init.js:181:6307)
    at electron/js2c/browser_init.js:181:5372
    at electron/js2c/browser_init.js:181:1637
    at electron/js2c/browser_init.js:197:579
    at Object.<anonymous> (electron/js2c/browser_init.js:161:9782)
    at Object.emit (events.js:315:20)
