2022-05-22T09:50:05.078Z - log: [Package] menu@1.0.0 enable
2022-05-22T09:50:05.081Z - log: [Package] profile@1.0.0 enable
2022-05-22T09:50:05.097Z - log: [Package] project@1.0.2 enable
2022-05-22T09:50:05.106Z - log: [Package] messages@1.0.0 enable
2022-05-22T09:50:05.111Z - log: [Package] program@1.0.0 enable
2022-05-22T09:50:05.117Z - log: [Package] tester@1.0.0 enable
2022-05-22T09:50:05.124Z - log: [Package] preferences@1.0.0 enable
2022-05-22T09:50:05.850Z - log: Setup mods mgr.: 320.651ms
2022-05-22T09:50:05.859Z - verbose: [Engine] QuickCompile engine (669ms)
2022-05-22T09:50:05.863Z - log: [Package] engine@1.0.6 enable
2022-05-22T09:50:06.726Z - log: [Package] programming@1.0.0 enable
2022-05-22T09:50:07.031Z - log: [Package] device@1.0.1 enable
2022-05-22T09:50:07.058Z - log: [Package] ui-kit@1.0.1 enable
2022-05-22T09:50:07.082Z - log: [Package] engine-extends@1.0.0 enable
2022-05-22T09:50:07.150Z - log: [Package] asset-db@1.0.0 enable
2022-05-22T09:50:07.200Z - log: [Package] scene@1.0.0 enable
2022-05-22T09:50:07.454Z - log: [Package] server@1.0.0 enable
2022-05-22T09:50:07.501Z - log: [Package] utils@1.0.0 enable
2022-05-22T09:50:11.979Z - log: [Package] preview@1.0.1 enable
2022-05-22T09:50:12.022Z - log: [Package] animator@1.0.0 enable
2022-05-22T09:50:12.237Z - log: 设置的 IP 地址不存在，将使用默认 IP
2022-05-22T09:50:13.176Z - log: [Package] builder@1.3.2 enable
2022-05-22T09:50:13.212Z - log: [Package] shortcuts@1.0.1 enable
2022-05-22T09:50:13.243Z - log: [Package] animation-graph@1.0.0 enable
2022-05-22T09:50:13.266Z - log: [Package] runtime-dev-tools@1.0.0 enable
2022-05-22T09:50:13.291Z - log: [Package] channel-upload-tools@1.0.0 enable
2022-05-22T09:50:13.328Z - log: [Package] about@1.0.0 enable
2022-05-22T09:50:13.364Z - log: [Package] assets@1.0.0 enable
2022-05-22T09:50:13.407Z - log: [Package] console@1.0.0 enable
2022-05-22T09:50:13.682Z - log: [Package] extension@3.0.16 enable
2022-05-22T09:50:13.724Z - log: [Package] hierarchy@1.0.0 enable
2022-05-22T09:50:13.772Z - log: [Package] inspector@1.0.0 enable
2022-05-22T09:50:13.809Z - log: [Package] lightmap@1.0.4 enable
2022-05-22T09:50:13.866Z - log: [Package] node-library@1.0.1 enable
2022-05-22T09:50:13.894Z - log: [Package] package-asset@1.0.0 enable
2022-05-22T09:50:13.930Z - log: [Package] process@1.0.0 enable
2022-05-22T09:50:13.969Z - log: [Package] reference-image@1.0.0 enable
2022-05-22T09:50:13.996Z - log: [Package] alipay-mini-game@1.0.0 enable
2022-05-22T09:50:14.037Z - log: [Package] android@1.0.0 enable
2022-05-22T09:50:14.073Z - log: [Package] baidu-mini-game@1.0.0 enable
2022-05-22T09:50:14.112Z - log: [Package] bytedance-mini-game@1.0.1 enable
2022-05-22T09:50:14.140Z - log: [Package] cocos-play@1.0.0 enable
2022-05-22T09:50:14.169Z - log: [Package] huawei-agc@1.0.0 enable
2022-05-22T09:50:14.198Z - log: [Package] huawei-quick-game@1.0.0 enable
2022-05-22T09:50:15.569Z - log: [Package] ios@1.0.0 enable
2022-05-22T09:50:15.634Z - log: [Package] ios-app-clip@1.0.0 enable
2022-05-22T09:50:15.694Z - log: [Package] link-sure@1.0.0 enable
2022-05-22T09:50:15.727Z - log: [Package] linux@1.0.0 enable
2022-05-22T09:50:15.784Z - verbose: [AssetDB] Require engine code (2802ms)
2022-05-22T09:50:15.802Z - log: [Package] mac@1.0.0 enable
2022-05-22T09:50:15.932Z - log: [Package] native@1.0.0 enable
2022-05-22T09:50:15.998Z - log: [Package] ohos@1.0.0 enable
2022-05-22T09:50:16.023Z - log: [Package] open-harmonyos@1.0.0 enable
2022-05-22T09:50:16.051Z - log: [Package] oppo-mini-game@1.0.0 enable
2022-05-22T09:50:16.079Z - log: [Package] qtt@1.0.0 enable
2022-05-22T09:50:16.108Z - log: [Package] vivo-mini-game@1.0.0 enable
2022-05-22T09:50:16.149Z - log: [Package] web-desktop@1.0.0 enable
2022-05-22T09:50:16.187Z - log: [Package] web-mobile@1.0.0 enable
2022-05-22T09:50:16.226Z - log: [Package] wechatgame@1.0.1 enable
2022-05-22T09:50:16.252Z - log: [Package] windows@1.0.0 enable
2022-05-22T09:50:16.276Z - log: [Package] xiaomi-quick-game@1.0.0 enable
2022-05-22T09:50:16.654Z - log: [Package] cocos-service@3.0.3 enable
2022-05-22T09:50:16.699Z - log: [Package] importer@1.0.0 enable
2022-05-22T09:50:17.128Z - log: [Im-plugin] Check im-plugin version.
2022-05-22T09:50:17.152Z - log: [Package] im-plugin@3.0.8 enable
2022-05-22T09:50:18.111Z - log: [Im-plugin] No online info of im-plugin.
2022-05-22T09:50:18.748Z - log: 设置的 IP 地址不存在，将使用默认 IP
2022-05-22T09:50:29.346Z - verbose: [Scene] Require engine code (1ms)
2022-05-22T09:50:29.349Z - verbose: [Scene] Startup engine (2ms)
2022-05-22T09:50:29.390Z - log: [Scene] Cocos Creator v3.5.0
2022-05-22T09:50:29.693Z - verbose: [Scene] Open engine (345ms)
2022-05-22T09:50:29.694Z - verbose: [Scene] Configure engine (0ms)
2022-05-22T09:50:29.454Z - info: [Scene] Forward render pipeline initialized.
2022-05-22T09:51:02.939Z - warn: Metrics: no valid info
