2022-06-01T09:37:16.569Z - log: [Package] menu@1.0.0 enable
2022-06-01T09:37:16.571Z - log: [Package] profile@1.0.0 enable
2022-06-01T09:37:16.584Z - log: [Package] project@1.0.2 enable
2022-06-01T09:37:16.596Z - log: [Package] messages@1.0.0 enable
2022-06-01T09:37:16.603Z - log: [Package] program@1.0.0 enable
2022-06-01T09:37:16.609Z - log: [Package] tester@1.0.0 enable
2022-06-01T09:37:16.615Z - log: [Package] preferences@1.0.0 enable
2022-06-01T09:37:17.399Z - log: Setup mods mgr.: 324.354ms
2022-06-01T09:37:17.414Z - verbose: [Engine] QuickCompile engine (736ms)
2022-06-01T09:37:17.417Z - log: [Package] engine@1.0.6 enable
2022-06-01T09:37:18.237Z - log: [Package] programming@1.0.0 enable
2022-06-01T09:37:18.526Z - log: [Package] device@1.0.1 enable
2022-06-01T09:37:18.556Z - log: [Package] ui-kit@1.0.1 enable
2022-06-01T09:37:18.592Z - log: [Package] engine-extends@1.0.0 enable
2022-06-01T09:37:18.664Z - log: [Package] asset-db@1.0.0 enable
2022-06-01T09:37:18.705Z - log: [Package] scene@1.0.0 enable
2022-06-01T09:37:18.932Z - log: [Package] server@1.0.0 enable
2022-06-01T09:37:18.985Z - log: [Package] utils@1.0.0 enable
2022-06-01T09:37:23.437Z - log: [Package] preview@1.0.1 enable
2022-06-01T09:37:23.476Z - log: [Package] animator@1.0.0 enable
2022-06-01T09:37:23.602Z - log: 设置的 IP 地址不存在，将使用默认 IP
2022-06-01T09:37:24.571Z - log: [Package] builder@1.3.2 enable
2022-06-01T09:37:24.604Z - log: [Package] shortcuts@1.0.1 enable
2022-06-01T09:37:24.663Z - log: [Package] animation-graph@1.0.0 enable
2022-06-01T09:37:24.685Z - log: [Package] runtime-dev-tools@1.0.0 enable
2022-06-01T09:37:24.706Z - log: [Package] channel-upload-tools@1.0.0 enable
2022-06-01T09:37:24.737Z - log: [Package] about@1.0.0 enable
2022-06-01T09:37:24.771Z - log: [Package] assets@1.0.0 enable
2022-06-01T09:37:24.816Z - log: [Package] console@1.0.0 enable
2022-06-01T09:37:25.077Z - log: [Package] extension@3.0.16 enable
2022-06-01T09:37:25.161Z - log: [Package] hierarchy@1.0.0 enable
2022-06-01T09:37:25.204Z - log: [Package] inspector@1.0.0 enable
2022-06-01T09:37:25.251Z - log: [Package] lightmap@1.0.4 enable
2022-06-01T09:37:25.313Z - log: [Package] node-library@1.0.1 enable
2022-06-01T09:37:25.341Z - log: [Package] package-asset@1.0.0 enable
2022-06-01T09:37:25.385Z - log: [Package] process@1.0.0 enable
2022-06-01T09:37:25.424Z - log: [Package] reference-image@1.0.0 enable
2022-06-01T09:37:25.449Z - log: [Package] alipay-mini-game@1.0.0 enable
2022-06-01T09:37:25.479Z - log: [Package] android@1.0.0 enable
2022-06-01T09:37:25.511Z - log: [Package] baidu-mini-game@1.0.0 enable
2022-06-01T09:37:25.539Z - log: [Package] bytedance-mini-game@1.0.1 enable
2022-06-01T09:37:25.563Z - log: [Package] cocos-play@1.0.0 enable
2022-06-01T09:37:25.598Z - log: [Package] huawei-agc@1.0.0 enable
2022-06-01T09:37:25.640Z - log: [Package] huawei-quick-game@1.0.0 enable
2022-06-01T09:37:26.910Z - log: [Package] ios@1.0.0 enable
2022-06-01T09:37:26.935Z - log: [Package] ios-app-clip@1.0.0 enable
2022-06-01T09:37:26.960Z - log: [Package] link-sure@1.0.0 enable
2022-06-01T09:37:26.987Z - log: [Package] linux@1.0.0 enable
2022-06-01T09:37:27.011Z - log: [Package] mac@1.0.0 enable
2022-06-01T09:37:27.133Z - log: [Package] native@1.0.0 enable
2022-06-01T09:37:27.155Z - verbose: [AssetDB] Require engine code (2794ms)
2022-06-01T09:37:27.160Z - log: [Package] ohos@1.0.0 enable
2022-06-01T09:37:27.186Z - log: [Package] open-harmonyos@1.0.0 enable
2022-06-01T09:37:27.211Z - log: [Package] oppo-mini-game@1.0.0 enable
2022-06-01T09:37:27.239Z - log: [Package] qtt@1.0.0 enable
2022-06-01T09:37:27.271Z - log: [Package] vivo-mini-game@1.0.0 enable
2022-06-01T09:37:27.326Z - log: [Package] web-desktop@1.0.0 enable
2022-06-01T09:37:27.366Z - log: [Package] web-mobile@1.0.0 enable
2022-06-01T09:37:27.410Z - log: [Package] wechatgame@1.0.1 enable
2022-06-01T09:37:27.437Z - log: [Package] windows@1.0.0 enable
2022-06-01T09:37:27.505Z - log: [Package] xiaomi-quick-game@1.0.0 enable
2022-06-01T09:37:27.919Z - log: [Package] cocos-service@3.0.3 enable
2022-06-01T09:37:27.986Z - log: [Package] importer@1.0.0 enable
2022-06-01T09:37:28.415Z - log: [Im-plugin] Check im-plugin version.
2022-06-01T09:37:28.436Z - log: [Package] im-plugin@3.0.8 enable
2022-06-01T09:37:29.602Z - log: [Im-plugin] No online info of im-plugin.
2022-06-01T09:37:30.313Z - log: 设置的 IP 地址不存在，将使用默认 IP
2022-06-01T09:37:41.299Z - verbose: [Scene] Require engine code (0ms)
2022-06-01T09:37:41.301Z - verbose: [Scene] Startup engine (0ms)
2022-06-01T09:37:41.343Z - log: [Scene] Cocos Creator v3.5.0
2022-06-01T09:37:41.722Z - verbose: [Scene] Open engine (421ms)
2022-06-01T09:37:41.722Z - verbose: [Scene] Configure engine (0ms)
2022-06-01T09:37:41.480Z - info: [Scene] Forward render pipeline initialized.
2022-06-01T09:39:07.194Z - warn: Metrics: no valid info
