2022-05-09 13:48:01-log: [Package] menu@1.0.0 enable
2022-05-09 13:48:01-log: [Package] profile@1.0.0 enable
2022-05-09 13:48:01-log: [Package] project@1.0.1 enable
2022-05-09 13:48:01-log: [Package] messages@1.0.0 enable
2022-05-09 13:48:01-log: [Package] program@1.0.0 enable
2022-05-09 13:48:01-log: [Package] device@1.0.1 enable
2022-05-09 13:48:01-log: [Package] ui-kit@1.0.1 enable
2022-05-09 13:48:01-log: [Package] tester@1.0.0 enable
2022-05-09 13:48:01-log: [Package] preferences@1.0.0 enable
2022-05-09 13:48:02-log: Setup mods mgr.: 378.539ms
2022-05-09 13:48:02-log: Profile changed: engine (modules.includeModules: 2d,3d,audio,base,dragon-bones,gfx-webgl,gfx-webgl2,intersection-2d,marionette,particle,particle-2d,physics-2d-box2d,physics-ammo,primitive,profiler,spine,terrain,tiled-map,tween,ui,video,webview)
2022-05-09 13:48:02-log: [Package] engine@1.0.5 enable
2022-05-09 13:48:05-log: [Package] programming@1.0.0 enable
2022-05-09 13:48:05-log: [Package] Profile Migrate: builder@Cocos Creator...
2022-05-09 13:48:05-log: [Package] Profile Migrate: builder@Cocos Creator...
2022-05-09 13:48:06-log: [Package] engine-extends@1.0.0 enable
2022-05-09 13:48:06-log: [Package] asset-db@1.0.0 enable
2022-05-09 13:48:06-log: [Package] console@1.0.0 enable
2022-05-09 13:48:06-log: [Package] scene@1.0.0 enable
2022-05-09 13:48:06-log: [Package] about@1.0.0 enable
2022-05-09 13:48:06-log: [Package] server@1.0.0 enable
2022-05-09 13:48:06-log: [Package] utils@1.0.0 enable
2022-05-09 13:48:06-log: [Package] assets@1.0.0 enable
2022-05-09 13:48:06-log: [Package] inspector@1.0.0 enable
2022-05-09 13:48:06-log: [Package] hierarchy@1.0.0 enable
2022-05-09 13:48:09-log: [Package] preview@1.0.1 enable
2022-05-09 13:48:09-log: 设置的 IP 地址不存在，将使用默认 IP
2022-05-09 13:48:11-log: [Package] builder@1.3.1 enable
2022-05-09 13:48:11-log: [Package] node-library@1.0.0 enable
2022-05-09 13:48:11-log: [Package] shortcuts@1.0.1 enable
2022-05-09 13:48:11-log: [Package] package-asset@1.0.0 enable
2022-05-09 13:48:11-log: [Package] reference-image@1.0.0 enable
2022-05-09 13:48:11-log: [Package] animation-graph@1.0.0 enable
2022-05-09 13:48:11-log: [Package] channel-upload-tools@1.0.0 enable
2022-05-09 13:48:12-log: [Package] runtime-dev-tools@1.0.0 enable
2022-05-09 13:48:12-log: [Package] lightmap@1.0.4 enable
2022-05-09 13:48:12-log: [Package] alipay-mini-game@1.0.0 enable
2022-05-09 13:48:12-log: [Package] android@1.0.0 enable
2022-05-09 13:48:12-log: [Package] baidu-mini-game@1.0.0 enable
2022-05-09 13:48:12-log: [Package] bytedance-mini-game@1.0.1 enable
2022-05-09 13:48:12-log: [Package] huawei-agc@1.0.0 enable
2022-05-09 13:48:14-log: [Package] ios@1.0.0 enable
2022-05-09 13:48:14-log: [Package] ios-app-clip@1.0.0 enable
2022-05-09 13:48:14-log: [Package] mac@1.0.0 enable
2022-05-09 13:48:15-log: [Package] native@1.0.0 enable
2022-05-09 13:48:15-log: [Package] ohos@1.0.0 enable
2022-05-09 13:48:15-log: [Package] web-desktop@1.0.0 enable
2022-05-09 13:48:15-log: [Package] web-mobile@1.0.0 enable
2022-05-09 13:48:15-log: [Package] wechatgame@1.0.1 enable
2022-05-09 13:48:15-log: [Package] windows@1.0.0 enable
2022-05-09 13:48:15-log: [Package] xiaomi-quick-game@1.0.0 enable
2022-05-09 13:48:15-log: [Package] cocos-play@1.0.0 enable
2022-05-09 13:48:15-log: [Package] huawei-quick-game@1.0.0 enable
2022-05-09 13:48:15-log: [Package] link-sure@1.0.0 enable
2022-05-09 13:48:15-log: [Package] oppo-mini-game@1.0.0 enable
2022-05-09 13:48:15-log: [Package] qtt@1.0.0 enable
2022-05-09 13:48:15-log: [Package] vivo-mini-game@1.0.0 enable
2022-05-09 13:48:16-log: [Package] cocos-service@3.0.2 enable
2022-05-09 13:48:16-log: [Package] importer@1.0.0 enable
2022-05-09 13:48:17-log: [Package] extension@3.0.15 enable
2022-05-09 13:48:17-log: [Im-plugin] Check im-plugin version.
2022-05-09 13:48:17-log: [Package] im-plugin@3.0.8 enable
2022-05-09 13:48:18-log: 设置的 IP 地址不存在，将使用默认 IP
2022-05-09 13:48:18-log: [Im-plugin] No online info of im-plugin.
2022-05-09 13:48:26-warn: Browserslist: caniuse-lite is outdated. Please run:
npx browserslist@latest --update-db

Why you should do it regularly:
https://github.com/browserslist/browserslist#browsers-data-updating
2022-05-09 13:48:27-log: [Scene] Cocos Creator v3.4.2
2022-05-09 13:48:27-info: [Scene] Forward render pipeline initialized.
2022-05-31T05:53:07.461Z - log: [Package] menu@1.0.0 enable
2022-05-31T05:53:07.464Z - log: [Package] profile@1.0.0 enable
2022-05-31T05:53:07.478Z - log: [Package] project@1.0.2 enable
2022-05-31T05:53:07.485Z - log: [Package] messages@1.0.0 enable
2022-05-31T05:53:07.490Z - log: [Package] program@1.0.0 enable
2022-05-31T05:53:07.497Z - log: [Package] tester@1.0.0 enable
2022-05-31T05:53:07.503Z - log: [Package] preferences@1.0.0 enable
2022-05-31T05:53:08.266Z - log: Setup mods mgr.: 326.377ms
2022-05-31T05:53:08.274Z - verbose: [Engine] QuickCompile engine (710ms)
2022-05-31T05:53:08.277Z - log: [Package] engine@1.0.6 enable
2022-05-31T05:53:09.125Z - log: [Package] programming@1.0.0 enable
2022-05-31T05:53:09.428Z - log: [Package] device@1.0.1 enable
2022-05-31T05:53:09.456Z - log: [Package] ui-kit@1.0.1 enable
2022-05-31T05:53:09.481Z - log: [Package] engine-extends@1.0.0 enable
2022-05-31T05:53:09.544Z - log: [Package] asset-db@1.0.0 enable
2022-05-31T05:53:09.598Z - log: [Package] scene@1.0.0 enable
2022-05-31T05:53:09.845Z - log: [Package] server@1.0.0 enable
2022-05-31T05:53:09.877Z - log: [Package] utils@1.0.0 enable
2022-05-31T05:53:14.380Z - log: [Package] preview@1.0.1 enable
2022-05-31T05:53:14.417Z - log: [Package] animator@1.0.0 enable
2022-05-31T05:53:14.528Z - log: 设置的 IP 地址不存在，将使用默认 IP
2022-05-31T05:53:15.535Z - log: [Package] builder@1.3.2 enable
2022-05-31T05:53:15.569Z - log: [Package] shortcuts@1.0.1 enable
2022-05-31T05:53:15.602Z - log: [Package] animation-graph@1.0.0 enable
2022-05-31T05:53:15.624Z - log: [Package] runtime-dev-tools@1.0.0 enable
2022-05-31T05:53:15.650Z - log: [Package] channel-upload-tools@1.0.0 enable
2022-05-31T05:53:15.685Z - log: [Package] about@1.0.0 enable
2022-05-31T05:53:15.743Z - log: [Package] assets@1.0.0 enable
2022-05-31T05:53:15.799Z - log: [Package] console@1.0.0 enable
2022-05-31T05:53:16.120Z - log: [Package] extension@3.0.16 enable
2022-05-31T05:53:16.158Z - log: [Package] hierarchy@1.0.0 enable
2022-05-31T05:53:16.194Z - log: [Package] inspector@1.0.0 enable
2022-05-31T05:53:16.236Z - log: [Package] lightmap@1.0.4 enable
2022-05-31T05:53:16.301Z - log: [Package] node-library@1.0.1 enable
2022-05-31T05:53:16.326Z - log: [Package] package-asset@1.0.0 enable
2022-05-31T05:53:16.363Z - log: [Package] process@1.0.0 enable
2022-05-31T05:53:16.400Z - log: [Package] reference-image@1.0.0 enable
2022-05-31T05:53:16.423Z - log: [Package] alipay-mini-game@1.0.0 enable
2022-05-31T05:53:16.450Z - log: [Package] android@1.0.0 enable
2022-05-31T05:53:16.476Z - log: [Package] baidu-mini-game@1.0.0 enable
2022-05-31T05:53:16.505Z - log: [Package] bytedance-mini-game@1.0.1 enable
2022-05-31T05:53:16.533Z - log: [Package] cocos-play@1.0.0 enable
2022-05-31T05:53:16.566Z - log: [Package] huawei-agc@1.0.0 enable
2022-05-31T05:53:16.599Z - log: [Package] huawei-quick-game@1.0.0 enable
2022-05-31T05:53:18.021Z - log: [Package] ios@1.0.0 enable
2022-05-31T05:53:18.047Z - log: [Package] ios-app-clip@1.0.0 enable
2022-05-31T05:53:18.078Z - log: [Package] link-sure@1.0.0 enable
2022-05-31T05:53:18.106Z - log: [Package] linux@1.0.0 enable
2022-05-31T05:53:18.144Z - log: [Package] mac@1.0.0 enable
2022-05-31T05:53:18.301Z - log: [Package] native@1.0.0 enable
2022-05-31T05:53:18.317Z - verbose: [AssetDB] Require engine code (2991ms)
2022-05-31T05:53:18.335Z - log: [Package] ohos@1.0.0 enable
2022-05-31T05:53:18.375Z - log: [Package] open-harmonyos@1.0.0 enable
2022-05-31T05:53:18.409Z - log: [Package] oppo-mini-game@1.0.0 enable
2022-05-31T05:53:18.448Z - log: [Package] qtt@1.0.0 enable
2022-05-31T05:53:18.487Z - log: [Package] vivo-mini-game@1.0.0 enable
2022-05-31T05:53:18.533Z - log: [Package] web-desktop@1.0.0 enable
2022-05-31T05:53:18.574Z - log: [Package] web-mobile@1.0.0 enable
2022-05-31T05:53:18.616Z - log: [Package] wechatgame@1.0.1 enable
2022-05-31T05:53:18.663Z - log: [Package] windows@1.0.0 enable
2022-05-31T05:53:18.696Z - log: [Package] xiaomi-quick-game@1.0.0 enable
2022-05-31T05:53:18.991Z - log: [Package] cocos-service@3.0.3 enable
2022-05-31T05:53:19.055Z - log: [Package] importer@1.0.0 enable
2022-05-31T05:53:19.411Z - log: [Im-plugin] Check im-plugin version.
2022-05-31T05:53:19.428Z - log: [Package] im-plugin@3.0.8 enable
2022-05-31T05:53:20.721Z - log: [Im-plugin] No online info of im-plugin.
2022-05-31T05:53:20.968Z - log: 设置的 IP 地址不存在，将使用默认 IP
2022-05-31T05:53:32.052Z - verbose: [Scene] Require engine code (1ms)
2022-05-31T05:53:32.053Z - verbose: [Scene] Startup engine (1ms)
2022-05-31T05:53:32.091Z - log: [Scene] Cocos Creator v3.5.0
2022-05-31T05:53:32.392Z - verbose: [Scene] Open engine (339ms)
2022-05-31T05:53:32.393Z - verbose: [Scene] Configure engine (1ms)
2022-05-31T05:53:32.181Z - info: [Scene] Forward render pipeline initialized.
2022-05-31T05:54:17.659Z - warn: Metrics: no valid info
