2022-05-09 13:52:34-log: [Package] menu@1.0.0 enable
2022-05-09 13:52:34-log: [Package] profile@1.0.0 enable
2022-05-09 13:52:34-log: [Package] project@1.0.1 enable
2022-05-09 13:52:34-log: [Package] messages@1.0.0 enable
2022-05-09 13:52:34-log: [Package] program@1.0.0 enable
2022-05-09 13:52:34-log: [Package] device@1.0.1 enable
2022-05-09 13:52:34-log: [Package] ui-kit@1.0.1 enable
2022-05-09 13:52:34-log: [Package] tester@1.0.0 enable
2022-05-09 13:52:34-log: [Package] preferences@1.0.0 enable
2022-05-09 13:52:35-log: Setup mods mgr.: 369.87ms
2022-05-09 13:52:35-log: Profile changed: engine (modules.includeModules: 2d,3d,audio,base,dragon-bones,gfx-webgl,gfx-webgl2,intersection-2d,marionette,particle,particle-2d,physics-2d-box2d,physics-ammo,primitive,profiler,spine,terrain,tiled-map,tween,ui,video,webview)
2022-05-09 13:52:35-log: [Package] engine@1.0.5 enable
2022-05-09 13:52:38-log: [Package] programming@1.0.0 enable
2022-05-09 13:52:38-log: [Package] Profile Migrate: builder@Cocos Creator...
2022-05-09 13:52:38-log: [Package] Profile Migrate: builder@Cocos Creator...
2022-05-09 13:52:38-log: [Package] engine-extends@1.0.0 enable
2022-05-09 13:52:38-log: [Package] asset-db@1.0.0 enable
2022-05-09 13:52:38-log: [Package] console@1.0.0 enable
2022-05-09 13:52:38-log: [Package] scene@1.0.0 enable
2022-05-09 13:52:38-log: [Package] about@1.0.0 enable
2022-05-09 13:52:38-log: [Package] server@1.0.0 enable
2022-05-09 13:52:38-log: [Package] utils@1.0.0 enable
2022-05-09 13:52:39-log: [Package] assets@1.0.0 enable
2022-05-09 13:52:39-log: [Package] inspector@1.0.0 enable
2022-05-09 13:52:39-log: [Package] hierarchy@1.0.0 enable
2022-05-09 13:52:42-log: 设置的 IP 地址不存在，将使用默认 IP
2022-05-09 13:52:43-log: Profile changed: builder (log.level: 4)
2022-05-09 13:52:43-log: [Package] builder@1.3.1 enable
2022-05-09 13:52:43-log: [Package] node-library@1.0.0 enable
2022-05-09 13:52:43-log: [Package] shortcuts@1.0.1 enable
2022-05-09 13:52:43-log: [Package] package-asset@1.0.0 enable
2022-05-09 13:52:43-log: [Package] reference-image@1.0.0 enable
2022-05-09 13:52:43-log: [Package] animation-graph@1.0.0 enable
2022-05-09 13:52:43-log: [Package] channel-upload-tools@1.0.0 enable
2022-05-09 13:52:43-log: [Package] runtime-dev-tools@1.0.0 enable
2022-05-09 13:52:43-log: [Package] lightmap@1.0.4 enable
2022-05-09 13:52:43-log: [Package] alipay-mini-game@1.0.0 enable
2022-05-09 13:52:43-log: [Package] android@1.0.0 enable
2022-05-09 13:52:43-log: [Package] baidu-mini-game@1.0.0 enable
2022-05-09 13:52:43-log: [Package] bytedance-mini-game@1.0.1 enable
2022-05-09 13:52:43-log: [Package] huawei-agc@1.0.0 enable
2022-05-09 13:52:44-log: [Package] ios@1.0.0 enable
2022-05-09 13:52:44-log: [Package] ios-app-clip@1.0.0 enable
2022-05-09 13:52:45-log: [Package] mac@1.0.0 enable
2022-05-09 13:52:45-log: [Package] native@1.0.0 enable
2022-05-09 13:52:45-log: [Package] ohos@1.0.0 enable
2022-05-09 13:52:45-log: [Package] web-desktop@1.0.0 enable
2022-05-09 13:52:45-log: [Package] web-mobile@1.0.0 enable
2022-05-09 13:52:45-log: [Package] wechatgame@1.0.1 enable
2022-05-09 13:52:45-log: [Package] windows@1.0.0 enable
2022-05-09 13:52:45-log: [Package] xiaomi-quick-game@1.0.0 enable
2022-05-09 13:52:45-log: [Package] cocos-play@1.0.0 enable
2022-05-09 13:52:45-log: [Package] huawei-quick-game@1.0.0 enable
2022-05-09 13:52:45-log: [Package] link-sure@1.0.0 enable
2022-05-09 13:52:45-log: [Package] oppo-mini-game@1.0.0 enable
2022-05-09 13:52:45-log: [Package] qtt@1.0.0 enable
2022-05-09 13:52:45-log: [Package] vivo-mini-game@1.0.0 enable
2022-05-09 13:52:46-log: [Package] cocos-service@3.0.2 enable
2022-05-09 13:52:46-log: [Package] importer@1.0.0 enable
2022-05-09 13:52:47-log: [Package] extension@3.0.15 enable
2022-05-09 13:52:47-log: [Im-plugin] Check im-plugin version.
2022-05-09 13:52:47-log: [Package] im-plugin@3.0.8 enable
2022-05-09 13:52:48-log: 设置的 IP 地址不存在，将使用默认 IP
2022-05-09 13:52:49-log: [Im-plugin] No online info of im-plugin.
2022-05-09 13:52:55-warn: Browserslist: caniuse-lite is outdated. Please run:
npx browserslist@latest --update-db

Why you should do it regularly:
https://github.com/browserslist/browserslist#browsers-data-updating
2022-05-09 13:52:56-log: [Scene] Cocos Creator v3.4.2
2022-05-09 13:52:56-info: [Scene] Forward render pipeline initialized.
2022-05-31T05:46:39.486Z - log: [Package] menu@1.0.0 enable
2022-05-31T05:46:39.489Z - log: [Package] profile@1.0.0 enable
2022-05-31T05:46:39.504Z - log: [Package] project@1.0.2 enable
2022-05-31T05:46:39.511Z - log: [Package] messages@1.0.0 enable
2022-05-31T05:46:39.515Z - log: [Package] program@1.0.0 enable
2022-05-31T05:46:39.522Z - log: [Package] tester@1.0.0 enable
2022-05-31T05:46:39.528Z - log: [Package] preferences@1.0.0 enable
2022-05-31T05:46:40.355Z - log: Setup mods mgr.: 336.635ms
2022-05-31T05:46:40.373Z - verbose: [Engine] QuickCompile engine (770ms)
2022-05-31T05:46:40.376Z - log: [Package] engine@1.0.6 enable
2022-05-31T05:46:41.293Z - log: [Package] programming@1.0.0 enable
2022-05-31T05:46:41.648Z - log: [Package] device@1.0.1 enable
2022-05-31T05:46:41.676Z - log: [Package] ui-kit@1.0.1 enable
2022-05-31T05:46:41.706Z - log: [Package] engine-extends@1.0.0 enable
2022-05-31T05:46:41.782Z - log: [Package] asset-db@1.0.0 enable
2022-05-31T05:46:41.823Z - log: [Package] scene@1.0.0 enable
2022-05-31T05:46:42.117Z - log: [Package] server@1.0.0 enable
2022-05-31T05:46:42.198Z - log: [Package] utils@1.0.0 enable
2022-05-31T05:46:47.435Z - log: [Package] preview@1.0.1 enable
2022-05-31T05:46:47.467Z - log: [Package] animator@1.0.0 enable
2022-05-31T05:46:47.569Z - log: 设置的 IP 地址不存在，将使用默认 IP
2022-05-31T05:46:48.552Z - log: [Package] builder@1.3.2 enable
2022-05-31T05:46:48.584Z - log: [Package] shortcuts@1.0.1 enable
2022-05-31T05:46:48.616Z - log: [Package] animation-graph@1.0.0 enable
2022-05-31T05:46:48.639Z - log: [Package] runtime-dev-tools@1.0.0 enable
2022-05-31T05:46:48.661Z - log: [Package] channel-upload-tools@1.0.0 enable
2022-05-31T05:46:48.692Z - log: [Package] about@1.0.0 enable
2022-05-31T05:46:48.726Z - log: [Package] assets@1.0.0 enable
2022-05-31T05:46:48.763Z - log: [Package] console@1.0.0 enable
2022-05-31T05:46:49.029Z - log: [Package] extension@3.0.16 enable
2022-05-31T05:46:49.072Z - log: [Package] hierarchy@1.0.0 enable
2022-05-31T05:46:49.124Z - log: [Package] inspector@1.0.0 enable
2022-05-31T05:46:49.166Z - log: [Package] lightmap@1.0.4 enable
2022-05-31T05:46:49.224Z - log: [Package] node-library@1.0.1 enable
2022-05-31T05:46:49.250Z - log: [Package] package-asset@1.0.0 enable
2022-05-31T05:46:49.310Z - log: [Package] process@1.0.0 enable
2022-05-31T05:46:49.439Z - log: [Package] reference-image@1.0.0 enable
2022-05-31T05:46:49.468Z - log: [Package] alipay-mini-game@1.0.0 enable
2022-05-31T05:46:49.518Z - log: [Package] android@1.0.0 enable
2022-05-31T05:46:49.550Z - log: [Package] baidu-mini-game@1.0.0 enable
2022-05-31T05:46:49.577Z - log: [Package] bytedance-mini-game@1.0.1 enable
2022-05-31T05:46:49.604Z - log: [Package] cocos-play@1.0.0 enable
2022-05-31T05:46:49.630Z - log: [Package] huawei-agc@1.0.0 enable
2022-05-31T05:46:49.654Z - log: [Package] huawei-quick-game@1.0.0 enable
2022-05-31T05:46:50.925Z - log: [Package] ios@1.0.0 enable
2022-05-31T05:46:50.949Z - log: [Package] ios-app-clip@1.0.0 enable
2022-05-31T05:46:50.972Z - log: [Package] link-sure@1.0.0 enable
2022-05-31T05:46:51.001Z - log: [Package] linux@1.0.0 enable
2022-05-31T05:46:51.028Z - log: [Package] mac@1.0.0 enable
2022-05-31T05:46:51.278Z - log: [Package] native@1.0.0 enable
2022-05-31T05:46:51.285Z - verbose: [AssetDB] Require engine code (2875ms)
2022-05-31T05:46:51.305Z - log: [Package] ohos@1.0.0 enable
2022-05-31T05:46:51.329Z - log: [Package] open-harmonyos@1.0.0 enable
2022-05-31T05:46:51.354Z - log: [Package] oppo-mini-game@1.0.0 enable
2022-05-31T05:46:51.380Z - log: [Package] qtt@1.0.0 enable
2022-05-31T05:46:51.409Z - log: [Package] vivo-mini-game@1.0.0 enable
2022-05-31T05:46:51.486Z - log: [Package] web-desktop@1.0.0 enable
2022-05-31T05:46:51.601Z - log: [Package] web-mobile@1.0.0 enable
2022-05-31T05:46:51.669Z - log: [Package] wechatgame@1.0.1 enable
2022-05-31T05:46:51.713Z - log: [Package] windows@1.0.0 enable
2022-05-31T05:46:51.741Z - log: [Package] xiaomi-quick-game@1.0.0 enable
2022-05-31T05:46:52.177Z - log: [Package] cocos-service@3.0.3 enable
2022-05-31T05:46:52.221Z - log: [Package] importer@1.0.0 enable
2022-05-31T05:46:52.828Z - log: [Im-plugin] Check im-plugin version.
2022-05-31T05:46:52.841Z - log: [Package] im-plugin@3.0.8 enable
2022-05-31T05:46:53.709Z - log: [Im-plugin] No online info of im-plugin.
2022-05-31T05:46:54.311Z - log: 设置的 IP 地址不存在，将使用默认 IP
2022-05-31T05:47:05.231Z - verbose: [Scene] Require engine code (1ms)
2022-05-31T05:47:05.233Z - verbose: [Scene] Startup engine (0ms)
2022-05-31T05:47:05.287Z - log: [Scene] Cocos Creator v3.5.0
2022-05-31T05:47:05.633Z - verbose: [Scene] Open engine (400ms)
2022-05-31T05:47:05.634Z - verbose: [Scene] Configure engine (0ms)
2022-05-31T05:47:05.385Z - info: [Scene] Forward render pipeline initialized.
2022-05-31T05:48:51.429Z - warn: Metrics: no valid info
