2022-05-09 15:26:07-log: [Package] menu@1.0.0 enable
2022-05-09 15:26:07-log: [Package] profile@1.0.0 enable
2022-05-09 15:26:07-log: [Package] project@1.0.1 enable
2022-05-09 15:26:07-log: [Package] messages@1.0.0 enable
2022-05-09 15:26:07-log: [Package] program@1.0.0 enable
2022-05-09 15:26:07-log: [Package] device@1.0.1 enable
2022-05-09 15:26:07-log: [Package] ui-kit@1.0.1 enable
2022-05-09 15:26:07-log: [Package] tester@1.0.0 enable
2022-05-09 15:26:07-log: [Package] preferences@1.0.0 enable
2022-05-09 15:26:08-log: Setup mods mgr.: 403.796ms
2022-05-09 15:26:08-log: Profile changed: engine (modules.includeModules: 2d,3d,audio,base,dragon-bones,gfx-webgl,gfx-webgl2,intersection-2d,marionette,particle,particle-2d,physics-2d-box2d,physics-ammo,primitive,profiler,spine,terrain,tiled-map,tween,ui,video,webview)
2022-05-09 15:26:08-log: [Package] engine@1.0.5 enable
2022-05-09 15:26:11-log: [Package] programming@1.0.0 enable
2022-05-09 15:26:11-log: [Package] Profile Migrate: builder@Cocos Creator...
2022-05-09 15:26:11-log: [Package] Profile Migrate: builder@Cocos Creator...
2022-05-09 15:26:11-log: [Package] engine-extends@1.0.0 enable
2022-05-09 15:26:11-log: [Package] asset-db@1.0.0 enable
2022-05-09 15:26:11-log: [Package] console@1.0.0 enable
2022-05-09 15:26:11-log: [Package] scene@1.0.0 enable
2022-05-09 15:26:11-log: [Package] about@1.0.0 enable
2022-05-09 15:26:12-log: [Package] server@1.0.0 enable
2022-05-09 15:26:12-log: [Package] utils@1.0.0 enable
2022-05-09 15:26:12-log: [Package] assets@1.0.0 enable
2022-05-09 15:26:12-log: [Package] inspector@1.0.0 enable
2022-05-09 15:26:12-log: [Package] hierarchy@1.0.0 enable
2022-05-09 15:26:14-log: 设置的 IP 地址不存在，将使用默认 IP
2022-05-09 15:26:15-log: Profile changed: builder (log.level: 4)
2022-05-09 15:26:15-log: [Package] builder@1.3.1 enable
2022-05-09 15:26:15-log: [Package] node-library@1.0.0 enable
2022-05-09 15:26:15-log: [Package] shortcuts@1.0.1 enable
2022-05-09 15:26:15-log: [Package] package-asset@1.0.0 enable
2022-05-09 15:26:15-log: [Package] reference-image@1.0.0 enable
2022-05-09 15:26:15-log: [Package] animation-graph@1.0.0 enable
2022-05-09 15:26:16-log: [Package] channel-upload-tools@1.0.0 enable
2022-05-09 15:26:16-log: [Package] runtime-dev-tools@1.0.0 enable
2022-05-09 15:26:16-log: [Package] lightmap@1.0.4 enable
2022-05-09 15:26:16-log: [Package] alipay-mini-game@1.0.0 enable
2022-05-09 15:26:16-log: [Package] android@1.0.0 enable
2022-05-09 15:26:16-log: [Package] baidu-mini-game@1.0.0 enable
2022-05-09 15:26:16-log: [Package] bytedance-mini-game@1.0.1 enable
2022-05-09 15:26:16-log: [Package] huawei-agc@1.0.0 enable
2022-05-09 15:26:17-log: [Package] ios@1.0.0 enable
2022-05-09 15:26:17-log: [Package] ios-app-clip@1.0.0 enable
2022-05-09 15:26:17-log: [Package] mac@1.0.0 enable
2022-05-09 15:26:17-log: [Package] native@1.0.0 enable
2022-05-09 15:26:17-log: [Package] ohos@1.0.0 enable
2022-05-09 15:26:17-log: [Package] web-desktop@1.0.0 enable
2022-05-09 15:26:17-log: [Package] web-mobile@1.0.0 enable
2022-05-09 15:26:17-log: [Package] wechatgame@1.0.1 enable
2022-05-09 15:26:17-log: [Package] windows@1.0.0 enable
2022-05-09 15:26:18-log: [Package] xiaomi-quick-game@1.0.0 enable
2022-05-09 15:26:18-log: [Package] cocos-play@1.0.0 enable
2022-05-09 15:26:18-log: [Package] huawei-quick-game@1.0.0 enable
2022-05-09 15:26:18-log: [Package] link-sure@1.0.0 enable
2022-05-09 15:26:18-log: [Package] oppo-mini-game@1.0.0 enable
2022-05-09 15:26:18-log: [Package] qtt@1.0.0 enable
2022-05-09 15:26:18-log: [Package] vivo-mini-game@1.0.0 enable
2022-05-09 15:26:18-log: [Package] cocos-service@3.0.2 enable
2022-05-09 15:26:18-log: [Package] importer@1.0.0 enable
2022-05-09 15:26:19-log: [Package] extension@3.0.15 enable
2022-05-09 15:26:19-log: [Im-plugin] Check im-plugin version.
2022-05-09 15:26:19-log: [Package] im-plugin@3.0.8 enable
2022-05-09 15:26:19-log: 设置的 IP 地址不存在，将使用默认 IP
2022-05-09 15:26:20-log: [Im-plugin] No online info of im-plugin.
2022-05-09 15:26:28-warn: Browserslist: caniuse-lite is outdated. Please run:
npx browserslist@latest --update-db

Why you should do it regularly:
https://github.com/browserslist/browserslist#browsers-data-updating
2022-05-09 15:26:28-log: [Scene] Cocos Creator v3.4.2
2022-05-09 15:26:29-info: [Scene] Forward render pipeline initialized.
2022-05-31T06:09:37.665Z - log: [Package] menu@1.0.0 enable
2022-05-31T06:09:37.668Z - log: [Package] profile@1.0.0 enable
2022-05-31T06:09:37.684Z - log: [Package] project@1.0.2 enable
2022-05-31T06:09:37.690Z - log: [Package] messages@1.0.0 enable
2022-05-31T06:09:37.695Z - log: [Package] program@1.0.0 enable
2022-05-31T06:09:37.702Z - log: [Package] tester@1.0.0 enable
2022-05-31T06:09:37.707Z - log: [Package] preferences@1.0.0 enable
2022-05-31T06:09:38.427Z - log: Setup mods mgr.: 326.036ms
2022-05-31T06:09:38.438Z - verbose: [Engine] QuickCompile engine (670ms)
2022-05-31T06:09:38.441Z - log: [Package] engine@1.0.6 enable
2022-05-31T06:09:39.279Z - log: [Package] programming@1.0.0 enable
2022-05-31T06:09:39.595Z - log: [Package] device@1.0.1 enable
2022-05-31T06:09:39.623Z - log: [Package] ui-kit@1.0.1 enable
2022-05-31T06:09:39.654Z - log: [Package] engine-extends@1.0.0 enable
2022-05-31T06:09:39.717Z - log: [Package] asset-db@1.0.0 enable
2022-05-31T06:09:39.757Z - log: [Package] scene@1.0.0 enable
2022-05-31T06:09:39.986Z - log: [Package] server@1.0.0 enable
2022-05-31T06:09:40.023Z - log: [Package] utils@1.0.0 enable
2022-05-31T06:09:44.478Z - log: [Package] preview@1.0.1 enable
2022-05-31T06:09:44.521Z - log: [Package] animator@1.0.0 enable
2022-05-31T06:09:44.739Z - log: 设置的 IP 地址不存在，将使用默认 IP
2022-05-31T06:09:45.755Z - log: [Package] builder@1.3.2 enable
2022-05-31T06:09:45.793Z - log: [Package] shortcuts@1.0.1 enable
2022-05-31T06:09:45.828Z - log: [Package] animation-graph@1.0.0 enable
2022-05-31T06:09:45.851Z - log: [Package] runtime-dev-tools@1.0.0 enable
2022-05-31T06:09:45.875Z - log: [Package] channel-upload-tools@1.0.0 enable
2022-05-31T06:09:45.907Z - log: [Package] about@1.0.0 enable
2022-05-31T06:09:45.945Z - log: [Package] assets@1.0.0 enable
2022-05-31T06:09:45.984Z - log: [Package] console@1.0.0 enable
2022-05-31T06:09:46.427Z - log: [Package] extension@3.0.16 enable
2022-05-31T06:09:46.468Z - log: [Package] hierarchy@1.0.0 enable
2022-05-31T06:09:46.518Z - log: [Package] inspector@1.0.0 enable
2022-05-31T06:09:46.561Z - log: [Package] lightmap@1.0.4 enable
2022-05-31T06:09:46.661Z - log: [Package] node-library@1.0.1 enable
2022-05-31T06:09:46.699Z - log: [Package] package-asset@1.0.0 enable
2022-05-31T06:09:46.740Z - log: [Package] process@1.0.0 enable
2022-05-31T06:09:46.790Z - log: [Package] reference-image@1.0.0 enable
2022-05-31T06:09:46.824Z - log: [Package] alipay-mini-game@1.0.0 enable
2022-05-31T06:09:46.855Z - log: [Package] android@1.0.0 enable
2022-05-31T06:09:46.890Z - log: [Package] baidu-mini-game@1.0.0 enable
2022-05-31T06:09:46.919Z - log: [Package] bytedance-mini-game@1.0.1 enable
2022-05-31T06:09:46.950Z - log: [Package] cocos-play@1.0.0 enable
2022-05-31T06:09:46.978Z - log: [Package] huawei-agc@1.0.0 enable
2022-05-31T06:09:47.006Z - log: [Package] huawei-quick-game@1.0.0 enable
2022-05-31T06:09:48.472Z - log: [Package] ios@1.0.0 enable
2022-05-31T06:09:48.500Z - log: [Package] ios-app-clip@1.0.0 enable
2022-05-31T06:09:48.527Z - log: [Package] link-sure@1.0.0 enable
2022-05-31T06:09:48.553Z - log: [Package] linux@1.0.0 enable
2022-05-31T06:09:48.579Z - log: [Package] mac@1.0.0 enable
2022-05-31T06:09:48.702Z - log: [Package] native@1.0.0 enable
2022-05-31T06:09:48.794Z - log: [Package] ohos@1.0.0 enable
2022-05-31T06:09:48.890Z - verbose: [AssetDB] Require engine code (3240ms)
2022-05-31T06:09:48.892Z - log: [Package] open-harmonyos@1.0.0 enable
2022-05-31T06:09:48.923Z - log: [Package] oppo-mini-game@1.0.0 enable
2022-05-31T06:09:48.950Z - log: [Package] qtt@1.0.0 enable
2022-05-31T06:09:48.980Z - log: [Package] vivo-mini-game@1.0.0 enable
2022-05-31T06:09:49.031Z - log: [Package] web-desktop@1.0.0 enable
2022-05-31T06:09:49.075Z - log: [Package] web-mobile@1.0.0 enable
2022-05-31T06:09:49.115Z - log: [Package] wechatgame@1.0.1 enable
2022-05-31T06:09:49.139Z - log: [Package] windows@1.0.0 enable
2022-05-31T06:09:49.165Z - log: [Package] xiaomi-quick-game@1.0.0 enable
2022-05-31T06:09:49.615Z - log: [Package] cocos-service@3.0.3 enable
2022-05-31T06:09:49.674Z - log: [Package] importer@1.0.0 enable
2022-05-31T06:09:50.318Z - log: [Im-plugin] Check im-plugin version.
2022-05-31T06:09:50.344Z - log: [Package] im-plugin@3.0.8 enable
2022-05-31T06:09:51.506Z - log: [Im-plugin] No online info of im-plugin.
2022-05-31T06:09:52.393Z - log: 设置的 IP 地址不存在，将使用默认 IP
2022-05-31T06:10:03.382Z - verbose: [Scene] Require engine code (1ms)
2022-05-31T06:10:03.385Z - verbose: [Scene] Startup engine (2ms)
2022-05-31T06:10:03.449Z - log: [Scene] Cocos Creator v3.5.0
2022-05-31T06:10:03.751Z - verbose: [Scene] Open engine (366ms)
2022-05-31T06:10:03.752Z - verbose: [Scene] Configure engine (0ms)
2022-05-31T06:10:03.541Z - info: [Scene] Forward render pipeline initialized.
2022-05-31T06:13:34.270Z - warn: Metrics: no valid info
