2022-05-09 15:28:40-log: [Package] menu@1.0.0 enable
2022-05-09 15:28:40-log: [Package] profile@1.0.0 enable
2022-05-09 15:28:40-log: [Package] project@1.0.1 enable
2022-05-09 15:28:40-log: [Package] messages@1.0.0 enable
2022-05-09 15:28:40-log: [Package] program@1.0.0 enable
2022-05-09 15:28:40-log: [Package] device@1.0.1 enable
2022-05-09 15:28:40-log: [Package] ui-kit@1.0.1 enable
2022-05-09 15:28:40-log: [Package] tester@1.0.0 enable
2022-05-09 15:28:40-log: [Package] preferences@1.0.0 enable
2022-05-09 15:28:41-log: Setup mods mgr.: 337.2ms
2022-05-09 15:28:41-log: Profile changed: engine (modules.includeModules: 2d,3d,audio,base,dragon-bones,gfx-webgl,gfx-webgl2,intersection-2d,marionette,particle,particle-2d,physics-2d-box2d,physics-ammo,primitive,profiler,spine,terrain,tiled-map,tween,ui,video,webview)
2022-05-09 15:28:41-log: [Package] engine@1.0.5 enable
2022-05-09 15:28:44-log: [Package] programming@1.0.0 enable
2022-05-09 15:28:44-log: [Package] Profile Migrate: builder@Cocos Creator...
2022-05-09 15:28:44-log: [Package] Profile Migrate: builder@Cocos Creator...
2022-05-09 15:28:44-log: [Package] engine-extends@1.0.0 enable
2022-05-09 15:28:44-log: [Package] asset-db@1.0.0 enable
2022-05-09 15:28:44-log: [Package] console@1.0.0 enable
2022-05-09 15:28:44-log: [Package] scene@1.0.0 enable
2022-05-09 15:28:44-log: [Package] about@1.0.0 enable
2022-05-09 15:28:45-log: [Package] server@1.0.0 enable
2022-05-09 15:28:45-log: [Package] utils@1.0.0 enable
2022-05-09 15:28:45-log: [Package] assets@1.0.0 enable
2022-05-09 15:28:45-log: [Package] inspector@1.0.0 enable
2022-05-09 15:28:45-log: [Package] hierarchy@1.0.0 enable
2022-05-09 15:28:47-log: [Package] preview@1.0.1 enable
2022-05-09 15:28:47-log: [Package] animator@1.0.0 enable
2022-05-09 15:28:48-log: 设置的 IP 地址不存在，将使用默认 IP
2022-05-09 15:28:49-log: Profile changed: builder (log.level: 4)
2022-05-09 15:28:49-log: [Package] builder@1.3.1 enable
2022-05-09 15:28:49-log: [Package] node-library@1.0.0 enable
2022-05-09 15:28:49-log: [Package] shortcuts@1.0.1 enable
2022-05-09 15:28:49-log: [Package] package-asset@1.0.0 enable
2022-05-09 15:28:49-log: [Package] reference-image@1.0.0 enable
2022-05-09 15:28:49-log: [Package] animation-graph@1.0.0 enable
2022-05-09 15:28:49-log: [Package] channel-upload-tools@1.0.0 enable
2022-05-09 15:28:49-log: [Package] runtime-dev-tools@1.0.0 enable
2022-05-09 15:28:49-log: [Package] lightmap@1.0.4 enable
2022-05-09 15:28:49-log: [Package] alipay-mini-game@1.0.0 enable
2022-05-09 15:28:49-log: [Package] android@1.0.0 enable
2022-05-09 15:28:49-log: [Package] baidu-mini-game@1.0.0 enable
2022-05-09 15:28:50-log: [Package] bytedance-mini-game@1.0.1 enable
2022-05-09 15:28:50-log: [Package] huawei-agc@1.0.0 enable
2022-05-09 15:28:51-log: [Package] ios@1.0.0 enable
2022-05-09 15:28:51-log: [Package] ios-app-clip@1.0.0 enable
2022-05-09 15:28:51-log: [Package] mac@1.0.0 enable
2022-05-09 15:28:51-log: [Package] native@1.0.0 enable
2022-05-09 15:28:51-log: [Package] ohos@1.0.0 enable
2022-05-09 15:28:51-log: [Package] web-desktop@1.0.0 enable
2022-05-09 15:28:51-log: [Package] web-mobile@1.0.0 enable
2022-05-09 15:28:51-log: [Package] wechatgame@1.0.1 enable
2022-05-09 15:28:51-log: [Package] windows@1.0.0 enable
2022-05-09 15:28:52-log: [Package] xiaomi-quick-game@1.0.0 enable
2022-05-09 15:28:52-log: [Package] cocos-play@1.0.0 enable
2022-05-09 15:28:52-log: [Package] huawei-quick-game@1.0.0 enable
2022-05-09 15:28:52-log: [Package] link-sure@1.0.0 enable
2022-05-09 15:28:52-log: [Package] oppo-mini-game@1.0.0 enable
2022-05-09 15:28:52-log: [Package] qtt@1.0.0 enable
2022-05-09 15:28:52-log: [Package] vivo-mini-game@1.0.0 enable
2022-05-09 15:28:52-log: [Package] cocos-service@3.0.2 enable
2022-05-09 15:28:52-log: [Package] importer@1.0.0 enable
2022-05-09 15:28:53-log: [Package] extension@3.0.15 enable
2022-05-09 15:28:53-log: [Im-plugin] Check im-plugin version.
2022-05-09 15:28:53-log: [Package] im-plugin@3.0.8 enable
2022-05-09 15:28:54-log: 设置的 IP 地址不存在，将使用默认 IP
2022-05-09 15:28:55-log: [Im-plugin] No online info of im-plugin.
2022-05-09 15:29:01-warn: Browserslist: caniuse-lite is outdated. Please run:
npx browserslist@latest --update-db

Why you should do it regularly:
https://github.com/browserslist/browserslist#browsers-data-updating
2022-05-09 15:29:02-log: [Scene] Cocos Creator v3.4.2
2022-05-09 15:29:02-info: [Scene] Forward render pipeline initialized.
2022-05-31T06:06:25.656Z - log: [Package] menu@1.0.0 enable
2022-05-31T06:06:25.659Z - log: [Package] profile@1.0.0 enable
2022-05-31T06:06:25.674Z - log: [Package] project@1.0.2 enable
2022-05-31T06:06:25.682Z - log: [Package] messages@1.0.0 enable
2022-05-31T06:06:25.687Z - log: [Package] program@1.0.0 enable
2022-05-31T06:06:25.694Z - log: [Package] tester@1.0.0 enable
2022-05-31T06:06:25.701Z - log: [Package] preferences@1.0.0 enable
2022-05-31T06:06:26.896Z - log: Setup mods mgr.: 466.661ms
2022-05-31T06:06:26.912Z - verbose: [Engine] QuickCompile engine (1105ms)
2022-05-31T06:06:26.916Z - log: [Package] engine@1.0.6 enable
2022-05-31T06:06:28.060Z - log: [Package] programming@1.0.0 enable
2022-05-31T06:06:28.386Z - log: [Package] device@1.0.1 enable
2022-05-31T06:06:28.416Z - log: [Package] ui-kit@1.0.1 enable
2022-05-31T06:06:28.440Z - log: [Package] engine-extends@1.0.0 enable
2022-05-31T06:06:28.509Z - log: [Package] asset-db@1.0.0 enable
2022-05-31T06:06:28.552Z - log: [Package] scene@1.0.0 enable
2022-05-31T06:06:28.845Z - log: [Package] server@1.0.0 enable
2022-05-31T06:06:28.891Z - log: [Package] utils@1.0.0 enable
2022-05-31T06:06:33.656Z - log: [Package] preview@1.0.1 enable
2022-05-31T06:06:33.784Z - log: [Package] animator@1.0.0 enable
2022-05-31T06:06:33.916Z - log: 设置的 IP 地址不存在，将使用默认 IP
2022-05-31T06:06:35.017Z - log: [Package] builder@1.3.2 enable
2022-05-31T06:06:35.051Z - log: [Package] shortcuts@1.0.1 enable
2022-05-31T06:06:35.083Z - log: [Package] animation-graph@1.0.0 enable
2022-05-31T06:06:35.112Z - log: [Package] runtime-dev-tools@1.0.0 enable
2022-05-31T06:06:35.177Z - log: [Package] channel-upload-tools@1.0.0 enable
2022-05-31T06:06:35.215Z - log: [Package] about@1.0.0 enable
2022-05-31T06:06:35.258Z - log: [Package] assets@1.0.0 enable
2022-05-31T06:06:35.303Z - log: [Package] console@1.0.0 enable
2022-05-31T06:06:35.547Z - log: [Package] extension@3.0.16 enable
2022-05-31T06:06:35.616Z - log: [Package] hierarchy@1.0.0 enable
2022-05-31T06:06:35.676Z - log: [Package] inspector@1.0.0 enable
2022-05-31T06:06:35.715Z - log: [Package] lightmap@1.0.4 enable
2022-05-31T06:06:35.771Z - log: [Package] node-library@1.0.1 enable
2022-05-31T06:06:35.799Z - log: [Package] package-asset@1.0.0 enable
2022-05-31T06:06:35.837Z - log: [Package] process@1.0.0 enable
2022-05-31T06:06:35.884Z - log: [Package] reference-image@1.0.0 enable
2022-05-31T06:06:35.911Z - log: [Package] alipay-mini-game@1.0.0 enable
2022-05-31T06:06:35.938Z - log: [Package] android@1.0.0 enable
2022-05-31T06:06:35.965Z - log: [Package] baidu-mini-game@1.0.0 enable
2022-05-31T06:06:35.999Z - log: [Package] bytedance-mini-game@1.0.1 enable
2022-05-31T06:06:36.027Z - log: [Package] cocos-play@1.0.0 enable
2022-05-31T06:06:36.057Z - log: [Package] huawei-agc@1.0.0 enable
2022-05-31T06:06:36.095Z - log: [Package] huawei-quick-game@1.0.0 enable
2022-05-31T06:06:37.443Z - log: [Package] ios@1.0.0 enable
2022-05-31T06:06:37.534Z - log: [Package] ios-app-clip@1.0.0 enable
2022-05-31T06:06:37.684Z - log: [Package] link-sure@1.0.0 enable
2022-05-31T06:06:37.693Z - verbose: [AssetDB] Require engine code (2907ms)
2022-05-31T06:06:37.838Z - log: [Package] linux@1.0.0 enable
2022-05-31T06:06:37.865Z - log: [Package] mac@1.0.0 enable
2022-05-31T06:06:38.133Z - log: [Package] native@1.0.0 enable
2022-05-31T06:06:38.159Z - log: [Package] ohos@1.0.0 enable
2022-05-31T06:06:38.187Z - log: [Package] open-harmonyos@1.0.0 enable
2022-05-31T06:06:38.216Z - log: [Package] oppo-mini-game@1.0.0 enable
2022-05-31T06:06:38.242Z - log: [Package] qtt@1.0.0 enable
2022-05-31T06:06:38.274Z - log: [Package] vivo-mini-game@1.0.0 enable
2022-05-31T06:06:38.316Z - log: [Package] web-desktop@1.0.0 enable
2022-05-31T06:06:38.376Z - log: [Package] web-mobile@1.0.0 enable
2022-05-31T06:06:38.465Z - log: [Package] wechatgame@1.0.1 enable
2022-05-31T06:06:38.609Z - log: [Package] windows@1.0.0 enable
2022-05-31T06:06:38.648Z - log: [Package] xiaomi-quick-game@1.0.0 enable
2022-05-31T06:06:39.484Z - log: [Package] cocos-service@3.0.3 enable
2022-05-31T06:06:39.629Z - log: [Package] importer@1.0.0 enable
2022-05-31T06:06:40.513Z - log: [Im-plugin] Check im-plugin version.
2022-05-31T06:06:40.531Z - log: [Package] im-plugin@3.0.8 enable
2022-05-31T06:06:41.646Z - log: [Im-plugin] No online info of im-plugin.
2022-05-31T06:06:42.200Z - log: 设置的 IP 地址不存在，将使用默认 IP
2022-05-31T06:06:55.968Z - verbose: [Scene] Require engine code (0ms)
2022-05-31T06:06:55.971Z - verbose: [Scene] Startup engine (2ms)
2022-05-31T06:06:56.018Z - log: [Scene] Cocos Creator v3.5.0
2022-05-31T06:06:56.365Z - verbose: [Scene] Open engine (394ms)
2022-05-31T06:06:56.365Z - verbose: [Scene] Configure engine (0ms)
2022-05-31T06:06:56.122Z - info: [Scene] Forward render pipeline initialized.
2022-05-31T06:07:16.740Z - warn: Metrics: no valid info
