2022-05-09 15:24:16-log: [Package] menu@1.0.0 enable
2022-05-09 15:24:16-log: [Package] profile@1.0.0 enable
2022-05-09 15:24:16-log: [Package] project@1.0.1 enable
2022-05-09 15:24:16-log: [Package] messages@1.0.0 enable
2022-05-09 15:24:16-log: [Package] program@1.0.0 enable
2022-05-09 15:24:16-log: [Package] device@1.0.1 enable
2022-05-09 15:24:16-log: [Package] ui-kit@1.0.1 enable
2022-05-09 15:24:16-log: [Package] tester@1.0.0 enable
2022-05-09 15:24:16-log: [Package] preferences@1.0.0 enable
2022-05-09 15:24:17-log: Setup mods mgr.: 326.232ms
2022-05-09 15:24:17-log: Profile changed: engine (modules.includeModules: 2d,3d,audio,base,dragon-bones,gfx-webgl,intersection-2d,marionette,particle,particle-2d,physics-2d-box2d,physics-cannon,primitive,profiler,spine,terrain,tiled-map,tween,ui,video,webview)
2022-05-09 15:24:17-log: [Package] engine@1.0.5 enable
2022-05-09 15:24:20-log: [Package] programming@1.0.0 enable
2022-05-09 15:24:20-log: [Package] Profile Migrate: builder@Cocos Creator...
2022-05-09 15:24:20-log: [Package] Profile Migrate: builder@Cocos Creator...
2022-05-09 15:24:20-log: [Package] engine-extends@1.0.0 enable
2022-05-09 15:24:20-log: [Package] asset-db@1.0.0 enable
2022-05-09 15:24:20-log: [Package] console@1.0.0 enable
2022-05-09 15:24:20-log: [Package] scene@1.0.0 enable
2022-05-09 15:24:20-log: [Package] about@1.0.0 enable
2022-05-09 15:24:21-log: [Package] server@1.0.0 enable
2022-05-09 15:24:21-log: [Package] utils@1.0.0 enable
2022-05-09 15:24:21-log: [Package] assets@1.0.0 enable
2022-05-09 15:24:23-log: [Package] preview@1.0.1 enable
2022-05-09 15:24:23-log: [Package] animator@1.0.0 enable
2022-05-09 15:24:24-log: 设置的 IP 地址不存在，将使用默认 IP
2022-05-09 15:24:25-log: Profile changed: builder (log.level: 4)
2022-05-09 15:24:25-log: [Package] builder@1.3.1 enable
2022-05-09 15:24:25-log: [Package] node-library@1.0.0 enable
2022-05-09 15:24:25-log: [Package] shortcuts@1.0.1 enable
2022-05-09 15:24:25-log: [Package] package-asset@1.0.0 enable
2022-05-09 15:24:25-log: [Package] reference-image@1.0.0 enable
2022-05-09 15:24:25-log: [Package] animation-graph@1.0.0 enable
2022-05-09 15:24:25-log: [Package] channel-upload-tools@1.0.0 enable
2022-05-09 15:24:25-log: [Package] runtime-dev-tools@1.0.0 enable
2022-05-09 15:24:25-log: [Package] lightmap@1.0.4 enable
2022-05-09 15:24:25-log: [Package] alipay-mini-game@1.0.0 enable
2022-05-09 15:24:25-log: [Package] android@1.0.0 enable
2022-05-09 15:24:25-log: [Package] baidu-mini-game@1.0.0 enable
2022-05-09 15:24:25-log: [Package] bytedance-mini-game@1.0.1 enable
2022-05-09 15:24:25-log: [Package] huawei-agc@1.0.0 enable
2022-05-09 15:24:27-log: [Package] ios@1.0.0 enable
2022-05-09 15:24:27-log: [Package] ios-app-clip@1.0.0 enable
2022-05-09 15:24:27-log: [Package] mac@1.0.0 enable
2022-05-09 15:24:27-log: [Package] native@1.0.0 enable
2022-05-09 15:24:27-log: [Package] ohos@1.0.0 enable
2022-05-09 15:24:27-log: [Package] web-desktop@1.0.0 enable
2022-05-09 15:24:27-log: [Package] web-mobile@1.0.0 enable
2022-05-09 15:24:27-log: [Package] wechatgame@1.0.1 enable
2022-05-09 15:24:27-log: [Package] windows@1.0.0 enable
2022-05-09 15:24:27-log: [Package] xiaomi-quick-game@1.0.0 enable
2022-05-09 15:24:27-log: [Package] cocos-play@1.0.0 enable
2022-05-09 15:24:27-log: [Package] huawei-quick-game@1.0.0 enable
2022-05-09 15:24:27-log: [Package] link-sure@1.0.0 enable
2022-05-09 15:24:27-log: [Package] oppo-mini-game@1.0.0 enable
2022-05-09 15:24:27-log: [Package] qtt@1.0.0 enable
2022-05-09 15:24:27-log: [Package] vivo-mini-game@1.0.0 enable
2022-05-09 15:24:28-log: [Package] cocos-service@3.0.2 enable
2022-05-09 15:24:28-log: [Package] importer@1.0.0 enable
2022-05-09 15:24:29-log: [Package] extension@3.0.15 enable
2022-05-09 15:24:29-log: [Im-plugin] Check im-plugin version.
2022-05-09 15:24:29-log: [Package] im-plugin@3.0.8 enable
2022-05-09 15:24:29-log: 设置的 IP 地址不存在，将使用默认 IP
2022-05-09 15:24:30-log: [Im-plugin] No online info of im-plugin.
2022-05-09 15:24:37-warn: Browserslist: caniuse-lite is outdated. Please run:
npx browserslist@latest --update-db

Why you should do it regularly:
https://github.com/browserslist/browserslist#browsers-data-updating
2022-05-09 15:24:37-log: [Scene] Cocos Creator v3.4.2
2022-05-09 15:24:37-info: [Scene] Forward render pipeline initialized.
2022-05-31T06:15:39.591Z - log: [Package] menu@1.0.0 enable
2022-05-31T06:15:39.593Z - log: [Package] profile@1.0.0 enable
2022-05-31T06:15:39.605Z - log: [Package] project@1.0.2 enable
2022-05-31T06:15:39.612Z - log: [Package] messages@1.0.0 enable
2022-05-31T06:15:39.617Z - log: [Package] program@1.0.0 enable
2022-05-31T06:15:39.623Z - log: [Package] tester@1.0.0 enable
2022-05-31T06:15:39.631Z - log: [Package] preferences@1.0.0 enable
2022-05-31T06:15:40.382Z - log: Setup mods mgr.: 328.279ms
2022-05-31T06:15:40.385Z - log: Profile changed: engine (modules.includeModules: 2d,3d,animation,audio,base,dragon-bones,gfx-webgl,intersection-2d,marionette,particle,particle-2d,physics-2d-box2d,physics-cannon,primitive,profiler,skeletal-animation,spine,terrain,tiled-map,tween,ui,video,webview)
2022-05-31T06:15:40.392Z - verbose: [Engine] QuickCompile engine (700ms)
2022-05-31T06:15:40.395Z - log: [Package] engine@1.0.6 enable
2022-05-31T06:15:41.216Z - log: [Package] programming@1.0.0 enable
2022-05-31T06:15:41.505Z - log: [Package] device@1.0.1 enable
2022-05-31T06:15:41.532Z - log: [Package] ui-kit@1.0.1 enable
2022-05-31T06:15:41.560Z - log: [Package] engine-extends@1.0.0 enable
2022-05-31T06:15:41.629Z - log: [Package] asset-db@1.0.0 enable
2022-05-31T06:15:41.674Z - log: [Package] scene@1.0.0 enable
2022-05-31T06:15:41.917Z - log: [Package] server@1.0.0 enable
2022-05-31T06:15:41.964Z - log: [Package] utils@1.0.0 enable
2022-05-31T06:15:46.211Z - log: [Package] preview@1.0.1 enable
2022-05-31T06:15:46.244Z - log: [Package] animator@1.0.0 enable
2022-05-31T06:15:46.386Z - log: 设置的 IP 地址不存在，将使用默认 IP
2022-05-31T06:15:47.350Z - log: [Package] builder@1.3.2 enable
2022-05-31T06:15:47.395Z - log: [Package] shortcuts@1.0.1 enable
2022-05-31T06:15:47.428Z - log: [Package] animation-graph@1.0.0 enable
2022-05-31T06:15:47.453Z - log: [Package] runtime-dev-tools@1.0.0 enable
2022-05-31T06:15:47.479Z - log: [Package] channel-upload-tools@1.0.0 enable
2022-05-31T06:15:47.514Z - log: [Package] about@1.0.0 enable
2022-05-31T06:15:47.560Z - log: [Package] assets@1.0.0 enable
2022-05-31T06:15:47.601Z - log: [Package] console@1.0.0 enable
2022-05-31T06:15:47.876Z - log: [Package] extension@3.0.16 enable
2022-05-31T06:15:47.957Z - log: [Package] hierarchy@1.0.0 enable
2022-05-31T06:15:48.026Z - log: [Package] inspector@1.0.0 enable
2022-05-31T06:15:48.067Z - log: [Package] lightmap@1.0.4 enable
2022-05-31T06:15:48.121Z - log: [Package] node-library@1.0.1 enable
2022-05-31T06:15:48.152Z - log: [Package] package-asset@1.0.0 enable
2022-05-31T06:15:48.186Z - log: [Package] process@1.0.0 enable
2022-05-31T06:15:48.225Z - log: [Package] reference-image@1.0.0 enable
2022-05-31T06:15:48.253Z - log: [Package] alipay-mini-game@1.0.0 enable
2022-05-31T06:15:48.283Z - log: [Package] android@1.0.0 enable
2022-05-31T06:15:48.323Z - log: [Package] baidu-mini-game@1.0.0 enable
2022-05-31T06:15:48.359Z - log: [Package] bytedance-mini-game@1.0.1 enable
2022-05-31T06:15:48.385Z - log: [Package] cocos-play@1.0.0 enable
2022-05-31T06:15:48.423Z - log: [Package] huawei-agc@1.0.0 enable
2022-05-31T06:15:48.451Z - log: [Package] huawei-quick-game@1.0.0 enable
2022-05-31T06:15:49.700Z - log: [Package] ios@1.0.0 enable
2022-05-31T06:15:49.727Z - log: [Package] ios-app-clip@1.0.0 enable
2022-05-31T06:15:49.749Z - log: [Package] link-sure@1.0.0 enable
2022-05-31T06:15:49.774Z - log: [Package] linux@1.0.0 enable
2022-05-31T06:15:49.799Z - log: [Package] mac@1.0.0 enable
2022-05-31T06:15:49.925Z - log: [Package] native@1.0.0 enable
2022-05-31T06:15:49.955Z - log: [Package] ohos@1.0.0 enable
2022-05-31T06:15:49.959Z - verbose: [AssetDB] Require engine code (2804ms)
2022-05-31T06:15:49.988Z - log: [Package] open-harmonyos@1.0.0 enable
2022-05-31T06:15:50.052Z - log: [Package] oppo-mini-game@1.0.0 enable
2022-05-31T06:15:50.086Z - log: [Package] qtt@1.0.0 enable
2022-05-31T06:15:50.118Z - log: [Package] vivo-mini-game@1.0.0 enable
2022-05-31T06:15:50.162Z - log: [Package] web-desktop@1.0.0 enable
2022-05-31T06:15:50.204Z - log: [Package] web-mobile@1.0.0 enable
2022-05-31T06:15:50.243Z - log: [Package] wechatgame@1.0.1 enable
2022-05-31T06:15:50.268Z - log: [Package] windows@1.0.0 enable
2022-05-31T06:15:50.292Z - log: [Package] xiaomi-quick-game@1.0.0 enable
2022-05-31T06:15:50.583Z - log: [Package] cocos-service@3.0.3 enable
2022-05-31T06:15:50.628Z - log: [Package] importer@1.0.0 enable
2022-05-31T06:15:50.984Z - log: [Im-plugin] Check im-plugin version.
2022-05-31T06:15:51.000Z - log: [Package] im-plugin@3.0.8 enable
2022-05-31T06:15:51.989Z - log: [Im-plugin] No online info of im-plugin.
2022-05-31T06:15:52.316Z - log: 设置的 IP 地址不存在，将使用默认 IP
2022-05-31T06:16:04.558Z - verbose: [Scene] Require engine code (0ms)
2022-05-31T06:16:04.560Z - verbose: [Scene] Startup engine (1ms)
2022-05-31T06:16:04.612Z - log: [Scene] Cocos Creator v3.5.0
2022-05-31T06:16:04.956Z - verbose: [Scene] Open engine (396ms)
2022-05-31T06:16:04.956Z - verbose: [Scene] Configure engine (0ms)
2022-05-31T06:16:04.707Z - info: [Scene] Forward render pipeline initialized.
2022-05-31T06:18:45.061Z - warn: Metrics: no valid info
2022-05-31T06:20:30.822Z - log: [Package] menu@1.0.0 enable
2022-05-31T06:20:30.824Z - log: [Package] profile@1.0.0 enable
2022-05-31T06:20:30.836Z - log: [Package] project@1.0.2 enable
2022-05-31T06:20:30.843Z - log: [Package] messages@1.0.0 enable
2022-05-31T06:20:30.846Z - log: [Package] program@1.0.0 enable
2022-05-31T06:20:30.853Z - log: [Package] tester@1.0.0 enable
2022-05-31T06:20:30.859Z - log: [Package] preferences@1.0.0 enable
2022-05-31T06:20:31.569Z - log: Setup mods mgr.: 325.652ms
2022-05-31T06:20:31.573Z - log: Profile changed: engine (modules.includeModules: 2d,3d,animation,audio,base,dragon-bones,gfx-webgl,intersection-2d,marionette,particle,particle-2d,physics-2d-box2d,physics-cannon,primitive,profiler,skeletal-animation,spine,terrain,tiled-map,tween,ui,video,webview)
2022-05-31T06:20:31.580Z - verbose: [Engine] QuickCompile engine (663ms)
2022-05-31T06:20:31.584Z - log: [Package] engine@1.0.6 enable
2022-05-31T06:20:32.437Z - log: [Package] programming@1.0.0 enable
2022-05-31T06:20:32.737Z - log: [Package] device@1.0.1 enable
2022-05-31T06:20:32.766Z - log: [Package] ui-kit@1.0.1 enable
2022-05-31T06:20:32.796Z - log: [Package] engine-extends@1.0.0 enable
2022-05-31T06:20:32.859Z - log: [Package] asset-db@1.0.0 enable
2022-05-31T06:20:32.898Z - log: [Package] scene@1.0.0 enable
2022-05-31T06:20:33.103Z - log: [Package] server@1.0.0 enable
2022-05-31T06:20:33.148Z - log: [Package] utils@1.0.0 enable
2022-05-31T06:20:37.430Z - log: [Package] preview@1.0.1 enable
2022-05-31T06:20:37.467Z - log: [Package] animator@1.0.0 enable
2022-05-31T06:20:37.615Z - log: 设置的 IP 地址不存在，将使用默认 IP
2022-05-31T06:20:38.563Z - log: [Package] builder@1.3.2 enable
2022-05-31T06:20:38.608Z - log: [Package] shortcuts@1.0.1 enable
2022-05-31T06:20:38.642Z - log: [Package] animation-graph@1.0.0 enable
2022-05-31T06:20:38.664Z - log: [Package] runtime-dev-tools@1.0.0 enable
2022-05-31T06:20:38.690Z - log: [Package] channel-upload-tools@1.0.0 enable
2022-05-31T06:20:38.724Z - log: [Package] about@1.0.0 enable
2022-05-31T06:20:38.759Z - log: [Package] assets@1.0.0 enable
2022-05-31T06:20:38.795Z - log: [Package] console@1.0.0 enable
2022-05-31T06:20:39.144Z - log: [Package] extension@3.0.16 enable
2022-05-31T06:20:39.179Z - log: [Package] hierarchy@1.0.0 enable
2022-05-31T06:20:39.225Z - log: [Package] inspector@1.0.0 enable
2022-05-31T06:20:39.268Z - log: [Package] lightmap@1.0.4 enable
2022-05-31T06:20:39.349Z - log: [Package] node-library@1.0.1 enable
2022-05-31T06:20:39.379Z - log: [Package] package-asset@1.0.0 enable
2022-05-31T06:20:39.414Z - log: [Package] process@1.0.0 enable
2022-05-31T06:20:39.455Z - log: [Package] reference-image@1.0.0 enable
2022-05-31T06:20:39.476Z - log: [Package] alipay-mini-game@1.0.0 enable
2022-05-31T06:20:39.504Z - log: [Package] android@1.0.0 enable
2022-05-31T06:20:39.531Z - log: [Package] baidu-mini-game@1.0.0 enable
2022-05-31T06:20:39.559Z - log: [Package] bytedance-mini-game@1.0.1 enable
2022-05-31T06:20:39.586Z - log: [Package] cocos-play@1.0.0 enable
2022-05-31T06:20:39.613Z - log: [Package] huawei-agc@1.0.0 enable
2022-05-31T06:20:39.645Z - log: [Package] huawei-quick-game@1.0.0 enable
2022-05-31T06:20:40.961Z - log: [Package] ios@1.0.0 enable
2022-05-31T06:20:40.991Z - log: [Package] ios-app-clip@1.0.0 enable
2022-05-31T06:20:41.017Z - log: [Package] link-sure@1.0.0 enable
2022-05-31T06:20:41.041Z - log: [Package] linux@1.0.0 enable
2022-05-31T06:20:41.068Z - log: [Package] mac@1.0.0 enable
2022-05-31T06:20:41.190Z - log: [Package] native@1.0.0 enable
2022-05-31T06:20:41.199Z - verbose: [AssetDB] Require engine code (2796ms)
2022-05-31T06:20:41.215Z - log: [Package] ohos@1.0.0 enable
2022-05-31T06:20:41.240Z - log: [Package] open-harmonyos@1.0.0 enable
2022-05-31T06:20:41.270Z - log: [Package] oppo-mini-game@1.0.0 enable
2022-05-31T06:20:41.296Z - log: [Package] qtt@1.0.0 enable
2022-05-31T06:20:41.329Z - log: [Package] vivo-mini-game@1.0.0 enable
2022-05-31T06:20:41.375Z - log: [Package] web-desktop@1.0.0 enable
2022-05-31T06:20:41.413Z - log: [Package] web-mobile@1.0.0 enable
2022-05-31T06:20:41.450Z - log: [Package] wechatgame@1.0.1 enable
2022-05-31T06:20:41.474Z - log: [Package] windows@1.0.0 enable
2022-05-31T06:20:41.501Z - log: [Package] xiaomi-quick-game@1.0.0 enable
2022-05-31T06:20:41.846Z - log: [Package] cocos-service@3.0.3 enable
2022-05-31T06:20:41.905Z - log: [Package] importer@1.0.0 enable
2022-05-31T06:20:42.391Z - log: [Im-plugin] Check im-plugin version.
2022-05-31T06:20:42.405Z - log: [Package] im-plugin@3.0.8 enable
2022-05-31T06:20:43.833Z - log: [Im-plugin] No online info of im-plugin.
2022-05-31T06:20:45.199Z - log: 设置的 IP 地址不存在，将使用默认 IP
2022-05-31T06:20:54.664Z - verbose: [Scene] Require engine code (1ms)
2022-05-31T06:20:54.681Z - verbose: [Scene] Startup engine (2ms)
2022-05-31T06:20:54.756Z - log: [Scene] Cocos Creator v3.5.0
2022-05-31T06:20:55.343Z - verbose: [Scene] Open engine (662ms)
2022-05-31T06:20:55.344Z - verbose: [Scene] Configure engine (0ms)
2022-05-31T06:20:54.958Z - info: [Scene] Forward render pipeline initialized.
2022-05-31T06:27:55.341Z - warn: Metrics: no valid info
