2022-05-09 14:42:59-log: [Package] menu@1.0.0 enable
2022-05-09 14:42:59-log: [Package] profile@1.0.0 enable
2022-05-09 14:42:59-log: [Package] project@1.0.1 enable
2022-05-09 14:42:59-log: [Package] messages@1.0.0 enable
2022-05-09 14:42:59-log: [Package] program@1.0.0 enable
2022-05-09 14:42:59-log: [Package] device@1.0.1 enable
2022-05-09 14:42:59-log: [Package] ui-kit@1.0.1 enable
2022-05-09 14:42:59-log: [Package] tester@1.0.0 enable
2022-05-09 14:42:59-log: [Package] preferences@1.0.0 enable
2022-05-09 14:43:00-log: Setup mods mgr.: 326.006ms
2022-05-09 14:43:00-log: Profile changed: engine (modules.includeModules: 2d,3d,audio,base,dragon-bones,gfx-webgl,gfx-webgl2,intersection-2d,marionette,particle,particle-2d,physics-2d-box2d,physics-ammo,primitive,profiler,spine,terrain,tiled-map,tween,ui,video,webview)
2022-05-09 14:43:00-log: [Package] engine@1.0.5 enable
2022-05-09 14:43:02-log: [Package] programming@1.0.0 enable
2022-05-09 14:43:02-log: [Package] Profile Migrate: builder@Cocos Creator...
2022-05-09 14:43:02-log: [Package] Profile Migrate: builder@Cocos Creator...
2022-05-09 14:43:03-log: [Package] engine-extends@1.0.0 enable
2022-05-09 14:43:03-log: [Package] asset-db@1.0.0 enable
2022-05-09 14:43:03-log: [Package] console@1.0.0 enable
2022-05-09 14:43:03-log: [Package] scene@1.0.0 enable
2022-05-09 14:43:03-log: [Package] about@1.0.0 enable
2022-05-09 14:43:03-log: [Package] server@1.0.0 enable
2022-05-09 14:43:03-log: [Package] utils@1.0.0 enable
2022-05-09 14:43:06-log: [Package] preview@1.0.1 enable
2022-05-09 14:43:06-log: [Package] animator@1.0.0 enable
2022-05-09 14:43:06-log: 设置的 IP 地址不存在，将使用默认 IP
2022-05-09 14:43:07-log: [Package] builder@1.3.1 enable
2022-05-09 14:43:07-log: [Package] node-library@1.0.0 enable
2022-05-09 14:43:07-log: [Package] shortcuts@1.0.1 enable
2022-05-09 14:43:07-log: [Package] package-asset@1.0.0 enable
2022-05-09 14:43:07-log: [Package] reference-image@1.0.0 enable
2022-05-09 14:43:07-log: [Package] animation-graph@1.0.0 enable
2022-05-09 14:43:07-log: [Package] channel-upload-tools@1.0.0 enable
2022-05-09 14:43:07-log: [Package] runtime-dev-tools@1.0.0 enable
2022-05-09 14:43:07-log: [Package] lightmap@1.0.4 enable
2022-05-09 14:43:08-log: [Package] alipay-mini-game@1.0.0 enable
2022-05-09 14:43:08-log: [Package] android@1.0.0 enable
2022-05-09 14:43:08-log: [Package] baidu-mini-game@1.0.0 enable
2022-05-09 14:43:08-log: [Package] bytedance-mini-game@1.0.1 enable
2022-05-09 14:43:08-log: [Package] huawei-agc@1.0.0 enable
2022-05-09 14:43:09-log: [Package] ios@1.0.0 enable
2022-05-09 14:43:09-log: [Package] ios-app-clip@1.0.0 enable
2022-05-09 14:43:09-log: [Package] mac@1.0.0 enable
2022-05-09 14:43:10-log: [Package] native@1.0.0 enable
2022-05-09 14:43:10-log: [Package] ohos@1.0.0 enable
2022-05-09 14:43:10-log: [Package] web-desktop@1.0.0 enable
2022-05-09 14:43:10-log: [Package] web-mobile@1.0.0 enable
2022-05-09 14:43:10-log: [Package] wechatgame@1.0.1 enable
2022-05-09 14:43:10-log: [Package] windows@1.0.0 enable
2022-05-09 14:43:10-log: [Package] xiaomi-quick-game@1.0.0 enable
2022-05-09 14:43:10-log: [Package] cocos-play@1.0.0 enable
2022-05-09 14:43:10-log: [Package] huawei-quick-game@1.0.0 enable
2022-05-09 14:43:10-log: [Package] link-sure@1.0.0 enable
2022-05-09 14:43:10-log: [Package] oppo-mini-game@1.0.0 enable
2022-05-09 14:43:10-log: [Package] qtt@1.0.0 enable
2022-05-09 14:43:10-log: [Package] vivo-mini-game@1.0.0 enable
2022-05-09 14:43:11-log: [Package] cocos-service@3.0.2 enable
2022-05-09 14:43:11-log: [Package] importer@1.0.0 enable
2022-05-09 14:43:11-log: [Package] extension@3.0.15 enable
2022-05-09 14:43:12-log: [Im-plugin] Check im-plugin version.
2022-05-09 14:43:12-log: [Package] im-plugin@3.0.8 enable
2022-05-09 14:43:12-log: 设置的 IP 地址不存在，将使用默认 IP
2022-05-09 14:43:13-log: [Im-plugin] No online info of im-plugin.
2022-05-09 14:43:19-warn: Browserslist: caniuse-lite is outdated. Please run:
npx browserslist@latest --update-db

Why you should do it regularly:
https://github.com/browserslist/browserslist#browsers-data-updating
2022-05-09 14:43:20-log: [Scene] Cocos Creator v3.4.2
2022-05-09 14:43:20-warn: [Scene] 'macro.KEY' is deprecated. (please use KeyCode instead)
2022-05-09 14:43:20-warn: [Scene] 'macro.KEY.shift' is deprecated. (please use KeyCode.SHIFT_LEFT instead)
2022-05-09 14:43:20-info: [Scene] Forward render pipeline initialized.
2022-05-09 14:43:21-warn: [Scene] 'macro.KEY' is deprecated. (please use KeyCode instead)
2022-05-09 14:43:21-warn: [Scene] 'macro.KEY.shift' is deprecated. (please use KeyCode.SHIFT_LEFT instead)
2022-06-01T09:51:54.114Z - log: [Package] menu@1.0.0 enable
2022-06-01T09:51:54.117Z - log: [Package] profile@1.0.0 enable
2022-06-01T09:51:54.131Z - log: [Package] project@1.0.2 enable
2022-06-01T09:51:54.139Z - log: [Package] messages@1.0.0 enable
2022-06-01T09:51:54.143Z - log: [Package] program@1.0.0 enable
2022-06-01T09:51:54.150Z - log: [Package] tester@1.0.0 enable
2022-06-01T09:51:54.156Z - log: [Package] preferences@1.0.0 enable
2022-06-01T09:51:55.014Z - log: Setup mods mgr.: 334.729ms
2022-06-01T09:51:55.029Z - verbose: [Engine] QuickCompile engine (808ms)
2022-06-01T09:51:55.032Z - log: [Package] engine@1.0.6 enable
2022-06-01T09:51:56.042Z - log: [Package] programming@1.0.0 enable
2022-06-01T09:51:56.344Z - log: [Package] device@1.0.1 enable
2022-06-01T09:51:56.372Z - log: [Package] ui-kit@1.0.1 enable
2022-06-01T09:51:56.398Z - log: [Package] engine-extends@1.0.0 enable
2022-06-01T09:51:56.472Z - log: [Package] asset-db@1.0.0 enable
2022-06-01T09:51:56.588Z - log: [Package] scene@1.0.0 enable
2022-06-01T09:51:56.982Z - log: [Package] server@1.0.0 enable
2022-06-01T09:51:57.067Z - log: [Package] utils@1.0.0 enable
2022-06-01T09:52:01.984Z - log: [Package] preview@1.0.1 enable
2022-06-01T09:52:02.019Z - log: [Package] animator@1.0.0 enable
2022-06-01T09:52:02.149Z - log: 设置的 IP 地址不存在，将使用默认 IP
2022-06-01T09:52:03.055Z - log: [Package] builder@1.3.2 enable
2022-06-01T09:52:03.090Z - log: [Package] shortcuts@1.0.1 enable
2022-06-01T09:52:03.122Z - log: [Package] animation-graph@1.0.0 enable
2022-06-01T09:52:03.148Z - log: [Package] runtime-dev-tools@1.0.0 enable
2022-06-01T09:52:03.173Z - log: [Package] channel-upload-tools@1.0.0 enable
2022-06-01T09:52:03.204Z - log: [Package] about@1.0.0 enable
2022-06-01T09:52:03.239Z - log: [Package] assets@1.0.0 enable
2022-06-01T09:52:03.279Z - log: [Package] console@1.0.0 enable
2022-06-01T09:52:03.517Z - log: [Package] extension@3.0.16 enable
2022-06-01T09:52:03.582Z - log: [Package] hierarchy@1.0.0 enable
2022-06-01T09:52:03.627Z - log: [Package] inspector@1.0.0 enable
2022-06-01T09:52:03.711Z - log: [Package] lightmap@1.0.4 enable
2022-06-01T09:52:03.752Z - log: [Package] node-library@1.0.1 enable
2022-06-01T09:52:03.778Z - log: [Package] package-asset@1.0.0 enable
2022-06-01T09:52:03.813Z - log: [Package] process@1.0.0 enable
2022-06-01T09:52:03.852Z - log: [Package] reference-image@1.0.0 enable
2022-06-01T09:52:03.889Z - log: [Package] alipay-mini-game@1.0.0 enable
2022-06-01T09:52:03.917Z - log: [Package] android@1.0.0 enable
2022-06-01T09:52:03.944Z - log: [Package] baidu-mini-game@1.0.0 enable
2022-06-01T09:52:03.970Z - log: [Package] bytedance-mini-game@1.0.1 enable
2022-06-01T09:52:03.994Z - log: [Package] cocos-play@1.0.0 enable
2022-06-01T09:52:04.021Z - log: [Package] huawei-agc@1.0.0 enable
2022-06-01T09:52:04.058Z - log: [Package] huawei-quick-game@1.0.0 enable
2022-06-01T09:52:05.286Z - log: [Package] ios@1.0.0 enable
2022-06-01T09:52:05.313Z - log: [Package] ios-app-clip@1.0.0 enable
2022-06-01T09:52:05.334Z - log: [Package] link-sure@1.0.0 enable
2022-06-01T09:52:05.369Z - log: [Package] linux@1.0.0 enable
2022-06-01T09:52:05.396Z - log: [Package] mac@1.0.0 enable
2022-06-01T09:52:05.527Z - log: [Package] native@1.0.0 enable
2022-06-01T09:52:05.535Z - verbose: [AssetDB] Require engine code (2656ms)
2022-06-01T09:52:05.555Z - log: [Package] ohos@1.0.0 enable
2022-06-01T09:52:05.586Z - log: [Package] open-harmonyos@1.0.0 enable
2022-06-01T09:52:05.612Z - log: [Package] oppo-mini-game@1.0.0 enable
2022-06-01T09:52:05.638Z - log: [Package] qtt@1.0.0 enable
2022-06-01T09:52:05.667Z - log: [Package] vivo-mini-game@1.0.0 enable
2022-06-01T09:52:05.705Z - log: [Package] web-desktop@1.0.0 enable
2022-06-01T09:52:05.742Z - log: [Package] web-mobile@1.0.0 enable
2022-06-01T09:52:05.782Z - log: [Package] wechatgame@1.0.1 enable
2022-06-01T09:52:05.810Z - log: [Package] windows@1.0.0 enable
2022-06-01T09:52:05.837Z - log: [Package] xiaomi-quick-game@1.0.0 enable
2022-06-01T09:52:06.253Z - log: [Package] cocos-service@3.0.3 enable
2022-06-01T09:52:06.295Z - log: [Package] importer@1.0.0 enable
2022-06-01T09:52:06.746Z - log: [Im-plugin] Check im-plugin version.
2022-06-01T09:52:06.759Z - log: [Package] im-plugin@3.0.8 enable
2022-06-01T09:52:08.137Z - log: [Im-plugin] No online info of im-plugin.
2022-06-01T09:52:08.332Z - log: 设置的 IP 地址不存在，将使用默认 IP
2022-06-01T09:52:20.148Z - verbose: [Scene] Require engine code (1ms)
2022-06-01T09:52:20.152Z - verbose: [Scene] Startup engine (2ms)
2022-06-01T09:52:20.190Z - log: [Scene] Cocos Creator v3.5.1
2022-06-01T09:52:20.304Z - warn: [Scene] 'macro.KEY' is deprecated. (please use KeyCode instead)Error: [Scene] 'macro.KEY' is deprecated. (please use KeyCode instead)
    at warn (/Applications/CocosCreator/Creator/3.5.1/CocosCreator.app/Contents/Resources/resources/3d/engine/bin/.cache/dev/editor/bundled/index.js:139072:10)
    at markAsWarningLog (/Applications/CocosCreator/Creator/3.5.1/CocosCreator.app/Contents/Resources/resources/3d/engine/bin/.cache/dev/editor/bundled/index.js:164006:5)
    at Object.get (/Applications/CocosCreator/Creator/3.5.1/CocosCreator.app/Contents/Resources/resources/3d/engine/bin/.cache/dev/editor/bundled/index.js:164066:13)
    at Object.execute (file:///Users/mu/work/gitee/cocos-creator-how-to-use/proj/Particle/Creator3.5.1_3D_ParticleTrails01/temp/programming/packer-driver/targets/editor/chunks/be/be2cc7060dfb54d1e23a0b1a55b82e6f9265caff.js:48:22)
    at doExec (/Applications/CocosCreator/Creator/3.5.1/CocosCreator.app/Contents/Resources/app.asar/node_modules/@editor/lib-programming/static/executor/systemjs-bridge/out/index.js:487:32)
    at postOrderExec (/Applications/CocosCreator/Creator/3.5.1/CocosCreator.app/Contents/Resources/app.asar/node_modules/@editor/lib-programming/static/executor/systemjs-bridge/out/index.js:483:10)
    at /Applications/CocosCreator/Creator/3.5.1/CocosCreator.app/Contents/Resources/app.asar/node_modules/@editor/lib-programming/static/executor/systemjs-bridge/out/index.js:440:12
2022-06-01T09:52:20.304Z - warn: [Scene] 'macro.KEY.shift' is deprecated. (please use KeyCode.SHIFT_LEFT instead)Error: [Scene] 'macro.KEY.shift' is deprecated. (please use KeyCode.SHIFT_LEFT instead)
    at warn (/Applications/CocosCreator/Creator/3.5.1/CocosCreator.app/Contents/Resources/resources/3d/engine/bin/.cache/dev/editor/bundled/index.js:139072:10)
    at markAsWarningLog (/Applications/CocosCreator/Creator/3.5.1/CocosCreator.app/Contents/Resources/resources/3d/engine/bin/.cache/dev/editor/bundled/index.js:164006:5)
    at Object.get (/Applications/CocosCreator/Creator/3.5.1/CocosCreator.app/Contents/Resources/resources/3d/engine/bin/.cache/dev/editor/bundled/index.js:164066:13)
    at Object.execute (file:///Users/mu/work/gitee/cocos-creator-how-to-use/proj/Particle/Creator3.5.1_3D_ParticleTrails01/temp/programming/packer-driver/targets/editor/chunks/be/be2cc7060dfb54d1e23a0b1a55b82e6f9265caff.js:48:26)
    at doExec (/Applications/CocosCreator/Creator/3.5.1/CocosCreator.app/Contents/Resources/app.asar/node_modules/@editor/lib-programming/static/executor/systemjs-bridge/out/index.js:487:32)
    at postOrderExec (/Applications/CocosCreator/Creator/3.5.1/CocosCreator.app/Contents/Resources/app.asar/node_modules/@editor/lib-programming/static/executor/systemjs-bridge/out/index.js:483:10)
    at /Applications/CocosCreator/Creator/3.5.1/CocosCreator.app/Contents/Resources/app.asar/node_modules/@editor/lib-programming/static/executor/systemjs-bridge/out/index.js:440:12
2022-06-01T09:52:20.521Z - verbose: [Scene] Open engine (369ms)
2022-06-01T09:52:20.521Z - verbose: [Scene] Configure engine (0ms)
2022-06-01T09:52:20.312Z - info: [Scene] Forward render pipeline initialized.
2022-06-01T09:52:21.259Z - warn: [Scene] 'macro.KEY' is deprecated. (please use KeyCode instead)Error: [Scene] 'macro.KEY' is deprecated. (please use KeyCode instead)
    at warn (/Applications/CocosCreator/Creator/3.5.1/CocosCreator.app/Contents/Resources/resources/3d/engine/bin/.cache/dev/editor/bundled/index.js:139072:10)
    at markAsWarningLog (/Applications/CocosCreator/Creator/3.5.1/CocosCreator.app/Contents/Resources/resources/3d/engine/bin/.cache/dev/editor/bundled/index.js:164006:5)
    at Object.get (/Applications/CocosCreator/Creator/3.5.1/CocosCreator.app/Contents/Resources/resources/3d/engine/bin/.cache/dev/editor/bundled/index.js:164066:13)
    at Object.execute (file:///Users/mu/work/gitee/cocos-creator-how-to-use/proj/Particle/Creator3.5.1_3D_ParticleTrails01/temp/programming/packer-driver/targets/editor/chunks/be/be2cc7060dfb54d1e23a0b1a55b82e6f9265caff.js:48:22)
    at doExec (/Applications/CocosCreator/Creator/3.5.1/CocosCreator.app/Contents/Resources/app.asar/node_modules/@editor/lib-programming/static/executor/systemjs-bridge/out/index.js:487:32)
    at postOrderExec (/Applications/CocosCreator/Creator/3.5.1/CocosCreator.app/Contents/Resources/app.asar/node_modules/@editor/lib-programming/static/executor/systemjs-bridge/out/index.js:483:10)
    at /Applications/CocosCreator/Creator/3.5.1/CocosCreator.app/Contents/Resources/app.asar/node_modules/@editor/lib-programming/static/executor/systemjs-bridge/out/index.js:440:12
2022-06-01T09:52:21.259Z - warn: [Scene] 'macro.KEY.shift' is deprecated. (please use KeyCode.SHIFT_LEFT instead)Error: [Scene] 'macro.KEY.shift' is deprecated. (please use KeyCode.SHIFT_LEFT instead)
    at warn (/Applications/CocosCreator/Creator/3.5.1/CocosCreator.app/Contents/Resources/resources/3d/engine/bin/.cache/dev/editor/bundled/index.js:139072:10)
    at markAsWarningLog (/Applications/CocosCreator/Creator/3.5.1/CocosCreator.app/Contents/Resources/resources/3d/engine/bin/.cache/dev/editor/bundled/index.js:164006:5)
    at Object.get (/Applications/CocosCreator/Creator/3.5.1/CocosCreator.app/Contents/Resources/resources/3d/engine/bin/.cache/dev/editor/bundled/index.js:164066:13)
    at Object.execute (file:///Users/mu/work/gitee/cocos-creator-how-to-use/proj/Particle/Creator3.5.1_3D_ParticleTrails01/temp/programming/packer-driver/targets/editor/chunks/be/be2cc7060dfb54d1e23a0b1a55b82e6f9265caff.js:48:26)
    at doExec (/Applications/CocosCreator/Creator/3.5.1/CocosCreator.app/Contents/Resources/app.asar/node_modules/@editor/lib-programming/static/executor/systemjs-bridge/out/index.js:487:32)
    at postOrderExec (/Applications/CocosCreator/Creator/3.5.1/CocosCreator.app/Contents/Resources/app.asar/node_modules/@editor/lib-programming/static/executor/systemjs-bridge/out/index.js:483:10)
    at /Applications/CocosCreator/Creator/3.5.1/CocosCreator.app/Contents/Resources/app.asar/node_modules/@editor/lib-programming/static/executor/systemjs-bridge/out/index.js:440:12
2022-06-01T09:52:47.993Z - warn: Metrics: no valid info
