2022-05-09 14:41:27-log: [Package] menu@1.0.0 enable
2022-05-09 14:41:27-log: [Package] profile@1.0.0 enable
2022-05-09 14:41:27-log: [Package] project@1.0.1 enable
2022-05-09 14:41:27-log: [Package] messages@1.0.0 enable
2022-05-09 14:41:27-log: [Package] program@1.0.0 enable
2022-05-09 14:41:27-log: [Package] device@1.0.1 enable
2022-05-09 14:41:27-log: [Package] ui-kit@1.0.1 enable
2022-05-09 14:41:27-log: [Package] tester@1.0.0 enable
2022-05-09 14:41:27-log: [Package] preferences@1.0.0 enable
2022-05-09 14:41:28-log: Setup mods mgr.: 334.041ms
2022-05-09 14:41:28-log: Profile changed: engine (modules.includeModules: 2d,3d,audio,base,dragon-bones,gfx-webgl,gfx-webgl2,intersection-2d,marionette,particle,particle-2d,physics-2d-box2d,physics-ammo,primitive,profiler,spine,terrain,tiled-map,tween,ui,video,webview)
2022-05-09 14:41:28-log: [Package] engine@1.0.5 enable
2022-05-09 14:41:30-log: [Package] programming@1.0.0 enable
2022-05-09 14:41:30-log: [Package] Profile Migrate: builder@Cocos Creator...
2022-05-09 14:41:30-log: [Package] Profile Migrate: builder@Cocos Creator...
2022-05-09 14:41:31-log: [Package] engine-extends@1.0.0 enable
2022-05-09 14:41:31-log: [Package] asset-db@1.0.0 enable
2022-05-09 14:41:31-log: [Package] console@1.0.0 enable
2022-05-09 14:41:31-log: [Package] scene@1.0.0 enable
2022-05-09 14:41:31-log: [Package] about@1.0.0 enable
2022-05-09 14:41:31-log: [Package] server@1.0.0 enable
2022-05-09 14:41:31-log: [Package] utils@1.0.0 enable
2022-05-09 14:41:31-log: [Package] assets@1.0.0 enable
2022-05-09 14:41:34-log: 设置的 IP 地址不存在，将使用默认 IP
2022-05-09 14:41:36-log: [Package] builder@1.3.1 enable
2022-05-09 14:41:36-log: [Package] node-library@1.0.0 enable
2022-05-09 14:41:36-log: [Package] shortcuts@1.0.1 enable
2022-05-09 14:41:36-log: [Package] package-asset@1.0.0 enable
2022-05-09 14:41:36-log: [Package] reference-image@1.0.0 enable
2022-05-09 14:41:36-log: [Package] animation-graph@1.0.0 enable
2022-05-09 14:41:36-log: [Package] channel-upload-tools@1.0.0 enable
2022-05-09 14:41:36-log: [Package] runtime-dev-tools@1.0.0 enable
2022-05-09 14:41:36-log: [Package] lightmap@1.0.4 enable
2022-05-09 14:41:36-log: [Package] alipay-mini-game@1.0.0 enable
2022-05-09 14:41:36-log: [Package] android@1.0.0 enable
2022-05-09 14:41:36-log: [Package] baidu-mini-game@1.0.0 enable
2022-05-09 14:41:36-log: [Package] bytedance-mini-game@1.0.1 enable
2022-05-09 14:41:36-log: [Package] huawei-agc@1.0.0 enable
2022-05-09 14:41:38-log: [Package] ios@1.0.0 enable
2022-05-09 14:41:38-log: [Package] ios-app-clip@1.0.0 enable
2022-05-09 14:41:38-log: [Package] mac@1.0.0 enable
2022-05-09 14:41:38-log: [Package] native@1.0.0 enable
2022-05-09 14:41:38-log: [Package] ohos@1.0.0 enable
2022-05-09 14:41:38-log: [Package] web-desktop@1.0.0 enable
2022-05-09 14:41:38-log: [Package] web-mobile@1.0.0 enable
2022-05-09 14:41:38-log: [Package] wechatgame@1.0.1 enable
2022-05-09 14:41:38-log: [Package] windows@1.0.0 enable
2022-05-09 14:41:38-log: [Package] xiaomi-quick-game@1.0.0 enable
2022-05-09 14:41:38-log: [Package] cocos-play@1.0.0 enable
2022-05-09 14:41:38-log: [Package] huawei-quick-game@1.0.0 enable
2022-05-09 14:41:38-log: [Package] link-sure@1.0.0 enable
2022-05-09 14:41:38-log: [Package] oppo-mini-game@1.0.0 enable
2022-05-09 14:41:38-log: [Package] qtt@1.0.0 enable
2022-05-09 14:41:38-log: [Package] vivo-mini-game@1.0.0 enable
2022-05-09 14:41:39-log: [Package] cocos-service@3.0.2 enable
2022-05-09 14:41:39-log: [Package] importer@1.0.0 enable
2022-05-09 14:41:40-log: [Package] extension@3.0.15 enable
2022-05-09 14:41:40-log: [Im-plugin] Check im-plugin version.
2022-05-09 14:41:40-log: [Package] im-plugin@3.0.8 enable
2022-05-09 14:41:40-log: 设置的 IP 地址不存在，将使用默认 IP
2022-05-09 14:41:41-log: [Im-plugin] No online info of im-plugin.
2022-05-09 14:41:47-warn: Browserslist: caniuse-lite is outdated. Please run:
npx browserslist@latest --update-db

Why you should do it regularly:
https://github.com/browserslist/browserslist#browsers-data-updating
2022-05-09 14:41:48-log: [Scene] Cocos Creator v3.4.2
2022-05-09 14:41:48-warn: [Scene] 'macro.KEY' is deprecated. (please use KeyCode instead)
2022-05-09 14:41:48-warn: [Scene] 'macro.KEY.shift' is deprecated. (please use KeyCode.SHIFT_LEFT instead)
2022-05-09 14:41:48-info: [Scene] Forward render pipeline initialized.
2022-05-09 14:41:50-warn: [Scene] 'macro.KEY' is deprecated. (please use KeyCode instead)
2022-05-09 14:41:50-warn: [Scene] 'macro.KEY.shift' is deprecated. (please use KeyCode.SHIFT_LEFT instead)
2022-06-01T10:00:12.718Z - log: [Package] menu@1.0.0 enable
2022-06-01T10:00:12.722Z - log: [Package] profile@1.0.0 enable
2022-06-01T10:00:12.738Z - log: [Package] project@1.0.2 enable
2022-06-01T10:00:12.746Z - log: [Package] messages@1.0.0 enable
2022-06-01T10:00:12.751Z - log: [Package] program@1.0.0 enable
2022-06-01T10:00:12.758Z - log: [Package] tester@1.0.0 enable
2022-06-01T10:00:12.764Z - log: [Package] preferences@1.0.0 enable
2022-06-01T10:00:13.573Z - log: Setup mods mgr.: 328.976ms
2022-06-01T10:00:13.587Z - verbose: [Engine] QuickCompile engine (756ms)
2022-06-01T10:00:13.591Z - log: [Package] engine@1.0.6 enable
2022-06-01T10:00:14.460Z - log: [Package] programming@1.0.0 enable
2022-06-01T10:00:14.759Z - log: [Package] device@1.0.1 enable
2022-06-01T10:00:14.786Z - log: [Package] ui-kit@1.0.1 enable
2022-06-01T10:00:14.814Z - log: [Package] engine-extends@1.0.0 enable
2022-06-01T10:00:14.902Z - log: [Package] asset-db@1.0.0 enable
2022-06-01T10:00:14.964Z - log: [Package] scene@1.0.0 enable
2022-06-01T10:00:15.293Z - log: [Package] server@1.0.0 enable
2022-06-01T10:00:15.327Z - log: [Package] utils@1.0.0 enable
2022-06-01T10:00:19.694Z - log: [Package] preview@1.0.1 enable
2022-06-01T10:00:19.735Z - log: [Package] animator@1.0.0 enable
2022-06-01T10:00:19.862Z - log: 设置的 IP 地址不存在，将使用默认 IP
2022-06-01T10:00:20.772Z - log: [Package] builder@1.3.2 enable
2022-06-01T10:00:20.803Z - log: [Package] shortcuts@1.0.1 enable
2022-06-01T10:00:20.836Z - log: [Package] animation-graph@1.0.0 enable
2022-06-01T10:00:20.859Z - log: [Package] runtime-dev-tools@1.0.0 enable
2022-06-01T10:00:20.886Z - log: [Package] channel-upload-tools@1.0.0 enable
2022-06-01T10:00:20.921Z - log: [Package] about@1.0.0 enable
2022-06-01T10:00:20.958Z - log: [Package] assets@1.0.0 enable
2022-06-01T10:00:20.994Z - log: [Package] console@1.0.0 enable
2022-06-01T10:00:21.269Z - log: [Package] extension@3.0.16 enable
2022-06-01T10:00:21.304Z - log: [Package] hierarchy@1.0.0 enable
2022-06-01T10:00:21.344Z - log: [Package] inspector@1.0.0 enable
2022-06-01T10:00:21.385Z - log: [Package] lightmap@1.0.4 enable
2022-06-01T10:00:21.421Z - log: [Package] node-library@1.0.1 enable
2022-06-01T10:00:21.448Z - log: [Package] package-asset@1.0.0 enable
2022-06-01T10:00:21.484Z - log: [Package] process@1.0.0 enable
2022-06-01T10:00:21.520Z - log: [Package] reference-image@1.0.0 enable
2022-06-01T10:00:21.546Z - log: [Package] alipay-mini-game@1.0.0 enable
2022-06-01T10:00:21.572Z - log: [Package] android@1.0.0 enable
2022-06-01T10:00:21.598Z - log: [Package] baidu-mini-game@1.0.0 enable
2022-06-01T10:00:21.624Z - log: [Package] bytedance-mini-game@1.0.1 enable
2022-06-01T10:00:21.650Z - log: [Package] cocos-play@1.0.0 enable
2022-06-01T10:00:21.679Z - log: [Package] huawei-agc@1.0.0 enable
2022-06-01T10:00:21.708Z - log: [Package] huawei-quick-game@1.0.0 enable
2022-06-01T10:00:23.001Z - log: [Package] ios@1.0.0 enable
2022-06-01T10:00:23.029Z - log: [Package] ios-app-clip@1.0.0 enable
2022-06-01T10:00:23.051Z - log: [Package] link-sure@1.0.0 enable
2022-06-01T10:00:23.076Z - log: [Package] linux@1.0.0 enable
2022-06-01T10:00:23.103Z - log: [Package] mac@1.0.0 enable
2022-06-01T10:00:23.223Z - log: [Package] native@1.0.0 enable
2022-06-01T10:00:23.251Z - log: [Package] ohos@1.0.0 enable
2022-06-01T10:00:23.275Z - log: [Package] open-harmonyos@1.0.0 enable
2022-06-01T10:00:23.298Z - log: [Package] oppo-mini-game@1.0.0 enable
2022-06-01T10:00:23.326Z - log: [Package] qtt@1.0.0 enable
2022-06-01T10:00:23.353Z - log: [Package] vivo-mini-game@1.0.0 enable
2022-06-01T10:00:23.392Z - log: [Package] web-desktop@1.0.0 enable
2022-06-01T10:00:23.430Z - log: [Package] web-mobile@1.0.0 enable
2022-06-01T10:00:23.470Z - log: [Package] wechatgame@1.0.1 enable
2022-06-01T10:00:23.497Z - log: [Package] windows@1.0.0 enable
2022-06-01T10:00:23.527Z - log: [Package] xiaomi-quick-game@1.0.0 enable
2022-06-01T10:00:23.819Z - log: [Package] cocos-service@3.0.3 enable
2022-06-01T10:00:23.900Z - log: [Package] importer@1.0.0 enable
2022-06-01T10:00:24.636Z - log: [Im-plugin] Check im-plugin version.
2022-06-01T10:00:24.664Z - log: [Package] im-plugin@3.0.8 enable
2022-06-01T10:00:25.184Z - verbose: [AssetDB] Require engine code (2170ms)
2022-06-01T10:00:26.006Z - log: [Im-plugin] No online info of im-plugin.
2022-06-01T10:00:27.204Z - log: 设置的 IP 地址不存在，将使用默认 IP
2022-06-01T10:00:45.850Z - verbose: [Scene] Require engine code (1ms)
2022-06-01T10:00:45.852Z - verbose: [Scene] Startup engine (1ms)
2022-06-01T10:00:45.898Z - log: [Scene] Cocos Creator v3.5.1
2022-06-01T10:00:45.990Z - warn: [Scene] 'macro.KEY' is deprecated. (please use KeyCode instead)Error: [Scene] 'macro.KEY' is deprecated. (please use KeyCode instead)
    at warn (/Applications/CocosCreator/Creator/3.5.1/CocosCreator.app/Contents/Resources/resources/3d/engine/bin/.cache/dev/editor/bundled/index.js:139072:10)
    at markAsWarningLog (/Applications/CocosCreator/Creator/3.5.1/CocosCreator.app/Contents/Resources/resources/3d/engine/bin/.cache/dev/editor/bundled/index.js:164006:5)
    at Object.get (/Applications/CocosCreator/Creator/3.5.1/CocosCreator.app/Contents/Resources/resources/3d/engine/bin/.cache/dev/editor/bundled/index.js:164066:13)
    at Object.execute (file:///Users/mu/work/gitee/cocos-creator-how-to-use/proj/Particle/Creator3.5.1_3D_ParticleSize/temp/programming/packer-driver/targets/editor/chunks/e2/e262f8f77344d8ba30575dd0d142b886a363ec3f.js:48:22)
    at doExec (/Applications/CocosCreator/Creator/3.5.1/CocosCreator.app/Contents/Resources/app.asar/node_modules/@editor/lib-programming/static/executor/systemjs-bridge/out/index.js:487:32)
    at postOrderExec (/Applications/CocosCreator/Creator/3.5.1/CocosCreator.app/Contents/Resources/app.asar/node_modules/@editor/lib-programming/static/executor/systemjs-bridge/out/index.js:483:10)
    at /Applications/CocosCreator/Creator/3.5.1/CocosCreator.app/Contents/Resources/app.asar/node_modules/@editor/lib-programming/static/executor/systemjs-bridge/out/index.js:440:12
2022-06-01T10:00:45.991Z - warn: [Scene] 'macro.KEY.shift' is deprecated. (please use KeyCode.SHIFT_LEFT instead)Error: [Scene] 'macro.KEY.shift' is deprecated. (please use KeyCode.SHIFT_LEFT instead)
    at warn (/Applications/CocosCreator/Creator/3.5.1/CocosCreator.app/Contents/Resources/resources/3d/engine/bin/.cache/dev/editor/bundled/index.js:139072:10)
    at markAsWarningLog (/Applications/CocosCreator/Creator/3.5.1/CocosCreator.app/Contents/Resources/resources/3d/engine/bin/.cache/dev/editor/bundled/index.js:164006:5)
    at Object.get (/Applications/CocosCreator/Creator/3.5.1/CocosCreator.app/Contents/Resources/resources/3d/engine/bin/.cache/dev/editor/bundled/index.js:164066:13)
    at Object.execute (file:///Users/mu/work/gitee/cocos-creator-how-to-use/proj/Particle/Creator3.5.1_3D_ParticleSize/temp/programming/packer-driver/targets/editor/chunks/e2/e262f8f77344d8ba30575dd0d142b886a363ec3f.js:48:26)
    at doExec (/Applications/CocosCreator/Creator/3.5.1/CocosCreator.app/Contents/Resources/app.asar/node_modules/@editor/lib-programming/static/executor/systemjs-bridge/out/index.js:487:32)
    at postOrderExec (/Applications/CocosCreator/Creator/3.5.1/CocosCreator.app/Contents/Resources/app.asar/node_modules/@editor/lib-programming/static/executor/systemjs-bridge/out/index.js:483:10)
    at /Applications/CocosCreator/Creator/3.5.1/CocosCreator.app/Contents/Resources/app.asar/node_modules/@editor/lib-programming/static/executor/systemjs-bridge/out/index.js:440:12
2022-06-01T10:00:46.302Z - verbose: [Scene] Open engine (449ms)
2022-06-01T10:00:46.302Z - verbose: [Scene] Configure engine (0ms)
2022-06-01T10:00:46.004Z - info: [Scene] Forward render pipeline initialized.
2022-06-01T10:00:47.110Z - warn: [Scene] 'macro.KEY' is deprecated. (please use KeyCode instead)Error: [Scene] 'macro.KEY' is deprecated. (please use KeyCode instead)
    at warn (/Applications/CocosCreator/Creator/3.5.1/CocosCreator.app/Contents/Resources/resources/3d/engine/bin/.cache/dev/editor/bundled/index.js:139072:10)
    at markAsWarningLog (/Applications/CocosCreator/Creator/3.5.1/CocosCreator.app/Contents/Resources/resources/3d/engine/bin/.cache/dev/editor/bundled/index.js:164006:5)
    at Object.get (/Applications/CocosCreator/Creator/3.5.1/CocosCreator.app/Contents/Resources/resources/3d/engine/bin/.cache/dev/editor/bundled/index.js:164066:13)
    at Object.execute (file:///Users/mu/work/gitee/cocos-creator-how-to-use/proj/Particle/Creator3.5.1_3D_ParticleSize/temp/programming/packer-driver/targets/editor/chunks/e2/e262f8f77344d8ba30575dd0d142b886a363ec3f.js:48:22)
    at doExec (/Applications/CocosCreator/Creator/3.5.1/CocosCreator.app/Contents/Resources/app.asar/node_modules/@editor/lib-programming/static/executor/systemjs-bridge/out/index.js:487:32)
    at postOrderExec (/Applications/CocosCreator/Creator/3.5.1/CocosCreator.app/Contents/Resources/app.asar/node_modules/@editor/lib-programming/static/executor/systemjs-bridge/out/index.js:483:10)
    at /Applications/CocosCreator/Creator/3.5.1/CocosCreator.app/Contents/Resources/app.asar/node_modules/@editor/lib-programming/static/executor/systemjs-bridge/out/index.js:440:12
2022-06-01T10:00:47.111Z - warn: [Scene] 'macro.KEY.shift' is deprecated. (please use KeyCode.SHIFT_LEFT instead)Error: [Scene] 'macro.KEY.shift' is deprecated. (please use KeyCode.SHIFT_LEFT instead)
    at warn (/Applications/CocosCreator/Creator/3.5.1/CocosCreator.app/Contents/Resources/resources/3d/engine/bin/.cache/dev/editor/bundled/index.js:139072:10)
    at markAsWarningLog (/Applications/CocosCreator/Creator/3.5.1/CocosCreator.app/Contents/Resources/resources/3d/engine/bin/.cache/dev/editor/bundled/index.js:164006:5)
    at Object.get (/Applications/CocosCreator/Creator/3.5.1/CocosCreator.app/Contents/Resources/resources/3d/engine/bin/.cache/dev/editor/bundled/index.js:164066:13)
    at Object.execute (file:///Users/mu/work/gitee/cocos-creator-how-to-use/proj/Particle/Creator3.5.1_3D_ParticleSize/temp/programming/packer-driver/targets/editor/chunks/e2/e262f8f77344d8ba30575dd0d142b886a363ec3f.js:48:26)
    at doExec (/Applications/CocosCreator/Creator/3.5.1/CocosCreator.app/Contents/Resources/app.asar/node_modules/@editor/lib-programming/static/executor/systemjs-bridge/out/index.js:487:32)
    at postOrderExec (/Applications/CocosCreator/Creator/3.5.1/CocosCreator.app/Contents/Resources/app.asar/node_modules/@editor/lib-programming/static/executor/systemjs-bridge/out/index.js:483:10)
    at /Applications/CocosCreator/Creator/3.5.1/CocosCreator.app/Contents/Resources/app.asar/node_modules/@editor/lib-programming/static/executor/systemjs-bridge/out/index.js:440:12
2022-06-01T10:01:01.497Z - warn: Metrics: no valid info
