2022-06-01T02:45:59.641Z - log: [Package] menu@1.0.0 enable
2022-06-01T02:45:59.645Z - log: [Package] profile@1.0.0 enable
2022-06-01T02:45:59.661Z - log: [Package] project@1.0.2 enable
2022-06-01T02:45:59.668Z - log: [Package] messages@1.0.0 enable
2022-06-01T02:45:59.673Z - log: [Package] program@1.0.0 enable
2022-06-01T02:45:59.680Z - log: [Package] tester@1.0.0 enable
2022-06-01T02:45:59.686Z - log: [Package] preferences@1.0.0 enable
2022-06-01T02:46:00.466Z - log: Setup mods mgr.: 339.282ms
2022-06-01T02:46:00.477Z - verbose: [Engine] QuickCompile engine (719ms)
2022-06-01T02:46:00.480Z - log: [Package] engine@1.0.6 enable
2022-06-01T02:46:01.348Z - log: [Package] programming@1.0.0 enable
2022-06-01T02:46:01.663Z - log: [Package] device@1.0.1 enable
2022-06-01T02:46:01.693Z - log: [Package] ui-kit@1.0.1 enable
2022-06-01T02:46:01.715Z - log: [Package] engine-extends@1.0.0 enable
2022-06-01T02:46:01.786Z - log: [Package] asset-db@1.0.0 enable
2022-06-01T02:46:01.843Z - log: [Package] scene@1.0.0 enable
2022-06-01T02:46:02.099Z - log: [Package] server@1.0.0 enable
2022-06-01T02:46:02.181Z - log: [Package] utils@1.0.0 enable
2022-06-01T02:46:07.168Z - log: [Package] preview@1.0.1 enable
2022-06-01T02:46:07.201Z - log: [Package] animator@1.0.0 enable
2022-06-01T02:46:07.415Z - log: 设置的 IP 地址不存在，将使用默认 IP
2022-06-01T02:46:08.432Z - log: [Package] builder@1.3.2 enable
2022-06-01T02:46:08.467Z - log: [Package] shortcuts@1.0.1 enable
2022-06-01T02:46:08.499Z - log: [Package] animation-graph@1.0.0 enable
2022-06-01T02:46:08.526Z - log: [Package] runtime-dev-tools@1.0.0 enable
2022-06-01T02:46:08.550Z - log: [Package] channel-upload-tools@1.0.0 enable
2022-06-01T02:46:08.584Z - log: [Package] about@1.0.0 enable
2022-06-01T02:46:08.626Z - log: [Package] assets@1.0.0 enable
2022-06-01T02:46:08.663Z - log: [Package] console@1.0.0 enable
2022-06-01T02:46:09.034Z - log: [Package] extension@3.0.16 enable
2022-06-01T02:46:09.101Z - log: [Package] hierarchy@1.0.0 enable
2022-06-01T02:46:09.153Z - log: [Package] inspector@1.0.0 enable
2022-06-01T02:46:09.280Z - log: [Package] lightmap@1.0.4 enable
2022-06-01T02:46:09.434Z - log: [Package] node-library@1.0.1 enable
2022-06-01T02:46:09.476Z - log: [Package] package-asset@1.0.0 enable
2022-06-01T02:46:09.521Z - log: [Package] process@1.0.0 enable
2022-06-01T02:46:09.556Z - log: [Package] reference-image@1.0.0 enable
2022-06-01T02:46:09.582Z - log: [Package] alipay-mini-game@1.0.0 enable
2022-06-01T02:46:09.610Z - log: [Package] android@1.0.0 enable
2022-06-01T02:46:09.637Z - log: [Package] baidu-mini-game@1.0.0 enable
2022-06-01T02:46:09.665Z - log: [Package] bytedance-mini-game@1.0.1 enable
2022-06-01T02:46:09.699Z - log: [Package] cocos-play@1.0.0 enable
2022-06-01T02:46:09.737Z - log: [Package] huawei-agc@1.0.0 enable
2022-06-01T02:46:09.775Z - log: [Package] huawei-quick-game@1.0.0 enable
2022-06-01T02:46:11.062Z - log: [Package] ios@1.0.0 enable
2022-06-01T02:46:11.091Z - log: [Package] ios-app-clip@1.0.0 enable
2022-06-01T02:46:11.113Z - log: [Package] link-sure@1.0.0 enable
2022-06-01T02:46:11.139Z - log: [Package] linux@1.0.0 enable
2022-06-01T02:46:11.164Z - log: [Package] mac@1.0.0 enable
2022-06-01T02:46:11.321Z - log: [Package] native@1.0.0 enable
2022-06-01T02:46:11.355Z - log: [Package] ohos@1.0.0 enable
2022-06-01T02:46:11.383Z - log: [Package] open-harmonyos@1.0.0 enable
2022-06-01T02:46:11.397Z - verbose: [AssetDB] Require engine code (3159ms)
2022-06-01T02:46:11.408Z - log: [Package] oppo-mini-game@1.0.0 enable
2022-06-01T02:46:11.434Z - log: [Package] qtt@1.0.0 enable
2022-06-01T02:46:11.465Z - log: [Package] vivo-mini-game@1.0.0 enable
2022-06-01T02:46:11.507Z - log: [Package] web-desktop@1.0.0 enable
2022-06-01T02:46:11.549Z - log: [Package] web-mobile@1.0.0 enable
2022-06-01T02:46:11.596Z - log: [Package] wechatgame@1.0.1 enable
2022-06-01T02:46:11.624Z - log: [Package] windows@1.0.0 enable
2022-06-01T02:46:11.654Z - log: [Package] xiaomi-quick-game@1.0.0 enable
2022-06-01T02:46:11.987Z - log: [Package] cocos-service@3.0.3 enable
2022-06-01T02:46:12.037Z - log: [Package] importer@1.0.0 enable
2022-06-01T02:46:12.563Z - log: [Im-plugin] Check im-plugin version.
2022-06-01T02:46:12.582Z - log: [Package] im-plugin@3.0.8 enable
2022-06-01T02:46:13.419Z - log: [Im-plugin] No online info of im-plugin.
2022-06-01T02:46:13.975Z - log: 设置的 IP 地址不存在，将使用默认 IP
2022-06-01T02:46:26.704Z - verbose: [Scene] Require engine code (1ms)
2022-06-01T02:46:26.712Z - verbose: [Scene] Startup engine (4ms)
2022-06-01T02:46:26.765Z - log: [Scene] Cocos Creator v3.5.0
2022-06-01T02:46:27.128Z - verbose: [Scene] Open engine (417ms)
2022-06-01T02:46:27.128Z - verbose: [Scene] Configure engine (0ms)
2022-06-01T02:46:26.873Z - info: [Scene] Forward render pipeline initialized.
2022-06-01T02:49:28.296Z - warn: Metrics: no valid info
