2022-05-09 15:11:26-log: [Package] menu@1.0.0 enable
2022-05-09 15:11:26-log: [Package] profile@1.0.0 enable
2022-05-09 15:11:26-log: [Package] project@1.0.1 enable
2022-05-09 15:11:26-log: [Package] messages@1.0.0 enable
2022-05-09 15:11:26-log: [Package] program@1.0.0 enable
2022-05-09 15:11:26-log: [Package] device@1.0.1 enable
2022-05-09 15:11:26-log: [Package] ui-kit@1.0.1 enable
2022-05-09 15:11:26-log: [Package] tester@1.0.0 enable
2022-05-09 15:11:26-log: [Package] preferences@1.0.0 enable
2022-05-09 15:11:27-log: Setup mods mgr.: 326.716ms
2022-05-09 15:11:27-log: Profile changed: engine (modules.includeModules: 2d,3d,audio,base,dragon-bones,gfx-webgl,gfx-webgl2,intersection-2d,marionette,particle,particle-2d,physics-2d-box2d,physics-ammo,primitive,profiler,spine,terrain,tiled-map,tween,ui,video,webview)
2022-05-09 15:11:27-log: [Package] engine@1.0.5 enable
2022-05-09 15:11:30-log: [Package] programming@1.0.0 enable
2022-05-09 15:11:30-log: [Package] Profile Migrate: builder@Cocos Creator...
2022-05-09 15:11:30-log: [Package] Profile Migrate: builder@Cocos Creator...
2022-05-09 15:11:31-log: [Package] engine-extends@1.0.0 enable
2022-05-09 15:11:31-log: [Package] asset-db@1.0.0 enable
2022-05-09 15:11:31-log: [Package] console@1.0.0 enable
2022-05-09 15:11:31-log: [Package] scene@1.0.0 enable
2022-05-09 15:11:31-log: [Package] about@1.0.0 enable
2022-05-09 15:11:31-log: [Package] server@1.0.0 enable
2022-05-09 15:11:31-log: [Package] utils@1.0.0 enable
2022-05-09 15:11:31-log: [Package] hierarchy@1.0.0 enable
2022-05-09 15:11:33-log: [Package] preview@1.0.1 enable
2022-05-09 15:11:33-log: [Package] animator@1.0.0 enable
2022-05-09 15:11:34-log: 设置的 IP 地址不存在，将使用默认 IP
2022-05-09 15:11:35-log: Profile changed: builder (log.level: 4)
2022-05-09 15:11:35-log: [Package] builder@1.3.1 enable
2022-05-09 15:11:35-log: [Package] node-library@1.0.0 enable
2022-05-09 15:11:35-log: [Package] shortcuts@1.0.1 enable
2022-05-09 15:11:35-log: [Package] package-asset@1.0.0 enable
2022-05-09 15:11:35-log: [Package] reference-image@1.0.0 enable
2022-05-09 15:11:35-log: [Package] animation-graph@1.0.0 enable
2022-05-09 15:11:35-log: [Package] channel-upload-tools@1.0.0 enable
2022-05-09 15:11:35-log: [Package] runtime-dev-tools@1.0.0 enable
2022-05-09 15:11:36-log: [Package] lightmap@1.0.4 enable
2022-05-09 15:11:36-log: [Package] alipay-mini-game@1.0.0 enable
2022-05-09 15:11:36-log: [Package] android@1.0.0 enable
2022-05-09 15:11:36-log: [Package] baidu-mini-game@1.0.0 enable
2022-05-09 15:11:36-log: [Package] bytedance-mini-game@1.0.1 enable
2022-05-09 15:11:36-log: [Package] huawei-agc@1.0.0 enable
2022-05-09 15:11:37-log: [Package] ios@1.0.0 enable
2022-05-09 15:11:37-log: [Package] ios-app-clip@1.0.0 enable
2022-05-09 15:11:37-log: [Package] mac@1.0.0 enable
2022-05-09 15:11:38-log: [Package] native@1.0.0 enable
2022-05-09 15:11:38-log: [Package] ohos@1.0.0 enable
2022-05-09 15:11:38-log: [Package] web-desktop@1.0.0 enable
2022-05-09 15:11:38-log: [Package] web-mobile@1.0.0 enable
2022-05-09 15:11:38-log: [Package] wechatgame@1.0.1 enable
2022-05-09 15:11:38-log: [Package] windows@1.0.0 enable
2022-05-09 15:11:38-log: [Package] xiaomi-quick-game@1.0.0 enable
2022-05-09 15:11:38-log: [Package] cocos-play@1.0.0 enable
2022-05-09 15:11:38-log: [Package] huawei-quick-game@1.0.0 enable
2022-05-09 15:11:38-log: [Package] link-sure@1.0.0 enable
2022-05-09 15:11:38-log: [Package] oppo-mini-game@1.0.0 enable
2022-05-09 15:11:38-log: [Package] qtt@1.0.0 enable
2022-05-09 15:11:38-log: [Package] vivo-mini-game@1.0.0 enable
2022-05-09 15:11:39-log: [Package] cocos-service@3.0.2 enable
2022-05-09 15:11:39-log: [Package] importer@1.0.0 enable
2022-05-09 15:11:39-log: [Package] extension@3.0.15 enable
2022-05-09 15:11:40-log: [Im-plugin] Check im-plugin version.
2022-05-09 15:11:40-log: [Package] im-plugin@3.0.8 enable
2022-05-09 15:11:40-log: 设置的 IP 地址不存在，将使用默认 IP
2022-05-09 15:11:42-log: [Im-plugin] No online info of im-plugin.
2022-05-09 15:11:48-warn: Browserslist: caniuse-lite is outdated. Please run:
npx browserslist@latest --update-db

Why you should do it regularly:
https://github.com/browserslist/browserslist#browsers-data-updating
2022-05-09 15:11:49-log: [Scene] Cocos Creator v3.4.2
2022-05-09 15:11:49-info: [Scene] Forward render pipeline initialized.
2022-05-31T07:04:54.819Z - log: [Package] menu@1.0.0 enable
2022-05-31T07:04:54.822Z - log: [Package] profile@1.0.0 enable
2022-05-31T07:04:54.834Z - log: [Package] project@1.0.2 enable
2022-05-31T07:04:54.840Z - log: [Package] messages@1.0.0 enable
2022-05-31T07:04:54.844Z - log: [Package] program@1.0.0 enable
2022-05-31T07:04:54.849Z - log: [Package] tester@1.0.0 enable
2022-05-31T07:04:54.854Z - log: [Package] preferences@1.0.0 enable
2022-05-31T07:04:55.788Z - log: Setup mods mgr.: 445.755ms
2022-05-31T07:04:55.808Z - verbose: [Engine] QuickCompile engine (855ms)
2022-05-31T07:04:55.811Z - log: [Package] engine@1.0.6 enable
2022-05-31T07:04:56.855Z - log: [Package] programming@1.0.0 enable
2022-05-31T07:04:57.192Z - log: [Package] device@1.0.1 enable
2022-05-31T07:04:57.224Z - log: [Package] ui-kit@1.0.1 enable
2022-05-31T07:04:57.248Z - log: [Package] engine-extends@1.0.0 enable
2022-05-31T07:04:57.320Z - log: [Package] asset-db@1.0.0 enable
2022-05-31T07:04:57.392Z - log: [Package] scene@1.0.0 enable
2022-05-31T07:04:57.652Z - log: [Package] server@1.0.0 enable
2022-05-31T07:04:57.696Z - log: [Package] utils@1.0.0 enable
2022-05-31T07:05:02.552Z - log: [Package] preview@1.0.1 enable
2022-05-31T07:05:02.586Z - log: [Package] animator@1.0.0 enable
2022-05-31T07:05:02.879Z - log: 设置的 IP 地址不存在，将使用默认 IP
2022-05-31T07:05:05.919Z - log: [Package] builder@1.3.2 enable
2022-05-31T07:05:05.953Z - log: [Package] shortcuts@1.0.1 enable
2022-05-31T07:05:05.986Z - log: [Package] animation-graph@1.0.0 enable
2022-05-31T07:05:06.010Z - log: [Package] runtime-dev-tools@1.0.0 enable
2022-05-31T07:05:06.035Z - log: [Package] channel-upload-tools@1.0.0 enable
2022-05-31T07:05:06.068Z - log: [Package] about@1.0.0 enable
2022-05-31T07:05:06.110Z - log: [Package] assets@1.0.0 enable
2022-05-31T07:05:06.152Z - log: [Package] console@1.0.0 enable
2022-05-31T07:05:06.526Z - log: [Package] extension@3.0.16 enable
2022-05-31T07:05:06.645Z - log: [Package] hierarchy@1.0.0 enable
2022-05-31T07:05:06.721Z - log: [Package] inspector@1.0.0 enable
2022-05-31T07:05:06.765Z - log: [Package] lightmap@1.0.4 enable
2022-05-31T07:05:06.828Z - log: [Package] node-library@1.0.1 enable
2022-05-31T07:05:06.862Z - log: [Package] package-asset@1.0.0 enable
2022-05-31T07:05:06.934Z - log: [Package] process@1.0.0 enable
2022-05-31T07:05:07.024Z - log: [Package] reference-image@1.0.0 enable
2022-05-31T07:05:07.047Z - log: [Package] alipay-mini-game@1.0.0 enable
2022-05-31T07:05:07.088Z - log: [Package] android@1.0.0 enable
2022-05-31T07:05:07.122Z - log: [Package] baidu-mini-game@1.0.0 enable
2022-05-31T07:05:07.149Z - log: [Package] bytedance-mini-game@1.0.1 enable
2022-05-31T07:05:07.178Z - log: [Package] cocos-play@1.0.0 enable
2022-05-31T07:05:07.209Z - log: [Package] huawei-agc@1.0.0 enable
2022-05-31T07:05:07.235Z - log: [Package] huawei-quick-game@1.0.0 enable
2022-05-31T07:05:08.797Z - log: [Package] ios@1.0.0 enable
2022-05-31T07:05:08.825Z - log: [Package] ios-app-clip@1.0.0 enable
2022-05-31T07:05:08.851Z - log: [Package] link-sure@1.0.0 enable
2022-05-31T07:05:08.883Z - log: [Package] linux@1.0.0 enable
2022-05-31T07:05:08.942Z - log: [Package] mac@1.0.0 enable
2022-05-31T07:05:09.305Z - log: [Package] native@1.0.0 enable
2022-05-31T07:05:09.309Z - verbose: [AssetDB] Require engine code (4204ms)
2022-05-31T07:05:09.337Z - log: [Package] ohos@1.0.0 enable
2022-05-31T07:05:09.376Z - log: [Package] open-harmonyos@1.0.0 enable
2022-05-31T07:05:09.408Z - log: [Package] oppo-mini-game@1.0.0 enable
2022-05-31T07:05:09.449Z - log: [Package] qtt@1.0.0 enable
2022-05-31T07:05:09.488Z - log: [Package] vivo-mini-game@1.0.0 enable
2022-05-31T07:05:09.628Z - log: [Package] web-desktop@1.0.0 enable
2022-05-31T07:05:09.701Z - log: [Package] web-mobile@1.0.0 enable
2022-05-31T07:05:09.805Z - log: [Package] wechatgame@1.0.1 enable
2022-05-31T07:05:09.850Z - log: [Package] windows@1.0.0 enable
2022-05-31T07:05:09.888Z - log: [Package] xiaomi-quick-game@1.0.0 enable
2022-05-31T07:05:10.604Z - log: [Package] cocos-service@3.0.3 enable
2022-05-31T07:05:10.696Z - log: [Package] importer@1.0.0 enable
2022-05-31T07:05:11.314Z - log: [Im-plugin] Check im-plugin version.
2022-05-31T07:05:11.336Z - log: [Package] im-plugin@3.0.8 enable
2022-05-31T07:05:12.176Z - log: [Im-plugin] No online info of im-plugin.
2022-05-31T07:05:13.276Z - log: 设置的 IP 地址不存在，将使用默认 IP
2022-05-31T07:05:29.583Z - verbose: [Scene] Require engine code (1ms)
2022-05-31T07:05:29.587Z - verbose: [Scene] Startup engine (1ms)
2022-05-31T07:05:29.638Z - log: [Scene] Cocos Creator v3.5.0
2022-05-31T07:05:30.051Z - verbose: [Scene] Open engine (466ms)
2022-05-31T07:05:30.052Z - verbose: [Scene] Configure engine (0ms)
2022-05-31T07:05:29.751Z - info: [Scene] Forward render pipeline initialized.
2022-05-31T07:06:09.054Z - warn: Metrics: no valid info
