2022-05-09 15:20:53-log: [Package] menu@1.0.0 enable
2022-05-09 15:20:53-log: [Package] profile@1.0.0 enable
2022-05-09 15:20:53-log: [Package] project@1.0.1 enable
2022-05-09 15:20:53-log: [Package] messages@1.0.0 enable
2022-05-09 15:20:53-log: [Package] program@1.0.0 enable
2022-05-09 15:20:53-log: [Package] device@1.0.1 enable
2022-05-09 15:20:53-log: [Package] ui-kit@1.0.1 enable
2022-05-09 15:20:53-log: [Package] tester@1.0.0 enable
2022-05-09 15:20:54-log: [Package] preferences@1.0.0 enable
2022-05-09 15:20:54-log: Setup mods mgr.: 326.353ms
2022-05-09 15:20:54-log: Profile changed: engine (modules.includeModules: 2d,3d,audio,base,dragon-bones,gfx-webgl,gfx-webgl2,intersection-2d,marionette,particle,particle-2d,physics-2d-box2d,physics-ammo,primitive,profiler,spine,terrain,tiled-map,tween,ui,video,webview)
2022-05-09 15:20:54-log: [Package] engine@1.0.5 enable
2022-05-09 15:20:57-log: [Package] programming@1.0.0 enable
2022-05-09 15:20:57-log: [Package] Profile Migrate: builder@Cocos Creator...
2022-05-09 15:20:57-log: [Package] Profile Migrate: builder@Cocos Creator...
2022-05-09 15:20:57-log: [Package] engine-extends@1.0.0 enable
2022-05-09 15:20:58-log: [Package] asset-db@1.0.0 enable
2022-05-09 15:20:58-log: [Package] console@1.0.0 enable
2022-05-09 15:20:58-log: [Package] scene@1.0.0 enable
2022-05-09 15:20:58-log: [Package] about@1.0.0 enable
2022-05-09 15:20:58-log: [Package] server@1.0.0 enable
2022-05-09 15:20:58-log: [Package] inspector@1.0.0 enable
2022-05-09 15:20:58-log: [Package] hierarchy@1.0.0 enable
2022-05-09 15:21:00-log: [Package] preview@1.0.1 enable
2022-05-09 15:21:01-log: [Package] animator@1.0.0 enable
2022-05-09 15:21:01-log: 设置的 IP 地址不存在，将使用默认 IP
2022-05-09 15:21:02-log: Profile changed: builder (log.level: 4)
2022-05-09 15:21:02-log: [Package] builder@1.3.1 enable
2022-05-09 15:21:02-log: [Package] node-library@1.0.0 enable
2022-05-09 15:21:02-log: [Package] shortcuts@1.0.1 enable
2022-05-09 15:21:02-log: [Package] package-asset@1.0.0 enable
2022-05-09 15:21:02-log: [Package] reference-image@1.0.0 enable
2022-05-09 15:21:02-log: [Package] animation-graph@1.0.0 enable
2022-05-09 15:21:02-log: [Package] channel-upload-tools@1.0.0 enable
2022-05-09 15:21:03-log: [Package] runtime-dev-tools@1.0.0 enable
2022-05-09 15:21:03-log: [Package] lightmap@1.0.4 enable
2022-05-09 15:21:03-log: [Package] alipay-mini-game@1.0.0 enable
2022-05-09 15:21:03-log: [Package] android@1.0.0 enable
2022-05-09 15:21:03-log: [Package] baidu-mini-game@1.0.0 enable
2022-05-09 15:21:03-log: [Package] bytedance-mini-game@1.0.1 enable
2022-05-09 15:21:03-log: [Package] huawei-agc@1.0.0 enable
2022-05-09 15:21:04-log: [Package] ios@1.0.0 enable
2022-05-09 15:21:04-log: [Package] ios-app-clip@1.0.0 enable
2022-05-09 15:21:04-log: [Package] mac@1.0.0 enable
2022-05-09 15:21:05-log: [Package] native@1.0.0 enable
2022-05-09 15:21:05-log: [Package] ohos@1.0.0 enable
2022-05-09 15:21:05-log: [Package] web-desktop@1.0.0 enable
2022-05-09 15:21:05-log: [Package] web-mobile@1.0.0 enable
2022-05-09 15:21:05-log: [Package] wechatgame@1.0.1 enable
2022-05-09 15:21:05-log: [Package] windows@1.0.0 enable
2022-05-09 15:21:05-log: [Package] xiaomi-quick-game@1.0.0 enable
2022-05-09 15:21:05-log: [Package] cocos-play@1.0.0 enable
2022-05-09 15:21:05-log: [Package] huawei-quick-game@1.0.0 enable
2022-05-09 15:21:05-log: [Package] link-sure@1.0.0 enable
2022-05-09 15:21:05-log: [Package] oppo-mini-game@1.0.0 enable
2022-05-09 15:21:05-log: [Package] qtt@1.0.0 enable
2022-05-09 15:21:05-log: [Package] vivo-mini-game@1.0.0 enable
2022-05-09 15:21:06-log: [Package] cocos-service@3.0.2 enable
2022-05-09 15:21:06-log: [Package] importer@1.0.0 enable
2022-05-09 15:21:07-log: [Package] extension@3.0.15 enable
2022-05-09 15:21:07-log: [Im-plugin] Check im-plugin version.
2022-05-09 15:21:07-log: [Package] im-plugin@3.0.8 enable
2022-05-09 15:21:07-log: 设置的 IP 地址不存在，将使用默认 IP
2022-05-09 15:21:09-log: [Im-plugin] No online info of im-plugin.
2022-05-09 15:21:15-warn: Browserslist: caniuse-lite is outdated. Please run:
npx browserslist@latest --update-db

Why you should do it regularly:
https://github.com/browserslist/browserslist#browsers-data-updating
2022-05-09 15:21:16-log: [Scene] Cocos Creator v3.4.2
2022-05-09 15:21:17-warn: [Scene] 'macro.KEY' is deprecated. (please use KeyCode instead)
2022-05-09 15:21:17-warn: [Scene] 'macro.KEY' is deprecated. (please use KeyCode instead)
2022-05-09 15:21:17-warn: [Scene] 'macro.KEY' is deprecated. (please use KeyCode instead)
2022-05-09 15:21:17-warn: [Scene] 'macro.KEY' is deprecated. (please use KeyCode instead)
2022-05-09 15:21:17-warn: [Scene] 'macro.KEY' is deprecated. (please use KeyCode instead)
2022-05-09 15:21:17-warn: [Scene] 'macro.KEY.shift' is deprecated. (please use KeyCode.SHIFT_LEFT instead)
2022-05-09 15:21:17-info: [Scene] Forward render pipeline initialized.
2022-05-09 15:21:18-warn: [Scene] 'macro.KEY' is deprecated. (please use KeyCode instead)
2022-05-09 15:21:18-warn: [Scene] 'macro.KEY' is deprecated. (please use KeyCode instead)
2022-05-09 15:21:18-warn: [Scene] 'macro.KEY' is deprecated. (please use KeyCode instead)
2022-05-09 15:21:18-warn: [Scene] 'macro.KEY' is deprecated. (please use KeyCode instead)
2022-05-09 15:21:18-warn: [Scene] 'macro.KEY' is deprecated. (please use KeyCode instead)
2022-05-09 15:21:18-warn: [Scene] 'macro.KEY.shift' is deprecated. (please use KeyCode.SHIFT_LEFT instead)
2022-05-31T06:38:52.550Z - log: [Package] menu@1.0.0 enable
2022-05-31T06:38:52.553Z - log: [Package] profile@1.0.0 enable
2022-05-31T06:38:52.565Z - log: [Package] project@1.0.2 enable
2022-05-31T06:38:52.572Z - log: [Package] messages@1.0.0 enable
2022-05-31T06:38:52.576Z - log: [Package] program@1.0.0 enable
2022-05-31T06:38:52.582Z - log: [Package] tester@1.0.0 enable
2022-05-31T06:38:52.590Z - log: [Package] preferences@1.0.0 enable
2022-05-31T06:38:53.362Z - log: Setup mods mgr.: 347.524ms
2022-05-31T06:38:53.379Z - verbose: [Engine] QuickCompile engine (730ms)
2022-05-31T06:38:53.383Z - log: [Package] engine@1.0.6 enable
2022-05-31T06:38:54.245Z - log: [Package] programming@1.0.0 enable
2022-05-31T06:38:54.554Z - log: [Package] device@1.0.1 enable
2022-05-31T06:38:54.583Z - log: [Package] ui-kit@1.0.1 enable
2022-05-31T06:38:54.616Z - log: [Package] engine-extends@1.0.0 enable
2022-05-31T06:38:54.685Z - log: [Package] asset-db@1.0.0 enable
2022-05-31T06:38:54.736Z - log: [Package] scene@1.0.0 enable
2022-05-31T06:38:54.984Z - log: [Package] server@1.0.0 enable
2022-05-31T06:38:55.021Z - log: [Package] utils@1.0.0 enable
2022-05-31T06:38:59.777Z - log: [Package] preview@1.0.1 enable
2022-05-31T06:38:59.818Z - log: [Package] animator@1.0.0 enable
2022-05-31T06:38:59.997Z - log: 设置的 IP 地址不存在，将使用默认 IP
2022-05-31T06:39:01.092Z - log: [Package] builder@1.3.2 enable
2022-05-31T06:39:01.129Z - log: [Package] shortcuts@1.0.1 enable
2022-05-31T06:39:01.162Z - log: [Package] animation-graph@1.0.0 enable
2022-05-31T06:39:01.184Z - log: [Package] runtime-dev-tools@1.0.0 enable
2022-05-31T06:39:01.208Z - log: [Package] channel-upload-tools@1.0.0 enable
2022-05-31T06:39:01.242Z - log: [Package] about@1.0.0 enable
2022-05-31T06:39:01.277Z - log: [Package] assets@1.0.0 enable
2022-05-31T06:39:01.314Z - log: [Package] console@1.0.0 enable
2022-05-31T06:39:01.659Z - log: [Package] extension@3.0.16 enable
2022-05-31T06:39:01.704Z - log: [Package] hierarchy@1.0.0 enable
2022-05-31T06:39:01.760Z - log: [Package] inspector@1.0.0 enable
2022-05-31T06:39:01.793Z - log: [Package] lightmap@1.0.4 enable
2022-05-31T06:39:01.851Z - log: [Package] node-library@1.0.1 enable
2022-05-31T06:39:01.876Z - log: [Package] package-asset@1.0.0 enable
2022-05-31T06:39:01.917Z - log: [Package] process@1.0.0 enable
2022-05-31T06:39:01.957Z - log: [Package] reference-image@1.0.0 enable
2022-05-31T06:39:01.982Z - log: [Package] alipay-mini-game@1.0.0 enable
2022-05-31T06:39:02.008Z - log: [Package] android@1.0.0 enable
2022-05-31T06:39:02.046Z - log: [Package] baidu-mini-game@1.0.0 enable
2022-05-31T06:39:02.073Z - log: [Package] bytedance-mini-game@1.0.1 enable
2022-05-31T06:39:02.106Z - log: [Package] cocos-play@1.0.0 enable
2022-05-31T06:39:02.137Z - log: [Package] huawei-agc@1.0.0 enable
2022-05-31T06:39:02.186Z - log: [Package] huawei-quick-game@1.0.0 enable
2022-05-31T06:39:03.670Z - log: [Package] ios@1.0.0 enable
2022-05-31T06:39:03.695Z - log: [Package] ios-app-clip@1.0.0 enable
2022-05-31T06:39:03.718Z - log: [Package] link-sure@1.0.0 enable
2022-05-31T06:39:03.783Z - log: [Package] linux@1.0.0 enable
2022-05-31T06:39:03.825Z - log: [Package] mac@1.0.0 enable
2022-05-31T06:39:04.022Z - log: [Package] native@1.0.0 enable
2022-05-31T06:39:04.026Z - verbose: [AssetDB] Require engine code (2982ms)
2022-05-31T06:39:04.047Z - log: [Package] ohos@1.0.0 enable
2022-05-31T06:39:04.075Z - log: [Package] open-harmonyos@1.0.0 enable
2022-05-31T06:39:04.106Z - log: [Package] oppo-mini-game@1.0.0 enable
2022-05-31T06:39:04.133Z - log: [Package] qtt@1.0.0 enable
2022-05-31T06:39:04.165Z - log: [Package] vivo-mini-game@1.0.0 enable
2022-05-31T06:39:04.213Z - log: [Package] web-desktop@1.0.0 enable
2022-05-31T06:39:04.260Z - log: [Package] web-mobile@1.0.0 enable
2022-05-31T06:39:04.298Z - log: [Package] wechatgame@1.0.1 enable
2022-05-31T06:39:04.321Z - log: [Package] windows@1.0.0 enable
2022-05-31T06:39:04.344Z - log: [Package] xiaomi-quick-game@1.0.0 enable
2022-05-31T06:39:05.037Z - log: [Package] cocos-service@3.0.3 enable
2022-05-31T06:39:05.089Z - log: [Package] importer@1.0.0 enable
2022-05-31T06:39:05.542Z - log: [Im-plugin] Check im-plugin version.
2022-05-31T06:39:05.562Z - log: [Package] im-plugin@3.0.8 enable
2022-05-31T06:39:06.294Z - log: [Im-plugin] No online info of im-plugin.
2022-05-31T06:39:07.305Z - log: 设置的 IP 地址不存在，将使用默认 IP
2022-05-31T06:39:19.089Z - verbose: [Scene] Require engine code (1ms)
2022-05-31T06:39:19.090Z - verbose: [Scene] Startup engine (0ms)
2022-05-31T06:39:19.129Z - log: [Scene] Cocos Creator v3.5.0
2022-05-31T06:39:19.227Z - warn: [Scene] 'macro.KEY' is deprecated. (please use KeyCode instead)Error: [Scene] 'macro.KEY' is deprecated. (please use KeyCode instead)
    at warn (/Applications/CocosCreator/Creator/3.5.0/CocosCreator.app/Contents/Resources/resources/3d/engine/bin/.cache/dev/editor/bundled/index.js:131533:10)
    at markAsWarningLog (/Applications/CocosCreator/Creator/3.5.0/CocosCreator.app/Contents/Resources/resources/3d/engine/bin/.cache/dev/editor/bundled/index.js:145566:5)
    at Object.get (/Applications/CocosCreator/Creator/3.5.0/CocosCreator.app/Contents/Resources/resources/3d/engine/bin/.cache/dev/editor/bundled/index.js:145626:13)
    at file:///Users/mu/work/gitee/cocos-creator-how-to-use/proj/Physics/Creator3.5.0_3D_PhysicsPlaneCollider/temp/programming/packer-driver/targets/editor/chunks/89/893eed0e4ed3737c994296aab5b790d43dabe3cf.js:56:32
    at Object.execute (file:///Users/mu/work/gitee/cocos-creator-how-to-use/proj/Physics/Creator3.5.0_3D_PhysicsPlaneCollider/temp/programming/packer-driver/targets/editor/chunks/89/893eed0e4ed3737c994296aab5b790d43dabe3cf.js:59:9)
    at doExec (/Applications/CocosCreator/Creator/3.5.0/CocosCreator.app/Contents/Resources/app.asar/node_modules/@editor/lib-programming/static/executor/systemjs-bridge/out/index.js:487:32)
    at postOrderExec (/Applications/CocosCreator/Creator/3.5.0/CocosCreator.app/Contents/Resources/app.asar/node_modules/@editor/lib-programming/static/executor/systemjs-bridge/out/index.js:483:10)
2022-05-31T06:39:19.228Z - warn: [Scene] 'macro.KEY' is deprecated. (please use KeyCode instead)Error: [Scene] 'macro.KEY' is deprecated. (please use KeyCode instead)
    at warn (/Applications/CocosCreator/Creator/3.5.0/CocosCreator.app/Contents/Resources/resources/3d/engine/bin/.cache/dev/editor/bundled/index.js:131533:10)
    at markAsWarningLog (/Applications/CocosCreator/Creator/3.5.0/CocosCreator.app/Contents/Resources/resources/3d/engine/bin/.cache/dev/editor/bundled/index.js:145566:5)
    at Object.get (/Applications/CocosCreator/Creator/3.5.0/CocosCreator.app/Contents/Resources/resources/3d/engine/bin/.cache/dev/editor/bundled/index.js:145626:13)
    at file:///Users/mu/work/gitee/cocos-creator-how-to-use/proj/Physics/Creator3.5.0_3D_PhysicsPlaneCollider/temp/programming/packer-driver/targets/editor/chunks/89/893eed0e4ed3737c994296aab5b790d43dabe3cf.js:57:32
    at Object.execute (file:///Users/mu/work/gitee/cocos-creator-how-to-use/proj/Physics/Creator3.5.0_3D_PhysicsPlaneCollider/temp/programming/packer-driver/targets/editor/chunks/89/893eed0e4ed3737c994296aab5b790d43dabe3cf.js:59:9)
    at doExec (/Applications/CocosCreator/Creator/3.5.0/CocosCreator.app/Contents/Resources/app.asar/node_modules/@editor/lib-programming/static/executor/systemjs-bridge/out/index.js:487:32)
    at postOrderExec (/Applications/CocosCreator/Creator/3.5.0/CocosCreator.app/Contents/Resources/app.asar/node_modules/@editor/lib-programming/static/executor/systemjs-bridge/out/index.js:483:10)
2022-05-31T06:39:19.229Z - warn: [Scene] 'macro.KEY' is deprecated. (please use KeyCode instead)Error: [Scene] 'macro.KEY' is deprecated. (please use KeyCode instead)
    at warn (/Applications/CocosCreator/Creator/3.5.0/CocosCreator.app/Contents/Resources/resources/3d/engine/bin/.cache/dev/editor/bundled/index.js:131533:10)
    at markAsWarningLog (/Applications/CocosCreator/Creator/3.5.0/CocosCreator.app/Contents/Resources/resources/3d/engine/bin/.cache/dev/editor/bundled/index.js:145566:5)
    at Object.get (/Applications/CocosCreator/Creator/3.5.0/CocosCreator.app/Contents/Resources/resources/3d/engine/bin/.cache/dev/editor/bundled/index.js:145626:13)
    at file:///Users/mu/work/gitee/cocos-creator-how-to-use/proj/Physics/Creator3.5.0_3D_PhysicsPlaneCollider/temp/programming/packer-driver/targets/editor/chunks/89/893eed0e4ed3737c994296aab5b790d43dabe3cf.js:58:32
    at Object.execute (file:///Users/mu/work/gitee/cocos-creator-how-to-use/proj/Physics/Creator3.5.0_3D_PhysicsPlaneCollider/temp/programming/packer-driver/targets/editor/chunks/89/893eed0e4ed3737c994296aab5b790d43dabe3cf.js:59:9)
    at doExec (/Applications/CocosCreator/Creator/3.5.0/CocosCreator.app/Contents/Resources/app.asar/node_modules/@editor/lib-programming/static/executor/systemjs-bridge/out/index.js:487:32)
    at postOrderExec (/Applications/CocosCreator/Creator/3.5.0/CocosCreator.app/Contents/Resources/app.asar/node_modules/@editor/lib-programming/static/executor/systemjs-bridge/out/index.js:483:10)
2022-05-31T06:39:19.229Z - warn: [Scene] 'macro.KEY' is deprecated. (please use KeyCode instead)Error: [Scene] 'macro.KEY' is deprecated. (please use KeyCode instead)
    at warn (/Applications/CocosCreator/Creator/3.5.0/CocosCreator.app/Contents/Resources/resources/3d/engine/bin/.cache/dev/editor/bundled/index.js:131533:10)
    at markAsWarningLog (/Applications/CocosCreator/Creator/3.5.0/CocosCreator.app/Contents/Resources/resources/3d/engine/bin/.cache/dev/editor/bundled/index.js:145566:5)
    at Object.get (/Applications/CocosCreator/Creator/3.5.0/CocosCreator.app/Contents/Resources/resources/3d/engine/bin/.cache/dev/editor/bundled/index.js:145626:13)
    at initializer (file:///Users/mu/work/gitee/cocos-creator-how-to-use/proj/Physics/Creator3.5.0_3D_PhysicsPlaneCollider/temp/programming/packer-driver/targets/editor/chunks/89/893eed0e4ed3737c994296aab5b790d43dabe3cf.js:192:24)
    at getDefaultFromInitializer (/Applications/CocosCreator/Creator/3.5.0/CocosCreator.app/Contents/Resources/resources/3d/engine/bin/.cache/dev/editor/bundled/index.js:211428:13)
    at setDefaultValue (/Applications/CocosCreator/Creator/3.5.0/CocosCreator.app/Contents/Resources/resources/3d/engine/bin/.cache/dev/editor/bundled/index.js:211552:31)
    at mergePropertyOptions (/Applications/CocosCreator/Creator/3.5.0/CocosCreator.app/Contents/Resources/resources/3d/engine/bin/.cache/dev/editor/bundled/index.js:211536:5)
2022-05-31T06:39:19.238Z - warn: [Scene] 'macro.KEY' is deprecated. (please use KeyCode instead)Error: [Scene] 'macro.KEY' is deprecated. (please use KeyCode instead)
    at warn (/Applications/CocosCreator/Creator/3.5.0/CocosCreator.app/Contents/Resources/resources/3d/engine/bin/.cache/dev/editor/bundled/index.js:131533:10)
    at markAsWarningLog (/Applications/CocosCreator/Creator/3.5.0/CocosCreator.app/Contents/Resources/resources/3d/engine/bin/.cache/dev/editor/bundled/index.js:145566:5)
    at Object.get (/Applications/CocosCreator/Creator/3.5.0/CocosCreator.app/Contents/Resources/resources/3d/engine/bin/.cache/dev/editor/bundled/index.js:145626:13)
    at Object.execute (file:///Users/mu/work/gitee/cocos-creator-how-to-use/proj/Physics/Creator3.5.0_3D_PhysicsPlaneCollider/temp/programming/packer-driver/targets/editor/chunks/05/0598cd081730cb5f1784a57af54af80654cc6a5e.js:48:22)
    at doExec (/Applications/CocosCreator/Creator/3.5.0/CocosCreator.app/Contents/Resources/app.asar/node_modules/@editor/lib-programming/static/executor/systemjs-bridge/out/index.js:487:32)
    at postOrderExec (/Applications/CocosCreator/Creator/3.5.0/CocosCreator.app/Contents/Resources/app.asar/node_modules/@editor/lib-programming/static/executor/systemjs-bridge/out/index.js:483:10)
    at /Applications/CocosCreator/Creator/3.5.0/CocosCreator.app/Contents/Resources/app.asar/node_modules/@editor/lib-programming/static/executor/systemjs-bridge/out/index.js:440:12
2022-05-31T06:39:19.238Z - warn: [Scene] 'macro.KEY.shift' is deprecated. (please use KeyCode.SHIFT_LEFT instead)Error: [Scene] 'macro.KEY.shift' is deprecated. (please use KeyCode.SHIFT_LEFT instead)
    at warn (/Applications/CocosCreator/Creator/3.5.0/CocosCreator.app/Contents/Resources/resources/3d/engine/bin/.cache/dev/editor/bundled/index.js:131533:10)
    at markAsWarningLog (/Applications/CocosCreator/Creator/3.5.0/CocosCreator.app/Contents/Resources/resources/3d/engine/bin/.cache/dev/editor/bundled/index.js:145566:5)
    at Object.get (/Applications/CocosCreator/Creator/3.5.0/CocosCreator.app/Contents/Resources/resources/3d/engine/bin/.cache/dev/editor/bundled/index.js:145626:13)
    at Object.execute (file:///Users/mu/work/gitee/cocos-creator-how-to-use/proj/Physics/Creator3.5.0_3D_PhysicsPlaneCollider/temp/programming/packer-driver/targets/editor/chunks/05/0598cd081730cb5f1784a57af54af80654cc6a5e.js:48:26)
    at doExec (/Applications/CocosCreator/Creator/3.5.0/CocosCreator.app/Contents/Resources/app.asar/node_modules/@editor/lib-programming/static/executor/systemjs-bridge/out/index.js:487:32)
    at postOrderExec (/Applications/CocosCreator/Creator/3.5.0/CocosCreator.app/Contents/Resources/app.asar/node_modules/@editor/lib-programming/static/executor/systemjs-bridge/out/index.js:483:10)
    at /Applications/CocosCreator/Creator/3.5.0/CocosCreator.app/Contents/Resources/app.asar/node_modules/@editor/lib-programming/static/executor/systemjs-bridge/out/index.js:440:12
2022-05-31T06:39:19.473Z - verbose: [Scene] Open engine (383ms)
2022-05-31T06:39:19.474Z - verbose: [Scene] Configure engine (0ms)
2022-05-31T06:39:19.246Z - info: [Scene] Forward render pipeline initialized.
2022-05-31T06:39:20.167Z - warn: [Scene] 'macro.KEY' is deprecated. (please use KeyCode instead)Error: [Scene] 'macro.KEY' is deprecated. (please use KeyCode instead)
    at warn (/Applications/CocosCreator/Creator/3.5.0/CocosCreator.app/Contents/Resources/resources/3d/engine/bin/.cache/dev/editor/bundled/index.js:131533:10)
    at markAsWarningLog (/Applications/CocosCreator/Creator/3.5.0/CocosCreator.app/Contents/Resources/resources/3d/engine/bin/.cache/dev/editor/bundled/index.js:145566:5)
    at Object.get (/Applications/CocosCreator/Creator/3.5.0/CocosCreator.app/Contents/Resources/resources/3d/engine/bin/.cache/dev/editor/bundled/index.js:145626:13)
    at file:///Users/mu/work/gitee/cocos-creator-how-to-use/proj/Physics/Creator3.5.0_3D_PhysicsPlaneCollider/temp/programming/packer-driver/targets/editor/chunks/89/893eed0e4ed3737c994296aab5b790d43dabe3cf.js:56:32
    at Object.execute (file:///Users/mu/work/gitee/cocos-creator-how-to-use/proj/Physics/Creator3.5.0_3D_PhysicsPlaneCollider/temp/programming/packer-driver/targets/editor/chunks/89/893eed0e4ed3737c994296aab5b790d43dabe3cf.js:59:9)
    at doExec (/Applications/CocosCreator/Creator/3.5.0/CocosCreator.app/Contents/Resources/app.asar/node_modules/@editor/lib-programming/static/executor/systemjs-bridge/out/index.js:487:32)
    at postOrderExec (/Applications/CocosCreator/Creator/3.5.0/CocosCreator.app/Contents/Resources/app.asar/node_modules/@editor/lib-programming/static/executor/systemjs-bridge/out/index.js:483:10)
2022-05-31T06:39:20.167Z - warn: [Scene] 'macro.KEY' is deprecated. (please use KeyCode instead)Error: [Scene] 'macro.KEY' is deprecated. (please use KeyCode instead)
    at warn (/Applications/CocosCreator/Creator/3.5.0/CocosCreator.app/Contents/Resources/resources/3d/engine/bin/.cache/dev/editor/bundled/index.js:131533:10)
    at markAsWarningLog (/Applications/CocosCreator/Creator/3.5.0/CocosCreator.app/Contents/Resources/resources/3d/engine/bin/.cache/dev/editor/bundled/index.js:145566:5)
    at Object.get (/Applications/CocosCreator/Creator/3.5.0/CocosCreator.app/Contents/Resources/resources/3d/engine/bin/.cache/dev/editor/bundled/index.js:145626:13)
    at file:///Users/mu/work/gitee/cocos-creator-how-to-use/proj/Physics/Creator3.5.0_3D_PhysicsPlaneCollider/temp/programming/packer-driver/targets/editor/chunks/89/893eed0e4ed3737c994296aab5b790d43dabe3cf.js:57:32
    at Object.execute (file:///Users/mu/work/gitee/cocos-creator-how-to-use/proj/Physics/Creator3.5.0_3D_PhysicsPlaneCollider/temp/programming/packer-driver/targets/editor/chunks/89/893eed0e4ed3737c994296aab5b790d43dabe3cf.js:59:9)
    at doExec (/Applications/CocosCreator/Creator/3.5.0/CocosCreator.app/Contents/Resources/app.asar/node_modules/@editor/lib-programming/static/executor/systemjs-bridge/out/index.js:487:32)
    at postOrderExec (/Applications/CocosCreator/Creator/3.5.0/CocosCreator.app/Contents/Resources/app.asar/node_modules/@editor/lib-programming/static/executor/systemjs-bridge/out/index.js:483:10)
2022-05-31T06:39:20.167Z - warn: [Scene] 'macro.KEY' is deprecated. (please use KeyCode instead)Error: [Scene] 'macro.KEY' is deprecated. (please use KeyCode instead)
    at warn (/Applications/CocosCreator/Creator/3.5.0/CocosCreator.app/Contents/Resources/resources/3d/engine/bin/.cache/dev/editor/bundled/index.js:131533:10)
    at markAsWarningLog (/Applications/CocosCreator/Creator/3.5.0/CocosCreator.app/Contents/Resources/resources/3d/engine/bin/.cache/dev/editor/bundled/index.js:145566:5)
    at Object.get (/Applications/CocosCreator/Creator/3.5.0/CocosCreator.app/Contents/Resources/resources/3d/engine/bin/.cache/dev/editor/bundled/index.js:145626:13)
    at file:///Users/mu/work/gitee/cocos-creator-how-to-use/proj/Physics/Creator3.5.0_3D_PhysicsPlaneCollider/temp/programming/packer-driver/targets/editor/chunks/89/893eed0e4ed3737c994296aab5b790d43dabe3cf.js:58:32
    at Object.execute (file:///Users/mu/work/gitee/cocos-creator-how-to-use/proj/Physics/Creator3.5.0_3D_PhysicsPlaneCollider/temp/programming/packer-driver/targets/editor/chunks/89/893eed0e4ed3737c994296aab5b790d43dabe3cf.js:59:9)
    at doExec (/Applications/CocosCreator/Creator/3.5.0/CocosCreator.app/Contents/Resources/app.asar/node_modules/@editor/lib-programming/static/executor/systemjs-bridge/out/index.js:487:32)
    at postOrderExec (/Applications/CocosCreator/Creator/3.5.0/CocosCreator.app/Contents/Resources/app.asar/node_modules/@editor/lib-programming/static/executor/systemjs-bridge/out/index.js:483:10)
2022-05-31T06:39:20.168Z - warn: [Scene] 'macro.KEY' is deprecated. (please use KeyCode instead)Error: [Scene] 'macro.KEY' is deprecated. (please use KeyCode instead)
    at warn (/Applications/CocosCreator/Creator/3.5.0/CocosCreator.app/Contents/Resources/resources/3d/engine/bin/.cache/dev/editor/bundled/index.js:131533:10)
    at markAsWarningLog (/Applications/CocosCreator/Creator/3.5.0/CocosCreator.app/Contents/Resources/resources/3d/engine/bin/.cache/dev/editor/bundled/index.js:145566:5)
    at Object.get (/Applications/CocosCreator/Creator/3.5.0/CocosCreator.app/Contents/Resources/resources/3d/engine/bin/.cache/dev/editor/bundled/index.js:145626:13)
    at initializer (file:///Users/mu/work/gitee/cocos-creator-how-to-use/proj/Physics/Creator3.5.0_3D_PhysicsPlaneCollider/temp/programming/packer-driver/targets/editor/chunks/89/893eed0e4ed3737c994296aab5b790d43dabe3cf.js:192:24)
    at getDefaultFromInitializer (/Applications/CocosCreator/Creator/3.5.0/CocosCreator.app/Contents/Resources/resources/3d/engine/bin/.cache/dev/editor/bundled/index.js:211428:13)
    at setDefaultValue (/Applications/CocosCreator/Creator/3.5.0/CocosCreator.app/Contents/Resources/resources/3d/engine/bin/.cache/dev/editor/bundled/index.js:211552:31)
    at mergePropertyOptions (/Applications/CocosCreator/Creator/3.5.0/CocosCreator.app/Contents/Resources/resources/3d/engine/bin/.cache/dev/editor/bundled/index.js:211536:5)
2022-05-31T06:39:20.171Z - warn: [Scene] 'macro.KEY' is deprecated. (please use KeyCode instead)Error: [Scene] 'macro.KEY' is deprecated. (please use KeyCode instead)
    at warn (/Applications/CocosCreator/Creator/3.5.0/CocosCreator.app/Contents/Resources/resources/3d/engine/bin/.cache/dev/editor/bundled/index.js:131533:10)
    at markAsWarningLog (/Applications/CocosCreator/Creator/3.5.0/CocosCreator.app/Contents/Resources/resources/3d/engine/bin/.cache/dev/editor/bundled/index.js:145566:5)
    at Object.get (/Applications/CocosCreator/Creator/3.5.0/CocosCreator.app/Contents/Resources/resources/3d/engine/bin/.cache/dev/editor/bundled/index.js:145626:13)
    at Object.execute (file:///Users/mu/work/gitee/cocos-creator-how-to-use/proj/Physics/Creator3.5.0_3D_PhysicsPlaneCollider/temp/programming/packer-driver/targets/editor/chunks/05/0598cd081730cb5f1784a57af54af80654cc6a5e.js:48:22)
    at doExec (/Applications/CocosCreator/Creator/3.5.0/CocosCreator.app/Contents/Resources/app.asar/node_modules/@editor/lib-programming/static/executor/systemjs-bridge/out/index.js:487:32)
    at postOrderExec (/Applications/CocosCreator/Creator/3.5.0/CocosCreator.app/Contents/Resources/app.asar/node_modules/@editor/lib-programming/static/executor/systemjs-bridge/out/index.js:483:10)
    at /Applications/CocosCreator/Creator/3.5.0/CocosCreator.app/Contents/Resources/app.asar/node_modules/@editor/lib-programming/static/executor/systemjs-bridge/out/index.js:440:12
2022-05-31T06:39:20.171Z - warn: [Scene] 'macro.KEY.shift' is deprecated. (please use KeyCode.SHIFT_LEFT instead)Error: [Scene] 'macro.KEY.shift' is deprecated. (please use KeyCode.SHIFT_LEFT instead)
    at warn (/Applications/CocosCreator/Creator/3.5.0/CocosCreator.app/Contents/Resources/resources/3d/engine/bin/.cache/dev/editor/bundled/index.js:131533:10)
    at markAsWarningLog (/Applications/CocosCreator/Creator/3.5.0/CocosCreator.app/Contents/Resources/resources/3d/engine/bin/.cache/dev/editor/bundled/index.js:145566:5)
    at Object.get (/Applications/CocosCreator/Creator/3.5.0/CocosCreator.app/Contents/Resources/resources/3d/engine/bin/.cache/dev/editor/bundled/index.js:145626:13)
    at Object.execute (file:///Users/mu/work/gitee/cocos-creator-how-to-use/proj/Physics/Creator3.5.0_3D_PhysicsPlaneCollider/temp/programming/packer-driver/targets/editor/chunks/05/0598cd081730cb5f1784a57af54af80654cc6a5e.js:48:26)
    at doExec (/Applications/CocosCreator/Creator/3.5.0/CocosCreator.app/Contents/Resources/app.asar/node_modules/@editor/lib-programming/static/executor/systemjs-bridge/out/index.js:487:32)
    at postOrderExec (/Applications/CocosCreator/Creator/3.5.0/CocosCreator.app/Contents/Resources/app.asar/node_modules/@editor/lib-programming/static/executor/systemjs-bridge/out/index.js:483:10)
    at /Applications/CocosCreator/Creator/3.5.0/CocosCreator.app/Contents/Resources/app.asar/node_modules/@editor/lib-programming/static/executor/systemjs-bridge/out/index.js:440:12
2022-05-31T06:40:15.773Z - warn: [Scene] 'macro.KEY.shift' is deprecated. (please use KeyCode.SHIFT_LEFT instead)Error: [Scene] 'macro.KEY.shift' is deprecated. (please use KeyCode.SHIFT_LEFT instead)
    at warn (/Applications/CocosCreator/Creator/3.5.0/CocosCreator.app/Contents/Resources/resources/3d/engine/bin/.cache/dev/editor/bundled/index.js:131533:10)
    at markAsWarningLog (/Applications/CocosCreator/Creator/3.5.0/CocosCreator.app/Contents/Resources/resources/3d/engine/bin/.cache/dev/editor/bundled/index.js:145566:5)
    at Object.get (/Applications/CocosCreator/Creator/3.5.0/CocosCreator.app/Contents/Resources/resources/3d/engine/bin/.cache/dev/editor/bundled/index.js:145626:13)
    at Object.execute (file:///Users/mu/work/gitee/cocos-creator-how-to-use/proj/Physics/Creator3.5.0_3D_PhysicsPlaneCollider/temp/programming/packer-driver/targets/editor/chunks/05/0598cd081730cb5f1784a57af54af80654cc6a5e.js:48:26)
    at doExec (/Applications/CocosCreator/Creator/3.5.0/CocosCreator.app/Contents/Resources/app.asar/node_modules/@editor/lib-programming/static/executor/systemjs-bridge/out/index.js:487:32)
    at postOrderExec (/Applications/CocosCreator/Creator/3.5.0/CocosCreator.app/Contents/Resources/app.asar/node_modules/@editor/lib-programming/static/executor/systemjs-bridge/out/index.js:483:10)
    at /Applications/CocosCreator/Creator/3.5.0/CocosCreator.app/Contents/Resources/app.asar/node_modules/@editor/lib-programming/static/executor/systemjs-bridge/out/index.js:440:12
2022-05-31T06:41:45.734Z - warn: Metrics: no valid info
