2022-05-09 14:26:23-log: [Package] menu@1.0.0 enable
2022-05-09 14:26:23-log: [Package] profile@1.0.0 enable
2022-05-09 14:26:23-log: [Package] project@1.0.1 enable
2022-05-09 14:26:23-log: [Package] messages@1.0.0 enable
2022-05-09 14:26:23-log: [Package] program@1.0.0 enable
2022-05-09 14:26:23-log: [Package] device@1.0.1 enable
2022-05-09 14:26:23-log: [Package] ui-kit@1.0.1 enable
2022-05-09 14:26:23-log: [Package] tester@1.0.0 enable
2022-05-09 14:26:23-log: [Package] preferences@1.0.0 enable
2022-05-09 14:26:24-log: Setup mods mgr.: 315.683ms
2022-05-09 14:26:24-log: Profile changed: engine (modules.includeModules: 2d,3d,audio,base,dragon-bones,gfx-webgl,gfx-webgl2,intersection-2d,marionette,particle,particle-2d,physics-2d-box2d,physics-ammo,primitive,profiler,spine,terrain,tiled-map,tween,ui,video,webview)
2022-05-09 14:26:24-log: [Package] engine@1.0.5 enable
2022-05-09 14:26:26-log: [Package] programming@1.0.0 enable
2022-05-09 14:26:26-log: [Package] Profile Migrate: builder@Cocos Creator...
2022-05-09 14:26:26-log: [Package] Profile Migrate: builder@Cocos Creator...
2022-05-09 14:26:27-log: [Package] engine-extends@1.0.0 enable
2022-05-09 14:26:27-log: [Package] asset-db@1.0.0 enable
2022-05-09 14:26:27-log: [Package] console@1.0.0 enable
2022-05-09 14:26:27-log: [Package] scene@1.0.0 enable
2022-05-09 14:26:27-log: [Package] about@1.0.0 enable
2022-05-09 14:26:27-log: [Package] server@1.0.0 enable
2022-05-09 14:26:27-log: [Package] utils@1.0.0 enable
2022-05-09 14:26:27-log: [Package] assets@1.0.0 enable
2022-05-09 14:26:27-log: [Package] inspector@1.0.0 enable
2022-05-09 14:26:27-log: [Package] hierarchy@1.0.0 enable
2022-05-09 14:26:30-log: 设置的 IP 地址不存在，将使用默认 IP
2022-05-09 14:26:31-log: [Package] builder@1.3.1 enable
2022-05-09 14:26:31-log: [Package] node-library@1.0.0 enable
2022-05-09 14:26:31-log: [Package] shortcuts@1.0.1 enable
2022-05-09 14:26:31-log: [Package] package-asset@1.0.0 enable
2022-05-09 14:26:31-log: [Package] reference-image@1.0.0 enable
2022-05-09 14:26:31-log: [Package] animation-graph@1.0.0 enable
2022-05-09 14:26:31-log: [Package] channel-upload-tools@1.0.0 enable
2022-05-09 14:26:31-log: [Package] runtime-dev-tools@1.0.0 enable
2022-05-09 14:26:31-log: [Package] lightmap@1.0.4 enable
2022-05-09 14:26:31-log: [Package] alipay-mini-game@1.0.0 enable
2022-05-09 14:26:31-log: [Package] android@1.0.0 enable
2022-05-09 14:26:31-log: [Package] baidu-mini-game@1.0.0 enable
2022-05-09 14:26:31-log: [Package] bytedance-mini-game@1.0.1 enable
2022-05-09 14:26:31-log: [Package] huawei-agc@1.0.0 enable
2022-05-09 14:26:32-log: [Package] ios@1.0.0 enable
2022-05-09 14:26:32-log: [Package] ios-app-clip@1.0.0 enable
2022-05-09 14:26:32-log: [Package] mac@1.0.0 enable
2022-05-09 14:26:32-log: [Package] native@1.0.0 enable
2022-05-09 14:26:33-log: [Package] ohos@1.0.0 enable
2022-05-09 14:26:33-log: [Package] web-desktop@1.0.0 enable
2022-05-09 14:26:33-log: [Package] web-mobile@1.0.0 enable
2022-05-09 14:26:33-log: [Package] wechatgame@1.0.1 enable
2022-05-09 14:26:33-log: [Package] windows@1.0.0 enable
2022-05-09 14:26:33-log: [Package] xiaomi-quick-game@1.0.0 enable
2022-05-09 14:26:33-log: [Package] cocos-play@1.0.0 enable
2022-05-09 14:26:33-log: [Package] huawei-quick-game@1.0.0 enable
2022-05-09 14:26:33-log: [Package] link-sure@1.0.0 enable
2022-05-09 14:26:33-log: [Package] oppo-mini-game@1.0.0 enable
2022-05-09 14:26:33-log: [Package] qtt@1.0.0 enable
2022-05-09 14:26:33-log: [Package] vivo-mini-game@1.0.0 enable
2022-05-09 14:26:33-log: [Package] cocos-service@3.0.2 enable
2022-05-09 14:26:34-log: [Package] importer@1.0.0 enable
2022-05-09 14:26:34-log: [Package] extension@3.0.15 enable
2022-05-09 14:26:34-log: [Im-plugin] Check im-plugin version.
2022-05-09 14:26:34-log: [Package] im-plugin@3.0.8 enable
2022-05-09 14:26:35-log: 设置的 IP 地址不存在，将使用默认 IP
2022-05-09 14:26:35-log: [Im-plugin] No online info of im-plugin.
2022-05-09 14:26:42-warn: Browserslist: caniuse-lite is outdated. Please run:
npx browserslist@latest --update-db

Why you should do it regularly:
https://github.com/browserslist/browserslist#browsers-data-updating
2022-05-09 14:26:43-log: [Scene] Cocos Creator v3.4.2
2022-05-09 14:26:43-info: [Scene] Forward render pipeline initialized.
2022-06-01T10:21:53.238Z - log: [Package] menu@1.0.0 enable
2022-06-01T10:21:53.241Z - log: [Package] profile@1.0.0 enable
2022-06-01T10:21:53.255Z - log: [Package] project@1.0.2 enable
2022-06-01T10:21:53.261Z - log: [Package] messages@1.0.0 enable
2022-06-01T10:21:53.266Z - log: [Package] program@1.0.0 enable
2022-06-01T10:21:53.273Z - log: [Package] tester@1.0.0 enable
2022-06-01T10:21:53.280Z - log: [Package] preferences@1.0.0 enable
2022-06-01T10:21:54.058Z - log: Setup mods mgr.: 328.664ms
2022-06-01T10:21:54.069Z - verbose: [Engine] QuickCompile engine (726ms)
2022-06-01T10:21:54.072Z - log: [Package] engine@1.0.6 enable
2022-06-01T10:21:54.888Z - log: [Package] programming@1.0.0 enable
2022-06-01T10:21:55.176Z - log: [Package] device@1.0.1 enable
2022-06-01T10:21:55.203Z - log: [Package] ui-kit@1.0.1 enable
2022-06-01T10:21:55.226Z - log: [Package] engine-extends@1.0.0 enable
2022-06-01T10:21:55.294Z - log: [Package] asset-db@1.0.0 enable
2022-06-01T10:21:55.336Z - log: [Package] scene@1.0.0 enable
2022-06-01T10:21:55.533Z - log: [Package] server@1.0.0 enable
2022-06-01T10:21:55.571Z - log: [Package] utils@1.0.0 enable
2022-06-01T10:21:59.897Z - log: [Package] preview@1.0.1 enable
2022-06-01T10:21:59.932Z - log: [Package] animator@1.0.0 enable
2022-06-01T10:22:00.035Z - log: 设置的 IP 地址不存在，将使用默认 IP
2022-06-01T10:22:00.972Z - log: [Package] builder@1.3.2 enable
2022-06-01T10:22:01.004Z - log: [Package] shortcuts@1.0.1 enable
2022-06-01T10:22:01.036Z - log: [Package] animation-graph@1.0.0 enable
2022-06-01T10:22:01.059Z - log: [Package] runtime-dev-tools@1.0.0 enable
2022-06-01T10:22:01.082Z - log: [Package] channel-upload-tools@1.0.0 enable
2022-06-01T10:22:01.121Z - log: [Package] about@1.0.0 enable
2022-06-01T10:22:01.168Z - log: [Package] assets@1.0.0 enable
2022-06-01T10:22:01.205Z - log: [Package] console@1.0.0 enable
2022-06-01T10:22:01.422Z - log: [Package] extension@3.0.16 enable
2022-06-01T10:22:01.466Z - log: [Package] hierarchy@1.0.0 enable
2022-06-01T10:22:01.505Z - log: [Package] inspector@1.0.0 enable
2022-06-01T10:22:01.541Z - log: [Package] lightmap@1.0.4 enable
2022-06-01T10:22:01.579Z - log: [Package] node-library@1.0.1 enable
2022-06-01T10:22:01.608Z - log: [Package] package-asset@1.0.0 enable
2022-06-01T10:22:01.644Z - log: [Package] process@1.0.0 enable
2022-06-01T10:22:01.682Z - log: [Package] reference-image@1.0.0 enable
2022-06-01T10:22:01.710Z - log: [Package] alipay-mini-game@1.0.0 enable
2022-06-01T10:22:01.736Z - log: [Package] android@1.0.0 enable
2022-06-01T10:22:01.766Z - log: [Package] baidu-mini-game@1.0.0 enable
2022-06-01T10:22:01.791Z - log: [Package] bytedance-mini-game@1.0.1 enable
2022-06-01T10:22:01.817Z - log: [Package] cocos-play@1.0.0 enable
2022-06-01T10:22:01.846Z - log: [Package] huawei-agc@1.0.0 enable
2022-06-01T10:22:01.873Z - log: [Package] huawei-quick-game@1.0.0 enable
2022-06-01T10:22:03.156Z - log: [Package] ios@1.0.0 enable
2022-06-01T10:22:03.182Z - log: [Package] ios-app-clip@1.0.0 enable
2022-06-01T10:22:03.205Z - log: [Package] link-sure@1.0.0 enable
2022-06-01T10:22:03.238Z - log: [Package] linux@1.0.0 enable
2022-06-01T10:22:03.264Z - log: [Package] mac@1.0.0 enable
2022-06-01T10:22:03.382Z - log: [Package] native@1.0.0 enable
2022-06-01T10:22:03.433Z - log: [Package] ohos@1.0.0 enable
2022-06-01T10:22:03.441Z - verbose: [AssetDB] Require engine code (2641ms)
2022-06-01T10:22:03.525Z - log: [Package] open-harmonyos@1.0.0 enable
2022-06-01T10:22:03.553Z - log: [Package] oppo-mini-game@1.0.0 enable
2022-06-01T10:22:03.589Z - log: [Package] qtt@1.0.0 enable
2022-06-01T10:22:03.616Z - log: [Package] vivo-mini-game@1.0.0 enable
2022-06-01T10:22:03.661Z - log: [Package] web-desktop@1.0.0 enable
2022-06-01T10:22:03.698Z - log: [Package] web-mobile@1.0.0 enable
2022-06-01T10:22:03.738Z - log: [Package] wechatgame@1.0.1 enable
2022-06-01T10:22:03.765Z - log: [Package] windows@1.0.0 enable
2022-06-01T10:22:03.795Z - log: [Package] xiaomi-quick-game@1.0.0 enable
2022-06-01T10:22:04.241Z - log: [Package] cocos-service@3.0.3 enable
2022-06-01T10:22:04.306Z - log: [Package] importer@1.0.0 enable
2022-06-01T10:22:04.690Z - log: [Im-plugin] Check im-plugin version.
2022-06-01T10:22:04.705Z - log: [Package] im-plugin@3.0.8 enable
2022-06-01T10:22:05.772Z - log: [Im-plugin] No online info of im-plugin.
2022-06-01T10:22:06.140Z - log: 设置的 IP 地址不存在，将使用默认 IP
2022-06-01T10:22:19.891Z - verbose: [Scene] Require engine code (1ms)
2022-06-01T10:22:19.894Z - verbose: [Scene] Startup engine (1ms)
2022-06-01T10:22:19.937Z - log: [Scene] Cocos Creator v3.5.1
2022-06-01T10:22:20.224Z - verbose: [Scene] Open engine (331ms)
2022-06-01T10:22:20.224Z - verbose: [Scene] Configure engine (0ms)
2022-06-01T10:22:20.019Z - info: [Scene] Forward render pipeline initialized.
2022-06-01T10:22:52.771Z - warn: Metrics: no valid info
