2022-05-09 15:04:21-log: [Package] menu@1.0.0 enable
2022-05-09 15:04:21-log: [Package] profile@1.0.0 enable
2022-05-09 15:04:21-log: [Package] project@1.0.1 enable
2022-05-09 15:04:21-log: [Package] messages@1.0.0 enable
2022-05-09 15:04:21-log: [Package] program@1.0.0 enable
2022-05-09 15:04:21-log: [Package] device@1.0.1 enable
2022-05-09 15:04:21-log: [Package] ui-kit@1.0.1 enable
2022-05-09 15:04:21-log: [Package] tester@1.0.0 enable
2022-05-09 15:04:21-log: [Package] preferences@1.0.0 enable
2022-05-09 15:04:22-log: Setup mods mgr.: 311.462ms
2022-05-09 15:04:22-log: Profile changed: engine (modules.includeModules: 2d,3d,audio,base,dragon-bones,gfx-webgl,gfx-webgl2,intersection-2d,marionette,particle,particle-2d,physics-2d-box2d,physics-ammo,primitive,profiler,spine,terrain,tiled-map,tween,ui,video,webview)
2022-05-09 15:04:22-log: [Package] engine@1.0.5 enable
2022-05-09 15:04:25-log: [Package] programming@1.0.0 enable
2022-05-09 15:04:25-log: [Package] Profile Migrate: builder@Cocos Creator...
2022-05-09 15:04:25-log: [Package] Profile Migrate: builder@Cocos Creator...
2022-05-09 15:04:25-log: [Package] engine-extends@1.0.0 enable
2022-05-09 15:04:25-log: [Package] asset-db@1.0.0 enable
2022-05-09 15:04:25-log: [Package] console@1.0.0 enable
2022-05-09 15:04:25-log: [Package] scene@1.0.0 enable
2022-05-09 15:04:25-log: [Package] about@1.0.0 enable
2022-05-09 15:04:25-log: [Package] server@1.0.0 enable
2022-05-09 15:04:25-log: [Package] utils@1.0.0 enable
2022-05-09 15:04:26-log: [Package] assets@1.0.0 enable
2022-05-09 15:04:28-log: [Package] preview@1.0.1 enable
2022-05-09 15:04:28-log: [Package] animator@1.0.0 enable
2022-05-09 15:04:28-log: 设置的 IP 地址不存在，将使用默认 IP
2022-05-09 15:04:29-log: [Package] builder@1.3.1 enable
2022-05-09 15:04:29-log: [Package] node-library@1.0.0 enable
2022-05-09 15:04:29-log: [Package] shortcuts@1.0.1 enable
2022-05-09 15:04:29-log: [Package] package-asset@1.0.0 enable
2022-05-09 15:04:29-log: [Package] reference-image@1.0.0 enable
2022-05-09 15:04:29-log: [Package] animation-graph@1.0.0 enable
2022-05-09 15:04:29-log: [Package] channel-upload-tools@1.0.0 enable
2022-05-09 15:04:29-log: [Package] runtime-dev-tools@1.0.0 enable
2022-05-09 15:04:29-log: [Package] lightmap@1.0.4 enable
2022-05-09 15:04:29-log: [Package] alipay-mini-game@1.0.0 enable
2022-05-09 15:04:30-log: [Package] android@1.0.0 enable
2022-05-09 15:04:30-log: [Package] baidu-mini-game@1.0.0 enable
2022-05-09 15:04:30-log: [Package] bytedance-mini-game@1.0.1 enable
2022-05-09 15:04:30-log: [Package] huawei-agc@1.0.0 enable
2022-05-09 15:04:31-log: [Package] ios@1.0.0 enable
2022-05-09 15:04:31-log: [Package] ios-app-clip@1.0.0 enable
2022-05-09 15:04:31-log: [Package] mac@1.0.0 enable
2022-05-09 15:04:31-log: [Package] native@1.0.0 enable
2022-05-09 15:04:31-log: [Package] ohos@1.0.0 enable
2022-05-09 15:04:31-log: [Package] web-desktop@1.0.0 enable
2022-05-09 15:04:31-log: [Package] web-mobile@1.0.0 enable
2022-05-09 15:04:31-log: [Package] wechatgame@1.0.1 enable
2022-05-09 15:04:31-log: [Package] windows@1.0.0 enable
2022-05-09 15:04:32-log: [Package] xiaomi-quick-game@1.0.0 enable
2022-05-09 15:04:32-log: [Package] cocos-play@1.0.0 enable
2022-05-09 15:04:32-log: [Package] huawei-quick-game@1.0.0 enable
2022-05-09 15:04:32-log: [Package] link-sure@1.0.0 enable
2022-05-09 15:04:32-log: [Package] oppo-mini-game@1.0.0 enable
2022-05-09 15:04:32-log: [Package] qtt@1.0.0 enable
2022-05-09 15:04:32-log: [Package] vivo-mini-game@1.0.0 enable
2022-05-09 15:04:32-log: [Package] cocos-service@3.0.2 enable
2022-05-09 15:04:32-log: [Package] importer@1.0.0 enable
2022-05-09 15:04:33-log: [Package] extension@3.0.15 enable
2022-05-09 15:04:34-log: [Im-plugin] Check im-plugin version.
2022-05-09 15:04:34-log: [Package] im-plugin@3.0.8 enable
2022-05-09 15:04:34-log: 设置的 IP 地址不存在，将使用默认 IP
2022-05-09 15:04:34-log: [Im-plugin] No online info of im-plugin.
2022-05-09 15:04:41-warn: Browserslist: caniuse-lite is outdated. Please run:
npx browserslist@latest --update-db

Why you should do it regularly:
https://github.com/browserslist/browserslist#browsers-data-updating
2022-05-09 15:04:41-log: [Scene] Cocos Creator v3.4.2
2022-05-09 15:04:41-info: [Scene] Forward render pipeline initialized.
2022-05-31T02:22:35.766Z - log: [Package] menu@1.0.0 enable
2022-05-31T02:22:35.771Z - log: [Package] profile@1.0.0 enable
2022-05-31T02:22:35.786Z - log: [Package] project@1.0.2 enable
2022-05-31T02:22:35.792Z - log: [Package] messages@1.0.0 enable
2022-05-31T02:22:35.797Z - log: [Package] program@1.0.0 enable
2022-05-31T02:22:35.805Z - log: [Package] tester@1.0.0 enable
2022-05-31T02:22:35.810Z - log: [Package] preferences@1.0.0 enable
2022-05-31T02:22:36.534Z - log: Setup mods mgr.: 318.831ms
2022-05-31T02:22:36.544Z - verbose: [Engine] QuickCompile engine (666ms)
2022-05-31T02:22:36.547Z - log: [Package] engine@1.0.6 enable
2022-05-31T02:22:37.361Z - log: [Package] programming@1.0.0 enable
2022-05-31T02:22:37.675Z - log: [Package] device@1.0.1 enable
2022-05-31T02:22:37.702Z - log: [Package] ui-kit@1.0.1 enable
2022-05-31T02:22:37.733Z - log: [Package] engine-extends@1.0.0 enable
2022-05-31T02:22:37.796Z - log: [Package] asset-db@1.0.0 enable
2022-05-31T02:22:37.836Z - log: [Package] scene@1.0.0 enable
2022-05-31T02:22:38.136Z - log: [Package] server@1.0.0 enable
2022-05-31T02:22:38.169Z - log: [Package] utils@1.0.0 enable
2022-05-31T02:22:42.601Z - log: [Package] preview@1.0.1 enable
2022-05-31T02:22:42.641Z - log: [Package] animator@1.0.0 enable
2022-05-31T02:22:42.854Z - log: 设置的 IP 地址不存在，将使用默认 IP
2022-05-31T02:22:43.732Z - log: [Package] builder@1.3.2 enable
2022-05-31T02:22:43.765Z - log: [Package] shortcuts@1.0.1 enable
2022-05-31T02:22:43.800Z - log: [Package] animation-graph@1.0.0 enable
2022-05-31T02:22:43.823Z - log: [Package] runtime-dev-tools@1.0.0 enable
2022-05-31T02:22:43.848Z - log: [Package] channel-upload-tools@1.0.0 enable
2022-05-31T02:22:43.879Z - log: [Package] about@1.0.0 enable
2022-05-31T02:22:43.916Z - log: [Package] assets@1.0.0 enable
2022-05-31T02:22:43.950Z - log: [Package] console@1.0.0 enable
2022-05-31T02:22:44.196Z - log: [Package] extension@3.0.16 enable
2022-05-31T02:22:44.256Z - log: [Package] hierarchy@1.0.0 enable
2022-05-31T02:22:44.302Z - log: [Package] inspector@1.0.0 enable
2022-05-31T02:22:44.338Z - log: [Package] lightmap@1.0.4 enable
2022-05-31T02:22:44.405Z - log: [Package] node-library@1.0.1 enable
2022-05-31T02:22:44.448Z - log: [Package] package-asset@1.0.0 enable
2022-05-31T02:22:44.526Z - log: [Package] process@1.0.0 enable
2022-05-31T02:22:44.564Z - log: [Package] reference-image@1.0.0 enable
2022-05-31T02:22:44.590Z - log: [Package] alipay-mini-game@1.0.0 enable
2022-05-31T02:22:44.619Z - log: [Package] android@1.0.0 enable
2022-05-31T02:22:44.646Z - log: [Package] baidu-mini-game@1.0.0 enable
2022-05-31T02:22:44.673Z - log: [Package] bytedance-mini-game@1.0.1 enable
2022-05-31T02:22:44.700Z - log: [Package] cocos-play@1.0.0 enable
2022-05-31T02:22:44.727Z - log: [Package] huawei-agc@1.0.0 enable
2022-05-31T02:22:44.753Z - log: [Package] huawei-quick-game@1.0.0 enable
2022-05-31T02:22:45.968Z - log: [Package] ios@1.0.0 enable
2022-05-31T02:22:45.994Z - log: [Package] ios-app-clip@1.0.0 enable
2022-05-31T02:22:46.021Z - log: [Package] link-sure@1.0.0 enable
2022-05-31T02:22:46.050Z - log: [Package] linux@1.0.0 enable
2022-05-31T02:22:46.079Z - log: [Package] mac@1.0.0 enable
2022-05-31T02:22:46.212Z - log: [Package] native@1.0.0 enable
2022-05-31T02:22:46.220Z - verbose: [AssetDB] Require engine code (2692ms)
2022-05-31T02:22:46.237Z - log: [Package] ohos@1.0.0 enable
2022-05-31T02:22:46.266Z - log: [Package] open-harmonyos@1.0.0 enable
2022-05-31T02:22:46.295Z - log: [Package] oppo-mini-game@1.0.0 enable
2022-05-31T02:22:46.320Z - log: [Package] qtt@1.0.0 enable
2022-05-31T02:22:46.349Z - log: [Package] vivo-mini-game@1.0.0 enable
2022-05-31T02:22:46.393Z - log: [Package] web-desktop@1.0.0 enable
2022-05-31T02:22:46.437Z - log: [Package] web-mobile@1.0.0 enable
2022-05-31T02:22:46.478Z - log: [Package] wechatgame@1.0.1 enable
2022-05-31T02:22:46.505Z - log: [Package] windows@1.0.0 enable
2022-05-31T02:22:46.534Z - log: [Package] xiaomi-quick-game@1.0.0 enable
2022-05-31T02:22:46.961Z - log: [Package] cocos-service@3.0.3 enable
2022-05-31T02:22:47.004Z - log: [Package] importer@1.0.0 enable
2022-05-31T02:22:47.333Z - log: [Im-plugin] Check im-plugin version.
2022-05-31T02:22:47.353Z - log: [Package] im-plugin@3.0.8 enable
2022-05-31T02:22:48.502Z - log: 设置的 IP 地址不存在，将使用默认 IP
2022-05-31T02:22:49.472Z - log: [Im-plugin] No online info of im-plugin.
2022-05-31T02:22:59.707Z - verbose: [Scene] Require engine code (2ms)
2022-05-31T02:22:59.709Z - verbose: [Scene] Startup engine (1ms)
2022-05-31T02:22:59.743Z - log: [Scene] Cocos Creator v3.5.0
2022-05-31T02:23:00.188Z - verbose: [Scene] Open engine (479ms)
2022-05-31T02:23:00.188Z - verbose: [Scene] Configure engine (0ms)
2022-05-31T02:22:59.915Z - info: [Scene] Forward render pipeline initialized.
2022-05-31T02:23:23.102Z - warn: Metrics: no valid info
