2022-05-09 15:25:27-log: [Package] menu@1.0.0 enable
2022-05-09 15:25:27-log: [Package] profile@1.0.0 enable
2022-05-09 15:25:27-log: [Package] project@1.0.1 enable
2022-05-09 15:25:27-log: [Package] messages@1.0.0 enable
2022-05-09 15:25:27-log: [Package] program@1.0.0 enable
2022-05-09 15:25:27-log: [Package] device@1.0.1 enable
2022-05-09 15:25:27-log: [Package] ui-kit@1.0.1 enable
2022-05-09 15:25:27-log: [Package] tester@1.0.0 enable
2022-05-09 15:25:27-log: [Package] preferences@1.0.0 enable
2022-05-09 15:25:28-log: Setup mods mgr.: 334.048ms
2022-05-09 15:25:28-log: Profile changed: engine (modules.includeModules: 2d,3d,audio,base,dragon-bones,gfx-webgl,gfx-webgl2,intersection-2d,marionette,particle,particle-2d,physics-2d-box2d,physics-ammo,primitive,profiler,spine,terrain,tiled-map,tween,ui,video,webview)
2022-05-09 15:25:28-log: [Package] engine@1.0.5 enable
2022-05-09 15:25:31-log: [Package] programming@1.0.0 enable
2022-05-09 15:25:31-log: [Package] Profile Migrate: builder@Cocos Creator...
2022-05-09 15:25:31-log: [Package] Profile Migrate: builder@Cocos Creator...
2022-05-09 15:25:31-log: [Package] engine-extends@1.0.0 enable
2022-05-09 15:25:31-log: [Package] asset-db@1.0.0 enable
2022-05-09 15:25:31-log: [Package] console@1.0.0 enable
2022-05-09 15:25:31-log: [Package] scene@1.0.0 enable
2022-05-09 15:25:31-log: [Package] about@1.0.0 enable
2022-05-09 15:25:31-log: [Package] server@1.0.0 enable
2022-05-09 15:25:32-log: [Package] inspector@1.0.0 enable
2022-05-09 15:25:32-log: [Package] hierarchy@1.0.0 enable
2022-05-09 15:25:34-log: [Package] preview@1.0.1 enable
2022-05-09 15:25:34-log: [Package] animator@1.0.0 enable
2022-05-09 15:25:34-log: 设置的 IP 地址不存在，将使用默认 IP
2022-05-09 15:25:36-log: Profile changed: builder (log.level: 4)
2022-05-09 15:25:36-log: [Package] builder@1.3.1 enable
2022-05-09 15:25:36-log: [Package] node-library@1.0.0 enable
2022-05-09 15:25:36-log: [Package] shortcuts@1.0.1 enable
2022-05-09 15:25:36-log: [Package] package-asset@1.0.0 enable
2022-05-09 15:25:36-log: [Package] reference-image@1.0.0 enable
2022-05-09 15:25:36-log: [Package] animation-graph@1.0.0 enable
2022-05-09 15:25:36-log: [Package] channel-upload-tools@1.0.0 enable
2022-05-09 15:25:36-log: [Package] runtime-dev-tools@1.0.0 enable
2022-05-09 15:25:36-log: [Package] lightmap@1.0.4 enable
2022-05-09 15:25:36-log: [Package] alipay-mini-game@1.0.0 enable
2022-05-09 15:25:36-log: [Package] android@1.0.0 enable
2022-05-09 15:25:36-log: [Package] baidu-mini-game@1.0.0 enable
2022-05-09 15:25:36-log: [Package] bytedance-mini-game@1.0.1 enable
2022-05-09 15:25:36-log: [Package] huawei-agc@1.0.0 enable
2022-05-09 15:25:37-log: [Package] ios@1.0.0 enable
2022-05-09 15:25:38-log: [Package] ios-app-clip@1.0.0 enable
2022-05-09 15:25:38-log: [Package] mac@1.0.0 enable
2022-05-09 15:25:38-log: [Package] native@1.0.0 enable
2022-05-09 15:25:38-log: [Package] ohos@1.0.0 enable
2022-05-09 15:25:38-log: [Package] web-desktop@1.0.0 enable
2022-05-09 15:25:38-log: [Package] web-mobile@1.0.0 enable
2022-05-09 15:25:38-log: [Package] wechatgame@1.0.1 enable
2022-05-09 15:25:38-log: [Package] windows@1.0.0 enable
2022-05-09 15:25:38-log: [Package] xiaomi-quick-game@1.0.0 enable
2022-05-09 15:25:38-log: [Package] cocos-play@1.0.0 enable
2022-05-09 15:25:38-log: [Package] huawei-quick-game@1.0.0 enable
2022-05-09 15:25:38-log: [Package] link-sure@1.0.0 enable
2022-05-09 15:25:39-log: [Package] oppo-mini-game@1.0.0 enable
2022-05-09 15:25:39-log: [Package] qtt@1.0.0 enable
2022-05-09 15:25:39-log: [Package] vivo-mini-game@1.0.0 enable
2022-05-09 15:25:39-log: [Package] cocos-service@3.0.2 enable
2022-05-09 15:25:39-log: [Package] importer@1.0.0 enable
2022-05-09 15:25:40-log: [Package] extension@3.0.15 enable
2022-05-09 15:25:41-log: [Im-plugin] Check im-plugin version.
2022-05-09 15:25:41-log: [Package] im-plugin@3.0.8 enable
2022-05-09 15:25:41-log: 设置的 IP 地址不存在，将使用默认 IP
2022-05-09 15:25:42-log: [Im-plugin] No online info of im-plugin.
2022-05-09 15:25:48-warn: Browserslist: caniuse-lite is outdated. Please run:
npx browserslist@latest --update-db

Why you should do it regularly:
https://github.com/browserslist/browserslist#browsers-data-updating
2022-05-09 15:25:49-log: [Scene] Cocos Creator v3.4.2
2022-05-09 15:25:49-info: [Scene] Forward render pipeline initialized.
2022-05-31T06:14:20.319Z - log: [Package] menu@1.0.0 enable
2022-05-31T06:14:20.322Z - log: [Package] profile@1.0.0 enable
2022-05-31T06:14:20.338Z - log: [Package] project@1.0.2 enable
2022-05-31T06:14:20.345Z - log: [Package] messages@1.0.0 enable
2022-05-31T06:14:20.351Z - log: [Package] program@1.0.0 enable
2022-05-31T06:14:20.357Z - log: [Package] tester@1.0.0 enable
2022-05-31T06:14:20.363Z - log: [Package] preferences@1.0.0 enable
2022-05-31T06:14:21.141Z - log: Setup mods mgr.: 346.641ms
2022-05-31T06:14:21.153Z - verbose: [Engine] QuickCompile engine (712ms)
2022-05-31T06:14:21.157Z - log: [Package] engine@1.0.6 enable
2022-05-31T06:14:22.028Z - log: [Package] programming@1.0.0 enable
2022-05-31T06:14:22.350Z - log: [Package] device@1.0.1 enable
2022-05-31T06:14:22.383Z - log: [Package] ui-kit@1.0.1 enable
2022-05-31T06:14:22.406Z - log: [Package] engine-extends@1.0.0 enable
2022-05-31T06:14:22.495Z - log: [Package] asset-db@1.0.0 enable
2022-05-31T06:14:22.561Z - log: [Package] scene@1.0.0 enable
2022-05-31T06:14:22.849Z - log: [Package] server@1.0.0 enable
2022-05-31T06:14:22.889Z - log: [Package] utils@1.0.0 enable
2022-05-31T06:14:27.486Z - log: [Package] preview@1.0.1 enable
2022-05-31T06:14:27.652Z - log: [Package] animator@1.0.0 enable
2022-05-31T06:14:28.003Z - log: 设置的 IP 地址不存在，将使用默认 IP
2022-05-31T06:14:29.214Z - log: [Package] builder@1.3.2 enable
2022-05-31T06:14:29.249Z - log: [Package] shortcuts@1.0.1 enable
2022-05-31T06:14:29.282Z - log: [Package] animation-graph@1.0.0 enable
2022-05-31T06:14:29.305Z - log: [Package] runtime-dev-tools@1.0.0 enable
2022-05-31T06:14:29.328Z - log: [Package] channel-upload-tools@1.0.0 enable
2022-05-31T06:14:29.361Z - log: [Package] about@1.0.0 enable
2022-05-31T06:14:29.395Z - log: [Package] assets@1.0.0 enable
2022-05-31T06:14:29.436Z - log: [Package] console@1.0.0 enable
2022-05-31T06:14:29.769Z - log: [Package] extension@3.0.16 enable
2022-05-31T06:14:29.834Z - log: [Package] hierarchy@1.0.0 enable
2022-05-31T06:14:29.899Z - log: [Package] inspector@1.0.0 enable
2022-05-31T06:14:29.939Z - log: [Package] lightmap@1.0.4 enable
2022-05-31T06:14:30.003Z - log: [Package] node-library@1.0.1 enable
2022-05-31T06:14:30.027Z - log: [Package] package-asset@1.0.0 enable
2022-05-31T06:14:30.065Z - log: [Package] process@1.0.0 enable
2022-05-31T06:14:30.108Z - log: [Package] reference-image@1.0.0 enable
2022-05-31T06:14:30.133Z - log: [Package] alipay-mini-game@1.0.0 enable
2022-05-31T06:14:30.196Z - log: [Package] android@1.0.0 enable
2022-05-31T06:14:30.225Z - log: [Package] baidu-mini-game@1.0.0 enable
2022-05-31T06:14:30.250Z - log: [Package] bytedance-mini-game@1.0.1 enable
2022-05-31T06:14:30.278Z - log: [Package] cocos-play@1.0.0 enable
2022-05-31T06:14:30.309Z - log: [Package] huawei-agc@1.0.0 enable
2022-05-31T06:14:30.335Z - log: [Package] huawei-quick-game@1.0.0 enable
2022-05-31T06:14:31.587Z - log: [Package] ios@1.0.0 enable
2022-05-31T06:14:31.613Z - log: [Package] ios-app-clip@1.0.0 enable
2022-05-31T06:14:31.636Z - log: [Package] link-sure@1.0.0 enable
2022-05-31T06:14:31.660Z - log: [Package] linux@1.0.0 enable
2022-05-31T06:14:31.701Z - log: [Package] mac@1.0.0 enable
2022-05-31T06:14:31.880Z - log: [Package] native@1.0.0 enable
2022-05-31T06:14:31.887Z - verbose: [AssetDB] Require engine code (2832ms)
2022-05-31T06:14:31.910Z - log: [Package] ohos@1.0.0 enable
2022-05-31T06:14:32.049Z - log: [Package] open-harmonyos@1.0.0 enable
2022-05-31T06:14:32.075Z - log: [Package] oppo-mini-game@1.0.0 enable
2022-05-31T06:14:32.101Z - log: [Package] qtt@1.0.0 enable
2022-05-31T06:14:32.131Z - log: [Package] vivo-mini-game@1.0.0 enable
2022-05-31T06:14:32.175Z - log: [Package] web-desktop@1.0.0 enable
2022-05-31T06:14:32.214Z - log: [Package] web-mobile@1.0.0 enable
2022-05-31T06:14:32.254Z - log: [Package] wechatgame@1.0.1 enable
2022-05-31T06:14:32.282Z - log: [Package] windows@1.0.0 enable
2022-05-31T06:14:32.307Z - log: [Package] xiaomi-quick-game@1.0.0 enable
2022-05-31T06:14:32.767Z - log: [Package] cocos-service@3.0.3 enable
2022-05-31T06:14:32.855Z - log: [Package] importer@1.0.0 enable
2022-05-31T06:14:33.363Z - log: [Im-plugin] Check im-plugin version.
2022-05-31T06:14:33.395Z - log: [Package] im-plugin@3.0.8 enable
2022-05-31T06:14:34.686Z - log: 设置的 IP 地址不存在，将使用默认 IP
2022-05-31T06:14:34.808Z - log: [Im-plugin] No online info of im-plugin.
2022-05-31T06:14:46.467Z - verbose: [Scene] Require engine code (1ms)
2022-05-31T06:14:46.473Z - verbose: [Scene] Startup engine (4ms)
2022-05-31T06:14:46.512Z - log: [Scene] Cocos Creator v3.5.0
2022-05-31T06:14:46.850Z - verbose: [Scene] Open engine (378ms)
2022-05-31T06:14:46.851Z - verbose: [Scene] Configure engine (0ms)
2022-05-31T06:14:46.622Z - info: [Scene] Forward render pipeline initialized.
2022-05-31T06:15:06.902Z - warn: Metrics: no valid info
