2022-05-09 15:22:47-log: [Package] menu@1.0.0 enable
2022-05-09 15:22:47-log: [Package] profile@1.0.0 enable
2022-05-09 15:22:47-log: [Package] project@1.0.1 enable
2022-05-09 15:22:47-log: [Package] messages@1.0.0 enable
2022-05-09 15:22:47-log: [Package] program@1.0.0 enable
2022-05-09 15:22:47-log: [Package] device@1.0.1 enable
2022-05-09 15:22:47-log: [Package] ui-kit@1.0.1 enable
2022-05-09 15:22:47-log: [Package] tester@1.0.0 enable
2022-05-09 15:22:47-log: [Package] preferences@1.0.0 enable
2022-05-09 15:22:48-log: Setup mods mgr.: 415.681ms
2022-05-09 15:22:48-log: Profile changed: engine (modules.includeModules: 2d,3d,audio,base,dragon-bones,gfx-webgl,gfx-webgl2,intersection-2d,marionette,particle,particle-2d,physics-2d-box2d,physics-ammo,primitive,profiler,spine,terrain,tiled-map,tween,ui,video,webview)
2022-05-09 15:22:48-log: [Package] engine@1.0.5 enable
2022-05-09 15:22:51-log: [Package] programming@1.0.0 enable
2022-05-09 15:22:51-log: [Package] Profile Migrate: builder@Cocos Creator...
2022-05-09 15:22:51-log: [Package] Profile Migrate: builder@Cocos Creator...
2022-05-09 15:22:51-log: [Package] engine-extends@1.0.0 enable
2022-05-09 15:22:51-log: [Package] asset-db@1.0.0 enable
2022-05-09 15:22:51-log: [Package] console@1.0.0 enable
2022-05-09 15:22:51-log: [Package] scene@1.0.0 enable
2022-05-09 15:22:51-log: [Package] about@1.0.0 enable
2022-05-09 15:22:51-log: [Package] server@1.0.0 enable
2022-05-09 15:22:51-log: [Package] utils@1.0.0 enable
2022-05-09 15:22:51-log: [Package] assets@1.0.0 enable
2022-05-09 15:22:52-log: [Package] inspector@1.0.0 enable
2022-05-09 15:22:52-log: [Package] hierarchy@1.0.0 enable
2022-05-09 15:22:54-log: [Package] animator@1.0.0 enable
2022-05-09 15:22:54-log: 设置的 IP 地址不存在，将使用默认 IP
2022-05-09 15:22:56-log: Profile changed: builder (log.level: 4)
2022-05-09 15:22:56-log: [Package] builder@1.3.1 enable
2022-05-09 15:22:56-log: [Package] node-library@1.0.0 enable
2022-05-09 15:22:56-log: [Package] shortcuts@1.0.1 enable
2022-05-09 15:22:56-log: [Package] package-asset@1.0.0 enable
2022-05-09 15:22:56-log: [Package] reference-image@1.0.0 enable
2022-05-09 15:22:56-log: [Package] animation-graph@1.0.0 enable
2022-05-09 15:22:56-log: [Package] channel-upload-tools@1.0.0 enable
2022-05-09 15:22:56-log: [Package] runtime-dev-tools@1.0.0 enable
2022-05-09 15:22:56-log: [Package] lightmap@1.0.4 enable
2022-05-09 15:22:56-log: [Package] alipay-mini-game@1.0.0 enable
2022-05-09 15:22:57-log: [Package] android@1.0.0 enable
2022-05-09 15:22:57-log: [Package] baidu-mini-game@1.0.0 enable
2022-05-09 15:22:57-log: [Package] bytedance-mini-game@1.0.1 enable
2022-05-09 15:22:57-log: [Package] huawei-agc@1.0.0 enable
2022-05-09 15:22:58-log: [Package] ios@1.0.0 enable
2022-05-09 15:22:58-log: [Package] ios-app-clip@1.0.0 enable
2022-05-09 15:22:58-log: [Package] mac@1.0.0 enable
2022-05-09 15:22:58-log: [Package] native@1.0.0 enable
2022-05-09 15:22:58-log: [Package] ohos@1.0.0 enable
2022-05-09 15:22:58-log: [Package] web-desktop@1.0.0 enable
2022-05-09 15:22:58-log: [Package] web-mobile@1.0.0 enable
2022-05-09 15:22:58-log: [Package] wechatgame@1.0.1 enable
2022-05-09 15:22:59-log: [Package] windows@1.0.0 enable
2022-05-09 15:22:59-log: [Package] xiaomi-quick-game@1.0.0 enable
2022-05-09 15:22:59-log: [Package] cocos-play@1.0.0 enable
2022-05-09 15:22:59-log: [Package] huawei-quick-game@1.0.0 enable
2022-05-09 15:22:59-log: [Package] link-sure@1.0.0 enable
2022-05-09 15:22:59-log: [Package] oppo-mini-game@1.0.0 enable
2022-05-09 15:22:59-log: [Package] qtt@1.0.0 enable
2022-05-09 15:22:59-log: [Package] vivo-mini-game@1.0.0 enable
2022-05-09 15:22:59-log: [Package] cocos-service@3.0.2 enable
2022-05-09 15:22:59-log: [Package] importer@1.0.0 enable
2022-05-09 15:23:00-log: [Package] extension@3.0.15 enable
2022-05-09 15:23:00-log: [Im-plugin] Check im-plugin version.
2022-05-09 15:23:00-log: [Package] im-plugin@3.0.8 enable
2022-05-09 15:23:01-log: 设置的 IP 地址不存在，将使用默认 IP
2022-05-09 15:23:02-log: [Im-plugin] No online info of im-plugin.
2022-05-09 15:23:09-warn: Browserslist: caniuse-lite is outdated. Please run:
npx browserslist@latest --update-db

Why you should do it regularly:
https://github.com/browserslist/browserslist#browsers-data-updating
2022-05-09 15:23:10-log: [Scene] Cocos Creator v3.4.2
2022-05-09 15:23:11-warn: [Scene] 'macro.KEY' is deprecated. (please use KeyCode instead)
2022-05-09 15:23:11-warn: [Scene] 'macro.KEY' is deprecated. (please use KeyCode instead)
2022-05-09 15:23:11-warn: [Scene] 'macro.KEY' is deprecated. (please use KeyCode instead)
2022-05-09 15:23:11-warn: [Scene] 'macro.KEY' is deprecated. (please use KeyCode instead)
2022-05-09 15:23:11-info: [Scene] Forward render pipeline initialized.
2022-05-09 15:23:13-warn: [Scene] 'macro.KEY' is deprecated. (please use KeyCode instead)
2022-05-09 15:23:13-warn: [Scene] 'macro.KEY' is deprecated. (please use KeyCode instead)
2022-05-09 15:23:13-warn: [Scene] 'macro.KEY' is deprecated. (please use KeyCode instead)
2022-05-09 15:23:13-warn: [Scene] 'macro.KEY' is deprecated. (please use KeyCode instead)
2022-05-31T06:28:56.801Z - log: [Package] menu@1.0.0 enable
2022-05-31T06:28:56.804Z - log: [Package] profile@1.0.0 enable
2022-05-31T06:28:56.818Z - log: [Package] project@1.0.2 enable
2022-05-31T06:28:56.825Z - log: [Package] messages@1.0.0 enable
2022-05-31T06:28:56.832Z - log: [Package] program@1.0.0 enable
2022-05-31T06:28:56.838Z - log: [Package] tester@1.0.0 enable
2022-05-31T06:28:56.844Z - log: [Package] preferences@1.0.0 enable
2022-05-31T06:28:57.647Z - log: Setup mods mgr.: 350.806ms
2022-05-31T06:28:57.656Z - verbose: [Engine] QuickCompile engine (751ms)
2022-05-31T06:28:57.659Z - log: [Package] engine@1.0.6 enable
2022-05-31T06:28:58.574Z - log: [Package] programming@1.0.0 enable
2022-05-31T06:28:58.882Z - log: [Package] device@1.0.1 enable
2022-05-31T06:28:58.911Z - log: [Package] ui-kit@1.0.1 enable
2022-05-31T06:28:58.935Z - log: [Package] engine-extends@1.0.0 enable
2022-05-31T06:28:58.998Z - log: [Package] asset-db@1.0.0 enable
2022-05-31T06:28:59.049Z - log: [Package] scene@1.0.0 enable
2022-05-31T06:28:59.304Z - log: [Package] server@1.0.0 enable
2022-05-31T06:28:59.127Z - error: [Window] Failed to execute 'define' on 'CustomElementRegistry': the name "ui-node" has already been used with this registryError: Failed to execute 'define' on 'CustomElementRegistry': the name "ui-node" has already been used with this registry
    at Object.register (/Applications/CocosCreator/Creator/3.5.0/CocosCreator.app/Contents/Resources/app.asar/node_modules/@editor/creator/dist/ui-kit/index.ccc:1:271)
    at EventEmitter.e (/Applications/CocosCreator/Creator/3.5.0/CocosCreator.app/Contents/Resources/app.asar/modules/editor-extensions/extensions/ui-kit/static/scripts/windows.js:1:839)
    at EventEmitter.emit (events.js:327:22)
    at PackageManager.<anonymous> (/Applications/CocosCreator/Creator/3.5.0/CocosCreator.app/Contents/Resources/app.asar/node_modules/@editor/creator/dist/package/renderer/index.ccc:1:1637)
    at PackageManager.emit (events.js:315:20)
    at EventEmitter.<anonymous> (/Applications/CocosCreator/Creator/3.5.0/CocosCreator.app/Contents/Resources/app.asar/node_modules/@editor/package/dist/renderer/index.js:1:785)
    at EventEmitter.emit (events.js:315:20)
    at EventEmitter.<anonymous> (/Applications/CocosCreator/Creator/3.5.0/CocosCreator.app/Contents/Resources/app.asar/node_modules/@base/electron-base-ipc/dist/renderer.ccc:1:2802)
    at EventEmitter.emit (events.js:315:20)
    at Object.onMessage (electron/js2c/renderer_init.js:93:1117)
2022-05-31T06:28:59.338Z - log: [Package] utils@1.0.0 enable
2022-05-31T06:29:04.615Z - log: [Package] preview@1.0.1 enable
2022-05-31T06:29:04.717Z - log: [Package] animator@1.0.0 enable
2022-05-31T06:29:04.925Z - log: 设置的 IP 地址不存在，将使用默认 IP
2022-05-31T06:29:06.439Z - log: [Package] builder@1.3.2 enable
2022-05-31T06:29:06.477Z - log: [Package] shortcuts@1.0.1 enable
2022-05-31T06:29:06.513Z - log: [Package] animation-graph@1.0.0 enable
2022-05-31T06:29:06.541Z - log: [Package] runtime-dev-tools@1.0.0 enable
2022-05-31T06:29:06.566Z - log: [Package] channel-upload-tools@1.0.0 enable
2022-05-31T06:29:06.605Z - log: [Package] about@1.0.0 enable
2022-05-31T06:29:06.654Z - log: [Package] assets@1.0.0 enable
2022-05-31T06:29:06.703Z - log: [Package] console@1.0.0 enable
2022-05-31T06:29:07.248Z - log: [Package] extension@3.0.16 enable
2022-05-31T06:29:07.298Z - log: [Package] hierarchy@1.0.0 enable
2022-05-31T06:29:07.391Z - log: [Package] inspector@1.0.0 enable
2022-05-31T06:29:07.469Z - log: [Package] lightmap@1.0.4 enable
2022-05-31T06:29:07.535Z - log: [Package] node-library@1.0.1 enable
2022-05-31T06:29:07.568Z - log: [Package] package-asset@1.0.0 enable
2022-05-31T06:29:07.629Z - log: [Package] process@1.0.0 enable
2022-05-31T06:29:07.705Z - log: [Package] reference-image@1.0.0 enable
2022-05-31T06:29:07.739Z - log: [Package] alipay-mini-game@1.0.0 enable
2022-05-31T06:29:07.776Z - log: [Package] android@1.0.0 enable
2022-05-31T06:29:07.811Z - log: [Package] baidu-mini-game@1.0.0 enable
2022-05-31T06:29:07.835Z - log: [Package] bytedance-mini-game@1.0.1 enable
2022-05-31T06:29:07.861Z - log: [Package] cocos-play@1.0.0 enable
2022-05-31T06:29:07.889Z - log: [Package] huawei-agc@1.0.0 enable
2022-05-31T06:29:07.915Z - log: [Package] huawei-quick-game@1.0.0 enable
2022-05-31T06:29:09.859Z - log: [Package] ios@1.0.0 enable
2022-05-31T06:29:09.906Z - log: [Package] ios-app-clip@1.0.0 enable
2022-05-31T06:29:10.005Z - log: [Package] link-sure@1.0.0 enable
2022-05-31T06:29:10.059Z - log: [Package] linux@1.0.0 enable
2022-05-31T06:29:10.088Z - log: [Package] mac@1.0.0 enable
2022-05-31T06:29:10.315Z - log: [Package] native@1.0.0 enable
2022-05-31T06:29:10.373Z - log: [Package] ohos@1.0.0 enable
2022-05-31T06:29:10.387Z - verbose: [AssetDB] Require engine code (4333ms)
2022-05-31T06:29:10.404Z - log: [Package] open-harmonyos@1.0.0 enable
2022-05-31T06:29:10.441Z - log: [Package] oppo-mini-game@1.0.0 enable
2022-05-31T06:29:10.474Z - log: [Package] qtt@1.0.0 enable
2022-05-31T06:29:10.509Z - log: [Package] vivo-mini-game@1.0.0 enable
2022-05-31T06:29:10.568Z - log: [Package] web-desktop@1.0.0 enable
2022-05-31T06:29:10.622Z - log: [Package] web-mobile@1.0.0 enable
2022-05-31T06:29:10.667Z - log: [Package] wechatgame@1.0.1 enable
2022-05-31T06:29:10.700Z - log: [Package] windows@1.0.0 enable
2022-05-31T06:29:10.731Z - log: [Package] xiaomi-quick-game@1.0.0 enable
2022-05-31T06:29:11.490Z - log: [Package] cocos-service@3.0.3 enable
2022-05-31T06:29:11.540Z - log: [Package] importer@1.0.0 enable
2022-05-31T06:29:12.270Z - log: [Im-plugin] Check im-plugin version.
2022-05-31T06:29:12.287Z - log: [Package] im-plugin@3.0.8 enable
2022-05-31T06:29:13.509Z - log: [Im-plugin] No online info of im-plugin.
2022-05-31T06:29:14.247Z - log: 设置的 IP 地址不存在，将使用默认 IP
2022-05-31T06:29:29.886Z - verbose: [Scene] Require engine code (1ms)
2022-05-31T06:29:29.887Z - verbose: [Scene] Startup engine (0ms)
2022-05-31T06:29:29.934Z - log: [Scene] Cocos Creator v3.5.0
2022-05-31T06:29:30.075Z - warn: [Scene] 'macro.KEY' is deprecated. (please use KeyCode instead)Error: [Scene] 'macro.KEY' is deprecated. (please use KeyCode instead)
    at warn (/Applications/CocosCreator/Creator/3.5.0/CocosCreator.app/Contents/Resources/resources/3d/engine/bin/.cache/dev/editor/bundled/index.js:131533:10)
    at markAsWarningLog (/Applications/CocosCreator/Creator/3.5.0/CocosCreator.app/Contents/Resources/resources/3d/engine/bin/.cache/dev/editor/bundled/index.js:145566:5)
    at Object.get (/Applications/CocosCreator/Creator/3.5.0/CocosCreator.app/Contents/Resources/resources/3d/engine/bin/.cache/dev/editor/bundled/index.js:145626:13)
    at file:///Users/mu/work/gitee/cocos-creator-how-to-use/proj/Physics/Creator3.5.0_3D_PhysicsRaycast/temp/programming/packer-driver/targets/editor/chunks/b5/b54ce7bdb4c8d55ef3e171102991b0c174d4fc84.js:56:32
    at Object.execute (file:///Users/mu/work/gitee/cocos-creator-how-to-use/proj/Physics/Creator3.5.0_3D_PhysicsRaycast/temp/programming/packer-driver/targets/editor/chunks/b5/b54ce7bdb4c8d55ef3e171102991b0c174d4fc84.js:59:9)
    at doExec (/Applications/CocosCreator/Creator/3.5.0/CocosCreator.app/Contents/Resources/app.asar/node_modules/@editor/lib-programming/static/executor/systemjs-bridge/out/index.js:487:32)
    at postOrderExec (/Applications/CocosCreator/Creator/3.5.0/CocosCreator.app/Contents/Resources/app.asar/node_modules/@editor/lib-programming/static/executor/systemjs-bridge/out/index.js:483:10)
2022-05-31T06:29:30.075Z - warn: [Scene] 'macro.KEY' is deprecated. (please use KeyCode instead)Error: [Scene] 'macro.KEY' is deprecated. (please use KeyCode instead)
    at warn (/Applications/CocosCreator/Creator/3.5.0/CocosCreator.app/Contents/Resources/resources/3d/engine/bin/.cache/dev/editor/bundled/index.js:131533:10)
    at markAsWarningLog (/Applications/CocosCreator/Creator/3.5.0/CocosCreator.app/Contents/Resources/resources/3d/engine/bin/.cache/dev/editor/bundled/index.js:145566:5)
    at Object.get (/Applications/CocosCreator/Creator/3.5.0/CocosCreator.app/Contents/Resources/resources/3d/engine/bin/.cache/dev/editor/bundled/index.js:145626:13)
    at file:///Users/mu/work/gitee/cocos-creator-how-to-use/proj/Physics/Creator3.5.0_3D_PhysicsRaycast/temp/programming/packer-driver/targets/editor/chunks/b5/b54ce7bdb4c8d55ef3e171102991b0c174d4fc84.js:57:32
    at Object.execute (file:///Users/mu/work/gitee/cocos-creator-how-to-use/proj/Physics/Creator3.5.0_3D_PhysicsRaycast/temp/programming/packer-driver/targets/editor/chunks/b5/b54ce7bdb4c8d55ef3e171102991b0c174d4fc84.js:59:9)
    at doExec (/Applications/CocosCreator/Creator/3.5.0/CocosCreator.app/Contents/Resources/app.asar/node_modules/@editor/lib-programming/static/executor/systemjs-bridge/out/index.js:487:32)
    at postOrderExec (/Applications/CocosCreator/Creator/3.5.0/CocosCreator.app/Contents/Resources/app.asar/node_modules/@editor/lib-programming/static/executor/systemjs-bridge/out/index.js:483:10)
2022-05-31T06:29:30.075Z - warn: [Scene] 'macro.KEY' is deprecated. (please use KeyCode instead)Error: [Scene] 'macro.KEY' is deprecated. (please use KeyCode instead)
    at warn (/Applications/CocosCreator/Creator/3.5.0/CocosCreator.app/Contents/Resources/resources/3d/engine/bin/.cache/dev/editor/bundled/index.js:131533:10)
    at markAsWarningLog (/Applications/CocosCreator/Creator/3.5.0/CocosCreator.app/Contents/Resources/resources/3d/engine/bin/.cache/dev/editor/bundled/index.js:145566:5)
    at Object.get (/Applications/CocosCreator/Creator/3.5.0/CocosCreator.app/Contents/Resources/resources/3d/engine/bin/.cache/dev/editor/bundled/index.js:145626:13)
    at file:///Users/mu/work/gitee/cocos-creator-how-to-use/proj/Physics/Creator3.5.0_3D_PhysicsRaycast/temp/programming/packer-driver/targets/editor/chunks/b5/b54ce7bdb4c8d55ef3e171102991b0c174d4fc84.js:58:32
    at Object.execute (file:///Users/mu/work/gitee/cocos-creator-how-to-use/proj/Physics/Creator3.5.0_3D_PhysicsRaycast/temp/programming/packer-driver/targets/editor/chunks/b5/b54ce7bdb4c8d55ef3e171102991b0c174d4fc84.js:59:9)
    at doExec (/Applications/CocosCreator/Creator/3.5.0/CocosCreator.app/Contents/Resources/app.asar/node_modules/@editor/lib-programming/static/executor/systemjs-bridge/out/index.js:487:32)
    at postOrderExec (/Applications/CocosCreator/Creator/3.5.0/CocosCreator.app/Contents/Resources/app.asar/node_modules/@editor/lib-programming/static/executor/systemjs-bridge/out/index.js:483:10)
2022-05-31T06:29:30.076Z - warn: [Scene] 'macro.KEY' is deprecated. (please use KeyCode instead)Error: [Scene] 'macro.KEY' is deprecated. (please use KeyCode instead)
    at warn (/Applications/CocosCreator/Creator/3.5.0/CocosCreator.app/Contents/Resources/resources/3d/engine/bin/.cache/dev/editor/bundled/index.js:131533:10)
    at markAsWarningLog (/Applications/CocosCreator/Creator/3.5.0/CocosCreator.app/Contents/Resources/resources/3d/engine/bin/.cache/dev/editor/bundled/index.js:145566:5)
    at Object.get (/Applications/CocosCreator/Creator/3.5.0/CocosCreator.app/Contents/Resources/resources/3d/engine/bin/.cache/dev/editor/bundled/index.js:145626:13)
    at initializer (file:///Users/mu/work/gitee/cocos-creator-how-to-use/proj/Physics/Creator3.5.0_3D_PhysicsRaycast/temp/programming/packer-driver/targets/editor/chunks/b5/b54ce7bdb4c8d55ef3e171102991b0c174d4fc84.js:192:24)
    at getDefaultFromInitializer (/Applications/CocosCreator/Creator/3.5.0/CocosCreator.app/Contents/Resources/resources/3d/engine/bin/.cache/dev/editor/bundled/index.js:211428:13)
    at setDefaultValue (/Applications/CocosCreator/Creator/3.5.0/CocosCreator.app/Contents/Resources/resources/3d/engine/bin/.cache/dev/editor/bundled/index.js:211552:31)
    at mergePropertyOptions (/Applications/CocosCreator/Creator/3.5.0/CocosCreator.app/Contents/Resources/resources/3d/engine/bin/.cache/dev/editor/bundled/index.js:211536:5)
2022-05-31T06:29:30.442Z - verbose: [Scene] Open engine (555ms)
2022-05-31T06:29:30.442Z - verbose: [Scene] Configure engine (0ms)
2022-05-31T06:29:30.089Z - info: [Scene] Forward render pipeline initialized.
2022-05-31T06:29:31.296Z - warn: [Scene] 'macro.KEY' is deprecated. (please use KeyCode instead)Error: [Scene] 'macro.KEY' is deprecated. (please use KeyCode instead)
    at warn (/Applications/CocosCreator/Creator/3.5.0/CocosCreator.app/Contents/Resources/resources/3d/engine/bin/.cache/dev/editor/bundled/index.js:131533:10)
    at markAsWarningLog (/Applications/CocosCreator/Creator/3.5.0/CocosCreator.app/Contents/Resources/resources/3d/engine/bin/.cache/dev/editor/bundled/index.js:145566:5)
    at Object.get (/Applications/CocosCreator/Creator/3.5.0/CocosCreator.app/Contents/Resources/resources/3d/engine/bin/.cache/dev/editor/bundled/index.js:145626:13)
    at file:///Users/mu/work/gitee/cocos-creator-how-to-use/proj/Physics/Creator3.5.0_3D_PhysicsRaycast/temp/programming/packer-driver/targets/editor/chunks/b5/b54ce7bdb4c8d55ef3e171102991b0c174d4fc84.js:56:32
    at Object.execute (file:///Users/mu/work/gitee/cocos-creator-how-to-use/proj/Physics/Creator3.5.0_3D_PhysicsRaycast/temp/programming/packer-driver/targets/editor/chunks/b5/b54ce7bdb4c8d55ef3e171102991b0c174d4fc84.js:59:9)
    at doExec (/Applications/CocosCreator/Creator/3.5.0/CocosCreator.app/Contents/Resources/app.asar/node_modules/@editor/lib-programming/static/executor/systemjs-bridge/out/index.js:487:32)
    at postOrderExec (/Applications/CocosCreator/Creator/3.5.0/CocosCreator.app/Contents/Resources/app.asar/node_modules/@editor/lib-programming/static/executor/systemjs-bridge/out/index.js:483:10)
2022-05-31T06:29:31.296Z - warn: [Scene] 'macro.KEY' is deprecated. (please use KeyCode instead)Error: [Scene] 'macro.KEY' is deprecated. (please use KeyCode instead)
    at warn (/Applications/CocosCreator/Creator/3.5.0/CocosCreator.app/Contents/Resources/resources/3d/engine/bin/.cache/dev/editor/bundled/index.js:131533:10)
    at markAsWarningLog (/Applications/CocosCreator/Creator/3.5.0/CocosCreator.app/Contents/Resources/resources/3d/engine/bin/.cache/dev/editor/bundled/index.js:145566:5)
    at Object.get (/Applications/CocosCreator/Creator/3.5.0/CocosCreator.app/Contents/Resources/resources/3d/engine/bin/.cache/dev/editor/bundled/index.js:145626:13)
    at file:///Users/mu/work/gitee/cocos-creator-how-to-use/proj/Physics/Creator3.5.0_3D_PhysicsRaycast/temp/programming/packer-driver/targets/editor/chunks/b5/b54ce7bdb4c8d55ef3e171102991b0c174d4fc84.js:57:32
    at Object.execute (file:///Users/mu/work/gitee/cocos-creator-how-to-use/proj/Physics/Creator3.5.0_3D_PhysicsRaycast/temp/programming/packer-driver/targets/editor/chunks/b5/b54ce7bdb4c8d55ef3e171102991b0c174d4fc84.js:59:9)
    at doExec (/Applications/CocosCreator/Creator/3.5.0/CocosCreator.app/Contents/Resources/app.asar/node_modules/@editor/lib-programming/static/executor/systemjs-bridge/out/index.js:487:32)
    at postOrderExec (/Applications/CocosCreator/Creator/3.5.0/CocosCreator.app/Contents/Resources/app.asar/node_modules/@editor/lib-programming/static/executor/systemjs-bridge/out/index.js:483:10)
2022-05-31T06:29:31.296Z - warn: [Scene] 'macro.KEY' is deprecated. (please use KeyCode instead)Error: [Scene] 'macro.KEY' is deprecated. (please use KeyCode instead)
    at warn (/Applications/CocosCreator/Creator/3.5.0/CocosCreator.app/Contents/Resources/resources/3d/engine/bin/.cache/dev/editor/bundled/index.js:131533:10)
    at markAsWarningLog (/Applications/CocosCreator/Creator/3.5.0/CocosCreator.app/Contents/Resources/resources/3d/engine/bin/.cache/dev/editor/bundled/index.js:145566:5)
    at Object.get (/Applications/CocosCreator/Creator/3.5.0/CocosCreator.app/Contents/Resources/resources/3d/engine/bin/.cache/dev/editor/bundled/index.js:145626:13)
    at file:///Users/mu/work/gitee/cocos-creator-how-to-use/proj/Physics/Creator3.5.0_3D_PhysicsRaycast/temp/programming/packer-driver/targets/editor/chunks/b5/b54ce7bdb4c8d55ef3e171102991b0c174d4fc84.js:58:32
    at Object.execute (file:///Users/mu/work/gitee/cocos-creator-how-to-use/proj/Physics/Creator3.5.0_3D_PhysicsRaycast/temp/programming/packer-driver/targets/editor/chunks/b5/b54ce7bdb4c8d55ef3e171102991b0c174d4fc84.js:59:9)
    at doExec (/Applications/CocosCreator/Creator/3.5.0/CocosCreator.app/Contents/Resources/app.asar/node_modules/@editor/lib-programming/static/executor/systemjs-bridge/out/index.js:487:32)
    at postOrderExec (/Applications/CocosCreator/Creator/3.5.0/CocosCreator.app/Contents/Resources/app.asar/node_modules/@editor/lib-programming/static/executor/systemjs-bridge/out/index.js:483:10)
2022-05-31T06:29:31.296Z - warn: [Scene] 'macro.KEY' is deprecated. (please use KeyCode instead)Error: [Scene] 'macro.KEY' is deprecated. (please use KeyCode instead)
    at warn (/Applications/CocosCreator/Creator/3.5.0/CocosCreator.app/Contents/Resources/resources/3d/engine/bin/.cache/dev/editor/bundled/index.js:131533:10)
    at markAsWarningLog (/Applications/CocosCreator/Creator/3.5.0/CocosCreator.app/Contents/Resources/resources/3d/engine/bin/.cache/dev/editor/bundled/index.js:145566:5)
    at Object.get (/Applications/CocosCreator/Creator/3.5.0/CocosCreator.app/Contents/Resources/resources/3d/engine/bin/.cache/dev/editor/bundled/index.js:145626:13)
    at initializer (file:///Users/mu/work/gitee/cocos-creator-how-to-use/proj/Physics/Creator3.5.0_3D_PhysicsRaycast/temp/programming/packer-driver/targets/editor/chunks/b5/b54ce7bdb4c8d55ef3e171102991b0c174d4fc84.js:192:24)
    at getDefaultFromInitializer (/Applications/CocosCreator/Creator/3.5.0/CocosCreator.app/Contents/Resources/resources/3d/engine/bin/.cache/dev/editor/bundled/index.js:211428:13)
    at setDefaultValue (/Applications/CocosCreator/Creator/3.5.0/CocosCreator.app/Contents/Resources/resources/3d/engine/bin/.cache/dev/editor/bundled/index.js:211552:31)
    at mergePropertyOptions (/Applications/CocosCreator/Creator/3.5.0/CocosCreator.app/Contents/Resources/resources/3d/engine/bin/.cache/dev/editor/bundled/index.js:211536:5)
2022-05-31T06:30:23.517Z - warn: [Scene] 'macro.KEY' is deprecated. (please use KeyCode instead)Error: [Scene] 'macro.KEY' is deprecated. (please use KeyCode instead)
    at warn (/Applications/CocosCreator/Creator/3.5.0/CocosCreator.app/Contents/Resources/resources/3d/engine/bin/.cache/dev/editor/bundled/index.js:131533:10)
    at markAsWarningLog (/Applications/CocosCreator/Creator/3.5.0/CocosCreator.app/Contents/Resources/resources/3d/engine/bin/.cache/dev/editor/bundled/index.js:145566:5)
    at Object.get (/Applications/CocosCreator/Creator/3.5.0/CocosCreator.app/Contents/Resources/resources/3d/engine/bin/.cache/dev/editor/bundled/index.js:145626:13)
    at RaycastHelper.initializer (file:///Users/mu/work/gitee/cocos-creator-how-to-use/proj/Physics/Creator3.5.0_3D_PhysicsRaycast/temp/programming/packer-driver/targets/editor/chunks/b5/b54ce7bdb4c8d55ef3e171102991b0c174d4fc84.js:192:24)
    at _initializerDefineProperty (file:///Users/mu/work/gitee/cocos-creator-how-to-use/proj/Physics/Creator3.5.0_3D_PhysicsRaycast/temp/programming/packer-driver/targets/editor/chunks/b5/b54ce7bdb4c8d55ef3e171102991b0c174d4fc84.js:6:307)
    at new RaycastHelper (file:///Users/mu/work/gitee/cocos-creator-how-to-use/proj/Physics/Creator3.5.0_3D_PhysicsRaycast/temp/programming/packer-driver/targets/editor/chunks/b5/b54ce7bdb4c8d55ef3e171102991b0c174d4fc84.js:79:11)
    at createObject (/Applications/CocosCreator/Creator/3.5.0/CocosCreator.app/Contents/Resources/resources/3d/engine/bin/.cache/dev/editor/bundled/index.js:94088:19)
2022-05-31T06:30:24.461Z - warn: [Scene] 'macro.KEY' is deprecated. (please use KeyCode instead)Error: [Scene] 'macro.KEY' is deprecated. (please use KeyCode instead)
    at warn (/Applications/CocosCreator/Creator/3.5.0/CocosCreator.app/Contents/Resources/resources/3d/engine/bin/.cache/dev/editor/bundled/index.js:131533:10)
    at markAsWarningLog (/Applications/CocosCreator/Creator/3.5.0/CocosCreator.app/Contents/Resources/resources/3d/engine/bin/.cache/dev/editor/bundled/index.js:145566:5)
    at Object.get (/Applications/CocosCreator/Creator/3.5.0/CocosCreator.app/Contents/Resources/resources/3d/engine/bin/.cache/dev/editor/bundled/index.js:145626:13)
    at RaycastHelper.initializer (file:///Users/mu/work/gitee/cocos-creator-how-to-use/proj/Physics/Creator3.5.0_3D_PhysicsRaycast/temp/programming/packer-driver/targets/editor/chunks/b5/b54ce7bdb4c8d55ef3e171102991b0c174d4fc84.js:192:24)
    at _initializerDefineProperty (file:///Users/mu/work/gitee/cocos-creator-how-to-use/proj/Physics/Creator3.5.0_3D_PhysicsRaycast/temp/programming/packer-driver/targets/editor/chunks/b5/b54ce7bdb4c8d55ef3e171102991b0c174d4fc84.js:6:307)
    at new RaycastHelper (file:///Users/mu/work/gitee/cocos-creator-how-to-use/proj/Physics/Creator3.5.0_3D_PhysicsRaycast/temp/programming/packer-driver/targets/editor/chunks/b5/b54ce7bdb4c8d55ef3e171102991b0c174d4fc84.js:79:11)
    at Function.doInstantiate [as _clone] (/Applications/CocosCreator/Creator/3.5.0/CocosCreator.app/Contents/Resources/resources/3d/engine/bin/.cache/dev/editor/bundled/index.js:97000:13)
2022-05-31T06:34:57.531Z - log: 设置的 IP 地址不存在，将使用默认 IP
2022-05-31T06:34:58.580Z - log: 设置的 IP 地址不存在，将使用默认 IP
2022-05-31T06:36:28.315Z - warn: Metrics: no valid info
