2022-06-01T01:15:47.941Z - log: [Package] menu@1.0.0 enable
2022-06-01T01:15:47.944Z - log: [Package] profile@1.0.0 enable
2022-06-01T01:15:47.960Z - log: [Package] project@1.0.2 enable
2022-06-01T01:15:47.967Z - log: [Package] messages@1.0.0 enable
2022-06-01T01:15:47.972Z - log: [Package] program@1.0.0 enable
2022-06-01T01:15:47.979Z - log: [Package] tester@1.0.0 enable
2022-06-01T01:15:47.986Z - log: [Package] preferences@1.0.0 enable
2022-06-01T01:15:48.743Z - log: Setup mods mgr.: 332.518ms
2022-06-01T01:15:48.756Z - verbose: [Engine] QuickCompile engine (699ms)
2022-06-01T01:15:48.759Z - log: [Package] engine@1.0.6 enable
2022-06-01T01:15:49.653Z - log: [Package] programming@1.0.0 enable
2022-06-01T01:15:49.967Z - log: [Package] device@1.0.1 enable
2022-06-01T01:15:49.994Z - log: [Package] ui-kit@1.0.1 enable
2022-06-01T01:15:50.023Z - log: [Package] engine-extends@1.0.0 enable
2022-06-01T01:15:50.097Z - log: [Package] asset-db@1.0.0 enable
2022-06-01T01:15:50.143Z - log: [Package] scene@1.0.0 enable
2022-06-01T01:15:50.382Z - log: [Package] server@1.0.0 enable
2022-06-01T01:15:50.422Z - log: [Package] utils@1.0.0 enable
2022-06-01T01:15:55.249Z - log: [Package] preview@1.0.1 enable
2022-06-01T01:15:55.330Z - log: [Package] animator@1.0.0 enable
2022-06-01T01:15:55.576Z - log: 设置的 IP 地址不存在，将使用默认 IP
2022-06-01T01:15:57.484Z - log: [Package] builder@1.3.2 enable
2022-06-01T01:15:57.524Z - log: [Package] shortcuts@1.0.1 enable
2022-06-01T01:15:57.661Z - log: [Package] animation-graph@1.0.0 enable
2022-06-01T01:15:57.709Z - log: [Package] runtime-dev-tools@1.0.0 enable
2022-06-01T01:15:57.732Z - log: [Package] channel-upload-tools@1.0.0 enable
2022-06-01T01:15:57.799Z - log: [Package] about@1.0.0 enable
2022-06-01T01:15:57.850Z - log: [Package] assets@1.0.0 enable
2022-06-01T01:15:57.910Z - log: [Package] console@1.0.0 enable
2022-06-01T01:15:58.651Z - log: [Package] extension@3.0.16 enable
2022-06-01T01:15:58.834Z - log: [Package] hierarchy@1.0.0 enable
2022-06-01T01:15:58.887Z - log: [Package] inspector@1.0.0 enable
2022-06-01T01:15:59.067Z - log: [Package] lightmap@1.0.4 enable
2022-06-01T01:15:59.313Z - log: [Package] node-library@1.0.1 enable
2022-06-01T01:15:59.551Z - log: [Package] package-asset@1.0.0 enable
2022-06-01T01:15:59.596Z - log: [Package] process@1.0.0 enable
2022-06-01T01:15:59.651Z - log: [Package] reference-image@1.0.0 enable
2022-06-01T01:15:59.748Z - log: [Package] alipay-mini-game@1.0.0 enable
2022-06-01T01:15:59.802Z - log: [Package] android@1.0.0 enable
2022-06-01T01:15:59.829Z - log: [Package] baidu-mini-game@1.0.0 enable
2022-06-01T01:15:59.854Z - log: [Package] bytedance-mini-game@1.0.1 enable
2022-06-01T01:15:59.880Z - log: [Package] cocos-play@1.0.0 enable
2022-06-01T01:15:59.917Z - log: [Package] huawei-agc@1.0.0 enable
2022-06-01T01:15:59.947Z - log: [Package] huawei-quick-game@1.0.0 enable
2022-06-01T01:16:20.508Z - log: [Package] ios@1.0.0 enable
2022-06-01T01:16:20.535Z - log: [Package] ios-app-clip@1.0.0 enable
2022-06-01T01:16:20.564Z - log: [Package] link-sure@1.0.0 enable
2022-06-01T01:16:20.595Z - log: [Package] linux@1.0.0 enable
2022-06-01T01:16:20.619Z - log: [Package] mac@1.0.0 enable
2022-06-01T01:16:20.820Z - log: [Package] native@1.0.0 enable
2022-06-01T01:16:20.852Z - log: [Package] ohos@1.0.0 enable
2022-06-01T01:16:20.998Z - log: [Package] open-harmonyos@1.0.0 enable
2022-06-01T01:16:21.025Z - log: [Package] oppo-mini-game@1.0.0 enable
2022-06-01T01:16:21.050Z - log: [Package] qtt@1.0.0 enable
2022-06-01T01:16:21.077Z - log: [Package] vivo-mini-game@1.0.0 enable
2022-06-01T01:16:21.126Z - log: [Package] web-desktop@1.0.0 enable
2022-06-01T01:16:21.174Z - log: [Package] web-mobile@1.0.0 enable
2022-06-01T01:16:21.215Z - log: [Package] wechatgame@1.0.1 enable
2022-06-01T01:16:21.242Z - log: [Package] windows@1.0.0 enable
2022-06-01T01:16:21.319Z - log: [Package] xiaomi-quick-game@1.0.0 enable
2022-06-01T01:16:21.684Z - log: [Package] cocos-service@3.0.3 enable
2022-06-01T01:16:21.733Z - log: [Package] importer@1.0.0 enable
2022-06-01T01:16:22.110Z - log: [Im-plugin] Check im-plugin version.
2022-06-01T01:16:22.128Z - log: [Package] im-plugin@3.0.8 enable
2022-06-01T01:16:22.819Z - verbose: [AssetDB] Require engine code (25097ms)
2022-06-01T01:16:23.257Z - log: [Im-plugin] No online info of im-plugin.
2022-06-01T01:16:24.097Z - log: 设置的 IP 地址不存在，将使用默认 IP
2022-06-01T01:16:43.770Z - verbose: [Scene] Require engine code (1ms)
2022-06-01T01:16:43.772Z - verbose: [Scene] Startup engine (0ms)
2022-06-01T01:16:43.814Z - log: [Scene] Cocos Creator v3.5.0
2022-06-01T01:16:44.192Z - verbose: [Scene] Open engine (421ms)
2022-06-01T01:16:44.193Z - verbose: [Scene] Configure engine (0ms)
2022-06-01T01:16:43.937Z - info: [Scene] Forward render pipeline initialized.
2022-06-01T01:17:18.419Z - warn: Metrics: no valid info
2022-06-10T01:25:52.434Z - log: [Package] menu@1.0.0 enable
2022-06-10T01:25:52.439Z - log: [Package] profile@1.0.0 enable
2022-06-10T01:25:52.454Z - log: [Package] project@1.0.2 enable
2022-06-10T01:25:52.461Z - log: [Package] messages@1.0.0 enable
2022-06-10T01:25:52.466Z - log: [Package] program@1.0.0 enable
2022-06-10T01:25:52.474Z - log: [Package] tester@1.0.0 enable
2022-06-10T01:25:52.483Z - log: [Package] preferences@1.0.0 enable
2022-06-10T01:25:53.599Z - log: Setup mods mgr.: 409.402ms
2022-06-10T01:25:53.613Z - verbose: [Engine] QuickCompile engine (960ms)
2022-06-10T01:25:53.616Z - log: [Package] engine@1.0.6 enable
2022-06-10T01:25:54.960Z - log: [Package] programming@1.0.0 enable
2022-06-10T01:25:55.276Z - log: [Package] device@1.0.1 enable
2022-06-10T01:25:55.306Z - log: [Package] ui-kit@1.0.1 enable
2022-06-10T01:25:55.329Z - log: [Package] engine-extends@1.0.0 enable
2022-06-10T01:25:55.405Z - log: [Package] asset-db@1.0.0 enable
2022-06-10T01:25:55.468Z - log: [Package] scene@1.0.0 enable
2022-06-10T01:25:55.788Z - log: [Package] server@1.0.0 enable
2022-06-10T01:25:55.830Z - log: [Package] utils@1.0.0 enable
2022-06-10T01:26:03.046Z - log: [Package] preview@1.0.1 enable
2022-06-10T01:26:03.082Z - log: [Package] animator@1.0.0 enable
2022-06-10T01:26:03.280Z - log: 设置的 IP 地址不存在，将使用默认 IP
2022-06-10T01:26:04.530Z - log: [Package] builder@1.3.2 enable
2022-06-10T01:26:04.564Z - log: [Package] shortcuts@1.0.1 enable
2022-06-10T01:26:04.597Z - log: [Package] animation-graph@1.0.0 enable
2022-06-10T01:26:04.623Z - log: [Package] runtime-dev-tools@1.0.0 enable
2022-06-10T01:26:04.646Z - log: [Package] channel-upload-tools@1.0.0 enable
2022-06-10T01:26:04.679Z - log: [Package] about@1.0.0 enable
2022-06-10T01:26:04.714Z - log: [Package] assets@1.0.0 enable
2022-06-10T01:26:04.748Z - log: [Package] console@1.0.0 enable
2022-06-10T01:26:05.038Z - log: [Package] extension@3.0.16 enable
2022-06-10T01:26:05.149Z - log: [Package] hierarchy@1.0.0 enable
2022-06-10T01:26:05.232Z - log: [Package] inspector@1.0.0 enable
2022-06-10T01:26:05.276Z - log: [Package] lightmap@1.0.4 enable
2022-06-10T01:26:05.314Z - log: [Package] node-library@1.0.1 enable
2022-06-10T01:26:05.383Z - log: [Package] package-asset@1.0.0 enable
2022-06-10T01:26:05.471Z - log: [Package] process@1.0.0 enable
2022-06-10T01:26:05.510Z - log: [Package] reference-image@1.0.0 enable
2022-06-10T01:26:05.537Z - log: [Package] alipay-mini-game@1.0.0 enable
2022-06-10T01:26:05.563Z - log: [Package] android@1.0.0 enable
2022-06-10T01:26:05.596Z - log: [Package] baidu-mini-game@1.0.0 enable
2022-06-10T01:26:05.620Z - log: [Package] bytedance-mini-game@1.0.1 enable
2022-06-10T01:26:05.643Z - log: [Package] cocos-play@1.0.0 enable
2022-06-10T01:26:05.671Z - log: [Package] huawei-agc@1.0.0 enable
2022-06-10T01:26:05.700Z - log: [Package] huawei-quick-game@1.0.0 enable
2022-06-10T01:26:11.916Z - log: [Package] ios@1.0.0 enable
2022-06-10T01:26:11.947Z - log: [Package] ios-app-clip@1.0.0 enable
2022-06-10T01:26:11.970Z - log: [Package] link-sure@1.0.0 enable
2022-06-10T01:26:12.050Z - log: [Package] linux@1.0.0 enable
2022-06-10T01:26:12.095Z - log: [Package] mac@1.0.0 enable
2022-06-10T01:26:12.429Z - log: [Package] native@1.0.0 enable
2022-06-10T01:26:12.438Z - verbose: [AssetDB] Require engine code (8151ms)
2022-06-10T01:26:12.470Z - log: [Package] ohos@1.0.0 enable
2022-06-10T01:26:12.696Z - log: [Package] open-harmonyos@1.0.0 enable
2022-06-10T01:26:12.735Z - log: [Package] oppo-mini-game@1.0.0 enable
2022-06-10T01:26:12.760Z - log: [Package] qtt@1.0.0 enable
2022-06-10T01:26:12.788Z - log: [Package] vivo-mini-game@1.0.0 enable
2022-06-10T01:26:12.832Z - log: [Package] web-desktop@1.0.0 enable
2022-06-10T01:26:12.877Z - log: [Package] web-mobile@1.0.0 enable
2022-06-10T01:26:12.925Z - log: [Package] wechatgame@1.0.1 enable
2022-06-10T01:26:13.004Z - log: [Package] windows@1.0.0 enable
2022-06-10T01:26:13.057Z - log: [Package] xiaomi-quick-game@1.0.0 enable
2022-06-10T01:26:13.726Z - log: [Package] cocos-service@3.0.3 enable
2022-06-10T01:26:13.867Z - log: [Package] importer@1.0.0 enable
2022-06-10T01:26:14.286Z - log: [Im-plugin] Check im-plugin version.
2022-06-10T01:26:14.309Z - log: [Package] im-plugin@3.0.8 enable
2022-06-10T01:26:15.193Z - log: [Im-plugin] No online info of im-plugin.
2022-06-10T01:26:16.017Z - log: 设置的 IP 地址不存在，将使用默认 IP
2022-06-10T01:26:33.091Z - verbose: [Scene] Require engine code (0ms)
2022-06-10T01:26:33.094Z - verbose: [Scene] Startup engine (2ms)
2022-06-10T01:26:33.137Z - log: [Scene] Cocos Creator v3.5.1
2022-06-10T01:26:33.774Z - verbose: [Scene] Open engine (680ms)
2022-06-10T01:26:33.775Z - verbose: [Scene] Configure engine (0ms)
2022-06-10T01:26:33.335Z - info: [Scene] Forward render pipeline initialized.
2022-06-10T01:29:41.551Z - warn: Metrics: no valid info
