2022-05-09 13:58:06-log: [Package] menu@1.0.0 enable
2022-05-09 13:58:06-log: [Package] profile@1.0.0 enable
2022-05-09 13:58:06-log: [Package] project@1.0.1 enable
2022-05-09 13:58:07-log: [Package] messages@1.0.0 enable
2022-05-09 13:58:07-log: [Package] program@1.0.0 enable
2022-05-09 13:58:07-log: [Package] device@1.0.1 enable
2022-05-09 13:58:07-log: [Package] ui-kit@1.0.1 enable
2022-05-09 13:58:07-log: [Package] tester@1.0.0 enable
2022-05-09 13:58:07-log: [Package] preferences@1.0.0 enable
2022-05-09 13:58:07-log: Setup mods mgr.: 333.446ms
2022-05-09 13:58:07-log: Profile changed: engine (modules.includeModules: 2d,3d,audio,base,dragon-bones,gfx-webgl,gfx-webgl2,intersection-2d,marionette,particle,particle-2d,physics-2d-box2d,physics-ammo,primitive,profiler,spine,terrain,tiled-map,tween,ui,video,webview)
2022-05-09 13:58:07-log: [Package] engine@1.0.5 enable
2022-05-09 13:58:10-log: [Package] programming@1.0.0 enable
2022-05-09 13:58:10-log: [Package] Profile Migrate: builder@Cocos Creator...
2022-05-09 13:58:10-log: [Package] Profile Migrate: builder@Cocos Creator...
2022-05-09 13:58:10-log: [Package] engine-extends@1.0.0 enable
2022-05-09 13:58:10-log: [Package] asset-db@1.0.0 enable
2022-05-09 13:58:11-log: [Package] console@1.0.0 enable
2022-05-09 13:58:11-log: [Package] scene@1.0.0 enable
2022-05-09 13:58:11-log: [Package] about@1.0.0 enable
2022-05-09 13:58:11-log: [Package] server@1.0.0 enable
2022-05-09 13:58:11-log: [Package] utils@1.0.0 enable
2022-05-09 13:58:11-log: [Package] assets@1.0.0 enable
2022-05-09 13:58:11-log: [Package] inspector@1.0.0 enable
2022-05-09 13:58:14-log: 设置的 IP 地址不存在，将使用默认 IP
2022-05-09 13:58:15-log: [Package] builder@1.3.1 enable
2022-05-09 13:58:15-log: [Package] node-library@1.0.0 enable
2022-05-09 13:58:15-log: [Package] shortcuts@1.0.1 enable
2022-05-09 13:58:15-log: [Package] package-asset@1.0.0 enable
2022-05-09 13:58:15-log: [Package] reference-image@1.0.0 enable
2022-05-09 13:58:15-log: [Package] animation-graph@1.0.0 enable
2022-05-09 13:58:15-log: [Package] channel-upload-tools@1.0.0 enable
2022-05-09 13:58:15-log: [Package] runtime-dev-tools@1.0.0 enable
2022-05-09 13:58:15-log: [Package] lightmap@1.0.4 enable
2022-05-09 13:58:15-log: [Package] alipay-mini-game@1.0.0 enable
2022-05-09 13:58:15-log: [Package] android@1.0.0 enable
2022-05-09 13:58:15-log: [Package] baidu-mini-game@1.0.0 enable
2022-05-09 13:58:15-log: [Package] bytedance-mini-game@1.0.1 enable
2022-05-09 13:58:15-log: [Package] huawei-agc@1.0.0 enable
2022-05-09 13:58:17-log: [Package] ios@1.0.0 enable
2022-05-09 13:58:17-log: [Package] ios-app-clip@1.0.0 enable
2022-05-09 13:58:17-log: [Package] mac@1.0.0 enable
2022-05-09 13:58:17-log: [Package] native@1.0.0 enable
2022-05-09 13:58:17-log: [Package] ohos@1.0.0 enable
2022-05-09 13:58:17-log: [Package] web-desktop@1.0.0 enable
2022-05-09 13:58:17-log: [Package] web-mobile@1.0.0 enable
2022-05-09 13:58:17-log: [Package] wechatgame@1.0.1 enable
2022-05-09 13:58:17-log: [Package] windows@1.0.0 enable
2022-05-09 13:58:17-log: [Package] xiaomi-quick-game@1.0.0 enable
2022-05-09 13:58:17-log: [Package] cocos-play@1.0.0 enable
2022-05-09 13:58:17-log: [Package] huawei-quick-game@1.0.0 enable
2022-05-09 13:58:17-log: [Package] link-sure@1.0.0 enable
2022-05-09 13:58:17-log: [Package] oppo-mini-game@1.0.0 enable
2022-05-09 13:58:17-log: [Package] qtt@1.0.0 enable
2022-05-09 13:58:18-log: [Package] vivo-mini-game@1.0.0 enable
2022-05-09 13:58:18-log: [Package] cocos-service@3.0.2 enable
2022-05-09 13:58:18-log: [Package] importer@1.0.0 enable
2022-05-09 13:58:19-log: [Package] extension@3.0.15 enable
2022-05-09 13:58:19-log: [Im-plugin] Check im-plugin version.
2022-05-09 13:58:19-log: [Package] im-plugin@3.0.8 enable
2022-05-09 13:58:20-log: 设置的 IP 地址不存在，将使用默认 IP
2022-05-09 13:58:20-log: [Im-plugin] No online info of im-plugin.
2022-05-09 13:58:27-warn: Browserslist: caniuse-lite is outdated. Please run:
npx browserslist@latest --update-db

Why you should do it regularly:
https://github.com/browserslist/browserslist#browsers-data-updating
2022-05-09 13:58:27-log: [Scene] Cocos Creator v3.4.2
2022-05-09 13:58:27-info: [Scene] Forward render pipeline initialized.
2022-05-31T05:36:09.673Z - log: [Package] menu@1.0.0 enable
2022-05-31T05:36:09.675Z - log: [Package] profile@1.0.0 enable
2022-05-31T05:36:09.690Z - log: [Package] project@1.0.2 enable
2022-05-31T05:36:09.697Z - log: [Package] messages@1.0.0 enable
2022-05-31T05:36:09.702Z - log: [Package] program@1.0.0 enable
2022-05-31T05:36:09.709Z - log: [Package] tester@1.0.0 enable
2022-05-31T05:36:09.716Z - log: [Package] preferences@1.0.0 enable
2022-05-31T05:36:10.551Z - log: Setup mods mgr.: 347.718ms
2022-05-31T05:36:10.569Z - verbose: [Engine] QuickCompile engine (788ms)
2022-05-31T05:36:10.572Z - log: [Package] engine@1.0.6 enable
2022-05-31T05:36:11.401Z - log: [Package] programming@1.0.0 enable
2022-05-31T05:36:11.705Z - log: [Package] device@1.0.1 enable
2022-05-31T05:36:11.737Z - log: [Package] ui-kit@1.0.1 enable
2022-05-31T05:36:11.774Z - log: [Package] engine-extends@1.0.0 enable
2022-05-31T05:36:11.845Z - log: [Package] asset-db@1.0.0 enable
2022-05-31T05:36:11.885Z - log: [Package] scene@1.0.0 enable
2022-05-31T05:36:12.146Z - log: [Package] server@1.0.0 enable
2022-05-31T05:36:12.180Z - log: [Package] utils@1.0.0 enable
2022-05-31T05:36:16.900Z - log: [Package] preview@1.0.1 enable
2022-05-31T05:36:16.954Z - log: [Package] animator@1.0.0 enable
2022-05-31T05:36:17.191Z - log: 设置的 IP 地址不存在，将使用默认 IP
2022-05-31T05:36:18.625Z - log: [Package] builder@1.3.2 enable
2022-05-31T05:36:18.662Z - log: [Package] shortcuts@1.0.1 enable
2022-05-31T05:36:18.705Z - log: [Package] animation-graph@1.0.0 enable
2022-05-31T05:36:18.728Z - log: [Package] runtime-dev-tools@1.0.0 enable
2022-05-31T05:36:18.754Z - log: [Package] channel-upload-tools@1.0.0 enable
2022-05-31T05:36:18.789Z - log: [Package] about@1.0.0 enable
2022-05-31T05:36:18.837Z - log: [Package] assets@1.0.0 enable
2022-05-31T05:36:18.877Z - log: [Package] console@1.0.0 enable
2022-05-31T05:36:19.125Z - log: [Package] extension@3.0.16 enable
2022-05-31T05:36:19.173Z - log: [Package] hierarchy@1.0.0 enable
2022-05-31T05:36:19.235Z - log: [Package] inspector@1.0.0 enable
2022-05-31T05:36:19.281Z - log: [Package] lightmap@1.0.4 enable
2022-05-31T05:36:19.366Z - log: [Package] node-library@1.0.1 enable
2022-05-31T05:36:19.392Z - log: [Package] package-asset@1.0.0 enable
2022-05-31T05:36:19.433Z - log: [Package] process@1.0.0 enable
2022-05-31T05:36:19.492Z - log: [Package] reference-image@1.0.0 enable
2022-05-31T05:36:19.556Z - log: [Package] alipay-mini-game@1.0.0 enable
2022-05-31T05:36:19.589Z - log: [Package] android@1.0.0 enable
2022-05-31T05:36:19.621Z - log: [Package] baidu-mini-game@1.0.0 enable
2022-05-31T05:36:19.652Z - log: [Package] bytedance-mini-game@1.0.1 enable
2022-05-31T05:36:19.679Z - log: [Package] cocos-play@1.0.0 enable
2022-05-31T05:36:19.709Z - log: [Package] huawei-agc@1.0.0 enable
2022-05-31T05:36:19.734Z - log: [Package] huawei-quick-game@1.0.0 enable
2022-05-31T05:36:21.213Z - log: [Package] ios@1.0.0 enable
2022-05-31T05:36:21.242Z - log: [Package] ios-app-clip@1.0.0 enable
2022-05-31T05:36:21.265Z - log: [Package] link-sure@1.0.0 enable
2022-05-31T05:36:21.294Z - log: [Package] linux@1.0.0 enable
2022-05-31T05:36:21.318Z - log: [Package] mac@1.0.0 enable
2022-05-31T05:36:21.480Z - log: [Package] native@1.0.0 enable
2022-05-31T05:36:21.530Z - log: [Package] ohos@1.0.0 enable
2022-05-31T05:36:21.541Z - verbose: [AssetDB] Require engine code (3339ms)
2022-05-31T05:36:21.615Z - log: [Package] open-harmonyos@1.0.0 enable
2022-05-31T05:36:21.644Z - log: [Package] oppo-mini-game@1.0.0 enable
2022-05-31T05:36:21.668Z - log: [Package] qtt@1.0.0 enable
2022-05-31T05:36:21.694Z - log: [Package] vivo-mini-game@1.0.0 enable
2022-05-31T05:36:21.737Z - log: [Package] web-desktop@1.0.0 enable
2022-05-31T05:36:21.802Z - log: [Package] web-mobile@1.0.0 enable
2022-05-31T05:36:21.846Z - log: [Package] wechatgame@1.0.1 enable
2022-05-31T05:36:22.091Z - log: [Package] windows@1.0.0 enable
2022-05-31T05:36:22.183Z - log: [Package] xiaomi-quick-game@1.0.0 enable
2022-05-31T05:36:22.536Z - log: [Package] cocos-service@3.0.3 enable
2022-05-31T05:36:22.779Z - log: [Package] importer@1.0.0 enable
2022-05-31T05:36:23.374Z - log: [Im-plugin] Check im-plugin version.
2022-05-31T05:36:23.388Z - log: [Package] im-plugin@3.0.8 enable
2022-05-31T05:36:25.059Z - log: 设置的 IP 地址不存在，将使用默认 IP
2022-05-31T05:36:25.077Z - log: [Im-plugin] No online info of im-plugin.
2022-05-31T05:36:36.032Z - verbose: [Scene] Require engine code (0ms)
2022-05-31T05:36:36.034Z - verbose: [Scene] Startup engine (1ms)
2022-05-31T05:36:36.072Z - log: [Scene] Cocos Creator v3.5.0
2022-05-31T05:36:36.397Z - verbose: [Scene] Open engine (363ms)
2022-05-31T05:36:36.397Z - verbose: [Scene] Configure engine (0ms)
2022-05-31T05:36:36.169Z - info: [Scene] Forward render pipeline initialized.
2022-05-31T05:36:51.393Z - warn: Metrics: no valid info
