2022-06-01T09:30:27.276Z - log: [Package] menu@1.0.0 enable
2022-06-01T09:30:27.278Z - log: [Package] profile@1.0.0 enable
2022-06-01T09:30:27.292Z - log: [Package] project@1.0.2 enable
2022-06-01T09:30:27.298Z - log: [Package] messages@1.0.0 enable
2022-06-01T09:30:27.304Z - log: [Package] program@1.0.0 enable
2022-06-01T09:30:27.310Z - log: [Package] tester@1.0.0 enable
2022-06-01T09:30:27.315Z - log: [Package] preferences@1.0.0 enable
2022-06-01T09:30:28.068Z - log: Setup mods mgr.: 328.626ms
2022-06-01T09:30:28.084Z - verbose: [Engine] QuickCompile engine (699ms)
2022-06-01T09:30:28.087Z - log: [Package] engine@1.0.6 enable
2022-06-01T09:30:29.044Z - log: [Package] programming@1.0.0 enable
2022-06-01T09:30:29.369Z - log: [Package] device@1.0.1 enable
2022-06-01T09:30:29.398Z - log: [Package] ui-kit@1.0.1 enable
2022-06-01T09:30:29.426Z - log: [Package] engine-extends@1.0.0 enable
2022-06-01T09:30:29.493Z - log: [Package] asset-db@1.0.0 enable
2022-06-01T09:30:29.538Z - log: [Package] scene@1.0.0 enable
2022-06-01T09:30:29.786Z - log: [Package] server@1.0.0 enable
2022-06-01T09:30:29.821Z - log: [Package] utils@1.0.0 enable
2022-06-01T09:30:34.323Z - log: [Package] preview@1.0.1 enable
2022-06-01T09:30:34.357Z - log: [Package] animator@1.0.0 enable
2022-06-01T09:30:34.537Z - log: 设置的 IP 地址不存在，将使用默认 IP
2022-06-01T09:30:35.576Z - log: [Package] builder@1.3.2 enable
2022-06-01T09:30:35.611Z - log: [Package] shortcuts@1.0.1 enable
2022-06-01T09:30:35.644Z - log: [Package] animation-graph@1.0.0 enable
2022-06-01T09:30:35.666Z - log: [Package] runtime-dev-tools@1.0.0 enable
2022-06-01T09:30:35.689Z - log: [Package] channel-upload-tools@1.0.0 enable
2022-06-01T09:30:35.720Z - log: [Package] about@1.0.0 enable
2022-06-01T09:30:35.759Z - log: [Package] assets@1.0.0 enable
2022-06-01T09:30:35.801Z - log: [Package] console@1.0.0 enable
2022-06-01T09:30:36.047Z - log: [Package] extension@3.0.16 enable
2022-06-01T09:30:36.096Z - log: [Package] hierarchy@1.0.0 enable
2022-06-01T09:30:36.135Z - log: [Package] inspector@1.0.0 enable
2022-06-01T09:30:36.185Z - log: [Package] lightmap@1.0.4 enable
2022-06-01T09:30:36.248Z - log: [Package] node-library@1.0.1 enable
2022-06-01T09:30:36.274Z - log: [Package] package-asset@1.0.0 enable
2022-06-01T09:30:36.320Z - log: [Package] process@1.0.0 enable
2022-06-01T09:30:36.361Z - log: [Package] reference-image@1.0.0 enable
2022-06-01T09:30:36.385Z - log: [Package] alipay-mini-game@1.0.0 enable
2022-06-01T09:30:36.412Z - log: [Package] android@1.0.0 enable
2022-06-01T09:30:36.442Z - log: [Package] baidu-mini-game@1.0.0 enable
2022-06-01T09:30:36.471Z - log: [Package] bytedance-mini-game@1.0.1 enable
2022-06-01T09:30:36.496Z - log: [Package] cocos-play@1.0.0 enable
2022-06-01T09:30:36.524Z - log: [Package] huawei-agc@1.0.0 enable
2022-06-01T09:30:36.561Z - log: [Package] huawei-quick-game@1.0.0 enable
2022-06-01T09:30:38.012Z - log: [Package] ios@1.0.0 enable
2022-06-01T09:30:38.072Z - log: [Package] ios-app-clip@1.0.0 enable
2022-06-01T09:30:38.134Z - log: [Package] link-sure@1.0.0 enable
2022-06-01T09:30:38.161Z - log: [Package] linux@1.0.0 enable
2022-06-01T09:30:38.188Z - log: [Package] mac@1.0.0 enable
2022-06-01T09:30:38.346Z - log: [Package] native@1.0.0 enable
2022-06-01T09:30:38.350Z - verbose: [AssetDB] Require engine code (2889ms)
2022-06-01T09:30:38.371Z - log: [Package] ohos@1.0.0 enable
2022-06-01T09:30:38.395Z - log: [Package] open-harmonyos@1.0.0 enable
2022-06-01T09:30:38.421Z - log: [Package] oppo-mini-game@1.0.0 enable
2022-06-01T09:30:38.448Z - log: [Package] qtt@1.0.0 enable
2022-06-01T09:30:38.478Z - log: [Package] vivo-mini-game@1.0.0 enable
2022-06-01T09:30:38.523Z - log: [Package] web-desktop@1.0.0 enable
2022-06-01T09:30:38.568Z - log: [Package] web-mobile@1.0.0 enable
2022-06-01T09:30:38.611Z - log: [Package] wechatgame@1.0.1 enable
2022-06-01T09:30:38.640Z - log: [Package] windows@1.0.0 enable
2022-06-01T09:30:38.668Z - log: [Package] xiaomi-quick-game@1.0.0 enable
2022-06-01T09:30:38.963Z - log: [Package] cocos-service@3.0.3 enable
2022-06-01T09:30:39.017Z - log: [Package] importer@1.0.0 enable
2022-06-01T09:30:39.493Z - log: [Im-plugin] Check im-plugin version.
2022-06-01T09:30:39.510Z - log: [Package] im-plugin@3.0.8 enable
2022-06-01T09:30:40.323Z - log: [Im-plugin] No online info of im-plugin.
2022-06-01T09:30:40.804Z - log: 设置的 IP 地址不存在，将使用默认 IP
2022-06-01T09:30:53.082Z - verbose: [Scene] Require engine code (0ms)
2022-06-01T09:30:53.106Z - verbose: [Scene] Startup engine (13ms)
2022-06-01T09:30:53.279Z - log: [Scene] Cocos Creator v3.5.0
2022-06-01T09:30:53.659Z - verbose: [Scene] Open engine (559ms)
2022-06-01T09:30:53.659Z - verbose: [Scene] Configure engine (0ms)
2022-06-01T09:30:53.378Z - info: [Scene] Forward render pipeline initialized.
2022-06-01T09:31:17.661Z - warn: Metrics: no valid info
