2022-05-09 14:08:27-log: [Package] menu@1.0.0 enable
2022-05-09 14:08:27-log: [Package] profile@1.0.0 enable
2022-05-09 14:08:27-log: [Package] project@1.0.1 enable
2022-05-09 14:08:27-log: [Package] messages@1.0.0 enable
2022-05-09 14:08:27-log: [Package] program@1.0.0 enable
2022-05-09 14:08:27-log: [Package] device@1.0.1 enable
2022-05-09 14:08:27-log: [Package] ui-kit@1.0.1 enable
2022-05-09 14:08:27-log: [Package] tester@1.0.0 enable
2022-05-09 14:08:27-log: [Package] preferences@1.0.0 enable
2022-05-09 14:08:28-log: Setup mods mgr.: 350.3ms
2022-05-09 14:08:28-log: Profile changed: engine (modules.includeModules: 2d,3d,audio,base,dragon-bones,gfx-webgl,gfx-webgl2,intersection-2d,marionette,particle,particle-2d,physics-2d-box2d,physics-ammo,primitive,profiler,spine,terrain,tiled-map,tween,ui,video,webview)
2022-05-09 14:08:28-log: [Package] engine@1.0.5 enable
2022-05-09 14:08:31-log: [Package] programming@1.0.0 enable
2022-05-09 14:08:31-log: [Package] Profile Migrate: builder@Cocos Creator...
2022-05-09 14:08:31-log: [Package] Profile Migrate: builder@Cocos Creator...
2022-05-09 14:08:31-log: [Package] engine-extends@1.0.0 enable
2022-05-09 14:08:31-log: [Package] asset-db@1.0.0 enable
2022-05-09 14:08:31-log: [Package] console@1.0.0 enable
2022-05-09 14:08:31-log: [Package] scene@1.0.0 enable
2022-05-09 14:08:31-log: [Package] about@1.0.0 enable
2022-05-09 14:08:31-log: [Package] server@1.0.0 enable
2022-05-09 14:08:32-log: [Package] utils@1.0.0 enable
2022-05-09 14:08:32-log: [Package] assets@1.0.0 enable
2022-05-09 14:08:35-log: [Package] preview@1.0.1 enable
2022-05-09 14:08:35-log: [Package] animator@1.0.0 enable
2022-05-09 14:08:36-log: 设置的 IP 地址不存在，将使用默认 IP
2022-05-09 14:08:37-log: [Package] builder@1.3.1 enable
2022-05-09 14:08:37-log: [Package] node-library@1.0.0 enable
2022-05-09 14:08:37-log: [Package] shortcuts@1.0.1 enable
2022-05-09 14:08:37-log: [Package] package-asset@1.0.0 enable
2022-05-09 14:08:37-log: [Package] reference-image@1.0.0 enable
2022-05-09 14:08:37-log: [Package] animation-graph@1.0.0 enable
2022-05-09 14:08:37-log: [Package] channel-upload-tools@1.0.0 enable
2022-05-09 14:08:38-log: [Package] runtime-dev-tools@1.0.0 enable
2022-05-09 14:08:38-log: [Package] lightmap@1.0.4 enable
2022-05-09 14:08:38-log: [Package] alipay-mini-game@1.0.0 enable
2022-05-09 14:08:38-log: [Package] android@1.0.0 enable
2022-05-09 14:08:38-log: [Package] baidu-mini-game@1.0.0 enable
2022-05-09 14:08:38-log: [Package] bytedance-mini-game@1.0.1 enable
2022-05-09 14:08:38-log: [Package] huawei-agc@1.0.0 enable
2022-05-09 14:08:40-log: [Package] ios@1.0.0 enable
2022-05-09 14:08:40-log: [Package] ios-app-clip@1.0.0 enable
2022-05-09 14:08:40-log: [Package] mac@1.0.0 enable
2022-05-09 14:08:40-log: [Package] native@1.0.0 enable
2022-05-09 14:08:40-log: [Package] ohos@1.0.0 enable
2022-05-09 14:08:40-log: [Package] web-desktop@1.0.0 enable
2022-05-09 14:08:40-log: [Package] web-mobile@1.0.0 enable
2022-05-09 14:08:40-log: [Package] wechatgame@1.0.1 enable
2022-05-09 14:08:40-log: [Package] windows@1.0.0 enable
2022-05-09 14:08:40-log: [Package] xiaomi-quick-game@1.0.0 enable
2022-05-09 14:08:40-log: [Package] cocos-play@1.0.0 enable
2022-05-09 14:08:40-log: [Package] huawei-quick-game@1.0.0 enable
2022-05-09 14:08:40-log: [Package] link-sure@1.0.0 enable
2022-05-09 14:08:40-log: [Package] oppo-mini-game@1.0.0 enable
2022-05-09 14:08:40-log: [Package] qtt@1.0.0 enable
2022-05-09 14:08:40-log: [Package] vivo-mini-game@1.0.0 enable
2022-05-09 14:08:41-log: [Package] cocos-service@3.0.2 enable
2022-05-09 14:08:41-log: [Package] importer@1.0.0 enable
2022-05-09 14:08:42-log: [Package] extension@3.0.15 enable
2022-05-09 14:08:42-log: [Im-plugin] Check im-plugin version.
2022-05-09 14:08:42-log: [Package] im-plugin@3.0.8 enable
2022-05-09 14:08:42-log: 设置的 IP 地址不存在，将使用默认 IP
2022-05-09 14:08:43-log: [Im-plugin] No online info of im-plugin.
2022-05-09 14:08:49-warn: Browserslist: caniuse-lite is outdated. Please run:
npx browserslist@latest --update-db

Why you should do it regularly:
https://github.com/browserslist/browserslist#browsers-data-updating
2022-05-09 14:08:49-log: [Scene] Cocos Creator v3.4.2
2022-05-09 14:08:50-info: [Scene] Forward render pipeline initialized.
2022-05-22T09:02:26.287Z - log: [Package] menu@1.0.0 enable
2022-05-22T09:02:26.291Z - log: [Package] profile@1.0.0 enable
2022-05-22T09:02:26.305Z - log: [Package] project@1.0.2 enable
2022-05-22T09:02:26.314Z - log: [Package] messages@1.0.0 enable
2022-05-22T09:02:26.319Z - log: [Package] program@1.0.0 enable
2022-05-22T09:02:26.326Z - log: [Package] tester@1.0.0 enable
2022-05-22T09:02:26.333Z - log: [Package] preferences@1.0.0 enable
2022-05-22T09:02:27.224Z - log: Setup mods mgr.: 338.076ms
2022-05-22T09:02:27.232Z - verbose: [Engine] QuickCompile engine (830ms)
2022-05-22T09:02:27.236Z - log: [Package] engine@1.0.6 enable
2022-05-22T09:02:28.076Z - log: [Package] programming@1.0.0 enable
2022-05-22T09:02:28.372Z - log: [Package] device@1.0.1 enable
2022-05-22T09:02:28.400Z - log: [Package] ui-kit@1.0.1 enable
2022-05-22T09:02:28.422Z - log: [Package] engine-extends@1.0.0 enable
2022-05-22T09:02:28.486Z - log: [Package] asset-db@1.0.0 enable
2022-05-22T09:02:28.541Z - log: [Package] scene@1.0.0 enable
2022-05-22T09:02:28.845Z - log: [Package] server@1.0.0 enable
2022-05-22T09:02:28.889Z - log: [Package] utils@1.0.0 enable
2022-05-22T09:02:33.644Z - log: [Package] preview@1.0.1 enable
2022-05-22T09:02:33.684Z - log: [Package] animator@1.0.0 enable
2022-05-22T09:02:33.820Z - log: 设置的 IP 地址不存在，将使用默认 IP
2022-05-22T09:02:34.830Z - log: [Package] builder@1.3.2 enable
2022-05-22T09:02:34.869Z - log: [Package] shortcuts@1.0.1 enable
2022-05-22T09:02:34.901Z - log: [Package] animation-graph@1.0.0 enable
2022-05-22T09:02:34.924Z - log: [Package] runtime-dev-tools@1.0.0 enable
2022-05-22T09:02:34.947Z - log: [Package] channel-upload-tools@1.0.0 enable
2022-05-22T09:02:34.984Z - log: [Package] about@1.0.0 enable
2022-05-22T09:02:35.020Z - log: [Package] assets@1.0.0 enable
2022-05-22T09:02:35.056Z - log: [Package] console@1.0.0 enable
2022-05-22T09:02:35.318Z - log: [Package] extension@3.0.16 enable
2022-05-22T09:02:35.374Z - log: [Package] hierarchy@1.0.0 enable
2022-05-22T09:02:35.415Z - log: [Package] inspector@1.0.0 enable
2022-05-22T09:02:35.451Z - log: [Package] lightmap@1.0.4 enable
2022-05-22T09:02:35.508Z - log: [Package] node-library@1.0.1 enable
2022-05-22T09:02:35.605Z - log: [Package] package-asset@1.0.0 enable
2022-05-22T09:02:35.642Z - log: [Package] process@1.0.0 enable
2022-05-22T09:02:35.682Z - log: [Package] reference-image@1.0.0 enable
2022-05-22T09:02:35.712Z - log: [Package] alipay-mini-game@1.0.0 enable
2022-05-22T09:02:35.744Z - log: [Package] android@1.0.0 enable
2022-05-22T09:02:35.769Z - log: [Package] baidu-mini-game@1.0.0 enable
2022-05-22T09:02:35.798Z - log: [Package] bytedance-mini-game@1.0.1 enable
2022-05-22T09:02:35.822Z - log: [Package] cocos-play@1.0.0 enable
2022-05-22T09:02:35.850Z - log: [Package] huawei-agc@1.0.0 enable
2022-05-22T09:02:35.877Z - log: [Package] huawei-quick-game@1.0.0 enable
2022-05-22T09:02:37.210Z - log: [Package] ios@1.0.0 enable
2022-05-22T09:02:37.257Z - log: [Package] ios-app-clip@1.0.0 enable
2022-05-22T09:02:37.321Z - log: [Package] link-sure@1.0.0 enable
2022-05-22T09:02:37.425Z - log: [Package] linux@1.0.0 enable
2022-05-22T09:02:37.434Z - verbose: [AssetDB] Require engine code (2835ms)
2022-05-22T09:02:37.507Z - log: [Package] mac@1.0.0 enable
2022-05-22T09:02:37.754Z - log: [Package] native@1.0.0 enable
2022-05-22T09:02:37.781Z - log: [Package] ohos@1.0.0 enable
2022-05-22T09:02:37.806Z - log: [Package] open-harmonyos@1.0.0 enable
2022-05-22T09:02:37.830Z - log: [Package] oppo-mini-game@1.0.0 enable
2022-05-22T09:02:37.855Z - log: [Package] qtt@1.0.0 enable
2022-05-22T09:02:37.882Z - log: [Package] vivo-mini-game@1.0.0 enable
2022-05-22T09:02:37.925Z - log: [Package] web-desktop@1.0.0 enable
2022-05-22T09:02:37.962Z - log: [Package] web-mobile@1.0.0 enable
2022-05-22T09:02:38.002Z - log: [Package] wechatgame@1.0.1 enable
2022-05-22T09:02:38.029Z - log: [Package] windows@1.0.0 enable
2022-05-22T09:02:38.057Z - log: [Package] xiaomi-quick-game@1.0.0 enable
2022-05-22T09:02:38.328Z - log: [Package] cocos-service@3.0.3 enable
2022-05-22T09:02:38.377Z - log: [Package] importer@1.0.0 enable
2022-05-22T09:02:38.744Z - log: [Im-plugin] Check im-plugin version.
2022-05-22T09:02:38.760Z - log: [Package] im-plugin@3.0.8 enable
2022-05-22T09:02:39.714Z - log: [Im-plugin] No online info of im-plugin.
2022-05-22T09:02:39.946Z - log: 设置的 IP 地址不存在，将使用默认 IP
2022-05-22T09:02:51.577Z - verbose: [Scene] Require engine code (0ms)
2022-05-22T09:02:51.578Z - verbose: [Scene] Startup engine (1ms)
2022-05-22T09:02:51.615Z - log: [Scene] Cocos Creator v3.5.0
2022-05-22T09:02:51.992Z - verbose: [Scene] Open engine (414ms)
2022-05-22T09:02:51.992Z - verbose: [Scene] Configure engine (0ms)
2022-05-22T09:02:51.770Z - info: [Scene] Forward render pipeline initialized.
2022-05-22T09:03:21.002Z - warn: Metrics: no valid info
