2022-05-23T03:53:36.488Z - log: [Package] menu@1.0.0 enable
2022-05-23T03:53:36.490Z - log: [Package] profile@1.0.0 enable
2022-05-23T03:53:36.504Z - log: [Package] project@1.0.2 enable
2022-05-23T03:53:36.512Z - log: [Package] messages@1.0.0 enable
2022-05-23T03:53:36.517Z - log: [Package] program@1.0.0 enable
2022-05-23T03:53:36.524Z - log: [Package] tester@1.0.0 enable
2022-05-23T03:53:36.531Z - log: [Package] preferences@1.0.0 enable
2022-05-23T03:53:37.332Z - log: Setup mods mgr.: 354.73ms
2022-05-23T03:53:37.336Z - log: Profile changed: engine (modules.includeModules: 2d,3d,animation,audio,base,dragon-bones,gfx-webgl,intersection-2d,marionette,particle,particle-2d,physics-2d-builtin,physics-ammo,primitive,profiler,skeletal-animation,spine,terrain,tiled-map,tween,ui,video,webview)
2022-05-23T03:53:37.343Z - verbose: [Engine] QuickCompile engine (738ms)
2022-05-23T03:53:37.346Z - log: [Package] engine@1.0.6 enable
2022-05-23T03:53:38.193Z - log: [Package] programming@1.0.0 enable
2022-05-23T03:53:38.495Z - log: [Package] device@1.0.1 enable
2022-05-23T03:53:38.523Z - log: [Package] ui-kit@1.0.1 enable
2022-05-23T03:53:38.556Z - log: [Package] engine-extends@1.0.0 enable
2022-05-23T03:53:38.627Z - log: [Package] asset-db@1.0.0 enable
2022-05-23T03:53:38.682Z - log: [Package] scene@1.0.0 enable
2022-05-23T03:53:38.910Z - log: [Package] server@1.0.0 enable
2022-05-23T03:53:39.031Z - log: [Package] utils@1.0.0 enable
2022-05-23T03:53:43.712Z - log: [Package] preview@1.0.1 enable
2022-05-23T03:53:43.745Z - log: [Package] animator@1.0.0 enable
2022-05-23T03:53:43.890Z - log: 设置的 IP 地址不存在，将使用默认 IP
2022-05-23T03:53:44.871Z - log: [Package] builder@1.3.2 enable
2022-05-23T03:53:44.904Z - log: [Package] shortcuts@1.0.1 enable
2022-05-23T03:53:44.936Z - log: [Package] animation-graph@1.0.0 enable
2022-05-23T03:53:44.960Z - log: [Package] runtime-dev-tools@1.0.0 enable
2022-05-23T03:53:44.984Z - log: [Package] channel-upload-tools@1.0.0 enable
2022-05-23T03:53:45.036Z - log: [Package] about@1.0.0 enable
2022-05-23T03:53:45.081Z - log: [Package] assets@1.0.0 enable
2022-05-23T03:53:45.128Z - log: [Package] console@1.0.0 enable
2022-05-23T03:53:45.399Z - log: [Package] extension@3.0.16 enable
2022-05-23T03:53:45.448Z - log: [Package] hierarchy@1.0.0 enable
2022-05-23T03:53:45.515Z - log: [Package] inspector@1.0.0 enable
2022-05-23T03:53:45.555Z - log: [Package] lightmap@1.0.4 enable
2022-05-23T03:53:45.610Z - log: [Package] node-library@1.0.1 enable
2022-05-23T03:53:45.640Z - log: [Package] package-asset@1.0.0 enable
2022-05-23T03:53:45.681Z - log: [Package] process@1.0.0 enable
2022-05-23T03:53:45.721Z - log: [Package] reference-image@1.0.0 enable
2022-05-23T03:53:45.748Z - log: [Package] alipay-mini-game@1.0.0 enable
2022-05-23T03:53:45.782Z - log: [Package] android@1.0.0 enable
2022-05-23T03:53:45.817Z - log: [Package] baidu-mini-game@1.0.0 enable
2022-05-23T03:53:45.847Z - log: [Package] bytedance-mini-game@1.0.1 enable
2022-05-23T03:53:45.877Z - log: [Package] cocos-play@1.0.0 enable
2022-05-23T03:53:45.916Z - log: [Package] huawei-agc@1.0.0 enable
2022-05-23T03:53:45.948Z - log: [Package] huawei-quick-game@1.0.0 enable
2022-05-23T03:53:47.316Z - log: [Package] ios@1.0.0 enable
2022-05-23T03:53:47.344Z - log: [Package] ios-app-clip@1.0.0 enable
2022-05-23T03:53:47.366Z - log: [Package] link-sure@1.0.0 enable
2022-05-23T03:53:47.394Z - log: [Package] linux@1.0.0 enable
2022-05-23T03:53:47.524Z - log: [Package] mac@1.0.0 enable
2022-05-23T03:53:47.685Z - log: [Package] native@1.0.0 enable
2022-05-23T03:53:47.688Z - verbose: [AssetDB] Require engine code (2937ms)
2022-05-23T03:53:47.718Z - log: [Package] ohos@1.0.0 enable
2022-05-23T03:53:47.751Z - log: [Package] open-harmonyos@1.0.0 enable
2022-05-23T03:53:47.779Z - log: [Package] oppo-mini-game@1.0.0 enable
2022-05-23T03:53:47.805Z - log: [Package] qtt@1.0.0 enable
2022-05-23T03:53:47.833Z - log: [Package] vivo-mini-game@1.0.0 enable
2022-05-23T03:53:47.880Z - log: [Package] web-desktop@1.0.0 enable
2022-05-23T03:53:47.928Z - log: [Package] web-mobile@1.0.0 enable
2022-05-23T03:53:47.971Z - log: [Package] wechatgame@1.0.1 enable
2022-05-23T03:53:47.999Z - log: [Package] windows@1.0.0 enable
2022-05-23T03:53:48.029Z - log: [Package] xiaomi-quick-game@1.0.0 enable
2022-05-23T03:53:48.361Z - log: [Package] cocos-service@3.0.3 enable
2022-05-23T03:53:48.411Z - log: [Package] importer@1.0.0 enable
2022-05-23T03:53:48.865Z - log: [Im-plugin] Check im-plugin version.
2022-05-23T03:53:48.882Z - log: [Package] im-plugin@3.0.8 enable
2022-05-23T03:53:49.755Z - log: [Im-plugin] No online info of im-plugin.
2022-05-23T03:53:50.277Z - log: 设置的 IP 地址不存在，将使用默认 IP
2022-05-23T03:54:03.960Z - verbose: [Scene] Require engine code (1ms)
2022-05-23T03:54:03.962Z - verbose: [Scene] Startup engine (0ms)
2022-05-23T03:54:03.997Z - log: [Scene] Cocos Creator v3.5.0
2022-05-23T03:54:04.429Z - verbose: [Scene] Open engine (468ms)
2022-05-23T03:54:04.430Z - verbose: [Scene] Configure engine (0ms)
2022-05-23T03:54:04.123Z - info: [Scene] Forward render pipeline initialized.
2022-05-23T03:54:18.915Z - warn: Metrics: no valid info
2022-05-23T03:54:18.929Z - error: Error occurred in handler for 'GUEST_VIEW_MANAGER_CALL': Error: Invalid guestInstanceId: 6
    at getGuestForWebContents (electron/js2c/browser_init.js:181:6307)
    at electron/js2c/browser_init.js:181:5372
    at electron/js2c/browser_init.js:181:1637
    at electron/js2c/browser_init.js:197:579
    at Object.<anonymous> (electron/js2c/browser_init.js:161:9782)
    at Object.emit (events.js:315:20)
2022-05-23T05:34:41.872Z - log: [Package] menu@1.0.0 enable
2022-05-23T05:34:41.876Z - log: [Package] profile@1.0.0 enable
2022-05-23T05:34:41.891Z - log: [Package] project@1.0.2 enable
2022-05-23T05:34:41.898Z - log: [Package] messages@1.0.0 enable
2022-05-23T05:34:41.902Z - log: [Package] program@1.0.0 enable
2022-05-23T05:34:41.910Z - log: [Package] tester@1.0.0 enable
2022-05-23T05:34:41.915Z - log: [Package] preferences@1.0.0 enable
2022-05-23T05:34:42.791Z - log: Setup mods mgr.: 357.735ms
2022-05-23T05:34:42.793Z - log: Profile changed: engine (modules.includeModules: 2d,3d,animation,audio,base,dragon-bones,gfx-webgl,intersection-2d,marionette,particle,particle-2d,physics-2d-builtin,physics-ammo,primitive,profiler,skeletal-animation,spine,terrain,tiled-map,tween,ui,video,webview)
2022-05-23T05:34:42.808Z - verbose: [Engine] QuickCompile engine (810ms)
2022-05-23T05:34:42.812Z - log: [Package] engine@1.0.6 enable
2022-05-23T05:34:43.722Z - log: [Package] programming@1.0.0 enable
2022-05-23T05:34:44.042Z - log: [Package] device@1.0.1 enable
2022-05-23T05:34:44.070Z - log: [Package] ui-kit@1.0.1 enable
2022-05-23T05:34:44.094Z - log: [Package] engine-extends@1.0.0 enable
2022-05-23T05:34:44.165Z - log: [Package] asset-db@1.0.0 enable
2022-05-23T05:34:44.213Z - log: [Package] scene@1.0.0 enable
2022-05-23T05:34:44.439Z - log: [Package] server@1.0.0 enable
2022-05-23T05:34:44.545Z - log: [Package] utils@1.0.0 enable
2022-05-23T05:34:49.815Z - log: [Package] preview@1.0.1 enable
2022-05-23T05:34:49.886Z - log: [Package] animator@1.0.0 enable
2022-05-23T05:34:50.150Z - log: 设置的 IP 地址不存在，将使用默认 IP
2022-05-23T05:34:51.429Z - log: [Package] builder@1.3.2 enable
2022-05-23T05:34:51.472Z - log: [Package] shortcuts@1.0.1 enable
2022-05-23T05:34:51.508Z - log: [Package] animation-graph@1.0.0 enable
2022-05-23T05:34:51.531Z - log: [Package] runtime-dev-tools@1.0.0 enable
2022-05-23T05:34:51.555Z - log: [Package] channel-upload-tools@1.0.0 enable
2022-05-23T05:34:51.586Z - log: [Package] about@1.0.0 enable
2022-05-23T05:34:51.634Z - log: [Package] assets@1.0.0 enable
2022-05-23T05:34:51.679Z - log: [Package] console@1.0.0 enable
2022-05-23T05:34:52.017Z - log: [Package] extension@3.0.16 enable
2022-05-23T05:34:52.075Z - log: [Package] hierarchy@1.0.0 enable
2022-05-23T05:34:52.125Z - log: [Package] inspector@1.0.0 enable
2022-05-23T05:34:52.170Z - log: [Package] lightmap@1.0.4 enable
2022-05-23T05:34:52.231Z - log: [Package] node-library@1.0.1 enable
2022-05-23T05:34:52.255Z - log: [Package] package-asset@1.0.0 enable
2022-05-23T05:34:52.291Z - log: [Package] process@1.0.0 enable
2022-05-23T05:34:52.327Z - log: [Package] reference-image@1.0.0 enable
2022-05-23T05:34:52.350Z - log: [Package] alipay-mini-game@1.0.0 enable
2022-05-23T05:34:52.380Z - log: [Package] android@1.0.0 enable
2022-05-23T05:34:52.410Z - log: [Package] baidu-mini-game@1.0.0 enable
2022-05-23T05:34:52.440Z - log: [Package] bytedance-mini-game@1.0.1 enable
2022-05-23T05:34:52.471Z - log: [Package] cocos-play@1.0.0 enable
2022-05-23T05:34:52.501Z - log: [Package] huawei-agc@1.0.0 enable
2022-05-23T05:34:52.526Z - log: [Package] huawei-quick-game@1.0.0 enable
2022-05-23T05:34:54.220Z - log: [Package] ios@1.0.0 enable
2022-05-23T05:34:54.251Z - log: [Package] ios-app-clip@1.0.0 enable
2022-05-23T05:34:54.273Z - log: [Package] link-sure@1.0.0 enable
2022-05-23T05:34:54.303Z - log: [Package] linux@1.0.0 enable
2022-05-23T05:34:54.335Z - log: [Package] mac@1.0.0 enable
2022-05-23T05:34:54.525Z - log: [Package] native@1.0.0 enable
2022-05-23T05:34:54.536Z - verbose: [AssetDB] Require engine code (3349ms)
2022-05-23T05:34:54.619Z - log: [Package] ohos@1.0.0 enable
2022-05-23T05:34:54.645Z - log: [Package] open-harmonyos@1.0.0 enable
2022-05-23T05:34:54.671Z - log: [Package] oppo-mini-game@1.0.0 enable
2022-05-23T05:34:54.702Z - log: [Package] qtt@1.0.0 enable
2022-05-23T05:34:54.730Z - log: [Package] vivo-mini-game@1.0.0 enable
2022-05-23T05:34:54.775Z - log: [Package] web-desktop@1.0.0 enable
2022-05-23T05:34:54.821Z - log: [Package] web-mobile@1.0.0 enable
2022-05-23T05:34:54.864Z - log: [Package] wechatgame@1.0.1 enable
2022-05-23T05:34:54.888Z - log: [Package] windows@1.0.0 enable
2022-05-23T05:34:54.911Z - log: [Package] xiaomi-quick-game@1.0.0 enable
2022-05-23T05:34:55.386Z - log: [Package] cocos-service@3.0.3 enable
2022-05-23T05:34:55.563Z - log: [Package] importer@1.0.0 enable
2022-05-23T05:34:56.092Z - log: [Im-plugin] Check im-plugin version.
2022-05-23T05:34:56.115Z - log: [Package] im-plugin@3.0.8 enable
2022-05-23T05:34:57.618Z - log: [Im-plugin] No online info of im-plugin.
2022-05-23T05:34:57.875Z - log: 设置的 IP 地址不存在，将使用默认 IP
2022-05-23T05:35:05.138Z - verbose: [Scene] Require engine code (1ms)
2022-05-23T05:35:05.143Z - verbose: [Scene] Startup engine (4ms)
2022-05-23T05:35:05.314Z - log: [Scene] Cocos Creator v3.5.0
2022-05-23T05:35:05.804Z - verbose: [Scene] Open engine (659ms)
2022-05-23T05:35:05.804Z - verbose: [Scene] Configure engine (0ms)
2022-05-23T05:35:05.519Z - info: [Scene] Forward render pipeline initialized.
2022-05-23T05:38:43.862Z - warn: Metrics: no valid info
