2022-05-09 14:34:58-log: [Package] menu@1.0.0 enable
2022-05-09 14:34:58-log: [Package] profile@1.0.0 enable
2022-05-09 14:34:58-log: [Package] project@1.0.1 enable
2022-05-09 14:34:58-log: [Package] messages@1.0.0 enable
2022-05-09 14:34:58-log: [Package] program@1.0.0 enable
2022-05-09 14:34:58-log: [Package] device@1.0.1 enable
2022-05-09 14:34:58-log: [Package] ui-kit@1.0.1 enable
2022-05-09 14:34:58-log: [Package] tester@1.0.0 enable
2022-05-09 14:34:58-log: [Package] preferences@1.0.0 enable
2022-05-09 14:34:58-log: Setup mods mgr.: 314.556ms
2022-05-09 14:34:58-log: Profile changed: engine (modules.includeModules: 2d,3d,audio,base,dragon-bones,gfx-webgl,gfx-webgl2,intersection-2d,marionette,particle,particle-2d,physics-2d-box2d,physics-ammo,primitive,profiler,spine,terrain,tiled-map,tween,ui,video,webview)
2022-05-09 14:34:59-log: [Package] engine@1.0.5 enable
2022-05-09 14:35:01-log: [Package] programming@1.0.0 enable
2022-05-09 14:35:01-log: [Package] Profile Migrate: builder@Cocos Creator...
2022-05-09 14:35:01-log: [Package] Profile Migrate: builder@Cocos Creator...
2022-05-09 14:35:02-log: [Package] engine-extends@1.0.0 enable
2022-05-09 14:35:02-log: [Package] asset-db@1.0.0 enable
2022-05-09 14:35:02-log: [Package] console@1.0.0 enable
2022-05-09 14:35:02-log: [Package] scene@1.0.0 enable
2022-05-09 14:35:02-log: [Package] about@1.0.0 enable
2022-05-09 14:35:02-log: [Package] server@1.0.0 enable
2022-05-09 14:35:02-log: [Package] utils@1.0.0 enable
2022-05-09 14:35:02-log: [Package] assets@1.0.0 enable
2022-05-09 14:35:02-log: [Package] inspector@1.0.0 enable
2022-05-09 14:35:02-log: [Package] hierarchy@1.0.0 enable
2022-05-09 14:35:04-log: [Package] preview@1.0.1 enable
2022-05-09 14:35:04-log: [Package] animator@1.0.0 enable
2022-05-09 14:35:05-log: 设置的 IP 地址不存在，将使用默认 IP
2022-05-09 14:35:06-log: [Package] builder@1.3.1 enable
2022-05-09 14:35:06-log: [Package] node-library@1.0.0 enable
2022-05-09 14:35:06-log: [Package] shortcuts@1.0.1 enable
2022-05-09 14:35:06-log: [Package] package-asset@1.0.0 enable
2022-05-09 14:35:06-log: [Package] reference-image@1.0.0 enable
2022-05-09 14:35:06-log: [Package] animation-graph@1.0.0 enable
2022-05-09 14:35:06-log: [Package] channel-upload-tools@1.0.0 enable
2022-05-09 14:35:06-log: [Package] runtime-dev-tools@1.0.0 enable
2022-05-09 14:35:06-log: [Package] lightmap@1.0.4 enable
2022-05-09 14:35:06-log: [Package] alipay-mini-game@1.0.0 enable
2022-05-09 14:35:06-log: [Package] android@1.0.0 enable
2022-05-09 14:35:06-log: [Package] baidu-mini-game@1.0.0 enable
2022-05-09 14:35:06-log: [Package] bytedance-mini-game@1.0.1 enable
2022-05-09 14:35:06-log: [Package] huawei-agc@1.0.0 enable
2022-05-09 14:35:08-log: [Package] ios@1.0.0 enable
2022-05-09 14:35:08-log: [Package] ios-app-clip@1.0.0 enable
2022-05-09 14:35:08-log: [Package] mac@1.0.0 enable
2022-05-09 14:35:08-log: [Package] native@1.0.0 enable
2022-05-09 14:35:08-log: [Package] ohos@1.0.0 enable
2022-05-09 14:35:08-log: [Package] web-desktop@1.0.0 enable
2022-05-09 14:35:08-log: [Package] web-mobile@1.0.0 enable
2022-05-09 14:35:08-log: [Package] wechatgame@1.0.1 enable
2022-05-09 14:35:08-log: [Package] windows@1.0.0 enable
2022-05-09 14:35:08-log: [Package] xiaomi-quick-game@1.0.0 enable
2022-05-09 14:35:08-log: [Package] cocos-play@1.0.0 enable
2022-05-09 14:35:08-log: [Package] huawei-quick-game@1.0.0 enable
2022-05-09 14:35:08-log: [Package] link-sure@1.0.0 enable
2022-05-09 14:35:09-log: [Package] oppo-mini-game@1.0.0 enable
2022-05-09 14:35:09-log: [Package] qtt@1.0.0 enable
2022-05-09 14:35:09-log: [Package] vivo-mini-game@1.0.0 enable
2022-05-09 14:35:09-log: [Package] cocos-service@3.0.2 enable
2022-05-09 14:35:09-log: [Package] importer@1.0.0 enable
2022-05-09 14:35:10-log: [Package] extension@3.0.15 enable
2022-05-09 14:35:10-log: [Im-plugin] Check im-plugin version.
2022-05-09 14:35:10-log: [Package] im-plugin@3.0.8 enable
2022-05-09 14:35:11-log: 设置的 IP 地址不存在，将使用默认 IP
2022-05-09 14:35:11-log: [Im-plugin] No online info of im-plugin.
2022-05-09 14:35:20-warn: Browserslist: caniuse-lite is outdated. Please run:
npx browserslist@latest --update-db

Why you should do it regularly:
https://github.com/browserslist/browserslist#browsers-data-updating
2022-05-09 14:35:20-log: [Scene] Cocos Creator v3.4.2
2022-05-09 14:35:21-warn: [Scene] 'macro.KEY' is deprecated. (please use KeyCode instead)
2022-05-09 14:35:21-warn: [Scene] 'macro.KEY.shift' is deprecated. (please use KeyCode.SHIFT_LEFT instead)
2022-05-09 14:35:21-info: [Scene] Forward render pipeline initialized.
2022-05-09 14:35:22-warn: [Scene] 'macro.KEY' is deprecated. (please use KeyCode instead)
2022-05-09 14:35:22-warn: [Scene] 'macro.KEY.shift' is deprecated. (please use KeyCode.SHIFT_LEFT instead)
2022-06-01T10:10:45.420Z - log: [Package] menu@1.0.0 enable
2022-06-01T10:10:45.423Z - log: [Package] profile@1.0.0 enable
2022-06-01T10:10:45.436Z - log: [Package] project@1.0.2 enable
2022-06-01T10:10:45.443Z - log: [Package] messages@1.0.0 enable
2022-06-01T10:10:45.448Z - log: [Package] program@1.0.0 enable
2022-06-01T10:10:45.454Z - log: [Package] tester@1.0.0 enable
2022-06-01T10:10:45.462Z - log: [Package] preferences@1.0.0 enable
2022-06-01T10:10:46.219Z - log: Setup mods mgr.: 321.406ms
2022-06-01T10:10:46.229Z - verbose: [Engine] QuickCompile engine (693ms)
2022-06-01T10:10:46.232Z - log: [Package] engine@1.0.6 enable
2022-06-01T10:10:47.070Z - log: [Package] programming@1.0.0 enable
2022-06-01T10:10:47.366Z - log: [Package] device@1.0.1 enable
2022-06-01T10:10:47.395Z - log: [Package] ui-kit@1.0.1 enable
2022-06-01T10:10:47.421Z - log: [Package] engine-extends@1.0.0 enable
2022-06-01T10:10:47.486Z - log: [Package] asset-db@1.0.0 enable
2022-06-01T10:10:47.531Z - log: [Package] scene@1.0.0 enable
2022-06-01T10:10:47.743Z - log: [Package] server@1.0.0 enable
2022-06-01T10:10:47.789Z - log: [Package] utils@1.0.0 enable
2022-06-01T10:10:52.223Z - log: [Package] preview@1.0.1 enable
2022-06-01T10:10:52.263Z - log: [Package] animator@1.0.0 enable
2022-06-01T10:10:52.383Z - log: 设置的 IP 地址不存在，将使用默认 IP
2022-06-01T10:10:53.279Z - log: [Package] builder@1.3.2 enable
2022-06-01T10:10:53.313Z - log: [Package] shortcuts@1.0.1 enable
2022-06-01T10:10:53.345Z - log: [Package] animation-graph@1.0.0 enable
2022-06-01T10:10:53.369Z - log: [Package] runtime-dev-tools@1.0.0 enable
2022-06-01T10:10:53.391Z - log: [Package] channel-upload-tools@1.0.0 enable
2022-06-01T10:10:53.432Z - log: [Package] about@1.0.0 enable
2022-06-01T10:10:53.470Z - log: [Package] assets@1.0.0 enable
2022-06-01T10:10:53.513Z - log: [Package] console@1.0.0 enable
2022-06-01T10:10:53.828Z - log: [Package] extension@3.0.16 enable
2022-06-01T10:10:53.862Z - log: [Package] hierarchy@1.0.0 enable
2022-06-01T10:10:53.898Z - log: [Package] inspector@1.0.0 enable
2022-06-01T10:10:53.934Z - log: [Package] lightmap@1.0.4 enable
2022-06-01T10:10:53.970Z - log: [Package] node-library@1.0.1 enable
2022-06-01T10:10:53.996Z - log: [Package] package-asset@1.0.0 enable
2022-06-01T10:10:54.036Z - log: [Package] process@1.0.0 enable
2022-06-01T10:10:54.078Z - log: [Package] reference-image@1.0.0 enable
2022-06-01T10:10:54.106Z - log: [Package] alipay-mini-game@1.0.0 enable
2022-06-01T10:10:54.135Z - log: [Package] android@1.0.0 enable
2022-06-01T10:10:54.168Z - log: [Package] baidu-mini-game@1.0.0 enable
2022-06-01T10:10:54.194Z - log: [Package] bytedance-mini-game@1.0.1 enable
2022-06-01T10:10:54.221Z - log: [Package] cocos-play@1.0.0 enable
2022-06-01T10:10:54.251Z - log: [Package] huawei-agc@1.0.0 enable
2022-06-01T10:10:54.275Z - log: [Package] huawei-quick-game@1.0.0 enable
2022-06-01T10:10:55.648Z - log: [Package] ios@1.0.0 enable
2022-06-01T10:10:55.673Z - log: [Package] ios-app-clip@1.0.0 enable
2022-06-01T10:10:55.699Z - log: [Package] link-sure@1.0.0 enable
2022-06-01T10:10:55.723Z - log: [Package] linux@1.0.0 enable
2022-06-01T10:10:55.751Z - log: [Package] mac@1.0.0 enable
2022-06-01T10:10:55.870Z - log: [Package] native@1.0.0 enable
2022-06-01T10:10:55.897Z - log: [Package] ohos@1.0.0 enable
2022-06-01T10:10:55.925Z - log: [Package] open-harmonyos@1.0.0 enable
2022-06-01T10:10:55.953Z - log: [Package] oppo-mini-game@1.0.0 enable
2022-06-01T10:10:55.971Z - verbose: [AssetDB] Require engine code (2887ms)
2022-06-01T10:10:55.978Z - log: [Package] qtt@1.0.0 enable
2022-06-01T10:10:56.005Z - log: [Package] vivo-mini-game@1.0.0 enable
2022-06-01T10:10:56.047Z - log: [Package] web-desktop@1.0.0 enable
2022-06-01T10:10:56.088Z - log: [Package] web-mobile@1.0.0 enable
2022-06-01T10:10:56.138Z - log: [Package] wechatgame@1.0.1 enable
2022-06-01T10:10:56.206Z - log: [Package] windows@1.0.0 enable
2022-06-01T10:10:56.230Z - log: [Package] xiaomi-quick-game@1.0.0 enable
2022-06-01T10:10:56.504Z - log: [Package] cocos-service@3.0.3 enable
2022-06-01T10:10:56.559Z - log: [Package] importer@1.0.0 enable
2022-06-01T10:10:57.028Z - log: [Im-plugin] Check im-plugin version.
2022-06-01T10:10:57.060Z - log: [Package] im-plugin@3.0.8 enable
2022-06-01T10:10:57.789Z - log: [Im-plugin] No online info of im-plugin.
2022-06-01T10:10:58.304Z - log: 设置的 IP 地址不存在，将使用默认 IP
2022-06-01T10:11:11.345Z - verbose: [Scene] Require engine code (0ms)
2022-06-01T10:11:11.349Z - verbose: [Scene] Startup engine (2ms)
2022-06-01T10:11:11.387Z - log: [Scene] Cocos Creator v3.5.1
2022-06-01T10:11:11.471Z - warn: [Scene] 'macro.KEY' is deprecated. (please use KeyCode instead)Error: [Scene] 'macro.KEY' is deprecated. (please use KeyCode instead)
    at warn (/Applications/CocosCreator/Creator/3.5.1/CocosCreator.app/Contents/Resources/resources/3d/engine/bin/.cache/dev/editor/bundled/index.js:139072:10)
    at markAsWarningLog (/Applications/CocosCreator/Creator/3.5.1/CocosCreator.app/Contents/Resources/resources/3d/engine/bin/.cache/dev/editor/bundled/index.js:164006:5)
    at Object.get (/Applications/CocosCreator/Creator/3.5.1/CocosCreator.app/Contents/Resources/resources/3d/engine/bin/.cache/dev/editor/bundled/index.js:164066:13)
    at Object.execute (file:///Users/mu/work/gitee/cocos-creator-how-to-use/proj/Particle/Creator3.5.1_3D_ParticleMain/temp/programming/packer-driver/targets/editor/chunks/f5/f53bd31cda9ad722d8c72d846fea94677e1dbf2a.js:48:22)
    at doExec (/Applications/CocosCreator/Creator/3.5.1/CocosCreator.app/Contents/Resources/app.asar/node_modules/@editor/lib-programming/static/executor/systemjs-bridge/out/index.js:487:32)
    at postOrderExec (/Applications/CocosCreator/Creator/3.5.1/CocosCreator.app/Contents/Resources/app.asar/node_modules/@editor/lib-programming/static/executor/systemjs-bridge/out/index.js:483:10)
    at /Applications/CocosCreator/Creator/3.5.1/CocosCreator.app/Contents/Resources/app.asar/node_modules/@editor/lib-programming/static/executor/systemjs-bridge/out/index.js:440:12
2022-06-01T10:11:11.471Z - warn: [Scene] 'macro.KEY.shift' is deprecated. (please use KeyCode.SHIFT_LEFT instead)Error: [Scene] 'macro.KEY.shift' is deprecated. (please use KeyCode.SHIFT_LEFT instead)
    at warn (/Applications/CocosCreator/Creator/3.5.1/CocosCreator.app/Contents/Resources/resources/3d/engine/bin/.cache/dev/editor/bundled/index.js:139072:10)
    at markAsWarningLog (/Applications/CocosCreator/Creator/3.5.1/CocosCreator.app/Contents/Resources/resources/3d/engine/bin/.cache/dev/editor/bundled/index.js:164006:5)
    at Object.get (/Applications/CocosCreator/Creator/3.5.1/CocosCreator.app/Contents/Resources/resources/3d/engine/bin/.cache/dev/editor/bundled/index.js:164066:13)
    at Object.execute (file:///Users/mu/work/gitee/cocos-creator-how-to-use/proj/Particle/Creator3.5.1_3D_ParticleMain/temp/programming/packer-driver/targets/editor/chunks/f5/f53bd31cda9ad722d8c72d846fea94677e1dbf2a.js:48:26)
    at doExec (/Applications/CocosCreator/Creator/3.5.1/CocosCreator.app/Contents/Resources/app.asar/node_modules/@editor/lib-programming/static/executor/systemjs-bridge/out/index.js:487:32)
    at postOrderExec (/Applications/CocosCreator/Creator/3.5.1/CocosCreator.app/Contents/Resources/app.asar/node_modules/@editor/lib-programming/static/executor/systemjs-bridge/out/index.js:483:10)
    at /Applications/CocosCreator/Creator/3.5.1/CocosCreator.app/Contents/Resources/app.asar/node_modules/@editor/lib-programming/static/executor/systemjs-bridge/out/index.js:440:12
2022-06-01T10:11:11.689Z - verbose: [Scene] Open engine (342ms)
2022-06-01T10:11:11.689Z - verbose: [Scene] Configure engine (0ms)
2022-06-01T10:11:11.480Z - info: [Scene] Forward render pipeline initialized.
2022-06-01T10:11:12.342Z - warn: [Scene] 'macro.KEY' is deprecated. (please use KeyCode instead)Error: [Scene] 'macro.KEY' is deprecated. (please use KeyCode instead)
    at warn (/Applications/CocosCreator/Creator/3.5.1/CocosCreator.app/Contents/Resources/resources/3d/engine/bin/.cache/dev/editor/bundled/index.js:139072:10)
    at markAsWarningLog (/Applications/CocosCreator/Creator/3.5.1/CocosCreator.app/Contents/Resources/resources/3d/engine/bin/.cache/dev/editor/bundled/index.js:164006:5)
    at Object.get (/Applications/CocosCreator/Creator/3.5.1/CocosCreator.app/Contents/Resources/resources/3d/engine/bin/.cache/dev/editor/bundled/index.js:164066:13)
    at Object.execute (file:///Users/mu/work/gitee/cocos-creator-how-to-use/proj/Particle/Creator3.5.1_3D_ParticleMain/temp/programming/packer-driver/targets/editor/chunks/f5/f53bd31cda9ad722d8c72d846fea94677e1dbf2a.js:48:22)
    at doExec (/Applications/CocosCreator/Creator/3.5.1/CocosCreator.app/Contents/Resources/app.asar/node_modules/@editor/lib-programming/static/executor/systemjs-bridge/out/index.js:487:32)
    at postOrderExec (/Applications/CocosCreator/Creator/3.5.1/CocosCreator.app/Contents/Resources/app.asar/node_modules/@editor/lib-programming/static/executor/systemjs-bridge/out/index.js:483:10)
    at /Applications/CocosCreator/Creator/3.5.1/CocosCreator.app/Contents/Resources/app.asar/node_modules/@editor/lib-programming/static/executor/systemjs-bridge/out/index.js:440:12
2022-06-01T10:11:12.342Z - warn: [Scene] 'macro.KEY.shift' is deprecated. (please use KeyCode.SHIFT_LEFT instead)Error: [Scene] 'macro.KEY.shift' is deprecated. (please use KeyCode.SHIFT_LEFT instead)
    at warn (/Applications/CocosCreator/Creator/3.5.1/CocosCreator.app/Contents/Resources/resources/3d/engine/bin/.cache/dev/editor/bundled/index.js:139072:10)
    at markAsWarningLog (/Applications/CocosCreator/Creator/3.5.1/CocosCreator.app/Contents/Resources/resources/3d/engine/bin/.cache/dev/editor/bundled/index.js:164006:5)
    at Object.get (/Applications/CocosCreator/Creator/3.5.1/CocosCreator.app/Contents/Resources/resources/3d/engine/bin/.cache/dev/editor/bundled/index.js:164066:13)
    at Object.execute (file:///Users/mu/work/gitee/cocos-creator-how-to-use/proj/Particle/Creator3.5.1_3D_ParticleMain/temp/programming/packer-driver/targets/editor/chunks/f5/f53bd31cda9ad722d8c72d846fea94677e1dbf2a.js:48:26)
    at doExec (/Applications/CocosCreator/Creator/3.5.1/CocosCreator.app/Contents/Resources/app.asar/node_modules/@editor/lib-programming/static/executor/systemjs-bridge/out/index.js:487:32)
    at postOrderExec (/Applications/CocosCreator/Creator/3.5.1/CocosCreator.app/Contents/Resources/app.asar/node_modules/@editor/lib-programming/static/executor/systemjs-bridge/out/index.js:483:10)
    at /Applications/CocosCreator/Creator/3.5.1/CocosCreator.app/Contents/Resources/app.asar/node_modules/@editor/lib-programming/static/executor/systemjs-bridge/out/index.js:440:12
2022-06-01T10:12:18.860Z - warn: Metrics: no valid info
