2022-05-22T07:44:33.668Z - log: [Package] menu@1.0.0 enable
2022-05-22T07:44:33.671Z - log: [Package] profile@1.0.0 enable
2022-05-22T07:44:33.685Z - log: [Package] project@1.0.2 enable
2022-05-22T07:44:33.691Z - log: [Package] messages@1.0.0 enable
2022-05-22T07:44:33.696Z - log: [Package] program@1.0.0 enable
2022-05-22T07:44:33.704Z - log: [Package] tester@1.0.0 enable
2022-05-22T07:44:33.710Z - log: [Package] preferences@1.0.0 enable
2022-05-22T07:44:34.536Z - log: Setup mods mgr.: 344.312ms
2022-05-22T07:44:34.552Z - verbose: [Engine] QuickCompile engine (780ms)
2022-05-22T07:44:34.556Z - log: [Package] engine@1.0.6 enable
2022-05-22T07:44:35.482Z - log: [Package] programming@1.0.0 enable
2022-05-22T07:44:35.788Z - log: [Package] device@1.0.1 enable
2022-05-22T07:44:35.816Z - log: [Package] ui-kit@1.0.1 enable
2022-05-22T07:44:35.856Z - log: [Package] engine-extends@1.0.0 enable
2022-05-22T07:44:35.933Z - log: [Package] asset-db@1.0.0 enable
2022-05-22T07:44:35.990Z - log: [Package] scene@1.0.0 enable
2022-05-22T07:44:36.299Z - log: [Package] server@1.0.0 enable
2022-05-22T07:44:36.338Z - log: [Package] utils@1.0.0 enable
2022-05-22T07:44:40.825Z - log: [Package] preview@1.0.1 enable
2022-05-22T07:44:40.866Z - log: [Package] animator@1.0.0 enable
2022-05-22T07:44:40.976Z - log: 设置的 IP 地址不存在，将使用默认 IP
2022-05-22T07:44:41.886Z - log: [Package] builder@1.3.2 enable
2022-05-22T07:44:41.922Z - log: [Package] shortcuts@1.0.1 enable
2022-05-22T07:44:41.953Z - log: [Package] animation-graph@1.0.0 enable
2022-05-22T07:44:41.977Z - log: [Package] runtime-dev-tools@1.0.0 enable
2022-05-22T07:44:42.002Z - log: [Package] channel-upload-tools@1.0.0 enable
2022-05-22T07:44:42.037Z - log: [Package] about@1.0.0 enable
2022-05-22T07:44:42.068Z - log: [Package] assets@1.0.0 enable
2022-05-22T07:44:42.110Z - log: [Package] console@1.0.0 enable
2022-05-22T07:44:42.397Z - log: [Package] extension@3.0.16 enable
2022-05-22T07:44:42.451Z - log: [Package] hierarchy@1.0.0 enable
2022-05-22T07:44:42.488Z - log: [Package] inspector@1.0.0 enable
2022-05-22T07:44:42.527Z - log: [Package] lightmap@1.0.4 enable
2022-05-22T07:44:42.588Z - log: [Package] node-library@1.0.1 enable
2022-05-22T07:44:42.613Z - log: [Package] package-asset@1.0.0 enable
2022-05-22T07:44:42.648Z - log: [Package] process@1.0.0 enable
2022-05-22T07:44:42.685Z - log: [Package] reference-image@1.0.0 enable
2022-05-22T07:44:42.721Z - log: [Package] alipay-mini-game@1.0.0 enable
2022-05-22T07:44:42.754Z - log: [Package] android@1.0.0 enable
2022-05-22T07:44:42.785Z - log: [Package] baidu-mini-game@1.0.0 enable
2022-05-22T07:44:42.811Z - log: [Package] bytedance-mini-game@1.0.1 enable
2022-05-22T07:44:42.845Z - log: [Package] cocos-play@1.0.0 enable
2022-05-22T07:44:42.884Z - log: [Package] huawei-agc@1.0.0 enable
2022-05-22T07:44:42.916Z - log: [Package] huawei-quick-game@1.0.0 enable
2022-05-22T07:44:44.116Z - log: [Package] ios@1.0.0 enable
2022-05-22T07:44:44.146Z - log: [Package] ios-app-clip@1.0.0 enable
2022-05-22T07:44:44.172Z - log: [Package] link-sure@1.0.0 enable
2022-05-22T07:44:44.201Z - log: [Package] linux@1.0.0 enable
2022-05-22T07:44:44.225Z - log: [Package] mac@1.0.0 enable
2022-05-22T07:44:44.394Z - log: [Package] native@1.0.0 enable
2022-05-22T07:44:44.397Z - verbose: [AssetDB] Require engine code (2649ms)
2022-05-22T07:44:44.420Z - log: [Package] ohos@1.0.0 enable
2022-05-22T07:44:44.446Z - log: [Package] open-harmonyos@1.0.0 enable
2022-05-22T07:44:44.471Z - log: [Package] oppo-mini-game@1.0.0 enable
2022-05-22T07:44:44.498Z - log: [Package] qtt@1.0.0 enable
2022-05-22T07:44:44.527Z - log: [Package] vivo-mini-game@1.0.0 enable
2022-05-22T07:44:44.574Z - log: [Package] web-desktop@1.0.0 enable
2022-05-22T07:44:44.628Z - log: [Package] web-mobile@1.0.0 enable
2022-05-22T07:44:44.668Z - log: [Package] wechatgame@1.0.1 enable
2022-05-22T07:44:44.694Z - log: [Package] windows@1.0.0 enable
2022-05-22T07:44:44.718Z - log: [Package] xiaomi-quick-game@1.0.0 enable
2022-05-22T07:44:45.255Z - log: [Package] cocos-service@3.0.3 enable
2022-05-22T07:44:45.302Z - log: [Package] importer@1.0.0 enable
2022-05-22T07:44:45.648Z - log: [Im-plugin] Check im-plugin version.
2022-05-22T07:44:45.661Z - log: [Package] im-plugin@3.0.8 enable
2022-05-22T07:44:46.441Z - log: [Im-plugin] No online info of im-plugin.
2022-05-22T07:44:47.094Z - log: 设置的 IP 地址不存在，将使用默认 IP
2022-05-22T07:44:57.394Z - verbose: [Scene] Require engine code (1ms)
2022-05-22T07:44:57.396Z - verbose: [Scene] Startup engine (0ms)
2022-05-22T07:44:57.433Z - log: [Scene] Cocos Creator v3.5.0
2022-05-22T07:44:57.798Z - verbose: [Scene] Open engine (402ms)
2022-05-22T07:44:57.798Z - verbose: [Scene] Configure engine (0ms)
2022-05-22T07:44:57.530Z - info: [Scene] Forward render pipeline initialized.
2022-05-22T07:46:03.846Z - warn: Metrics: no valid info
