2022-05-09 14:25:41-log: [Package] menu@1.0.0 enable
2022-05-09 14:25:41-log: [Package] profile@1.0.0 enable
2022-05-09 14:25:41-log: [Package] project@1.0.1 enable
2022-05-09 14:25:41-log: [Package] messages@1.0.0 enable
2022-05-09 14:25:41-log: [Package] program@1.0.0 enable
2022-05-09 14:25:41-log: [Package] device@1.0.1 enable
2022-05-09 14:25:41-log: [Package] ui-kit@1.0.1 enable
2022-05-09 14:25:41-log: [Package] tester@1.0.0 enable
2022-05-09 14:25:41-log: [Package] preferences@1.0.0 enable
2022-05-09 14:25:42-log: Setup mods mgr.: 331.67ms
2022-05-09 14:25:42-log: Profile changed: engine (modules.includeModules: 2d,3d,audio,base,dragon-bones,gfx-webgl,gfx-webgl2,intersection-2d,marionette,particle,particle-2d,physics-2d-box2d,physics-ammo,primitive,profiler,spine,terrain,tiled-map,tween,ui,video,webview)
2022-05-09 14:25:42-log: [Package] engine@1.0.5 enable
2022-05-09 14:25:45-log: [Package] programming@1.0.0 enable
2022-05-09 14:25:45-log: [Package] engine-extends@1.0.0 enable
2022-05-09 14:25:45-log: [Package] asset-db@1.0.0 enable
2022-05-09 14:25:45-log: [Package] console@1.0.0 enable
2022-05-09 14:25:45-log: [Package] scene@1.0.0 enable
2022-05-09 14:25:45-log: [Package] about@1.0.0 enable
2022-05-09 14:25:46-log: [Package] server@1.0.0 enable
2022-05-09 14:25:46-log: [Package] utils@1.0.0 enable
2022-05-09 14:25:46-log: [Package] assets@1.0.0 enable
2022-05-09 14:25:46-log: [Package] inspector@1.0.0 enable
2022-05-09 14:25:46-log: [Package] hierarchy@1.0.0 enable
2022-05-09 14:25:48-log: [Package] preview@1.0.1 enable
2022-05-09 14:25:48-log: [Package] animator@1.0.0 enable
2022-05-09 14:25:49-log: [Package] builder@1.3.1 enable
2022-05-09 14:25:49-log: [Package] node-library@1.0.0 enable
2022-05-09 14:25:49-log: [Package] shortcuts@1.0.1 enable
2022-05-09 14:25:49-log: [Package] package-asset@1.0.0 enable
2022-05-09 14:25:49-log: [Package] reference-image@1.0.0 enable
2022-05-09 14:25:49-log: [Package] animation-graph@1.0.0 enable
2022-05-09 14:25:49-log: [Package] channel-upload-tools@1.0.0 enable
2022-05-09 14:25:49-log: [Package] runtime-dev-tools@1.0.0 enable
2022-05-09 14:25:49-log: [Package] lightmap@1.0.4 enable
2022-05-09 14:25:49-log: [Package] alipay-mini-game@1.0.0 enable
2022-05-09 14:25:49-log: [Package] android@1.0.0 enable
2022-05-09 14:25:49-log: [Package] baidu-mini-game@1.0.0 enable
2022-05-09 14:25:49-log: [Package] bytedance-mini-game@1.0.1 enable
2022-05-09 14:25:49-log: [Package] huawei-agc@1.0.0 enable
2022-05-09 14:25:50-log: [Package] ios@1.0.0 enable
2022-05-09 14:25:50-log: [Package] ios-app-clip@1.0.0 enable
2022-05-09 14:25:50-log: [Package] mac@1.0.0 enable
2022-05-09 14:25:50-log: [Package] native@1.0.0 enable
2022-05-09 14:25:50-log: [Package] ohos@1.0.0 enable
2022-05-09 14:25:50-log: [Package] web-desktop@1.0.0 enable
2022-05-09 14:25:51-log: [Package] web-mobile@1.0.0 enable
2022-05-09 14:25:51-log: [Package] wechatgame@1.0.1 enable
2022-05-09 14:25:51-log: [Package] windows@1.0.0 enable
2022-05-09 14:25:51-log: [Package] xiaomi-quick-game@1.0.0 enable
2022-05-09 14:25:51-log: [Package] cocos-play@1.0.0 enable
2022-05-09 14:25:51-log: [Package] huawei-quick-game@1.0.0 enable
2022-05-09 14:25:51-log: [Package] link-sure@1.0.0 enable
2022-05-09 14:25:51-log: [Package] oppo-mini-game@1.0.0 enable
2022-05-09 14:25:51-log: [Package] qtt@1.0.0 enable
2022-05-09 14:25:51-log: [Package] vivo-mini-game@1.0.0 enable
2022-05-09 14:25:51-log: [Package] cocos-service@3.0.2 enable
2022-05-09 14:25:51-log: [Package] importer@1.0.0 enable
2022-05-09 14:25:52-log: [Package] extension@3.0.15 enable
2022-05-09 14:25:52-log: [Im-plugin] Check im-plugin version.
2022-05-09 14:25:52-log: [Package] im-plugin@3.0.8 enable
2022-05-09 14:25:52-warn: Browserslist: caniuse-lite is outdated. Please run:
npx browserslist@latest --update-db

Why you should do it regularly:
https://github.com/browserslist/browserslist#browsers-data-updating
2022-05-09 14:25:53-log: 设置的 IP 地址不存在，将使用默认 IP
2022-05-09 14:25:53-log: 设置的 IP 地址不存在，将使用默认 IP
2022-05-09 14:25:53-log: [Im-plugin] No online info of im-plugin.
2022-06-01T10:23:38.409Z - log: [Package] menu@1.0.0 enable
2022-06-01T10:23:38.421Z - log: [Package] profile@1.0.0 enable
2022-06-01T10:23:38.447Z - log: [Package] project@1.0.2 enable
2022-06-01T10:23:38.457Z - log: [Package] messages@1.0.0 enable
2022-06-01T10:23:38.466Z - log: [Package] program@1.0.0 enable
2022-06-01T10:23:38.472Z - log: [Package] tester@1.0.0 enable
2022-06-01T10:23:38.478Z - log: [Package] preferences@1.0.0 enable
2022-06-01T10:23:39.203Z - log: Setup mods mgr.: 325.5ms
2022-06-01T10:23:39.214Z - verbose: [Engine] QuickCompile engine (674ms)
2022-06-01T10:23:39.217Z - log: [Package] engine@1.0.6 enable
2022-06-01T10:23:40.064Z - log: [Package] programming@1.0.0 enable
2022-06-01T10:23:40.366Z - log: [Package] device@1.0.1 enable
2022-06-01T10:23:40.397Z - log: [Package] ui-kit@1.0.1 enable
2022-06-01T10:23:40.432Z - log: [Package] engine-extends@1.0.0 enable
2022-06-01T10:23:40.498Z - log: [Package] asset-db@1.0.0 enable
2022-06-01T10:23:40.543Z - log: [Package] scene@1.0.0 enable
2022-06-01T10:23:40.796Z - log: [Package] server@1.0.0 enable
2022-06-01T10:23:40.830Z - log: [Package] utils@1.0.0 enable
2022-06-01T10:23:45.237Z - log: [Package] preview@1.0.1 enable
2022-06-01T10:23:45.291Z - log: [Package] animator@1.0.0 enable
2022-06-01T10:23:45.445Z - log: 设置的 IP 地址不存在，将使用默认 IP
2022-06-01T10:23:46.364Z - log: [Package] builder@1.3.2 enable
2022-06-01T10:23:46.397Z - log: [Package] shortcuts@1.0.1 enable
2022-06-01T10:23:46.429Z - log: [Package] animation-graph@1.0.0 enable
2022-06-01T10:23:46.452Z - log: [Package] runtime-dev-tools@1.0.0 enable
2022-06-01T10:23:46.475Z - log: [Package] channel-upload-tools@1.0.0 enable
2022-06-01T10:23:46.505Z - log: [Package] about@1.0.0 enable
2022-06-01T10:23:46.536Z - log: [Package] assets@1.0.0 enable
2022-06-01T10:23:46.578Z - log: [Package] console@1.0.0 enable
2022-06-01T10:23:46.830Z - log: [Package] extension@3.0.16 enable
2022-06-01T10:23:46.866Z - log: [Package] hierarchy@1.0.0 enable
2022-06-01T10:23:46.901Z - log: [Package] inspector@1.0.0 enable
2022-06-01T10:23:46.939Z - log: [Package] lightmap@1.0.4 enable
2022-06-01T10:23:46.976Z - log: [Package] node-library@1.0.1 enable
2022-06-01T10:23:47.003Z - log: [Package] package-asset@1.0.0 enable
2022-06-01T10:23:47.038Z - log: [Package] process@1.0.0 enable
2022-06-01T10:23:47.079Z - log: [Package] reference-image@1.0.0 enable
2022-06-01T10:23:47.103Z - log: [Package] alipay-mini-game@1.0.0 enable
2022-06-01T10:23:47.137Z - log: [Package] android@1.0.0 enable
2022-06-01T10:23:47.170Z - log: [Package] baidu-mini-game@1.0.0 enable
2022-06-01T10:23:47.197Z - log: [Package] bytedance-mini-game@1.0.1 enable
2022-06-01T10:23:47.226Z - log: [Package] cocos-play@1.0.0 enable
2022-06-01T10:23:47.259Z - log: [Package] huawei-agc@1.0.0 enable
2022-06-01T10:23:47.284Z - log: [Package] huawei-quick-game@1.0.0 enable
2022-06-01T10:23:48.580Z - log: [Package] ios@1.0.0 enable
2022-06-01T10:23:48.607Z - log: [Package] ios-app-clip@1.0.0 enable
2022-06-01T10:23:48.629Z - log: [Package] link-sure@1.0.0 enable
2022-06-01T10:23:48.656Z - log: [Package] linux@1.0.0 enable
2022-06-01T10:23:48.682Z - log: [Package] mac@1.0.0 enable
2022-06-01T10:23:48.875Z - log: [Package] native@1.0.0 enable
2022-06-01T10:23:48.879Z - verbose: [AssetDB] Require engine code (2646ms)
2022-06-01T10:23:48.967Z - log: [Package] ohos@1.0.0 enable
2022-06-01T10:23:49.002Z - log: [Package] open-harmonyos@1.0.0 enable
2022-06-01T10:23:49.056Z - log: [Package] oppo-mini-game@1.0.0 enable
2022-06-01T10:23:49.084Z - log: [Package] qtt@1.0.0 enable
2022-06-01T10:23:49.109Z - log: [Package] vivo-mini-game@1.0.0 enable
2022-06-01T10:23:49.150Z - log: [Package] web-desktop@1.0.0 enable
2022-06-01T10:23:49.188Z - log: [Package] web-mobile@1.0.0 enable
2022-06-01T10:23:49.226Z - log: [Package] wechatgame@1.0.1 enable
2022-06-01T10:23:49.250Z - log: [Package] windows@1.0.0 enable
2022-06-01T10:23:49.274Z - log: [Package] xiaomi-quick-game@1.0.0 enable
2022-06-01T10:23:49.576Z - log: [Package] cocos-service@3.0.3 enable
2022-06-01T10:23:49.734Z - log: [Package] importer@1.0.0 enable
2022-06-01T10:23:50.159Z - log: [Im-plugin] Check im-plugin version.
2022-06-01T10:23:50.172Z - log: [Package] im-plugin@3.0.8 enable
2022-06-01T10:23:51.439Z - log: 设置的 IP 地址不存在，将使用默认 IP
2022-06-01T10:23:51.853Z - log: [Im-plugin] No online info of im-plugin.
2022-06-01T10:24:04.808Z - verbose: [Scene] Require engine code (0ms)
2022-06-01T10:24:04.812Z - verbose: [Scene] Startup engine (1ms)
2022-06-01T10:24:04.864Z - log: [Scene] Cocos Creator v3.5.1
2022-06-01T10:24:05.158Z - verbose: [Scene] Open engine (348ms)
2022-06-01T10:24:05.158Z - verbose: [Scene] Configure engine (0ms)
2022-06-01T10:24:04.946Z - info: [Scene] Forward render pipeline initialized.
2022-06-01T10:24:34.676Z - warn: Metrics: no valid info
