2022-05-09 14:14:45-log: [Package] menu@1.0.0 enable
2022-05-09 14:14:45-log: [Package] profile@1.0.0 enable
2022-05-09 14:14:45-log: [Package] project@1.0.1 enable
2022-05-09 14:14:45-log: [Package] messages@1.0.0 enable
2022-05-09 14:14:45-log: [Package] program@1.0.0 enable
2022-05-09 14:14:45-log: [Package] device@1.0.1 enable
2022-05-09 14:14:45-log: [Package] ui-kit@1.0.1 enable
2022-05-09 14:14:45-log: [Package] tester@1.0.0 enable
2022-05-09 14:14:45-log: [Package] preferences@1.0.0 enable
2022-05-09 14:14:46-log: Setup mods mgr.: 344.033ms
2022-05-09 14:14:46-log: Profile changed: engine (modules.includeModules: 2d,3d,audio,base,dragon-bones,gfx-webgl,gfx-webgl2,intersection-2d,marionette,particle,particle-2d,physics-2d-box2d,physics-ammo,primitive,profiler,spine,terrain,tiled-map,tween,ui,video,webview)
2022-05-09 14:14:46-log: [Package] engine@1.0.5 enable
2022-05-09 14:14:49-log: [Package] programming@1.0.0 enable
2022-05-09 14:14:49-log: [Package] Profile Migrate: builder@Cocos Creator...
2022-05-09 14:14:49-log: [Package] Profile Migrate: builder@Cocos Creator...
2022-05-09 14:14:49-log: [Package] engine-extends@1.0.0 enable
2022-05-09 14:14:49-log: [Package] asset-db@1.0.0 enable
2022-05-09 14:14:49-log: [Package] console@1.0.0 enable
2022-05-09 14:14:49-log: [Package] scene@1.0.0 enable
2022-05-09 14:14:49-log: [Package] about@1.0.0 enable
2022-05-09 14:14:50-log: [Package] server@1.0.0 enable
2022-05-09 14:14:50-log: [Package] utils@1.0.0 enable
2022-05-09 14:14:50-log: [Package] assets@1.0.0 enable
2022-05-09 14:14:50-log: [Package] inspector@1.0.0 enable
2022-05-09 14:14:52-log: [Package] preview@1.0.1 enable
2022-05-09 14:14:52-log: [Package] animator@1.0.0 enable
2022-05-09 14:14:52-log: 设置的 IP 地址不存在，将使用默认 IP
2022-05-09 14:14:53-log: [Package] builder@1.3.1 enable
2022-05-09 14:14:53-log: [Package] node-library@1.0.0 enable
2022-05-09 14:14:53-log: [Package] shortcuts@1.0.1 enable
2022-05-09 14:14:54-log: [Package] package-asset@1.0.0 enable
2022-05-09 14:14:54-log: [Package] reference-image@1.0.0 enable
2022-05-09 14:14:54-log: [Package] animation-graph@1.0.0 enable
2022-05-09 14:14:54-log: [Package] channel-upload-tools@1.0.0 enable
2022-05-09 14:14:54-log: [Package] runtime-dev-tools@1.0.0 enable
2022-05-09 14:14:54-log: [Package] lightmap@1.0.4 enable
2022-05-09 14:14:54-log: [Package] alipay-mini-game@1.0.0 enable
2022-05-09 14:14:54-log: [Package] android@1.0.0 enable
2022-05-09 14:14:54-log: [Package] baidu-mini-game@1.0.0 enable
2022-05-09 14:14:54-log: [Package] bytedance-mini-game@1.0.1 enable
2022-05-09 14:14:54-log: [Package] huawei-agc@1.0.0 enable
2022-05-09 14:14:55-log: [Package] ios@1.0.0 enable
2022-05-09 14:14:55-log: [Package] ios-app-clip@1.0.0 enable
2022-05-09 14:14:55-log: [Package] mac@1.0.0 enable
2022-05-09 14:14:55-log: [Package] native@1.0.0 enable
2022-05-09 14:14:55-log: [Package] ohos@1.0.0 enable
2022-05-09 14:14:56-log: [Package] web-desktop@1.0.0 enable
2022-05-09 14:14:56-log: [Package] web-mobile@1.0.0 enable
2022-05-09 14:14:56-log: [Package] wechatgame@1.0.1 enable
2022-05-09 14:14:56-log: [Package] windows@1.0.0 enable
2022-05-09 14:14:56-log: [Package] xiaomi-quick-game@1.0.0 enable
2022-05-09 14:14:56-log: [Package] cocos-play@1.0.0 enable
2022-05-09 14:14:56-log: [Package] huawei-quick-game@1.0.0 enable
2022-05-09 14:14:56-log: [Package] link-sure@1.0.0 enable
2022-05-09 14:14:56-log: [Package] oppo-mini-game@1.0.0 enable
2022-05-09 14:14:56-log: [Package] qtt@1.0.0 enable
2022-05-09 14:14:56-log: [Package] vivo-mini-game@1.0.0 enable
2022-05-09 14:14:56-log: [Package] cocos-service@3.0.2 enable
2022-05-09 14:14:56-log: [Package] importer@1.0.0 enable
2022-05-09 14:14:57-log: [Package] extension@3.0.15 enable
2022-05-09 14:14:57-log: [Im-plugin] Check im-plugin version.
2022-05-09 14:14:57-log: [Package] im-plugin@3.0.8 enable
2022-05-09 14:14:58-log: 设置的 IP 地址不存在，将使用默认 IP
2022-05-09 14:14:58-log: [Im-plugin] No online info of im-plugin.
2022-05-09 14:15:06-warn: Browserslist: caniuse-lite is outdated. Please run:
npx browserslist@latest --update-db

Why you should do it regularly:
https://github.com/browserslist/browserslist#browsers-data-updating
2022-05-09 14:15:06-log: [Scene] Cocos Creator v3.4.2
2022-05-09 14:15:06-info: [Scene] Forward render pipeline initialized.
2022-05-22T09:19:27.058Z - log: [Package] menu@1.0.0 enable
2022-05-22T09:19:27.060Z - log: [Package] profile@1.0.0 enable
2022-05-22T09:19:27.074Z - log: [Package] project@1.0.2 enable
2022-05-22T09:19:27.081Z - log: [Package] messages@1.0.0 enable
2022-05-22T09:19:27.086Z - log: [Package] program@1.0.0 enable
2022-05-22T09:19:27.094Z - log: [Package] tester@1.0.0 enable
2022-05-22T09:19:27.101Z - log: [Package] preferences@1.0.0 enable
2022-05-22T09:19:27.908Z - log: Setup mods mgr.: 328.483ms
2022-05-22T09:19:27.920Z - verbose: [Engine] QuickCompile engine (751ms)
2022-05-22T09:19:27.924Z - log: [Package] engine@1.0.6 enable
2022-05-22T09:19:28.761Z - log: [Package] programming@1.0.0 enable
2022-05-22T09:19:29.070Z - log: [Package] device@1.0.1 enable
2022-05-22T09:19:29.100Z - log: [Package] ui-kit@1.0.1 enable
2022-05-22T09:19:29.122Z - log: [Package] engine-extends@1.0.0 enable
2022-05-22T09:19:29.194Z - log: [Package] asset-db@1.0.0 enable
2022-05-22T09:19:29.240Z - log: [Package] scene@1.0.0 enable
2022-05-22T09:19:29.490Z - log: [Package] server@1.0.0 enable
2022-05-22T09:19:29.524Z - log: [Package] utils@1.0.0 enable
2022-05-22T09:19:33.975Z - log: [Package] preview@1.0.1 enable
2022-05-22T09:19:34.015Z - log: [Package] animator@1.0.0 enable
2022-05-22T09:19:34.109Z - log: 设置的 IP 地址不存在，将使用默认 IP
2022-05-22T09:19:35.032Z - log: [Package] builder@1.3.2 enable
2022-05-22T09:19:35.066Z - log: [Package] shortcuts@1.0.1 enable
2022-05-22T09:19:35.099Z - log: [Package] animation-graph@1.0.0 enable
2022-05-22T09:19:35.121Z - log: [Package] runtime-dev-tools@1.0.0 enable
2022-05-22T09:19:35.145Z - log: [Package] channel-upload-tools@1.0.0 enable
2022-05-22T09:19:35.176Z - log: [Package] about@1.0.0 enable
2022-05-22T09:19:35.208Z - log: [Package] assets@1.0.0 enable
2022-05-22T09:19:35.243Z - log: [Package] console@1.0.0 enable
2022-05-22T09:19:35.587Z - log: [Package] extension@3.0.16 enable
2022-05-22T09:19:35.645Z - log: [Package] hierarchy@1.0.0 enable
2022-05-22T09:19:35.689Z - log: [Package] inspector@1.0.0 enable
2022-05-22T09:19:35.787Z - log: [Package] lightmap@1.0.4 enable
2022-05-22T09:19:35.846Z - log: [Package] node-library@1.0.1 enable
2022-05-22T09:19:35.875Z - log: [Package] package-asset@1.0.0 enable
2022-05-22T09:19:35.913Z - log: [Package] process@1.0.0 enable
2022-05-22T09:19:35.953Z - log: [Package] reference-image@1.0.0 enable
2022-05-22T09:19:35.984Z - log: [Package] alipay-mini-game@1.0.0 enable
2022-05-22T09:19:36.019Z - log: [Package] android@1.0.0 enable
2022-05-22T09:19:36.050Z - log: [Package] baidu-mini-game@1.0.0 enable
2022-05-22T09:19:36.074Z - log: [Package] bytedance-mini-game@1.0.1 enable
2022-05-22T09:19:36.101Z - log: [Package] cocos-play@1.0.0 enable
2022-05-22T09:19:36.133Z - log: [Package] huawei-agc@1.0.0 enable
2022-05-22T09:19:36.159Z - log: [Package] huawei-quick-game@1.0.0 enable
2022-05-22T09:19:37.377Z - log: [Package] ios@1.0.0 enable
2022-05-22T09:19:37.403Z - log: [Package] ios-app-clip@1.0.0 enable
2022-05-22T09:19:37.439Z - log: [Package] link-sure@1.0.0 enable
2022-05-22T09:19:37.482Z - log: [Package] linux@1.0.0 enable
2022-05-22T09:19:37.515Z - log: [Package] mac@1.0.0 enable
2022-05-22T09:19:37.641Z - log: [Package] native@1.0.0 enable
2022-05-22T09:19:37.646Z - verbose: [AssetDB] Require engine code (2771ms)
2022-05-22T09:19:37.722Z - log: [Package] ohos@1.0.0 enable
2022-05-22T09:19:37.768Z - log: [Package] open-harmonyos@1.0.0 enable
2022-05-22T09:19:37.798Z - log: [Package] oppo-mini-game@1.0.0 enable
2022-05-22T09:19:37.830Z - log: [Package] qtt@1.0.0 enable
2022-05-22T09:19:37.860Z - log: [Package] vivo-mini-game@1.0.0 enable
2022-05-22T09:19:37.906Z - log: [Package] web-desktop@1.0.0 enable
2022-05-22T09:19:37.944Z - log: [Package] web-mobile@1.0.0 enable
2022-05-22T09:19:37.984Z - log: [Package] wechatgame@1.0.1 enable
2022-05-22T09:19:38.009Z - log: [Package] windows@1.0.0 enable
2022-05-22T09:19:38.035Z - log: [Package] xiaomi-quick-game@1.0.0 enable
2022-05-22T09:19:38.391Z - log: [Package] cocos-service@3.0.3 enable
2022-05-22T09:19:38.573Z - log: [Package] importer@1.0.0 enable
2022-05-22T09:19:38.928Z - log: [Im-plugin] Check im-plugin version.
2022-05-22T09:19:38.941Z - log: [Package] im-plugin@3.0.8 enable
2022-05-22T09:19:39.740Z - log: [Im-plugin] No online info of im-plugin.
2022-05-22T09:19:40.537Z - log: 设置的 IP 地址不存在，将使用默认 IP
2022-05-22T09:19:51.271Z - verbose: [Scene] Require engine code (1ms)
2022-05-22T09:19:51.274Z - verbose: [Scene] Startup engine (0ms)
2022-05-22T09:19:51.318Z - log: [Scene] Cocos Creator v3.5.0
2022-05-22T09:19:51.634Z - verbose: [Scene] Open engine (361ms)
2022-05-22T09:19:51.634Z - verbose: [Scene] Configure engine (0ms)
2022-05-22T09:19:51.390Z - info: [Scene] Forward render pipeline initialized.
2022-05-22T09:20:10.648Z - warn: Metrics: no valid info
